[17aefda2730e0a] {jit-backend-counts
[17aefda27361f2] jit-backend-counts}
[17aefda2d19ccc] {jit-log-opt-loop
# Loop 0 (3 label 2) : loop with 106 ops
[i0, i1, i2, p3, p4, p5]
+134: p6 = getfield_gc(p4, descr=<FieldP pyrlang.interpreter.register.X_Register.inst_regs 16>)
+145: p8 = getarrayitem_gc(p6, 0, descr=<ArrayP 8>)
+149: p10 = getarrayitem_gc(p6, 1, descr=<ArrayP 8>)
+153: p12 = getarrayitem_gc(p6, 2, descr=<ArrayP 8>)
+157: p14 = getarrayitem_gc(p6, 3, descr=<ArrayP 8>)
+161: p16 = getarrayitem_gc(p6, 4, descr=<ArrayP 8>)
+165: p18 = getarrayitem_gc(p6, 5, descr=<ArrayP 8>)
+169: p20 = getarrayitem_gc(p6, 6, descr=<ArrayP 8>)
+173: p22 = getarrayitem_gc(p6, 7, descr=<ArrayP 8>)
+177: p24 = getarrayitem_gc(p6, 8, descr=<ArrayP 8>)
+181: p26 = getarrayitem_gc(p6, 9, descr=<ArrayP 8>)
+185: p28 = getarrayitem_gc(p6, 10, descr=<ArrayP 8>)
+189: p30 = getarrayitem_gc(p6, 11, descr=<ArrayP 8>)
+193: p32 = getarrayitem_gc(p6, 12, descr=<ArrayP 8>)
+204: p34 = getarrayitem_gc(p6, 13, descr=<ArrayP 8>)
+215: p36 = getarrayitem_gc(p6, 14, descr=<ArrayP 8>)
+229: p38 = getarrayitem_gc(p6, 15, descr=<ArrayP 8>)
+243: label(i0, i1, i2, p3, p4, p5, p8, p10, p12, p14, p16, p18, p20, p22, p24, p26, p28, p30, p32, p34, p36, p38, descr=TargetToken(4302397472))
debug_merge_point(0, 0, '3 label 2')
+333: p39 = getfield_gc(p3, descr=<FieldP pyrlang.interpreter.interp.Process.inst_y_reg 80>)
debug_merge_point(0, 0, '4 is_integer L4. x(0)')
+344: p40 = getfield_gc(p3, descr=<FieldP pyrlang.interpreter.interp.Process.inst_x_reg 72>)
+348: i41 = ptr_eq(p40, p4)
guard_true(i41, descr=<Guard0x100714180>) [i2, i1, i0, p4, p3, p40, p8, p10, p12, p14, p16, p18, p20, p22, p24, p26, p28, p30, p32, p34, p36, p38]
+361: guard_nonnull_class(p8, ConstClass(W_IntObject), descr=<Guard0x100714860>) [i2, i1, i0, p4, p3, p8, p10, p12, p14, p16, p18, p20, p22, p24, p26, p28, p30, p32, p34, p36, p38]
debug_merge_point(0, 0, '5 select_val x(0). L4. [(#1. L3). (#0. L3)]')
+379: i43 = getfield_gc_pure(p8, descr=<FieldS pyrlang.interpreter.datatypes.number.W_IntObject.inst_intval 8>)
+383: i45 = int_eq(i43, 0)
guard_false(i45, descr=<Guard0x100714808>) [i2, i1, i0, p4, p3, p8, p10, p12, p14, p16, p18, p20, p22, p24, p26, p28, p30, p32, p34, p36, p38]
+393: i47 = int_eq(i43, 1)
guard_false(i47, descr=<Guard0x1007147b0>) [i2, i1, i0, p4, p3, p8, p10, p12, p14, p16, p18, p20, p22, p24, p26, p28, p30, p32, p34, p36, p38]
debug_merge_point(0, 0, '9 label 4')
debug_merge_point(0, 0, '10 allocate_zero 1. 1')
+403: i48 = getfield_gc(p39, descr=<FieldS pyrlang.interpreter.register.Y_Register.inst_val_top 40>)
+407: i50 = int_add(i48, 1)
+411: i51 = getfield_gc(p39, descr=<FieldS pyrlang.interpreter.register.Y_Register.inst_val_size 32>)
+415: setfield_gc(p39, i50, descr=<FieldS pyrlang.interpreter.register.Y_Register.inst_val_top 40>)
+419: i52 = int_ge(i50, i51)
guard_false(i52, descr=<Guard0x100714758>) [i2, i1, i0, p4, p3, i50, i51, p39, p8, p10, p12, p14, p16, p18, p20, p22, p24, p26, p28, p30, p32, p34, p36, p38]
+428: p53 = getfield_gc(p39, descr=<FieldP pyrlang.interpreter.register.Y_Register.inst_vals 48>)
+432: i55 = int_lt(i50, 0)
guard_false(i55, descr=<Guard0x100714700>) [i2, i1, i0, p4, p3, i50, p53, p39, p8, p10, p12, p14, p16, p18, p20, p22, p24, p26, p28, p30, p32, p34, p36, p38]
+442: setarrayitem_gc(p53, i50, ConstPtr(ptr56), descr=<ArrayP 8>)
debug_merge_point(0, 0, '11 line 2')
debug_merge_point(0, 0, '12 gc_bif2 L0. 1. 0. x(0). #0. x(1)')
+457: i58 = int_sub_ovf(i43, 1)
guard_no_overflow(descr=<Guard0x1007146a8>) [i2, i1, i0, p4, p3, i58, p8, p10, p12, p14, p16, p18, p20, p22, p24, p26, p28, p30, p32, p34, p36, p38]
debug_merge_point(0, 0, '13 move x(0). y(0)')
+508: setarrayitem_gc(p53, i50, p8, descr=<ArrayP 8>)
debug_merge_point(0, 0, '14 move x(1). x(0)')
debug_merge_point(0, 0, '15 line 2')
debug_merge_point(0, 0, '16 call 1. L2')
+513: i60 = int_eq(17, i0)
+529: i61 = getfield_gc(p39, descr=<FieldS pyrlang.interpreter.register.Y_Register.inst_addr_top 16>)
+533: i63 = int_add(i61, 1)
+537: i64 = getfield_gc(p39, descr=<FieldS pyrlang.interpreter.register.Y_Register.inst_addr_size 8>)
+541: setfield_gc(p39, i63, descr=<FieldS pyrlang.interpreter.register.Y_Register.inst_addr_top 16>)
+545: i65 = int_ge(i63, i64)
guard_false(i65, descr=<Guard0x100714650>) [i60, i0, i2, i1, p4, p3, i64, p39, p12, p14, p16, p18, p20, p22, p24, p26, p28, p30, p32, p34, p36, p38, i58]
+554: p66 = getfield_gc(p39, descr=<FieldP pyrlang.interpreter.register.Y_Register.inst_addrs 24>)
+558: i68 = int_lt(i63, 0)
guard_false(i68, descr=<Guard0x1007145f8>) [i60, i0, i2, i1, p4, p3, i63, p66, p12, p14, p16, p18, p20, p22, p24, p26, p28, p30, p32, p34, p36, p38, i58]
+611: setarrayitem_gc(p66, i63, ConstPtr(ptr69), descr=<ArrayP 8>)
+626: i71 = int_sub(i1, 1)
+637: guard_true(i2, descr=<Guard0x1007145a0>) [i60, i0, i71, p4, p3, p12, p14, p16, p18, p20, p22, p24, p26, p28, p30, p32, p34, p36, p38, i58]
+653: guard_true(i60, descr=<Guard0x100714548>) [i0, i71, p4, p3, p12, p14, p16, p18, p20, p22, p24, p26, p28, p30, p32, p34, p36, p38, i58]
debug_merge_point(0, 0, '3 label 2')
+662: p72 = same_as(p39)
+665: label(i71, p3, p4, p39, i58, p12, p14, p16, p18, p20, p22, p24, p26, p28, p30, p32, p34, p36, p38, i50, p72, i51, p53, i63, i64, p66, descr=TargetToken(4302397544))
debug_merge_point(0, 0, '3 label 2')
debug_merge_point(0, 0, '4 is_integer L4. x(0)')
debug_merge_point(0, 0, '5 select_val x(0). L4. [(#1. L3). (#0. L3)]')
+685: i73 = int_eq(i58, 0)
guard_false(i73, descr=<Guard0x1007144f0>) [i71, p4, p3, p12, p14, p16, p18, p20, p22, p24, p26, p28, p30, p32, p34, p36, p38, i58]
+695: i74 = int_eq(i58, 1)
guard_false(i74, descr=<Guard0x100714498>) [i71, p4, p3, p12, p14, p16, p18, p20, p22, p24, p26, p28, p30, p32, p34, p36, p38, i58]
debug_merge_point(0, 0, '9 label 4')
debug_merge_point(0, 0, '10 allocate_zero 1. 1')
+705: i75 = int_add(i50, 1)
+709: setfield_gc(p72, i75, descr=<FieldS pyrlang.interpreter.register.Y_Register.inst_val_top 40>)
+713: i76 = int_ge(i75, i51)
guard_false(i76, descr=<Guard0x100714440>) [i71, p4, p3, i75, i51, p72, p12, p14, p16, p18, p20, p22, p24, p26, p28, p30, p32, p34, p36, p38, i58]
+722: i77 = int_lt(i75, 0)
guard_false(i77, descr=<Guard0x1007143e8>) [i71, p4, p3, i75, p53, p72, p12, p14, p16, p18, p20, p22, p24, p26, p28, p30, p32, p34, p36, p38, i58]
+732: setarrayitem_gc(p53, i75, ConstPtr(ptr56), descr=<ArrayP 8>)
debug_merge_point(0, 0, '11 line 2')
debug_merge_point(0, 0, '12 gc_bif2 L0. 1. 0. x(0). #0. x(1)')
+747: i78 = int_sub_ovf(i58, 1)
guard_no_overflow(descr=<Guard0x100714390>) [i71, p4, p3, i78, p12, p14, p16, p18, p20, p22, p24, p26, p28, p30, p32, p34, p36, p38, i58]
debug_merge_point(0, 0, '13 move x(0). y(0)')
p80 = new_with_vtable(ConstClass(W_IntObject))
+846: setfield_gc(p80, i58, descr=<FieldS pyrlang.interpreter.datatypes.number.W_IntObject.inst_intval 8>)
+891: setarrayitem_gc(p53, i75, p80, descr=<ArrayP 8>)
debug_merge_point(0, 0, '14 move x(1). x(0)')
debug_merge_point(0, 0, '15 line 2')
debug_merge_point(0, 0, '16 call 1. L2')
+896: i81 = int_add(i63, 1)
+900: setfield_gc(p72, i81, descr=<FieldS pyrlang.interpreter.register.Y_Register.inst_addr_top 16>)
+904: i82 = int_ge(i81, i64)
guard_false(i82, descr=<Guard0x100714338>) [i71, p4, p3, i64, p72, p12, p14, p16, p18, p20, p22, p24, p26, p28, p30, p32, p34, p36, p38, i78]
+913: i83 = int_lt(i81, 0)
guard_false(i83, descr=<Guard0x1007142e0>) [i71, p4, p3, i81, p66, p12, p14, p16, p18, p20, p22, p24, p26, p28, p30, p32, p34, p36, p38, i78]
+966: setarrayitem_gc(p66, i81, ConstPtr(ptr84), descr=<ArrayP 8>)
+981: i85 = int_sub(i71, 1)
debug_merge_point(0, 0, '3 label 2')
+985: jump(i85, p3, p4, p72, i78, p12, p14, p16, p18, p20, p22, p24, p26, p28, p30, p32, p34, p36, p38, i75, p72, i51, p53, i81, i64, p66, descr=TargetToken(4302397544))
+1024: --end of the loop--
[17aefda2dbf1e2] jit-log-opt-loop}
[17aefda3536da0] {jit-log-opt-bridge
# bridge out of Guard 0x100714498 with 103 ops
[i0, p1, p2, p3, p4, p5, p6, p7, p8, p9, p10, p11, p12, p13, p14, p15, p16, i17]
+59: p18 = getfield_gc(p2, descr=<FieldP pyrlang.interpreter.interp.Process.inst_y_reg 80>)
debug_merge_point(0, 0, '6 label 3')
debug_merge_point(0, 0, '7 move #0. x(0)')
+70: p19 = getfield_gc(p2, descr=<FieldP pyrlang.interpreter.interp.Process.inst_x_reg 72>)
+74: i20 = ptr_eq(p19, p1)
guard_true(i20, descr=<Guard0x100714a70>) [i0, p1, p2, p19, p3, p4, p5, p6, p7, p8, p9, p10, p11, p12, p13, p14, p15, p16, i17]
debug_merge_point(0, 0, '8 return ')
+87: i21 = getfield_gc(p18, descr=<FieldS pyrlang.interpreter.register.Y_Register.inst_addr_top 16>)
+91: i23 = int_eq(i21, -1)
guard_false(i23, descr=<Guard0x100715410>) [i0, p18, p1, p2, p3, p4, p5, p6, p7, p8, p9, p10, p11, p12, p13, p14, p15, p16, i17]
+101: p24 = getfield_gc(p18, descr=<FieldP pyrlang.interpreter.register.Y_Register.inst_addrs 24>)
+105: i26 = int_lt(i21, 0)
guard_false(i26, descr=<Guard0x1007153b8>) [i21, i0, p18, p24, p1, p2, p3, p4, p5, p6, p7, p8, p9, p10, p11, p12, p13, p14, p15, p16, i17]
+115: p27 = getarrayitem_gc(p24, i21, descr=<ArrayP 8>)
+120: i29 = int_sub(i21, 1)
+124: p30 = getfield_gc_pure(p27, descr=<FieldP tuple2.item0 8>)
+128: i31 = getfield_gc_pure(p27, descr=<FieldS tuple2.item1 16>)
+132: setfield_gc(p18, i29, descr=<FieldS pyrlang.interpreter.register.Y_Register.inst_addr_top 16>)
+136: guard_value(i31, 17, descr=<Guard0x100715360>) [i0, i31, p18, p1, p2, p30, p3, p4, p5, p6, p7, p8, p9, p10, p11, p12, p13, p14, p15, p16, i17]
+146: guard_value(p30, ConstPtr(ptr33), descr=<Guard0x100715308>) [i0, p18, p1, p2, p30, p3, p4, p5, p6, p7, p8, p9, p10, p11, p12, p13, p14, p15, p16, i17]
debug_merge_point(0, 0, '17 line 2')
debug_merge_point(0, 0, '18 gc_bif2 L0. 1. 0. y(0). #2. x(1)')
+165: i34 = getfield_gc(p18, descr=<FieldS pyrlang.interpreter.register.Y_Register.inst_val_top 40>)
+169: p35 = getfield_gc(p18, descr=<FieldP pyrlang.interpreter.register.Y_Register.inst_vals 48>)
+173: p36 = getarrayitem_gc(p35, i34, descr=<ArrayP 8>)
+178: guard_class(p36, ConstClass(W_IntObject), descr=<Guard0x1007152b0>) [i0, p1, p2, p36, p3, p4, p5, p6, p7, p8, p9, p10, p11, p12, p13, p14, p15, p16, i17]
+191: i38 = getfield_gc_pure(p36, descr=<FieldS pyrlang.interpreter.datatypes.number.W_IntObject.inst_intval 8>)
+195: i40 = int_sub_ovf(i38, 2)
guard_no_overflow(descr=<Guard0x100715258>) [i0, p1, p2, i40, p36, p3, p4, p5, p6, p7, p8, p9, p10, p11, p12, p13, p14, p15, p16, i17]
debug_merge_point(0, 0, '19 move x(0). y(0)')
+205: i42 = int_lt(i34, 0)
guard_false(i42, descr=<Guard0x100715200>) [i0, p1, p2, i34, p35, p3, p4, p5, p6, p7, p8, p9, p10, p11, p12, p13, p14, p15, p16, i40, None]
+215: setarrayitem_gc(p35, i34, ConstPtr(ptr44), descr=<ArrayP 8>)
debug_merge_point(0, 0, '20 move x(1). x(0)')
debug_merge_point(0, 0, '21 line 2')
debug_merge_point(0, 0, '22 call 1. L2')
+230: i45 = getfield_gc(p18, descr=<FieldS pyrlang.interpreter.register.Y_Register.inst_addr_size 8>)
+234: setfield_gc(p18, i21, descr=<FieldS pyrlang.interpreter.register.Y_Register.inst_addr_top 16>)
+238: i46 = int_ge(i21, i45)
guard_false(i46, descr=<Guard0x1007151a8>) [i0, p1, p2, i45, p18, p3, p4, p5, p6, p7, p8, p9, p10, p11, p12, p13, p14, p15, p16, i40, None]
+290: setarrayitem_gc(p24, i21, ConstPtr(ptr47), descr=<ArrayP 8>)
+305: i49 = int_sub(i0, 1)
debug_merge_point(0, 0, '3 label 2')
+309: p50 = same_as(p18)
+312: label(i49, p2, p1, p18, i40, p3, p4, p5, p6, p7, p8, p9, p10, p11, p12, p13, p14, p15, p16, p24, i21, p50, i29, p35, i34, i45, descr=TargetToken(4302398120))
debug_merge_point(0, 0, '4 is_integer L4. x(0)')
debug_merge_point(0, 0, '5 select_val x(0). L4. [(#1. L3). (#0. L3)]')
+333: i52 = int_eq(i40, 0)
guard_true(i52, descr=<Guard0x100715150>) [i49, p1, p2, p3, p4, p5, p6, p7, p8, p9, p10, p11, p12, p13, p14, p15, p16, i40]
debug_merge_point(0, 0, '6 label 3')
debug_merge_point(0, 0, '7 move #0. x(0)')
debug_merge_point(0, 0, '8 return ')
+343: p53 = getarrayitem_gc(p24, i21, descr=<ArrayP 8>)
+348: p54 = getfield_gc_pure(p53, descr=<FieldP tuple2.item0 8>)
+352: i55 = getfield_gc_pure(p53, descr=<FieldS tuple2.item1 16>)
+356: setfield_gc(p50, i29, descr=<FieldS pyrlang.interpreter.register.Y_Register.inst_addr_top 16>)
+360: guard_value(i55, 23, descr=<Guard0x1007150f8>) [i49, i55, p50, p1, p2, p54, p3, p4, p5, p6, p7, p8, p9, p10, p11, p12, p13, p14, p15, p16, None]
+370: guard_value(p54, ConstPtr(ptr57), descr=<Guard0x1007150a0>) [i49, p50, p1, p2, p54, p3, p4, p5, p6, p7, p8, p9, p10, p11, p12, p13, p14, p15, p16, None]
debug_merge_point(0, 0, '23 line 2')
debug_merge_point(0, 0, '24 gc_bif2 L0. 1. 1. y(0). x(0). x(0)')
+389: p58 = getarrayitem_gc(p35, i34, descr=<ArrayP 8>)
+394: guard_class(p58, ConstClass(W_IntObject), descr=<Guard0x100715048>) [i49, p1, p2, p58, p3, p4, p5, p6, p7, p8, p9, p10, p11, p12, p13, p14, p15, p16, None]
+408: i60 = getfield_gc_pure(p58, descr=<FieldS pyrlang.interpreter.datatypes.number.W_IntObject.inst_intval 8>)
+412: i62 = int_add_ovf(i60, 1)
guard_no_overflow(descr=<Guard0x100714ff0>) [i49, p1, p2, i62, p58, p3, p4, p5, p6, p7, p8, p9, p10, p11, p12, p13, p14, p15, p16, None]
debug_merge_point(0, 0, '25 deallocate 1')
+422: i64 = int_sub(i34, 1)
debug_merge_point(0, 0, '26 return ')
+426: setfield_gc(p50, i64, descr=<FieldS pyrlang.interpreter.register.Y_Register.inst_val_top 40>)
+430: i66 = int_eq(i29, -1)
guard_false(i66, descr=<Guard0x100714f98>) [i49, p50, p1, p2, p3, p4, p5, p6, p7, p8, p9, p10, p11, p12, p13, p14, p15, p16, i62, None]
+440: i68 = int_lt(i29, 0)
guard_false(i68, descr=<Guard0x100714f40>) [i29, i49, p50, p24, p1, p2, p3, p4, p5, p6, p7, p8, p9, p10, p11, p12, p13, p14, p15, p16, i62, None]
+450: p69 = getarrayitem_gc(p24, i29, descr=<ArrayP 8>)
+455: i71 = int_sub(i29, 1)
+459: p72 = getfield_gc_pure(p69, descr=<FieldP tuple2.item0 8>)
+463: i73 = getfield_gc_pure(p69, descr=<FieldS tuple2.item1 16>)
+467: setfield_gc(p50, i71, descr=<FieldS pyrlang.interpreter.register.Y_Register.inst_addr_top 16>)
+471: guard_value(i73, 17, descr=<Guard0x100714ee8>) [i49, i73, p50, p1, p2, p72, p3, p4, p5, p6, p7, p8, p9, p10, p11, p12, p13, p14, p15, p16, i62, None]
+481: guard_value(p72, ConstPtr(ptr75), descr=<Guard0x100714e90>) [i49, p50, p1, p2, p72, p3, p4, p5, p6, p7, p8, p9, p10, p11, p12, p13, p14, p15, p16, i62, None]
debug_merge_point(0, 0, '17 line 2')
debug_merge_point(0, 0, '18 gc_bif2 L0. 1. 0. y(0). #2. x(1)')
+500: p76 = getarrayitem_gc(p35, i64, descr=<ArrayP 8>)
+505: guard_class(p76, ConstClass(W_IntObject), descr=<Guard0x100714e38>) [i49, p1, p2, p76, p3, p4, p5, p6, p7, p8, p9, p10, p11, p12, p13, p14, p15, p16, i62, None]
+518: i78 = getfield_gc_pure(p76, descr=<FieldS pyrlang.interpreter.datatypes.number.W_IntObject.inst_intval 8>)
+522: i80 = int_sub_ovf(i78, 2)
guard_no_overflow(descr=<Guard0x100714de0>) [i49, p1, p2, i80, p76, p3, p4, p5, p6, p7, p8, p9, p10, p11, p12, p13, p14, p15, p16, i62, None]
debug_merge_point(0, 0, '19 move x(0). y(0)')
+532: i82 = int_lt(i64, 0)
guard_false(i82, descr=<Guard0x100714d88>) [i49, p1, p2, i64, p35, p3, p4, p5, p6, p7, p8, p9, p10, p11, p12, p13, p14, p15, p16, i80, i62, None]
p84 = new_with_vtable(ConstClass(W_IntObject))
+635: setfield_gc(p84, i62, descr=<FieldS pyrlang.interpreter.datatypes.number.W_IntObject.inst_intval 8>)
+678: setarrayitem_gc(p35, i64, p84, descr=<ArrayP 8>)
debug_merge_point(0, 0, '20 move x(1). x(0)')
debug_merge_point(0, 0, '21 line 2')
debug_merge_point(0, 0, '22 call 1. L2')
+683: setfield_gc(p50, i29, descr=<FieldS pyrlang.interpreter.register.Y_Register.inst_addr_top 16>)
+687: i85 = int_ge(i29, i45)
guard_false(i85, descr=<Guard0x100714d30>) [i49, p1, p2, i45, p50, p3, p4, p5, p6, p7, p8, p9, p10, p11, p12, p13, p14, p15, p16, i80]
+743: setarrayitem_gc(p24, i29, ConstPtr(ptr86), descr=<ArrayP 8>)
+758: i88 = int_sub(i49, 1)
debug_merge_point(0, 0, '3 label 2')
+762: jump(i88, p2, p1, p50, i80, p3, p4, p5, p6, p7, p8, p9, p10, p11, p12, p13, p14, p15, p16, p24, i29, p50, i71, p35, i64, i45, descr=TargetToken(4302398120))
+800: --end of the loop--
[17aefda35c5571] jit-log-opt-bridge}
[17aefda3925668] {jit-log-opt-bridge
# bridge out of Guard 0x1007147b0 with 47 ops
[i0, i1, i2, p3, p4, p5, p6, p7, p8, p9, p10, p11, p12, p13, p14, p15, p16, p17, p18, p19, p20]
+59: p21 = getfield_gc(p4, descr=<FieldP pyrlang.interpreter.interp.Process.inst_y_reg 80>)
debug_merge_point(0, 0, '6 label 3')
debug_merge_point(0, 0, '7 move #0. x(0)')
+63: p22 = getfield_gc(p4, descr=<FieldP pyrlang.interpreter.interp.Process.inst_x_reg 72>)
+67: i23 = ptr_eq(p22, p3)
guard_true(i23, descr=<Guard0x1007154c0>) [i0, i1, i2, p3, p4, p22, p5, p6, p7, p8, p9, p10, p11, p12, p13, p14, p15, p16, p17, p18, p19, p20]
debug_merge_point(0, 0, '8 return ')
+80: i24 = getfield_gc(p21, descr=<FieldS pyrlang.interpreter.register.Y_Register.inst_addr_top 16>)
+84: i26 = int_eq(i24, -1)
guard_false(i26, descr=<Guard0x100715938>) [i2, i0, i1, p21, p3, p4, p6, p7, p8, p9, p10, p11, p12, p13, p14, p15, p16, p17, p18, p19, p20]
+94: p27 = getfield_gc(p21, descr=<FieldP pyrlang.interpreter.register.Y_Register.inst_addrs 24>)
+98: i29 = int_lt(i24, 0)
guard_false(i29, descr=<Guard0x1007158e0>) [i24, i2, i0, i1, p21, p27, p3, p4, p6, p7, p8, p9, p10, p11, p12, p13, p14, p15, p16, p17, p18, p19, p20]
+108: p30 = getarrayitem_gc(p27, i24, descr=<ArrayP 8>)
+113: i32 = int_sub(i24, 1)
+117: p33 = getfield_gc_pure(p30, descr=<FieldP tuple2.item0 8>)
+121: i34 = getfield_gc_pure(p30, descr=<FieldS tuple2.item1 16>)
+125: setfield_gc(p21, i32, descr=<FieldS pyrlang.interpreter.register.Y_Register.inst_addr_top 16>)
+129: i36 = int_eq(9, i2)
guard_false(i36, descr=<Guard0x100715888>) [i2, i0, i1, i34, p3, p4, p33, p6, p7, p8, p9, p10, p11, p12, p13, p14, p15, p16, p17, p18, p19, p20]
+143: guard_value(i34, 17, descr=<Guard0x100715830>) [i0, i1, i34, p21, p3, p4, p33, p6, p7, p8, p9, p10, p11, p12, p13, p14, p15, p16, p17, p18, p19, p20]
+153: guard_value(p33, ConstPtr(ptr38), descr=<Guard0x1007157d8>) [i0, i1, p21, p3, p4, p33, p6, p7, p8, p9, p10, p11, p12, p13, p14, p15, p16, p17, p18, p19, p20]
debug_merge_point(0, 0, '17 line 2')
debug_merge_point(0, 0, '18 gc_bif2 L0. 1. 0. y(0). #2. x(1)')
+172: i39 = getfield_gc(p21, descr=<FieldS pyrlang.interpreter.register.Y_Register.inst_val_top 40>)
+176: p40 = getfield_gc(p21, descr=<FieldP pyrlang.interpreter.register.Y_Register.inst_vals 48>)
+180: p41 = getarrayitem_gc(p40, i39, descr=<ArrayP 8>)
+185: guard_class(p41, ConstClass(W_IntObject), descr=<Guard0x100715780>) [i0, i1, p3, p4, p41, p6, p7, p8, p9, p10, p11, p12, p13, p14, p15, p16, p17, p18, p19, p20]
+199: i43 = getfield_gc_pure(p41, descr=<FieldS pyrlang.interpreter.datatypes.number.W_IntObject.inst_intval 8>)
+203: i45 = int_sub_ovf(i43, 2)
guard_no_overflow(descr=<Guard0x100715728>) [i0, i1, p3, p4, i45, p41, p6, p7, p8, p9, p10, p11, p12, p13, p14, p15, p16, p17, p18, p19, p20]
debug_merge_point(0, 0, '19 move x(0). y(0)')
+213: i47 = int_lt(i39, 0)
guard_false(i47, descr=<Guard0x1007156d0>) [i0, i1, p3, p4, i39, p40, p7, p8, p9, p10, p11, p12, p13, p14, p15, p16, p17, p18, p19, p20, i45]
+223: setarrayitem_gc(p40, i39, ConstPtr(ptr48), descr=<ArrayP 8>)
debug_merge_point(0, 0, '20 move x(1). x(0)')
debug_merge_point(0, 0, '21 line 2')
debug_merge_point(0, 0, '22 call 1. L2')
+238: i49 = getfield_gc(p21, descr=<FieldS pyrlang.interpreter.register.Y_Register.inst_addr_size 8>)
+242: setfield_gc(p21, i24, descr=<FieldS pyrlang.interpreter.register.Y_Register.inst_addr_top 16>)
+246: i50 = int_ge(i24, i49)
guard_false(i50, descr=<Guard0x100715678>) [i0, i1, p3, p4, i49, p21, p7, p8, p9, p10, p11, p12, p13, p14, p15, p16, p17, p18, p19, p20, i45]
+296: setarrayitem_gc(p27, i24, ConstPtr(ptr51), descr=<ArrayP 8>)
+311: i53 = int_sub(i1, 1)
+322: guard_true(i0, descr=<Guard0x100715620>) [i53, p3, p4, p7, p8, p9, p10, p11, p12, p13, p14, p15, p16, p17, p18, p19, p20, i45]
debug_merge_point(0, 0, '3 label 2')
+338: jump(i53, p4, p3, p21, i45, p7, p8, p9, p10, p11, p12, p13, p14, p15, p16, p17, p18, p19, p20, p27, i24, p21, i32, p40, i39, i49, descr=TargetToken(4302398120))
+400: --end of the loop--
[17aefda3973c58] jit-log-opt-bridge}
[17aefda3c6fabc] {jit-log-opt-bridge
# bridge out of Guard 0x100715150 with 70 ops
[i0, p1, p2, p3, p4, p5, p6, p7, p8, p9, p10, p11, p12, p13, p14, p15, p16, i17]
+59: i19 = int_eq(i17, 1)
guard_true(i19, descr=<Guard0x100715a98>) [i0, p1, p2, p3, p4, p5, p6, p7, p8, p9, p10, p11, p12, p13, p14, p15, p16, i17]
+69: p20 = getfield_gc(p2, descr=<FieldP pyrlang.interpreter.interp.Process.inst_y_reg 80>)
debug_merge_point(0, 0, '6 label 3')
debug_merge_point(0, 0, '7 move #0. x(0)')
+80: p21 = getfield_gc(p2, descr=<FieldP pyrlang.interpreter.interp.Process.inst_x_reg 72>)
+84: i22 = ptr_eq(p21, p1)
guard_true(i22, descr=<Guard0x100760180>) [i0, p1, p2, p21, p3, p4, p5, p6, p7, p8, p9, p10, p11, p12, p13, p14, p15, p16, None]
debug_merge_point(0, 0, '8 return ')
+97: i24 = getfield_gc(p20, descr=<FieldS pyrlang.interpreter.register.Y_Register.inst_addr_top 16>)
+101: i26 = int_eq(i24, -1)
guard_false(i26, descr=<Guard0x100760128>) [i0, p20, p1, p2, p3, p4, p5, p6, p7, p8, p9, p10, p11, p12, p13, p14, p15, p16, None]
+111: p27 = getfield_gc(p20, descr=<FieldP pyrlang.interpreter.register.Y_Register.inst_addrs 24>)
+115: i29 = int_lt(i24, 0)
guard_false(i29, descr=<Guard0x1007600d0>) [i24, i0, p20, p27, p1, p2, p3, p4, p5, p6, p7, p8, p9, p10, p11, p12, p13, p14, p15, p16, None]
+125: p30 = getarrayitem_gc(p27, i24, descr=<ArrayP 8>)
+130: i32 = int_sub(i24, 1)
+134: p33 = getfield_gc_pure(p30, descr=<FieldP tuple2.item0 8>)
+139: i34 = getfield_gc_pure(p30, descr=<FieldS tuple2.item1 16>)
+144: setfield_gc(p20, i32, descr=<FieldS pyrlang.interpreter.register.Y_Register.inst_addr_top 16>)
+148: guard_value(i34, 23, descr=<Guard0x100760078>) [i0, i34, p20, p1, p2, p33, p3, p4, p5, p6, p7, p8, p9, p10, p11, p12, p13, p14, p15, p16, None]
+158: guard_value(p33, ConstPtr(ptr36), descr=<Guard0x100760020>) [i0, p20, p1, p2, p33, p3, p4, p5, p6, p7, p8, p9, p10, p11, p12, p13, p14, p15, p16, None]
debug_merge_point(0, 0, '23 line 2')
debug_merge_point(0, 0, '24 gc_bif2 L0. 1. 1. y(0). x(0). x(0)')
+177: i37 = getfield_gc(p20, descr=<FieldS pyrlang.interpreter.register.Y_Register.inst_val_top 40>)
+181: p38 = getfield_gc(p20, descr=<FieldP pyrlang.interpreter.register.Y_Register.inst_vals 48>)
+185: p39 = getarrayitem_gc(p38, i37, descr=<ArrayP 8>)
+190: guard_class(p39, ConstClass(W_IntObject), descr=<Guard0x100715f68>) [i0, p1, p2, p39, p3, p4, p5, p6, p7, p8, p9, p10, p11, p12, p13, p14, p15, p16, None]
+204: i41 = getfield_gc_pure(p39, descr=<FieldS pyrlang.interpreter.datatypes.number.W_IntObject.inst_intval 8>)
+209: i43 = int_add_ovf(i41, 1)
guard_no_overflow(descr=<Guard0x100715f10>) [i0, p1, p2, i43, p39, p3, p4, p5, p6, p7, p8, p9, p10, p11, p12, p13, p14, p15, p16, None]
debug_merge_point(0, 0, '25 deallocate 1')
+219: i45 = int_sub(i37, 1)
debug_merge_point(0, 0, '26 return ')
+223: setfield_gc(p20, i45, descr=<FieldS pyrlang.interpreter.register.Y_Register.inst_val_top 40>)
+227: i47 = int_eq(i32, -1)
guard_false(i47, descr=<Guard0x100715eb8>) [i0, p20, p1, p2, p3, p4, p5, p6, p7, p8, p9, p10, p11, p12, p13, p14, p15, p16, i43, None]
+237: i49 = int_lt(i32, 0)
guard_false(i49, descr=<Guard0x100715e60>) [i32, i0, p20, p27, p1, p2, p3, p4, p5, p6, p7, p8, p9, p10, p11, p12, p13, p14, p15, p16, i43, None]
+247: p50 = getarrayitem_gc(p27, i32, descr=<ArrayP 8>)
+252: i52 = int_sub(i32, 1)
+256: p53 = getfield_gc_pure(p50, descr=<FieldP tuple2.item0 8>)
+260: i54 = getfield_gc_pure(p50, descr=<FieldS tuple2.item1 16>)
+264: setfield_gc(p20, i52, descr=<FieldS pyrlang.interpreter.register.Y_Register.inst_addr_top 16>)
+268: guard_value(i54, 17, descr=<Guard0x100715e08>) [i0, i54, p20, p1, p2, p53, p3, p4, p5, p6, p7, p8, p9, p10, p11, p12, p13, p14, p15, p16, i43, None]
+278: guard_value(p53, ConstPtr(ptr56), descr=<Guard0x100715db0>) [i0, p20, p1, p2, p53, p3, p4, p5, p6, p7, p8, p9, p10, p11, p12, p13, p14, p15, p16, i43, None]
debug_merge_point(0, 0, '17 line 2')
debug_merge_point(0, 0, '18 gc_bif2 L0. 1. 0. y(0). #2. x(1)')
+297: p57 = getarrayitem_gc(p38, i45, descr=<ArrayP 8>)
+302: guard_class(p57, ConstClass(W_IntObject), descr=<Guard0x100715d58>) [i0, p1, p2, p57, p3, p4, p5, p6, p7, p8, p9, p10, p11, p12, p13, p14, p15, p16, i43, None]
+314: i59 = getfield_gc_pure(p57, descr=<FieldS pyrlang.interpreter.datatypes.number.W_IntObject.inst_intval 8>)
+318: i61 = int_sub_ovf(i59, 2)
guard_no_overflow(descr=<Guard0x100715d00>) [i0, p1, p2, i61, p57, p3, p4, p5, p6, p7, p8, p9, p10, p11, p12, p13, p14, p15, p16, i43, None]
debug_merge_point(0, 0, '19 move x(0). y(0)')
+328: i63 = int_lt(i45, 0)
guard_false(i63, descr=<Guard0x100715ca8>) [i0, p1, p2, i45, p38, p3, p4, p5, p6, p7, p8, p9, p10, p11, p12, p13, p14, p15, p16, i61, i43, None]
p65 = new_with_vtable(ConstClass(W_IntObject))
+431: setfield_gc(p65, i43, descr=<FieldS pyrlang.interpreter.datatypes.number.W_IntObject.inst_intval 8>)
+483: setarrayitem_gc(p38, i45, p65, descr=<ArrayP 8>)
debug_merge_point(0, 0, '20 move x(1). x(0)')
debug_merge_point(0, 0, '21 line 2')
debug_merge_point(0, 0, '22 call 1. L2')
+488: i66 = getfield_gc(p20, descr=<FieldS pyrlang.interpreter.register.Y_Register.inst_addr_size 8>)
+492: setfield_gc(p20, i32, descr=<FieldS pyrlang.interpreter.register.Y_Register.inst_addr_top 16>)
+496: i67 = int_ge(i32, i66)
guard_false(i67, descr=<Guard0x100715c50>) [i0, p1, p2, i66, p20, p3, p4, p5, p6, p7, p8, p9, p10, p11, p12, p13, p14, p15, p16, i61]
+547: setarrayitem_gc(p27, i32, ConstPtr(ptr68), descr=<ArrayP 8>)
+562: i70 = int_sub(i0, 1)
debug_merge_point(0, 0, '3 label 2')
+566: jump(i70, p2, p1, p20, i61, p3, p4, p5, p6, p7, p8, p9, p10, p11, p12, p13, p14, p15, p16, p27, i32, p20, i52, p38, i45, i66, descr=TargetToken(4302398120))
+624: --end of the loop--
[17aefda3cdb09b] jit-log-opt-bridge}
[17aefda3f2d07f] {jit-log-opt-loop
# Loop 1 (17 line 2) : entry bridge with 55 ops
[i0, i1, i2, p3, p4, p5]
+134: p6 = getfield_gc(p4, descr=<FieldP pyrlang.interpreter.register.X_Register.inst_regs 16>)
+145: p8 = getarrayitem_gc(p6, 0, descr=<ArrayP 8>)
+149: p10 = getarrayitem_gc(p6, 1, descr=<ArrayP 8>)
+153: p12 = getarrayitem_gc(p6, 2, descr=<ArrayP 8>)
+157: p14 = getarrayitem_gc(p6, 3, descr=<ArrayP 8>)
+161: p16 = getarrayitem_gc(p6, 4, descr=<ArrayP 8>)
+165: p18 = getarrayitem_gc(p6, 5, descr=<ArrayP 8>)
+169: p20 = getarrayitem_gc(p6, 6, descr=<ArrayP 8>)
+173: p22 = getarrayitem_gc(p6, 7, descr=<ArrayP 8>)
+177: p24 = getarrayitem_gc(p6, 8, descr=<ArrayP 8>)
+181: p26 = getarrayitem_gc(p6, 9, descr=<ArrayP 8>)
+185: p28 = getarrayitem_gc(p6, 10, descr=<ArrayP 8>)
+189: p30 = getarrayitem_gc(p6, 11, descr=<ArrayP 8>)
+193: p32 = getarrayitem_gc(p6, 12, descr=<ArrayP 8>)
+204: p34 = getarrayitem_gc(p6, 13, descr=<ArrayP 8>)
+215: p36 = getarrayitem_gc(p6, 14, descr=<ArrayP 8>)
+229: p38 = getarrayitem_gc(p6, 15, descr=<ArrayP 8>)
debug_merge_point(0, 0, '17 line 2')
+243: p39 = getfield_gc(p3, descr=<FieldP pyrlang.interpreter.interp.Process.inst_y_reg 80>)
debug_merge_point(0, 0, '18 gc_bif2 L0. 1. 0. y(0). #2. x(1)')
+261: i40 = getfield_gc(p39, descr=<FieldS pyrlang.interpreter.register.Y_Register.inst_val_top 40>)
+272: p41 = getfield_gc(p39, descr=<FieldP pyrlang.interpreter.register.Y_Register.inst_vals 48>)
+283: p42 = getarrayitem_gc(p41, i40, descr=<ArrayP 8>)
+295: guard_class(p42, ConstClass(W_IntObject), descr=<Guard0x100760288>) [i2, i1, i0, p4, p3, p42, p8, p10, p12, p14, p16, p18, p20, p22, p24, p26, p28, p30, p32, p34, p36, p38]
+308: i44 = getfield_gc_pure(p42, descr=<FieldS pyrlang.interpreter.datatypes.number.W_IntObject.inst_intval 8>)
+319: i46 = int_sub_ovf(i44, 2)
guard_no_overflow(descr=<Guard0x1007605f8>) [i2, i1, i0, p4, p3, i46, p42, p8, p10, p12, p14, p16, p18, p20, p22, p24, p26, p28, p30, p32, p34, p36, p38]
+329: p47 = getfield_gc(p3, descr=<FieldP pyrlang.interpreter.interp.Process.inst_x_reg 72>)
+333: i48 = ptr_eq(p47, p4)
guard_true(i48, descr=<Guard0x1007605a0>) [i2, i1, i0, p4, p3, p47, p8, p10, p12, p14, p16, p18, p20, p22, p24, p26, p28, p30, p32, p34, p36, p38, i46]
debug_merge_point(0, 0, '19 move x(0). y(0)')
+346: i50 = int_lt(i40, 0)
guard_false(i50, descr=<Guard0x100760548>) [i2, i1, i0, p4, p3, i40, p8, p41, p12, p14, p16, p18, p20, p22, p24, p26, p28, p30, p32, p34, p36, p38, i46]
+398: setarrayitem_gc(p41, i40, p8, descr=<ArrayP 8>)
debug_merge_point(0, 0, '20 move x(1). x(0)')
debug_merge_point(0, 0, '21 line 2')
debug_merge_point(0, 0, '22 call 1. L2')
+403: i52 = int_eq(23, i0)
+419: i53 = getfield_gc(p39, descr=<FieldS pyrlang.interpreter.register.Y_Register.inst_addr_top 16>)
+423: i55 = int_add(i53, 1)
+427: i56 = getfield_gc(p39, descr=<FieldS pyrlang.interpreter.register.Y_Register.inst_addr_size 8>)
+438: setfield_gc(p39, i55, descr=<FieldS pyrlang.interpreter.register.Y_Register.inst_addr_top 16>)
+442: i57 = int_ge(i55, i56)
guard_false(i57, descr=<Guard0x1007604f0>) [i52, i0, i2, i1, p4, p3, i56, p39, p12, p14, p16, p18, p20, p22, p24, p26, p28, p30, p32, p34, p36, p38, i46]
+451: p58 = getfield_gc(p39, descr=<FieldP pyrlang.interpreter.register.Y_Register.inst_addrs 24>)
+462: i60 = int_lt(i55, 0)
guard_false(i60, descr=<Guard0x100760498>) [i52, i0, i2, i1, p4, p3, i55, p58, p12, p14, p16, p18, p20, p22, p24, p26, p28, p30, p32, p34, p36, p38, i46]
+511: setarrayitem_gc(p58, i55, ConstPtr(ptr61), descr=<ArrayP 8>)
+526: i63 = int_sub(i1, 1)
+544: guard_true(i2, descr=<Guard0x100760440>) [i52, i0, i63, p4, p3, p12, p14, p16, p18, p20, p22, p24, p26, p28, p30, p32, p34, p36, p38, i46]
+567: guard_false(i52, descr=<Guard0x1007603e8>) [i0, i63, p4, p3, p12, p14, p16, p18, p20, p22, p24, p26, p28, p30, p32, p34, p36, p38, i46]
debug_merge_point(0, 0, '3 label 2')
+576: i65 = int_ge(i56, 1)
guard_true(i65, descr=<Guard0x100760390>) [i63, p39, p4, p3, p12, p14, p16, p18, p20, p22, p24, p26, p28, p30, p32, p34, p36, p38, i46]
+586: jump(i63, p3, p4, p39, i46, p12, p14, p16, p18, p20, p22, p24, p26, p28, p30, p32, p34, p36, p38, p58, i55, p39, i53, p41, i40, i56, descr=TargetToken(4302398120))
+832: --end of the loop--
[17aefda3f80ea4] jit-log-opt-loop}
[17aefda4223272] {jit-log-opt-bridge
# bridge out of Guard 0x100715a98 with 40 ops
[i0, p1, p2, p3, p4, p5, p6, p7, p8, p9, p10, p11, p12, p13, p14, p15, p16, i17]
+59: p18 = getfield_gc(p2, descr=<FieldP pyrlang.interpreter.interp.Process.inst_y_reg 80>)
debug_merge_point(0, 0, '9 label 4')
debug_merge_point(0, 0, '10 allocate_zero 1. 1')
+70: i19 = getfield_gc(p18, descr=<FieldS pyrlang.interpreter.register.Y_Register.inst_val_top 40>)
+74: i21 = int_add(i19, 1)
+78: i22 = getfield_gc(p18, descr=<FieldS pyrlang.interpreter.register.Y_Register.inst_val_size 32>)
+82: setfield_gc(p18, i21, descr=<FieldS pyrlang.interpreter.register.Y_Register.inst_val_top 40>)
+86: i23 = int_ge(i21, i22)
guard_false(i23, descr=<Guard0x100760700>) [i0, p1, p2, i21, i22, p18, p3, p4, p5, p6, p7, p8, p9, p10, p11, p12, p13, p14, p15, p16, i17]
+95: p24 = getfield_gc(p18, descr=<FieldP pyrlang.interpreter.register.Y_Register.inst_vals 48>)
+99: i26 = int_lt(i21, 0)
guard_false(i26, descr=<Guard0x1007609c0>) [i0, p1, p2, i21, p24, p18, p3, p4, p5, p6, p7, p8, p9, p10, p11, p12, p13, p14, p15, p16, i17]
+109: setarrayitem_gc(p24, i21, ConstPtr(ptr27), descr=<ArrayP 8>)
debug_merge_point(0, 0, '11 line 2')
debug_merge_point(0, 0, '12 gc_bif2 L0. 1. 0. x(0). #0. x(1)')
+124: p28 = getfield_gc(p2, descr=<FieldP pyrlang.interpreter.interp.Process.inst_x_reg 72>)
+128: i29 = ptr_eq(p28, p1)
guard_true(i29, descr=<Guard0x100760968>) [i0, p1, p2, p28, p3, p4, p5, p6, p7, p8, p9, p10, p11, p12, p13, p14, p15, p16, i17]
+141: i31 = int_sub_ovf(i17, 1)
guard_no_overflow(descr=<Guard0x100760910>) [i0, p1, p2, i31, p3, p4, p5, p6, p7, p8, p9, p10, p11, p12, p13, p14, p15, p16, i17]
debug_merge_point(0, 0, '13 move x(0). y(0)')
p33 = new_with_vtable(ConstClass(W_IntObject))
+233: setfield_gc(p33, i17, descr=<FieldS pyrlang.interpreter.datatypes.number.W_IntObject.inst_intval 8>)
+278: setarrayitem_gc(p24, i21, p33, descr=<ArrayP 8>)
debug_merge_point(0, 0, '14 move x(1). x(0)')
debug_merge_point(0, 0, '15 line 2')
debug_merge_point(0, 0, '16 call 1. L2')
+283: i34 = getfield_gc(p18, descr=<FieldS pyrlang.interpreter.register.Y_Register.inst_addr_top 16>)
+287: i36 = int_add(i34, 1)
+291: i37 = getfield_gc(p18, descr=<FieldS pyrlang.interpreter.register.Y_Register.inst_addr_size 8>)
+295: setfield_gc(p18, i36, descr=<FieldS pyrlang.interpreter.register.Y_Register.inst_addr_top 16>)
+299: i38 = int_ge(i36, i37)
guard_false(i38, descr=<Guard0x1007608b8>) [i0, p1, p2, i37, p18, p3, p4, p5, p6, p7, p8, p9, p10, p11, p12, p13, p14, p15, p16, i31]
+308: p39 = getfield_gc(p18, descr=<FieldP pyrlang.interpreter.register.Y_Register.inst_addrs 24>)
+312: i41 = int_lt(i36, 0)
guard_false(i41, descr=<Guard0x100760860>) [i0, p1, p2, i36, p39, p3, p4, p5, p6, p7, p8, p9, p10, p11, p12, p13, p14, p15, p16, i31]
+361: setarrayitem_gc(p39, i36, ConstPtr(ptr42), descr=<ArrayP 8>)
+376: i44 = int_sub(i0, 1)
debug_merge_point(0, 0, '3 label 2')
+380: jump(i44, p2, p1, p18, i31, p3, p4, p5, p6, p7, p8, p9, p10, p11, p12, p13, p14, p15, p16, i21, p18, i22, p24, i36, i37, p39, descr=TargetToken(4302397544))
+448: --end of the loop--
[17aefda4263398] jit-log-opt-bridge}
[17aefda46286b4] {jit-log-opt-bridge
# bridge out of Guard 0x100714ee8 with 78 ops
[i0, i1, p2, p3, p4, p5, p6, p7, p8, p9, p10, p11, p12, p13, p14, p15, p16, p17, p18, p19, i20]
+59: guard_value(i1, 23, descr=<Guard0x100760bd0>) [i0, i1, p2, p3, p4, p5, p6, p7, p8, p9, p10, p11, p12, p13, p14, p15, p16, p17, p18, p19, i20]
+69: guard_value(p5, ConstPtr(ptr22), descr=<Guard0x100761410>) [i0, p2, p3, p4, p5, p6, p7, p8, p9, p10, p11, p12, p13, p14, p15, p16, p17, p18, p19, i20]
debug_merge_point(0, 0, '23 line 2')
+88: p23 = getfield_gc(p4, descr=<FieldP pyrlang.interpreter.interp.Process.inst_y_reg 80>)
debug_merge_point(0, 0, '24 gc_bif2 L0. 1. 1. y(0). x(0). x(0)')
+99: i24 = getfield_gc(p23, descr=<FieldS pyrlang.interpreter.register.Y_Register.inst_val_top 40>)
+103: p25 = getfield_gc(p23, descr=<FieldP pyrlang.interpreter.register.Y_Register.inst_vals 48>)
+107: p26 = getarrayitem_gc(p25, i24, descr=<ArrayP 8>)
+112: p27 = getfield_gc(p4, descr=<FieldP pyrlang.interpreter.interp.Process.inst_x_reg 72>)
+116: i28 = ptr_eq(p27, p3)
guard_true(i28, descr=<Guard0x1007613b8>) [i0, p3, p4, p27, p6, p7, p8, p9, p10, p11, p12, p13, p14, p15, p16, p17, p18, p19, p26, i20]
+129: guard_class(p26, ConstClass(W_IntObject), descr=<Guard0x100761360>) [i0, p3, p4, p26, p6, p7, p8, p9, p10, p11, p12, p13, p14, p15, p16, p17, p18, p19, None, i20]
+143: i31 = getfield_gc_pure(p26, descr=<FieldS pyrlang.interpreter.datatypes.number.W_IntObject.inst_intval 8>)
+148: i32 = int_add_ovf(i31, i20)
guard_no_overflow(descr=<Guard0x100761308>) [i0, p3, p4, i32, p26, p6, p7, p8, p9, p10, p11, p12, p13, p14, p15, p16, p17, p18, p19, None, i20]
debug_merge_point(0, 0, '25 deallocate 1')
+157: i34 = int_sub(i24, 1)
debug_merge_point(0, 0, '26 return ')
+161: i35 = getfield_gc(p23, descr=<FieldS pyrlang.interpreter.register.Y_Register.inst_addr_top 16>)
+165: setfield_gc(p23, i34, descr=<FieldS pyrlang.interpreter.register.Y_Register.inst_val_top 40>)
+169: i37 = int_eq(i35, -1)
guard_false(i37, descr=<Guard0x1007612b0>) [i0, p23, p3, p4, p6, p7, p8, p9, p10, p11, p12, p13, p14, p15, p16, p17, p18, p19, i32, None, None]
+179: p38 = getfield_gc(p23, descr=<FieldP pyrlang.interpreter.register.Y_Register.inst_addrs 24>)
+183: i40 = int_lt(i35, 0)
guard_false(i40, descr=<Guard0x100761258>) [i35, i0, p23, p38, p3, p4, p6, p7, p8, p9, p10, p11, p12, p13, p14, p15, p16, p17, p18, p19, i32, None, None]
+193: p41 = getarrayitem_gc(p38, i35, descr=<ArrayP 8>)
+198: i43 = int_sub(i35, 1)
+202: p44 = getfield_gc_pure(p41, descr=<FieldP tuple2.item0 8>)
+206: i45 = getfield_gc_pure(p41, descr=<FieldS tuple2.item1 16>)
+210: setfield_gc(p23, i43, descr=<FieldS pyrlang.interpreter.register.Y_Register.inst_addr_top 16>)
+214: guard_value(i45, 23, descr=<Guard0x100761200>) [i0, i45, p23, p3, p4, p44, p6, p7, p8, p9, p10, p11, p12, p13, p14, p15, p16, p17, p18, p19, i32, None, None]
+224: guard_value(p44, ConstPtr(ptr47), descr=<Guard0x1007611a8>) [i0, p23, p3, p4, p44, p6, p7, p8, p9, p10, p11, p12, p13, p14, p15, p16, p17, p18, p19, i32, None, None]
debug_merge_point(0, 0, '23 line 2')
debug_merge_point(0, 0, '24 gc_bif2 L0. 1. 1. y(0). x(0). x(0)')
+243: p48 = getarrayitem_gc(p25, i34, descr=<ArrayP 8>)
+248: guard_class(p48, ConstClass(W_IntObject), descr=<Guard0x100761150>) [i0, p3, p4, p48, p6, p7, p8, p9, p10, p11, p12, p13, p14, p15, p16, p17, p18, p19, i32, None, None]
+260: i50 = getfield_gc_pure(p48, descr=<FieldS pyrlang.interpreter.datatypes.number.W_IntObject.inst_intval 8>)
+264: i51 = int_add_ovf(i50, i32)
guard_no_overflow(descr=<Guard0x1007610f8>) [i0, p3, p4, i51, p48, p6, p7, p8, p9, p10, p11, p12, p13, p14, p15, p16, p17, p18, p19, i32, None, None]
debug_merge_point(0, 0, '25 deallocate 1')
+273: i53 = int_sub(i34, 1)
debug_merge_point(0, 0, '26 return ')
+277: setfield_gc(p23, i53, descr=<FieldS pyrlang.interpreter.register.Y_Register.inst_val_top 40>)
+281: i55 = int_eq(i43, -1)
guard_false(i55, descr=<Guard0x1007610a0>) [i0, p23, p3, p4, p6, p7, p8, p9, p10, p11, p12, p13, p14, p15, p16, p17, p18, p19, i51, None, None, None]
+291: i57 = int_lt(i43, 0)
guard_false(i57, descr=<Guard0x100761048>) [i43, i0, p23, p38, p3, p4, p6, p7, p8, p9, p10, p11, p12, p13, p14, p15, p16, p17, p18, p19, i51, None, None, None]
+301: p58 = getarrayitem_gc(p38, i43, descr=<ArrayP 8>)
+306: i60 = int_sub(i43, 1)
+310: p61 = getfield_gc_pure(p58, descr=<FieldP tuple2.item0 8>)
+314: i62 = getfield_gc_pure(p58, descr=<FieldS tuple2.item1 16>)
+318: setfield_gc(p23, i60, descr=<FieldS pyrlang.interpreter.register.Y_Register.inst_addr_top 16>)
+322: guard_value(i62, 17, descr=<Guard0x100760ff0>) [i0, i62, p23, p3, p4, p61, p6, p7, p8, p9, p10, p11, p12, p13, p14, p15, p16, p17, p18, p19, i51, None, None, None]
+332: guard_value(p61, ConstPtr(ptr64), descr=<Guard0x100760f98>) [i0, p23, p3, p4, p61, p6, p7, p8, p9, p10, p11, p12, p13, p14, p15, p16, p17, p18, p19, i51, None, None, None]
debug_merge_point(0, 0, '17 line 2')
debug_merge_point(0, 0, '18 gc_bif2 L0. 1. 0. y(0). #2. x(1)')
+351: p65 = getarrayitem_gc(p25, i53, descr=<ArrayP 8>)
+356: guard_class(p65, ConstClass(W_IntObject), descr=<Guard0x100760f40>) [i0, p3, p4, p65, p6, p7, p8, p9, p10, p11, p12, p13, p14, p15, p16, p17, p18, p19, i51, None, None, None]
+368: i67 = getfield_gc_pure(p65, descr=<FieldS pyrlang.interpreter.datatypes.number.W_IntObject.inst_intval 8>)
+372: i69 = int_sub_ovf(i67, 2)
guard_no_overflow(descr=<Guard0x100760ee8>) [i0, p3, p4, i69, p65, p6, p7, p8, p9, p10, p11, p12, p13, p14, p15, p16, p17, p18, p19, i51, None, None, None]
debug_merge_point(0, 0, '19 move x(0). y(0)')
+382: i71 = int_lt(i53, 0)
guard_false(i71, descr=<Guard0x100760e90>) [i0, p3, p4, i53, p25, p6, p7, p8, p9, p10, p11, p12, p13, p14, p15, p16, p17, p18, p19, i69, i51, None, None, None]
p73 = new_with_vtable(ConstClass(W_IntObject))
+478: setfield_gc(p73, i51, descr=<FieldS pyrlang.interpreter.datatypes.number.W_IntObject.inst_intval 8>)
+524: setarrayitem_gc(p25, i53, p73, descr=<ArrayP 8>)
debug_merge_point(0, 0, '20 move x(1). x(0)')
debug_merge_point(0, 0, '21 line 2')
debug_merge_point(0, 0, '22 call 1. L2')
+529: i74 = getfield_gc(p23, descr=<FieldS pyrlang.interpreter.register.Y_Register.inst_addr_size 8>)
+533: setfield_gc(p23, i43, descr=<FieldS pyrlang.interpreter.register.Y_Register.inst_addr_top 16>)
+537: i75 = int_ge(i43, i74)
guard_false(i75, descr=<Guard0x100760e38>) [i0, p3, p4, i74, p23, p6, p7, p8, p9, p10, p11, p12, p13, p14, p15, p16, p17, p18, p19, i69]
+589: setarrayitem_gc(p38, i43, ConstPtr(ptr76), descr=<ArrayP 8>)
+604: i78 = int_sub(i0, 1)
debug_merge_point(0, 0, '3 label 2')
+608: jump(i78, p4, p3, p23, i69, p6, p7, p8, p9, p10, p11, p12, p13, p14, p15, p16, p17, p18, p19, p38, i43, p23, i60, p25, i53, i74, descr=TargetToken(4302398120))
+672: --end of the loop--
[17aefda4694c1f] jit-log-opt-bridge}
[17aefda498a044] {jit-log-opt-bridge
# bridge out of Guard 0x100715e08 with 78 ops
[i0, i1, p2, p3, p4, p5, p6, p7, p8, p9, p10, p11, p12, p13, p14, p15, p16, p17, p18, p19, i20]
+59: guard_value(i1, 23, descr=<Guard0x100761620>) [i0, i1, p2, p3, p4, p5, p6, p7, p8, p9, p10, p11, p12, p13, p14, p15, p16, p17, p18, p19, i20]
+69: guard_value(p5, ConstPtr(ptr22), descr=<Guard0x100761e60>) [i0, p2, p3, p4, p5, p6, p7, p8, p9, p10, p11, p12, p13, p14, p15, p16, p17, p18, p19, i20]
debug_merge_point(0, 0, '23 line 2')
+88: p23 = getfield_gc(p4, descr=<FieldP pyrlang.interpreter.interp.Process.inst_y_reg 80>)
debug_merge_point(0, 0, '24 gc_bif2 L0. 1. 1. y(0). x(0). x(0)')
+92: i24 = getfield_gc(p23, descr=<FieldS pyrlang.interpreter.register.Y_Register.inst_val_top 40>)
+96: p25 = getfield_gc(p23, descr=<FieldP pyrlang.interpreter.register.Y_Register.inst_vals 48>)
+100: p26 = getarrayitem_gc(p25, i24, descr=<ArrayP 8>)
+105: p27 = getfield_gc(p4, descr=<FieldP pyrlang.interpreter.interp.Process.inst_x_reg 72>)
+109: i28 = ptr_eq(p27, p3)
guard_true(i28, descr=<Guard0x100761e08>) [i0, p3, p4, p27, p6, p7, p8, p9, p10, p11, p12, p13, p14, p15, p16, p17, p18, p19, p26, i20]
+122: guard_class(p26, ConstClass(W_IntObject), descr=<Guard0x100761db0>) [i0, p3, p4, p26, p6, p7, p8, p9, p10, p11, p12, p13, p14, p15, p16, p17, p18, p19, None, i20]
+135: i31 = getfield_gc_pure(p26, descr=<FieldS pyrlang.interpreter.datatypes.number.W_IntObject.inst_intval 8>)
+139: i32 = int_add_ovf(i31, i20)
guard_no_overflow(descr=<Guard0x100761d58>) [i0, p3, p4, i32, p26, p6, p7, p8, p9, p10, p11, p12, p13, p14, p15, p16, p17, p18, p19, None, i20]
debug_merge_point(0, 0, '25 deallocate 1')
+148: i34 = int_sub(i24, 1)
debug_merge_point(0, 0, '26 return ')
+152: i35 = getfield_gc(p23, descr=<FieldS pyrlang.interpreter.register.Y_Register.inst_addr_top 16>)
+156: setfield_gc(p23, i34, descr=<FieldS pyrlang.interpreter.register.Y_Register.inst_val_top 40>)
+160: i37 = int_eq(i35, -1)
guard_false(i37, descr=<Guard0x100761d00>) [i0, p23, p3, p4, p6, p7, p8, p9, p10, p11, p12, p13, p14, p15, p16, p17, p18, p19, i32, None, None]
+170: p38 = getfield_gc(p23, descr=<FieldP pyrlang.interpreter.register.Y_Register.inst_addrs 24>)
+174: i40 = int_lt(i35, 0)
guard_false(i40, descr=<Guard0x100761ca8>) [i35, i0, p23, p38, p3, p4, p6, p7, p8, p9, p10, p11, p12, p13, p14, p15, p16, p17, p18, p19, i32, None, None]
+184: p41 = getarrayitem_gc(p38, i35, descr=<ArrayP 8>)
+189: i43 = int_sub(i35, 1)
+193: p44 = getfield_gc_pure(p41, descr=<FieldP tuple2.item0 8>)
+198: i45 = getfield_gc_pure(p41, descr=<FieldS tuple2.item1 16>)
+203: setfield_gc(p23, i43, descr=<FieldS pyrlang.interpreter.register.Y_Register.inst_addr_top 16>)
+207: guard_value(i45, 23, descr=<Guard0x100761c50>) [i0, i45, p23, p3, p4, p44, p6, p7, p8, p9, p10, p11, p12, p13, p14, p15, p16, p17, p18, p19, i32, None, None]
+217: guard_value(p44, ConstPtr(ptr47), descr=<Guard0x100761bf8>) [i0, p23, p3, p4, p44, p6, p7, p8, p9, p10, p11, p12, p13, p14, p15, p16, p17, p18, p19, i32, None, None]
debug_merge_point(0, 0, '23 line 2')
debug_merge_point(0, 0, '24 gc_bif2 L0. 1. 1. y(0). x(0). x(0)')
+236: p48 = getarrayitem_gc(p25, i34, descr=<ArrayP 8>)
+241: guard_class(p48, ConstClass(W_IntObject), descr=<Guard0x100761ba0>) [i0, p3, p4, p48, p6, p7, p8, p9, p10, p11, p12, p13, p14, p15, p16, p17, p18, p19, i32, None, None]
+254: i50 = getfield_gc_pure(p48, descr=<FieldS pyrlang.interpreter.datatypes.number.W_IntObject.inst_intval 8>)
+258: i51 = int_add_ovf(i50, i32)
guard_no_overflow(descr=<Guard0x100761b48>) [i0, p3, p4, i51, p48, p6, p7, p8, p9, p10, p11, p12, p13, p14, p15, p16, p17, p18, p19, i32, None, None]
debug_merge_point(0, 0, '25 deallocate 1')
+267: i53 = int_sub(i34, 1)
debug_merge_point(0, 0, '26 return ')
+271: setfield_gc(p23, i53, descr=<FieldS pyrlang.interpreter.register.Y_Register.inst_val_top 40>)
+275: i55 = int_eq(i43, -1)
guard_false(i55, descr=<Guard0x100761af0>) [i0, p23, p3, p4, p6, p7, p8, p9, p10, p11, p12, p13, p14, p15, p16, p17, p18, p19, i51, None, None, None]
+285: i57 = int_lt(i43, 0)
guard_false(i57, descr=<Guard0x100761a98>) [i43, i0, p23, p38, p3, p4, p6, p7, p8, p9, p10, p11, p12, p13, p14, p15, p16, p17, p18, p19, i51, None, None, None]
+295: p58 = getarrayitem_gc(p38, i43, descr=<ArrayP 8>)
+300: i60 = int_sub(i43, 1)
+304: p61 = getfield_gc_pure(p58, descr=<FieldP tuple2.item0 8>)
+308: i62 = getfield_gc_pure(p58, descr=<FieldS tuple2.item1 16>)
+312: setfield_gc(p23, i60, descr=<FieldS pyrlang.interpreter.register.Y_Register.inst_addr_top 16>)
+316: guard_value(i62, 17, descr=<Guard0x100761a40>) [i0, i62, p23, p3, p4, p61, p6, p7, p8, p9, p10, p11, p12, p13, p14, p15, p16, p17, p18, p19, i51, None, None, None]
+326: guard_value(p61, ConstPtr(ptr64), descr=<Guard0x1007619e8>) [i0, p23, p3, p4, p61, p6, p7, p8, p9, p10, p11, p12, p13, p14, p15, p16, p17, p18, p19, i51, None, None, None]
debug_merge_point(0, 0, '17 line 2')
debug_merge_point(0, 0, '18 gc_bif2 L0. 1. 0. y(0). #2. x(1)')
+345: p65 = getarrayitem_gc(p25, i53, descr=<ArrayP 8>)
+350: guard_class(p65, ConstClass(W_IntObject), descr=<Guard0x100761990>) [i0, p3, p4, p65, p6, p7, p8, p9, p10, p11, p12, p13, p14, p15, p16, p17, p18, p19, i51, None, None, None]
+364: i67 = getfield_gc_pure(p65, descr=<FieldS pyrlang.interpreter.datatypes.number.W_IntObject.inst_intval 8>)
+369: i69 = int_sub_ovf(i67, 2)
guard_no_overflow(descr=<Guard0x100761938>) [i0, p3, p4, i69, p65, p6, p7, p8, p9, p10, p11, p12, p13, p14, p15, p16, p17, p18, p19, i51, None, None, None]
debug_merge_point(0, 0, '19 move x(0). y(0)')
+379: i71 = int_lt(i53, 0)
guard_false(i71, descr=<Guard0x1007618e0>) [i0, p3, p4, i53, p25, p6, p7, p8, p9, p10, p11, p12, p13, p14, p15, p16, p17, p18, p19, i69, i51, None, None, None]
p73 = new_with_vtable(ConstClass(W_IntObject))
+475: setfield_gc(p73, i51, descr=<FieldS pyrlang.interpreter.datatypes.number.W_IntObject.inst_intval 8>)
+527: setarrayitem_gc(p25, i53, p73, descr=<ArrayP 8>)
debug_merge_point(0, 0, '20 move x(1). x(0)')
debug_merge_point(0, 0, '21 line 2')
debug_merge_point(0, 0, '22 call 1. L2')
+532: i74 = getfield_gc(p23, descr=<FieldS pyrlang.interpreter.register.Y_Register.inst_addr_size 8>)
+536: setfield_gc(p23, i43, descr=<FieldS pyrlang.interpreter.register.Y_Register.inst_addr_top 16>)
+540: i75 = int_ge(i43, i74)
guard_false(i75, descr=<Guard0x100761888>) [i0, p3, p4, i74, p23, p6, p7, p8, p9, p10, p11, p12, p13, p14, p15, p16, p17, p18, p19, i69]
+590: setarrayitem_gc(p38, i43, ConstPtr(ptr76), descr=<ArrayP 8>)
+605: i78 = int_sub(i0, 1)
debug_merge_point(0, 0, '3 label 2')
+609: jump(i78, p4, p3, p23, i69, p6, p7, p8, p9, p10, p11, p12, p13, p14, p15, p16, p17, p18, p19, p38, i43, p23, i60, p25, i53, i74, descr=TargetToken(4302398120))
+672: --end of the loop--
[17aefda4a01633] jit-log-opt-bridge}
[17aefda4d3c46b] {jit-log-opt-bridge
# bridge out of Guard 0x100761200 with 39 ops
[i0, i1, p2, p3, p4, p5, p6, p7, p8, p9, p10, p11, p12, p13, p14, p15, p16, p17, p18, p19, i20]
+59: guard_value(i1, 17, descr=<Guard0x10078e020>) [i0, i1, p2, p3, p4, p5, p6, p7, p8, p9, p10, p11, p12, p13, p14, p15, p16, p17, p18, p19, i20]
+69: guard_value(p5, ConstPtr(ptr22), descr=<Guard0x10078e390>) [i0, p2, p3, p4, p5, p6, p7, p8, p9, p10, p11, p12, p13, p14, p15, p16, p17, p18, p19, i20]
debug_merge_point(0, 0, '17 line 2')
+88: p23 = getfield_gc(p4, descr=<FieldP pyrlang.interpreter.interp.Process.inst_y_reg 80>)
debug_merge_point(0, 0, '18 gc_bif2 L0. 1. 0. y(0). #2. x(1)')
+92: i24 = getfield_gc(p23, descr=<FieldS pyrlang.interpreter.register.Y_Register.inst_val_top 40>)
+96: p25 = getfield_gc(p23, descr=<FieldP pyrlang.interpreter.register.Y_Register.inst_vals 48>)
+100: p26 = getarrayitem_gc(p25, i24, descr=<ArrayP 8>)
+105: guard_class(p26, ConstClass(W_IntObject), descr=<Guard0x10078e338>) [i0, p3, p4, p26, p6, p7, p8, p9, p10, p11, p12, p13, p14, p15, p16, p17, p18, p19, i20]
+118: i28 = getfield_gc_pure(p26, descr=<FieldS pyrlang.interpreter.datatypes.number.W_IntObject.inst_intval 8>)
+122: i30 = int_sub_ovf(i28, 2)
guard_no_overflow(descr=<Guard0x10078e2e0>) [i0, p3, p4, i30, p26, p6, p7, p8, p9, p10, p11, p12, p13, p14, p15, p16, p17, p18, p19, i20]
+132: p31 = getfield_gc(p4, descr=<FieldP pyrlang.interpreter.interp.Process.inst_x_reg 72>)
+136: i32 = ptr_eq(p31, p3)
guard_true(i32, descr=<Guard0x10078e288>) [i0, p3, p4, p31, p6, p7, p8, p9, p10, p11, p12, p13, p14, p15, p16, p17, p18, p19, i30, i20]
debug_merge_point(0, 0, '19 move x(0). y(0)')
+149: i34 = int_lt(i24, 0)
guard_false(i34, descr=<Guard0x10078e230>) [i0, p3, p4, i24, p25, p6, p7, p8, p9, p10, p11, p12, p13, p14, p15, p16, p17, p18, p19, i30, i20]
p36 = new_with_vtable(ConstClass(W_IntObject))
+245: setfield_gc(p36, i20, descr=<FieldS pyrlang.interpreter.datatypes.number.W_IntObject.inst_intval 8>)
+288: setarrayitem_gc(p25, i24, p36, descr=<ArrayP 8>)
debug_merge_point(0, 0, '20 move x(1). x(0)')
debug_merge_point(0, 0, '21 line 2')
debug_merge_point(0, 0, '22 call 1. L2')
+293: i37 = getfield_gc(p23, descr=<FieldS pyrlang.interpreter.register.Y_Register.inst_addr_top 16>)
+304: i39 = int_add(i37, 1)
+308: i40 = getfield_gc(p23, descr=<FieldS pyrlang.interpreter.register.Y_Register.inst_addr_size 8>)
+312: setfield_gc(p23, i39, descr=<FieldS pyrlang.interpreter.register.Y_Register.inst_addr_top 16>)
+316: i41 = int_ge(i39, i40)
guard_false(i41, descr=<Guard0x10078e1d8>) [i0, p3, p4, i40, p23, p6, p7, p8, p9, p10, p11, p12, p13, p14, p15, p16, p17, p18, p19, i30]
+325: p42 = getfield_gc(p23, descr=<FieldP pyrlang.interpreter.register.Y_Register.inst_addrs 24>)
+329: i44 = int_lt(i39, 0)
guard_false(i44, descr=<Guard0x10078e180>) [i0, p3, p4, i39, p42, p6, p7, p8, p9, p10, p11, p12, p13, p14, p15, p16, p17, p18, p19, i30]
+382: setarrayitem_gc(p42, i39, ConstPtr(ptr45), descr=<ArrayP 8>)
+397: i47 = int_sub(i0, 1)
debug_merge_point(0, 0, '3 label 2')
+401: i49 = int_ge(i40, 1)
guard_true(i49, descr=<Guard0x10078e128>) [i47, p23, p3, p4, p6, p7, p8, p9, p10, p11, p12, p13, p14, p15, p16, p17, p18, p19, i30]
+411: jump(i47, p4, p3, p23, i30, p6, p7, p8, p9, p10, p11, p12, p13, p14, p15, p16, p17, p18, p19, p42, i39, p23, i37, p25, i24, i40, descr=TargetToken(4302398120))
+464: --end of the loop--
[17aefda4d8103b] jit-log-opt-bridge}
[17aefda4fdb446] {jit-log-opt-bridge
# bridge out of Guard 0x100761c50 with 39 ops
[i0, i1, p2, p3, p4, p5, p6, p7, p8, p9, p10, p11, p12, p13, p14, p15, p16, p17, p18, p19, i20]
+59: guard_value(i1, 17, descr=<Guard0x10078e4f0>) [i0, i1, p2, p3, p4, p5, p6, p7, p8, p9, p10, p11, p12, p13, p14, p15, p16, p17, p18, p19, i20]
+69: guard_value(p5, ConstPtr(ptr22), descr=<Guard0x10078e860>) [i0, p2, p3, p4, p5, p6, p7, p8, p9, p10, p11, p12, p13, p14, p15, p16, p17, p18, p19, i20]
debug_merge_point(0, 0, '17 line 2')
+88: p23 = getfield_gc(p4, descr=<FieldP pyrlang.interpreter.interp.Process.inst_y_reg 80>)
debug_merge_point(0, 0, '18 gc_bif2 L0. 1. 0. y(0). #2. x(1)')
+92: i24 = getfield_gc(p23, descr=<FieldS pyrlang.interpreter.register.Y_Register.inst_val_top 40>)
+96: p25 = getfield_gc(p23, descr=<FieldP pyrlang.interpreter.register.Y_Register.inst_vals 48>)
+100: p26 = getarrayitem_gc(p25, i24, descr=<ArrayP 8>)
+105: guard_class(p26, ConstClass(W_IntObject), descr=<Guard0x10078e808>) [i0, p3, p4, p26, p6, p7, p8, p9, p10, p11, p12, p13, p14, p15, p16, p17, p18, p19, i20]
+118: i28 = getfield_gc_pure(p26, descr=<FieldS pyrlang.interpreter.datatypes.number.W_IntObject.inst_intval 8>)
+122: i30 = int_sub_ovf(i28, 2)
guard_no_overflow(descr=<Guard0x10078e7b0>) [i0, p3, p4, i30, p26, p6, p7, p8, p9, p10, p11, p12, p13, p14, p15, p16, p17, p18, p19, i20]
+132: p31 = getfield_gc(p4, descr=<FieldP pyrlang.interpreter.interp.Process.inst_x_reg 72>)
+136: i32 = ptr_eq(p31, p3)
guard_true(i32, descr=<Guard0x10078e758>) [i0, p3, p4, p31, p6, p7, p8, p9, p10, p11, p12, p13, p14, p15, p16, p17, p18, p19, i30, i20]
debug_merge_point(0, 0, '19 move x(0). y(0)')
+149: i34 = int_lt(i24, 0)
guard_false(i34, descr=<Guard0x10078e700>) [i0, p3, p4, i24, p25, p6, p7, p8, p9, p10, p11, p12, p13, p14, p15, p16, p17, p18, p19, i30, i20]
p36 = new_with_vtable(ConstClass(W_IntObject))
+238: setfield_gc(p36, i20, descr=<FieldS pyrlang.interpreter.datatypes.number.W_IntObject.inst_intval 8>)
+283: setarrayitem_gc(p25, i24, p36, descr=<ArrayP 8>)
debug_merge_point(0, 0, '20 move x(1). x(0)')
debug_merge_point(0, 0, '21 line 2')
debug_merge_point(0, 0, '22 call 1. L2')
+288: i37 = getfield_gc(p23, descr=<FieldS pyrlang.interpreter.register.Y_Register.inst_addr_top 16>)
+292: i39 = int_add(i37, 1)
+296: i40 = getfield_gc(p23, descr=<FieldS pyrlang.interpreter.register.Y_Register.inst_addr_size 8>)
+300: setfield_gc(p23, i39, descr=<FieldS pyrlang.interpreter.register.Y_Register.inst_addr_top 16>)
+304: i41 = int_ge(i39, i40)
guard_false(i41, descr=<Guard0x10078e6a8>) [i0, p3, p4, i40, p23, p6, p7, p8, p9, p10, p11, p12, p13, p14, p15, p16, p17, p18, p19, i30]
+313: p42 = getfield_gc(p23, descr=<FieldP pyrlang.interpreter.register.Y_Register.inst_addrs 24>)
+317: i44 = int_lt(i39, 0)
guard_false(i44, descr=<Guard0x10078e650>) [i0, p3, p4, i39, p42, p6, p7, p8, p9, p10, p11, p12, p13, p14, p15, p16, p17, p18, p19, i30]
+368: setarrayitem_gc(p42, i39, ConstPtr(ptr45), descr=<ArrayP 8>)
+383: i47 = int_sub(i0, 1)
debug_merge_point(0, 0, '3 label 2')
+387: i49 = int_ge(i40, 1)
guard_true(i49, descr=<Guard0x10078e5f8>) [i47, p23, p3, p4, p6, p7, p8, p9, p10, p11, p12, p13, p14, p15, p16, p17, p18, p19, i30]
+397: jump(i47, p4, p3, p23, i30, p6, p7, p8, p9, p10, p11, p12, p13, p14, p15, p16, p17, p18, p19, p42, i39, p23, i37, p25, i24, i40, descr=TargetToken(4302398120))
+448: --end of the loop--
[17aefda5029cbf] jit-log-opt-bridge}
[17aefda533cb73] {jit-log-opt-loop
# Loop 2 (23 line 2) : loop with 79 ops
[i0, i1, i2, p3, p4, p5]
+134: p6 = getfield_gc(p4, descr=<FieldP pyrlang.interpreter.register.X_Register.inst_regs 16>)
+145: p8 = getarrayitem_gc(p6, 0, descr=<ArrayP 8>)
+149: p10 = getarrayitem_gc(p6, 1, descr=<ArrayP 8>)
+153: p12 = getarrayitem_gc(p6, 2, descr=<ArrayP 8>)
+157: p14 = getarrayitem_gc(p6, 3, descr=<ArrayP 8>)
+161: p16 = getarrayitem_gc(p6, 4, descr=<ArrayP 8>)
+165: p18 = getarrayitem_gc(p6, 5, descr=<ArrayP 8>)
+169: p20 = getarrayitem_gc(p6, 6, descr=<ArrayP 8>)
+173: p22 = getarrayitem_gc(p6, 7, descr=<ArrayP 8>)
+177: p24 = getarrayitem_gc(p6, 8, descr=<ArrayP 8>)
+181: p26 = getarrayitem_gc(p6, 9, descr=<ArrayP 8>)
+185: p28 = getarrayitem_gc(p6, 10, descr=<ArrayP 8>)
+189: p30 = getarrayitem_gc(p6, 11, descr=<ArrayP 8>)
+193: p32 = getarrayitem_gc(p6, 12, descr=<ArrayP 8>)
+204: p34 = getarrayitem_gc(p6, 13, descr=<ArrayP 8>)
+215: p36 = getarrayitem_gc(p6, 14, descr=<ArrayP 8>)
+229: p38 = getarrayitem_gc(p6, 15, descr=<ArrayP 8>)
+243: label(i0, i1, i2, p3, p4, p5, p8, p10, p12, p14, p16, p18, p20, p22, p24, p26, p28, p30, p32, p34, p36, p38, descr=TargetToken(4302402080))
debug_merge_point(0, 0, '23 line 2')
+333: p39 = getfield_gc(p3, descr=<FieldP pyrlang.interpreter.interp.Process.inst_y_reg 80>)
debug_merge_point(0, 0, '24 gc_bif2 L0. 1. 1. y(0). x(0). x(0)')
+344: i40 = getfield_gc(p39, descr=<FieldS pyrlang.interpreter.register.Y_Register.inst_val_top 40>)
+348: p41 = getfield_gc(p39, descr=<FieldP pyrlang.interpreter.register.Y_Register.inst_vals 48>)
+352: p42 = getarrayitem_gc(p41, i40, descr=<ArrayP 8>)
+357: p43 = getfield_gc(p3, descr=<FieldP pyrlang.interpreter.interp.Process.inst_x_reg 72>)
+361: i44 = ptr_eq(p43, p4)
guard_true(i44, descr=<Guard0x10078ea18>) [i2, i1, i0, p4, p3, p43, p8, p10, p12, p14, p16, p18, p20, p22, p24, p26, p28, p30, p32, p34, p36, p38, p42]
+374: guard_class(p42, ConstClass(W_IntObject), descr=<Guard0x10078eff0>) [i2, i1, i0, p4, p3, p8, p42, p10, p12, p14, p16, p18, p20, p22, p24, p26, p28, p30, p32, p34, p36, p38, None]
+386: guard_nonnull_class(p8, ConstClass(W_IntObject), descr=<Guard0x10078ef98>) [i2, i1, i0, p4, p3, p8, p42, p10, p12, p14, p16, p18, p20, p22, p24, p26, p28, p30, p32, p34, p36, p38, None]
+404: i48 = getfield_gc_pure(p42, descr=<FieldS pyrlang.interpreter.datatypes.number.W_IntObject.inst_intval 8>)
+408: i49 = getfield_gc_pure(p8, descr=<FieldS pyrlang.interpreter.datatypes.number.W_IntObject.inst_intval 8>)
+412: i50 = int_add_ovf(i48, i49)
guard_no_overflow(descr=<Guard0x10078ef40>) [i2, i1, i0, p4, p3, i50, p8, p42, p10, p12, p14, p16, p18, p20, p22, p24, p26, p28, p30, p32, p34, p36, p38, None]
debug_merge_point(0, 0, '25 deallocate 1')
+421: i52 = int_sub(i40, 1)
debug_merge_point(0, 0, '26 return ')
+425: i53 = getfield_gc(p39, descr=<FieldS pyrlang.interpreter.register.Y_Register.inst_addr_top 16>)
+429: setfield_gc(p39, i52, descr=<FieldS pyrlang.interpreter.register.Y_Register.inst_val_top 40>)
+433: i55 = int_eq(i53, -1)
guard_false(i55, descr=<Guard0x10078eee8>) [i0, i2, i1, p39, p4, p3, p10, p12, p14, p16, p18, p20, p22, p24, p26, p28, p30, p32, p34, p36, p38, i50, None]
+443: p56 = getfield_gc(p39, descr=<FieldP pyrlang.interpreter.register.Y_Register.inst_addrs 24>)
+447: i58 = int_lt(i53, 0)
guard_false(i58, descr=<Guard0x10078ee90>) [i53, i0, i2, i1, p39, p56, p4, p3, p10, p12, p14, p16, p18, p20, p22, p24, p26, p28, p30, p32, p34, p36, p38, i50, None]
+457: p59 = getarrayitem_gc(p56, i53, descr=<ArrayP 8>)
+462: i61 = int_sub(i53, 1)
+466: p62 = getfield_gc_pure(p59, descr=<FieldP tuple2.item0 8>)
+470: i63 = getfield_gc_pure(p59, descr=<FieldS tuple2.item1 16>)
+474: setfield_gc(p39, i61, descr=<FieldS pyrlang.interpreter.register.Y_Register.inst_addr_top 16>)
+478: i65 = int_eq(27, i0)
guard_true(i65, descr=<Guard0x10078ee38>) [i0, i2, i1, i63, p4, p3, p62, p10, p12, p14, p16, p18, p20, p22, p24, p26, p28, p30, p32, p34, p36, p38, i50, None]
+492: guard_value(i63, 23, descr=<Guard0x10078ede0>) [i2, i1, i63, p39, p4, p3, p62, p10, p12, p14, p16, p18, p20, p22, p24, p26, p28, p30, p32, p34, p36, p38, i50, None]
+502: guard_value(p62, ConstPtr(ptr67), descr=<Guard0x10078ed88>) [i2, i1, p39, p4, p3, p62, p10, p12, p14, p16, p18, p20, p22, p24, p26, p28, p30, p32, p34, p36, p38, i50, None]
debug_merge_point(0, 0, '23 line 2')
+521: p68 = same_as(p39)
+524: label(i1, i2, p3, p4, p39, i50, p10, p12, p14, p16, p18, p20, p22, p24, p26, p28, p30, p32, p34, p36, p38, p41, i52, p68, i61, p56, descr=TargetToken(4302402152))
debug_merge_point(0, 0, '23 line 2')
debug_merge_point(0, 0, '24 gc_bif2 L0. 1. 1. y(0). x(0). x(0)')
+557: p69 = getarrayitem_gc(p41, i52, descr=<ArrayP 8>)
+562: guard_class(p69, ConstClass(W_IntObject), descr=<Guard0x10078ed30>) [i2, i1, p4, p3, p69, p10, p12, p14, p16, p18, p20, p22, p24, p26, p28, p30, p32, p34, p36, p38, i50]
+574: i70 = getfield_gc_pure(p69, descr=<FieldS pyrlang.interpreter.datatypes.number.W_IntObject.inst_intval 8>)
+578: i71 = int_add_ovf(i70, i50)
guard_no_overflow(descr=<Guard0x10078ecd8>) [i2, i1, p4, p3, i71, p69, p10, p12, p14, p16, p18, p20, p22, p24, p26, p28, p30, p32, p34, p36, p38, i50]
debug_merge_point(0, 0, '25 deallocate 1')
+587: i72 = int_sub(i52, 1)
debug_merge_point(0, 0, '26 return ')
+591: setfield_gc(p68, i72, descr=<FieldS pyrlang.interpreter.register.Y_Register.inst_val_top 40>)
+595: i73 = int_eq(i61, -1)
guard_false(i73, descr=<Guard0x10078ec80>) [i2, i1, p68, p4, p3, p10, p12, p14, p16, p18, p20, p22, p24, p26, p28, p30, p32, p34, p36, p38, i71, None]
+605: i74 = int_lt(i61, 0)
guard_false(i74, descr=<Guard0x10078ec28>) [i61, i2, i1, p68, p56, p4, p3, p10, p12, p14, p16, p18, p20, p22, p24, p26, p28, p30, p32, p34, p36, p38, i71, None]
+615: p75 = getarrayitem_gc(p56, i61, descr=<ArrayP 8>)
+620: i76 = int_sub(i61, 1)
+624: p77 = getfield_gc_pure(p75, descr=<FieldP tuple2.item0 8>)
+628: i78 = getfield_gc_pure(p75, descr=<FieldS tuple2.item1 16>)
+632: setfield_gc(p68, i76, descr=<FieldS pyrlang.interpreter.register.Y_Register.inst_addr_top 16>)
+636: guard_value(i78, 23, descr=<Guard0x10078ebd0>) [i2, i1, i78, p68, p4, p3, p77, p10, p12, p14, p16, p18, p20, p22, p24, p26, p28, p30, p32, p34, p36, p38, i71, None]
+646: guard_value(p77, ConstPtr(ptr67), descr=<Guard0x10078eb78>) [i2, i1, p68, p4, p3, p77, p10, p12, p14, p16, p18, p20, p22, p24, p26, p28, p30, p32, p34, p36, p38, i71, None]
debug_merge_point(0, 0, '23 line 2')
+665: jump(i1, i2, p3, p4, p68, i71, p10, p12, p14, p16, p18, p20, p22, p24, p26, p28, p30, p32, p34, p36, p38, p41, i72, p68, i76, p56, descr=TargetToken(4302402152))
+688: --end of the loop--
[17aefda53a7b0e] jit-log-opt-loop}
[17aefda56262ae] {jit-log-opt-bridge
# bridge out of Guard 0x100760ff0 with 35 ops
[i0, i1, p2, p3, p4, p5, p6, p7, p8, p9, p10, p11, p12, p13, p14, p15, p16, p17, p18, p19, i20]
+59: guard_value(i1, 23, descr=<Guard0x10078f200>) [i0, i1, p2, p3, p4, p5, p6, p7, p8, p9, p10, p11, p12, p13, p14, p15, p16, p17, p18, p19, i20]
+69: guard_value(p5, ConstPtr(ptr22), descr=<Guard0x10078f620>) [i0, p2, p3, p4, p5, p6, p7, p8, p9, p10, p11, p12, p13, p14, p15, p16, p17, p18, p19, i20]
debug_merge_point(0, 0, '23 line 2')
+88: label(i0, p4, p3, p2, i20, p6, p7, p8, p9, p10, p11, p12, p13, p14, p15, p16, p17, p18, p19, descr=TargetToken(4302402440))
+125: p23 = getfield_gc(p4, descr=<FieldP pyrlang.interpreter.interp.Process.inst_y_reg 80>)
debug_merge_point(0, 0, '24 gc_bif2 L0. 1. 1. y(0). x(0). x(0)')
+129: i24 = getfield_gc(p23, descr=<FieldS pyrlang.interpreter.register.Y_Register.inst_val_top 40>)
+133: p25 = getfield_gc(p23, descr=<FieldP pyrlang.interpreter.register.Y_Register.inst_vals 48>)
+137: p26 = getarrayitem_gc(p25, i24, descr=<ArrayP 8>)
+142: p27 = getfield_gc(p4, descr=<FieldP pyrlang.interpreter.interp.Process.inst_x_reg 72>)
+146: i28 = ptr_eq(p27, p3)
guard_true(i28, descr=<Guard0x10078f5c8>) [i0, p3, p4, p27, p6, p7, p8, p9, p10, p11, p12, p13, p14, p15, p16, p17, p18, p19, i20, p26]
+159: guard_class(p26, ConstClass(W_IntObject), descr=<Guard0x10078f570>) [i0, p3, p4, p26, p6, p7, p8, p9, p10, p11, p12, p13, p14, p15, p16, p17, p18, p19, i20, None]
+171: i31 = getfield_gc_pure(p26, descr=<FieldS pyrlang.interpreter.datatypes.number.W_IntObject.inst_intval 8>)
+175: i32 = int_add_ovf(i31, i20)
guard_no_overflow(descr=<Guard0x10078f518>) [i0, p3, p4, i32, p26, p6, p7, p8, p9, p10, p11, p12, p13, p14, p15, p16, p17, p18, p19, i20, None]
debug_merge_point(0, 0, '25 deallocate 1')
+184: i34 = int_sub(i24, 1)
debug_merge_point(0, 0, '26 return ')
+188: i35 = getfield_gc(p23, descr=<FieldS pyrlang.interpreter.register.Y_Register.inst_addr_top 16>)
+192: setfield_gc(p23, i34, descr=<FieldS pyrlang.interpreter.register.Y_Register.inst_val_top 40>)
+196: i37 = int_eq(i35, -1)
guard_false(i37, descr=<Guard0x10078f4c0>) [i0, p23, p3, p4, p6, p7, p8, p9, p10, p11, p12, p13, p14, p15, p16, p17, p18, p19, i32, None, None]
+206: p38 = getfield_gc(p23, descr=<FieldP pyrlang.interpreter.register.Y_Register.inst_addrs 24>)
+210: i40 = int_lt(i35, 0)
guard_false(i40, descr=<Guard0x10078f468>) [i35, i0, p23, p38, p3, p4, p6, p7, p8, p9, p10, p11, p12, p13, p14, p15, p16, p17, p18, p19, i32, None, None]
+220: p41 = getarrayitem_gc(p38, i35, descr=<ArrayP 8>)
+225: i43 = int_sub(i35, 1)
+229: p44 = getfield_gc_pure(p41, descr=<FieldP tuple2.item0 8>)
+233: i45 = getfield_gc_pure(p41, descr=<FieldS tuple2.item1 16>)
+237: setfield_gc(p23, i43, descr=<FieldS pyrlang.interpreter.register.Y_Register.inst_addr_top 16>)
+241: guard_value(i45, 23, descr=<Guard0x10078f410>) [i0, i45, p23, p3, p4, p44, p6, p7, p8, p9, p10, p11, p12, p13, p14, p15, p16, p17, p18, p19, i32, None, None]
+251: guard_value(p44, ConstPtr(ptr47), descr=<Guard0x10078f3b8>) [i0, p23, p3, p4, p44, p6, p7, p8, p9, p10, p11, p12, p13, p14, p15, p16, p17, p18, p19, i32, None, None]
debug_merge_point(0, 0, '23 line 2')
+270: jump(i0, p4, p3, p23, i32, p6, p7, p8, p9, p10, p11, p12, p13, p14, p15, p16, p17, p18, p19, descr=TargetToken(4302402440))
+288: --end of the loop--
[17aefda5669405] jit-log-opt-bridge}
[17aefda5af92ae] {jit-log-opt-bridge
# bridge out of Guard 0x10078f410 with 39 ops
[i0, i1, p2, p3, p4, p5, p6, p7, p8, p9, p10, p11, p12, p13, p14, p15, p16, p17, p18, p19, i20]
+59: guard_value(i1, 17, descr=<Guard0x10078f830>) [i0, i1, p2, p3, p4, p5, p6, p7, p8, p9, p10, p11, p12, p13, p14, p15, p16, p17, p18, p19, i20]
+69: guard_value(p5, ConstPtr(ptr22), descr=<Guard0x10078fba0>) [i0, p2, p3, p4, p5, p6, p7, p8, p9, p10, p11, p12, p13, p14, p15, p16, p17, p18, p19, i20]
debug_merge_point(0, 0, '17 line 2')
+88: p23 = getfield_gc(p4, descr=<FieldP pyrlang.interpreter.interp.Process.inst_y_reg 80>)
debug_merge_point(0, 0, '18 gc_bif2 L0. 1. 0. y(0). #2. x(1)')
+92: i24 = getfield_gc(p23, descr=<FieldS pyrlang.interpreter.register.Y_Register.inst_val_top 40>)
+96: p25 = getfield_gc(p23, descr=<FieldP pyrlang.interpreter.register.Y_Register.inst_vals 48>)
+100: p26 = getarrayitem_gc(p25, i24, descr=<ArrayP 8>)
+105: guard_class(p26, ConstClass(W_IntObject), descr=<Guard0x10078fb48>) [i0, p3, p4, p26, p6, p7, p8, p9, p10, p11, p12, p13, p14, p15, p16, p17, p18, p19, i20]
+119: i28 = getfield_gc_pure(p26, descr=<FieldS pyrlang.interpreter.datatypes.number.W_IntObject.inst_intval 8>)
+123: i30 = int_sub_ovf(i28, 2)
guard_no_overflow(descr=<Guard0x10078faf0>) [i0, p3, p4, i30, p26, p6, p7, p8, p9, p10, p11, p12, p13, p14, p15, p16, p17, p18, p19, i20]
+133: p31 = getfield_gc(p4, descr=<FieldP pyrlang.interpreter.interp.Process.inst_x_reg 72>)
+137: i32 = ptr_eq(p31, p3)
guard_true(i32, descr=<Guard0x10078fa98>) [i0, p3, p4, p31, p6, p7, p8, p9, p10, p11, p12, p13, p14, p15, p16, p17, p18, p19, i30, i20]
debug_merge_point(0, 0, '19 move x(0). y(0)')
+150: i34 = int_lt(i24, 0)
guard_false(i34, descr=<Guard0x10078fa40>) [i0, p3, p4, i24, p25, p6, p7, p8, p9, p10, p11, p12, p13, p14, p15, p16, p17, p18, p19, i30, i20]
p36 = new_with_vtable(ConstClass(W_IntObject))
+246: setfield_gc(p36, i20, descr=<FieldS pyrlang.interpreter.datatypes.number.W_IntObject.inst_intval 8>)
+298: setarrayitem_gc(p25, i24, p36, descr=<ArrayP 8>)
debug_merge_point(0, 0, '20 move x(1). x(0)')
debug_merge_point(0, 0, '21 line 2')
debug_merge_point(0, 0, '22 call 1. L2')
+303: i37 = getfield_gc(p23, descr=<FieldS pyrlang.interpreter.register.Y_Register.inst_addr_top 16>)
+307: i39 = int_add(i37, 1)
+311: i40 = getfield_gc(p23, descr=<FieldS pyrlang.interpreter.register.Y_Register.inst_addr_size 8>)
+315: setfield_gc(p23, i39, descr=<FieldS pyrlang.interpreter.register.Y_Register.inst_addr_top 16>)
+319: i41 = int_ge(i39, i40)
guard_false(i41, descr=<Guard0x10078f9e8>) [i0, p3, p4, i40, p23, p6, p7, p8, p9, p10, p11, p12, p13, p14, p15, p16, p17, p18, p19, i30]
+328: p42 = getfield_gc(p23, descr=<FieldP pyrlang.interpreter.register.Y_Register.inst_addrs 24>)
+332: i44 = int_lt(i39, 0)
guard_false(i44, descr=<Guard0x10078f990>) [i0, p3, p4, i39, p42, p6, p7, p8, p9, p10, p11, p12, p13, p14, p15, p16, p17, p18, p19, i30]
+383: setarrayitem_gc(p42, i39, ConstPtr(ptr45), descr=<ArrayP 8>)
+398: i47 = int_sub(i0, 1)
debug_merge_point(0, 0, '3 label 2')
+409: i49 = int_ge(i40, 1)
guard_true(i49, descr=<Guard0x10078f938>) [i47, p23, p3, p4, p6, p7, p8, p9, p10, p11, p12, p13, p14, p15, p16, p17, p18, p19, i30]
+419: jump(i47, p4, p3, p23, i30, p6, p7, p8, p9, p10, p11, p12, p13, p14, p15, p16, p17, p18, p19, p42, i39, p23, i37, p25, i24, i40, descr=TargetToken(4302398120))
+480: --end of the loop--
[17aefda5b3d647] jit-log-opt-bridge}
[17aefda61db816] {jit-log-opt-bridge
# bridge out of Guard 0x100761a40 with 35 ops
[i0, i1, p2, p3, p4, p5, p6, p7, p8, p9, p10, p11, p12, p13, p14, p15, p16, p17, p18, p19, i20]
+59: guard_value(i1, 23, descr=<Guard0x10078fe60>) [i0, i1, p2, p3, p4, p5, p6, p7, p8, p9, p10, p11, p12, p13, p14, p15, p16, p17, p18, p19, i20]
+69: guard_value(p5, ConstPtr(ptr22), descr=<Guard0x1007c62e0>) [i0, p2, p3, p4, p5, p6, p7, p8, p9, p10, p11, p12, p13, p14, p15, p16, p17, p18, p19, i20]
debug_merge_point(0, 0, '23 line 2')
+88: label(i0, p4, p3, p2, i20, p6, p7, p8, p9, p10, p11, p12, p13, p14, p15, p16, p17, p18, p19, descr=TargetToken(4302403160))
+125: p23 = getfield_gc(p4, descr=<FieldP pyrlang.interpreter.interp.Process.inst_y_reg 80>)
debug_merge_point(0, 0, '24 gc_bif2 L0. 1. 1. y(0). x(0). x(0)')
+129: i24 = getfield_gc(p23, descr=<FieldS pyrlang.interpreter.register.Y_Register.inst_val_top 40>)
+133: p25 = getfield_gc(p23, descr=<FieldP pyrlang.interpreter.register.Y_Register.inst_vals 48>)
+137: p26 = getarrayitem_gc(p25, i24, descr=<ArrayP 8>)
+142: p27 = getfield_gc(p4, descr=<FieldP pyrlang.interpreter.interp.Process.inst_x_reg 72>)
+146: i28 = ptr_eq(p27, p3)
guard_true(i28, descr=<Guard0x1007c6288>) [i0, p3, p4, p27, p6, p7, p8, p9, p10, p11, p12, p13, p14, p15, p16, p17, p18, p19, i20, p26]
+159: guard_class(p26, ConstClass(W_IntObject), descr=<Guard0x1007c6230>) [i0, p3, p4, p26, p6, p7, p8, p9, p10, p11, p12, p13, p14, p15, p16, p17, p18, p19, i20, None]
+171: i31 = getfield_gc_pure(p26, descr=<FieldS pyrlang.interpreter.datatypes.number.W_IntObject.inst_intval 8>)
+175: i32 = int_add_ovf(i31, i20)
guard_no_overflow(descr=<Guard0x1007c61d8>) [i0, p3, p4, i32, p26, p6, p7, p8, p9, p10, p11, p12, p13, p14, p15, p16, p17, p18, p19, i20, None]
debug_merge_point(0, 0, '25 deallocate 1')
+184: i34 = int_sub(i24, 1)
debug_merge_point(0, 0, '26 return ')
+188: i35 = getfield_gc(p23, descr=<FieldS pyrlang.interpreter.register.Y_Register.inst_addr_top 16>)
+192: setfield_gc(p23, i34, descr=<FieldS pyrlang.interpreter.register.Y_Register.inst_val_top 40>)
+196: i37 = int_eq(i35, -1)
guard_false(i37, descr=<Guard0x1007c6180>) [i0, p23, p3, p4, p6, p7, p8, p9, p10, p11, p12, p13, p14, p15, p16, p17, p18, p19, i32, None, None]
+206: p38 = getfield_gc(p23, descr=<FieldP pyrlang.interpreter.register.Y_Register.inst_addrs 24>)
+210: i40 = int_lt(i35, 0)
guard_false(i40, descr=<Guard0x1007c6128>) [i35, i0, p23, p38, p3, p4, p6, p7, p8, p9, p10, p11, p12, p13, p14, p15, p16, p17, p18, p19, i32, None, None]
+220: p41 = getarrayitem_gc(p38, i35, descr=<ArrayP 8>)
+225: i43 = int_sub(i35, 1)
+229: p44 = getfield_gc_pure(p41, descr=<FieldP tuple2.item0 8>)
+233: i45 = getfield_gc_pure(p41, descr=<FieldS tuple2.item1 16>)
+237: setfield_gc(p23, i43, descr=<FieldS pyrlang.interpreter.register.Y_Register.inst_addr_top 16>)
+241: guard_value(i45, 23, descr=<Guard0x1007c60d0>) [i0, i45, p23, p3, p4, p44, p6, p7, p8, p9, p10, p11, p12, p13, p14, p15, p16, p17, p18, p19, i32, None, None]
+251: guard_value(p44, ConstPtr(ptr47), descr=<Guard0x1007c6078>) [i0, p23, p3, p4, p44, p6, p7, p8, p9, p10, p11, p12, p13, p14, p15, p16, p17, p18, p19, i32, None, None]
debug_merge_point(0, 0, '23 line 2')
+270: jump(i0, p4, p3, p23, i32, p6, p7, p8, p9, p10, p11, p12, p13, p14, p15, p16, p17, p18, p19, descr=TargetToken(4302403160))
+288: --end of the loop--
[17aefda6223742] jit-log-opt-bridge}
[17aefda6567cc2] {jit-log-opt-bridge
# bridge out of Guard 0x1007c60d0 with 39 ops
[i0, i1, p2, p3, p4, p5, p6, p7, p8, p9, p10, p11, p12, p13, p14, p15, p16, p17, p18, p19, i20]
+59: guard_value(i1, 17, descr=<Guard0x1007c6440>) [i0, i1, p2, p3, p4, p5, p6, p7, p8, p9, p10, p11, p12, p13, p14, p15, p16, p17, p18, p19, i20]
+69: guard_value(p5, ConstPtr(ptr22), descr=<Guard0x1007c67b0>) [i0, p2, p3, p4, p5, p6, p7, p8, p9, p10, p11, p12, p13, p14, p15, p16, p17, p18, p19, i20]
debug_merge_point(0, 0, '17 line 2')
+88: p23 = getfield_gc(p4, descr=<FieldP pyrlang.interpreter.interp.Process.inst_y_reg 80>)
debug_merge_point(0, 0, '18 gc_bif2 L0. 1. 0. y(0). #2. x(1)')
+92: i24 = getfield_gc(p23, descr=<FieldS pyrlang.interpreter.register.Y_Register.inst_val_top 40>)
+96: p25 = getfield_gc(p23, descr=<FieldP pyrlang.interpreter.register.Y_Register.inst_vals 48>)
+100: p26 = getarrayitem_gc(p25, i24, descr=<ArrayP 8>)
+105: guard_class(p26, ConstClass(W_IntObject), descr=<Guard0x1007c6758>) [i0, p3, p4, p26, p6, p7, p8, p9, p10, p11, p12, p13, p14, p15, p16, p17, p18, p19, i20]
+118: i28 = getfield_gc_pure(p26, descr=<FieldS pyrlang.interpreter.datatypes.number.W_IntObject.inst_intval 8>)
+122: i30 = int_sub_ovf(i28, 2)
guard_no_overflow(descr=<Guard0x1007c6700>) [i0, p3, p4, i30, p26, p6, p7, p8, p9, p10, p11, p12, p13, p14, p15, p16, p17, p18, p19, i20]
+132: p31 = getfield_gc(p4, descr=<FieldP pyrlang.interpreter.interp.Process.inst_x_reg 72>)
+136: i32 = ptr_eq(p31, p3)
guard_true(i32, descr=<Guard0x1007c66a8>) [i0, p3, p4, p31, p6, p7, p8, p9, p10, p11, p12, p13, p14, p15, p16, p17, p18, p19, i30, i20]
debug_merge_point(0, 0, '19 move x(0). y(0)')
+149: i34 = int_lt(i24, 0)
guard_false(i34, descr=<Guard0x1007c6650>) [i0, p3, p4, i24, p25, p6, p7, p8, p9, p10, p11, p12, p13, p14, p15, p16, p17, p18, p19, i30, i20]
p36 = new_with_vtable(ConstClass(W_IntObject))
+238: setfield_gc(p36, i20, descr=<FieldS pyrlang.interpreter.datatypes.number.W_IntObject.inst_intval 8>)
+283: setarrayitem_gc(p25, i24, p36, descr=<ArrayP 8>)
debug_merge_point(0, 0, '20 move x(1). x(0)')
debug_merge_point(0, 0, '21 line 2')
debug_merge_point(0, 0, '22 call 1. L2')
+288: i37 = getfield_gc(p23, descr=<FieldS pyrlang.interpreter.register.Y_Register.inst_addr_top 16>)
+292: i39 = int_add(i37, 1)
+296: i40 = getfield_gc(p23, descr=<FieldS pyrlang.interpreter.register.Y_Register.inst_addr_size 8>)
+300: setfield_gc(p23, i39, descr=<FieldS pyrlang.interpreter.register.Y_Register.inst_addr_top 16>)
+304: i41 = int_ge(i39, i40)
guard_false(i41, descr=<Guard0x1007c65f8>) [i0, p3, p4, i40, p23, p6, p7, p8, p9, p10, p11, p12, p13, p14, p15, p16, p17, p18, p19, i30]
+313: p42 = getfield_gc(p23, descr=<FieldP pyrlang.interpreter.register.Y_Register.inst_addrs 24>)
+317: i44 = int_lt(i39, 0)
guard_false(i44, descr=<Guard0x1007c65a0>) [i0, p3, p4, i39, p42, p6, p7, p8, p9, p10, p11, p12, p13, p14, p15, p16, p17, p18, p19, i30]
+368: setarrayitem_gc(p42, i39, ConstPtr(ptr45), descr=<ArrayP 8>)
+383: i47 = int_sub(i0, 1)
debug_merge_point(0, 0, '3 label 2')
+394: i49 = int_ge(i40, 1)
guard_true(i49, descr=<Guard0x1007c6548>) [i47, p23, p3, p4, p6, p7, p8, p9, p10, p11, p12, p13, p14, p15, p16, p17, p18, p19, i30]
+404: jump(i47, p4, p3, p23, i30, p6, p7, p8, p9, p10, p11, p12, p13, p14, p15, p16, p17, p18, p19, p42, i39, p23, i37, p25, i24, i40, descr=TargetToken(4302398120))
+464: --end of the loop--
[17aefda65ad9e8] jit-log-opt-bridge}
[17af053732bde3] {jit-backend-counts
entry 0:1784
TargetToken(4302397472):1784
TargetToken(4302397544):701403026
bridge 4302390424:267912504
TargetToken(4302398120):701403770
bridge 4302391216:294
bridge 4302393680:433490772
entry 1:1032
bridge 4302396056:267911414
bridge 4302393064:102333242
bridge 4302396936:63245408
bridge 4302705152:63245222
bridge 4302707792:39087612
entry 2:211
TargetToken(4302402080):211
TargetToken(4302402152):130
bridge 4302704624:14930012
TargetToken(4302402440):24157266
bridge 4302894096:14929812
bridge 4302707264:9226777
TargetToken(4302403160):14929241
bridge 4303118544:9226576
[17af053733a6e4] jit-backend-counts}
