[43f1595572ecac] {jit-backend-counts
[43f15955737bd9] jit-backend-counts}
[43f15962f452ae] {jit-log-opt-loop
# Loop 0 (3 label 2) : entry bridge with 75 ops
[i0, i1, p2, p3, p4]
+134: p5 = getfield_gc(p3, descr=<FieldP pyrlang.interpreter.register.X_Register.inst_floats 16>)
+145: p7 = getarrayitem_gc(p5, 0, descr=<ArrayP 8>)
+149: p9 = getarrayitem_gc(p5, 1, descr=<ArrayP 8>)
+153: p11 = getarrayitem_gc(p5, 2, descr=<ArrayP 8>)
+157: p13 = getarrayitem_gc(p5, 3, descr=<ArrayP 8>)
+161: p15 = getarrayitem_gc(p5, 4, descr=<ArrayP 8>)
+165: p17 = getarrayitem_gc(p5, 5, descr=<ArrayP 8>)
+169: p19 = getarrayitem_gc(p5, 6, descr=<ArrayP 8>)
+173: p21 = getarrayitem_gc(p5, 7, descr=<ArrayP 8>)
+177: p23 = getarrayitem_gc(p5, 8, descr=<ArrayP 8>)
+181: p25 = getarrayitem_gc(p5, 9, descr=<ArrayP 8>)
+185: p27 = getarrayitem_gc(p5, 10, descr=<ArrayP 8>)
+189: p29 = getarrayitem_gc(p5, 11, descr=<ArrayP 8>)
+193: p31 = getarrayitem_gc(p5, 12, descr=<ArrayP 8>)
+204: p33 = getarrayitem_gc(p5, 13, descr=<ArrayP 8>)
+215: p35 = getarrayitem_gc(p5, 14, descr=<ArrayP 8>)
+229: p37 = getarrayitem_gc(p5, 15, descr=<ArrayP 8>)
+243: p38 = getfield_gc(p3, descr=<FieldP pyrlang.interpreter.register.X_Register.inst_regs 24>)
+261: p40 = getarrayitem_gc(p38, 0, descr=<ArrayP 8>)
+272: p42 = getarrayitem_gc(p38, 1, descr=<ArrayP 8>)
+283: p44 = getarrayitem_gc(p38, 2, descr=<ArrayP 8>)
+294: p46 = getarrayitem_gc(p38, 3, descr=<ArrayP 8>)
+305: p48 = getarrayitem_gc(p38, 4, descr=<ArrayP 8>)
+316: p50 = getarrayitem_gc(p38, 5, descr=<ArrayP 8>)
+327: p52 = getarrayitem_gc(p38, 6, descr=<ArrayP 8>)
+338: p54 = getarrayitem_gc(p38, 7, descr=<ArrayP 8>)
+349: p56 = getarrayitem_gc(p38, 8, descr=<ArrayP 8>)
+360: p58 = getarrayitem_gc(p38, 9, descr=<ArrayP 8>)
+371: p60 = getarrayitem_gc(p38, 10, descr=<ArrayP 8>)
+382: p62 = getarrayitem_gc(p38, 11, descr=<ArrayP 8>)
+386: p64 = getarrayitem_gc(p38, 12, descr=<ArrayP 8>)
+397: p66 = getarrayitem_gc(p38, 13, descr=<ArrayP 8>)
+408: p68 = getarrayitem_gc(p38, 14, descr=<ArrayP 8>)
+422: p70 = getarrayitem_gc(p38, 15, descr=<ArrayP 8>)
debug_merge_point(0, 0, '3 label 2')
+436: p71 = getfield_gc(p2, descr=<FieldP pyrlang.interpreter.interp.Process.inst_y_reg 80>)
debug_merge_point(0, 0, '4 move "sadgsadg". x(0)')
+454: p72 = getfield_gc(p2, descr=<FieldP pyrlang.interpreter.interp.Process.inst_x_reg 72>)
+465: i73 = ptr_eq(p72, p3)
guard_true(i73, descr=<Guard0x102018230>) [i1, i0, p3, p2, p72, p7, p9, p11, p13, p15, p17, p19, p21, p23, p25, p27, p29, p31, p33, p35, p37, p40, p42, p44, p46, p48, p50, p52, p54, p56, p58, p60, p62, p64, p66, p68, p70]
debug_merge_point(0, 0, '5 return ')
+478: i74 = getfield_gc(p71, descr=<FieldS pyrlang.interpreter.register.Y_Register.inst_addr_top 16>)
+482: i76 = int_eq(i74, -1)
guard_false(i76, descr=<Guard0x1020185f8>) [i1, i0, p71, p3, p2, p7, p9, p11, p13, p15, p17, p19, p21, p23, p25, p27, p29, p31, p33, p35, p37, p42, p44, p46, p48, p50, p52, p54, p56, p58, p60, p62, p64, p66, p68, p70]
+492: p77 = getfield_gc(p71, descr=<FieldP pyrlang.interpreter.register.Y_Register.inst_addrs 24>)
+496: i79 = int_lt(i74, 0)
guard_false(i79, descr=<Guard0x1020185a0>) [i1, i0, i74, p71, p77, p3, p2, p7, p9, p11, p13, p15, p17, p19, p21, p23, p25, p27, p29, p31, p33, p35, p37, p42, p44, p46, p48, p50, p52, p54, p56, p58, p60, p62, p64, p66, p68, p70]
+506: p80 = getarrayitem_gc(p77, i74, descr=<ArrayP 8>)
+518: i82 = int_sub(i74, 1)
+529: p83 = getfield_gc_pure(p80, descr=<FieldP tuple2.item0 8>)
+540: i84 = getfield_gc_pure(p80, descr=<FieldS tuple2.item1 16>)
+551: setfield_gc(p71, i82, descr=<FieldS pyrlang.interpreter.register.Y_Register.inst_addr_top 16>)
+555: guard_value(i84, 13, descr=<Guard0x102018548>) [i1, i0, i84, p71, p3, p2, p83, p7, p9, p11, p13, p15, p17, p19, p21, p23, p25, p27, p29, p31, p33, p35, p37, p42, p44, p46, p48, p50, p52, p54, p56, p58, p60, p62, p64, p66, p68, p70]
+565: guard_value(p83, ConstPtr(ptr86), descr=<Guard0x1020184f0>) [i1, i0, p71, p3, p2, p83, p7, p9, p11, p13, p15, p17, p19, p21, p23, p25, p27, p29, p31, p33, p35, p37, p42, p44, p46, p48, p50, p52, p54, p56, p58, p60, p62, p64, p66, p68, p70]
debug_merge_point(0, 0, '13 move x(0). y(0)')
+584: p87 = getfield_gc(p71, descr=<FieldP pyrlang.interpreter.register.Y_Register.inst_vals 48>)
+588: i88 = getfield_gc(p71, descr=<FieldS pyrlang.interpreter.register.Y_Register.inst_val_top 40>)
+592: i90 = int_lt(i88, 0)
guard_false(i90, descr=<Guard0x102018498>) [i1, i0, p3, p2, i88, p87, p7, p9, p11, p13, p15, p17, p19, p21, p23, p25, p27, p29, p31, p33, p35, p37, p42, p44, p46, p48, p50, p52, p54, p56, p58, p60, p62, p64, p66, p68, p70]
+602: setarrayitem_gc(p87, i88, ConstPtr(ptr91), descr=<ArrayP 8>)
debug_merge_point(0, 0, '14 line 2')
debug_merge_point(0, 0, '15 call 0. L2')
+617: i92 = getfield_gc(p71, descr=<FieldS pyrlang.interpreter.register.Y_Register.inst_addr_size 8>)
+621: setfield_gc(p71, i74, descr=<FieldS pyrlang.interpreter.register.Y_Register.inst_addr_top 16>)
+625: i93 = int_ge(i74, i92)
guard_false(i93, descr=<Guard0x102018440>) [i1, i0, p3, p2, i92, p71, p7, p9, p11, p13, p15, p17, p19, p21, p23, p25, p27, p29, p31, p33, p35, p37, p42, p44, p46, p48, p50, p52, p54, p56, p58, p60, p62, p64, p66, p68, p70]
+673: setarrayitem_gc(p77, i74, ConstPtr(ptr94), descr=<ArrayP 8>)
+688: i96 = int_sub(i0, 1)
+699: guard_false(i1, descr=<Guard0x1020183e8>) [i96, p3, p2, p7, p9, p11, p13, p15, p17, p19, p21, p23, p25, p27, p29, p31, p33, p35, p37, p42, p44, p46, p48, p50, p52, p54, p56, p58, p60, p62, p64, p66, p68, p70]
+715: i98 = int_le(i96, 0)
guard_true(i98, descr=<Guard0x102018390>) [i96, p3, p2, p7, p9, p11, p13, p15, p17, p19, p21, p23, p25, p27, p29, p31, p33, p35, p37, p42, p44, p46, p48, p50, p52, p54, p56, p58, p60, p62, p64, p66, p68, p70]
+725: p99 = force_token()
+757: setfield_gc(p3, p99, descr=<FieldP pyrlang.interpreter.register.X_Register.vable_token 8>)
+761: guard_not_forced_2(descr=<Guard0x1020182e0>) [p7, p9, p11, p13, p15, p17, p19, p21, p23, p25, p27, p29, p31, p33, p35, p37, p42, p44, p46, p48, p50, p52, p54, p56, p58, p60, p62, p64, p66, p68, p70, p3]
+810: finish(ConstPtr(ptr100), descr=<DoneWithThisFrameDescrRef object at 0x100345498>)
+928: --end of the loop--
[43f15962fdc614] jit-log-opt-loop}
[43f15b36b9661e] {jit-log-opt-loop
# Loop 1 (9 label 4) : entry bridge with 88 ops
[i0, i1, p2, p3, p4]
+134: p5 = getfield_gc(p3, descr=<FieldP pyrlang.interpreter.register.X_Register.inst_floats 16>)
+145: p7 = getarrayitem_gc(p5, 0, descr=<ArrayP 8>)
+149: p9 = getarrayitem_gc(p5, 1, descr=<ArrayP 8>)
+153: p11 = getarrayitem_gc(p5, 2, descr=<ArrayP 8>)
+157: p13 = getarrayitem_gc(p5, 3, descr=<ArrayP 8>)
+161: p15 = getarrayitem_gc(p5, 4, descr=<ArrayP 8>)
+165: p17 = getarrayitem_gc(p5, 5, descr=<ArrayP 8>)
+169: p19 = getarrayitem_gc(p5, 6, descr=<ArrayP 8>)
+173: p21 = getarrayitem_gc(p5, 7, descr=<ArrayP 8>)
+177: p23 = getarrayitem_gc(p5, 8, descr=<ArrayP 8>)
+181: p25 = getarrayitem_gc(p5, 9, descr=<ArrayP 8>)
+185: p27 = getarrayitem_gc(p5, 10, descr=<ArrayP 8>)
+189: p29 = getarrayitem_gc(p5, 11, descr=<ArrayP 8>)
+193: p31 = getarrayitem_gc(p5, 12, descr=<ArrayP 8>)
+204: p33 = getarrayitem_gc(p5, 13, descr=<ArrayP 8>)
+215: p35 = getarrayitem_gc(p5, 14, descr=<ArrayP 8>)
+229: p37 = getarrayitem_gc(p5, 15, descr=<ArrayP 8>)
+243: p38 = getfield_gc(p3, descr=<FieldP pyrlang.interpreter.register.X_Register.inst_regs 24>)
+261: p40 = getarrayitem_gc(p38, 0, descr=<ArrayP 8>)
+272: p42 = getarrayitem_gc(p38, 1, descr=<ArrayP 8>)
+283: p44 = getarrayitem_gc(p38, 2, descr=<ArrayP 8>)
+294: p46 = getarrayitem_gc(p38, 3, descr=<ArrayP 8>)
+305: p48 = getarrayitem_gc(p38, 4, descr=<ArrayP 8>)
+316: p50 = getarrayitem_gc(p38, 5, descr=<ArrayP 8>)
+327: p52 = getarrayitem_gc(p38, 6, descr=<ArrayP 8>)
+338: p54 = getarrayitem_gc(p38, 7, descr=<ArrayP 8>)
+349: p56 = getarrayitem_gc(p38, 8, descr=<ArrayP 8>)
+360: p58 = getarrayitem_gc(p38, 9, descr=<ArrayP 8>)
+371: p60 = getarrayitem_gc(p38, 10, descr=<ArrayP 8>)
+382: p62 = getarrayitem_gc(p38, 11, descr=<ArrayP 8>)
+386: p64 = getarrayitem_gc(p38, 12, descr=<ArrayP 8>)
+397: p66 = getarrayitem_gc(p38, 13, descr=<ArrayP 8>)
+408: p68 = getarrayitem_gc(p38, 14, descr=<ArrayP 8>)
+422: p70 = getarrayitem_gc(p38, 15, descr=<ArrayP 8>)
debug_merge_point(0, 0, '9 label 4')
+436: p71 = getfield_gc(p2, descr=<FieldP pyrlang.interpreter.interp.Process.inst_y_reg 80>)
debug_merge_point(0, 0, '10 allocate_zero 1. 0')
+454: i72 = getfield_gc(p71, descr=<FieldS pyrlang.interpreter.register.Y_Register.inst_val_top 40>)
+465: i74 = int_add(i72, 1)
+476: i75 = getfield_gc(p71, descr=<FieldS pyrlang.interpreter.register.Y_Register.inst_val_size 32>)
+480: setfield_gc(p71, i74, descr=<FieldS pyrlang.interpreter.register.Y_Register.inst_val_top 40>)
+484: i76 = int_ge(i74, i75)
guard_false(i76, descr=<Guard0x1059c4548>) [i1, i0, p3, p2, i74, i75, p71, p7, p9, p11, p13, p15, p17, p19, p21, p23, p25, p27, p29, p31, p33, p35, p37, p40, p42, p44, p46, p48, p50, p52, p54, p56, p58, p60, p62, p64, p66, p68, p70]
+493: p77 = getfield_gc(p71, descr=<FieldP pyrlang.interpreter.register.Y_Register.inst_vals 48>)
+497: i79 = int_lt(i74, 0)
guard_false(i79, descr=<Guard0x1059c4968>) [i1, i0, p3, p2, i74, p77, p71, p7, p9, p11, p13, p15, p17, p19, p21, p23, p25, p27, p29, p31, p33, p35, p37, p40, p42, p44, p46, p48, p50, p52, p54, p56, p58, p60, p62, p64, p66, p68, p70]
+507: setarrayitem_gc(p77, i74, ConstPtr(ptr80), descr=<ArrayP 8>)
debug_merge_point(0, 0, '11 line 2')
debug_merge_point(0, 0, '12 call 0. L2')
+522: i81 = getfield_gc(p71, descr=<FieldS pyrlang.interpreter.register.Y_Register.inst_addr_top 16>)
+533: i83 = int_add(i81, 1)
+544: i84 = getfield_gc(p71, descr=<FieldS pyrlang.interpreter.register.Y_Register.inst_addr_size 8>)
+555: setfield_gc(p71, i83, descr=<FieldS pyrlang.interpreter.register.Y_Register.inst_addr_top 16>)
+559: i85 = int_ge(i83, i84)
guard_false(i85, descr=<Guard0x1059c4910>) [i1, i0, p3, p2, i84, p71, p7, p9, p11, p13, p15, p17, p19, p21, p23, p25, p27, p29, p31, p33, p35, p37, p40, p42, p44, p46, p48, p50, p52, p54, p56, p58, p60, p62, p64, p66, p68, p70]
+568: p86 = getfield_gc(p71, descr=<FieldP pyrlang.interpreter.register.Y_Register.inst_addrs 24>)
+572: i88 = int_lt(i83, 0)
guard_false(i88, descr=<Guard0x1059c48b8>) [i1, i0, p3, p2, i83, p86, p7, p9, p11, p13, p15, p17, p19, p21, p23, p25, p27, p29, p31, p33, p35, p37, p40, p42, p44, p46, p48, p50, p52, p54, p56, p58, p60, p62, p64, p66, p68, p70]
+621: setarrayitem_gc(p86, i83, ConstPtr(ptr89), descr=<ArrayP 8>)
+636: i91 = int_sub(i0, 1)
+654: guard_false(i1, descr=<Guard0x1059c4860>) [i91, p3, p2, p7, p9, p11, p13, p15, p17, p19, p21, p23, p25, p27, p29, p31, p33, p35, p37, p40, p42, p44, p46, p48, p50, p52, p54, p56, p58, p60, p62, p64, p66, p68, p70]
+677: i93 = int_le(i91, 0)
guard_false(i93, descr=<Guard0x1059c4808>) [i91, p3, p2, p7, p9, p11, p13, p15, p17, p19, p21, p23, p25, p27, p29, p31, p33, p35, p37, p40, p42, p44, p46, p48, p50, p52, p54, p56, p58, p60, p62, p64, p66, p68, p70]
debug_merge_point(0, 0, '3 label 2')
debug_merge_point(0, 0, '4 move "sadgsadg". x(0)')
+687: p94 = getfield_gc(p2, descr=<FieldP pyrlang.interpreter.interp.Process.inst_x_reg 72>)
+691: i95 = ptr_eq(p94, p3)
guard_true(i95, descr=<Guard0x1059c47b0>) [i91, p3, p2, p94, p7, p9, p11, p13, p15, p17, p19, p21, p23, p25, p27, p29, p31, p33, p35, p37, p40, p42, p44, p46, p48, p50, p52, p54, p56, p58, p60, p62, p64, p66, p68, p70]
debug_merge_point(0, 0, '5 return ')
+704: p96 = getarrayitem_gc(p86, i83, descr=<ArrayP 8>)
+709: p97 = getfield_gc_pure(p96, descr=<FieldP tuple2.item0 8>)
+713: i98 = getfield_gc_pure(p96, descr=<FieldS tuple2.item1 16>)
+724: setfield_gc(p71, i81, descr=<FieldS pyrlang.interpreter.register.Y_Register.inst_addr_top 16>)
+728: guard_value(i98, 13, descr=<Guard0x1059c4758>) [i91, i98, p71, p3, p2, p97, p7, p9, p11, p13, p15, p17, p19, p21, p23, p25, p27, p29, p31, p33, p35, p37, p42, p44, p46, p48, p50, p52, p54, p56, p58, p60, p62, p64, p66, p68, p70]
+738: guard_value(p97, ConstPtr(ptr100), descr=<Guard0x1059c4700>) [i91, p71, p3, p2, p97, p7, p9, p11, p13, p15, p17, p19, p21, p23, p25, p27, p29, p31, p33, p35, p37, p42, p44, p46, p48, p50, p52, p54, p56, p58, p60, p62, p64, p66, p68, p70]
debug_merge_point(0, 0, '13 move x(0). y(0)')
+757: setarrayitem_gc(p77, i74, ConstPtr(ptr101), descr=<ArrayP 8>)
debug_merge_point(0, 0, '14 line 2')
debug_merge_point(0, 0, '15 call 0. L2')
+811: setarrayitem_gc(p86, i83, ConstPtr(ptr102), descr=<ArrayP 8>)
+826: i104 = int_sub(i91, 1)
+830: setfield_gc(p71, i83, descr=<FieldS pyrlang.interpreter.register.Y_Register.inst_addr_top 16>)
+834: i106 = int_le(i104, 0)
guard_true(i106, descr=<Guard0x1059c46a8>) [i104, p3, p2, p7, p9, p11, p13, p15, p17, p19, p21, p23, p25, p27, p29, p31, p33, p35, p37, p42, p44, p46, p48, p50, p52, p54, p56, p58, p60, p62, p64, p66, p68, p70]
+844: p107 = force_token()
+874: setfield_gc(p3, p107, descr=<FieldP pyrlang.interpreter.register.X_Register.vable_token 8>)
+878: guard_not_forced_2(descr=<Guard0x1059c45f8>) [p7, p9, p11, p13, p15, p17, p19, p21, p23, p25, p27, p29, p31, p33, p35, p37, p42, p44, p46, p48, p50, p52, p54, p56, p58, p60, p62, p64, p66, p68, p70, p3]
+906: finish(ConstPtr(ptr108), descr=<DoneWithThisFrameDescrRef object at 0x100345498>)
+1024: --end of the loop--
[43f15b36c34331] jit-log-opt-loop}
[43f15cd22eda4b] {jit-backend-counts
entry 0:1484584
entry 1:1443278
[43f15cd22f4cca] jit-backend-counts}
