[52dc99981fe0a8] {jit-backend-counts
[52dc999820c7fc] jit-backend-counts}
[52dc9998e682b3] {jit-log-opt-loop
# Loop 0 (229 label 49) : loop with 137 ops
[i0, i1, p2, p3, p4]
+134: p5 = getfield_gc(p3, descr=<FieldP pyrlang.interpreter.register.X_Register.inst_floats 16>)
+145: p7 = getarrayitem_gc(p5, 0, descr=<ArrayP 8>)
+149: p9 = getarrayitem_gc(p5, 1, descr=<ArrayP 8>)
+153: p11 = getarrayitem_gc(p5, 2, descr=<ArrayP 8>)
+157: p13 = getarrayitem_gc(p5, 3, descr=<ArrayP 8>)
+161: p15 = getarrayitem_gc(p5, 4, descr=<ArrayP 8>)
+165: p17 = getarrayitem_gc(p5, 5, descr=<ArrayP 8>)
+169: p19 = getarrayitem_gc(p5, 6, descr=<ArrayP 8>)
+173: p21 = getarrayitem_gc(p5, 7, descr=<ArrayP 8>)
+177: p23 = getarrayitem_gc(p5, 8, descr=<ArrayP 8>)
+181: p25 = getarrayitem_gc(p5, 9, descr=<ArrayP 8>)
+185: p27 = getarrayitem_gc(p5, 10, descr=<ArrayP 8>)
+189: p29 = getarrayitem_gc(p5, 11, descr=<ArrayP 8>)
+193: p31 = getarrayitem_gc(p5, 12, descr=<ArrayP 8>)
+204: p33 = getarrayitem_gc(p5, 13, descr=<ArrayP 8>)
+215: p35 = getarrayitem_gc(p5, 14, descr=<ArrayP 8>)
+229: p37 = getarrayitem_gc(p5, 15, descr=<ArrayP 8>)
+243: p38 = getfield_gc(p3, descr=<FieldP pyrlang.interpreter.register.X_Register.inst_regs 24>)
+261: p40 = getarrayitem_gc(p38, 0, descr=<ArrayP 8>)
+272: p42 = getarrayitem_gc(p38, 1, descr=<ArrayP 8>)
+283: p44 = getarrayitem_gc(p38, 2, descr=<ArrayP 8>)
+294: p46 = getarrayitem_gc(p38, 3, descr=<ArrayP 8>)
+305: p48 = getarrayitem_gc(p38, 4, descr=<ArrayP 8>)
+316: p50 = getarrayitem_gc(p38, 5, descr=<ArrayP 8>)
+327: p52 = getarrayitem_gc(p38, 6, descr=<ArrayP 8>)
+338: p54 = getarrayitem_gc(p38, 7, descr=<ArrayP 8>)
+349: p56 = getarrayitem_gc(p38, 8, descr=<ArrayP 8>)
+360: p58 = getarrayitem_gc(p38, 9, descr=<ArrayP 8>)
+371: p60 = getarrayitem_gc(p38, 10, descr=<ArrayP 8>)
+382: p62 = getarrayitem_gc(p38, 11, descr=<ArrayP 8>)
+386: p64 = getarrayitem_gc(p38, 12, descr=<ArrayP 8>)
+397: p66 = getarrayitem_gc(p38, 13, descr=<ArrayP 8>)
+408: p68 = getarrayitem_gc(p38, 14, descr=<ArrayP 8>)
+422: p70 = getarrayitem_gc(p38, 15, descr=<ArrayP 8>)
+436: label(i0, i1, p2, p3, p4, p7, p9, p11, p13, p15, p17, p19, p21, p23, p25, p27, p29, p31, p33, p35, p37, p40, p42, p44, p46, p48, p50, p52, p54, p56, p58, p60, p62, p64, p66, p68, p70, descr=TargetToken(4302381088))
debug_merge_point(0, 0, '229 label 49')
+525: p71 = getfield_gc(p2, descr=<FieldP pyrlang.interpreter.interp.Process.inst_y_reg 80>)
debug_merge_point(0, 0, '230 is_ge L50. x(0). #2')
+536: p72 = getfield_gc(p2, descr=<FieldP pyrlang.interpreter.interp.Process.inst_x_reg 72>)
+540: i73 = ptr_eq(p72, p3)
guard_true(i73, descr=<Guard0x1007109c0>) [i1, i0, p3, p2, p72, p7, p9, p11, p13, p15, p17, p19, p21, p23, p25, p27, p29, p31, p33, p35, p37, p40, p42, p44, p46, p48, p50, p52, p54, p56, p58, p60, p62, p64, p66, p68, p70]
+553: guard_class(p40, ConstClass(W_BigIntObject), descr=<Guard0x100711200>) [i1, i0, p3, p2, p40, p7, p9, p11, p13, p15, p17, p19, p21, p23, p25, p27, p29, p31, p33, p35, p37, p42, p44, p46, p48, p50, p52, p54, p56, p58, p60, p62, p64, p66, p68, p70]
+566: p75 = getfield_gc_pure(p40, descr=<FieldP pyrlang.interpreter.datatypes.number.W_BigIntObject.inst_bigintval 8>)
+570: i78 = call(ConstClass(rbigint.lt), p75, ConstPtr(ptr77), descr=<Calli 1 rr EF=0>)
+696: guard_false(i78, descr=<Guard0x1007111a8>) [i1, i0, p3, p2, p7, p9, p11, p13, p15, p17, p19, p21, p23, p25, p27, p29, p31, p33, p35, p37, p40, p42, p44, p46, p48, p50, p52, p54, p56, p58, p60, p62, p64, p66, p68, p70]
debug_merge_point(0, 0, '231 line 32')
debug_merge_point(0, 0, '232 gc_bif2 L0. 3. 4. x(0). #2. x(0)')
+705: p81 = call(ConstClass(rbigint.sub), p75, ConstPtr(ptr80), descr=<Callr 8 rr EF=3>)
+796: guard_no_exception(descr=<Guard0x100711150>) [i1, i0, p3, p2, p81, p7, p9, p11, p13, p15, p17, p19, p21, p23, p25, p27, p29, p31, p33, p35, p37, p40, p42, p44, p46, p48, p50, p52, p54, p56, p58, p60, p62, p64, p66, p68, p70]
debug_merge_point(0, 0, '233 line 32')
debug_merge_point(0, 0, '234 gc_bif2 L0. 3. 4. x(1). #2. x(3)')
+816: guard_class(p42, ConstClass(W_BigIntObject), descr=<Guard0x1007110f8>) [i1, i0, p3, p2, p42, p7, p9, p11, p13, p15, p17, p19, p21, p23, p25, p27, p29, p31, p33, p35, p37, p44, p46, p48, p50, p52, p54, p56, p58, p60, p62, p64, p66, p68, p70, p81]
+835: p83 = getfield_gc_pure(p42, descr=<FieldP pyrlang.interpreter.datatypes.number.W_BigIntObject.inst_bigintval 8>)
+839: p86 = call(ConstClass(rbigint.sub), p83, ConstPtr(ptr85), descr=<Callr 8 rr EF=3>)
+937: guard_no_exception(descr=<Guard0x1007110a0>) [i1, i0, p3, p2, p86, p7, p9, p11, p13, p15, p17, p19, p21, p23, p25, p27, p29, p31, p33, p35, p37, p42, p44, p46, p48, p50, p52, p54, p56, p58, p60, p62, p64, p66, p68, p70, p81]
debug_merge_point(0, 0, '235 line 32')
debug_merge_point(0, 0, '236 gc_bif2 L0. 4. 4. x(1). #3. x(4)')
+957: p89 = call(ConstClass(rbigint.sub), p83, ConstPtr(ptr88), descr=<Callr 8 rr EF=3>)
+1055: guard_no_exception(descr=<Guard0x100711048>) [i1, i0, p3, p2, p89, p7, p9, p11, p13, p15, p17, p19, p21, p23, p25, p27, p29, p31, p33, p35, p37, p42, p44, p48, p50, p52, p54, p56, p58, p60, p62, p64, p66, p68, p70, p86, p81]
debug_merge_point(0, 0, '237 line 32')
debug_merge_point(0, 0, '238 gc_bif2 L0. 5. 4. x(1). #4. x(5)')
+1075: p92 = call(ConstClass(rbigint.sub), p83, ConstPtr(ptr91), descr=<Callr 8 rr EF=3>)
+1173: guard_no_exception(descr=<Guard0x100710ff0>) [i1, i0, p3, p2, p92, p7, p9, p11, p13, p15, p17, p19, p21, p23, p25, p27, p29, p31, p33, p35, p37, p42, p44, p50, p52, p54, p56, p58, p60, p62, p64, p66, p68, p70, p89, p86, p81]
debug_merge_point(0, 0, '239 line 32')
debug_merge_point(0, 0, '240 gc_bif2 L0. 6. 4. x(1). #0. x(6)')
+1193: p95 = call(ConstClass(rbigint.sub), p83, ConstPtr(ptr94), descr=<Callr 8 rr EF=3>)
+1291: guard_no_exception(descr=<Guard0x100710f98>) [i1, i0, p3, p2, p95, p7, p9, p11, p13, p15, p17, p19, p21, p23, p25, p27, p29, p31, p33, p35, p37, p42, p44, p52, p54, p56, p58, p60, p62, p64, p66, p68, p70, p92, p89, p86, p81]
debug_merge_point(0, 0, '241 test_heap 8. 7')
debug_merge_point(0, 0, '242 put_list x(1). x(2). x(7)')
debug_merge_point(0, 0, '243 put_list x(6). x(7). x(6)')
debug_merge_point(0, 0, '244 put_list x(5). x(6). x(5)')
debug_merge_point(0, 0, '245 put_list x(4). x(5). x(2)')
debug_merge_point(0, 0, '246 move x(3). x(1)')
debug_merge_point(0, 0, '247 call_only 3. L49')
+1311: i97 = int_sub(i0, 1)
+1322: guard_true(i1, descr=<Guard0x100710ee8>) [i97, p3, p2, p7, p9, p11, p13, p15, p17, p19, p21, p23, p25, p27, p29, p31, p33, p35, p37, p56, p58, p60, p62, p64, p66, p68, p70, p44, p42, p95, p92, p89, p86, p81]
debug_merge_point(0, 0, '229 label 49')
+1338: p98 = same_as(p71)
+1345: p99 = same_as(p86)
+1345: p100 = same_as(p89)
+1345: p101 = same_as(p92)
+1345: p102 = same_as(p95)
+1345: label(i97, p2, p3, p71, p7, p9, p11, p13, p15, p17, p19, p21, p23, p25, p27, p29, p31, p33, p35, p37, p81, p86, p89, p92, p95, p42, p44, p56, p58, p60, p62, p64, p66, p68, p70, p98, descr=TargetToken(4302381160))
debug_merge_point(0, 0, '229 label 49')
debug_merge_point(0, 0, '230 is_ge L50. x(0). #2')
+1373: i103 = call(ConstClass(rbigint.lt), p81, ConstPtr(ptr77), descr=<Calli 1 rr EF=0>)
+1482: guard_false(i103, descr=<Guard0x100710e38>) [i97, p3, p2, p7, p9, p11, p13, p15, p17, p19, p21, p23, p25, p27, p29, p31, p33, p35, p37, p56, p58, p60, p62, p64, p66, p68, p70, p44, p42, p95, p92, p89, p86, p81]
debug_merge_point(0, 0, '231 line 32')
debug_merge_point(0, 0, '232 gc_bif2 L0. 3. 4. x(0). #2. x(0)')
+1491: p104 = call(ConstClass(rbigint.sub), p81, ConstPtr(ptr80), descr=<Callr 8 rr EF=3>)
+1582: guard_no_exception(descr=<Guard0x100710d88>) [i97, p3, p2, p104, p7, p9, p11, p13, p15, p17, p19, p21, p23, p25, p27, p29, p31, p33, p35, p37, p56, p58, p60, p62, p64, p66, p68, p70, p44, p42, p95, p92, p89, p86, p81]
debug_merge_point(0, 0, '233 line 32')
debug_merge_point(0, 0, '234 gc_bif2 L0. 3. 4. x(1). #2. x(3)')
+1602: p105 = call(ConstClass(rbigint.sub), p86, ConstPtr(ptr85), descr=<Callr 8 rr EF=3>)
+1700: guard_no_exception(descr=<Guard0x100710cd8>) [i97, p3, p2, p105, p7, p9, p11, p13, p15, p17, p19, p21, p23, p25, p27, p29, p31, p33, p35, p37, p56, p58, p60, p62, p64, p66, p68, p70, p104, p44, p42, p95, p92, p89, p86, None]
debug_merge_point(0, 0, '235 line 32')
debug_merge_point(0, 0, '236 gc_bif2 L0. 4. 4. x(1). #3. x(4)')
+1720: p107 = call(ConstClass(rbigint.sub), p86, ConstPtr(ptr88), descr=<Callr 8 rr EF=3>)
+1818: guard_no_exception(descr=<Guard0x100710c80>) [i97, p3, p2, p107, p7, p9, p11, p13, p15, p17, p19, p21, p23, p25, p27, p29, p31, p33, p35, p37, p56, p58, p60, p62, p64, p66, p68, p70, p105, p104, p44, p42, p95, p92, p89, p86, None]
debug_merge_point(0, 0, '237 line 32')
debug_merge_point(0, 0, '238 gc_bif2 L0. 5. 4. x(1). #4. x(5)')
+1838: p108 = call(ConstClass(rbigint.sub), p86, ConstPtr(ptr91), descr=<Callr 8 rr EF=3>)
+1936: guard_no_exception(descr=<Guard0x100710c28>) [i97, p3, p2, p108, p7, p9, p11, p13, p15, p17, p19, p21, p23, p25, p27, p29, p31, p33, p35, p37, p56, p58, p60, p62, p64, p66, p68, p70, p107, p105, p104, p44, p42, p95, p92, p89, p86, None]
debug_merge_point(0, 0, '239 line 32')
debug_merge_point(0, 0, '240 gc_bif2 L0. 6. 4. x(1). #0. x(6)')
+1956: p109 = call(ConstClass(rbigint.sub), p86, ConstPtr(ptr94), descr=<Callr 8 rr EF=3>)
+2054: guard_no_exception(descr=<Guard0x100710bd0>) [i97, p3, p2, p109, p7, p9, p11, p13, p15, p17, p19, p21, p23, p25, p27, p29, p31, p33, p35, p37, p56, p58, p60, p62, p64, p66, p68, p70, p108, p107, p105, p104, p44, p42, p95, p92, p89, p86, None]
debug_merge_point(0, 0, '241 test_heap 8. 7')
debug_merge_point(0, 0, '242 put_list x(1). x(2). x(7)')
debug_merge_point(0, 0, '243 put_list x(6). x(7). x(6)')
debug_merge_point(0, 0, '244 put_list x(5). x(6). x(5)')
debug_merge_point(0, 0, '245 put_list x(4). x(5). x(2)')
debug_merge_point(0, 0, '246 move x(3). x(1)')
debug_merge_point(0, 0, '247 call_only 3. L49')
+2074: i110 = int_sub(i97, 1)
debug_merge_point(0, 0, '229 label 49')
p112 = new_with_vtable(ConstClass(W_BigIntObject))
p114 = new_with_vtable(4298132104)
p116 = new_with_vtable(ConstClass(W_BigIntObject))
+2203: setfield_gc(p112, p86, descr=<FieldP pyrlang.interpreter.datatypes.number.W_BigIntObject.inst_bigintval 8>)
p118 = new_with_vtable(4298132104)
p120 = new_with_vtable(ConstClass(W_BigIntObject))
+2238: setfield_gc(p116, p89, descr=<FieldP pyrlang.interpreter.datatypes.number.W_BigIntObject.inst_bigintval 8>)
+2249: setfield_gc(p114, p116, descr=<FieldP pyrlang.interpreter.datatypes.list.W_ListObject.inst_left 8>)
p122 = new_with_vtable(4298132104)
p124 = new_with_vtable(ConstClass(W_BigIntObject))
+2275: setfield_gc(p120, p92, descr=<FieldP pyrlang.interpreter.datatypes.number.W_BigIntObject.inst_bigintval 8>)
+2286: setfield_gc(p118, p120, descr=<FieldP pyrlang.interpreter.datatypes.list.W_ListObject.inst_left 8>)
p126 = new_with_vtable(4298132104)
+2302: setfield_gc(p122, p124, descr=<FieldP pyrlang.interpreter.datatypes.list.W_ListObject.inst_left 8>)
+2306: setfield_gc(p126, p44, descr=<FieldP pyrlang.interpreter.datatypes.list.W_ListObject.inst_right 16>)
+2317: setfield_gc(p122, p126, descr=<FieldP pyrlang.interpreter.datatypes.list.W_ListObject.inst_right 16>)
+2321: setfield_gc(p118, p122, descr=<FieldP pyrlang.interpreter.datatypes.list.W_ListObject.inst_right 16>)
+2326: setfield_gc(p124, p95, descr=<FieldP pyrlang.interpreter.datatypes.number.W_BigIntObject.inst_bigintval 8>)
+2337: setfield_gc(p126, p42, descr=<FieldP pyrlang.interpreter.datatypes.list.W_ListObject.inst_left 8>)
+2348: setfield_gc(p114, p118, descr=<FieldP pyrlang.interpreter.datatypes.list.W_ListObject.inst_right 16>)
+2352: jump(i110, p2, p3, p98, p7, p9, p11, p13, p15, p17, p19, p21, p23, p25, p27, p29, p31, p33, p35, p37, p104, p105, p107, p108, p109, p112, p114, p56, p58, p60, p62, p64, p66, p68, p70, p98, descr=TargetToken(4302381160))
+2448: --end of the loop--
[52dc9998f63bdd] jit-log-opt-loop}
[52dc9ba80b0f5d] {jit-log-opt-loop
# Loop 1 (229 label 49) : loop with 137 ops
[i0, i1, p2, p3, p4]
+134: p5 = getfield_gc(p3, descr=<FieldP pyrlang.interpreter.register.X_Register.inst_floats 16>)
+145: p7 = getarrayitem_gc(p5, 0, descr=<ArrayP 8>)
+149: p9 = getarrayitem_gc(p5, 1, descr=<ArrayP 8>)
+153: p11 = getarrayitem_gc(p5, 2, descr=<ArrayP 8>)
+157: p13 = getarrayitem_gc(p5, 3, descr=<ArrayP 8>)
+161: p15 = getarrayitem_gc(p5, 4, descr=<ArrayP 8>)
+165: p17 = getarrayitem_gc(p5, 5, descr=<ArrayP 8>)
+169: p19 = getarrayitem_gc(p5, 6, descr=<ArrayP 8>)
+173: p21 = getarrayitem_gc(p5, 7, descr=<ArrayP 8>)
+177: p23 = getarrayitem_gc(p5, 8, descr=<ArrayP 8>)
+181: p25 = getarrayitem_gc(p5, 9, descr=<ArrayP 8>)
+185: p27 = getarrayitem_gc(p5, 10, descr=<ArrayP 8>)
+189: p29 = getarrayitem_gc(p5, 11, descr=<ArrayP 8>)
+193: p31 = getarrayitem_gc(p5, 12, descr=<ArrayP 8>)
+204: p33 = getarrayitem_gc(p5, 13, descr=<ArrayP 8>)
+215: p35 = getarrayitem_gc(p5, 14, descr=<ArrayP 8>)
+229: p37 = getarrayitem_gc(p5, 15, descr=<ArrayP 8>)
+243: p38 = getfield_gc(p3, descr=<FieldP pyrlang.interpreter.register.X_Register.inst_regs 24>)
+261: p40 = getarrayitem_gc(p38, 0, descr=<ArrayP 8>)
+272: p42 = getarrayitem_gc(p38, 1, descr=<ArrayP 8>)
+283: p44 = getarrayitem_gc(p38, 2, descr=<ArrayP 8>)
+294: p46 = getarrayitem_gc(p38, 3, descr=<ArrayP 8>)
+305: p48 = getarrayitem_gc(p38, 4, descr=<ArrayP 8>)
+316: p50 = getarrayitem_gc(p38, 5, descr=<ArrayP 8>)
+327: p52 = getarrayitem_gc(p38, 6, descr=<ArrayP 8>)
+338: p54 = getarrayitem_gc(p38, 7, descr=<ArrayP 8>)
+349: p56 = getarrayitem_gc(p38, 8, descr=<ArrayP 8>)
+360: p58 = getarrayitem_gc(p38, 9, descr=<ArrayP 8>)
+371: p60 = getarrayitem_gc(p38, 10, descr=<ArrayP 8>)
+382: p62 = getarrayitem_gc(p38, 11, descr=<ArrayP 8>)
+386: p64 = getarrayitem_gc(p38, 12, descr=<ArrayP 8>)
+397: p66 = getarrayitem_gc(p38, 13, descr=<ArrayP 8>)
+408: p68 = getarrayitem_gc(p38, 14, descr=<ArrayP 8>)
+422: p70 = getarrayitem_gc(p38, 15, descr=<ArrayP 8>)
+436: label(i0, i1, p2, p3, p4, p7, p9, p11, p13, p15, p17, p19, p21, p23, p25, p27, p29, p31, p33, p35, p37, p40, p42, p44, p46, p48, p50, p52, p54, p56, p58, p60, p62, p64, p66, p68, p70, descr=TargetToken(4302381664))
debug_merge_point(0, 0, '229 label 49')
+525: p71 = getfield_gc(p2, descr=<FieldP pyrlang.interpreter.interp.Process.inst_y_reg 80>)
debug_merge_point(0, 0, '230 is_ge L50. x(0). #2')
+536: p72 = getfield_gc(p2, descr=<FieldP pyrlang.interpreter.interp.Process.inst_x_reg 72>)
+540: i73 = ptr_eq(p72, p3)
guard_true(i73, descr=<Guard0x100711b48>) [i1, i0, p3, p2, p72, p7, p9, p11, p13, p15, p17, p19, p21, p23, p25, p27, p29, p31, p33, p35, p37, p40, p42, p44, p46, p48, p50, p52, p54, p56, p58, p60, p62, p64, p66, p68, p70]
+553: guard_class(p40, ConstClass(W_BigIntObject), descr=<Guard0x100711af0>) [i1, i0, p3, p2, p40, p7, p9, p11, p13, p15, p17, p19, p21, p23, p25, p27, p29, p31, p33, p35, p37, p42, p44, p46, p48, p50, p52, p54, p56, p58, p60, p62, p64, p66, p68, p70]
+566: p75 = getfield_gc_pure(p40, descr=<FieldP pyrlang.interpreter.datatypes.number.W_BigIntObject.inst_bigintval 8>)
+570: i78 = call(ConstClass(rbigint.lt), p75, ConstPtr(ptr77), descr=<Calli 1 rr EF=0>)
+696: guard_false(i78, descr=<Guard0x100711a98>) [i1, i0, p3, p2, p7, p9, p11, p13, p15, p17, p19, p21, p23, p25, p27, p29, p31, p33, p35, p37, p40, p42, p44, p46, p48, p50, p52, p54, p56, p58, p60, p62, p64, p66, p68, p70]
debug_merge_point(0, 0, '231 line 32')
debug_merge_point(0, 0, '232 gc_bif2 L0. 3. 4. x(0). #2. x(0)')
+705: p81 = call(ConstClass(rbigint.sub), p75, ConstPtr(ptr80), descr=<Callr 8 rr EF=3>)
+796: guard_no_exception(descr=<Guard0x100711a40>) [i1, i0, p3, p2, p81, p7, p9, p11, p13, p15, p17, p19, p21, p23, p25, p27, p29, p31, p33, p35, p37, p40, p42, p44, p46, p48, p50, p52, p54, p56, p58, p60, p62, p64, p66, p68, p70]
debug_merge_point(0, 0, '233 line 32')
debug_merge_point(0, 0, '234 gc_bif2 L0. 3. 4. x(1). #2. x(3)')
+816: guard_class(p42, ConstClass(W_BigIntObject), descr=<Guard0x1007119e8>) [i1, i0, p3, p2, p42, p7, p9, p11, p13, p15, p17, p19, p21, p23, p25, p27, p29, p31, p33, p35, p37, p44, p46, p48, p50, p52, p54, p56, p58, p60, p62, p64, p66, p68, p70, p81]
+835: p83 = getfield_gc_pure(p42, descr=<FieldP pyrlang.interpreter.datatypes.number.W_BigIntObject.inst_bigintval 8>)
+839: p86 = call(ConstClass(rbigint.sub), p83, ConstPtr(ptr85), descr=<Callr 8 rr EF=3>)
+937: guard_no_exception(descr=<Guard0x100711990>) [i1, i0, p3, p2, p86, p7, p9, p11, p13, p15, p17, p19, p21, p23, p25, p27, p29, p31, p33, p35, p37, p42, p44, p46, p48, p50, p52, p54, p56, p58, p60, p62, p64, p66, p68, p70, p81]
debug_merge_point(0, 0, '235 line 32')
debug_merge_point(0, 0, '236 gc_bif2 L0. 4. 4. x(1). #3. x(4)')
+957: p89 = call(ConstClass(rbigint.sub), p83, ConstPtr(ptr88), descr=<Callr 8 rr EF=3>)
+1055: guard_no_exception(descr=<Guard0x100711938>) [i1, i0, p3, p2, p89, p7, p9, p11, p13, p15, p17, p19, p21, p23, p25, p27, p29, p31, p33, p35, p37, p42, p44, p48, p50, p52, p54, p56, p58, p60, p62, p64, p66, p68, p70, p86, p81]
debug_merge_point(0, 0, '237 line 32')
debug_merge_point(0, 0, '238 gc_bif2 L0. 5. 4. x(1). #4. x(5)')
+1075: p92 = call(ConstClass(rbigint.sub), p83, ConstPtr(ptr91), descr=<Callr 8 rr EF=3>)
+1173: guard_no_exception(descr=<Guard0x1007118e0>) [i1, i0, p3, p2, p92, p7, p9, p11, p13, p15, p17, p19, p21, p23, p25, p27, p29, p31, p33, p35, p37, p42, p44, p50, p52, p54, p56, p58, p60, p62, p64, p66, p68, p70, p89, p86, p81]
debug_merge_point(0, 0, '239 line 32')
debug_merge_point(0, 0, '240 gc_bif2 L0. 6. 4. x(1). #0. x(6)')
+1193: p95 = call(ConstClass(rbigint.sub), p83, ConstPtr(ptr94), descr=<Callr 8 rr EF=3>)
+1291: guard_no_exception(descr=<Guard0x100711888>) [i1, i0, p3, p2, p95, p7, p9, p11, p13, p15, p17, p19, p21, p23, p25, p27, p29, p31, p33, p35, p37, p42, p44, p52, p54, p56, p58, p60, p62, p64, p66, p68, p70, p92, p89, p86, p81]
debug_merge_point(0, 0, '241 test_heap 8. 7')
debug_merge_point(0, 0, '242 put_list x(1). x(2). x(7)')
debug_merge_point(0, 0, '243 put_list x(6). x(7). x(6)')
debug_merge_point(0, 0, '244 put_list x(5). x(6). x(5)')
debug_merge_point(0, 0, '245 put_list x(4). x(5). x(2)')
debug_merge_point(0, 0, '246 move x(3). x(1)')
debug_merge_point(0, 0, '247 call_only 3. L49')
+1311: i97 = int_sub(i0, 1)
+1322: guard_true(i1, descr=<Guard0x1007117d8>) [i97, p3, p2, p7, p9, p11, p13, p15, p17, p19, p21, p23, p25, p27, p29, p31, p33, p35, p37, p56, p58, p60, p62, p64, p66, p68, p70, p44, p42, p95, p92, p89, p86, p81]
debug_merge_point(0, 0, '229 label 49')
+1338: p98 = same_as(p71)
+1345: p99 = same_as(p86)
+1345: p100 = same_as(p89)
+1345: p101 = same_as(p92)
+1345: p102 = same_as(p95)
+1345: label(i97, p2, p3, p71, p7, p9, p11, p13, p15, p17, p19, p21, p23, p25, p27, p29, p31, p33, p35, p37, p81, p86, p89, p92, p95, p42, p44, p56, p58, p60, p62, p64, p66, p68, p70, p98, descr=TargetToken(4302381736))
debug_merge_point(0, 0, '229 label 49')
debug_merge_point(0, 0, '230 is_ge L50. x(0). #2')
+1373: i103 = call(ConstClass(rbigint.lt), p81, ConstPtr(ptr77), descr=<Calli 1 rr EF=0>)
+1482: guard_false(i103, descr=<Guard0x100711728>) [i97, p3, p2, p7, p9, p11, p13, p15, p17, p19, p21, p23, p25, p27, p29, p31, p33, p35, p37, p56, p58, p60, p62, p64, p66, p68, p70, p44, p42, p95, p92, p89, p86, p81]
debug_merge_point(0, 0, '231 line 32')
debug_merge_point(0, 0, '232 gc_bif2 L0. 3. 4. x(0). #2. x(0)')
+1491: p104 = call(ConstClass(rbigint.sub), p81, ConstPtr(ptr80), descr=<Callr 8 rr EF=3>)
+1582: guard_no_exception(descr=<Guard0x100711678>) [i97, p3, p2, p104, p7, p9, p11, p13, p15, p17, p19, p21, p23, p25, p27, p29, p31, p33, p35, p37, p56, p58, p60, p62, p64, p66, p68, p70, p44, p42, p95, p92, p89, p86, p81]
debug_merge_point(0, 0, '233 line 32')
debug_merge_point(0, 0, '234 gc_bif2 L0. 3. 4. x(1). #2. x(3)')
+1602: p105 = call(ConstClass(rbigint.sub), p86, ConstPtr(ptr85), descr=<Callr 8 rr EF=3>)
+1700: guard_no_exception(descr=<Guard0x1007115c8>) [i97, p3, p2, p105, p7, p9, p11, p13, p15, p17, p19, p21, p23, p25, p27, p29, p31, p33, p35, p37, p56, p58, p60, p62, p64, p66, p68, p70, p104, p44, p42, p95, p92, p89, p86, None]
debug_merge_point(0, 0, '235 line 32')
debug_merge_point(0, 0, '236 gc_bif2 L0. 4. 4. x(1). #3. x(4)')
+1720: p107 = call(ConstClass(rbigint.sub), p86, ConstPtr(ptr88), descr=<Callr 8 rr EF=3>)
+1818: guard_no_exception(descr=<Guard0x100711570>) [i97, p3, p2, p107, p7, p9, p11, p13, p15, p17, p19, p21, p23, p25, p27, p29, p31, p33, p35, p37, p56, p58, p60, p62, p64, p66, p68, p70, p105, p104, p44, p42, p95, p92, p89, p86, None]
debug_merge_point(0, 0, '237 line 32')
debug_merge_point(0, 0, '238 gc_bif2 L0. 5. 4. x(1). #4. x(5)')
+1838: p108 = call(ConstClass(rbigint.sub), p86, ConstPtr(ptr91), descr=<Callr 8 rr EF=3>)
+1936: guard_no_exception(descr=<Guard0x100711518>) [i97, p3, p2, p108, p7, p9, p11, p13, p15, p17, p19, p21, p23, p25, p27, p29, p31, p33, p35, p37, p56, p58, p60, p62, p64, p66, p68, p70, p107, p105, p104, p44, p42, p95, p92, p89, p86, None]
debug_merge_point(0, 0, '239 line 32')
debug_merge_point(0, 0, '240 gc_bif2 L0. 6. 4. x(1). #0. x(6)')
+1956: p109 = call(ConstClass(rbigint.sub), p86, ConstPtr(ptr94), descr=<Callr 8 rr EF=3>)
+2054: guard_no_exception(descr=<Guard0x1007114c0>) [i97, p3, p2, p109, p7, p9, p11, p13, p15, p17, p19, p21, p23, p25, p27, p29, p31, p33, p35, p37, p56, p58, p60, p62, p64, p66, p68, p70, p108, p107, p105, p104, p44, p42, p95, p92, p89, p86, None]
debug_merge_point(0, 0, '241 test_heap 8. 7')
debug_merge_point(0, 0, '242 put_list x(1). x(2). x(7)')
debug_merge_point(0, 0, '243 put_list x(6). x(7). x(6)')
debug_merge_point(0, 0, '244 put_list x(5). x(6). x(5)')
debug_merge_point(0, 0, '245 put_list x(4). x(5). x(2)')
debug_merge_point(0, 0, '246 move x(3). x(1)')
debug_merge_point(0, 0, '247 call_only 3. L49')
+2074: i110 = int_sub(i97, 1)
debug_merge_point(0, 0, '229 label 49')
p112 = new_with_vtable(ConstClass(W_BigIntObject))
p114 = new_with_vtable(4298132104)
p116 = new_with_vtable(ConstClass(W_BigIntObject))
+2203: setfield_gc(p112, p86, descr=<FieldP pyrlang.interpreter.datatypes.number.W_BigIntObject.inst_bigintval 8>)
p118 = new_with_vtable(4298132104)
p120 = new_with_vtable(ConstClass(W_BigIntObject))
+2238: setfield_gc(p116, p89, descr=<FieldP pyrlang.interpreter.datatypes.number.W_BigIntObject.inst_bigintval 8>)
+2249: setfield_gc(p114, p116, descr=<FieldP pyrlang.interpreter.datatypes.list.W_ListObject.inst_left 8>)
p122 = new_with_vtable(4298132104)
p124 = new_with_vtable(ConstClass(W_BigIntObject))
+2275: setfield_gc(p120, p92, descr=<FieldP pyrlang.interpreter.datatypes.number.W_BigIntObject.inst_bigintval 8>)
+2286: setfield_gc(p118, p120, descr=<FieldP pyrlang.interpreter.datatypes.list.W_ListObject.inst_left 8>)
p126 = new_with_vtable(4298132104)
+2302: setfield_gc(p122, p124, descr=<FieldP pyrlang.interpreter.datatypes.list.W_ListObject.inst_left 8>)
+2306: setfield_gc(p126, p44, descr=<FieldP pyrlang.interpreter.datatypes.list.W_ListObject.inst_right 16>)
+2317: setfield_gc(p122, p126, descr=<FieldP pyrlang.interpreter.datatypes.list.W_ListObject.inst_right 16>)
+2321: setfield_gc(p118, p122, descr=<FieldP pyrlang.interpreter.datatypes.list.W_ListObject.inst_right 16>)
+2326: setfield_gc(p124, p95, descr=<FieldP pyrlang.interpreter.datatypes.number.W_BigIntObject.inst_bigintval 8>)
+2337: setfield_gc(p126, p42, descr=<FieldP pyrlang.interpreter.datatypes.list.W_ListObject.inst_left 8>)
+2348: setfield_gc(p114, p118, descr=<FieldP pyrlang.interpreter.datatypes.list.W_ListObject.inst_right 16>)
+2352: jump(i110, p2, p3, p98, p7, p9, p11, p13, p15, p17, p19, p21, p23, p25, p27, p29, p31, p33, p35, p37, p104, p105, p107, p108, p109, p112, p114, p56, p58, p60, p62, p64, p66, p68, p70, p98, descr=TargetToken(4302381736))
+2448: --end of the loop--
[52dc9ba8193f26] jit-log-opt-loop}
[52dc9e0a5fbf7a] {jit-log-opt-loop
# Loop 2 (229 label 49) : loop with 137 ops
[i0, i1, p2, p3, p4]
+134: p5 = getfield_gc(p3, descr=<FieldP pyrlang.interpreter.register.X_Register.inst_floats 16>)
+145: p7 = getarrayitem_gc(p5, 0, descr=<ArrayP 8>)
+149: p9 = getarrayitem_gc(p5, 1, descr=<ArrayP 8>)
+153: p11 = getarrayitem_gc(p5, 2, descr=<ArrayP 8>)
+157: p13 = getarrayitem_gc(p5, 3, descr=<ArrayP 8>)
+161: p15 = getarrayitem_gc(p5, 4, descr=<ArrayP 8>)
+165: p17 = getarrayitem_gc(p5, 5, descr=<ArrayP 8>)
+169: p19 = getarrayitem_gc(p5, 6, descr=<ArrayP 8>)
+173: p21 = getarrayitem_gc(p5, 7, descr=<ArrayP 8>)
+177: p23 = getarrayitem_gc(p5, 8, descr=<ArrayP 8>)
+181: p25 = getarrayitem_gc(p5, 9, descr=<ArrayP 8>)
+185: p27 = getarrayitem_gc(p5, 10, descr=<ArrayP 8>)
+189: p29 = getarrayitem_gc(p5, 11, descr=<ArrayP 8>)
+193: p31 = getarrayitem_gc(p5, 12, descr=<ArrayP 8>)
+204: p33 = getarrayitem_gc(p5, 13, descr=<ArrayP 8>)
+215: p35 = getarrayitem_gc(p5, 14, descr=<ArrayP 8>)
+229: p37 = getarrayitem_gc(p5, 15, descr=<ArrayP 8>)
+243: p38 = getfield_gc(p3, descr=<FieldP pyrlang.interpreter.register.X_Register.inst_regs 24>)
+261: p40 = getarrayitem_gc(p38, 0, descr=<ArrayP 8>)
+272: p42 = getarrayitem_gc(p38, 1, descr=<ArrayP 8>)
+283: p44 = getarrayitem_gc(p38, 2, descr=<ArrayP 8>)
+294: p46 = getarrayitem_gc(p38, 3, descr=<ArrayP 8>)
+305: p48 = getarrayitem_gc(p38, 4, descr=<ArrayP 8>)
+316: p50 = getarrayitem_gc(p38, 5, descr=<ArrayP 8>)
+327: p52 = getarrayitem_gc(p38, 6, descr=<ArrayP 8>)
+338: p54 = getarrayitem_gc(p38, 7, descr=<ArrayP 8>)
+349: p56 = getarrayitem_gc(p38, 8, descr=<ArrayP 8>)
+360: p58 = getarrayitem_gc(p38, 9, descr=<ArrayP 8>)
+371: p60 = getarrayitem_gc(p38, 10, descr=<ArrayP 8>)
+382: p62 = getarrayitem_gc(p38, 11, descr=<ArrayP 8>)
+386: p64 = getarrayitem_gc(p38, 12, descr=<ArrayP 8>)
+397: p66 = getarrayitem_gc(p38, 13, descr=<ArrayP 8>)
+408: p68 = getarrayitem_gc(p38, 14, descr=<ArrayP 8>)
+422: p70 = getarrayitem_gc(p38, 15, descr=<ArrayP 8>)
+436: label(i0, i1, p2, p3, p4, p7, p9, p11, p13, p15, p17, p19, p21, p23, p25, p27, p29, p31, p33, p35, p37, p40, p42, p44, p46, p48, p50, p52, p54, p56, p58, p60, p62, p64, p66, p68, p70, descr=TargetToken(4302381808))
debug_merge_point(0, 0, '229 label 49')
+525: p71 = getfield_gc(p2, descr=<FieldP pyrlang.interpreter.interp.Process.inst_y_reg 80>)
debug_merge_point(0, 0, '230 is_ge L50. x(0). #2')
+536: p72 = getfield_gc(p2, descr=<FieldP pyrlang.interpreter.interp.Process.inst_x_reg 72>)
+540: i73 = ptr_eq(p72, p3)
guard_true(i73, descr=<Guard0x17917a5a0>) [i1, i0, p3, p2, p72, p7, p9, p11, p13, p15, p17, p19, p21, p23, p25, p27, p29, p31, p33, p35, p37, p40, p42, p44, p46, p48, p50, p52, p54, p56, p58, p60, p62, p64, p66, p68, p70]
+553: guard_class(p40, ConstClass(W_BigIntObject), descr=<Guard0x17917a548>) [i1, i0, p3, p2, p40, p7, p9, p11, p13, p15, p17, p19, p21, p23, p25, p27, p29, p31, p33, p35, p37, p42, p44, p46, p48, p50, p52, p54, p56, p58, p60, p62, p64, p66, p68, p70]
+566: p75 = getfield_gc_pure(p40, descr=<FieldP pyrlang.interpreter.datatypes.number.W_BigIntObject.inst_bigintval 8>)
+570: i78 = call(ConstClass(rbigint.lt), p75, ConstPtr(ptr77), descr=<Calli 1 rr EF=0>)
+696: guard_false(i78, descr=<Guard0x17917a4f0>) [i1, i0, p3, p2, p7, p9, p11, p13, p15, p17, p19, p21, p23, p25, p27, p29, p31, p33, p35, p37, p40, p42, p44, p46, p48, p50, p52, p54, p56, p58, p60, p62, p64, p66, p68, p70]
debug_merge_point(0, 0, '231 line 32')
debug_merge_point(0, 0, '232 gc_bif2 L0. 3. 4. x(0). #2. x(0)')
+705: p81 = call(ConstClass(rbigint.sub), p75, ConstPtr(ptr80), descr=<Callr 8 rr EF=3>)
+796: guard_no_exception(descr=<Guard0x17917a498>) [i1, i0, p3, p2, p81, p7, p9, p11, p13, p15, p17, p19, p21, p23, p25, p27, p29, p31, p33, p35, p37, p40, p42, p44, p46, p48, p50, p52, p54, p56, p58, p60, p62, p64, p66, p68, p70]
debug_merge_point(0, 0, '233 line 32')
debug_merge_point(0, 0, '234 gc_bif2 L0. 3. 4. x(1). #2. x(3)')
+816: guard_class(p42, ConstClass(W_BigIntObject), descr=<Guard0x17917a440>) [i1, i0, p3, p2, p42, p7, p9, p11, p13, p15, p17, p19, p21, p23, p25, p27, p29, p31, p33, p35, p37, p44, p46, p48, p50, p52, p54, p56, p58, p60, p62, p64, p66, p68, p70, p81]
+835: p83 = getfield_gc_pure(p42, descr=<FieldP pyrlang.interpreter.datatypes.number.W_BigIntObject.inst_bigintval 8>)
+839: p86 = call(ConstClass(rbigint.sub), p83, ConstPtr(ptr85), descr=<Callr 8 rr EF=3>)
+937: guard_no_exception(descr=<Guard0x17917a3e8>) [i1, i0, p3, p2, p86, p7, p9, p11, p13, p15, p17, p19, p21, p23, p25, p27, p29, p31, p33, p35, p37, p42, p44, p46, p48, p50, p52, p54, p56, p58, p60, p62, p64, p66, p68, p70, p81]
debug_merge_point(0, 0, '235 line 32')
debug_merge_point(0, 0, '236 gc_bif2 L0. 4. 4. x(1). #3. x(4)')
+957: p89 = call(ConstClass(rbigint.sub), p83, ConstPtr(ptr88), descr=<Callr 8 rr EF=3>)
+1055: guard_no_exception(descr=<Guard0x17917a390>) [i1, i0, p3, p2, p89, p7, p9, p11, p13, p15, p17, p19, p21, p23, p25, p27, p29, p31, p33, p35, p37, p42, p44, p48, p50, p52, p54, p56, p58, p60, p62, p64, p66, p68, p70, p86, p81]
debug_merge_point(0, 0, '237 line 32')
debug_merge_point(0, 0, '238 gc_bif2 L0. 5. 4. x(1). #4. x(5)')
+1075: p92 = call(ConstClass(rbigint.sub), p83, ConstPtr(ptr91), descr=<Callr 8 rr EF=3>)
+1173: guard_no_exception(descr=<Guard0x17917a338>) [i1, i0, p3, p2, p92, p7, p9, p11, p13, p15, p17, p19, p21, p23, p25, p27, p29, p31, p33, p35, p37, p42, p44, p50, p52, p54, p56, p58, p60, p62, p64, p66, p68, p70, p89, p86, p81]
debug_merge_point(0, 0, '239 line 32')
debug_merge_point(0, 0, '240 gc_bif2 L0. 6. 4. x(1). #0. x(6)')
+1193: p95 = call(ConstClass(rbigint.sub), p83, ConstPtr(ptr94), descr=<Callr 8 rr EF=3>)
+1291: guard_no_exception(descr=<Guard0x17917a2e0>) [i1, i0, p3, p2, p95, p7, p9, p11, p13, p15, p17, p19, p21, p23, p25, p27, p29, p31, p33, p35, p37, p42, p44, p52, p54, p56, p58, p60, p62, p64, p66, p68, p70, p92, p89, p86, p81]
debug_merge_point(0, 0, '241 test_heap 8. 7')
debug_merge_point(0, 0, '242 put_list x(1). x(2). x(7)')
debug_merge_point(0, 0, '243 put_list x(6). x(7). x(6)')
debug_merge_point(0, 0, '244 put_list x(5). x(6). x(5)')
debug_merge_point(0, 0, '245 put_list x(4). x(5). x(2)')
debug_merge_point(0, 0, '246 move x(3). x(1)')
debug_merge_point(0, 0, '247 call_only 3. L49')
+1311: i97 = int_sub(i0, 1)
+1322: guard_true(i1, descr=<Guard0x17917a230>) [i97, p3, p2, p7, p9, p11, p13, p15, p17, p19, p21, p23, p25, p27, p29, p31, p33, p35, p37, p56, p58, p60, p62, p64, p66, p68, p70, p44, p42, p95, p92, p89, p86, p81]
debug_merge_point(0, 0, '229 label 49')
+1338: p98 = same_as(p71)
+1345: p99 = same_as(p86)
+1345: p100 = same_as(p89)
+1345: p101 = same_as(p92)
+1345: p102 = same_as(p95)
+1345: label(i97, p2, p3, p71, p7, p9, p11, p13, p15, p17, p19, p21, p23, p25, p27, p29, p31, p33, p35, p37, p81, p86, p89, p92, p95, p42, p44, p56, p58, p60, p62, p64, p66, p68, p70, p98, descr=TargetToken(4302381880))
debug_merge_point(0, 0, '229 label 49')
debug_merge_point(0, 0, '230 is_ge L50. x(0). #2')
+1373: i103 = call(ConstClass(rbigint.lt), p81, ConstPtr(ptr77), descr=<Calli 1 rr EF=0>)
+1482: guard_false(i103, descr=<Guard0x17917a180>) [i97, p3, p2, p7, p9, p11, p13, p15, p17, p19, p21, p23, p25, p27, p29, p31, p33, p35, p37, p56, p58, p60, p62, p64, p66, p68, p70, p44, p42, p95, p92, p89, p86, p81]
debug_merge_point(0, 0, '231 line 32')
debug_merge_point(0, 0, '232 gc_bif2 L0. 3. 4. x(0). #2. x(0)')
+1491: p104 = call(ConstClass(rbigint.sub), p81, ConstPtr(ptr80), descr=<Callr 8 rr EF=3>)
+1582: guard_no_exception(descr=<Guard0x17917a0d0>) [i97, p3, p2, p104, p7, p9, p11, p13, p15, p17, p19, p21, p23, p25, p27, p29, p31, p33, p35, p37, p56, p58, p60, p62, p64, p66, p68, p70, p44, p42, p95, p92, p89, p86, p81]
debug_merge_point(0, 0, '233 line 32')
debug_merge_point(0, 0, '234 gc_bif2 L0. 3. 4. x(1). #2. x(3)')
+1602: p105 = call(ConstClass(rbigint.sub), p86, ConstPtr(ptr85), descr=<Callr 8 rr EF=3>)
+1700: guard_no_exception(descr=<Guard0x17917a020>) [i97, p3, p2, p105, p7, p9, p11, p13, p15, p17, p19, p21, p23, p25, p27, p29, p31, p33, p35, p37, p56, p58, p60, p62, p64, p66, p68, p70, p104, p44, p42, p95, p92, p89, p86, None]
debug_merge_point(0, 0, '235 line 32')
debug_merge_point(0, 0, '236 gc_bif2 L0. 4. 4. x(1). #3. x(4)')
+1720: p107 = call(ConstClass(rbigint.sub), p86, ConstPtr(ptr88), descr=<Callr 8 rr EF=3>)
+1818: guard_no_exception(descr=<Guard0x100711f68>) [i97, p3, p2, p107, p7, p9, p11, p13, p15, p17, p19, p21, p23, p25, p27, p29, p31, p33, p35, p37, p56, p58, p60, p62, p64, p66, p68, p70, p105, p104, p44, p42, p95, p92, p89, p86, None]
debug_merge_point(0, 0, '237 line 32')
debug_merge_point(0, 0, '238 gc_bif2 L0. 5. 4. x(1). #4. x(5)')
+1838: p108 = call(ConstClass(rbigint.sub), p86, ConstPtr(ptr91), descr=<Callr 8 rr EF=3>)
+1936: guard_no_exception(descr=<Guard0x100711f10>) [i97, p3, p2, p108, p7, p9, p11, p13, p15, p17, p19, p21, p23, p25, p27, p29, p31, p33, p35, p37, p56, p58, p60, p62, p64, p66, p68, p70, p107, p105, p104, p44, p42, p95, p92, p89, p86, None]
debug_merge_point(0, 0, '239 line 32')
debug_merge_point(0, 0, '240 gc_bif2 L0. 6. 4. x(1). #0. x(6)')
+1956: p109 = call(ConstClass(rbigint.sub), p86, ConstPtr(ptr94), descr=<Callr 8 rr EF=3>)
+2054: guard_no_exception(descr=<Guard0x100711eb8>) [i97, p3, p2, p109, p7, p9, p11, p13, p15, p17, p19, p21, p23, p25, p27, p29, p31, p33, p35, p37, p56, p58, p60, p62, p64, p66, p68, p70, p108, p107, p105, p104, p44, p42, p95, p92, p89, p86, None]
debug_merge_point(0, 0, '241 test_heap 8. 7')
debug_merge_point(0, 0, '242 put_list x(1). x(2). x(7)')
debug_merge_point(0, 0, '243 put_list x(6). x(7). x(6)')
debug_merge_point(0, 0, '244 put_list x(5). x(6). x(5)')
debug_merge_point(0, 0, '245 put_list x(4). x(5). x(2)')
debug_merge_point(0, 0, '246 move x(3). x(1)')
debug_merge_point(0, 0, '247 call_only 3. L49')
+2074: i110 = int_sub(i97, 1)
debug_merge_point(0, 0, '229 label 49')
p112 = new_with_vtable(ConstClass(W_BigIntObject))
p114 = new_with_vtable(4298132104)
p116 = new_with_vtable(ConstClass(W_BigIntObject))
+2203: setfield_gc(p112, p86, descr=<FieldP pyrlang.interpreter.datatypes.number.W_BigIntObject.inst_bigintval 8>)
p118 = new_with_vtable(4298132104)
p120 = new_with_vtable(ConstClass(W_BigIntObject))
+2238: setfield_gc(p116, p89, descr=<FieldP pyrlang.interpreter.datatypes.number.W_BigIntObject.inst_bigintval 8>)
+2249: setfield_gc(p114, p116, descr=<FieldP pyrlang.interpreter.datatypes.list.W_ListObject.inst_left 8>)
p122 = new_with_vtable(4298132104)
p124 = new_with_vtable(ConstClass(W_BigIntObject))
+2275: setfield_gc(p120, p92, descr=<FieldP pyrlang.interpreter.datatypes.number.W_BigIntObject.inst_bigintval 8>)
+2286: setfield_gc(p118, p120, descr=<FieldP pyrlang.interpreter.datatypes.list.W_ListObject.inst_left 8>)
p126 = new_with_vtable(4298132104)
+2302: setfield_gc(p122, p124, descr=<FieldP pyrlang.interpreter.datatypes.list.W_ListObject.inst_left 8>)
+2306: setfield_gc(p126, p44, descr=<FieldP pyrlang.interpreter.datatypes.list.W_ListObject.inst_right 16>)
+2317: setfield_gc(p122, p126, descr=<FieldP pyrlang.interpreter.datatypes.list.W_ListObject.inst_right 16>)
+2321: setfield_gc(p118, p122, descr=<FieldP pyrlang.interpreter.datatypes.list.W_ListObject.inst_right 16>)
+2326: setfield_gc(p124, p95, descr=<FieldP pyrlang.interpreter.datatypes.number.W_BigIntObject.inst_bigintval 8>)
+2337: setfield_gc(p126, p42, descr=<FieldP pyrlang.interpreter.datatypes.list.W_ListObject.inst_left 8>)
+2348: setfield_gc(p114, p118, descr=<FieldP pyrlang.interpreter.datatypes.list.W_ListObject.inst_right 16>)
+2352: jump(i110, p2, p3, p98, p7, p9, p11, p13, p15, p17, p19, p21, p23, p25, p27, p29, p31, p33, p35, p37, p104, p105, p107, p108, p109, p112, p114, p56, p58, p60, p62, p64, p66, p68, p70, p98, descr=TargetToken(4302381880))
+2448: --end of the loop--
[52dc9e0a6e1fb3] jit-log-opt-loop}
[52dca03cd2c7b9] {jit-log-opt-loop
# Loop 3 (720 move x(0), x(4)) : loop with 260 ops
[i0, i1, p2, p3, p4]
+134: p5 = getfield_gc(p3, descr=<FieldP pyrlang.interpreter.register.X_Register.inst_floats 16>)
+145: p7 = getarrayitem_gc(p5, 0, descr=<ArrayP 8>)
+149: p9 = getarrayitem_gc(p5, 1, descr=<ArrayP 8>)
+153: p11 = getarrayitem_gc(p5, 2, descr=<ArrayP 8>)
+157: p13 = getarrayitem_gc(p5, 3, descr=<ArrayP 8>)
+161: p15 = getarrayitem_gc(p5, 4, descr=<ArrayP 8>)
+165: p17 = getarrayitem_gc(p5, 5, descr=<ArrayP 8>)
+169: p19 = getarrayitem_gc(p5, 6, descr=<ArrayP 8>)
+173: p21 = getarrayitem_gc(p5, 7, descr=<ArrayP 8>)
+177: p23 = getarrayitem_gc(p5, 8, descr=<ArrayP 8>)
+181: p25 = getarrayitem_gc(p5, 9, descr=<ArrayP 8>)
+185: p27 = getarrayitem_gc(p5, 10, descr=<ArrayP 8>)
+189: p29 = getarrayitem_gc(p5, 11, descr=<ArrayP 8>)
+193: p31 = getarrayitem_gc(p5, 12, descr=<ArrayP 8>)
+204: p33 = getarrayitem_gc(p5, 13, descr=<ArrayP 8>)
+215: p35 = getarrayitem_gc(p5, 14, descr=<ArrayP 8>)
+229: p37 = getarrayitem_gc(p5, 15, descr=<ArrayP 8>)
+243: p38 = getfield_gc(p3, descr=<FieldP pyrlang.interpreter.register.X_Register.inst_regs 24>)
+261: p40 = getarrayitem_gc(p38, 0, descr=<ArrayP 8>)
+272: p42 = getarrayitem_gc(p38, 1, descr=<ArrayP 8>)
+283: p44 = getarrayitem_gc(p38, 2, descr=<ArrayP 8>)
+294: p46 = getarrayitem_gc(p38, 3, descr=<ArrayP 8>)
+305: p48 = getarrayitem_gc(p38, 4, descr=<ArrayP 8>)
+316: p50 = getarrayitem_gc(p38, 5, descr=<ArrayP 8>)
+327: p52 = getarrayitem_gc(p38, 6, descr=<ArrayP 8>)
+338: p54 = getarrayitem_gc(p38, 7, descr=<ArrayP 8>)
+349: p56 = getarrayitem_gc(p38, 8, descr=<ArrayP 8>)
+360: p58 = getarrayitem_gc(p38, 9, descr=<ArrayP 8>)
+371: p60 = getarrayitem_gc(p38, 10, descr=<ArrayP 8>)
+382: p62 = getarrayitem_gc(p38, 11, descr=<ArrayP 8>)
+386: p64 = getarrayitem_gc(p38, 12, descr=<ArrayP 8>)
+397: p66 = getarrayitem_gc(p38, 13, descr=<ArrayP 8>)
+408: p68 = getarrayitem_gc(p38, 14, descr=<ArrayP 8>)
+422: p70 = getarrayitem_gc(p38, 15, descr=<ArrayP 8>)
+436: label(i0, i1, p2, p3, p4, p7, p9, p11, p13, p15, p17, p19, p21, p23, p25, p27, p29, p31, p33, p35, p37, p40, p42, p44, p46, p48, p50, p52, p54, p56, p58, p60, p62, p64, p66, p68, p70, descr=TargetToken(4302382528))
debug_merge_point(0, 0, '720 move x(0). x(4)')
+541: p71 = getfield_gc(p2, descr=<FieldP pyrlang.interpreter.interp.Process.inst_x_reg 72>)
+552: i72 = ptr_eq(p71, p3)
guard_true(i72, descr=<Guard0x17917af98>) [i1, i0, p3, p2, p71, p7, p9, p11, p13, p15, p17, p19, p21, p23, p25, p27, p29, p31, p33, p35, p37, p40, p42, p44, p46, p48, p50, p52, p54, p56, p58, p60, p62, p64, p66, p68, p70]
+565: p73 = getfield_gc(p2, descr=<FieldP pyrlang.interpreter.interp.Process.inst_y_reg 80>)
debug_merge_point(0, 0, '721 move y(2). x(2)')
+569: i74 = getfield_gc(p73, descr=<FieldS pyrlang.interpreter.register.Y_Register.inst_val_top 40>)
+573: i76 = int_sub(i74, 2)
+577: p77 = getfield_gc(p73, descr=<FieldP pyrlang.interpreter.register.Y_Register.inst_vals 48>)
+581: p78 = getarrayitem_gc(p77, i76, descr=<ArrayP 8>)
debug_merge_point(0, 0, '722 move y(1). x(1)')
+586: i80 = int_sub(i74, 1)
+590: p81 = getarrayitem_gc(p77, i80, descr=<ArrayP 8>)
debug_merge_point(0, 0, '723 move y(3). x(3)')
+595: i83 = int_sub(i74, 3)
+599: p84 = getarrayitem_gc(p77, i83, descr=<ArrayP 8>)
debug_merge_point(0, 0, '724 move y(0). x(0)')
+604: p85 = getarrayitem_gc(p77, i74, descr=<ArrayP 8>)
debug_merge_point(0, 0, '725 move x(4). y(3)')
+609: i87 = int_lt(i83, 0)
guard_false(i87, descr=<Guard0x17917af40>) [i1, i0, p3, p2, i83, p40, p77, p7, p9, p11, p13, p15, p17, p19, p21, p23, p25, p27, p29, p31, p33, p35, p37, p85, p81, p78, p84, p50, p52, p54, p56, p58, p60, p62, p64, p66, p68, p70]
+658: setarrayitem_gc(p77, i83, p40, descr=<ArrayP 8>)
debug_merge_point(0, 0, '726 trim 3. 1')
debug_merge_point(0, 0, '727 line 69')
debug_merge_point(0, 0, '728 call 4. L120')
+663: i88 = getfield_gc(p73, descr=<FieldS pyrlang.interpreter.register.Y_Register.inst_addr_top 16>)
+667: i90 = int_add(i88, 1)
+671: i91 = getfield_gc(p73, descr=<FieldS pyrlang.interpreter.register.Y_Register.inst_addr_size 8>)
+675: setfield_gc(p73, i83, descr=<FieldS pyrlang.interpreter.register.Y_Register.inst_val_top 40>)
+679: setfield_gc(p73, i90, descr=<FieldS pyrlang.interpreter.register.Y_Register.inst_addr_top 16>)
+683: i92 = int_ge(i90, i91)
guard_false(i92, descr=<Guard0x17917aee8>) [i1, i0, p3, p2, i91, p73, p7, p9, p11, p13, p15, p17, p19, p21, p23, p25, p27, p29, p31, p33, p35, p37, p85, p81, p78, p84, p40, p50, p52, p54, p56, p58, p60, p62, p64, p66, p68, p70]
+692: p93 = getfield_gc(p73, descr=<FieldP pyrlang.interpreter.register.Y_Register.inst_addrs 24>)
+696: i95 = int_lt(i90, 0)
guard_false(i95, descr=<Guard0x17917ae90>) [i1, i0, p3, p2, i90, p93, p7, p9, p11, p13, p15, p17, p19, p21, p23, p25, p27, p29, p31, p33, p35, p37, p85, p81, p78, p84, p40, p50, p52, p54, p56, p58, p60, p62, p64, p66, p68, p70]
+706: setarrayitem_gc(p93, i90, ConstPtr(ptr96), descr=<ArrayP 8>)
+721: i98 = int_sub(i0, 1)
+732: guard_true(i1, descr=<Guard0x17917ae38>) [i98, p3, p2, p7, p9, p11, p13, p15, p17, p19, p21, p23, p25, p27, p29, p31, p33, p35, p37, p85, p81, p78, p84, p40, p50, p52, p54, p56, p58, p60, p62, p64, p66, p68, p70]
debug_merge_point(0, 0, '704 label 120')
debug_merge_point(0, 0, '705 is_nonempty_list L121. x(1)')
+748: guard_nonnull_class(p81, 4298132104, descr=<Guard0x17917ade0>) [i98, p3, p2, p81, p7, p9, p11, p13, p15, p17, p19, p21, p23, p25, p27, p29, p31, p33, p35, p37, p85, p78, p84, p40, p50, p52, p54, p56, p58, p60, p62, p64, p66, p68, p70]
debug_merge_point(0, 0, '706 get_list x(1). x(4). x(5)')
+767: p100 = getfield_gc_pure(p81, descr=<FieldP pyrlang.interpreter.datatypes.list.W_ListObject.inst_left 8>)
+771: p101 = getfield_gc_pure(p81, descr=<FieldP pyrlang.interpreter.datatypes.list.W_ListObject.inst_right 16>)
debug_merge_point(0, 0, '707 is_nonempty_list L119. x(2)')
+775: guard_nonnull_class(p78, 4298132104, descr=<Guard0x17917ad88>) [i98, p3, p2, p78, p7, p9, p11, p13, p15, p17, p19, p21, p23, p25, p27, p29, p31, p33, p35, p37, p85, p81, p84, p100, p101, p52, p54, p56, p58, p60, p62, p64, p66, p68, p70]
debug_merge_point(0, 0, '708 get_list x(2). x(6). x(7)')
+793: p103 = getfield_gc_pure(p78, descr=<FieldP pyrlang.interpreter.datatypes.list.W_ListObject.inst_left 8>)
+804: p104 = getfield_gc_pure(p78, descr=<FieldP pyrlang.interpreter.datatypes.list.W_ListObject.inst_right 16>)
debug_merge_point(0, 0, '709 is_nonempty_list L119. x(3)')
+815: guard_nonnull_class(p84, 4298132104, descr=<Guard0x17917ad30>) [i98, p3, p2, p84, p7, p9, p11, p13, p15, p17, p19, p21, p23, p25, p27, p29, p31, p33, p35, p37, p85, p81, p78, p100, p101, p103, p104, p56, p58, p60, p62, p64, p66, p68, p70]
debug_merge_point(0, 0, '710 allocate 4. 8')
+834: i107 = int_add(i83, 4)
+845: i108 = getfield_gc(p73, descr=<FieldS pyrlang.interpreter.register.Y_Register.inst_val_size 32>)
+849: setfield_gc(p73, i107, descr=<FieldS pyrlang.interpreter.register.Y_Register.inst_val_top 40>)
+853: i109 = int_ge(i107, i108)
guard_false(i109, descr=<Guard0x17917acd8>) [i98, p3, p2, i107, i108, p73, p7, p9, p11, p13, p15, p17, p19, p21, p23, p25, p27, p29, p31, p33, p35, p37, p85, p81, p78, p84, p100, p101, p103, p104, p56, p58, p60, p62, p64, p66, p68, p70]
debug_merge_point(0, 0, '711 get_list x(3). x(2). y(3)')
+862: p110 = getfield_gc_pure(p84, descr=<FieldP pyrlang.interpreter.datatypes.list.W_ListObject.inst_left 8>)
+866: p111 = getfield_gc_pure(p84, descr=<FieldP pyrlang.interpreter.datatypes.list.W_ListObject.inst_right 16>)
+877: i113 = int_sub(i107, 3)
+888: i115 = int_lt(i113, 0)
guard_false(i115, descr=<Guard0x17917ac80>) [i98, p3, p2, i113, p111, p77, p7, p9, p11, p13, p15, p17, p19, p21, p23, p25, p27, p29, p31, p33, p35, p37, p85, p81, p110, p84, p100, p101, p103, p104, p56, p58, p60, p62, p64, p66, p68, p70]
+946: setarrayitem_gc(p77, i113, p111, descr=<ArrayP 8>)
debug_merge_point(0, 0, '712 move x(6). x(1)')
debug_merge_point(0, 0, '713 move x(0). x(3)')
debug_merge_point(0, 0, '714 move x(4). x(0)')
debug_merge_point(0, 0, '715 move x(3). y(0)')
+992: setarrayitem_gc(p77, i107, p85, descr=<ArrayP 8>)
debug_merge_point(0, 0, '716 move x(5). y(1)')
+997: i117 = int_sub(i107, 1)
+1042: setarrayitem_gc(p77, i117, p101, descr=<ArrayP 8>)
debug_merge_point(0, 0, '717 move x(7). y(2)')
+1047: i119 = int_sub(i107, 2)
+1092: setarrayitem_gc(p77, i119, p104, descr=<ArrayP 8>)
debug_merge_point(0, 0, '718 line 69')
debug_merge_point(0, 0, '719 call_fun 3')
+1097: i121 = int_add(i90, 1)
+1102: setfield_gc(p73, i121, descr=<FieldS pyrlang.interpreter.register.Y_Register.inst_addr_top 16>)
+1106: i122 = int_ge(i121, i91)
guard_false(i122, descr=<Guard0x17917ac28>) [i98, p3, p2, i91, p73, p7, p9, p11, p13, p15, p17, p19, p21, p23, p25, p27, p29, p31, p33, p35, p37, p100, p103, p110, p85, p101, p104, p56, p58, p60, p62, p64, p66, p68, p70]
+1119: setarrayitem_gc(p93, i121, ConstPtr(ptr123), descr=<ArrayP 8>)
+1148: p124 = getfield_gc(p85, descr=<FieldP pyrlang.interpreter.datatypes.closure.W_ClosureObject.inst_cp 16>)
+1152: i125 = getfield_gc(p85, descr=<FieldS pyrlang.interpreter.datatypes.closure.W_ClosureObject.inst_pc 32>)
+1163: p126 = getfield_gc(p85, descr=<FieldP pyrlang.interpreter.datatypes.closure.W_ClosureObject.inst_fv_lst 24>)
+1174: i127 = arraylen_gc(p126, descr=<ArrayP 8>)
+1185: i129 = int_ge(0, i127)
guard_true(i129, descr=<Guard0x17917abd0>) [i98, p3, p2, i125, i127, p124, p126, p7, p9, p11, p13, p15, p17, p19, p21, p23, p25, p27, p29, p31, p33, p35, p37, p100, p103, p110, p85, p101, p104, p56, p58, p60, p62, p64, p66, p68, p70]
+1195: guard_value(i125, 99, descr=<Guard0x17917ab78>) [i98, i125, p73, p3, p2, p124, p7, p9, p11, p13, p15, p17, p19, p21, p23, p25, p27, p29, p31, p33, p35, p37, p100, p103, p110, p85, p101, p104, p56, p58, p60, p62, p64, p66, p68, p70]
+1205: guard_value(p124, ConstPtr(ptr131), descr=<Guard0x17917ab20>) [i98, p73, p3, p2, p124, p7, p9, p11, p13, p15, p17, p19, p21, p23, p25, p27, p29, p31, p33, p35, p37, p100, p103, p110, p85, p101, p104, p56, p58, p60, p62, p64, p66, p68, p70]
debug_merge_point(0, 0, '99 label 17')
debug_merge_point(0, 0, '100 line 5')
debug_merge_point(0, 0, '101 gc_bif2 L0. 3. 8. x(0). x(1). x(0)')
+1224: guard_class(p100, ConstClass(W_BigIntObject), descr=<Guard0x17917aac8>) [i98, p3, p2, p103, p100, p7, p9, p11, p13, p15, p17, p19, p21, p23, p25, p27, p29, p31, p33, p35, p37, p110, p85, p101, p104, p56, p58, p60, p62, p64, p66, p68, p70]
+1237: guard_nonnull_class(p103, ConstClass(W_BigIntObject), descr=<Guard0x17917aa70>) [i98, p3, p2, p103, p100, p7, p9, p11, p13, p15, p17, p19, p21, p23, p25, p27, p29, p31, p33, p35, p37, p110, p85, p101, p104, p56, p58, p60, p62, p64, p66, p68, p70]
+1262: p134 = getfield_gc_pure(p103, descr=<FieldP pyrlang.interpreter.datatypes.number.W_BigIntObject.inst_bigintval 8>)
+1266: i135 = getfield_gc_pure(p134, descr=<FieldS rpython.rlib.rbigint.rbigint.inst_sign 16>)
+1270: i136 = int_is_zero(i135)
guard_false(i136, descr=<Guard0x17917aa18>) [i98, p3, p2, p134, p100, p7, p9, p11, p13, p15, p17, p19, p21, p23, p25, p27, p29, p31, p33, p35, p37, p103, p110, p85, p101, p104, p56, p58, p60, p62, p64, p66, p68, p70]
+1280: p137 = getfield_gc_pure(p100, descr=<FieldP pyrlang.interpreter.datatypes.number.W_BigIntObject.inst_bigintval 8>)
+1284: p139 = call(ConstClass(rbigint.mul), p137, p134, descr=<Callr 8 rr EF=3>)
+1403: guard_no_exception(descr=<Guard0x17917a9c0>) [i98, p3, p2, p139, p7, p9, p11, p13, p15, p17, p19, p21, p23, p25, p27, p29, p31, p33, p35, p37, p100, p103, p110, p85, p101, p104, p56, p58, p60, p62, p64, p66, p68, p70]
debug_merge_point(0, 0, '102 line 5')
debug_merge_point(0, 0, '103 gc_bif2 L0. 3. 8. x(0). x(2). x(0)')
+1423: guard_nonnull_class(p110, ConstClass(W_BigIntObject), descr=<Guard0x17917a968>) [i98, p3, p2, p110, p7, p9, p11, p13, p15, p17, p19, p21, p23, p25, p27, p29, p31, p33, p35, p37, p103, p85, p100, p101, p104, p56, p58, p60, p62, p64, p66, p68, p70, p139]
+1448: p141 = getfield_gc_pure(p110, descr=<FieldP pyrlang.interpreter.datatypes.number.W_BigIntObject.inst_bigintval 8>)
+1452: i142 = getfield_gc_pure(p141, descr=<FieldS rpython.rlib.rbigint.rbigint.inst_sign 16>)
+1456: i143 = int_is_zero(i142)
guard_false(i143, descr=<Guard0x17917a910>) [i98, p3, p2, p141, p7, p9, p11, p13, p15, p17, p19, p21, p23, p25, p27, p29, p31, p33, p35, p37, p103, p110, p85, p100, p101, p104, p56, p58, p60, p62, p64, p66, p68, p70, p139]
+1466: p145 = call(ConstClass(rbigint.mul), p139, p141, descr=<Callr 8 rr EF=3>)
+1550: guard_no_exception(descr=<Guard0x17917a8b8>) [i98, p3, p2, p145, p7, p9, p11, p13, p15, p17, p19, p21, p23, p25, p27, p29, p31, p33, p35, p37, p103, p110, p85, p100, p101, p104, p56, p58, p60, p62, p64, p66, p68, p70, p139]
debug_merge_point(0, 0, '104 return ')
+1570: p146 = getarrayitem_gc(p93, i121, descr=<ArrayP 8>)
+1589: p147 = getfield_gc_pure(p146, descr=<FieldP tuple2.item0 8>)
+1593: i148 = getfield_gc_pure(p146, descr=<FieldS tuple2.item1 16>)
+1597: setfield_gc(p73, i90, descr=<FieldS pyrlang.interpreter.register.Y_Register.inst_addr_top 16>)
+1608: guard_value(i148, 720, descr=<Guard0x100711e08>) [i98, i148, p73, p3, p2, p147, p7, p9, p11, p13, p15, p17, p19, p21, p23, p25, p27, p29, p31, p33, p35, p37, p103, p110, p85, p100, p101, p104, p56, p58, p60, p62, p64, p66, p68, p70, p145, None]
+1621: guard_value(p147, ConstPtr(ptr151), descr=<Guard0x100711db0>) [i98, p73, p3, p2, p147, p7, p9, p11, p13, p15, p17, p19, p21, p23, p25, p27, p29, p31, p33, p35, p37, p103, p110, p85, p100, p101, p104, p56, p58, p60, p62, p64, p66, p68, p70, p145, None]
debug_merge_point(0, 0, '720 move x(0). x(4)')
+1640: p152 = same_as(p73)
+1643: p153 = same_as(p145)
+1643: label(i98, p2, p3, p73, p7, p9, p11, p13, p15, p17, p19, p21, p23, p25, p27, p29, p31, p33, p35, p37, p145, p103, p110, p85, p100, p101, p104, p56, p58, p60, p62, p64, p66, p68, p70, p77, i119, i117, i113, i107, p93, i121, p152, i108, i91, descr=TargetToken(4302382600))
debug_merge_point(0, 0, '720 move x(0). x(4)')
debug_merge_point(0, 0, '721 move y(2). x(2)')
+1661: p154 = getarrayitem_gc(p77, i119, descr=<ArrayP 8>)
debug_merge_point(0, 0, '722 move y(1). x(1)')
+1673: p155 = getarrayitem_gc(p77, i117, descr=<ArrayP 8>)
debug_merge_point(0, 0, '723 move y(3). x(3)')
+1678: p156 = getarrayitem_gc(p77, i113, descr=<ArrayP 8>)
debug_merge_point(0, 0, '724 move y(0). x(0)')
+1690: p157 = getarrayitem_gc(p77, i107, descr=<ArrayP 8>)
debug_merge_point(0, 0, '725 move x(4). y(3)')
p159 = new_with_vtable(ConstClass(W_BigIntObject))
+1788: setfield_gc(p159, p145, descr=<FieldP pyrlang.interpreter.datatypes.number.W_BigIntObject.inst_bigintval 8>)
+1838: setarrayitem_gc(p77, i113, p159, descr=<ArrayP 8>)
debug_merge_point(0, 0, '726 trim 3. 1')
debug_merge_point(0, 0, '727 line 69')
debug_merge_point(0, 0, '728 call 4. L120')
+1843: setarrayitem_gc(p93, i121, ConstPtr(ptr160), descr=<ArrayP 8>)
+1858: i161 = int_sub(i98, 1)
debug_merge_point(0, 0, '704 label 120')
debug_merge_point(0, 0, '705 is_nonempty_list L121. x(1)')
+1869: setfield_gc(p152, i113, descr=<FieldS pyrlang.interpreter.register.Y_Register.inst_val_top 40>)
+1873: setfield_gc(p152, i121, descr=<FieldS pyrlang.interpreter.register.Y_Register.inst_addr_top 16>)
+1877: guard_nonnull_class(p155, 4298132104, descr=<Guard0x100711d58>) [i161, p3, p2, p155, p7, p9, p11, p13, p15, p17, p19, p21, p23, p25, p27, p29, p31, p33, p35, p37, p157, p154, p156, p159, p101, p103, p104, p56, p58, p60, p62, p64, p66, p68, p70]
debug_merge_point(0, 0, '706 get_list x(1). x(4). x(5)')
+1896: p162 = getfield_gc_pure(p155, descr=<FieldP pyrlang.interpreter.datatypes.list.W_ListObject.inst_left 8>)
+1900: p163 = getfield_gc_pure(p155, descr=<FieldP pyrlang.interpreter.datatypes.list.W_ListObject.inst_right 16>)
debug_merge_point(0, 0, '707 is_nonempty_list L119. x(2)')
+1904: guard_nonnull_class(p154, 4298132104, descr=<Guard0x100711d00>) [i161, p3, p2, p154, p7, p9, p11, p13, p15, p17, p19, p21, p23, p25, p27, p29, p31, p33, p35, p37, p157, p155, p156, p162, p163, p103, p104, p56, p58, p60, p62, p64, p66, p68, p70]
debug_merge_point(0, 0, '708 get_list x(2). x(6). x(7)')
+1923: p164 = getfield_gc_pure(p154, descr=<FieldP pyrlang.interpreter.datatypes.list.W_ListObject.inst_left 8>)
+1927: p165 = getfield_gc_pure(p154, descr=<FieldP pyrlang.interpreter.datatypes.list.W_ListObject.inst_right 16>)
debug_merge_point(0, 0, '709 is_nonempty_list L119. x(3)')
+1938: guard_nonnull_class(p156, 4298132104, descr=<Guard0x100711ca8>) [i161, p3, p2, p156, p7, p9, p11, p13, p15, p17, p19, p21, p23, p25, p27, p29, p31, p33, p35, p37, p157, p155, p154, p162, p163, p164, p165, p56, p58, p60, p62, p64, p66, p68, p70]
debug_merge_point(0, 0, '710 allocate 4. 8')
+1958: i166 = int_add(i113, 4)
+1969: setfield_gc(p152, i166, descr=<FieldS pyrlang.interpreter.register.Y_Register.inst_val_top 40>)
+1980: i167 = int_ge(i166, i108)
guard_false(i167, descr=<Guard0x100711c50>) [i161, p3, p2, i166, i108, p152, p7, p9, p11, p13, p15, p17, p19, p21, p23, p25, p27, p29, p31, p33, p35, p37, p157, p155, p154, p156, p162, p163, p164, p165, p56, p58, p60, p62, p64, p66, p68, p70]
debug_merge_point(0, 0, '711 get_list x(3). x(2). y(3)')
+1993: p168 = getfield_gc_pure(p156, descr=<FieldP pyrlang.interpreter.datatypes.list.W_ListObject.inst_left 8>)
+1998: p169 = getfield_gc_pure(p156, descr=<FieldP pyrlang.interpreter.datatypes.list.W_ListObject.inst_right 16>)
+2003: i170 = int_sub(i166, 3)
+2014: i171 = int_lt(i170, 0)
guard_false(i171, descr=<Guard0x100711bf8>) [i161, p3, p2, i170, p169, p77, p7, p9, p11, p13, p15, p17, p19, p21, p23, p25, p27, p29, p31, p33, p35, p37, p157, p155, p168, p156, p162, p163, p164, p165, p56, p58, p60, p62, p64, p66, p68, p70]
+2074: setarrayitem_gc(p77, i170, p169, descr=<ArrayP 8>)
debug_merge_point(0, 0, '712 move x(6). x(1)')
debug_merge_point(0, 0, '713 move x(0). x(3)')
debug_merge_point(0, 0, '714 move x(4). x(0)')
debug_merge_point(0, 0, '715 move x(3). y(0)')
+2122: setarrayitem_gc(p77, i166, p157, descr=<ArrayP 8>)
debug_merge_point(0, 0, '716 move x(5). y(1)')
+2134: i172 = int_sub(i166, 1)
+2181: setarrayitem_gc(p77, i172, p163, descr=<ArrayP 8>)
debug_merge_point(0, 0, '717 move x(7). y(2)')
+2186: i173 = int_sub(i166, 2)
+2240: setarrayitem_gc(p77, i173, p165, descr=<ArrayP 8>)
debug_merge_point(0, 0, '718 line 69')
debug_merge_point(0, 0, '719 call_fun 3')
+2245: i174 = int_add(i121, 1)
+2256: setfield_gc(p152, i174, descr=<FieldS pyrlang.interpreter.register.Y_Register.inst_addr_top 16>)
+2260: i175 = int_ge(i174, i91)
guard_false(i175, descr=<Guard0x100711ba0>) [i161, p3, p2, i91, p152, p7, p9, p11, p13, p15, p17, p19, p21, p23, p25, p27, p29, p31, p33, p35, p37, p162, p164, p168, p157, p163, p165, p56, p58, p60, p62, p64, p66, p68, p70]
+2273: i177 = int_lt(i174, 0)
guard_false(i177, descr=<Guard0x100710910>) [i161, p3, p2, i174, p93, p7, p9, p11, p13, p15, p17, p19, p21, p23, p25, p27, p29, p31, p33, p35, p37, p162, p164, p168, p157, p163, p165, p56, p58, p60, p62, p64, p66, p68, p70]
+2283: setarrayitem_gc(p93, i174, ConstPtr(ptr178), descr=<ArrayP 8>)
+2312: p179 = getfield_gc(p157, descr=<FieldP pyrlang.interpreter.datatypes.closure.W_ClosureObject.inst_cp 16>)
+2323: i180 = getfield_gc(p157, descr=<FieldS pyrlang.interpreter.datatypes.closure.W_ClosureObject.inst_pc 32>)
+2334: p181 = getfield_gc(p157, descr=<FieldP pyrlang.interpreter.datatypes.closure.W_ClosureObject.inst_fv_lst 24>)
+2345: i182 = arraylen_gc(p181, descr=<ArrayP 8>)
+2349: i183 = int_ge(0, i182)
guard_true(i183, descr=<Guard0x1007108b8>) [i161, p3, p2, i180, i182, p179, p181, p7, p9, p11, p13, p15, p17, p19, p21, p23, p25, p27, p29, p31, p33, p35, p37, p162, p164, p168, p157, p163, p165, p56, p58, p60, p62, p64, p66, p68, p70]
+2359: guard_value(i180, 99, descr=<Guard0x100710860>) [i161, i180, p152, p3, p2, p179, p7, p9, p11, p13, p15, p17, p19, p21, p23, p25, p27, p29, p31, p33, p35, p37, p162, p164, p168, p157, p163, p165, p56, p58, p60, p62, p64, p66, p68, p70]
+2369: guard_value(p179, ConstPtr(ptr131), descr=<Guard0x100710808>) [i161, p152, p3, p2, p179, p7, p9, p11, p13, p15, p17, p19, p21, p23, p25, p27, p29, p31, p33, p35, p37, p162, p164, p168, p157, p163, p165, p56, p58, p60, p62, p64, p66, p68, p70]
debug_merge_point(0, 0, '99 label 17')
debug_merge_point(0, 0, '100 line 5')
debug_merge_point(0, 0, '101 gc_bif2 L0. 3. 8. x(0). x(1). x(0)')
+2388: guard_class(p162, ConstClass(W_BigIntObject), descr=<Guard0x1007107b0>) [i161, p3, p2, p164, p162, p7, p9, p11, p13, p15, p17, p19, p21, p23, p25, p27, p29, p31, p33, p35, p37, p168, p157, p163, p165, p56, p58, p60, p62, p64, p66, p68, p70]
+2409: guard_nonnull_class(p164, ConstClass(W_BigIntObject), descr=<Guard0x100710758>) [i161, p3, p2, p164, p162, p7, p9, p11, p13, p15, p17, p19, p21, p23, p25, p27, p29, p31, p33, p35, p37, p168, p157, p163, p165, p56, p58, p60, p62, p64, p66, p68, p70]
+2435: p184 = getfield_gc_pure(p164, descr=<FieldP pyrlang.interpreter.datatypes.number.W_BigIntObject.inst_bigintval 8>)
+2439: i185 = getfield_gc_pure(p184, descr=<FieldS rpython.rlib.rbigint.rbigint.inst_sign 16>)
+2443: i186 = int_is_zero(i185)
guard_false(i186, descr=<Guard0x100710700>) [i161, p3, p2, p184, p162, p7, p9, p11, p13, p15, p17, p19, p21, p23, p25, p27, p29, p31, p33, p35, p37, p164, p168, p157, p163, p165, p56, p58, p60, p62, p64, p66, p68, p70]
+2453: p187 = getfield_gc_pure(p162, descr=<FieldP pyrlang.interpreter.datatypes.number.W_BigIntObject.inst_bigintval 8>)
+2457: p188 = call(ConstClass(rbigint.mul), p187, p184, descr=<Callr 8 rr EF=3>)
+2569: guard_no_exception(descr=<Guard0x1007106a8>) [i161, p3, p2, p188, p7, p9, p11, p13, p15, p17, p19, p21, p23, p25, p27, p29, p31, p33, p35, p37, p162, p164, p168, p157, p163, p165, p56, p58, p60, p62, p64, p66, p68, p70]
debug_merge_point(0, 0, '102 line 5')
debug_merge_point(0, 0, '103 gc_bif2 L0. 3. 8. x(0). x(2). x(0)')
+2589: guard_nonnull_class(p168, ConstClass(W_BigIntObject), descr=<Guard0x100710650>) [i161, p3, p2, p168, p7, p9, p11, p13, p15, p17, p19, p21, p23, p25, p27, p29, p31, p33, p35, p37, p164, p157, p162, p163, p165, p56, p58, p60, p62, p64, p66, p68, p70, p188]
+2614: p189 = getfield_gc_pure(p168, descr=<FieldP pyrlang.interpreter.datatypes.number.W_BigIntObject.inst_bigintval 8>)
+2618: i190 = getfield_gc_pure(p189, descr=<FieldS rpython.rlib.rbigint.rbigint.inst_sign 16>)
+2622: i191 = int_is_zero(i190)
guard_false(i191, descr=<Guard0x1007105f8>) [i161, p3, p2, p189, p7, p9, p11, p13, p15, p17, p19, p21, p23, p25, p27, p29, p31, p33, p35, p37, p164, p168, p157, p162, p163, p165, p56, p58, p60, p62, p64, p66, p68, p70, p188]
+2632: p192 = call(ConstClass(rbigint.mul), p188, p189, descr=<Callr 8 rr EF=3>)
+2716: guard_no_exception(descr=<Guard0x1007105a0>) [i161, p3, p2, p192, p7, p9, p11, p13, p15, p17, p19, p21, p23, p25, p27, p29, p31, p33, p35, p37, p164, p168, p157, p162, p163, p165, p56, p58, p60, p62, p64, p66, p68, p70, p188]
debug_merge_point(0, 0, '104 return ')
+2736: p193 = getarrayitem_gc(p93, i174, descr=<ArrayP 8>)
+2755: p194 = getfield_gc_pure(p193, descr=<FieldP tuple2.item0 8>)
+2759: i195 = getfield_gc_pure(p193, descr=<FieldS tuple2.item1 16>)
+2763: setfield_gc(p152, i121, descr=<FieldS pyrlang.interpreter.register.Y_Register.inst_addr_top 16>)
+2781: guard_value(i195, 720, descr=<Guard0x100710548>) [i161, i195, p152, p3, p2, p194, p7, p9, p11, p13, p15, p17, p19, p21, p23, p25, p27, p29, p31, p33, p35, p37, p164, p168, p157, p162, p163, p165, p56, p58, p60, p62, p64, p66, p68, p70, p192, None]
+2794: guard_value(p194, ConstPtr(ptr151), descr=<Guard0x1007104f0>) [i161, p152, p3, p2, p194, p7, p9, p11, p13, p15, p17, p19, p21, p23, p25, p27, p29, p31, p33, p35, p37, p164, p168, p157, p162, p163, p165, p56, p58, p60, p62, p64, p66, p68, p70, p192, None]
debug_merge_point(0, 0, '720 move x(0). x(4)')
+2813: jump(i161, p2, p3, p152, p7, p9, p11, p13, p15, p17, p19, p21, p23, p25, p27, p29, p31, p33, p35, p37, p192, p164, p168, p157, p162, p163, p165, p56, p58, p60, p62, p64, p66, p68, p70, p77, i173, i172, i170, i166, p93, i174, p152, i108, i91, descr=TargetToken(4302382600))
+2864: --end of the loop--
[52dca03cec9064] jit-log-opt-loop}
[52dca65b054181] {jit-log-opt-loop
# Loop 4 (729 test_heap 2, 1) : loop with 87 ops
[i0, i1, p2, p3, p4]
+134: p5 = getfield_gc(p3, descr=<FieldP pyrlang.interpreter.register.X_Register.inst_floats 16>)
+145: p7 = getarrayitem_gc(p5, 0, descr=<ArrayP 8>)
+149: p9 = getarrayitem_gc(p5, 1, descr=<ArrayP 8>)
+153: p11 = getarrayitem_gc(p5, 2, descr=<ArrayP 8>)
+157: p13 = getarrayitem_gc(p5, 3, descr=<ArrayP 8>)
+161: p15 = getarrayitem_gc(p5, 4, descr=<ArrayP 8>)
+165: p17 = getarrayitem_gc(p5, 5, descr=<ArrayP 8>)
+169: p19 = getarrayitem_gc(p5, 6, descr=<ArrayP 8>)
+173: p21 = getarrayitem_gc(p5, 7, descr=<ArrayP 8>)
+177: p23 = getarrayitem_gc(p5, 8, descr=<ArrayP 8>)
+181: p25 = getarrayitem_gc(p5, 9, descr=<ArrayP 8>)
+185: p27 = getarrayitem_gc(p5, 10, descr=<ArrayP 8>)
+189: p29 = getarrayitem_gc(p5, 11, descr=<ArrayP 8>)
+193: p31 = getarrayitem_gc(p5, 12, descr=<ArrayP 8>)
+204: p33 = getarrayitem_gc(p5, 13, descr=<ArrayP 8>)
+215: p35 = getarrayitem_gc(p5, 14, descr=<ArrayP 8>)
+229: p37 = getarrayitem_gc(p5, 15, descr=<ArrayP 8>)
+243: p38 = getfield_gc(p3, descr=<FieldP pyrlang.interpreter.register.X_Register.inst_regs 24>)
+261: p40 = getarrayitem_gc(p38, 0, descr=<ArrayP 8>)
+272: p42 = getarrayitem_gc(p38, 1, descr=<ArrayP 8>)
+283: p44 = getarrayitem_gc(p38, 2, descr=<ArrayP 8>)
+294: p46 = getarrayitem_gc(p38, 3, descr=<ArrayP 8>)
+305: p48 = getarrayitem_gc(p38, 4, descr=<ArrayP 8>)
+316: p50 = getarrayitem_gc(p38, 5, descr=<ArrayP 8>)
+327: p52 = getarrayitem_gc(p38, 6, descr=<ArrayP 8>)
+338: p54 = getarrayitem_gc(p38, 7, descr=<ArrayP 8>)
+349: p56 = getarrayitem_gc(p38, 8, descr=<ArrayP 8>)
+360: p58 = getarrayitem_gc(p38, 9, descr=<ArrayP 8>)
+371: p60 = getarrayitem_gc(p38, 10, descr=<ArrayP 8>)
+382: p62 = getarrayitem_gc(p38, 11, descr=<ArrayP 8>)
+386: p64 = getarrayitem_gc(p38, 12, descr=<ArrayP 8>)
+397: p66 = getarrayitem_gc(p38, 13, descr=<ArrayP 8>)
+408: p68 = getarrayitem_gc(p38, 14, descr=<ArrayP 8>)
+422: p70 = getarrayitem_gc(p38, 15, descr=<ArrayP 8>)
+436: label(i0, i1, p2, p3, p4, p7, p9, p11, p13, p15, p17, p19, p21, p23, p25, p27, p29, p31, p33, p35, p37, p40, p42, p44, p46, p48, p50, p52, p54, p56, p58, p60, p62, p64, p66, p68, p70, descr=TargetToken(4302381232))
debug_merge_point(0, 0, '729 test_heap 2. 1')
+541: p71 = getfield_gc(p2, descr=<FieldP pyrlang.interpreter.interp.Process.inst_y_reg 80>)
debug_merge_point(0, 0, '730 put_list y(0). x(0). x(0)')
+552: i72 = getfield_gc(p71, descr=<FieldS pyrlang.interpreter.register.Y_Register.inst_val_top 40>)
+556: p73 = getfield_gc(p71, descr=<FieldP pyrlang.interpreter.register.Y_Register.inst_vals 48>)
+560: p74 = getarrayitem_gc(p73, i72, descr=<ArrayP 8>)
+565: p75 = getfield_gc(p2, descr=<FieldP pyrlang.interpreter.interp.Process.inst_x_reg 72>)
+569: i76 = ptr_eq(p75, p3)
guard_true(i76, descr=<Guard0x100710440>) [i1, i0, p3, p2, p74, p75, p7, p9, p11, p13, p15, p17, p19, p21, p23, p25, p27, p29, p31, p33, p35, p37, p40, p42, p44, p46, p48, p50, p52, p54, p56, p58, p60, p62, p64, p66, p68, p70]
debug_merge_point(0, 0, '731 deallocate 1')
+582: i78 = int_sub(i72, 1)
debug_merge_point(0, 0, '732 return ')
+587: i79 = getfield_gc(p71, descr=<FieldS pyrlang.interpreter.register.Y_Register.inst_addr_top 16>)
+591: setfield_gc(p71, i78, descr=<FieldS pyrlang.interpreter.register.Y_Register.inst_val_top 40>)
+595: i81 = int_eq(i79, -1)
guard_false(i81, descr=<Guard0x17917bc50>) [i1, i0, p71, p3, p2, p7, p9, p11, p13, p15, p17, p19, p21, p23, p25, p27, p29, p31, p33, p35, p37, p42, p44, p46, p48, p50, p52, p54, p56, p58, p60, p62, p64, p66, p68, p70, p40, p74]
+605: p82 = getfield_gc(p71, descr=<FieldP pyrlang.interpreter.register.Y_Register.inst_addrs 24>)
+609: i84 = int_lt(i79, 0)
guard_false(i84, descr=<Guard0x17917bbf8>) [i1, i0, i79, p71, p82, p3, p2, p7, p9, p11, p13, p15, p17, p19, p21, p23, p25, p27, p29, p31, p33, p35, p37, p42, p44, p46, p48, p50, p52, p54, p56, p58, p60, p62, p64, p66, p68, p70, p40, p74]
+619: p85 = getarrayitem_gc(p82, i79, descr=<ArrayP 8>)
+624: i87 = int_sub(i79, 1)
+629: p88 = getfield_gc_pure(p85, descr=<FieldP tuple2.item0 8>)
+633: i89 = getfield_gc_pure(p85, descr=<FieldS tuple2.item1 16>)
+637: setfield_gc(p71, i87, descr=<FieldS pyrlang.interpreter.register.Y_Register.inst_addr_top 16>)
+641: guard_value(i89, 729, descr=<Guard0x17917bba0>) [i1, i0, i89, p71, p3, p2, p88, p7, p9, p11, p13, p15, p17, p19, p21, p23, p25, p27, p29, p31, p33, p35, p37, p42, p44, p46, p48, p50, p52, p54, p56, p58, p60, p62, p64, p66, p68, p70, p40, p74]
+654: guard_value(p88, ConstPtr(ptr91), descr=<Guard0x17917bb48>) [i1, i0, p71, p3, p2, p88, p7, p9, p11, p13, p15, p17, p19, p21, p23, p25, p27, p29, p31, p33, p35, p37, p42, p44, p46, p48, p50, p52, p54, p56, p58, p60, p62, p64, p66, p68, p70, p40, p74]
debug_merge_point(0, 0, '729 test_heap 2. 1')
+673: p92 = same_as(p71)
+676: label(i0, i1, p2, p3, p71, p7, p9, p11, p13, p15, p17, p19, p21, p23, p25, p27, p29, p31, p33, p35, p37, p74, p40, p42, p44, p46, p48, p50, p52, p54, p56, p58, p60, p62, p64, p66, p68, p70, p73, i78, p92, i87, p82, descr=TargetToken(4302381304))
debug_merge_point(0, 0, '729 test_heap 2. 1')
debug_merge_point(0, 0, '730 put_list y(0). x(0). x(0)')
+701: p93 = getarrayitem_gc(p73, i78, descr=<ArrayP 8>)
debug_merge_point(0, 0, '731 deallocate 1')
+706: i94 = int_sub(i78, 1)
debug_merge_point(0, 0, '732 return ')
+710: setfield_gc(p92, i94, descr=<FieldS pyrlang.interpreter.register.Y_Register.inst_val_top 40>)
+715: i95 = int_eq(i87, -1)
guard_false(i95, descr=<Guard0x17917baf0>) [i1, i0, p92, p3, p2, p7, p9, p11, p13, p15, p17, p19, p21, p23, p25, p27, p29, p31, p33, p35, p37, p42, p44, p46, p48, p50, p52, p54, p56, p58, p60, p62, p64, p66, p68, p70, p40, p74, p93]
+725: i96 = int_lt(i87, 0)
guard_false(i96, descr=<Guard0x17917ba98>) [i1, i0, i87, p92, p82, p3, p2, p7, p9, p11, p13, p15, p17, p19, p21, p23, p25, p27, p29, p31, p33, p35, p37, p42, p44, p46, p48, p50, p52, p54, p56, p58, p60, p62, p64, p66, p68, p70, p40, p74, p93]
+735: p97 = getarrayitem_gc(p82, i87, descr=<ArrayP 8>)
+740: i98 = int_sub(i87, 1)
+744: p99 = getfield_gc_pure(p97, descr=<FieldP tuple2.item0 8>)
+748: i100 = getfield_gc_pure(p97, descr=<FieldS tuple2.item1 16>)
+752: setfield_gc(p92, i98, descr=<FieldS pyrlang.interpreter.register.Y_Register.inst_addr_top 16>)
+757: guard_value(i100, 729, descr=<Guard0x17917ba40>) [i1, i0, i100, p92, p3, p2, p99, p7, p9, p11, p13, p15, p17, p19, p21, p23, p25, p27, p29, p31, p33, p35, p37, p42, p44, p46, p48, p50, p52, p54, p56, p58, p60, p62, p64, p66, p68, p70, p40, p74, p93]
+770: guard_value(p99, ConstPtr(ptr91), descr=<Guard0x17917b9e8>) [i1, i0, p92, p3, p2, p99, p7, p9, p11, p13, p15, p17, p19, p21, p23, p25, p27, p29, p31, p33, p35, p37, p42, p44, p46, p48, p50, p52, p54, p56, p58, p60, p62, p64, p66, p68, p70, p40, p74, p93]
debug_merge_point(0, 0, '729 test_heap 2. 1')
p102 = new_with_vtable(4298132104)
+875: setfield_gc(p102, p74, descr=<FieldP pyrlang.interpreter.datatypes.list.W_ListObject.inst_left 8>)
+886: setfield_gc(p102, p40, descr=<FieldP pyrlang.interpreter.datatypes.list.W_ListObject.inst_right 16>)
+890: jump(i0, i1, p2, p3, p92, p7, p9, p11, p13, p15, p17, p19, p21, p23, p25, p27, p29, p31, p33, p35, p37, p93, p102, p42, p44, p46, p48, p50, p52, p54, p56, p58, p60, p62, p64, p66, p68, p70, p73, i94, p92, i98, p82, descr=TargetToken(4302381304))
+928: --end of the loop--
[52dca65b23b58c] jit-log-opt-loop}
[52dca781b26a28] {jit-log-opt-loop
# Loop 5 (367 label 69) : loop with 77 ops
[i0, i1, p2, p3, p4]
+134: p5 = getfield_gc(p3, descr=<FieldP pyrlang.interpreter.register.X_Register.inst_floats 16>)
+145: p7 = getarrayitem_gc(p5, 0, descr=<ArrayP 8>)
+149: p9 = getarrayitem_gc(p5, 1, descr=<ArrayP 8>)
+153: p11 = getarrayitem_gc(p5, 2, descr=<ArrayP 8>)
+157: p13 = getarrayitem_gc(p5, 3, descr=<ArrayP 8>)
+161: p15 = getarrayitem_gc(p5, 4, descr=<ArrayP 8>)
+165: p17 = getarrayitem_gc(p5, 5, descr=<ArrayP 8>)
+169: p19 = getarrayitem_gc(p5, 6, descr=<ArrayP 8>)
+173: p21 = getarrayitem_gc(p5, 7, descr=<ArrayP 8>)
+177: p23 = getarrayitem_gc(p5, 8, descr=<ArrayP 8>)
+181: p25 = getarrayitem_gc(p5, 9, descr=<ArrayP 8>)
+185: p27 = getarrayitem_gc(p5, 10, descr=<ArrayP 8>)
+189: p29 = getarrayitem_gc(p5, 11, descr=<ArrayP 8>)
+193: p31 = getarrayitem_gc(p5, 12, descr=<ArrayP 8>)
+204: p33 = getarrayitem_gc(p5, 13, descr=<ArrayP 8>)
+215: p35 = getarrayitem_gc(p5, 14, descr=<ArrayP 8>)
+229: p37 = getarrayitem_gc(p5, 15, descr=<ArrayP 8>)
+243: p38 = getfield_gc(p3, descr=<FieldP pyrlang.interpreter.register.X_Register.inst_regs 24>)
+261: p40 = getarrayitem_gc(p38, 0, descr=<ArrayP 8>)
+272: p42 = getarrayitem_gc(p38, 1, descr=<ArrayP 8>)
+283: p44 = getarrayitem_gc(p38, 2, descr=<ArrayP 8>)
+294: p46 = getarrayitem_gc(p38, 3, descr=<ArrayP 8>)
+305: p48 = getarrayitem_gc(p38, 4, descr=<ArrayP 8>)
+316: p50 = getarrayitem_gc(p38, 5, descr=<ArrayP 8>)
+327: p52 = getarrayitem_gc(p38, 6, descr=<ArrayP 8>)
+338: p54 = getarrayitem_gc(p38, 7, descr=<ArrayP 8>)
+349: p56 = getarrayitem_gc(p38, 8, descr=<ArrayP 8>)
+360: p58 = getarrayitem_gc(p38, 9, descr=<ArrayP 8>)
+371: p60 = getarrayitem_gc(p38, 10, descr=<ArrayP 8>)
+382: p62 = getarrayitem_gc(p38, 11, descr=<ArrayP 8>)
+386: p64 = getarrayitem_gc(p38, 12, descr=<ArrayP 8>)
+397: p66 = getarrayitem_gc(p38, 13, descr=<ArrayP 8>)
+408: p68 = getarrayitem_gc(p38, 14, descr=<ArrayP 8>)
+422: p70 = getarrayitem_gc(p38, 15, descr=<ArrayP 8>)
+436: label(i0, i1, p2, p3, p4, p7, p9, p11, p13, p15, p17, p19, p21, p23, p25, p27, p29, p31, p33, p35, p37, p40, p42, p44, p46, p48, p50, p52, p54, p56, p58, p60, p62, p64, p66, p68, p70, descr=TargetToken(4302382096))
debug_merge_point(0, 0, '367 label 69')
+525: p71 = getfield_gc(p2, descr=<FieldP pyrlang.interpreter.interp.Process.inst_y_reg 80>)
debug_merge_point(0, 0, '368 is_nonempty_list L70. x(0)')
+536: p72 = getfield_gc(p2, descr=<FieldP pyrlang.interpreter.interp.Process.inst_x_reg 72>)
+540: i73 = ptr_eq(p72, p3)
guard_true(i73, descr=<Guard0x21c4d2128>) [i1, i0, p3, p2, p72, p7, p9, p11, p13, p15, p17, p19, p21, p23, p25, p27, p29, p31, p33, p35, p37, p40, p42, p44, p46, p48, p50, p52, p54, p56, p58, p60, p62, p64, p66, p68, p70]
+553: guard_nonnull_class(p40, 4298132104, descr=<Guard0x21c4d20d0>) [i1, i0, p3, p2, p40, p7, p9, p11, p13, p15, p17, p19, p21, p23, p25, p27, p29, p31, p33, p35, p37, p42, p44, p46, p48, p50, p52, p54, p56, p58, p60, p62, p64, p66, p68, p70]
debug_merge_point(0, 0, '369 get_list x(0). x(2). x(3)')
+572: p75 = getfield_gc_pure(p40, descr=<FieldP pyrlang.interpreter.datatypes.list.W_ListObject.inst_left 8>)
+576: p76 = getfield_gc_pure(p40, descr=<FieldP pyrlang.interpreter.datatypes.list.W_ListObject.inst_right 16>)
debug_merge_point(0, 0, '370 line 44')
debug_merge_point(0, 0, '371 gc_bif2 L0. 4. 7. x(1). x(2). x(1)')
+580: guard_class(p42, ConstClass(W_BigIntObject), descr=<Guard0x21c4d2078>) [i1, i0, p3, p2, p75, p42, p7, p9, p11, p13, p15, p17, p19, p21, p23, p25, p27, p29, p31, p33, p35, p37, p40, p76, p48, p50, p52, p54, p56, p58, p60, p62, p64, p66, p68, p70]
+593: guard_nonnull_class(p75, ConstClass(W_BigIntObject), descr=<Guard0x21c4d2020>) [i1, i0, p3, p2, p75, p42, p7, p9, p11, p13, p15, p17, p19, p21, p23, p25, p27, p29, p31, p33, p35, p37, p40, p76, p48, p50, p52, p54, p56, p58, p60, p62, p64, p66, p68, p70]
+612: p79 = getfield_gc_pure(p42, descr=<FieldP pyrlang.interpreter.datatypes.number.W_BigIntObject.inst_bigintval 8>)
+616: p80 = getfield_gc_pure(p75, descr=<FieldP pyrlang.interpreter.datatypes.number.W_BigIntObject.inst_bigintval 8>)
+620: p82 = call(ConstClass(rbigint.add), p79, p80, descr=<Callr 8 rr EF=3>)
+732: guard_no_exception(descr=<Guard0x17917bf68>) [i1, i0, p3, p2, p82, p7, p9, p11, p13, p15, p17, p19, p21, p23, p25, p27, p29, p31, p33, p35, p37, p40, p42, p75, p76, p48, p50, p52, p54, p56, p58, p60, p62, p64, p66, p68, p70]
debug_merge_point(0, 0, '372 move x(3). x(0)')
debug_merge_point(0, 0, '373 call_only 2. L69')
+752: i84 = int_sub(i0, 1)
+763: guard_true(i1, descr=<Guard0x17917bf10>) [i84, p3, p2, p7, p9, p11, p13, p15, p17, p19, p21, p23, p25, p27, p29, p31, p33, p35, p37, p76, p75, p48, p50, p52, p54, p56, p58, p60, p62, p64, p66, p68, p70, p82]
debug_merge_point(0, 0, '367 label 69')
+779: p85 = same_as(p71)
+786: label(i84, p2, p3, p71, p7, p9, p11, p13, p15, p17, p19, p21, p23, p25, p27, p29, p31, p33, p35, p37, p76, p82, p75, p48, p50, p52, p54, p56, p58, p60, p62, p64, p66, p68, p70, p85, descr=TargetToken(4302382168))
debug_merge_point(0, 0, '367 label 69')
debug_merge_point(0, 0, '368 is_nonempty_list L70. x(0)')
+813: guard_nonnull_class(p76, 4298132104, descr=<Guard0x17917beb8>) [i84, p3, p2, p76, p7, p9, p11, p13, p15, p17, p19, p21, p23, p25, p27, p29, p31, p33, p35, p37, p75, p48, p50, p52, p54, p56, p58, p60, p62, p64, p66, p68, p70, p82]
debug_merge_point(0, 0, '369 get_list x(0). x(2). x(3)')
+839: p86 = getfield_gc_pure(p76, descr=<FieldP pyrlang.interpreter.datatypes.list.W_ListObject.inst_left 8>)
+843: p87 = getfield_gc_pure(p76, descr=<FieldP pyrlang.interpreter.datatypes.list.W_ListObject.inst_right 16>)
debug_merge_point(0, 0, '370 line 44')
debug_merge_point(0, 0, '371 gc_bif2 L0. 4. 7. x(1). x(2). x(1)')
+847: guard_nonnull_class(p86, ConstClass(W_BigIntObject), descr=<Guard0x17917be60>) [i84, p3, p2, p86, p7, p9, p11, p13, p15, p17, p19, p21, p23, p25, p27, p29, p31, p33, p35, p37, p76, p87, p48, p50, p52, p54, p56, p58, p60, p62, p64, p66, p68, p70, p82]
+866: p88 = getfield_gc_pure(p86, descr=<FieldP pyrlang.interpreter.datatypes.number.W_BigIntObject.inst_bigintval 8>)
+870: p89 = call(ConstClass(rbigint.add), p82, p88, descr=<Callr 8 rr EF=3>)
+975: guard_no_exception(descr=<Guard0x17917be08>) [i84, p3, p2, p89, p7, p9, p11, p13, p15, p17, p19, p21, p23, p25, p27, p29, p31, p33, p35, p37, p76, p86, p87, p48, p50, p52, p54, p56, p58, p60, p62, p64, p66, p68, p70, p82]
debug_merge_point(0, 0, '372 move x(3). x(0)')
debug_merge_point(0, 0, '373 call_only 2. L69')
+995: i90 = int_sub(i84, 1)
debug_merge_point(0, 0, '367 label 69')
+1006: jump(i90, p2, p3, p85, p7, p9, p11, p13, p15, p17, p19, p21, p23, p25, p27, p29, p31, p33, p35, p37, p87, p89, p86, p48, p50, p52, p54, p56, p58, p60, p62, p64, p66, p68, p70, p85, descr=TargetToken(4302382168))
+1056: --end of the loop--
[52dca781bcc297] jit-log-opt-loop}
[52dca7b83dc548] {jit-backend-counts
entry 0:1
TargetToken(4302381088):1
TargetToken(4302381160):2498959
entry 1:1
TargetToken(4302381664):1
TargetToken(4302381736):2498959
entry 2:1
TargetToken(4302381808):1
TargetToken(4302381880):2498959
entry 3:27
TargetToken(4302382528):27
TargetToken(4302382600):9998933
entry 4:1
TargetToken(4302381232):1
TargetToken(4302381304):9998958
entry 5:1
TargetToken(4302382096):1
TargetToken(4302382168):9998960
[52dca7b83e9704] jit-backend-counts}
