[d118e409a521] {jit-log-opt-loop
# Loop 0 (27 label 9) : entry bridge with 497 ops
[i0, i1, p2, p3, p4, p5]
p6 = getfield_gc_r(p3, descr=<FieldP pyrlang.interpreter.register.X_Register.inst_regs 24>)
p8 = getarrayitem_gc_r(p6, 0, descr=<ArrayP 8>)
p10 = getarrayitem_gc_r(p6, 1, descr=<ArrayP 8>)
p12 = getarrayitem_gc_r(p6, 2, descr=<ArrayP 8>)
p14 = getarrayitem_gc_r(p6, 3, descr=<ArrayP 8>)
p16 = getarrayitem_gc_r(p6, 4, descr=<ArrayP 8>)
p18 = getarrayitem_gc_r(p6, 5, descr=<ArrayP 8>)
p20 = getarrayitem_gc_r(p6, 6, descr=<ArrayP 8>)
p22 = getarrayitem_gc_r(p6, 7, descr=<ArrayP 8>)
p24 = getarrayitem_gc_r(p6, 8, descr=<ArrayP 8>)
p26 = getarrayitem_gc_r(p6, 9, descr=<ArrayP 8>)
p28 = getarrayitem_gc_r(p6, 10, descr=<ArrayP 8>)
p30 = getarrayitem_gc_r(p6, 11, descr=<ArrayP 8>)
p32 = getarrayitem_gc_r(p6, 12, descr=<ArrayP 8>)
p34 = getarrayitem_gc_r(p6, 13, descr=<ArrayP 8>)
p36 = getarrayitem_gc_r(p6, 14, descr=<ArrayP 8>)
p38 = getarrayitem_gc_r(p6, 15, descr=<ArrayP 8>)
p40 = getarrayitem_gc_r(p6, 16, descr=<ArrayP 8>)
p42 = getarrayitem_gc_r(p6, 17, descr=<ArrayP 8>)
p44 = getarrayitem_gc_r(p6, 18, descr=<ArrayP 8>)
p46 = getarrayitem_gc_r(p6, 19, descr=<ArrayP 8>)
p48 = getarrayitem_gc_r(p6, 20, descr=<ArrayP 8>)
p50 = getarrayitem_gc_r(p6, 21, descr=<ArrayP 8>)
p52 = getarrayitem_gc_r(p6, 22, descr=<ArrayP 8>)
p54 = getarrayitem_gc_r(p6, 23, descr=<ArrayP 8>)
p56 = getarrayitem_gc_r(p6, 24, descr=<ArrayP 8>)
p58 = getarrayitem_gc_r(p6, 25, descr=<ArrayP 8>)
p60 = getarrayitem_gc_r(p6, 26, descr=<ArrayP 8>)
p62 = getarrayitem_gc_r(p6, 27, descr=<ArrayP 8>)
p64 = getarrayitem_gc_r(p6, 28, descr=<ArrayP 8>)
p66 = getarrayitem_gc_r(p6, 29, descr=<ArrayP 8>)
p68 = getarrayitem_gc_r(p6, 30, descr=<ArrayP 8>)
p70 = getarrayitem_gc_r(p6, 31, descr=<ArrayP 8>)
p72 = getarrayitem_gc_r(p6, 32, descr=<ArrayP 8>)
p74 = getarrayitem_gc_r(p6, 33, descr=<ArrayP 8>)
p76 = getarrayitem_gc_r(p6, 34, descr=<ArrayP 8>)
p78 = getarrayitem_gc_r(p6, 35, descr=<ArrayP 8>)
p80 = getarrayitem_gc_r(p6, 36, descr=<ArrayP 8>)
p82 = getarrayitem_gc_r(p6, 37, descr=<ArrayP 8>)
p84 = getarrayitem_gc_r(p6, 38, descr=<ArrayP 8>)
p86 = getarrayitem_gc_r(p6, 39, descr=<ArrayP 8>)
p88 = getarrayitem_gc_r(p6, 40, descr=<ArrayP 8>)
p90 = getarrayitem_gc_r(p6, 41, descr=<ArrayP 8>)
p92 = getarrayitem_gc_r(p6, 42, descr=<ArrayP 8>)
p94 = getarrayitem_gc_r(p6, 43, descr=<ArrayP 8>)
p96 = getarrayitem_gc_r(p6, 44, descr=<ArrayP 8>)
p98 = getarrayitem_gc_r(p6, 45, descr=<ArrayP 8>)
p100 = getarrayitem_gc_r(p6, 46, descr=<ArrayP 8>)
p102 = getarrayitem_gc_r(p6, 47, descr=<ArrayP 8>)
p104 = getarrayitem_gc_r(p6, 48, descr=<ArrayP 8>)
p106 = getarrayitem_gc_r(p6, 49, descr=<ArrayP 8>)
p108 = getarrayitem_gc_r(p6, 50, descr=<ArrayP 8>)
p110 = getarrayitem_gc_r(p6, 51, descr=<ArrayP 8>)
p112 = getarrayitem_gc_r(p6, 52, descr=<ArrayP 8>)
p114 = getarrayitem_gc_r(p6, 53, descr=<ArrayP 8>)
p116 = getarrayitem_gc_r(p6, 54, descr=<ArrayP 8>)
p118 = getarrayitem_gc_r(p6, 55, descr=<ArrayP 8>)
p120 = getarrayitem_gc_r(p6, 56, descr=<ArrayP 8>)
p122 = getarrayitem_gc_r(p6, 57, descr=<ArrayP 8>)
p124 = getarrayitem_gc_r(p6, 58, descr=<ArrayP 8>)
p126 = getarrayitem_gc_r(p6, 59, descr=<ArrayP 8>)
p128 = getarrayitem_gc_r(p6, 60, descr=<ArrayP 8>)
p130 = getarrayitem_gc_r(p6, 61, descr=<ArrayP 8>)
p132 = getarrayitem_gc_r(p6, 62, descr=<ArrayP 8>)
p134 = getarrayitem_gc_r(p6, 63, descr=<ArrayP 8>)
p136 = getarrayitem_gc_r(p6, 64, descr=<ArrayP 8>)
p138 = getarrayitem_gc_r(p6, 65, descr=<ArrayP 8>)
p140 = getarrayitem_gc_r(p6, 66, descr=<ArrayP 8>)
p142 = getarrayitem_gc_r(p6, 67, descr=<ArrayP 8>)
p144 = getarrayitem_gc_r(p6, 68, descr=<ArrayP 8>)
p146 = getarrayitem_gc_r(p6, 69, descr=<ArrayP 8>)
p148 = getarrayitem_gc_r(p6, 70, descr=<ArrayP 8>)
p150 = getarrayitem_gc_r(p6, 71, descr=<ArrayP 8>)
p152 = getarrayitem_gc_r(p6, 72, descr=<ArrayP 8>)
p154 = getarrayitem_gc_r(p6, 73, descr=<ArrayP 8>)
p156 = getarrayitem_gc_r(p6, 74, descr=<ArrayP 8>)
p158 = getarrayitem_gc_r(p6, 75, descr=<ArrayP 8>)
p160 = getarrayitem_gc_r(p6, 76, descr=<ArrayP 8>)
p162 = getarrayitem_gc_r(p6, 77, descr=<ArrayP 8>)
p164 = getarrayitem_gc_r(p6, 78, descr=<ArrayP 8>)
p166 = getarrayitem_gc_r(p6, 79, descr=<ArrayP 8>)
p168 = getarrayitem_gc_r(p6, 80, descr=<ArrayP 8>)
p170 = getarrayitem_gc_r(p6, 81, descr=<ArrayP 8>)
p172 = getarrayitem_gc_r(p6, 82, descr=<ArrayP 8>)
p174 = getarrayitem_gc_r(p6, 83, descr=<ArrayP 8>)
p176 = getarrayitem_gc_r(p6, 84, descr=<ArrayP 8>)
p178 = getarrayitem_gc_r(p6, 85, descr=<ArrayP 8>)
p180 = getarrayitem_gc_r(p6, 86, descr=<ArrayP 8>)
p182 = getarrayitem_gc_r(p6, 87, descr=<ArrayP 8>)
p184 = getarrayitem_gc_r(p6, 88, descr=<ArrayP 8>)
p186 = getarrayitem_gc_r(p6, 89, descr=<ArrayP 8>)
p188 = getarrayitem_gc_r(p6, 90, descr=<ArrayP 8>)
p190 = getarrayitem_gc_r(p6, 91, descr=<ArrayP 8>)
p192 = getarrayitem_gc_r(p6, 92, descr=<ArrayP 8>)
p194 = getarrayitem_gc_r(p6, 93, descr=<ArrayP 8>)
p196 = getarrayitem_gc_r(p6, 94, descr=<ArrayP 8>)
p198 = getarrayitem_gc_r(p6, 95, descr=<ArrayP 8>)
p200 = getarrayitem_gc_r(p6, 96, descr=<ArrayP 8>)
p202 = getarrayitem_gc_r(p6, 97, descr=<ArrayP 8>)
p204 = getarrayitem_gc_r(p6, 98, descr=<ArrayP 8>)
p206 = getarrayitem_gc_r(p6, 99, descr=<ArrayP 8>)
p208 = getarrayitem_gc_r(p6, 100, descr=<ArrayP 8>)
p210 = getarrayitem_gc_r(p6, 101, descr=<ArrayP 8>)
p212 = getarrayitem_gc_r(p6, 102, descr=<ArrayP 8>)
p214 = getarrayitem_gc_r(p6, 103, descr=<ArrayP 8>)
p216 = getarrayitem_gc_r(p6, 104, descr=<ArrayP 8>)
p218 = getarrayitem_gc_r(p6, 105, descr=<ArrayP 8>)
p220 = getarrayitem_gc_r(p6, 106, descr=<ArrayP 8>)
p222 = getarrayitem_gc_r(p6, 107, descr=<ArrayP 8>)
p224 = getarrayitem_gc_r(p6, 108, descr=<ArrayP 8>)
p226 = getarrayitem_gc_r(p6, 109, descr=<ArrayP 8>)
p228 = getarrayitem_gc_r(p6, 110, descr=<ArrayP 8>)
p230 = getarrayitem_gc_r(p6, 111, descr=<ArrayP 8>)
p232 = getarrayitem_gc_r(p6, 112, descr=<ArrayP 8>)
p234 = getarrayitem_gc_r(p6, 113, descr=<ArrayP 8>)
p236 = getarrayitem_gc_r(p6, 114, descr=<ArrayP 8>)
p238 = getarrayitem_gc_r(p6, 115, descr=<ArrayP 8>)
p240 = getarrayitem_gc_r(p6, 116, descr=<ArrayP 8>)
p242 = getarrayitem_gc_r(p6, 117, descr=<ArrayP 8>)
p244 = getarrayitem_gc_r(p6, 118, descr=<ArrayP 8>)
p246 = getarrayitem_gc_r(p6, 119, descr=<ArrayP 8>)
p248 = getarrayitem_gc_r(p6, 120, descr=<ArrayP 8>)
p250 = getarrayitem_gc_r(p6, 121, descr=<ArrayP 8>)
p252 = getarrayitem_gc_r(p6, 122, descr=<ArrayP 8>)
p254 = getarrayitem_gc_r(p6, 123, descr=<ArrayP 8>)
p256 = getarrayitem_gc_r(p6, 124, descr=<ArrayP 8>)
p258 = getarrayitem_gc_r(p6, 125, descr=<ArrayP 8>)
p260 = getarrayitem_gc_r(p6, 126, descr=<ArrayP 8>)
p262 = getarrayitem_gc_r(p6, 127, descr=<ArrayP 8>)
p263 = getfield_gc_r(p3, descr=<FieldP pyrlang.interpreter.register.X_Register.inst_floats 16>)
p265 = getarrayitem_gc_r(p263, 0, descr=<ArrayP 8>)
p267 = getarrayitem_gc_r(p263, 1, descr=<ArrayP 8>)
p269 = getarrayitem_gc_r(p263, 2, descr=<ArrayP 8>)
p271 = getarrayitem_gc_r(p263, 3, descr=<ArrayP 8>)
p273 = getarrayitem_gc_r(p263, 4, descr=<ArrayP 8>)
p275 = getarrayitem_gc_r(p263, 5, descr=<ArrayP 8>)
p277 = getarrayitem_gc_r(p263, 6, descr=<ArrayP 8>)
p279 = getarrayitem_gc_r(p263, 7, descr=<ArrayP 8>)
p281 = getarrayitem_gc_r(p263, 8, descr=<ArrayP 8>)
p283 = getarrayitem_gc_r(p263, 9, descr=<ArrayP 8>)
p285 = getarrayitem_gc_r(p263, 10, descr=<ArrayP 8>)
p287 = getarrayitem_gc_r(p263, 11, descr=<ArrayP 8>)
p289 = getarrayitem_gc_r(p263, 12, descr=<ArrayP 8>)
p291 = getarrayitem_gc_r(p263, 13, descr=<ArrayP 8>)
p293 = getarrayitem_gc_r(p263, 14, descr=<ArrayP 8>)
p295 = getarrayitem_gc_r(p263, 15, descr=<ArrayP 8>)
p297 = getarrayitem_gc_r(p263, 16, descr=<ArrayP 8>)
p299 = getarrayitem_gc_r(p263, 17, descr=<ArrayP 8>)
p301 = getarrayitem_gc_r(p263, 18, descr=<ArrayP 8>)
p303 = getarrayitem_gc_r(p263, 19, descr=<ArrayP 8>)
p305 = getarrayitem_gc_r(p263, 20, descr=<ArrayP 8>)
p307 = getarrayitem_gc_r(p263, 21, descr=<ArrayP 8>)
p309 = getarrayitem_gc_r(p263, 22, descr=<ArrayP 8>)
p311 = getarrayitem_gc_r(p263, 23, descr=<ArrayP 8>)
p313 = getarrayitem_gc_r(p263, 24, descr=<ArrayP 8>)
p315 = getarrayitem_gc_r(p263, 25, descr=<ArrayP 8>)
p317 = getarrayitem_gc_r(p263, 26, descr=<ArrayP 8>)
p319 = getarrayitem_gc_r(p263, 27, descr=<ArrayP 8>)
p321 = getarrayitem_gc_r(p263, 28, descr=<ArrayP 8>)
p323 = getarrayitem_gc_r(p263, 29, descr=<ArrayP 8>)
p325 = getarrayitem_gc_r(p263, 30, descr=<ArrayP 8>)
p327 = getarrayitem_gc_r(p263, 31, descr=<ArrayP 8>)
p329 = getarrayitem_gc_r(p263, 32, descr=<ArrayP 8>)
p331 = getarrayitem_gc_r(p263, 33, descr=<ArrayP 8>)
p333 = getarrayitem_gc_r(p263, 34, descr=<ArrayP 8>)
p335 = getarrayitem_gc_r(p263, 35, descr=<ArrayP 8>)
p337 = getarrayitem_gc_r(p263, 36, descr=<ArrayP 8>)
p339 = getarrayitem_gc_r(p263, 37, descr=<ArrayP 8>)
p341 = getarrayitem_gc_r(p263, 38, descr=<ArrayP 8>)
p343 = getarrayitem_gc_r(p263, 39, descr=<ArrayP 8>)
p345 = getarrayitem_gc_r(p263, 40, descr=<ArrayP 8>)
p347 = getarrayitem_gc_r(p263, 41, descr=<ArrayP 8>)
p349 = getarrayitem_gc_r(p263, 42, descr=<ArrayP 8>)
p351 = getarrayitem_gc_r(p263, 43, descr=<ArrayP 8>)
p353 = getarrayitem_gc_r(p263, 44, descr=<ArrayP 8>)
p355 = getarrayitem_gc_r(p263, 45, descr=<ArrayP 8>)
p357 = getarrayitem_gc_r(p263, 46, descr=<ArrayP 8>)
p359 = getarrayitem_gc_r(p263, 47, descr=<ArrayP 8>)
p361 = getarrayitem_gc_r(p263, 48, descr=<ArrayP 8>)
p363 = getarrayitem_gc_r(p263, 49, descr=<ArrayP 8>)
p365 = getarrayitem_gc_r(p263, 50, descr=<ArrayP 8>)
p367 = getarrayitem_gc_r(p263, 51, descr=<ArrayP 8>)
p369 = getarrayitem_gc_r(p263, 52, descr=<ArrayP 8>)
p371 = getarrayitem_gc_r(p263, 53, descr=<ArrayP 8>)
p373 = getarrayitem_gc_r(p263, 54, descr=<ArrayP 8>)
p375 = getarrayitem_gc_r(p263, 55, descr=<ArrayP 8>)
p377 = getarrayitem_gc_r(p263, 56, descr=<ArrayP 8>)
p379 = getarrayitem_gc_r(p263, 57, descr=<ArrayP 8>)
p381 = getarrayitem_gc_r(p263, 58, descr=<ArrayP 8>)
p383 = getarrayitem_gc_r(p263, 59, descr=<ArrayP 8>)
p385 = getarrayitem_gc_r(p263, 60, descr=<ArrayP 8>)
p387 = getarrayitem_gc_r(p263, 61, descr=<ArrayP 8>)
p389 = getarrayitem_gc_r(p263, 62, descr=<ArrayP 8>)
p391 = getarrayitem_gc_r(p263, 63, descr=<ArrayP 8>)
p393 = getarrayitem_gc_r(p263, 64, descr=<ArrayP 8>)
p395 = getarrayitem_gc_r(p263, 65, descr=<ArrayP 8>)
p397 = getarrayitem_gc_r(p263, 66, descr=<ArrayP 8>)
p399 = getarrayitem_gc_r(p263, 67, descr=<ArrayP 8>)
p401 = getarrayitem_gc_r(p263, 68, descr=<ArrayP 8>)
p403 = getarrayitem_gc_r(p263, 69, descr=<ArrayP 8>)
p405 = getarrayitem_gc_r(p263, 70, descr=<ArrayP 8>)
p407 = getarrayitem_gc_r(p263, 71, descr=<ArrayP 8>)
p409 = getarrayitem_gc_r(p263, 72, descr=<ArrayP 8>)
p411 = getarrayitem_gc_r(p263, 73, descr=<ArrayP 8>)
p413 = getarrayitem_gc_r(p263, 74, descr=<ArrayP 8>)
p415 = getarrayitem_gc_r(p263, 75, descr=<ArrayP 8>)
p417 = getarrayitem_gc_r(p263, 76, descr=<ArrayP 8>)
p419 = getarrayitem_gc_r(p263, 77, descr=<ArrayP 8>)
p421 = getarrayitem_gc_r(p263, 78, descr=<ArrayP 8>)
p423 = getarrayitem_gc_r(p263, 79, descr=<ArrayP 8>)
p425 = getarrayitem_gc_r(p263, 80, descr=<ArrayP 8>)
p427 = getarrayitem_gc_r(p263, 81, descr=<ArrayP 8>)
p429 = getarrayitem_gc_r(p263, 82, descr=<ArrayP 8>)
p431 = getarrayitem_gc_r(p263, 83, descr=<ArrayP 8>)
p433 = getarrayitem_gc_r(p263, 84, descr=<ArrayP 8>)
p435 = getarrayitem_gc_r(p263, 85, descr=<ArrayP 8>)
p437 = getarrayitem_gc_r(p263, 86, descr=<ArrayP 8>)
p439 = getarrayitem_gc_r(p263, 87, descr=<ArrayP 8>)
p441 = getarrayitem_gc_r(p263, 88, descr=<ArrayP 8>)
p443 = getarrayitem_gc_r(p263, 89, descr=<ArrayP 8>)
p445 = getarrayitem_gc_r(p263, 90, descr=<ArrayP 8>)
p447 = getarrayitem_gc_r(p263, 91, descr=<ArrayP 8>)
p449 = getarrayitem_gc_r(p263, 92, descr=<ArrayP 8>)
p451 = getarrayitem_gc_r(p263, 93, descr=<ArrayP 8>)
p453 = getarrayitem_gc_r(p263, 94, descr=<ArrayP 8>)
p455 = getarrayitem_gc_r(p263, 95, descr=<ArrayP 8>)
p457 = getarrayitem_gc_r(p263, 96, descr=<ArrayP 8>)
p459 = getarrayitem_gc_r(p263, 97, descr=<ArrayP 8>)
p461 = getarrayitem_gc_r(p263, 98, descr=<ArrayP 8>)
p463 = getarrayitem_gc_r(p263, 99, descr=<ArrayP 8>)
p465 = getarrayitem_gc_r(p263, 100, descr=<ArrayP 8>)
p467 = getarrayitem_gc_r(p263, 101, descr=<ArrayP 8>)
p469 = getarrayitem_gc_r(p263, 102, descr=<ArrayP 8>)
p471 = getarrayitem_gc_r(p263, 103, descr=<ArrayP 8>)
p473 = getarrayitem_gc_r(p263, 104, descr=<ArrayP 8>)
p475 = getarrayitem_gc_r(p263, 105, descr=<ArrayP 8>)
p477 = getarrayitem_gc_r(p263, 106, descr=<ArrayP 8>)
p479 = getarrayitem_gc_r(p263, 107, descr=<ArrayP 8>)
p481 = getarrayitem_gc_r(p263, 108, descr=<ArrayP 8>)
p483 = getarrayitem_gc_r(p263, 109, descr=<ArrayP 8>)
p485 = getarrayitem_gc_r(p263, 110, descr=<ArrayP 8>)
p487 = getarrayitem_gc_r(p263, 111, descr=<ArrayP 8>)
p489 = getarrayitem_gc_r(p263, 112, descr=<ArrayP 8>)
p491 = getarrayitem_gc_r(p263, 113, descr=<ArrayP 8>)
p493 = getarrayitem_gc_r(p263, 114, descr=<ArrayP 8>)
p495 = getarrayitem_gc_r(p263, 115, descr=<ArrayP 8>)
p497 = getarrayitem_gc_r(p263, 116, descr=<ArrayP 8>)
p499 = getarrayitem_gc_r(p263, 117, descr=<ArrayP 8>)
p501 = getarrayitem_gc_r(p263, 118, descr=<ArrayP 8>)
p503 = getarrayitem_gc_r(p263, 119, descr=<ArrayP 8>)
p505 = getarrayitem_gc_r(p263, 120, descr=<ArrayP 8>)
p507 = getarrayitem_gc_r(p263, 121, descr=<ArrayP 8>)
p509 = getarrayitem_gc_r(p263, 122, descr=<ArrayP 8>)
p511 = getarrayitem_gc_r(p263, 123, descr=<ArrayP 8>)
p513 = getarrayitem_gc_r(p263, 124, descr=<ArrayP 8>)
p515 = getarrayitem_gc_r(p263, 125, descr=<ArrayP 8>)
p517 = getarrayitem_gc_r(p263, 126, descr=<ArrayP 8>)
p519 = getarrayitem_gc_r(p263, 127, descr=<ArrayP 8>)
debug_merge_point(0, 0, '27 label 9')
p520 = getfield_gc_r(p2, descr=<FieldP pyrlang.interpreter.interp.Process.inst_y_reg 72>)
debug_merge_point(0, 0, '28 loop_rec L14. x(0)')
guard_nonnull_class(p5, 4298628536, descr=<Guard0x1019fe570>) [i1, i0, p5, p3, p2, p8, p10, p12, p14, p16, p18, p20, p22, p24, p26, p28, p30, p32, p34, p36, p38, p40, p42, p44, p46, p48, p50, p52, p54, p56, p58, p60, p62, p64, p66, p68, p70, p72, p74, p76, p78, p80, p82, p84, p86, p88, p90, p92, p94, p96, p98, p100, p102, p104, p106, p108, p110, p112, p114, p116, p118, p120, p122, p124, p126, p128, p130, p132, p134, p136, p138, p140, p142, p144, p146, p148, p150, p152, p154, p156, p158, p160, p162, p164, p166, p168, p170, p172, p174, p176, p178, p180, p182, p184, p186, p188, p190, p192, p194, p196, p198, p200, p202, p204, p206, p208, p210, p212, p214, p216, p218, p220, p222, p224, p226, p228, p230, p232, p234, p236, p238, p240, p242, p244, p246, p248, p250, p252, p254, p256, p258, p260, p262, p265, p267, p269, p271, p273, p275, p277, p279, p281, p283, p285, p287, p289, p291, p293, p295, p297, p299, p301, p303, p305, p307, p309, p311, p313, p315, p317, p319, p321, p323, p325, p327, p329, p331, p333, p335, p337, p339, p341, p343, p345, p347, p349, p351, p353, p355, p357, p359, p361, p363, p365, p367, p369, p371, p373, p375, p377, p379, p381, p383, p385, p387, p389, p391, p393, p395, p397, p399, p401, p403, p405, p407, p409, p411, p413, p415, p417, p419, p421, p423, p425, p427, p429, p431, p433, p435, p437, p439, p441, p443, p445, p447, p449, p451, p453, p455, p457, p459, p461, p463, p465, p467, p469, p471, p473, p475, p477, p479, p481, p483, p485, p487, p489, p491, p493, p495, p497, p499, p501, p503, p505, p507, p509, p511, p513, p515, p517, p519]
p522 = getfield_gc_r(p2, descr=<FieldP pyrlang.interpreter.interp.Process.inst_x_reg 64>)
i523 = ptr_eq(p522, p3)
guard_true(i523, descr=<Guard0x101d26920>) [i1, i0, p5, p3, p2, p8, p10, p12, p14, p16, p18, p20, p22, p24, p26, p28, p30, p32, p34, p36, p38, p40, p42, p44, p46, p48, p50, p52, p54, p56, p58, p60, p62, p64, p66, p68, p70, p72, p74, p76, p78, p80, p82, p84, p86, p88, p90, p92, p94, p96, p98, p100, p102, p104, p106, p108, p110, p112, p114, p116, p118, p120, p122, p124, p126, p128, p130, p132, p134, p136, p138, p140, p142, p144, p146, p148, p150, p152, p154, p156, p158, p160, p162, p164, p166, p168, p170, p172, p174, p176, p178, p180, p182, p184, p186, p188, p190, p192, p194, p196, p198, p200, p202, p204, p206, p208, p210, p212, p214, p216, p218, p220, p222, p224, p226, p228, p230, p232, p234, p236, p238, p240, p242, p244, p246, p248, p250, p252, p254, p256, p258, p260, p262, p265, p267, p269, p271, p273, p275, p277, p279, p281, p283, p285, p287, p289, p291, p293, p295, p297, p299, p301, p303, p305, p307, p309, p311, p313, p315, p317, p319, p321, p323, p325, p327, p329, p331, p333, p335, p337, p339, p341, p343, p345, p347, p349, p351, p353, p355, p357, p359, p361, p363, p365, p367, p369, p371, p373, p375, p377, p379, p381, p383, p385, p387, p389, p391, p393, p395, p397, p399, p401, p403, p405, p407, p409, p411, p413, p415, p417, p419, p421, p423, p425, p427, p429, p431, p433, p435, p437, p439, p441, p443, p445, p447, p449, p451, p453, p455, p457, p459, p461, p463, p465, p467, p469, p471, p473, p475, p477, p479, p481, p483, p485, p487, p489, p491, p493, p495, p497, p499, p501, p503, p505, p507, p509, p511, p513, p515, p517, p519]
debug_merge_point(0, 0, '29 is_tuple L12. x(0)')
debug_merge_point(0, 0, '30 test_arity L13. x(0). 2')
p524 = getfield_gc_r(p5, descr=<FieldP pyrlang.interpreter.datatypes.tuple.W_TupleObject.inst_vals 8 pure>)
i525 = arraylen_gc(p524, descr=<ArrayP 8>)
i527 = int_eq(i525, 2)
guard_true(i527, descr=<Guard0x101d26890>) [i1, i0, p5, p3, p2, p8, p10, p12, p14, p16, p18, p20, p22, p24, p26, p28, p30, p32, p34, p36, p38, p40, p42, p44, p46, p48, p50, p52, p54, p56, p58, p60, p62, p64, p66, p68, p70, p72, p74, p76, p78, p80, p82, p84, p86, p88, p90, p92, p94, p96, p98, p100, p102, p104, p106, p108, p110, p112, p114, p116, p118, p120, p122, p124, p126, p128, p130, p132, p134, p136, p138, p140, p142, p144, p146, p148, p150, p152, p154, p156, p158, p160, p162, p164, p166, p168, p170, p172, p174, p176, p178, p180, p182, p184, p186, p188, p190, p192, p194, p196, p198, p200, p202, p204, p206, p208, p210, p212, p214, p216, p218, p220, p222, p224, p226, p228, p230, p232, p234, p236, p238, p240, p242, p244, p246, p248, p250, p252, p254, p256, p258, p260, p262, p265, p267, p269, p271, p273, p275, p277, p279, p281, p283, p285, p287, p289, p291, p293, p295, p297, p299, p301, p303, p305, p307, p309, p311, p313, p315, p317, p319, p321, p323, p325, p327, p329, p331, p333, p335, p337, p339, p341, p343, p345, p347, p349, p351, p353, p355, p357, p359, p361, p363, p365, p367, p369, p371, p373, p375, p377, p379, p381, p383, p385, p387, p389, p391, p393, p395, p397, p399, p401, p403, p405, p407, p409, p411, p413, p415, p417, p419, p421, p423, p425, p427, p429, p431, p433, p435, p437, p439, p441, p443, p445, p447, p449, p451, p453, p455, p457, p459, p461, p463, p465, p467, p469, p471, p473, p475, p477, p479, p481, p483, p485, p487, p489, p491, p493, p495, p497, p499, p501, p503, p505, p507, p509, p511, p513, p515, p517, p519]
debug_merge_point(0, 0, '31 get_tuple_element x(0). 0. x(1)')
p529 = getarrayitem_gc_pure_r(p524, 0, descr=<ArrayP 8>)
debug_merge_point(0, 0, '32 get_tuple_element x(0). 1. x(2)')
p531 = getarrayitem_gc_pure_r(p524, 1, descr=<ArrayP 8>)
debug_merge_point(0, 0, '33 remove_message ')
debug_merge_point(0, 0, '34 is_eq_exact L11. y(1). first')
i532 = getfield_gc_i(p520, descr=<FieldS pyrlang.interpreter.register.Y_Register.inst_val_top 40>)
i534 = int_sub(i532, 1)
p535 = getfield_gc_r(p520, descr=<FieldP pyrlang.interpreter.register.Y_Register.inst_vals 48>)
p536 = getarrayitem_gc_r(p535, i534, descr=<ArrayP 8>)
p538 = getfield_gc_r(ConstPtr(ptr537), descr=<FieldP list.items 16>)
p540 = getarrayitem_gc_r(p538, 3, descr=<ArrayP 8>)
guard_class(p536, ConstClass(W_PidObject), descr=<Guard0x101d267a0>) [i1, i0, p5, p3, p2, p8, p10, p12, p14, p16, p18, p20, p22, p24, p26, p28, p30, p32, p34, p36, p38, p40, p42, p44, p46, p48, p50, p52, p54, p56, p58, p60, p62, p64, p66, p68, p70, p72, p74, p76, p78, p80, p82, p84, p86, p88, p90, p92, p94, p96, p98, p100, p102, p104, p106, p108, p110, p112, p114, p116, p118, p120, p122, p124, p126, p128, p130, p132, p134, p136, p138, p140, p142, p144, p146, p148, p150, p152, p154, p156, p158, p160, p162, p164, p166, p168, p170, p172, p174, p176, p178, p180, p182, p184, p186, p188, p190, p192, p194, p196, p198, p200, p202, p204, p206, p208, p210, p212, p214, p216, p218, p220, p222, p224, p226, p228, p230, p232, p234, p236, p238, p240, p242, p244, p246, p248, p250, p252, p254, p256, p258, p260, p262, p265, p267, p269, p271, p273, p275, p277, p279, p281, p283, p285, p287, p289, p291, p293, p295, p297, p299, p301, p303, p305, p307, p309, p311, p313, p315, p317, p319, p321, p323, p325, p327, p329, p331, p333, p335, p337, p339, p341, p343, p345, p347, p349, p351, p353, p355, p357, p359, p361, p363, p365, p367, p369, p371, p373, p375, p377, p379, p381, p383, p385, p387, p389, p391, p393, p395, p397, p399, p401, p403, p405, p407, p409, p411, p413, p415, p417, p419, p421, p423, p425, p427, p429, p431, p433, p435, p437, p439, p441, p443, p445, p447, p449, p451, p453, p455, p457, p459, p461, p463, p465, p467, p469, p471, p473, p475, p477, p479, p481, p483, p485, p487, p489, p491, p493, p495, p497, p499, p501, p503, p505, p507, p509, p511, p513, p515, p517, p519]
guard_nonnull_class(p540, ConstClass(W_AtomObject), descr=<Guard0x1019fee30>) [i1, i0, p5, p3, p2, p8, p10, p12, p14, p16, p18, p20, p22, p24, p26, p28, p30, p32, p34, p36, p38, p40, p42, p44, p46, p48, p50, p52, p54, p56, p58, p60, p62, p64, p66, p68, p70, p72, p74, p76, p78, p80, p82, p84, p86, p88, p90, p92, p94, p96, p98, p100, p102, p104, p106, p108, p110, p112, p114, p116, p118, p120, p122, p124, p126, p128, p130, p132, p134, p136, p138, p140, p142, p144, p146, p148, p150, p152, p154, p156, p158, p160, p162, p164, p166, p168, p170, p172, p174, p176, p178, p180, p182, p184, p186, p188, p190, p192, p194, p196, p198, p200, p202, p204, p206, p208, p210, p212, p214, p216, p218, p220, p222, p224, p226, p228, p230, p232, p234, p236, p238, p240, p242, p244, p246, p248, p250, p252, p254, p256, p258, p260, p262, p265, p267, p269, p271, p273, p275, p277, p279, p281, p283, p285, p287, p289, p291, p293, p295, p297, p299, p301, p303, p305, p307, p309, p311, p313, p315, p317, p319, p321, p323, p325, p327, p329, p331, p333, p335, p337, p339, p341, p343, p345, p347, p349, p351, p353, p355, p357, p359, p361, p363, p365, p367, p369, p371, p373, p375, p377, p379, p381, p383, p385, p387, p389, p391, p393, p395, p397, p399, p401, p403, p405, p407, p409, p411, p413, p415, p417, p419, p421, p423, p425, p427, p429, p431, p433, p435, p437, p439, p441, p443, p445, p447, p449, p451, p453, p455, p457, p459, p461, p463, p465, p467, p469, p471, p473, p475, p477, p479, p481, p483, p485, p487, p489, p491, p493, p495, p497, p499, p501, p503, p505, p507, p509, p511, p513, p515, p517, p519]
debug_merge_point(0, 0, '49 label 11')
debug_merge_point(0, 0, '50 move x(1). x(3)')
debug_merge_point(0, 0, '51 move x(2). x(1)')
debug_merge_point(0, 0, '52 move y(1). x(0)')
p543 = getarrayitem_gc_r(p535, i534, descr=<ArrayP 8>)
debug_merge_point(0, 0, '53 move x(3). y(1)')
i545 = int_lt(i534, 0)
guard_false(i545, descr=<Guard0x101d26680>) [i1, i0, p5, p3, p2, p8, p10, p12, p14, p16, p18, p20, p22, p24, p26, p28, p30, p32, p34, p36, p38, p40, p42, p44, p46, p48, p50, p52, p54, p56, p58, p60, p62, p64, p66, p68, p70, p72, p74, p76, p78, p80, p82, p84, p86, p88, p90, p92, p94, p96, p98, p100, p102, p104, p106, p108, p110, p112, p114, p116, p118, p120, p122, p124, p126, p128, p130, p132, p134, p136, p138, p140, p142, p144, p146, p148, p150, p152, p154, p156, p158, p160, p162, p164, p166, p168, p170, p172, p174, p176, p178, p180, p182, p184, p186, p188, p190, p192, p194, p196, p198, p200, p202, p204, p206, p208, p210, p212, p214, p216, p218, p220, p222, p224, p226, p228, p230, p232, p234, p236, p238, p240, p242, p244, p246, p248, p250, p252, p254, p256, p258, p260, p262, p265, p267, p269, p271, p273, p275, p277, p279, p281, p283, p285, p287, p289, p291, p293, p295, p297, p299, p301, p303, p305, p307, p309, p311, p313, p315, p317, p319, p321, p323, p325, p327, p329, p331, p333, p335, p337, p339, p341, p343, p345, p347, p349, p351, p353, p355, p357, p359, p361, p363, p365, p367, p369, p371, p373, p375, p377, p379, p381, p383, p385, p387, p389, p391, p393, p395, p397, p399, p401, p403, p405, p407, p409, p411, p413, p415, p417, p419, p421, p423, p425, p427, p429, p431, p433, p435, p437, p439, p441, p443, p445, p447, p449, p451, p453, p455, p457, p459, p461, p463, p465, p467, p469, p471, p473, p475, p477, p479, p481, p483, p485, p487, p489, p491, p493, p495, p497, p499, p501, p503, p505, p507, p509, p511, p513, p515, p517, p519]
setarrayitem_gc(p535, i534, p529, descr=<ArrayP 8>)
debug_merge_point(0, 0, '54 line 8')
debug_merge_point(0, 0, '55 send ')
guard_nonnull_class(p543, ConstClass(W_PidObject), descr=<Guard0x1019fed90>) [i1, i0, p3, p2, p531, p543, p529, p16, p18, p20, p22, p24, p26, p28, p30, p32, p34, p36, p38, p40, p42, p44, p46, p48, p50, p52, p54, p56, p58, p60, p62, p64, p66, p68, p70, p72, p74, p76, p78, p80, p82, p84, p86, p88, p90, p92, p94, p96, p98, p100, p102, p104, p106, p108, p110, p112, p114, p116, p118, p120, p122, p124, p126, p128, p130, p132, p134, p136, p138, p140, p142, p144, p146, p148, p150, p152, p154, p156, p158, p160, p162, p164, p166, p168, p170, p172, p174, p176, p178, p180, p182, p184, p186, p188, p190, p192, p194, p196, p198, p200, p202, p204, p206, p208, p210, p212, p214, p216, p218, p220, p222, p224, p226, p228, p230, p232, p234, p236, p238, p240, p242, p244, p246, p248, p250, p252, p254, p256, p258, p260, p262, p265, p267, p269, p271, p273, p275, p277, p279, p281, p283, p285, p287, p289, p291, p293, p295, p297, p299, p301, p303, p305, p307, p309, p311, p313, p315, p317, p319, p321, p323, p325, p327, p329, p331, p333, p335, p337, p339, p341, p343, p345, p347, p349, p351, p353, p355, p357, p359, p361, p363, p365, p367, p369, p371, p373, p375, p377, p379, p381, p383, p385, p387, p389, p391, p393, p395, p397, p399, p401, p403, p405, p407, p409, p411, p413, p415, p417, p419, p421, p423, p425, p427, p429, p431, p433, p435, p437, p439, p441, p443, p445, p447, p449, p451, p453, p455, p457, p459, p461, p463, p465, p467, p469, p471, p473, p475, p477, p479, p481, p483, p485, p487, p489, p491, p493, p495, p497, p499, p501, p503, p505, p507, p509, p511, p513, p515, p517, p519]
p547 = getfield_gc_r(p2, descr=<FieldP pyrlang.interpreter.interp.Process.inst_scheduler 56>)
p548 = getfield_gc_r(p543, descr=<FieldP pyrlang.interpreter.datatypes.pid.W_PidObject.inst_process 16>)
guard_value(p548, ConstPtr(ptr549), descr=<Guard0x1019fed40>) [i1, i0, p3, p2, p531, p543, p529, p16, p18, p20, p22, p24, p26, p28, p30, p32, p34, p36, p38, p40, p42, p44, p46, p48, p50, p52, p54, p56, p58, p60, p62, p64, p66, p68, p70, p72, p74, p76, p78, p80, p82, p84, p86, p88, p90, p92, p94, p96, p98, p100, p102, p104, p106, p108, p110, p112, p114, p116, p118, p120, p122, p124, p126, p128, p130, p132, p134, p136, p138, p140, p142, p144, p146, p148, p150, p152, p154, p156, p158, p160, p162, p164, p166, p168, p170, p172, p174, p176, p178, p180, p182, p184, p186, p188, p190, p192, p194, p196, p198, p200, p202, p204, p206, p208, p210, p212, p214, p216, p218, p220, p222, p224, p226, p228, p230, p232, p234, p236, p238, p240, p242, p244, p246, p248, p250, p252, p254, p256, p258, p260, p262, p265, p267, p269, p271, p273, p275, p277, p279, p281, p283, p285, p287, p289, p291, p293, p295, p297, p299, p301, p303, p305, p307, p309, p311, p313, p315, p317, p319, p321, p323, p325, p327, p329, p331, p333, p335, p337, p339, p341, p343, p345, p347, p349, p351, p353, p355, p357, p359, p361, p363, p365, p367, p369, p371, p373, p375, p377, p379, p381, p383, p385, p387, p389, p391, p393, p395, p397, p399, p401, p403, p405, p407, p409, p411, p413, p415, p417, p419, p421, p423, p425, p427, p429, p431, p433, p435, p437, p439, p441, p443, p445, p447, p449, p451, p453, p455, p457, p459, p461, p463, p465, p467, p469, p471, p473, p475, p477, p479, p481, p483, p485, p487, p489, p491, p493, p495, p497, p499, p501, p503, p505, p507, p509, p511, p513, p515, p517, p519]
i550 = getfield_gc_i(p548, descr=<FieldU pyrlang.interpreter.interp.Process.inst_is_active 80>)
guard_false(i550, descr=<Guard0x101d265c0>) [i1, i0, p3, p2, p531, p543, p529, p16, p18, p20, p22, p24, p26, p28, p30, p32, p34, p36, p38, p40, p42, p44, p46, p48, p50, p52, p54, p56, p58, p60, p62, p64, p66, p68, p70, p72, p74, p76, p78, p80, p82, p84, p86, p88, p90, p92, p94, p96, p98, p100, p102, p104, p106, p108, p110, p112, p114, p116, p118, p120, p122, p124, p126, p128, p130, p132, p134, p136, p138, p140, p142, p144, p146, p148, p150, p152, p154, p156, p158, p160, p162, p164, p166, p168, p170, p172, p174, p176, p178, p180, p182, p184, p186, p188, p190, p192, p194, p196, p198, p200, p202, p204, p206, p208, p210, p212, p214, p216, p218, p220, p222, p224, p226, p228, p230, p232, p234, p236, p238, p240, p242, p244, p246, p248, p250, p252, p254, p256, p258, p260, p262, p265, p267, p269, p271, p273, p275, p277, p279, p281, p283, p285, p287, p289, p291, p293, p295, p297, p299, p301, p303, p305, p307, p309, p311, p313, p315, p317, p319, p321, p323, p325, p327, p329, p331, p333, p335, p337, p339, p341, p343, p345, p347, p349, p351, p353, p355, p357, p359, p361, p363, p365, p367, p369, p371, p373, p375, p377, p379, p381, p383, p385, p387, p389, p391, p393, p395, p397, p399, p401, p403, p405, p407, p409, p411, p413, p415, p417, p419, p421, p423, p425, p427, p429, p431, p433, p435, p437, p439, p441, p443, p445, p447, p449, p451, p453, p455, p457, p459, p461, p463, p465, p467, p469, p471, p473, p475, p477, p479, p481, p483, p485, p487, p489, p491, p493, p495, p497, p499, p501, p503, p505, p507, p509, p511, p513, p515, p517, p519]
p551 = getfield_gc_r(p548, descr=<FieldP pyrlang.interpreter.interp.Process.inst_mail_box 24>)
p552 = getfield_gc_r(p551, descr=<FieldP pyrlang.utils.deque.MessageDeque.inst_lst 16>)
setfield_gc(p548, 1, descr=<FieldU pyrlang.interpreter.interp.Process.inst_is_active 80>)
guard_nonnull(p552, descr=<Guard0x1019fec50>) [i1, i0, p3, p2, p531, p548, p552, p547, p543, p529, p16, p18, p20, p22, p24, p26, p28, p30, p32, p34, p36, p38, p40, p42, p44, p46, p48, p50, p52, p54, p56, p58, p60, p62, p64, p66, p68, p70, p72, p74, p76, p78, p80, p82, p84, p86, p88, p90, p92, p94, p96, p98, p100, p102, p104, p106, p108, p110, p112, p114, p116, p118, p120, p122, p124, p126, p128, p130, p132, p134, p136, p138, p140, p142, p144, p146, p148, p150, p152, p154, p156, p158, p160, p162, p164, p166, p168, p170, p172, p174, p176, p178, p180, p182, p184, p186, p188, p190, p192, p194, p196, p198, p200, p202, p204, p206, p208, p210, p212, p214, p216, p218, p220, p222, p224, p226, p228, p230, p232, p234, p236, p238, p240, p242, p244, p246, p248, p250, p252, p254, p256, p258, p260, p262, p265, p267, p269, p271, p273, p275, p277, p279, p281, p283, p285, p287, p289, p291, p293, p295, p297, p299, p301, p303, p305, p307, p309, p311, p313, p315, p317, p319, p321, p323, p325, p327, p329, p331, p333, p335, p337, p339, p341, p343, p345, p347, p349, p351, p353, p355, p357, p359, p361, p363, p365, p367, p369, p371, p373, p375, p377, p379, p381, p383, p385, p387, p389, p391, p393, p395, p397, p399, p401, p403, p405, p407, p409, p411, p413, p415, p417, p419, p421, p423, p425, p427, p429, p431, p433, p435, p437, p439, p441, p443, p445, p447, p449, p451, p453, p455, p457, p459, p461, p463, p465, p467, p469, p471, p473, p475, p477, p479, p481, p483, p485, p487, p489, p491, p493, p495, p497, p499, p501, p503, p505, p507, p509, p511, p513, p515, p517, p519]
i554 = getfield_gc_i(p552, descr=<FieldS list.length 8>)
i555 = int_is_true(i554)
guard_false(i555, descr=<Guard0x101d26470>) [i1, i0, p3, p2, p531, p548, p552, p547, p543, p529, p16, p18, p20, p22, p24, p26, p28, p30, p32, p34, p36, p38, p40, p42, p44, p46, p48, p50, p52, p54, p56, p58, p60, p62, p64, p66, p68, p70, p72, p74, p76, p78, p80, p82, p84, p86, p88, p90, p92, p94, p96, p98, p100, p102, p104, p106, p108, p110, p112, p114, p116, p118, p120, p122, p124, p126, p128, p130, p132, p134, p136, p138, p140, p142, p144, p146, p148, p150, p152, p154, p156, p158, p160, p162, p164, p166, p168, p170, p172, p174, p176, p178, p180, p182, p184, p186, p188, p190, p192, p194, p196, p198, p200, p202, p204, p206, p208, p210, p212, p214, p216, p218, p220, p222, p224, p226, p228, p230, p232, p234, p236, p238, p240, p242, p244, p246, p248, p250, p252, p254, p256, p258, p260, p262, p265, p267, p269, p271, p273, p275, p277, p279, p281, p283, p285, p287, p289, p291, p293, p295, p297, p299, p301, p303, p305, p307, p309, p311, p313, p315, p317, p319, p321, p323, p325, p327, p329, p331, p333, p335, p337, p339, p341, p343, p345, p347, p349, p351, p353, p355, p357, p359, p361, p363, p365, p367, p369, p371, p373, p375, p377, p379, p381, p383, p385, p387, p389, p391, p393, p395, p397, p399, p401, p403, p405, p407, p409, p411, p413, p415, p417, p419, p421, p423, p425, p427, p429, p431, p433, p435, p437, p439, p441, p443, p445, p447, p449, p451, p453, p455, p457, p459, p461, p463, p465, p467, p469, p471, p473, p475, p477, p479, p481, p483, p485, p487, p489, p491, p493, p495, p497, p499, p501, p503, p505, p507, p509, p511, p513, p515, p517, p519]
p556 = getfield_gc_r(p547, descr=<FieldP pyrlang.interpreter.scheduler.Scheduler.inst_normal_queue 32>)
i557 = getfield_gc_i(p547, descr=<FieldU pyrlang.interpreter.scheduler.Scheduler.inst_is_single_run 56 pure>)
i558 = getfield_gc_i(p547, descr=<FieldS pyrlang.interpreter.scheduler.Scheduler.inst_reduction 48 pure>)
i559 = getfield_gc_i(p548, descr=<FieldS pyrlang.interpreter.interp.Process.inst_program_counter 48>)
p560 = getfield_gc_r(p548, descr=<FieldP pyrlang.interpreter.interp.Process.inst_code_parser 8>)
p561 = getfield_gc_r(p548, descr=<FieldP pyrlang.interpreter.interp.Process.inst_x_reg 64>)
guard_value(i558, 2000, descr=<Guard0x101d262f0>) [i1, i0, p3, p2, p531, p548, p552, p547, p543, p529, p16, p18, p20, p22, p24, p26, p28, p30, p32, p34, p36, p38, p40, p42, p44, p46, p48, p50, p52, p54, p56, p58, p60, p62, p64, p66, p68, p70, p72, p74, p76, p78, p80, p82, p84, p86, p88, p90, p92, p94, p96, p98, p100, p102, p104, p106, p108, p110, p112, p114, p116, p118, p120, p122, p124, p126, p128, p130, p132, p134, p136, p138, p140, p142, p144, p146, p148, p150, p152, p154, p156, p158, p160, p162, p164, p166, p168, p170, p172, p174, p176, p178, p180, p182, p184, p186, p188, p190, p192, p194, p196, p198, p200, p202, p204, p206, p208, p210, p212, p214, p216, p218, p220, p222, p224, p226, p228, p230, p232, p234, p236, p238, p240, p242, p244, p246, p248, p250, p252, p254, p256, p258, p260, p262, p265, p267, p269, p271, p273, p275, p277, p279, p281, p283, p285, p287, p289, p291, p293, p295, p297, p299, p301, p303, p305, p307, p309, p311, p313, p315, p317, p319, p321, p323, p325, p327, p329, p331, p333, p335, p337, p339, p341, p343, p345, p347, p349, p351, p353, p355, p357, p359, p361, p363, p365, p367, p369, p371, p373, p375, p377, p379, p381, p383, p385, p387, p389, p391, p393, p395, p397, p399, p401, p403, p405, p407, p409, p411, p413, p415, p417, p419, p421, p423, p425, p427, p429, p431, p433, p435, p437, p439, p441, p443, p445, p447, p449, p451, p453, p455, p457, p459, p461, p463, p465, p467, p469, p471, p473, p475, p477, p479, p481, p483, p485, p487, p489, p491, p493, p495, p497, p499, p501, p503, p505, p507, p509, p511, p513, p515, p517, p519]
guard_value(i557, 0, descr=<Guard0x101d26290>) [i1, i0, p3, p2, p531, p548, p552, p547, p543, p529, p16, p18, p20, p22, p24, p26, p28, p30, p32, p34, p36, p38, p40, p42, p44, p46, p48, p50, p52, p54, p56, p58, p60, p62, p64, p66, p68, p70, p72, p74, p76, p78, p80, p82, p84, p86, p88, p90, p92, p94, p96, p98, p100, p102, p104, p106, p108, p110, p112, p114, p116, p118, p120, p122, p124, p126, p128, p130, p132, p134, p136, p138, p140, p142, p144, p146, p148, p150, p152, p154, p156, p158, p160, p162, p164, p166, p168, p170, p172, p174, p176, p178, p180, p182, p184, p186, p188, p190, p192, p194, p196, p198, p200, p202, p204, p206, p208, p210, p212, p214, p216, p218, p220, p222, p224, p226, p228, p230, p232, p234, p236, p238, p240, p242, p244, p246, p248, p250, p252, p254, p256, p258, p260, p262, p265, p267, p269, p271, p273, p275, p277, p279, p281, p283, p285, p287, p289, p291, p293, p295, p297, p299, p301, p303, p305, p307, p309, p311, p313, p315, p317, p319, p321, p323, p325, p327, p329, p331, p333, p335, p337, p339, p341, p343, p345, p347, p349, p351, p353, p355, p357, p359, p361, p363, p365, p367, p369, p371, p373, p375, p377, p379, p381, p383, p385, p387, p389, p391, p393, p395, p397, p399, p401, p403, p405, p407, p409, p411, p413, p415, p417, p419, p421, p423, p425, p427, p429, p431, p433, p435, p437, p439, p441, p443, p445, p447, p449, p451, p453, p455, p457, p459, p461, p463, p465, p467, p469, p471, p473, p475, p477, p479, p481, p483, p485, p487, p489, p491, p493, p495, p497, p499, p501, p503, p505, p507, p509, p511, p513, p515, p517, p519]
p564 = getfield_gc_r(ConstPtr(ptr549), descr=<FieldP pyrlang.interpreter.interp.Process.inst_y_reg 72>)
guard_value(i559, 90, descr=<Guard0x101d26200>) [i1, i0, p3, p2, p531, p548, p552, p547, p543, p529, p16, p18, p20, p22, p24, p26, p28, p30, p32, p34, p36, p38, p40, p42, p44, p46, p48, p50, p52, p54, p56, p58, p60, p62, p64, p66, p68, p70, p72, p74, p76, p78, p80, p82, p84, p86, p88, p90, p92, p94, p96, p98, p100, p102, p104, p106, p108, p110, p112, p114, p116, p118, p120, p122, p124, p126, p128, p130, p132, p134, p136, p138, p140, p142, p144, p146, p148, p150, p152, p154, p156, p158, p160, p162, p164, p166, p168, p170, p172, p174, p176, p178, p180, p182, p184, p186, p188, p190, p192, p194, p196, p198, p200, p202, p204, p206, p208, p210, p212, p214, p216, p218, p220, p222, p224, p226, p228, p230, p232, p234, p236, p238, p240, p242, p244, p246, p248, p250, p252, p254, p256, p258, p260, p262, p265, p267, p269, p271, p273, p275, p277, p279, p281, p283, p285, p287, p289, p291, p293, p295, p297, p299, p301, p303, p305, p307, p309, p311, p313, p315, p317, p319, p321, p323, p325, p327, p329, p331, p333, p335, p337, p339, p341, p343, p345, p347, p349, p351, p353, p355, p357, p359, p361, p363, p365, p367, p369, p371, p373, p375, p377, p379, p381, p383, p385, p387, p389, p391, p393, p395, p397, p399, p401, p403, p405, p407, p409, p411, p413, p415, p417, p419, p421, p423, p425, p427, p429, p431, p433, p435, p437, p439, p441, p443, p445, p447, p449, p451, p453, p455, p457, p459, p461, p463, p465, p467, p469, p471, p473, p475, p477, p479, p481, p483, p485, p487, p489, p491, p493, p495, p497, p499, p501, p503, p505, p507, p509, p511, p513, p515, p517, p519]
guard_value(p560, ConstPtr(ptr566), descr=<Guard0x101d261a0>) [i1, i0, p3, p2, p531, p548, p552, p547, p543, p529, p16, p18, p20, p22, p24, p26, p28, p30, p32, p34, p36, p38, p40, p42, p44, p46, p48, p50, p52, p54, p56, p58, p60, p62, p64, p66, p68, p70, p72, p74, p76, p78, p80, p82, p84, p86, p88, p90, p92, p94, p96, p98, p100, p102, p104, p106, p108, p110, p112, p114, p116, p118, p120, p122, p124, p126, p128, p130, p132, p134, p136, p138, p140, p142, p144, p146, p148, p150, p152, p154, p156, p158, p160, p162, p164, p166, p168, p170, p172, p174, p176, p178, p180, p182, p184, p186, p188, p190, p192, p194, p196, p198, p200, p202, p204, p206, p208, p210, p212, p214, p216, p218, p220, p222, p224, p226, p228, p230, p232, p234, p236, p238, p240, p242, p244, p246, p248, p250, p252, p254, p256, p258, p260, p262, p265, p267, p269, p271, p273, p275, p277, p279, p281, p283, p285, p287, p289, p291, p293, p295, p297, p299, p301, p303, p305, p307, p309, p311, p313, p315, p317, p319, p321, p323, p325, p327, p329, p331, p333, p335, p337, p339, p341, p343, p345, p347, p349, p351, p353, p355, p357, p359, p361, p363, p365, p367, p369, p371, p373, p375, p377, p379, p381, p383, p385, p387, p389, p391, p393, p395, p397, p399, p401, p403, p405, p407, p409, p411, p413, p415, p417, p419, p421, p423, p425, p427, p429, p431, p433, p435, p437, p439, p441, p443, p445, p447, p449, p451, p453, p455, p457, p459, p461, p463, p465, p467, p469, p471, p473, p475, p477, p479, p481, p483, p485, p487, p489, p491, p493, p495, p497, p499, p501, p503, p505, p507, p509, p511, p513, p515, p517, p519]
+4011: enter_portal_frame(0, 0)
debug_merge_point(1, 1, '90 label 17')
debug_merge_point(1, 1, '91 loop_rec L19. x(0)')
guard_nonnull_class(p531, ConstClass(W_AtomObject), descr=<Guard0x1019feca0>) [i1, i0, p3, p2, p531, p548, p552, p547, p543, p529, p16, p18, p20, p22, p24, p26, p28, p30, p32, p34, p36, p38, p40, p42, p44, p46, p48, p50, p52, p54, p56, p58, p60, p62, p64, p66, p68, p70, p72, p74, p76, p78, p80, p82, p84, p86, p88, p90, p92, p94, p96, p98, p100, p102, p104, p106, p108, p110, p112, p114, p116, p118, p120, p122, p124, p126, p128, p130, p132, p134, p136, p138, p140, p142, p144, p146, p148, p150, p152, p154, p156, p158, p160, p162, p164, p166, p168, p170, p172, p174, p176, p178, p180, p182, p184, p186, p188, p190, p192, p194, p196, p198, p200, p202, p204, p206, p208, p210, p212, p214, p216, p218, p220, p222, p224, p226, p228, p230, p232, p234, p236, p238, p240, p242, p244, p246, p248, p250, p252, p254, p256, p258, p260, p262, p265, p267, p269, p271, p273, p275, p277, p279, p281, p283, p285, p287, p289, p291, p293, p295, p297, p299, p301, p303, p305, p307, p309, p311, p313, p315, p317, p319, p321, p323, p325, p327, p329, p331, p333, p335, p337, p339, p341, p343, p345, p347, p349, p351, p353, p355, p357, p359, p361, p363, p365, p367, p369, p371, p373, p375, p377, p379, p381, p383, p385, p387, p389, p391, p393, p395, p397, p399, p401, p403, p405, p407, p409, p411, p413, p415, p417, p419, p421, p423, p425, p427, p429, p431, p433, p435, p437, p439, p441, p443, p445, p447, p449, p451, p453, p455, p457, p459, p461, p463, p465, p467, p469, p471, p473, p475, p477, p479, p481, p483, p485, p487, p489, p491, p493, p495, p497, p499, p501, p503, p505, p507, p509, p511, p513, p515, p517, p519]
i570 = ptr_eq(p561, p3)
guard_false(i570, descr=<Guard0x101d26140>) [i1, i0, p3, p2, p531, p548, p552, p547, p543, p529, p16, p18, p20, p22, p24, p26, p28, p30, p32, p34, p36, p38, p40, p42, p44, p46, p48, p50, p52, p54, p56, p58, p60, p62, p64, p66, p68, p70, p72, p74, p76, p78, p80, p82, p84, p86, p88, p90, p92, p94, p96, p98, p100, p102, p104, p106, p108, p110, p112, p114, p116, p118, p120, p122, p124, p126, p128, p130, p132, p134, p136, p138, p140, p142, p144, p146, p148, p150, p152, p154, p156, p158, p160, p162, p164, p166, p168, p170, p172, p174, p176, p178, p180, p182, p184, p186, p188, p190, p192, p194, p196, p198, p200, p202, p204, p206, p208, p210, p212, p214, p216, p218, p220, p222, p224, p226, p228, p230, p232, p234, p236, p238, p240, p242, p244, p246, p248, p250, p252, p254, p256, p258, p260, p262, p265, p267, p269, p271, p273, p275, p277, p279, p281, p283, p285, p287, p289, p291, p293, p295, p297, p299, p301, p303, p305, p307, p309, p311, p313, p315, p317, p319, p321, p323, p325, p327, p329, p331, p333, p335, p337, p339, p341, p343, p345, p347, p349, p351, p353, p355, p357, p359, p361, p363, p365, p367, p369, p371, p373, p375, p377, p379, p381, p383, p385, p387, p389, p391, p393, p395, p397, p399, p401, p403, p405, p407, p409, p411, p413, p415, p417, p419, p421, p423, p425, p427, p429, p431, p433, p435, p437, p439, p441, p443, p445, p447, p449, p451, p453, p455, p457, p459, p461, p463, p465, p467, p469, p471, p473, p475, p477, p479, p481, p483, p485, p487, p489, p491, p493, p495, p497, p499, p501, p503, p505, p507, p509, p511, p513, p515, p517, p519]
p571 = getfield_gc_r(p561, descr=<FieldP pyrlang.interpreter.register.X_Register.vable_token 8>)
i573 = ptr_ne(p571, ConstPtr(null))
cond_call(i573, 4297597280, p561, descr=<Callv 0 r EF=2 OS=121>)
p575 = getfield_gc_r(p561, descr=<FieldP pyrlang.interpreter.register.X_Register.inst_regs 24>)
debug_merge_point(1, 1, '92 is_eq_exact L18. x(0). faded')
cond_call(i573, 4297597280, p561, descr=<Callv 0 r EF=2 OS=121>)
p578 = getarrayitem_gc_r(p538, 12, descr=<ArrayP 8>)
setarrayitem_gc(p575, 0, p531, descr=<ArrayP 8>)
i580 = instance_ptr_eq(p531, p578)
guard_false(i580, descr=<Guard0x1019fec00>) [i1, i0, p3, p2, p531, p556, p547, p561, i580, p543, p529, p16, p18, p20, p22, p24, p26, p28, p30, p32, p34, p36, p38, p40, p42, p44, p46, p48, p50, p52, p54, p56, p58, p60, p62, p64, p66, p68, p70, p72, p74, p76, p78, p80, p82, p84, p86, p88, p90, p92, p94, p96, p98, p100, p102, p104, p106, p108, p110, p112, p114, p116, p118, p120, p122, p124, p126, p128, p130, p132, p134, p136, p138, p140, p142, p144, p146, p148, p150, p152, p154, p156, p158, p160, p162, p164, p166, p168, p170, p172, p174, p176, p178, p180, p182, p184, p186, p188, p190, p192, p194, p196, p198, p200, p202, p204, p206, p208, p210, p212, p214, p216, p218, p220, p222, p224, p226, p228, p230, p232, p234, p236, p238, p240, p242, p244, p246, p248, p250, p252, p254, p256, p258, p260, p262, p265, p267, p269, p271, p273, p275, p277, p279, p281, p283, p285, p287, p289, p291, p293, p295, p297, p299, p301, p303, p305, p307, p309, p311, p313, p315, p317, p319, p321, p323, p325, p327, p329, p331, p333, p335, p337, p339, p341, p343, p345, p347, p349, p351, p353, p355, p357, p359, p361, p363, p365, p367, p369, p371, p373, p375, p377, p379, p381, p383, p385, p387, p389, p391, p393, p395, p397, p399, p401, p403, p405, p407, p409, p411, p413, p415, p417, p419, p421, p423, p425, p427, p429, p431, p433, p435, p437, p439, p441, p443, p445, p447, p449, p451, p453, p455, p457, p459, p461, p463, p465, p467, p469, p471, p473, p475, p477, p479, p481, p483, p485, p487, p489, p491, p493, p495, p497, p499, p501, p503, p505, p507, p509, p511, p513, p515, p517, p519]
debug_merge_point(1, 1, '102 label 18')
+4241: p581 = force_token()
setfield_gc(p3, p581, descr=<FieldP pyrlang.interpreter.register.X_Register.vable_token 8>)
i582 = call_assembler_i(2000, 0, ConstPtr(ptr549), p561, p564, p531, descr=<Loop-1>)
guard_not_forced(descr=<Guard0x1019febb0>) [i1, i0, p3, p2, p531, p556, p547, i582, p543, p529, p16, p18, p20, p22, p24, p26, p28, p30, p32, p34, p36, p38, p40, p42, p44, p46, p48, p50, p52, p54, p56, p58, p60, p62, p64, p66, p68, p70, p72, p74, p76, p78, p80, p82, p84, p86, p88, p90, p92, p94, p96, p98, p100, p102, p104, p106, p108, p110, p112, p114, p116, p118, p120, p122, p124, p126, p128, p130, p132, p134, p136, p138, p140, p142, p144, p146, p148, p150, p152, p154, p156, p158, p160, p162, p164, p166, p168, p170, p172, p174, p176, p178, p180, p182, p184, p186, p188, p190, p192, p194, p196, p198, p200, p202, p204, p206, p208, p210, p212, p214, p216, p218, p220, p222, p224, p226, p228, p230, p232, p234, p236, p238, p240, p242, p244, p246, p248, p250, p252, p254, p256, p258, p260, p262, p265, p267, p269, p271, p273, p275, p277, p279, p281, p283, p285, p287, p289, p291, p293, p295, p297, p299, p301, p303, p305, p307, p309, p311, p313, p315, p317, p319, p321, p323, p325, p327, p329, p331, p333, p335, p337, p339, p341, p343, p345, p347, p349, p351, p353, p355, p357, p359, p361, p363, p365, p367, p369, p371, p373, p375, p377, p379, p381, p383, p385, p387, p389, p391, p393, p395, p397, p399, p401, p403, p405, p407, p409, p411, p413, p415, p417, p419, p421, p423, p425, p427, p429, p431, p433, p435, p437, p439, p441, p443, p445, p447, p449, p451, p453, p455, p457, p459, p461, p463, p465, p467, p469, p471, p473, p475, p477, p479, p481, p483, p485, p487, p489, p491, p493, p495, p497, p499, p501, p503, p505, p507, p509, p511, p513, p515, p517, p519]
keepalive(p561)
guard_no_exception(descr=<Guard0x1019feb60>) [i1, i0, p3, p2, p531, p556, p547, i582, p543, p529, p16, p18, p20, p22, p24, p26, p28, p30, p32, p34, p36, p38, p40, p42, p44, p46, p48, p50, p52, p54, p56, p58, p60, p62, p64, p66, p68, p70, p72, p74, p76, p78, p80, p82, p84, p86, p88, p90, p92, p94, p96, p98, p100, p102, p104, p106, p108, p110, p112, p114, p116, p118, p120, p122, p124, p126, p128, p130, p132, p134, p136, p138, p140, p142, p144, p146, p148, p150, p152, p154, p156, p158, p160, p162, p164, p166, p168, p170, p172, p174, p176, p178, p180, p182, p184, p186, p188, p190, p192, p194, p196, p198, p200, p202, p204, p206, p208, p210, p212, p214, p216, p218, p220, p222, p224, p226, p228, p230, p232, p234, p236, p238, p240, p242, p244, p246, p248, p250, p252, p254, p256, p258, p260, p262, p265, p267, p269, p271, p273, p275, p277, p279, p281, p283, p285, p287, p289, p291, p293, p295, p297, p299, p301, p303, p305, p307, p309, p311, p313, p315, p317, p319, p321, p323, p325, p327, p329, p331, p333, p335, p337, p339, p341, p343, p345, p347, p349, p351, p353, p355, p357, p359, p361, p363, p365, p367, p369, p371, p373, p375, p377, p379, p381, p383, p385, p387, p389, p391, p393, p395, p397, p399, p401, p403, p405, p407, p409, p411, p413, p415, p417, p419, p421, p423, p425, p427, p429, p431, p433, p435, p437, p439, p441, p443, p445, p447, p449, p451, p453, p455, p457, p459, p461, p463, p465, p467, p469, p471, p473, p475, p477, p479, p481, p483, p485, p487, p489, p491, p493, p495, p497, p499, p501, p503, p505, p507, p509, p511, p513, p515, p517, p519]
+4778: leave_portal_frame(0)
guard_value(i582, 2, descr=<Guard0x101d1bee0>) [i1, i0, p3, p2, p531, p556, p547, i582, p543, p529, p16, p18, p20, p22, p24, p26, p28, p30, p32, p34, p36, p38, p40, p42, p44, p46, p48, p50, p52, p54, p56, p58, p60, p62, p64, p66, p68, p70, p72, p74, p76, p78, p80, p82, p84, p86, p88, p90, p92, p94, p96, p98, p100, p102, p104, p106, p108, p110, p112, p114, p116, p118, p120, p122, p124, p126, p128, p130, p132, p134, p136, p138, p140, p142, p144, p146, p148, p150, p152, p154, p156, p158, p160, p162, p164, p166, p168, p170, p172, p174, p176, p178, p180, p182, p184, p186, p188, p190, p192, p194, p196, p198, p200, p202, p204, p206, p208, p210, p212, p214, p216, p218, p220, p222, p224, p226, p228, p230, p232, p234, p236, p238, p240, p242, p244, p246, p248, p250, p252, p254, p256, p258, p260, p262, p265, p267, p269, p271, p273, p275, p277, p279, p281, p283, p285, p287, p289, p291, p293, p295, p297, p299, p301, p303, p305, p307, p309, p311, p313, p315, p317, p319, p321, p323, p325, p327, p329, p331, p333, p335, p337, p339, p341, p343, p345, p347, p349, p351, p353, p355, p357, p359, p361, p363, p365, p367, p369, p371, p373, p375, p377, p379, p381, p383, p385, p387, p389, p391, p393, p395, p397, p399, p401, p403, p405, p407, p409, p411, p413, p415, p417, p419, p421, p423, p425, p427, p429, p431, p433, p435, p437, p439, p441, p443, p445, p447, p449, p451, p453, p455, p457, p459, p461, p463, p465, p467, p469, p471, p473, p475, p477, p479, p481, p483, p485, p487, p489, p491, p493, p495, p497, p499, p501, p503, p505, p507, p509, p511, p513, p515, p517, p519]
p585 = getfield_gc_r(p551, descr=<FieldP pyrlang.utils.deque.MessageDeque.inst_lst 16>)
guard_nonnull(p585, descr=<Guard0x101d1be80>) [i1, i0, p3, p2, p531, p556, p547, i582, p543, p529, p16, p18, p20, p22, p24, p26, p28, p30, p32, p34, p36, p38, p40, p42, p44, p46, p48, p50, p52, p54, p56, p58, p60, p62, p64, p66, p68, p70, p72, p74, p76, p78, p80, p82, p84, p86, p88, p90, p92, p94, p96, p98, p100, p102, p104, p106, p108, p110, p112, p114, p116, p118, p120, p122, p124, p126, p128, p130, p132, p134, p136, p138, p140, p142, p144, p146, p148, p150, p152, p154, p156, p158, p160, p162, p164, p166, p168, p170, p172, p174, p176, p178, p180, p182, p184, p186, p188, p190, p192, p194, p196, p198, p200, p202, p204, p206, p208, p210, p212, p214, p216, p218, p220, p222, p224, p226, p228, p230, p232, p234, p236, p238, p240, p242, p244, p246, p248, p250, p252, p254, p256, p258, p260, p262, p265, p267, p269, p271, p273, p275, p277, p279, p281, p283, p285, p287, p289, p291, p293, p295, p297, p299, p301, p303, p305, p307, p309, p311, p313, p315, p317, p319, p321, p323, p325, p327, p329, p331, p333, p335, p337, p339, p341, p343, p345, p347, p349, p351, p353, p355, p357, p359, p361, p363, p365, p367, p369, p371, p373, p375, p377, p379, p381, p383, p385, p387, p389, p391, p393, p395, p397, p399, p401, p403, p405, p407, p409, p411, p413, p415, p417, p419, p421, p423, p425, p427, p429, p431, p433, p435, p437, p439, p441, p443, p445, p447, p449, p451, p453, p455, p457, p459, p461, p463, p465, p467, p469, p471, p473, p475, p477, p479, p481, p483, p485, p487, p489, p491, p493, p495, p497, p499, p501, p503, p505, p507, p509, p511, p513, p515, p517, p519]
i586 = getfield_gc_i(p585, descr=<FieldS list.length 8>)
i587 = int_is_true(i586)
guard_false(i587, descr=<Guard0x101d1bcd0>) [i1, i0, p3, p2, p531, p556, p547, i582, p543, p529, p16, p18, p20, p22, p24, p26, p28, p30, p32, p34, p36, p38, p40, p42, p44, p46, p48, p50, p52, p54, p56, p58, p60, p62, p64, p66, p68, p70, p72, p74, p76, p78, p80, p82, p84, p86, p88, p90, p92, p94, p96, p98, p100, p102, p104, p106, p108, p110, p112, p114, p116, p118, p120, p122, p124, p126, p128, p130, p132, p134, p136, p138, p140, p142, p144, p146, p148, p150, p152, p154, p156, p158, p160, p162, p164, p166, p168, p170, p172, p174, p176, p178, p180, p182, p184, p186, p188, p190, p192, p194, p196, p198, p200, p202, p204, p206, p208, p210, p212, p214, p216, p218, p220, p222, p224, p226, p228, p230, p232, p234, p236, p238, p240, p242, p244, p246, p248, p250, p252, p254, p256, p258, p260, p262, p265, p267, p269, p271, p273, p275, p277, p279, p281, p283, p285, p287, p289, p291, p293, p295, p297, p299, p301, p303, p305, p307, p309, p311, p313, p315, p317, p319, p321, p323, p325, p327, p329, p331, p333, p335, p337, p339, p341, p343, p345, p347, p349, p351, p353, p355, p357, p359, p361, p363, p365, p367, p369, p371, p373, p375, p377, p379, p381, p383, p385, p387, p389, p391, p393, p395, p397, p399, p401, p403, p405, p407, p409, p411, p413, p415, p417, p419, p421, p423, p425, p427, p429, p431, p433, p435, p437, p439, p441, p443, p445, p447, p449, p451, p453, p455, p457, p459, p461, p463, p465, p467, p469, p471, p473, p475, p477, p479, p481, p483, p485, p487, p489, p491, p493, p495, p497, p499, p501, p503, p505, p507, p509, p511, p513, p515, p517, p519]
p588 = getfield_gc_r(p2, descr=<FieldP pyrlang.interpreter.interp.Process.inst_x_reg 64>)
setfield_gc(ConstPtr(ptr549), 0, descr=<FieldU pyrlang.interpreter.interp.Process.inst_is_active 80>)
i590 = ptr_eq(p588, p3)
guard_true(i590, descr=<Guard0x1019feb10>) [i1, i0, p3, p2, p531, p588, p543, p529, p16, p18, p20, p22, p24, p26, p28, p30, p32, p34, p36, p38, p40, p42, p44, p46, p48, p50, p52, p54, p56, p58, p60, p62, p64, p66, p68, p70, p72, p74, p76, p78, p80, p82, p84, p86, p88, p90, p92, p94, p96, p98, p100, p102, p104, p106, p108, p110, p112, p114, p116, p118, p120, p122, p124, p126, p128, p130, p132, p134, p136, p138, p140, p142, p144, p146, p148, p150, p152, p154, p156, p158, p160, p162, p164, p166, p168, p170, p172, p174, p176, p178, p180, p182, p184, p186, p188, p190, p192, p194, p196, p198, p200, p202, p204, p206, p208, p210, p212, p214, p216, p218, p220, p222, p224, p226, p228, p230, p232, p234, p236, p238, p240, p242, p244, p246, p248, p250, p252, p254, p256, p258, p260, p262, p265, p267, p269, p271, p273, p275, p277, p279, p281, p283, p285, p287, p289, p291, p293, p295, p297, p299, p301, p303, p305, p307, p309, p311, p313, p315, p317, p319, p321, p323, p325, p327, p329, p331, p333, p335, p337, p339, p341, p343, p345, p347, p349, p351, p353, p355, p357, p359, p361, p363, p365, p367, p369, p371, p373, p375, p377, p379, p381, p383, p385, p387, p389, p391, p393, p395, p397, p399, p401, p403, p405, p407, p409, p411, p413, p415, p417, p419, p421, p423, p425, p427, p429, p431, p433, p435, p437, p439, p441, p443, p445, p447, p449, p451, p453, p455, p457, p459, p461, p463, p465, p467, p469, p471, p473, p475, p477, p479, p481, p483, p485, p487, p489, p491, p493, p495, p497, p499, p501, p503, p505, p507, p509, p511, p513, p515, p517, p519]
p591 = getfield_gc_r(p2, descr=<FieldP pyrlang.interpreter.interp.Process.inst_y_reg 72>)
debug_merge_point(0, 0, '56 move y(0). x(1)')
i592 = getfield_gc_i(p591, descr=<FieldS pyrlang.interpreter.register.Y_Register.inst_val_top 40>)
p593 = getfield_gc_r(p591, descr=<FieldP pyrlang.interpreter.register.Y_Register.inst_vals 48>)
p594 = getarrayitem_gc_r(p593, i592, descr=<ArrayP 8>)
debug_merge_point(0, 0, '57 move y(1). x(0)')
i596 = int_sub(i592, 1)
p597 = getarrayitem_gc_r(p593, i596, descr=<ArrayP 8>)
debug_merge_point(0, 0, '58 trim 2. 1')
i599 = int_sub(i592, 2)
debug_merge_point(0, 0, '59 line 9')
debug_merge_point(0, 0, '60 send ')
setfield_gc(p591, i599, descr=<FieldS pyrlang.interpreter.register.Y_Register.inst_val_top 40>)
guard_nonnull_class(p597, ConstClass(W_PidObject), descr=<Guard0x1019feac0>) [i1, i0, p3, p2, p594, p597, p531, p529, p16, p18, p20, p22, p24, p26, p28, p30, p32, p34, p36, p38, p40, p42, p44, p46, p48, p50, p52, p54, p56, p58, p60, p62, p64, p66, p68, p70, p72, p74, p76, p78, p80, p82, p84, p86, p88, p90, p92, p94, p96, p98, p100, p102, p104, p106, p108, p110, p112, p114, p116, p118, p120, p122, p124, p126, p128, p130, p132, p134, p136, p138, p140, p142, p144, p146, p148, p150, p152, p154, p156, p158, p160, p162, p164, p166, p168, p170, p172, p174, p176, p178, p180, p182, p184, p186, p188, p190, p192, p194, p196, p198, p200, p202, p204, p206, p208, p210, p212, p214, p216, p218, p220, p222, p224, p226, p228, p230, p232, p234, p236, p238, p240, p242, p244, p246, p248, p250, p252, p254, p256, p258, p260, p262, p265, p267, p269, p271, p273, p275, p277, p279, p281, p283, p285, p287, p289, p291, p293, p295, p297, p299, p301, p303, p305, p307, p309, p311, p313, p315, p317, p319, p321, p323, p325, p327, p329, p331, p333, p335, p337, p339, p341, p343, p345, p347, p349, p351, p353, p355, p357, p359, p361, p363, p365, p367, p369, p371, p373, p375, p377, p379, p381, p383, p385, p387, p389, p391, p393, p395, p397, p399, p401, p403, p405, p407, p409, p411, p413, p415, p417, p419, p421, p423, p425, p427, p429, p431, p433, p435, p437, p439, p441, p443, p445, p447, p449, p451, p453, p455, p457, p459, p461, p463, p465, p467, p469, p471, p473, p475, p477, p479, p481, p483, p485, p487, p489, p491, p493, p495, p497, p499, p501, p503, p505, p507, p509, p511, p513, p515, p517, p519]
p601 = getfield_gc_r(p2, descr=<FieldP pyrlang.interpreter.interp.Process.inst_scheduler 56>)
p602 = getfield_gc_r(p597, descr=<FieldP pyrlang.interpreter.datatypes.pid.W_PidObject.inst_process 16>)
guard_nonnull(p602, descr=<Guard0x101d1bac0>) [i1, i0, p3, p2, p594, p597, p531, p529, p16, p18, p20, p22, p24, p26, p28, p30, p32, p34, p36, p38, p40, p42, p44, p46, p48, p50, p52, p54, p56, p58, p60, p62, p64, p66, p68, p70, p72, p74, p76, p78, p80, p82, p84, p86, p88, p90, p92, p94, p96, p98, p100, p102, p104, p106, p108, p110, p112, p114, p116, p118, p120, p122, p124, p126, p128, p130, p132, p134, p136, p138, p140, p142, p144, p146, p148, p150, p152, p154, p156, p158, p160, p162, p164, p166, p168, p170, p172, p174, p176, p178, p180, p182, p184, p186, p188, p190, p192, p194, p196, p198, p200, p202, p204, p206, p208, p210, p212, p214, p216, p218, p220, p222, p224, p226, p228, p230, p232, p234, p236, p238, p240, p242, p244, p246, p248, p250, p252, p254, p256, p258, p260, p262, p265, p267, p269, p271, p273, p275, p277, p279, p281, p283, p285, p287, p289, p291, p293, p295, p297, p299, p301, p303, p305, p307, p309, p311, p313, p315, p317, p319, p321, p323, p325, p327, p329, p331, p333, p335, p337, p339, p341, p343, p345, p347, p349, p351, p353, p355, p357, p359, p361, p363, p365, p367, p369, p371, p373, p375, p377, p379, p381, p383, p385, p387, p389, p391, p393, p395, p397, p399, p401, p403, p405, p407, p409, p411, p413, p415, p417, p419, p421, p423, p425, p427, p429, p431, p433, p435, p437, p439, p441, p443, p445, p447, p449, p451, p453, p455, p457, p459, p461, p463, p465, p467, p469, p471, p473, p475, p477, p479, p481, p483, p485, p487, p489, p491, p493, p495, p497, p499, p501, p503, p505, p507, p509, p511, p513, p515, p517, p519]
i603 = getfield_gc_i(p602, descr=<FieldU pyrlang.interpreter.interp.Process.inst_is_active 80>)
guard_true(i603, descr=<Guard0x101d1ba30>) [i1, i0, p3, p2, p594, p597, p531, p529, p16, p18, p20, p22, p24, p26, p28, p30, p32, p34, p36, p38, p40, p42, p44, p46, p48, p50, p52, p54, p56, p58, p60, p62, p64, p66, p68, p70, p72, p74, p76, p78, p80, p82, p84, p86, p88, p90, p92, p94, p96, p98, p100, p102, p104, p106, p108, p110, p112, p114, p116, p118, p120, p122, p124, p126, p128, p130, p132, p134, p136, p138, p140, p142, p144, p146, p148, p150, p152, p154, p156, p158, p160, p162, p164, p166, p168, p170, p172, p174, p176, p178, p180, p182, p184, p186, p188, p190, p192, p194, p196, p198, p200, p202, p204, p206, p208, p210, p212, p214, p216, p218, p220, p222, p224, p226, p228, p230, p232, p234, p236, p238, p240, p242, p244, p246, p248, p250, p252, p254, p256, p258, p260, p262, p265, p267, p269, p271, p273, p275, p277, p279, p281, p283, p285, p287, p289, p291, p293, p295, p297, p299, p301, p303, p305, p307, p309, p311, p313, p315, p317, p319, p321, p323, p325, p327, p329, p331, p333, p335, p337, p339, p341, p343, p345, p347, p349, p351, p353, p355, p357, p359, p361, p363, p365, p367, p369, p371, p373, p375, p377, p379, p381, p383, p385, p387, p389, p391, p393, p395, p397, p399, p401, p403, p405, p407, p409, p411, p413, p415, p417, p419, p421, p423, p425, p427, p429, p431, p433, p435, p437, p439, p441, p443, p445, p447, p449, p451, p453, p455, p457, p459, p461, p463, p465, p467, p469, p471, p473, p475, p477, p479, p481, p483, p485, p487, p489, p491, p493, p495, p497, p499, p501, p503, p505, p507, p509, p511, p513, p515, p517, p519]
p604 = getfield_gc_r(p602, descr=<FieldP pyrlang.interpreter.interp.Process.inst_mail_box 24>)
p605 = getfield_gc_r(p604, descr=<FieldP pyrlang.utils.deque.MessageDeque.inst_lst 16>)
i606 = getfield_gc_i(p605, descr=<FieldS list.length 8>)
i608 = int_add(i606, 1)
p609 = getfield_gc_r(p605, descr=<FieldP list.items 16>)
i610 = arraylen_gc(p609, descr=<ArrayP 8>)
i611 = int_lt(i610, i608)
cond_call(i611, ConstClass(_ll_list_resize_hint_really_look_inside_iff__listPtr_Signed_Bool), p605, i608, 1, descr=<Callv 0 rii EF=5>)
guard_no_exception(descr=<Guard0x1019fea20>) [i1, i0, p3, p2, p594, i606, p604, p605, i608, p597, p531, p529, p16, p18, p20, p22, p24, p26, p28, p30, p32, p34, p36, p38, p40, p42, p44, p46, p48, p50, p52, p54, p56, p58, p60, p62, p64, p66, p68, p70, p72, p74, p76, p78, p80, p82, p84, p86, p88, p90, p92, p94, p96, p98, p100, p102, p104, p106, p108, p110, p112, p114, p116, p118, p120, p122, p124, p126, p128, p130, p132, p134, p136, p138, p140, p142, p144, p146, p148, p150, p152, p154, p156, p158, p160, p162, p164, p166, p168, p170, p172, p174, p176, p178, p180, p182, p184, p186, p188, p190, p192, p194, p196, p198, p200, p202, p204, p206, p208, p210, p212, p214, p216, p218, p220, p222, p224, p226, p228, p230, p232, p234, p236, p238, p240, p242, p244, p246, p248, p250, p252, p254, p256, p258, p260, p262, p265, p267, p269, p271, p273, p275, p277, p279, p281, p283, p285, p287, p289, p291, p293, p295, p297, p299, p301, p303, p305, p307, p309, p311, p313, p315, p317, p319, p321, p323, p325, p327, p329, p331, p333, p335, p337, p339, p341, p343, p345, p347, p349, p351, p353, p355, p357, p359, p361, p363, p365, p367, p369, p371, p373, p375, p377, p379, p381, p383, p385, p387, p389, p391, p393, p395, p397, p399, p401, p403, p405, p407, p409, p411, p413, p415, p417, p419, p421, p423, p425, p427, p429, p431, p433, p435, p437, p439, p441, p443, p445, p447, p449, p451, p453, p455, p457, p459, p461, p463, p465, p467, p469, p471, p473, p475, p477, p479, p481, p483, p485, p487, p489, p491, p493, p495, p497, p499, p501, p503, p505, p507, p509, p511, p513, p515, p517, p519]
p614 = getfield_gc_r(p605, descr=<FieldP list.items 16>)
setarrayitem_gc(p614, i606, p594, descr=<ArrayP 8>)
i615 = getfield_gc_i(p604, descr=<FieldS pyrlang.utils.deque.MessageDeque.inst_current_position 8>)
setfield_gc(p605, i608, descr=<FieldS list.length 8>)
i617 = int_eq(i615, -1)
guard_true(i617, descr=<Guard0x1019fe9d0>) [i1, i0, p3, p2, p594, i615, p604, p597, p531, p529, p16, p18, p20, p22, p24, p26, p28, p30, p32, p34, p36, p38, p40, p42, p44, p46, p48, p50, p52, p54, p56, p58, p60, p62, p64, p66, p68, p70, p72, p74, p76, p78, p80, p82, p84, p86, p88, p90, p92, p94, p96, p98, p100, p102, p104, p106, p108, p110, p112, p114, p116, p118, p120, p122, p124, p126, p128, p130, p132, p134, p136, p138, p140, p142, p144, p146, p148, p150, p152, p154, p156, p158, p160, p162, p164, p166, p168, p170, p172, p174, p176, p178, p180, p182, p184, p186, p188, p190, p192, p194, p196, p198, p200, p202, p204, p206, p208, p210, p212, p214, p216, p218, p220, p222, p224, p226, p228, p230, p232, p234, p236, p238, p240, p242, p244, p246, p248, p250, p252, p254, p256, p258, p260, p262, p265, p267, p269, p271, p273, p275, p277, p279, p281, p283, p285, p287, p289, p291, p293, p295, p297, p299, p301, p303, p305, p307, p309, p311, p313, p315, p317, p319, p321, p323, p325, p327, p329, p331, p333, p335, p337, p339, p341, p343, p345, p347, p349, p351, p353, p355, p357, p359, p361, p363, p365, p367, p369, p371, p373, p375, p377, p379, p381, p383, p385, p387, p389, p391, p393, p395, p397, p399, p401, p403, p405, p407, p409, p411, p413, p415, p417, p419, p421, p423, p425, p427, p429, p431, p433, p435, p437, p439, p441, p443, p445, p447, p449, p451, p453, p455, p457, p459, p461, p463, p465, p467, p469, p471, p473, p475, p477, p479, p481, p483, p485, p487, p489, p491, p493, p495, p497, p499, p501, p503, p505, p507, p509, p511, p513, p515, p517, p519]
debug_merge_point(0, 0, '61 move first. x(1)')
p619 = getfield_gc_r(ConstPtr(ptr618), descr=<FieldP list.items 16>)
p621 = getarrayitem_gc_r(p619, 3, descr=<ArrayP 8>)
debug_merge_point(0, 0, '62 move first. x(2)')
debug_merge_point(0, 0, '63 move y(0). x(0)')
p622 = getarrayitem_gc_r(p593, i599, descr=<ArrayP 8>)
debug_merge_point(0, 0, '64 call_last 3. L8. 1')
i624 = int_sub(i599, 1)
debug_merge_point(0, 0, '21 label 8')
debug_merge_point(0, 0, '22 allocate 3. 3')
i626 = int_add(i624, 3)
i627 = getfield_gc_i(p591, descr=<FieldS pyrlang.interpreter.register.Y_Register.inst_val_size 32>)
setfield_gc(p591, i626, descr=<FieldS pyrlang.interpreter.register.Y_Register.inst_val_top 40>)
setfield_gc(p604, 0, descr=<FieldS pyrlang.utils.deque.MessageDeque.inst_current_position 8>)
i629 = int_ge(i626, i627)
guard_false(i629, descr=<Guard0x1019fe980>) [i1, i0, p3, p2, i626, i627, p591, p622, p621, p529, p16, p18, p20, p22, p24, p26, p28, p30, p32, p34, p36, p38, p40, p42, p44, p46, p48, p50, p52, p54, p56, p58, p60, p62, p64, p66, p68, p70, p72, p74, p76, p78, p80, p82, p84, p86, p88, p90, p92, p94, p96, p98, p100, p102, p104, p106, p108, p110, p112, p114, p116, p118, p120, p122, p124, p126, p128, p130, p132, p134, p136, p138, p140, p142, p144, p146, p148, p150, p152, p154, p156, p158, p160, p162, p164, p166, p168, p170, p172, p174, p176, p178, p180, p182, p184, p186, p188, p190, p192, p194, p196, p198, p200, p202, p204, p206, p208, p210, p212, p214, p216, p218, p220, p222, p224, p226, p228, p230, p232, p234, p236, p238, p240, p242, p244, p246, p248, p250, p252, p254, p256, p258, p260, p262, p265, p267, p269, p271, p273, p275, p277, p279, p281, p283, p285, p287, p289, p291, p293, p295, p297, p299, p301, p303, p305, p307, p309, p311, p313, p315, p317, p319, p321, p323, p325, p327, p329, p331, p333, p335, p337, p339, p341, p343, p345, p347, p349, p351, p353, p355, p357, p359, p361, p363, p365, p367, p369, p371, p373, p375, p377, p379, p381, p383, p385, p387, p389, p391, p393, p395, p397, p399, p401, p403, p405, p407, p409, p411, p413, p415, p417, p419, p421, p423, p425, p427, p429, p431, p433, p435, p437, p439, p441, p443, p445, p447, p449, p451, p453, p455, p457, p459, p461, p463, p465, p467, p469, p471, p473, p475, p477, p479, p481, p483, p485, p487, p489, p491, p493, p495, p497, p499, p501, p503, p505, p507, p509, p511, p513, p515, p517, p519]
debug_merge_point(0, 0, '23 move x(2). y(0)')
i631 = int_lt(i626, 0)
guard_false(i631, descr=<Guard0x101d1b5b0>) [i1, i0, p3, p2, i626, i627, p591, p622, p621, p529, p16, p18, p20, p22, p24, p26, p28, p30, p32, p34, p36, p38, p40, p42, p44, p46, p48, p50, p52, p54, p56, p58, p60, p62, p64, p66, p68, p70, p72, p74, p76, p78, p80, p82, p84, p86, p88, p90, p92, p94, p96, p98, p100, p102, p104, p106, p108, p110, p112, p114, p116, p118, p120, p122, p124, p126, p128, p130, p132, p134, p136, p138, p140, p142, p144, p146, p148, p150, p152, p154, p156, p158, p160, p162, p164, p166, p168, p170, p172, p174, p176, p178, p180, p182, p184, p186, p188, p190, p192, p194, p196, p198, p200, p202, p204, p206, p208, p210, p212, p214, p216, p218, p220, p222, p224, p226, p228, p230, p232, p234, p236, p238, p240, p242, p244, p246, p248, p250, p252, p254, p256, p258, p260, p262, p265, p267, p269, p271, p273, p275, p277, p279, p281, p283, p285, p287, p289, p291, p293, p295, p297, p299, p301, p303, p305, p307, p309, p311, p313, p315, p317, p319, p321, p323, p325, p327, p329, p331, p333, p335, p337, p339, p341, p343, p345, p347, p349, p351, p353, p355, p357, p359, p361, p363, p365, p367, p369, p371, p373, p375, p377, p379, p381, p383, p385, p387, p389, p391, p393, p395, p397, p399, p401, p403, p405, p407, p409, p411, p413, p415, p417, p419, p421, p423, p425, p427, p429, p431, p433, p435, p437, p439, p441, p443, p445, p447, p449, p451, p453, p455, p457, p459, p461, p463, p465, p467, p469, p471, p473, p475, p477, p479, p481, p483, p485, p487, p489, p491, p493, p495, p497, p499, p501, p503, p505, p507, p509, p511, p513, p515, p517, p519]
setarrayitem_gc(p593, i626, p621, descr=<ArrayP 8>)
debug_merge_point(0, 0, '24 move x(1). y(1)')
i633 = int_sub(i626, 1)
i635 = int_lt(i633, 0)
guard_false(i635, descr=<Guard0x1019fe930>) [i1, i0, p3, p2, i633, p621, p593, p622, p529, p16, p18, p20, p22, p24, p26, p28, p30, p32, p34, p36, p38, p40, p42, p44, p46, p48, p50, p52, p54, p56, p58, p60, p62, p64, p66, p68, p70, p72, p74, p76, p78, p80, p82, p84, p86, p88, p90, p92, p94, p96, p98, p100, p102, p104, p106, p108, p110, p112, p114, p116, p118, p120, p122, p124, p126, p128, p130, p132, p134, p136, p138, p140, p142, p144, p146, p148, p150, p152, p154, p156, p158, p160, p162, p164, p166, p168, p170, p172, p174, p176, p178, p180, p182, p184, p186, p188, p190, p192, p194, p196, p198, p200, p202, p204, p206, p208, p210, p212, p214, p216, p218, p220, p222, p224, p226, p228, p230, p232, p234, p236, p238, p240, p242, p244, p246, p248, p250, p252, p254, p256, p258, p260, p262, p265, p267, p269, p271, p273, p275, p277, p279, p281, p283, p285, p287, p289, p291, p293, p295, p297, p299, p301, p303, p305, p307, p309, p311, p313, p315, p317, p319, p321, p323, p325, p327, p329, p331, p333, p335, p337, p339, p341, p343, p345, p347, p349, p351, p353, p355, p357, p359, p361, p363, p365, p367, p369, p371, p373, p375, p377, p379, p381, p383, p385, p387, p389, p391, p393, p395, p397, p399, p401, p403, p405, p407, p409, p411, p413, p415, p417, p419, p421, p423, p425, p427, p429, p431, p433, p435, p437, p439, p441, p443, p445, p447, p449, p451, p453, p455, p457, p459, p461, p463, p465, p467, p469, p471, p473, p475, p477, p479, p481, p483, p485, p487, p489, p491, p493, p495, p497, p499, p501, p503, p505, p507, p509, p511, p513, p515, p517, p519]
setarrayitem_gc(p593, i633, p621, descr=<ArrayP 8>)
debug_merge_point(0, 0, '25 move x(0). y(2)')
i637 = int_sub(i626, 2)
i639 = int_lt(i637, 0)
guard_false(i639, descr=<Guard0x1019fe8e0>) [i1, i0, p3, p2, i637, p622, p593, p621, p529, p16, p18, p20, p22, p24, p26, p28, p30, p32, p34, p36, p38, p40, p42, p44, p46, p48, p50, p52, p54, p56, p58, p60, p62, p64, p66, p68, p70, p72, p74, p76, p78, p80, p82, p84, p86, p88, p90, p92, p94, p96, p98, p100, p102, p104, p106, p108, p110, p112, p114, p116, p118, p120, p122, p124, p126, p128, p130, p132, p134, p136, p138, p140, p142, p144, p146, p148, p150, p152, p154, p156, p158, p160, p162, p164, p166, p168, p170, p172, p174, p176, p178, p180, p182, p184, p186, p188, p190, p192, p194, p196, p198, p200, p202, p204, p206, p208, p210, p212, p214, p216, p218, p220, p222, p224, p226, p228, p230, p232, p234, p236, p238, p240, p242, p244, p246, p248, p250, p252, p254, p256, p258, p260, p262, p265, p267, p269, p271, p273, p275, p277, p279, p281, p283, p285, p287, p289, p291, p293, p295, p297, p299, p301, p303, p305, p307, p309, p311, p313, p315, p317, p319, p321, p323, p325, p327, p329, p331, p333, p335, p337, p339, p341, p343, p345, p347, p349, p351, p353, p355, p357, p359, p361, p363, p365, p367, p369, p371, p373, p375, p377, p379, p381, p383, p385, p387, p389, p391, p393, p395, p397, p399, p401, p403, p405, p407, p409, p411, p413, p415, p417, p419, p421, p423, p425, p427, p429, p431, p433, p435, p437, p439, p441, p443, p445, p447, p449, p451, p453, p455, p457, p459, p461, p463, p465, p467, p469, p471, p473, p475, p477, p479, p481, p483, p485, p487, p489, p491, p493, p495, p497, p499, p501, p503, p505, p507, p509, p511, p513, p515, p517, p519]
setarrayitem_gc(p593, i637, p622, descr=<ArrayP 8>)
debug_merge_point(0, 0, '26 line 5')
debug_merge_point(0, 0, '27 label 9')
debug_merge_point(0, 0, '28 loop_rec L14. x(0)')
p640 = getfield_gc_r(p2, descr=<FieldP pyrlang.interpreter.interp.Process.inst_mail_box 24>)
i641 = getfield_gc_i(p640, descr=<FieldS pyrlang.utils.deque.MessageDeque.inst_current_position 8>)
i643 = int_eq(i641, -1)
guard_false(i643, descr=<Guard0x1019fe840>) [i1, i0, p3, p2, i641, p640, p622, p621, p529, p16, p18, p20, p22, p24, p26, p28, p30, p32, p34, p36, p38, p40, p42, p44, p46, p48, p50, p52, p54, p56, p58, p60, p62, p64, p66, p68, p70, p72, p74, p76, p78, p80, p82, p84, p86, p88, p90, p92, p94, p96, p98, p100, p102, p104, p106, p108, p110, p112, p114, p116, p118, p120, p122, p124, p126, p128, p130, p132, p134, p136, p138, p140, p142, p144, p146, p148, p150, p152, p154, p156, p158, p160, p162, p164, p166, p168, p170, p172, p174, p176, p178, p180, p182, p184, p186, p188, p190, p192, p194, p196, p198, p200, p202, p204, p206, p208, p210, p212, p214, p216, p218, p220, p222, p224, p226, p228, p230, p232, p234, p236, p238, p240, p242, p244, p246, p248, p250, p252, p254, p256, p258, p260, p262, p265, p267, p269, p271, p273, p275, p277, p279, p281, p283, p285, p287, p289, p291, p293, p295, p297, p299, p301, p303, p305, p307, p309, p311, p313, p315, p317, p319, p321, p323, p325, p327, p329, p331, p333, p335, p337, p339, p341, p343, p345, p347, p349, p351, p353, p355, p357, p359, p361, p363, p365, p367, p369, p371, p373, p375, p377, p379, p381, p383, p385, p387, p389, p391, p393, p395, p397, p399, p401, p403, p405, p407, p409, p411, p413, p415, p417, p419, p421, p423, p425, p427, p429, p431, p433, p435, p437, p439, p441, p443, p445, p447, p449, p451, p453, p455, p457, p459, p461, p463, p465, p467, p469, p471, p473, p475, p477, p479, p481, p483, p485, p487, p489, p491, p493, p495, p497, p499, p501, p503, p505, p507, p509, p511, p513, p515, p517, p519]
p644 = getfield_gc_r(p640, descr=<FieldP pyrlang.utils.deque.MessageDeque.inst_lst 16>)
i646 = int_lt(i641, 0)
guard_false(i646, descr=<Guard0x101d1b580>) [i1, i0, p3, p2, i641, p640, p622, p621, p529, p16, p18, p20, p22, p24, p26, p28, p30, p32, p34, p36, p38, p40, p42, p44, p46, p48, p50, p52, p54, p56, p58, p60, p62, p64, p66, p68, p70, p72, p74, p76, p78, p80, p82, p84, p86, p88, p90, p92, p94, p96, p98, p100, p102, p104, p106, p108, p110, p112, p114, p116, p118, p120, p122, p124, p126, p128, p130, p132, p134, p136, p138, p140, p142, p144, p146, p148, p150, p152, p154, p156, p158, p160, p162, p164, p166, p168, p170, p172, p174, p176, p178, p180, p182, p184, p186, p188, p190, p192, p194, p196, p198, p200, p202, p204, p206, p208, p210, p212, p214, p216, p218, p220, p222, p224, p226, p228, p230, p232, p234, p236, p238, p240, p242, p244, p246, p248, p250, p252, p254, p256, p258, p260, p262, p265, p267, p269, p271, p273, p275, p277, p279, p281, p283, p285, p287, p289, p291, p293, p295, p297, p299, p301, p303, p305, p307, p309, p311, p313, p315, p317, p319, p321, p323, p325, p327, p329, p331, p333, p335, p337, p339, p341, p343, p345, p347, p349, p351, p353, p355, p357, p359, p361, p363, p365, p367, p369, p371, p373, p375, p377, p379, p381, p383, p385, p387, p389, p391, p393, p395, p397, p399, p401, p403, p405, p407, p409, p411, p413, p415, p417, p419, p421, p423, p425, p427, p429, p431, p433, p435, p437, p439, p441, p443, p445, p447, p449, p451, p453, p455, p457, p459, p461, p463, p465, p467, p469, p471, p473, p475, p477, p479, p481, p483, p485, p487, p489, p491, p493, p495, p497, p499, p501, p503, p505, p507, p509, p511, p513, p515, p517, p519]
p647 = getfield_gc_r(p644, descr=<FieldP list.items 16>)
p648 = getarrayitem_gc_r(p647, i641, descr=<ArrayP 8>)
guard_nonnull_class(p648, 4298628536, descr=<Guard0x1019fe890>) [i1, i0, p3, p2, i641, p640, p622, p621, p529, p16, p18, p20, p22, p24, p26, p28, p30, p32, p34, p36, p38, p40, p42, p44, p46, p48, p50, p52, p54, p56, p58, p60, p62, p64, p66, p68, p70, p72, p74, p76, p78, p80, p82, p84, p86, p88, p90, p92, p94, p96, p98, p100, p102, p104, p106, p108, p110, p112, p114, p116, p118, p120, p122, p124, p126, p128, p130, p132, p134, p136, p138, p140, p142, p144, p146, p148, p150, p152, p154, p156, p158, p160, p162, p164, p166, p168, p170, p172, p174, p176, p178, p180, p182, p184, p186, p188, p190, p192, p194, p196, p198, p200, p202, p204, p206, p208, p210, p212, p214, p216, p218, p220, p222, p224, p226, p228, p230, p232, p234, p236, p238, p240, p242, p244, p246, p248, p250, p252, p254, p256, p258, p260, p262, p265, p267, p269, p271, p273, p275, p277, p279, p281, p283, p285, p287, p289, p291, p293, p295, p297, p299, p301, p303, p305, p307, p309, p311, p313, p315, p317, p319, p321, p323, p325, p327, p329, p331, p333, p335, p337, p339, p341, p343, p345, p347, p349, p351, p353, p355, p357, p359, p361, p363, p365, p367, p369, p371, p373, p375, p377, p379, p381, p383, p385, p387, p389, p391, p393, p395, p397, p399, p401, p403, p405, p407, p409, p411, p413, p415, p417, p419, p421, p423, p425, p427, p429, p431, p433, p435, p437, p439, p441, p443, p445, p447, p449, p451, p453, p455, p457, p459, p461, p463, p465, p467, p469, p471, p473, p475, p477, p479, p481, p483, p485, p487, p489, p491, p493, p495, p497, p499, p501, p503, p505, p507, p509, p511, p513, p515, p517, p519]
debug_merge_point(0, 0, '29 is_tuple L12. x(0)')
debug_merge_point(0, 0, '30 test_arity L13. x(0). 2')
p650 = getfield_gc_r(p648, descr=<FieldP pyrlang.interpreter.datatypes.tuple.W_TupleObject.inst_vals 8 pure>)
i651 = arraylen_gc(p650, descr=<ArrayP 8>)
i653 = int_eq(i651, 2)
guard_true(i653, descr=<Guard0x101d1b490>) [i1, i0, p3, p2, i641, p640, p622, p621, p529, p16, p18, p20, p22, p24, p26, p28, p30, p32, p34, p36, p38, p40, p42, p44, p46, p48, p50, p52, p54, p56, p58, p60, p62, p64, p66, p68, p70, p72, p74, p76, p78, p80, p82, p84, p86, p88, p90, p92, p94, p96, p98, p100, p102, p104, p106, p108, p110, p112, p114, p116, p118, p120, p122, p124, p126, p128, p130, p132, p134, p136, p138, p140, p142, p144, p146, p148, p150, p152, p154, p156, p158, p160, p162, p164, p166, p168, p170, p172, p174, p176, p178, p180, p182, p184, p186, p188, p190, p192, p194, p196, p198, p200, p202, p204, p206, p208, p210, p212, p214, p216, p218, p220, p222, p224, p226, p228, p230, p232, p234, p236, p238, p240, p242, p244, p246, p248, p250, p252, p254, p256, p258, p260, p262, p265, p267, p269, p271, p273, p275, p277, p279, p281, p283, p285, p287, p289, p291, p293, p295, p297, p299, p301, p303, p305, p307, p309, p311, p313, p315, p317, p319, p321, p323, p325, p327, p329, p331, p333, p335, p337, p339, p341, p343, p345, p347, p349, p351, p353, p355, p357, p359, p361, p363, p365, p367, p369, p371, p373, p375, p377, p379, p381, p383, p385, p387, p389, p391, p393, p395, p397, p399, p401, p403, p405, p407, p409, p411, p413, p415, p417, p419, p421, p423, p425, p427, p429, p431, p433, p435, p437, p439, p441, p443, p445, p447, p449, p451, p453, p455, p457, p459, p461, p463, p465, p467, p469, p471, p473, p475, p477, p479, p481, p483, p485, p487, p489, p491, p493, p495, p497, p499, p501, p503, p505, p507, p509, p511, p513, p515, p517, p519]
debug_merge_point(0, 0, '31 get_tuple_element x(0). 0. x(1)')
p655 = getarrayitem_gc_pure_r(p650, 0, descr=<ArrayP 8>)
debug_merge_point(0, 0, '32 get_tuple_element x(0). 1. x(2)')
p657 = getarrayitem_gc_pure_r(p650, 1, descr=<ArrayP 8>)
debug_merge_point(0, 0, '33 remove_message ')
call_n(ConstClass(ll_delitem_nonneg__dum_nocheckConst_listPtr_Signed), p644, i641, descr=<Callv 0 ri EF=5>)
guard_no_exception(descr=<Guard0x1019fe7f0>) [i1, i0, p3, p2, p640, p648, p655, p657, p529, p16, p18, p20, p22, p24, p26, p28, p30, p32, p34, p36, p38, p40, p42, p44, p46, p48, p50, p52, p54, p56, p58, p60, p62, p64, p66, p68, p70, p72, p74, p76, p78, p80, p82, p84, p86, p88, p90, p92, p94, p96, p98, p100, p102, p104, p106, p108, p110, p112, p114, p116, p118, p120, p122, p124, p126, p128, p130, p132, p134, p136, p138, p140, p142, p144, p146, p148, p150, p152, p154, p156, p158, p160, p162, p164, p166, p168, p170, p172, p174, p176, p178, p180, p182, p184, p186, p188, p190, p192, p194, p196, p198, p200, p202, p204, p206, p208, p210, p212, p214, p216, p218, p220, p222, p224, p226, p228, p230, p232, p234, p236, p238, p240, p242, p244, p246, p248, p250, p252, p254, p256, p258, p260, p262, p265, p267, p269, p271, p273, p275, p277, p279, p281, p283, p285, p287, p289, p291, p293, p295, p297, p299, p301, p303, p305, p307, p309, p311, p313, p315, p317, p319, p321, p323, p325, p327, p329, p331, p333, p335, p337, p339, p341, p343, p345, p347, p349, p351, p353, p355, p357, p359, p361, p363, p365, p367, p369, p371, p373, p375, p377, p379, p381, p383, p385, p387, p389, p391, p393, p395, p397, p399, p401, p403, p405, p407, p409, p411, p413, p415, p417, p419, p421, p423, p425, p427, p429, p431, p433, p435, p437, p439, p441, p443, p445, p447, p449, p451, p453, p455, p457, p459, p461, p463, p465, p467, p469, p471, p473, p475, p477, p479, p481, p483, p485, p487, p489, p491, p493, p495, p497, p499, p501, p503, p505, p507, p509, p511, p513, p515, p517, p519]
i660 = int_sub(i641, 1)
i661 = getfield_gc_i(p644, descr=<FieldS list.length 8>)
setfield_gc(p640, i660, descr=<FieldS pyrlang.utils.deque.MessageDeque.inst_current_position 8>)
i662 = int_is_true(i661)
guard_false(i662, descr=<Guard0x1019fe7a0>) [i1, i0, p3, p2, i661, p640, p648, p655, p657, p529, p16, p18, p20, p22, p24, p26, p28, p30, p32, p34, p36, p38, p40, p42, p44, p46, p48, p50, p52, p54, p56, p58, p60, p62, p64, p66, p68, p70, p72, p74, p76, p78, p80, p82, p84, p86, p88, p90, p92, p94, p96, p98, p100, p102, p104, p106, p108, p110, p112, p114, p116, p118, p120, p122, p124, p126, p128, p130, p132, p134, p136, p138, p140, p142, p144, p146, p148, p150, p152, p154, p156, p158, p160, p162, p164, p166, p168, p170, p172, p174, p176, p178, p180, p182, p184, p186, p188, p190, p192, p194, p196, p198, p200, p202, p204, p206, p208, p210, p212, p214, p216, p218, p220, p222, p224, p226, p228, p230, p232, p234, p236, p238, p240, p242, p244, p246, p248, p250, p252, p254, p256, p258, p260, p262, p265, p267, p269, p271, p273, p275, p277, p279, p281, p283, p285, p287, p289, p291, p293, p295, p297, p299, p301, p303, p305, p307, p309, p311, p313, p315, p317, p319, p321, p323, p325, p327, p329, p331, p333, p335, p337, p339, p341, p343, p345, p347, p349, p351, p353, p355, p357, p359, p361, p363, p365, p367, p369, p371, p373, p375, p377, p379, p381, p383, p385, p387, p389, p391, p393, p395, p397, p399, p401, p403, p405, p407, p409, p411, p413, p415, p417, p419, p421, p423, p425, p427, p429, p431, p433, p435, p437, p439, p441, p443, p445, p447, p449, p451, p453, p455, p457, p459, p461, p463, p465, p467, p469, p471, p473, p475, p477, p479, p481, p483, p485, p487, p489, p491, p493, p495, p497, p499, p501, p503, p505, p507, p509, p511, p513, p515, p517, p519]
debug_merge_point(0, 0, '34 is_eq_exact L11. y(1). first')
p663 = getarrayitem_gc_r(p593, i633, descr=<ArrayP 8>)
p665 = getfield_gc_r(ConstPtr(ptr664), descr=<FieldP list.items 16>)
p667 = getarrayitem_gc_r(p665, 3, descr=<ArrayP 8>)
guard_class(p663, ConstClass(W_AtomObject), descr=<Guard0x101d1b370>) [i1, i0, p3, p2, i661, p640, p648, p655, p657, p529, p16, p18, p20, p22, p24, p26, p28, p30, p32, p34, p36, p38, p40, p42, p44, p46, p48, p50, p52, p54, p56, p58, p60, p62, p64, p66, p68, p70, p72, p74, p76, p78, p80, p82, p84, p86, p88, p90, p92, p94, p96, p98, p100, p102, p104, p106, p108, p110, p112, p114, p116, p118, p120, p122, p124, p126, p128, p130, p132, p134, p136, p138, p140, p142, p144, p146, p148, p150, p152, p154, p156, p158, p160, p162, p164, p166, p168, p170, p172, p174, p176, p178, p180, p182, p184, p186, p188, p190, p192, p194, p196, p198, p200, p202, p204, p206, p208, p210, p212, p214, p216, p218, p220, p222, p224, p226, p228, p230, p232, p234, p236, p238, p240, p242, p244, p246, p248, p250, p252, p254, p256, p258, p260, p262, p265, p267, p269, p271, p273, p275, p277, p279, p281, p283, p285, p287, p289, p291, p293, p295, p297, p299, p301, p303, p305, p307, p309, p311, p313, p315, p317, p319, p321, p323, p325, p327, p329, p331, p333, p335, p337, p339, p341, p343, p345, p347, p349, p351, p353, p355, p357, p359, p361, p363, p365, p367, p369, p371, p373, p375, p377, p379, p381, p383, p385, p387, p389, p391, p393, p395, p397, p399, p401, p403, p405, p407, p409, p411, p413, p415, p417, p419, p421, p423, p425, p427, p429, p431, p433, p435, p437, p439, p441, p443, p445, p447, p449, p451, p453, p455, p457, p459, p461, p463, p465, p467, p469, p471, p473, p475, p477, p479, p481, p483, p485, p487, p489, p491, p493, p495, p497, p499, p501, p503, p505, p507, p509, p511, p513, p515, p517, p519]
i669 = instance_ptr_eq(p663, p667)
guard_true(i669, descr=<Guard0x101d1b2e0>) [i1, i0, p3, p2, i661, p640, p648, p655, p657, p529, p16, p18, p20, p22, p24, p26, p28, p30, p32, p34, p36, p38, p40, p42, p44, p46, p48, p50, p52, p54, p56, p58, p60, p62, p64, p66, p68, p70, p72, p74, p76, p78, p80, p82, p84, p86, p88, p90, p92, p94, p96, p98, p100, p102, p104, p106, p108, p110, p112, p114, p116, p118, p120, p122, p124, p126, p128, p130, p132, p134, p136, p138, p140, p142, p144, p146, p148, p150, p152, p154, p156, p158, p160, p162, p164, p166, p168, p170, p172, p174, p176, p178, p180, p182, p184, p186, p188, p190, p192, p194, p196, p198, p200, p202, p204, p206, p208, p210, p212, p214, p216, p218, p220, p222, p224, p226, p228, p230, p232, p234, p236, p238, p240, p242, p244, p246, p248, p250, p252, p254, p256, p258, p260, p262, p265, p267, p269, p271, p273, p275, p277, p279, p281, p283, p285, p287, p289, p291, p293, p295, p297, p299, p301, p303, p305, p307, p309, p311, p313, p315, p317, p319, p321, p323, p325, p327, p329, p331, p333, p335, p337, p339, p341, p343, p345, p347, p349, p351, p353, p355, p357, p359, p361, p363, p365, p367, p369, p371, p373, p375, p377, p379, p381, p383, p385, p387, p389, p391, p393, p395, p397, p399, p401, p403, p405, p407, p409, p411, p413, p415, p417, p419, p421, p423, p425, p427, p429, p431, p433, p435, p437, p439, p441, p443, p445, p447, p449, p451, p453, p455, p457, p459, p461, p463, p465, p467, p469, p471, p473, p475, p477, p479, p481, p483, p485, p487, p489, p491, p493, p495, p497, p499, p501, p503, p505, p507, p509, p511, p513, p515, p517, p519]
debug_merge_point(0, 0, '35 is_eq_exact L10. y(2). #0')
p670 = getarrayitem_gc_r(p593, i637, descr=<ArrayP 8>)
guard_class(p670, ConstClass(W_IntObject), descr=<Guard0x101d1b2b0>) [i1, i0, p3, p2, i661, p640, p648, p655, p657, p529, p16, p18, p20, p22, p24, p26, p28, p30, p32, p34, p36, p38, p40, p42, p44, p46, p48, p50, p52, p54, p56, p58, p60, p62, p64, p66, p68, p70, p72, p74, p76, p78, p80, p82, p84, p86, p88, p90, p92, p94, p96, p98, p100, p102, p104, p106, p108, p110, p112, p114, p116, p118, p120, p122, p124, p126, p128, p130, p132, p134, p136, p138, p140, p142, p144, p146, p148, p150, p152, p154, p156, p158, p160, p162, p164, p166, p168, p170, p172, p174, p176, p178, p180, p182, p184, p186, p188, p190, p192, p194, p196, p198, p200, p202, p204, p206, p208, p210, p212, p214, p216, p218, p220, p222, p224, p226, p228, p230, p232, p234, p236, p238, p240, p242, p244, p246, p248, p250, p252, p254, p256, p258, p260, p262, p265, p267, p269, p271, p273, p275, p277, p279, p281, p283, p285, p287, p289, p291, p293, p295, p297, p299, p301, p303, p305, p307, p309, p311, p313, p315, p317, p319, p321, p323, p325, p327, p329, p331, p333, p335, p337, p339, p341, p343, p345, p347, p349, p351, p353, p355, p357, p359, p361, p363, p365, p367, p369, p371, p373, p375, p377, p379, p381, p383, p385, p387, p389, p391, p393, p395, p397, p399, p401, p403, p405, p407, p409, p411, p413, p415, p417, p419, p421, p423, p425, p427, p429, p431, p433, p435, p437, p439, p441, p443, p445, p447, p449, p451, p453, p455, p457, p459, p461, p463, p465, p467, p469, p471, p473, p475, p477, p479, p481, p483, p485, p487, p489, p491, p493, p495, p497, p499, p501, p503, p505, p507, p509, p511, p513, p515, p517, p519]
i672 = getfield_gc_i(p670, descr=<FieldS pyrlang.interpreter.datatypes.number.W_IntObject.inst_intval 8 pure>)
i674 = int_eq(i672, 0)
guard_false(i674, descr=<Guard0x101d1b220>) [i1, i0, p3, p2, i661, p640, p648, p655, p657, p529, p16, p18, p20, p22, p24, p26, p28, p30, p32, p34, p36, p38, p40, p42, p44, p46, p48, p50, p52, p54, p56, p58, p60, p62, p64, p66, p68, p70, p72, p74, p76, p78, p80, p82, p84, p86, p88, p90, p92, p94, p96, p98, p100, p102, p104, p106, p108, p110, p112, p114, p116, p118, p120, p122, p124, p126, p128, p130, p132, p134, p136, p138, p140, p142, p144, p146, p148, p150, p152, p154, p156, p158, p160, p162, p164, p166, p168, p170, p172, p174, p176, p178, p180, p182, p184, p186, p188, p190, p192, p194, p196, p198, p200, p202, p204, p206, p208, p210, p212, p214, p216, p218, p220, p222, p224, p226, p228, p230, p232, p234, p236, p238, p240, p242, p244, p246, p248, p250, p252, p254, p256, p258, p260, p262, p265, p267, p269, p271, p273, p275, p277, p279, p281, p283, p285, p287, p289, p291, p293, p295, p297, p299, p301, p303, p305, p307, p309, p311, p313, p315, p317, p319, p321, p323, p325, p327, p329, p331, p333, p335, p337, p339, p341, p343, p345, p347, p349, p351, p353, p355, p357, p359, p361, p363, p365, p367, p369, p371, p373, p375, p377, p379, p381, p383, p385, p387, p389, p391, p393, p395, p397, p399, p401, p403, p405, p407, p409, p411, p413, p415, p417, p419, p421, p423, p425, p427, p429, p431, p433, p435, p437, p439, p441, p443, p445, p447, p449, p451, p453, p455, p457, p459, p461, p463, p465, p467, p469, p471, p473, p475, p477, p479, p481, p483, p485, p487, p489, p491, p493, p495, p497, p499, p501, p503, p505, p507, p509, p511, p513, p515, p517, p519]
debug_merge_point(0, 0, '45 label 10')
debug_merge_point(0, 0, '46 line 7')
debug_merge_point(0, 0, '47 gc_bif2 L0. 3. 0. y(2). #1. x(0)')
p675 = getarrayitem_gc_r(p593, i637, descr=<ArrayP 8>)
guard_class(p675, ConstClass(W_IntObject), descr=<Guard0x101d1b1f0>) [i1, i0, p3, p2, i661, p640, p648, p655, p657, p529, p16, p18, p20, p22, p24, p26, p28, p30, p32, p34, p36, p38, p40, p42, p44, p46, p48, p50, p52, p54, p56, p58, p60, p62, p64, p66, p68, p70, p72, p74, p76, p78, p80, p82, p84, p86, p88, p90, p92, p94, p96, p98, p100, p102, p104, p106, p108, p110, p112, p114, p116, p118, p120, p122, p124, p126, p128, p130, p132, p134, p136, p138, p140, p142, p144, p146, p148, p150, p152, p154, p156, p158, p160, p162, p164, p166, p168, p170, p172, p174, p176, p178, p180, p182, p184, p186, p188, p190, p192, p194, p196, p198, p200, p202, p204, p206, p208, p210, p212, p214, p216, p218, p220, p222, p224, p226, p228, p230, p232, p234, p236, p238, p240, p242, p244, p246, p248, p250, p252, p254, p256, p258, p260, p262, p265, p267, p269, p271, p273, p275, p277, p279, p281, p283, p285, p287, p289, p291, p293, p295, p297, p299, p301, p303, p305, p307, p309, p311, p313, p315, p317, p319, p321, p323, p325, p327, p329, p331, p333, p335, p337, p339, p341, p343, p345, p347, p349, p351, p353, p355, p357, p359, p361, p363, p365, p367, p369, p371, p373, p375, p377, p379, p381, p383, p385, p387, p389, p391, p393, p395, p397, p399, p401, p403, p405, p407, p409, p411, p413, p415, p417, p419, p421, p423, p425, p427, p429, p431, p433, p435, p437, p439, p441, p443, p445, p447, p449, p451, p453, p455, p457, p459, p461, p463, p465, p467, p469, p471, p473, p475, p477, p479, p481, p483, p485, p487, p489, p491, p493, p495, p497, p499, p501, p503, p505, p507, p509, p511, p513, p515, p517, p519]
i677 = getfield_gc_i(p675, descr=<FieldS pyrlang.interpreter.datatypes.number.W_IntObject.inst_intval 8 pure>)
i679 = int_sub_ovf(i677, 1)
guard_no_overflow(descr=<Guard0x101d1b160>) [i1, i0, p3, p2, i661, p640, p648, p655, p657, p529, p16, p18, p20, p22, p24, p26, p28, p30, p32, p34, p36, p38, p40, p42, p44, p46, p48, p50, p52, p54, p56, p58, p60, p62, p64, p66, p68, p70, p72, p74, p76, p78, p80, p82, p84, p86, p88, p90, p92, p94, p96, p98, p100, p102, p104, p106, p108, p110, p112, p114, p116, p118, p120, p122, p124, p126, p128, p130, p132, p134, p136, p138, p140, p142, p144, p146, p148, p150, p152, p154, p156, p158, p160, p162, p164, p166, p168, p170, p172, p174, p176, p178, p180, p182, p184, p186, p188, p190, p192, p194, p196, p198, p200, p202, p204, p206, p208, p210, p212, p214, p216, p218, p220, p222, p224, p226, p228, p230, p232, p234, p236, p238, p240, p242, p244, p246, p248, p250, p252, p254, p256, p258, p260, p262, p265, p267, p269, p271, p273, p275, p277, p279, p281, p283, p285, p287, p289, p291, p293, p295, p297, p299, p301, p303, p305, p307, p309, p311, p313, p315, p317, p319, p321, p323, p325, p327, p329, p331, p333, p335, p337, p339, p341, p343, p345, p347, p349, p351, p353, p355, p357, p359, p361, p363, p365, p367, p369, p371, p373, p375, p377, p379, p381, p383, p385, p387, p389, p391, p393, p395, p397, p399, p401, p403, p405, p407, p409, p411, p413, p415, p417, p419, p421, p423, p425, p427, p429, p431, p433, p435, p437, p439, p441, p443, p445, p447, p449, p451, p453, p455, p457, p459, p461, p463, p465, p467, p469, p471, p473, p475, p477, p479, p481, p483, p485, p487, p489, p491, p493, p495, p497, p499, p501, p503, p505, p507, p509, p511, p513, p515, p517, p519]
debug_merge_point(0, 0, '48 call_last 3. L8. 3')
i681 = int_sub(i626, 3)
debug_merge_point(0, 0, '21 label 8')
debug_merge_point(0, 0, '22 allocate 3. 3')
debug_merge_point(0, 0, '23 move x(2). y(0)')
setarrayitem_gc(p593, i626, p657, descr=<ArrayP 8>)
debug_merge_point(0, 0, '24 move x(1). y(1)')
i683 = int_sub(i626, 1)
setarrayitem_gc(p593, i683, p655, descr=<ArrayP 8>)
debug_merge_point(0, 0, '25 move x(0). y(2)')
i685 = int_sub(i626, 2)
p686 = new_with_vtable(descr=<SizeDescr 16>)
setfield_gc(p686, i679, descr=<FieldS pyrlang.interpreter.datatypes.number.W_IntObject.inst_intval 8 pure>)
setarrayitem_gc(p593, i685, p686, descr=<ArrayP 8>)
debug_merge_point(0, 0, '26 line 5')
debug_merge_point(0, 0, '27 label 9')
debug_merge_point(0, 0, '28 loop_rec L14. x(0)')
i688 = int_eq(i660, -1)
guard_true(i688, descr=<Guard0x1019fe750>) [i1, i0, p3, p2, i660, p640, p686, p655, p657, p529, p16, p18, p20, p22, p24, p26, p28, p30, p32, p34, p36, p38, p40, p42, p44, p46, p48, p50, p52, p54, p56, p58, p60, p62, p64, p66, p68, p70, p72, p74, p76, p78, p80, p82, p84, p86, p88, p90, p92, p94, p96, p98, p100, p102, p104, p106, p108, p110, p112, p114, p116, p118, p120, p122, p124, p126, p128, p130, p132, p134, p136, p138, p140, p142, p144, p146, p148, p150, p152, p154, p156, p158, p160, p162, p164, p166, p168, p170, p172, p174, p176, p178, p180, p182, p184, p186, p188, p190, p192, p194, p196, p198, p200, p202, p204, p206, p208, p210, p212, p214, p216, p218, p220, p222, p224, p226, p228, p230, p232, p234, p236, p238, p240, p242, p244, p246, p248, p250, p252, p254, p256, p258, p260, p262, p265, p267, p269, p271, p273, p275, p277, p279, p281, p283, p285, p287, p289, p291, p293, p295, p297, p299, p301, p303, p305, p307, p309, p311, p313, p315, p317, p319, p321, p323, p325, p327, p329, p331, p333, p335, p337, p339, p341, p343, p345, p347, p349, p351, p353, p355, p357, p359, p361, p363, p365, p367, p369, p371, p373, p375, p377, p379, p381, p383, p385, p387, p389, p391, p393, p395, p397, p399, p401, p403, p405, p407, p409, p411, p413, p415, p417, p419, p421, p423, p425, p427, p429, p431, p433, p435, p437, p439, p441, p443, p445, p447, p449, p451, p453, p455, p457, p459, p461, p463, p465, p467, p469, p471, p473, p475, p477, p479, p481, p483, p485, p487, p489, p491, p493, p495, p497, p499, p501, p503, p505, p507, p509, p511, p513, p515, p517, p519]
debug_merge_point(0, 0, '73 label 14')
debug_merge_point(0, 0, '74 wait L9')
+6034: leave_portal_frame(0)
+6034: p690 = force_token()
setfield_gc(p2, 27, descr=<FieldS pyrlang.interpreter.interp.Process.inst_program_counter 48>)
setfield_gc(p3, p690, descr=<FieldP pyrlang.interpreter.register.X_Register.vable_token 8>)
guard_not_forced_2(descr=<Guard0x1019fe610>) [p686, p655, p657, p529, p16, p18, p20, p22, p24, p26, p28, p30, p32, p34, p36, p38, p40, p42, p44, p46, p48, p50, p52, p54, p56, p58, p60, p62, p64, p66, p68, p70, p72, p74, p76, p78, p80, p82, p84, p86, p88, p90, p92, p94, p96, p98, p100, p102, p104, p106, p108, p110, p112, p114, p116, p118, p120, p122, p124, p126, p128, p130, p132, p134, p136, p138, p140, p142, p144, p146, p148, p150, p152, p154, p156, p158, p160, p162, p164, p166, p168, p170, p172, p174, p176, p178, p180, p182, p184, p186, p188, p190, p192, p194, p196, p198, p200, p202, p204, p206, p208, p210, p212, p214, p216, p218, p220, p222, p224, p226, p228, p230, p232, p234, p236, p238, p240, p242, p244, p246, p248, p250, p252, p254, p256, p258, p260, p262, p265, p267, p269, p271, p273, p275, p277, p279, p281, p283, p285, p287, p289, p291, p293, p295, p297, p299, p301, p303, p305, p307, p309, p311, p313, p315, p317, p319, p321, p323, p325, p327, p329, p331, p333, p335, p337, p339, p341, p343, p345, p347, p349, p351, p353, p355, p357, p359, p361, p363, p365, p367, p369, p371, p373, p375, p377, p379, p381, p383, p385, p387, p389, p391, p393, p395, p397, p399, p401, p403, p405, p407, p409, p411, p413, p415, p417, p419, p421, p423, p425, p427, p429, p431, p433, p435, p437, p439, p441, p443, p445, p447, p449, p451, p453, p455, p457, p459, p461, p463, p465, p467, p469, p471, p473, p475, p477, p479, p481, p483, p485, p487, p489, p491, p493, p495, p497, p499, p501, p503, p505, p507, p509, p511, p513, p515, p517, p519, p3]
+6104: finish(2, descr=<DoneWithThisFrameDescrInt object at 0x1003dc9c8>)
+6208: --end of the loop--
[d118e453ecb2] jit-log-opt-loop}
[d11c1652fcf4] {jit-backend-counts
[d11c16535359] jit-backend-counts}
