[1c6f7378599d] {jit-backend-counts
[1c6f737a0811] jit-backend-counts}
[1c6f73f5ebd7] {jit-log-opt-loop
# Loop 0 (156 IS_NONEMPTY_LIST) : loop with 81 ops
[i0, p1, p2, p3, p4, p5]
+129: p6 = getfield_gc(p4, descr=<FieldP interpreter.register.X_Register.inst_regs 16>)
+140: p8 = getarrayitem_gc(p6, 0, descr=<ArrayP 8>)
+144: p10 = getarrayitem_gc(p6, 1, descr=<ArrayP 8>)
+148: p12 = getarrayitem_gc(p6, 2, descr=<ArrayP 8>)
+152: p14 = getarrayitem_gc(p6, 3, descr=<ArrayP 8>)
+156: p16 = getarrayitem_gc(p6, 4, descr=<ArrayP 8>)
+160: p18 = getarrayitem_gc(p6, 5, descr=<ArrayP 8>)
+164: p20 = getarrayitem_gc(p6, 6, descr=<ArrayP 8>)
+168: p22 = getarrayitem_gc(p6, 7, descr=<ArrayP 8>)
+172: p24 = getarrayitem_gc(p6, 8, descr=<ArrayP 8>)
+176: p26 = getarrayitem_gc(p6, 9, descr=<ArrayP 8>)
+180: p28 = getarrayitem_gc(p6, 10, descr=<ArrayP 8>)
+184: p30 = getarrayitem_gc(p6, 11, descr=<ArrayP 8>)
+195: p32 = getarrayitem_gc(p6, 12, descr=<ArrayP 8>)
+206: p34 = getarrayitem_gc(p6, 13, descr=<ArrayP 8>)
+217: p36 = getarrayitem_gc(p6, 14, descr=<ArrayP 8>)
+231: p38 = getarrayitem_gc(p6, 15, descr=<ArrayP 8>)
+245: label(i0, p1, p2, p3, p4, p5, p8, p10, p12, p14, p16, p18, p20, p22, p24, p26, p28, p30, p32, p34, p36, p38, descr=TargetToken(4302758000))
debug_merge_point(0, 0, '156 IS_NONEMPTY_LIST')
+321: p39 = getfield_gc(p3, descr=<FieldP interpreter.interp.BeamRunTime.inst_x_reg 32>)
+332: i40 = ptr_eq(p39, p4)
guard_true(i40, descr=<Guard0x10075e410>) [p3, p39, p8, p10, p12, p14, p16, p18, p20, p22, p24, p26, p28, p30, p32, p34, p36, p38, p4]
+341: guard_nonnull_class(p8, 4297417040, descr=<Guard0x10075e800>) [p3, p8, p10, p12, p14, p16, p18, p20, p22, p24, p26, p28, p30, p32, p34, p36, p38, p4]
+359: i42 = getfield_gc(p3, descr=<FieldS interpreter.interp.BeamRunTime.inst_current_line 16>)
+363: p43 = getfield_gc(p3, descr=<FieldP interpreter.interp.BeamRunTime.inst_atoms 8>)
+367: p44 = getfield_gc(p3, descr=<FieldP interpreter.interp.BeamRunTime.inst_func_list 24>)
+371: p45 = getfield_gc(p3, descr=<FieldP interpreter.interp.BeamRunTime.inst_y_reg 40>)
debug_merge_point(0, 0, '160 GET_LIST')
+375: p46 = getfield_gc_pure(p8, descr=<FieldP pyrlang.interpreter.datatypes.list.W_ListObject.inst_left 32>)
+379: p47 = getfield_gc_pure(p8, descr=<FieldP pyrlang.interpreter.datatypes.list.W_ListObject.inst_right 40>)
debug_merge_point(0, 0, '164 IS_NONEMPTY_LIST')
+383: guard_nonnull_class(p47, 4297417040, descr=<Guard0x10075e790>) [p3, p47, p8, p10, p12, p46, p18, p20, p22, p24, p26, p28, p30, p32, p34, p36, p38, p4]
debug_merge_point(0, 0, '167 GET_LIST')
+402: p49 = getfield_gc_pure(p47, descr=<FieldP pyrlang.interpreter.datatypes.list.W_ListObject.inst_left 32>)
+406: p50 = getfield_gc_pure(p47, descr=<FieldP pyrlang.interpreter.datatypes.list.W_ListObject.inst_right 40>)
debug_merge_point(0, 0, '171 IS_LT')
+410: guard_class(p49, 4297416952, descr=<Guard0x10075e720>) [p3, p49, p46, p8, p10, p12, p47, p50, p22, p24, p26, p28, p30, p32, p34, p36, p38, p4]
+422: guard_nonnull_class(p46, 4297416952, descr=<Guard0x10075e6b0>) [p3, p49, p46, p8, p10, p12, p47, p50, p22, p24, p26, p28, p30, p32, p34, p36, p38, p4]
+441: i53 = getfield_gc(p49, descr=<FieldS pyrlang.interpreter.datatypes.root.W_Root.inst_intval 24>)
+445: i54 = getfield_gc(p46, descr=<FieldS pyrlang.interpreter.datatypes.root.W_Root.inst_intval 24>)
+456: i55 = int_lt(i53, i54)
guard_true(i55, descr=<Guard0x10075e640>) [p3, p8, p10, p12, p46, p47, p49, p50, p22, p24, p26, p28, p30, p32, p34, p36, p38, p4]
debug_merge_point(0, 0, '175 TEST_HEAP')
debug_merge_point(0, 0, '178 PUT_LIST')
debug_merge_point(0, 0, '182 PUT_LIST')
debug_merge_point(0, 0, '186 MOVE')
debug_merge_point(0, 0, '189 CALL_ONLY')
+465: p57 = getfield_gc(ConstPtr(ptr56), descr=<FieldP list.items 16>)
+478: i59 = getarrayitem_gc(p57, 13, descr=<ArrayS 8>)
+482: guard_value(i59, 156, descr=<Guard0x10075e5d0>) [i42, i59, p45, p4, p3, p44, p43, p46, p47, p49, p50, p22, p24, p26, p28, p30, p32, p34, p36, p38, p10]
debug_merge_point(0, 0, '156 IS_NONEMPTY_LIST')
+495: p61 = same_as(p43)
+498: i62 = same_as(i42)
+508: p63 = same_as(p45)
+518: p64 = same_as(p49)
+518: p65 = same_as(p44)
+528: p66 = same_as(p50)
+528: label(i42, p43, p44, p3, p4, p45, p46, p50, p49, p10, p47, p22, p24, p26, p28, p30, p32, p34, p36, p38, i54, p57, i62, p61, p65, p63, descr=TargetToken(4302758080))
debug_merge_point(0, 0, '156 IS_NONEMPTY_LIST')
debug_merge_point(0, 0, '160 GET_LIST')
debug_merge_point(0, 0, '164 IS_NONEMPTY_LIST')
+604: guard_nonnull_class(p50, 4297417040, descr=<Guard0x10075e560>) [p3, p50, p46, p49, p22, p24, p26, p28, p30, p32, p34, p36, p38, p4, p10]
debug_merge_point(0, 0, '167 GET_LIST')
+629: p67 = getfield_gc_pure(p50, descr=<FieldP pyrlang.interpreter.datatypes.list.W_ListObject.inst_left 32>)
+633: p68 = getfield_gc_pure(p50, descr=<FieldP pyrlang.interpreter.datatypes.list.W_ListObject.inst_right 40>)
debug_merge_point(0, 0, '171 IS_LT')
+637: guard_class(p67, 4297416952, descr=<Guard0x10075e4f0>) [p3, p67, p46, p50, p68, p22, p24, p26, p28, p30, p32, p34, p36, p38, p4, p49, p10]
+649: i69 = getfield_gc(p67, descr=<FieldS pyrlang.interpreter.datatypes.root.W_Root.inst_intval 24>)
+653: i70 = int_lt(i69, i54)
guard_true(i70, descr=<Guard0x10075e480>) [p3, p46, p50, p67, p68, p22, p24, p26, p28, p30, p32, p34, p36, p38, p4, p49, p10]
debug_merge_point(0, 0, '175 TEST_HEAP')
debug_merge_point(0, 0, '178 PUT_LIST')
debug_merge_point(0, 0, '182 PUT_LIST')
debug_merge_point(0, 0, '186 MOVE')
debug_merge_point(0, 0, '189 CALL_ONLY')
debug_merge_point(0, 0, '156 IS_NONEMPTY_LIST')
p72 = new_with_vtable(4297417040)
+755: i73 = arraylen_gc(p57, descr=<ArrayS 8>)
+755: setfield_gc(p72, p49, descr=<FieldP pyrlang.interpreter.datatypes.list.W_ListObject.inst_left 32>)
+766: setfield_gc(p72, p10, descr=<FieldP pyrlang.interpreter.datatypes.list.W_ListObject.inst_right 40>)
+770: jump(i62, p61, p65, p3, p4, p63, p46, p68, p67, p72, p50, p22, p24, p26, p28, p30, p32, p34, p36, p38, i54, p57, i62, p61, p65, p63, descr=TargetToken(4302758080))
+858: --end of the loop--
[1c6f73fddf15] jit-log-opt-loop}
[1c6f7432fc94] {jit-log-opt-loop
# Loop 1 (79 IS_NONEMPTY_LIST) : loop with 58 ops
[i0, p1, p2, p3, p4, p5]
+129: p6 = getfield_gc(p4, descr=<FieldP interpreter.register.X_Register.inst_regs 16>)
+140: p8 = getarrayitem_gc(p6, 0, descr=<ArrayP 8>)
+144: p10 = getarrayitem_gc(p6, 1, descr=<ArrayP 8>)
+148: p12 = getarrayitem_gc(p6, 2, descr=<ArrayP 8>)
+152: p14 = getarrayitem_gc(p6, 3, descr=<ArrayP 8>)
+156: p16 = getarrayitem_gc(p6, 4, descr=<ArrayP 8>)
+160: p18 = getarrayitem_gc(p6, 5, descr=<ArrayP 8>)
+164: p20 = getarrayitem_gc(p6, 6, descr=<ArrayP 8>)
+168: p22 = getarrayitem_gc(p6, 7, descr=<ArrayP 8>)
+172: p24 = getarrayitem_gc(p6, 8, descr=<ArrayP 8>)
+176: p26 = getarrayitem_gc(p6, 9, descr=<ArrayP 8>)
+180: p28 = getarrayitem_gc(p6, 10, descr=<ArrayP 8>)
+184: p30 = getarrayitem_gc(p6, 11, descr=<ArrayP 8>)
+195: p32 = getarrayitem_gc(p6, 12, descr=<ArrayP 8>)
+206: p34 = getarrayitem_gc(p6, 13, descr=<ArrayP 8>)
+217: p36 = getarrayitem_gc(p6, 14, descr=<ArrayP 8>)
+231: p38 = getarrayitem_gc(p6, 15, descr=<ArrayP 8>)
+245: label(i0, p1, p2, p3, p4, p5, p8, p10, p12, p14, p16, p18, p20, p22, p24, p26, p28, p30, p32, p34, p36, p38, descr=TargetToken(4302758400))
debug_merge_point(0, 0, '79 IS_NONEMPTY_LIST')
+321: p39 = getfield_gc(p3, descr=<FieldP interpreter.interp.BeamRunTime.inst_x_reg 32>)
+332: i40 = ptr_eq(p39, p4)
guard_true(i40, descr=<Guard0x10075e950>) [p3, p39, p8, p10, p12, p14, p16, p18, p20, p22, p24, p26, p28, p30, p32, p34, p36, p38, p4]
+341: guard_nonnull_class(p8, 4297417040, descr=<Guard0x10075ee90>) [p3, p8, p10, p12, p14, p16, p18, p20, p22, p24, p26, p28, p30, p32, p34, p36, p38, p4]
+359: i42 = getfield_gc(p3, descr=<FieldS interpreter.interp.BeamRunTime.inst_current_line 16>)
+363: p43 = getfield_gc(p3, descr=<FieldP interpreter.interp.BeamRunTime.inst_atoms 8>)
+367: p44 = getfield_gc(p3, descr=<FieldP interpreter.interp.BeamRunTime.inst_func_list 24>)
+371: p45 = getfield_gc(p3, descr=<FieldP interpreter.interp.BeamRunTime.inst_y_reg 40>)
debug_merge_point(0, 0, '82 TEST_HEAP')
debug_merge_point(0, 0, '85 GET_LIST')
+375: p46 = getfield_gc_pure(p8, descr=<FieldP pyrlang.interpreter.datatypes.list.W_ListObject.inst_left 32>)
+379: p47 = getfield_gc_pure(p8, descr=<FieldP pyrlang.interpreter.datatypes.list.W_ListObject.inst_right 40>)
debug_merge_point(0, 0, '89 PUT_LIST')
+383: guard_nonnull_class(p46, 4297416952, descr=<Guard0x10075ee20>) [p3, p10, p46, p47, p14, p16, p18, p20, p22, p24, p26, p28, p30, p32, p34, p36, p38, p4]
debug_merge_point(0, 0, '93 CALL_ONLY')
+403: p50 = getfield_gc(ConstPtr(ptr49), descr=<FieldP list.items 16>)
+416: i52 = getarrayitem_gc(p50, 6, descr=<ArrayS 8>)
+420: guard_value(i52, 79, descr=<Guard0x10075edb0>) [i42, i52, p45, p4, p3, p44, p43, p47, p46, p14, p16, p18, p20, p22, p24, p26, p28, p30, p32, p34, p36, p38, p10]
debug_merge_point(0, 0, '79 IS_NONEMPTY_LIST')
+430: p54 = same_as(p43)
+433: p55 = same_as(p44)
+436: p56 = same_as(p45)
+439: i57 = same_as(i42)
+449: label(i42, p43, p44, p3, p4, p45, p47, p46, p10, p14, p16, p18, p20, p22, p24, p26, p28, p30, p32, p34, p36, p38, p50, i57, p54, p55, p56, descr=TargetToken(4302758480))
debug_merge_point(0, 0, '79 IS_NONEMPTY_LIST')
+525: guard_nonnull_class(p47, 4297417040, descr=<Guard0x10075ed40>) [p3, p47, p46, p14, p16, p18, p20, p22, p24, p26, p28, p30, p32, p34, p36, p38, p4, p10]
debug_merge_point(0, 0, '82 TEST_HEAP')
debug_merge_point(0, 0, '85 GET_LIST')
+544: p58 = getfield_gc_pure(p47, descr=<FieldP pyrlang.interpreter.datatypes.list.W_ListObject.inst_left 32>)
+548: p59 = getfield_gc_pure(p47, descr=<FieldP pyrlang.interpreter.datatypes.list.W_ListObject.inst_right 40>)
debug_merge_point(0, 0, '89 PUT_LIST')
+552: guard_nonnull_class(p58, 4297416952, descr=<Guard0x10075ecd0>) [p3, p58, p59, p14, p16, p18, p20, p22, p24, p26, p28, p30, p32, p34, p36, p38, p4, p46, p10]
debug_merge_point(0, 0, '93 CALL_ONLY')
debug_merge_point(0, 0, '79 IS_NONEMPTY_LIST')
p61 = new_with_vtable(4297417040)
+656: i62 = arraylen_gc(p50, descr=<ArrayS 8>)
+656: setfield_gc(p61, p46, descr=<FieldP pyrlang.interpreter.datatypes.list.W_ListObject.inst_left 32>)
+660: setfield_gc(p61, p10, descr=<FieldP pyrlang.interpreter.datatypes.list.W_ListObject.inst_right 40>)
+664: jump(i57, p54, p55, p3, p4, p56, p59, p58, p61, p14, p16, p18, p20, p22, p24, p26, p28, p30, p32, p34, p36, p38, p50, i57, p54, p55, p56, descr=TargetToken(4302758480))
+738: --end of the loop--
[1c6f7438318d] jit-log-opt-loop}
[1c6f749f8756] {jit-log-opt-bridge
# bridge out of Guard 0x10075e640 with 49 ops
[p0, p1, p2, p3, p4, p5, p6, p7, p8, p9, p10, p11, p12, p13, p14, p15, p16, p17]
+59: p19 = getfield_gc(ConstPtr(ptr18), descr=<FieldP list.items 16>)
+72: i21 = getarrayitem_gc(p19, 14, descr=<ArrayS 8>)
+79: i22 = getfield_gc(p0, descr=<FieldS interpreter.interp.BeamRunTime.inst_current_line 16>)
+83: p23 = getfield_gc(p0, descr=<FieldP interpreter.interp.BeamRunTime.inst_atoms 8>)
+87: p24 = getfield_gc(p0, descr=<FieldP interpreter.interp.BeamRunTime.inst_func_list 24>)
+91: p25 = getfield_gc(p0, descr=<FieldP interpreter.interp.BeamRunTime.inst_x_reg 32>)
+95: p26 = getfield_gc(p0, descr=<FieldP interpreter.interp.BeamRunTime.inst_y_reg 40>)
+106: guard_value(i21, 194, descr=<Guard0x10075f0c0>) [i22, i21, p26, p25, p0, p24, p23, p1, p2, p3, p4, p5, p6, p7, p8, p9, p10, p11, p12, p13, p14, p15, p16, p17]
debug_merge_point(0, 0, '194 TEST_HEAP')
debug_merge_point(0, 0, '197 PUT_LIST')
+119: i28 = ptr_eq(p25, p17)
guard_true(i28, descr=<Guard0x10075f050>) [p0, p25, p1, p2, p3, p4, p5, p6, p7, p8, p9, p10, p11, p12, p13, p14, p15, p16, p17]
+128: guard_nonnull_class(p4, 4297416952, descr=<Guard0x10075efe0>) [p0, p2, p4, p1, p3, p5, p6, p7, p8, p9, p10, p11, p12, p13, p14, p15, p16, p17]
debug_merge_point(0, 0, '201 MOVE')
debug_merge_point(0, 0, '204 CALL_ONLY')
+153: i31 = getarrayitem_gc(p19, 13, descr=<ArrayS 8>)
+157: guard_value(i31, 156, descr=<Guard0x10075ef70>) [i22, i31, p26, p17, p0, p24, p23, p5, p3, p4, p6, p7, p8, p9, p10, p11, p12, p13, p14, p15, p16, p2]
debug_merge_point(0, 0, '156 IS_NONEMPTY_LIST')
+170: i33 = same_as(i22)
+173: p34 = same_as(p23)
+176: p35 = same_as(p24)
+186: p36 = same_as(p26)
+196: label(i22, p23, p24, p0, p17, p26, p5, p4, p2, p3, p6, p7, p8, p9, p10, p11, p12, p13, p14, p15, p16, p19, i33, p34, p35, p36, descr=TargetToken(4302758800))
+279: guard_nonnull_class(p5, 4297417040, descr=<Guard0x10075f830>) [p0, p5, p3, p4, p6, p7, p8, p9, p10, p11, p12, p13, p14, p15, p16, p17, p2]
debug_merge_point(0, 0, '160 GET_LIST')
+298: p38 = getfield_gc_pure(p5, descr=<FieldP pyrlang.interpreter.datatypes.list.W_ListObject.inst_left 32>)
+302: p39 = getfield_gc_pure(p5, descr=<FieldP pyrlang.interpreter.datatypes.list.W_ListObject.inst_right 40>)
debug_merge_point(0, 0, '164 IS_NONEMPTY_LIST')
+306: guard_nonnull_class(p39, 4297417040, descr=<Guard0x10075f9f0>) [p0, p39, p5, p3, p38, p6, p7, p8, p9, p10, p11, p12, p13, p14, p15, p16, p17, p4, p2]
debug_merge_point(0, 0, '167 GET_LIST')
+324: p41 = getfield_gc_pure(p39, descr=<FieldP pyrlang.interpreter.datatypes.list.W_ListObject.inst_left 32>)
+328: p42 = getfield_gc_pure(p39, descr=<FieldP pyrlang.interpreter.datatypes.list.W_ListObject.inst_right 40>)
debug_merge_point(0, 0, '171 IS_LT')
+332: guard_class(p41, 4297416952, descr=<Guard0x10075f980>) [p0, p41, p38, p5, p3, p39, p42, p8, p9, p10, p11, p12, p13, p14, p15, p16, p17, p4, p2]
+346: guard_nonnull_class(p38, 4297416952, descr=<Guard0x10075f910>) [p0, p41, p38, p5, p3, p39, p42, p8, p9, p10, p11, p12, p13, p14, p15, p16, p17, p4, p2]
+365: i45 = getfield_gc(p41, descr=<FieldS pyrlang.interpreter.datatypes.root.W_Root.inst_intval 24>)
+369: i46 = getfield_gc(p38, descr=<FieldS pyrlang.interpreter.datatypes.root.W_Root.inst_intval 24>)
+373: i47 = int_lt(i45, i46)
guard_false(i47, descr=<Guard0x10075f8a0>) [p0, p5, p3, p38, p39, p41, p42, p8, p9, p10, p11, p12, p13, p14, p15, p16, p17, p4, p2]
debug_merge_point(0, 0, '194 TEST_HEAP')
debug_merge_point(0, 0, '197 PUT_LIST')
debug_merge_point(0, 0, '201 MOVE')
debug_merge_point(0, 0, '204 CALL_ONLY')
debug_merge_point(0, 0, '156 IS_NONEMPTY_LIST')
p49 = new_with_vtable(4297417040)
+468: i50 = arraylen_gc(p19, descr=<ArrayS 8>)
+468: setfield_gc(p49, p4, descr=<FieldP pyrlang.interpreter.datatypes.list.W_ListObject.inst_left 32>)
+479: setfield_gc(p49, p2, descr=<FieldP pyrlang.interpreter.datatypes.list.W_ListObject.inst_right 40>)
+483: jump(i33, p34, p35, p0, p17, p36, p39, p38, p49, p3, p41, p42, p8, p9, p10, p11, p12, p13, p14, p15, p16, p19, i33, p34, p35, p36, descr=TargetToken(4302758800))
+567: --end of the loop--
[1c6f74a4a69a] jit-log-opt-bridge}
[1c6f74c4ddd1] {jit-backend-counts
entry 0:469
TargetToken(4302758000):469
TargetToken(4302758080):3876
entry 1:90
TargetToken(4302758400):90
TargetToken(4302758480):8929
bridge 4302693952:77
TargetToken(4302758800):4613
[1c6f74c6f212] jit-backend-counts}
