[1d157f10191c] {jit-backend-counts
[1d157f1188d1] jit-backend-counts}
[1d157fa3cdc5] {jit-log-opt-loop
# Loop 0 (156 IS_NONEMPTY_LIST) : loop with 81 ops
[i0, p1, p2, p3, p4, p5]
+129: p6 = getfield_gc(p4, descr=<FieldP interpreter.register.X_Register.inst_regs 16>)
+140: p8 = getarrayitem_gc(p6, 0, descr=<ArrayP 8>)
+144: p10 = getarrayitem_gc(p6, 1, descr=<ArrayP 8>)
+148: p12 = getarrayitem_gc(p6, 2, descr=<ArrayP 8>)
+152: p14 = getarrayitem_gc(p6, 3, descr=<ArrayP 8>)
+156: p16 = getarrayitem_gc(p6, 4, descr=<ArrayP 8>)
+160: p18 = getarrayitem_gc(p6, 5, descr=<ArrayP 8>)
+164: p20 = getarrayitem_gc(p6, 6, descr=<ArrayP 8>)
+168: p22 = getarrayitem_gc(p6, 7, descr=<ArrayP 8>)
+172: p24 = getarrayitem_gc(p6, 8, descr=<ArrayP 8>)
+176: p26 = getarrayitem_gc(p6, 9, descr=<ArrayP 8>)
+180: p28 = getarrayitem_gc(p6, 10, descr=<ArrayP 8>)
+184: p30 = getarrayitem_gc(p6, 11, descr=<ArrayP 8>)
+195: p32 = getarrayitem_gc(p6, 12, descr=<ArrayP 8>)
+206: p34 = getarrayitem_gc(p6, 13, descr=<ArrayP 8>)
+217: p36 = getarrayitem_gc(p6, 14, descr=<ArrayP 8>)
+231: p38 = getarrayitem_gc(p6, 15, descr=<ArrayP 8>)
+245: label(i0, p1, p2, p3, p4, p5, p8, p10, p12, p14, p16, p18, p20, p22, p24, p26, p28, p30, p32, p34, p36, p38, descr=TargetToken(4315947120))
debug_merge_point(0, 0, '156 IS_NONEMPTY_LIST')
+321: p39 = getfield_gc(p3, descr=<FieldP interpreter.interp.BeamRunTime.inst_x_reg 32>)
+333: i40 = ptr_eq(p39, p4)
guard_true(i40, descr=<Guard0x1013f4250>) [p3, p39, p8, p10, p12, p14, p16, p18, p20, p22, p24, p26, p28, p30, p32, p34, p36, p38, p4]
+342: guard_nonnull_class(p8, 4297433424, descr=<Guard0x1013f4640>) [p3, p8, p10, p12, p14, p16, p18, p20, p22, p24, p26, p28, p30, p32, p34, p36, p38, p4]
+360: i42 = getfield_gc(p3, descr=<FieldS interpreter.interp.BeamRunTime.inst_current_line 16>)
+365: p43 = getfield_gc(p3, descr=<FieldP interpreter.interp.BeamRunTime.inst_atoms 8>)
+370: p44 = getfield_gc(p3, descr=<FieldP interpreter.interp.BeamRunTime.inst_func_list 24>)
+375: p45 = getfield_gc(p3, descr=<FieldP interpreter.interp.BeamRunTime.inst_y_reg 40>)
debug_merge_point(0, 0, '160 GET_LIST')
+380: p46 = getfield_gc_pure(p8, descr=<FieldP pyrlang.interpreter.datatypes.list.W_ListObject.inst_left 8>)
+384: p47 = getfield_gc_pure(p8, descr=<FieldP pyrlang.interpreter.datatypes.list.W_ListObject.inst_right 16>)
debug_merge_point(0, 0, '164 IS_NONEMPTY_LIST')
+388: guard_nonnull_class(p47, 4297433424, descr=<Guard0x1013f45d0>) [p3, p47, p8, p10, p12, p46, p18, p20, p22, p24, p26, p28, p30, p32, p34, p36, p38, p4]
debug_merge_point(0, 0, '167 GET_LIST')
+407: p49 = getfield_gc_pure(p47, descr=<FieldP pyrlang.interpreter.datatypes.list.W_ListObject.inst_left 8>)
+411: p50 = getfield_gc_pure(p47, descr=<FieldP pyrlang.interpreter.datatypes.list.W_ListObject.inst_right 16>)
debug_merge_point(0, 0, '171 IS_LT')
+415: guard_class(p49, 4297433248, descr=<Guard0x1013f4560>) [p3, p49, p46, p8, p10, p12, p47, p50, p22, p24, p26, p28, p30, p32, p34, p36, p38, p4]
+427: i52 = getfield_gc(p49, descr=<FieldS pyrlang.interpreter.datatypes.number.W_IntObject.inst_intval 8>)
+431: i53 = getfield_gc(p46, descr=<FieldS pyrlang.interpreter.datatypes.number.W_IntObject.inst_intval 8>)
+442: i54 = int_lt(i52, i53)
guard_true(i54, descr=<Guard0x1013f44f0>) [p3, p8, p10, p12, p46, p47, p49, p50, p22, p24, p26, p28, p30, p32, p34, p36, p38, p4]
debug_merge_point(0, 0, '175 TEST_HEAP')
debug_merge_point(0, 0, '178 PUT_LIST')
+451: guard_class(p46, 4297433248, descr=<Guard0x1013f4480>) [p3, p50, p46, p8, p10, p12, p47, p49, p22, p24, p26, p28, p30, p32, p34, p36, p38, p4]
debug_merge_point(0, 0, '182 PUT_LIST')
debug_merge_point(0, 0, '186 MOVE')
debug_merge_point(0, 0, '189 CALL_ONLY')
+464: p57 = getfield_gc(ConstPtr(ptr56), descr=<FieldP list.items 16>)
+477: i59 = getarrayitem_gc(p57, 13, descr=<ArrayS 8>)
+481: guard_value(i59, 156, descr=<Guard0x1013f4410>) [i42, i59, p45, p4, p3, p44, p43, p46, p47, p49, p50, p22, p24, p26, p28, p30, p32, p34, p36, p38, p10]
debug_merge_point(0, 0, '156 IS_NONEMPTY_LIST')
+494: p61 = same_as(p49)
+494: p62 = same_as(p44)
+497: p63 = same_as(p45)
+507: i64 = same_as(i42)
+517: p65 = same_as(p50)
+517: p66 = same_as(p43)
+527: label(i42, p43, p44, p3, p4, p45, p46, p50, p49, p10, p47, p22, p24, p26, p28, p30, p32, p34, p36, p38, i53, p57, i64, p66, p62, p63, descr=TargetToken(4315947200))
debug_merge_point(0, 0, '156 IS_NONEMPTY_LIST')
debug_merge_point(0, 0, '160 GET_LIST')
debug_merge_point(0, 0, '164 IS_NONEMPTY_LIST')
+610: guard_nonnull_class(p50, 4297433424, descr=<Guard0x1013f43a0>) [p3, p50, p46, p49, p22, p24, p26, p28, p30, p32, p34, p36, p38, p4, p10]
debug_merge_point(0, 0, '167 GET_LIST')
+636: p67 = getfield_gc_pure(p50, descr=<FieldP pyrlang.interpreter.datatypes.list.W_ListObject.inst_left 8>)
+640: p68 = getfield_gc_pure(p50, descr=<FieldP pyrlang.interpreter.datatypes.list.W_ListObject.inst_right 16>)
debug_merge_point(0, 0, '171 IS_LT')
+644: guard_class(p67, 4297433248, descr=<Guard0x1013f4330>) [p3, p67, p46, p50, p68, p22, p24, p26, p28, p30, p32, p34, p36, p38, p4, p49, p10]
+656: i69 = getfield_gc(p67, descr=<FieldS pyrlang.interpreter.datatypes.number.W_IntObject.inst_intval 8>)
+660: i70 = int_lt(i69, i53)
guard_true(i70, descr=<Guard0x1013f42c0>) [p3, p46, p50, p67, p68, p22, p24, p26, p28, p30, p32, p34, p36, p38, p4, p49, p10]
debug_merge_point(0, 0, '175 TEST_HEAP')
debug_merge_point(0, 0, '178 PUT_LIST')
debug_merge_point(0, 0, '182 PUT_LIST')
debug_merge_point(0, 0, '186 MOVE')
debug_merge_point(0, 0, '189 CALL_ONLY')
debug_merge_point(0, 0, '156 IS_NONEMPTY_LIST')
p72 = new_with_vtable(4297433424)
+766: i73 = arraylen_gc(p57, descr=<ArrayS 8>)
+766: setfield_gc(p72, p49, descr=<FieldP pyrlang.interpreter.datatypes.list.W_ListObject.inst_left 8>)
+777: setfield_gc(p72, p10, descr=<FieldP pyrlang.interpreter.datatypes.list.W_ListObject.inst_right 16>)
+781: jump(i64, p66, p62, p3, p4, p63, p46, p68, p67, p72, p50, p22, p24, p26, p28, p30, p32, p34, p36, p38, i53, p57, i64, p66, p62, p63, descr=TargetToken(4315947200))
+866: --end of the loop--
[1d157faba358] jit-log-opt-loop}
[1d158028110a] {jit-log-opt-loop
# Loop 1 (79 IS_NONEMPTY_LIST) : loop with 58 ops
[i0, p1, p2, p3, p4, p5]
+129: p6 = getfield_gc(p4, descr=<FieldP interpreter.register.X_Register.inst_regs 16>)
+140: p8 = getarrayitem_gc(p6, 0, descr=<ArrayP 8>)
+144: p10 = getarrayitem_gc(p6, 1, descr=<ArrayP 8>)
+148: p12 = getarrayitem_gc(p6, 2, descr=<ArrayP 8>)
+152: p14 = getarrayitem_gc(p6, 3, descr=<ArrayP 8>)
+156: p16 = getarrayitem_gc(p6, 4, descr=<ArrayP 8>)
+160: p18 = getarrayitem_gc(p6, 5, descr=<ArrayP 8>)
+164: p20 = getarrayitem_gc(p6, 6, descr=<ArrayP 8>)
+168: p22 = getarrayitem_gc(p6, 7, descr=<ArrayP 8>)
+172: p24 = getarrayitem_gc(p6, 8, descr=<ArrayP 8>)
+176: p26 = getarrayitem_gc(p6, 9, descr=<ArrayP 8>)
+180: p28 = getarrayitem_gc(p6, 10, descr=<ArrayP 8>)
+184: p30 = getarrayitem_gc(p6, 11, descr=<ArrayP 8>)
+195: p32 = getarrayitem_gc(p6, 12, descr=<ArrayP 8>)
+206: p34 = getarrayitem_gc(p6, 13, descr=<ArrayP 8>)
+217: p36 = getarrayitem_gc(p6, 14, descr=<ArrayP 8>)
+231: p38 = getarrayitem_gc(p6, 15, descr=<ArrayP 8>)
+245: label(i0, p1, p2, p3, p4, p5, p8, p10, p12, p14, p16, p18, p20, p22, p24, p26, p28, p30, p32, p34, p36, p38, descr=TargetToken(4315947520))
debug_merge_point(0, 0, '79 IS_NONEMPTY_LIST')
+321: p39 = getfield_gc(p3, descr=<FieldP interpreter.interp.BeamRunTime.inst_x_reg 32>)
+332: i40 = ptr_eq(p39, p4)
guard_true(i40, descr=<Guard0x1013f4950>) [p3, p39, p8, p10, p12, p14, p16, p18, p20, p22, p24, p26, p28, p30, p32, p34, p36, p38, p4]
+341: guard_nonnull_class(p8, 4297433424, descr=<Guard0x1013f4e90>) [p3, p8, p10, p12, p14, p16, p18, p20, p22, p24, p26, p28, p30, p32, p34, p36, p38, p4]
+359: i42 = getfield_gc(p3, descr=<FieldS interpreter.interp.BeamRunTime.inst_current_line 16>)
+363: p43 = getfield_gc(p3, descr=<FieldP interpreter.interp.BeamRunTime.inst_atoms 8>)
+367: p44 = getfield_gc(p3, descr=<FieldP interpreter.interp.BeamRunTime.inst_func_list 24>)
+371: p45 = getfield_gc(p3, descr=<FieldP interpreter.interp.BeamRunTime.inst_y_reg 40>)
debug_merge_point(0, 0, '82 TEST_HEAP')
debug_merge_point(0, 0, '85 GET_LIST')
+375: p46 = getfield_gc_pure(p8, descr=<FieldP pyrlang.interpreter.datatypes.list.W_ListObject.inst_left 8>)
+379: p47 = getfield_gc_pure(p8, descr=<FieldP pyrlang.interpreter.datatypes.list.W_ListObject.inst_right 16>)
debug_merge_point(0, 0, '89 PUT_LIST')
+383: guard_nonnull_class(p46, 4297433248, descr=<Guard0x1013f4e20>) [p3, p10, p46, p47, p14, p16, p18, p20, p22, p24, p26, p28, p30, p32, p34, p36, p38, p4]
debug_merge_point(0, 0, '93 CALL_ONLY')
+403: p50 = getfield_gc(ConstPtr(ptr49), descr=<FieldP list.items 16>)
+416: i52 = getarrayitem_gc(p50, 6, descr=<ArrayS 8>)
+420: guard_value(i52, 79, descr=<Guard0x1013f4db0>) [i42, i52, p45, p4, p3, p44, p43, p47, p46, p14, p16, p18, p20, p22, p24, p26, p28, p30, p32, p34, p36, p38, p10]
debug_merge_point(0, 0, '79 IS_NONEMPTY_LIST')
+430: p54 = same_as(p43)
+433: i55 = same_as(i42)
+436: p56 = same_as(p45)
+439: p57 = same_as(p44)
+449: label(i42, p43, p44, p3, p4, p45, p47, p46, p10, p14, p16, p18, p20, p22, p24, p26, p28, p30, p32, p34, p36, p38, p50, i55, p54, p57, p56, descr=TargetToken(4315947600))
debug_merge_point(0, 0, '79 IS_NONEMPTY_LIST')
+525: guard_nonnull_class(p47, 4297433424, descr=<Guard0x1013f4d40>) [p3, p47, p46, p14, p16, p18, p20, p22, p24, p26, p28, p30, p32, p34, p36, p38, p4, p10]
debug_merge_point(0, 0, '82 TEST_HEAP')
debug_merge_point(0, 0, '85 GET_LIST')
+544: p58 = getfield_gc_pure(p47, descr=<FieldP pyrlang.interpreter.datatypes.list.W_ListObject.inst_left 8>)
+548: p59 = getfield_gc_pure(p47, descr=<FieldP pyrlang.interpreter.datatypes.list.W_ListObject.inst_right 16>)
debug_merge_point(0, 0, '89 PUT_LIST')
+552: guard_nonnull_class(p58, 4297433248, descr=<Guard0x1013f4cd0>) [p3, p58, p59, p14, p16, p18, p20, p22, p24, p26, p28, p30, p32, p34, p36, p38, p4, p46, p10]
debug_merge_point(0, 0, '93 CALL_ONLY')
debug_merge_point(0, 0, '79 IS_NONEMPTY_LIST')
p61 = new_with_vtable(4297433424)
+663: i62 = arraylen_gc(p50, descr=<ArrayS 8>)
+663: setfield_gc(p61, p46, descr=<FieldP pyrlang.interpreter.datatypes.list.W_ListObject.inst_left 8>)
+667: setfield_gc(p61, p10, descr=<FieldP pyrlang.interpreter.datatypes.list.W_ListObject.inst_right 16>)
+671: jump(i55, p54, p57, p3, p4, p56, p59, p58, p61, p14, p16, p18, p20, p22, p24, p26, p28, p30, p32, p34, p36, p38, p50, i55, p54, p57, p56, descr=TargetToken(4315947600))
+749: --end of the loop--
[1d15802d697b] jit-log-opt-loop}
[1d1583fbaf6b] {jit-log-opt-bridge
# bridge out of Guard 0x1013f44f0 with 49 ops
[p0, p1, p2, p3, p4, p5, p6, p7, p8, p9, p10, p11, p12, p13, p14, p15, p16, p17]
+59: p19 = getfield_gc(ConstPtr(ptr18), descr=<FieldP list.items 16>)
+72: i21 = getarrayitem_gc(p19, 14, descr=<ArrayS 8>)
+79: i22 = getfield_gc(p0, descr=<FieldS interpreter.interp.BeamRunTime.inst_current_line 16>)
+84: p23 = getfield_gc(p0, descr=<FieldP interpreter.interp.BeamRunTime.inst_atoms 8>)
+89: p24 = getfield_gc(p0, descr=<FieldP interpreter.interp.BeamRunTime.inst_func_list 24>)
+94: p25 = getfield_gc(p0, descr=<FieldP interpreter.interp.BeamRunTime.inst_x_reg 32>)
+99: p26 = getfield_gc(p0, descr=<FieldP interpreter.interp.BeamRunTime.inst_y_reg 40>)
+111: guard_value(i21, 194, descr=<Guard0x1031949c0>) [i22, i21, p26, p25, p0, p24, p23, p1, p2, p3, p4, p5, p6, p7, p8, p9, p10, p11, p12, p13, p14, p15, p16, p17]
debug_merge_point(0, 0, '194 TEST_HEAP')
debug_merge_point(0, 0, '197 PUT_LIST')
+124: i28 = ptr_eq(p25, p17)
guard_true(i28, descr=<Guard0x103194950>) [p0, p25, p1, p2, p3, p4, p5, p6, p7, p8, p9, p10, p11, p12, p13, p14, p15, p16, p17]
+133: guard_nonnull_class(p4, 4297433248, descr=<Guard0x103194800>) [p0, p2, p4, p1, p3, p5, p6, p7, p8, p9, p10, p11, p12, p13, p14, p15, p16, p17]
debug_merge_point(0, 0, '201 MOVE')
debug_merge_point(0, 0, '204 CALL_ONLY')
+152: i31 = getarrayitem_gc(p19, 13, descr=<ArrayS 8>)
+156: guard_value(i31, 156, descr=<Guard0x1031948e0>) [i22, i31, p26, p17, p0, p24, p23, p5, p3, p4, p6, p7, p8, p9, p10, p11, p12, p13, p14, p15, p16, p2]
debug_merge_point(0, 0, '156 IS_NONEMPTY_LIST')
+169: p33 = same_as(p23)
+172: p34 = same_as(p24)
+175: p35 = same_as(p26)
+178: i36 = same_as(i22)
+188: label(i22, p23, p24, p0, p17, p26, p5, p4, p2, p3, p6, p7, p8, p9, p10, p11, p12, p13, p14, p15, p16, p19, i36, p33, p34, p35, descr=TargetToken(4346986528))
+271: guard_nonnull_class(p5, 4297433424, descr=<Guard0x103194bf0>) [p0, p5, p3, p4, p6, p7, p8, p9, p10, p11, p12, p13, p14, p15, p16, p17, p2]
debug_merge_point(0, 0, '160 GET_LIST')
+290: p38 = getfield_gc_pure(p5, descr=<FieldP pyrlang.interpreter.datatypes.list.W_ListObject.inst_left 8>)
+294: p39 = getfield_gc_pure(p5, descr=<FieldP pyrlang.interpreter.datatypes.list.W_ListObject.inst_right 16>)
debug_merge_point(0, 0, '164 IS_NONEMPTY_LIST')
+298: guard_nonnull_class(p39, 4297433424, descr=<Guard0x103194b80>) [p0, p39, p5, p3, p38, p6, p7, p8, p9, p10, p11, p12, p13, p14, p15, p16, p17, p4, p2]
debug_merge_point(0, 0, '167 GET_LIST')
+316: p41 = getfield_gc_pure(p39, descr=<FieldP pyrlang.interpreter.datatypes.list.W_ListObject.inst_left 8>)
+320: p42 = getfield_gc_pure(p39, descr=<FieldP pyrlang.interpreter.datatypes.list.W_ListObject.inst_right 16>)
debug_merge_point(0, 0, '171 IS_LT')
+324: guard_class(p41, 4297433248, descr=<Guard0x103194b10>) [p0, p41, p38, p5, p3, p39, p42, p8, p9, p10, p11, p12, p13, p14, p15, p16, p17, p4, p2]
+336: i44 = getfield_gc(p41, descr=<FieldS pyrlang.interpreter.datatypes.number.W_IntObject.inst_intval 8>)
+340: i45 = getfield_gc(p38, descr=<FieldS pyrlang.interpreter.datatypes.number.W_IntObject.inst_intval 8>)
+344: i46 = int_lt(i44, i45)
guard_false(i46, descr=<Guard0x103194aa0>) [p0, p5, p3, p38, p39, p41, p42, p8, p9, p10, p11, p12, p13, p14, p15, p16, p17, p4, p2]
debug_merge_point(0, 0, '194 TEST_HEAP')
debug_merge_point(0, 0, '197 PUT_LIST')
+353: guard_class(p38, 4297433248, descr=<Guard0x103194a30>) [p0, p38, p5, p3, p39, p41, p42, p8, p9, p10, p11, p12, p13, p14, p15, p16, p17, p4, p2]
debug_merge_point(0, 0, '201 MOVE')
debug_merge_point(0, 0, '204 CALL_ONLY')
debug_merge_point(0, 0, '156 IS_NONEMPTY_LIST')
p49 = new_with_vtable(4297433424)
+452: i50 = arraylen_gc(p19, descr=<ArrayS 8>)
+452: setfield_gc(p49, p4, descr=<FieldP pyrlang.interpreter.datatypes.list.W_ListObject.inst_left 8>)
+456: setfield_gc(p49, p2, descr=<FieldP pyrlang.interpreter.datatypes.list.W_ListObject.inst_right 16>)
+460: jump(i36, p33, p34, p0, p17, p35, p39, p38, p49, p3, p41, p42, p8, p9, p10, p11, p12, p13, p14, p15, p16, p19, i36, p33, p34, p35, descr=TargetToken(4346986528))
+537: --end of the loop--
[1d15840279f1] jit-log-opt-bridge}
[1d15a3a4dfca] {jit-log-opt-bridge
# bridge out of Guard 0x1013f4640 with 53 ops
[p0, p1, p2, p3, p4, p5, p6, p7, p8, p9, p10, p11, p12, p13, p14, p15, p16, p17]
+59: guard_nonnull_class(p1, ConstClass(W_NilObject), descr=<Guard0x1031943a0>) [p0, p1, p2, p3, p4, p5, p6, p7, p8, p9, p10, p11, p12, p13, p14, p15, p16, p17]
+77: p20 = getfield_gc(ConstPtr(ptr19), descr=<FieldP list.items 16>)
+90: i22 = getarrayitem_gc(p20, 15, descr=<ArrayS 8>)
+97: i23 = getfield_gc(p0, descr=<FieldS interpreter.interp.BeamRunTime.inst_current_line 16>)
+102: p24 = getfield_gc(p0, descr=<FieldP interpreter.interp.BeamRunTime.inst_atoms 8>)
+107: p25 = getfield_gc(p0, descr=<FieldP interpreter.interp.BeamRunTime.inst_func_list 24>)
+112: p26 = getfield_gc(p0, descr=<FieldP interpreter.interp.BeamRunTime.inst_x_reg 32>)
+117: p27 = getfield_gc(p0, descr=<FieldP interpreter.interp.BeamRunTime.inst_y_reg 40>)
+122: guard_value(i22, 210, descr=<Guard0x103194790>) [i23, i22, p27, p26, p0, p25, p24, p1, p2, p3, p4, p5, p6, p7, p8, p9, p10, p11, p12, p13, p14, p15, p16, p17]
debug_merge_point(0, 0, '210 IS_NIL')
+135: i29 = ptr_eq(p26, p17)
guard_true(i29, descr=<Guard0x103194720>) [p0, p26, p1, p2, p3, p4, p5, p6, p7, p8, p9, p10, p11, p12, p13, p14, p15, p16, p17]
debug_merge_point(0, 0, '213 IS_ATOM')
+144: guard_nonnull_class(p3, ConstClass(W_AtomObject), descr=<Guard0x1031946b0>) [p0, p3, p1, p2, p4, p5, p6, p7, p8, p9, p10, p11, p12, p13, p14, p15, p16, p17]
debug_merge_point(0, 0, '216 SELECT_VAL')
+170: i31 = getfield_gc(p3, descr=<FieldS pyrlang.interpreter.datatypes.atom.W_AtomObject.inst_indexval 8>)
+174: i33 = int_eq(8, i31)
guard_false(i33, descr=<Guard0x103194640>) [p0, p3, p1, p2, p4, p5, p6, p7, p8, p9, p10, p11, p12, p13, p14, p15, p16, p17]
+184: i35 = int_eq(9, i31)
guard_true(i35, descr=<Guard0x1031945d0>) [p0, p3, p1, p2, p4, p5, p6, p7, p8, p9, p10, p11, p12, p13, p14, p15, p16, p17]
+194: i37 = getarrayitem_gc(p20, 17, descr=<ArrayS 8>)
+201: guard_value(i37, 239, descr=<Guard0x103194560>) [i23, i37, p27, p17, p0, p25, p24, p1, p2, p3, p4, p5, p6, p7, p8, p9, p10, p11, p12, p13, p14, p15, p16]
debug_merge_point(0, 0, '239 ALLOCATE')
debug_merge_point(0, 0, '242 MOVE')
debug_merge_point(0, 0, '245 LINE')
debug_merge_point(0, 0, '247 CALL')
+214: p39 = getfield_gc(p27, descr=<FieldP interpreter.register.Y_Register.inst_regs 8>)
+218: i40 = getfield_gc(p39, descr=<FieldS list.length 8>)
+222: i42 = int_add(i40, 1)
+226: p43 = getfield_gc(p39, descr=<FieldP list.items 16>)
+230: i44 = arraylen_gc(p43, descr=<ArrayP 8>)
+234: i45 = int_lt(i44, i42)
+245: cond_call(i45, ConstClass(_ll_list_resize_hint_really_look_inside_iff__listPtr_Signed_Bool), p39, i42, 1, descr=<Callv 0 rii EF=4>)
+320: setfield_gc(p0, 9, descr=<FieldS interpreter.interp.BeamRunTime.inst_current_line 16>)
+329: guard_no_exception(descr=<Guard0x1031944f0>) [p0, i40, p39, i42, p2, p3, p4, p5, p6, p7, p8, p9, p10, p11, p12, p13, p14, p15, p16, p17]
+349: p49 = getfield_gc(p39, descr=<FieldP list.items 16>)
p51 = new_with_vtable(4297433976)
+446: setfield_gc(p51, 250, descr=<FieldS pyrlang.interpreter.datatypes.inner.W_AddrObject.inst_addrval 8>)
+500: setarrayitem_gc(p49, i40, p51, descr=<ArrayP 8>)
+505: i54 = getarrayitem_gc(p20, 4, descr=<ArrayS 8>)
+509: setfield_gc(p39, i42, descr=<FieldS list.length 8>)
+513: guard_value(i54, 63, descr=<Guard0x103194480>) [i54, p27, p26, p0, p25, p24, p2, p3, p4, p5, p6, p7, p8, p9, p10, p11, p12, p13, p14, p15, p16, p17]
debug_merge_point(0, 0, '63 MOVE')
debug_merge_point(0, 0, '66 CALL_ONLY')
+523: i57 = getarrayitem_gc(p20, 6, descr=<ArrayS 8>)
+527: guard_value(i57, 79, descr=<Guard0x103194410>) [i57, p27, p17, p0, p25, p24, p2, p3, p4, p5, p6, p7, p8, p9, p10, p11, p12, p13, p14, p15, p16]
debug_merge_point(0, 0, '79 IS_NONEMPTY_LIST')
+537: p59 = same_as(p27)
+537: p60 = same_as(p25)
+537: p61 = same_as(p24)
+537: label(p24, p25, p0, p17, p27, p2, p3, p4, p5, p6, p7, p8, p9, p10, p11, p12, p13, p14, p15, p16, descr=TargetToken(4346986608))
p63 = new_with_vtable(ConstClass(W_NilObject))
+664: jump(9, p24, p25, p0, p17, p27, p2, p63, p3, p4, p5, p6, p7, p8, p9, p10, p11, p12, p13, p14, p15, p16, descr=TargetToken(4315947520))
+843: --end of the loop--
[1d15a3aabcc8] jit-log-opt-bridge}
[1d15a423ed55] {jit-log-opt-bridge
# bridge out of Guard 0x1013f4d40 with 49 ops
[p0, p1, p2, p3, p4, p5, p6, p7, p8, p9, p10, p11, p12, p13, p14, p15, p16, p17]
+59: guard_nonnull_class(p1, ConstClass(W_NilObject), descr=<Guard0x103195590>) [p0, p1, p2, p3, p4, p5, p6, p7, p8, p9, p10, p11, p12, p13, p14, p15, p16, p17]
+78: p20 = getfield_gc(ConstPtr(ptr19), descr=<FieldP list.items 16>)
+91: i22 = getarrayitem_gc(p20, 7, descr=<ArrayS 8>)
+95: i23 = getfield_gc(p0, descr=<FieldS interpreter.interp.BeamRunTime.inst_current_line 16>)
+106: p24 = getfield_gc(p0, descr=<FieldP interpreter.interp.BeamRunTime.inst_atoms 8>)
+110: p25 = getfield_gc(p0, descr=<FieldP interpreter.interp.BeamRunTime.inst_func_list 24>)
+114: p26 = getfield_gc(p0, descr=<FieldP interpreter.interp.BeamRunTime.inst_x_reg 32>)
+118: p27 = getfield_gc(p0, descr=<FieldP interpreter.interp.BeamRunTime.inst_y_reg 40>)
+122: guard_value(i22, 98, descr=<Guard0x103195520>) [i23, i22, p27, p26, p0, p25, p24, p1, p2, p3, p4, p5, p6, p7, p8, p9, p10, p11, p12, p13, p14, p15, p16, p17]
debug_merge_point(0, 0, '98 IS_NIL')
+132: i29 = ptr_eq(p26, p16)
guard_true(i29, descr=<Guard0x1031954b0>) [p0, p26, p1, p2, p3, p4, p5, p6, p7, p8, p9, p10, p11, p12, p13, p14, p15, p16, p17]
debug_merge_point(0, 0, '101 MOVE')
debug_merge_point(0, 0, '104 RETURN')
+145: p30 = getfield_gc(p27, descr=<FieldP interpreter.register.Y_Register.inst_regs 8>)
+149: i31 = getfield_gc(p30, descr=<FieldS list.length 8>)
+153: i32 = int_is_zero(i31)
guard_false(i32, descr=<Guard0x103195440>) [p0, p2, p3, p4, p5, p6, p7, p8, p9, p10, p11, p12, p13, p14, p15, p16, p17]
+163: i34 = int_sub(i31, 1)
+167: p35 = getfield_gc(p30, descr=<FieldP list.items 16>)
+171: p36 = getarrayitem_gc(p35, i34, descr=<ArrayP 8>)
+176: setarrayitem_gc(p35, i34, ConstPtr(null), descr=<ArrayP 8>)
+185: i38 = arraylen_gc(p35, descr=<ArrayP 8>)
+189: i40 = int_rshift(i38, 1)
+192: i42 = int_sub(i40, 5)
+196: i43 = int_lt(i34, i42)
+207: cond_call(i43, ConstClass(_ll_list_resize_hint_really_look_inside_iff__listPtr_Signed_Bool), p30, i34, 0, descr=<Callv 0 rii EF=4>)
+286: guard_no_exception(descr=<Guard0x1031953d0>) [p0, p36, i34, p30, p2, p3, p4, p5, p6, p7, p8, p9, p10, p11, p12, p13, p14, p15, p16, p17]
+306: i46 = getfield_gc(p36, descr=<FieldS pyrlang.interpreter.datatypes.inner.W_AddrObject.inst_addrval 8>)
+310: setfield_gc(p30, i34, descr=<FieldS list.length 8>)
+314: guard_value(i46, 250, descr=<Guard0x103195360>) [i23, i46, p27, p26, p0, p25, p24, p2, p3, p4, p5, p6, p7, p8, p9, p10, p11, p12, p13, p14, p15, p16, p17]
debug_merge_point(0, 0, '250 MOVE')
debug_merge_point(0, 0, '253 MOVE')
debug_merge_point(0, 0, '256 CALL_LAST')
+327: i49 = getarrayitem_gc(p20, 13, descr=<ArrayS 8>)
+331: guard_value(i49, 156, descr=<Guard0x1031952f0>) [i23, i49, p27, p16, p0, p25, p24, p3, p4, p5, p6, p7, p8, p9, p10, p11, p12, p13, p14, p15, p2, p17]
debug_merge_point(0, 0, '156 IS_NONEMPTY_LIST')
+344: p51 = same_as(p27)
+344: i52 = same_as(i23)
+344: p53 = same_as(p25)
+344: p54 = same_as(p24)
+344: label(i23, p24, p25, p0, p16, p27, p2, p17, p3, p4, p5, p6, p7, p8, p9, p10, p11, p12, p13, p14, p15, descr=TargetToken(4346986688))
p56 = new_with_vtable(4297433424)
p58 = new_with_vtable(ConstClass(W_NilObject))
p60 = new_with_vtable(ConstClass(W_AtomObject))
+486: setfield_gc(p56, p2, descr=<FieldP pyrlang.interpreter.datatypes.list.W_ListObject.inst_left 8>)
+490: setfield_gc(p56, p17, descr=<FieldP pyrlang.interpreter.datatypes.list.W_ListObject.inst_right 16>)
+494: setfield_gc(p60, 8, descr=<FieldS pyrlang.interpreter.datatypes.atom.W_AtomObject.inst_indexval 8>)
+502: jump(i23, p24, p25, p0, p16, p27, p56, p58, p60, p3, p4, p5, p6, p7, p8, p9, p10, p11, p12, p13, p14, p15, descr=TargetToken(4315947120))
+687: --end of the loop--
[1d15a4297c43] jit-log-opt-bridge}
[1d15a49b2b06] {jit-log-opt-bridge
# bridge out of Guard 0x1013f42c0 with 49 ops
[p0, p1, p2, p3, p4, p5, p6, p7, p8, p9, p10, p11, p12, p13, p14, p15, p16]
+59: p18 = getfield_gc(ConstPtr(ptr17), descr=<FieldP list.items 16>)
+72: i20 = getarrayitem_gc(p18, 14, descr=<ArrayS 8>)
+79: i21 = getfield_gc(p0, descr=<FieldS interpreter.interp.BeamRunTime.inst_current_line 16>)
+90: p22 = getfield_gc(p0, descr=<FieldP interpreter.interp.BeamRunTime.inst_atoms 8>)
+94: p23 = getfield_gc(p0, descr=<FieldP interpreter.interp.BeamRunTime.inst_func_list 24>)
+98: p24 = getfield_gc(p0, descr=<FieldP interpreter.interp.BeamRunTime.inst_x_reg 32>)
+102: p25 = getfield_gc(p0, descr=<FieldP interpreter.interp.BeamRunTime.inst_y_reg 40>)
+106: guard_value(i20, 194, descr=<Guard0x1013f4090>) [i21, i20, p25, p24, p0, p23, p22, p1, p2, p3, p4, p5, p6, p7, p8, p9, p10, p11, p12, p13, p14, p16, p15]
debug_merge_point(0, 0, '194 TEST_HEAP')
debug_merge_point(0, 0, '197 PUT_LIST')
+119: i27 = ptr_eq(p24, p14)
guard_true(i27, descr=<Guard0x1013f4020>) [p0, p24, p1, p2, p3, p4, p5, p6, p7, p8, p9, p10, p11, p12, p13, p14, p16, p15]
+132: guard_nonnull_class(p1, 4297433248, descr=<Guard0x103195f30>) [p0, p1, p2, p3, p4, p5, p6, p7, p8, p9, p10, p11, p12, p13, p14, p16, p15]
debug_merge_point(0, 0, '201 MOVE')
debug_merge_point(0, 0, '204 CALL_ONLY')
+157: i30 = getarrayitem_gc(p18, 13, descr=<ArrayS 8>)
+161: guard_value(i30, 156, descr=<Guard0x103195ec0>) [i21, i30, p25, p14, p0, p23, p22, p2, p1, p3, p4, p5, p6, p7, p8, p9, p10, p11, p12, p13, p16, p15]
debug_merge_point(0, 0, '156 IS_NONEMPTY_LIST')
+174: p32 = same_as(p25)
+177: p33 = same_as(p23)
+187: p34 = same_as(p22)
+190: i35 = same_as(i21)
+200: label(i21, p22, p23, p0, p14, p25, p2, p1, p15, p16, p3, p4, p5, p6, p7, p8, p9, p10, p11, p12, p13, p18, i35, p34, p33, p32, descr=TargetToken(4346987328))
+276: guard_nonnull_class(p2, 4297433424, descr=<Guard0x1013f48e0>) [p0, p2, p1, p3, p4, p5, p6, p7, p8, p9, p10, p11, p12, p13, p14, p16, p15]
debug_merge_point(0, 0, '160 GET_LIST')
+295: p37 = getfield_gc_pure(p2, descr=<FieldP pyrlang.interpreter.datatypes.list.W_ListObject.inst_left 8>)
+299: p38 = getfield_gc_pure(p2, descr=<FieldP pyrlang.interpreter.datatypes.list.W_ListObject.inst_right 16>)
debug_merge_point(0, 0, '164 IS_NONEMPTY_LIST')
+303: guard_nonnull_class(p38, 4297433424, descr=<Guard0x1013f4b10>) [p0, p38, p2, p37, p3, p4, p5, p6, p7, p8, p9, p10, p11, p12, p13, p14, p1, p16, p15]
debug_merge_point(0, 0, '167 GET_LIST')
+322: p40 = getfield_gc_pure(p38, descr=<FieldP pyrlang.interpreter.datatypes.list.W_ListObject.inst_left 8>)
+326: p41 = getfield_gc_pure(p38, descr=<FieldP pyrlang.interpreter.datatypes.list.W_ListObject.inst_right 16>)
debug_merge_point(0, 0, '171 IS_LT')
+330: guard_class(p40, 4297433248, descr=<Guard0x1013f4aa0>) [p0, p40, p37, p2, p38, p41, p5, p6, p7, p8, p9, p10, p11, p12, p13, p14, p1, p16, p15]
+342: i43 = getfield_gc(p40, descr=<FieldS pyrlang.interpreter.datatypes.number.W_IntObject.inst_intval 8>)
+346: i44 = getfield_gc(p37, descr=<FieldS pyrlang.interpreter.datatypes.number.W_IntObject.inst_intval 8>)
+350: i45 = int_lt(i43, i44)
guard_false(i45, descr=<Guard0x1013f4a30>) [p0, p2, p37, p38, p40, p41, p5, p6, p7, p8, p9, p10, p11, p12, p13, p14, p1, p16, p15]
debug_merge_point(0, 0, '194 TEST_HEAP')
debug_merge_point(0, 0, '197 PUT_LIST')
+359: guard_class(p37, 4297433248, descr=<Guard0x1013f49c0>) [p0, p37, p2, p38, p40, p41, p5, p6, p7, p8, p9, p10, p11, p12, p13, p14, p1, p16, p15]
debug_merge_point(0, 0, '201 MOVE')
debug_merge_point(0, 0, '204 CALL_ONLY')
debug_merge_point(0, 0, '156 IS_NONEMPTY_LIST')
p48 = new_with_vtable(4297433424)
+458: i49 = arraylen_gc(p18, descr=<ArrayS 8>)
+458: setfield_gc(p48, p15, descr=<FieldP pyrlang.interpreter.datatypes.list.W_ListObject.inst_left 8>)
+469: setfield_gc(p48, p16, descr=<FieldP pyrlang.interpreter.datatypes.list.W_ListObject.inst_right 16>)
+473: jump(i35, p34, p33, p0, p14, p32, p38, p37, p1, p48, p40, p41, p5, p6, p7, p8, p9, p10, p11, p12, p13, p18, i35, p34, p33, p32, descr=TargetToken(4346987328))
+568: --end of the loop--
[1d15a4a0895f] jit-log-opt-bridge}
[1d161272822a] {jit-log-opt-bridge
# bridge out of Guard 0x1013f4b10 with 31 ops
[p0, p1, p2, p3, p4, p5, p6, p7, p8, p9, p10, p11, p12, p13, p14, p15, p16, p17, p18]
+59: guard_nonnull_class(p1, ConstClass(W_NilObject), descr=<Guard0x103194100>) [p0, p1, p2, p3, p4, p5, p6, p7, p8, p9, p10, p11, p12, p13, p14, p15, p17, p18, p16]
+78: p21 = getfield_gc(ConstPtr(ptr20), descr=<FieldP list.items 16>)
+91: i23 = getarrayitem_gc(p21, 14, descr=<ArrayS 8>)
+98: i24 = getfield_gc(p0, descr=<FieldS interpreter.interp.BeamRunTime.inst_current_line 16>)
+109: p25 = getfield_gc(p0, descr=<FieldP interpreter.interp.BeamRunTime.inst_atoms 8>)
+113: p26 = getfield_gc(p0, descr=<FieldP interpreter.interp.BeamRunTime.inst_func_list 24>)
+117: p27 = getfield_gc(p0, descr=<FieldP interpreter.interp.BeamRunTime.inst_x_reg 32>)
+121: p28 = getfield_gc(p0, descr=<FieldP interpreter.interp.BeamRunTime.inst_y_reg 40>)
+125: guard_value(i23, 194, descr=<Guard0x103194020>) [i24, i23, p28, p27, p0, p26, p25, p2, p3, p1, p4, p5, p6, p7, p8, p9, p10, p11, p12, p13, p14, p15, p17, p18, p16]
debug_merge_point(0, 0, '194 TEST_HEAP')
debug_merge_point(0, 0, '197 PUT_LIST')
+138: i30 = ptr_eq(p27, p15)
guard_true(i30, descr=<Guard0x103718020>) [p0, p27, p2, p3, p1, p4, p5, p6, p7, p8, p9, p10, p11, p12, p13, p14, p15, p17, p18, p16]
+151: guard_nonnull_class(p3, 4297433248, descr=<Guard0x103718100>) [p0, p3, p2, p1, p4, p5, p6, p7, p8, p9, p10, p11, p12, p13, p14, p15, p17, p18, p16]
debug_merge_point(0, 0, '201 MOVE')
debug_merge_point(0, 0, '204 CALL_ONLY')
+170: i33 = getarrayitem_gc(p21, 13, descr=<ArrayS 8>)
+174: guard_value(i33, 156, descr=<Guard0x103718090>) [i24, i33, p28, p15, p0, p26, p25, p1, p3, p4, p5, p6, p7, p8, p9, p10, p11, p12, p13, p14, p17, p18, p16]
debug_merge_point(0, 0, '156 IS_NONEMPTY_LIST')
p36 = new_with_vtable(4297433424)
p38 = new_with_vtable(4297433424)
+284: setfield_gc(p36, p3, descr=<FieldP pyrlang.interpreter.datatypes.list.W_ListObject.inst_left 8>)
p40 = new_with_vtable(4297433424)
+299: setfield_gc(p38, p16, descr=<FieldP pyrlang.interpreter.datatypes.list.W_ListObject.inst_left 8>)
+310: setfield_gc(p40, p17, descr=<FieldP pyrlang.interpreter.datatypes.list.W_ListObject.inst_right 16>)
+314: setfield_gc(p38, p40, descr=<FieldP pyrlang.interpreter.datatypes.list.W_ListObject.inst_right 16>)
p42 = new_with_vtable(ConstClass(W_AtomObject))
+329: setfield_gc(p40, p18, descr=<FieldP pyrlang.interpreter.datatypes.list.W_ListObject.inst_left 8>)
+340: setfield_gc(p36, p38, descr=<FieldP pyrlang.interpreter.datatypes.list.W_ListObject.inst_right 16>)
+344: setfield_gc(p42, 9, descr=<FieldS pyrlang.interpreter.datatypes.atom.W_AtomObject.inst_indexval 8>)
+352: jump(i24, p25, p26, p0, p15, p28, p1, p36, p42, p3, p1, p4, p5, p6, p7, p8, p9, p10, p11, p12, p13, p14, descr=TargetToken(4315947120))
+434: --end of the loop--
[1d1612773d47] jit-log-opt-bridge}
[1d1d692a6a2c] {jit-backend-counts
entry 0:1486
TargetToken(4315947120):40410
TargetToken(4315947200):199988745
entry 1:217
TargetToken(4315947520):20000
TargetToken(4315947600):399998919
bridge 4315890928:194
TargetToken(4346986528):42373
bridge 4315891264:19784
TargetToken(4346986608):19783
bridge 4315893056:19787
TargetToken(4346986688):19786
bridge 4315890368:19785
TargetToken(4346987328):199947210
bridge 4315892496:19138
[1d1d692b28c6] jit-backend-counts}
