[6b0474db55ce] {jit-backend-counts
[6b0474dbe91d] jit-backend-counts}
[6b047d7afb5d] {jit-log-opt-loop
# Loop 0 (116 IS_NONEMPTY_LIST) : loop with 118 ops
[i0, i1, p2, p3, p4]
+129: p5 = getfield_gc(p3, descr=<FieldP pyrlang.interpreter.register.X_Register.inst_regs 16>)
+140: p7 = getarrayitem_gc(p5, 0, descr=<ArrayP 8>)
+144: p9 = getarrayitem_gc(p5, 1, descr=<ArrayP 8>)
+148: p11 = getarrayitem_gc(p5, 2, descr=<ArrayP 8>)
+152: p13 = getarrayitem_gc(p5, 3, descr=<ArrayP 8>)
+156: p15 = getarrayitem_gc(p5, 4, descr=<ArrayP 8>)
+160: p17 = getarrayitem_gc(p5, 5, descr=<ArrayP 8>)
+164: p19 = getarrayitem_gc(p5, 6, descr=<ArrayP 8>)
+168: p21 = getarrayitem_gc(p5, 7, descr=<ArrayP 8>)
+172: p23 = getarrayitem_gc(p5, 8, descr=<ArrayP 8>)
+176: p25 = getarrayitem_gc(p5, 9, descr=<ArrayP 8>)
+180: p27 = getarrayitem_gc(p5, 10, descr=<ArrayP 8>)
+184: p29 = getarrayitem_gc(p5, 11, descr=<ArrayP 8>)
+195: p31 = getarrayitem_gc(p5, 12, descr=<ArrayP 8>)
+206: p33 = getarrayitem_gc(p5, 13, descr=<ArrayP 8>)
+217: p35 = getarrayitem_gc(p5, 14, descr=<ArrayP 8>)
+231: p37 = getarrayitem_gc(p5, 15, descr=<ArrayP 8>)
+245: label(i0, i1, p2, p3, p4, p7, p9, p11, p13, p15, p17, p19, p21, p23, p25, p27, p29, p31, p33, p35, p37, descr=TargetToken(4318396688))
debug_merge_point(0, 0, '116 IS_NONEMPTY_LIST')
+328: p38 = getfield_gc(p2, descr=<FieldP pyrlang.interpreter.interp.Process.inst_x_reg 72>)
+339: i39 = ptr_eq(p38, p3)
guard_true(i39, descr=<Guard0x102233bb0>) [i1, i0, p3, p2, p38, p7, p9, p11, p13, p15, p17, p19, p21, p23, p25, p27, p29, p31, p33, p35, p37]
+348: guard_nonnull_class(p7, 4297737408, descr=<Guard0x10224e4f0>) [i1, i0, p3, p2, p7, p9, p11, p13, p15, p17, p19, p21, p23, p25, p27, p29, p31, p33, p35, p37]
+366: p41 = getfield_gc(p2, descr=<FieldP pyrlang.interpreter.interp.Process.inst_y_reg 80>)
debug_merge_point(0, 0, '119 ALLOCATE')
+370: p42 = getfield_gc(p41, descr=<FieldP pyrlang.interpreter.register.Y_Register.inst_regs 8>)
+374: i43 = getfield_gc(p42, descr=<FieldS list.length 8>)
+378: i45 = int_add(i43, 1)
+382: p46 = getfield_gc(p42, descr=<FieldP list.items 16>)
+386: i47 = arraylen_gc(p46, descr=<ArrayP 8>)
+390: i48 = int_lt(i47, i45)
+401: cond_call(i48, ConstClass(_ll_list_resize_hint_really_look_inside_iff__listPtr_Signed_Bool), p42, i45, 1, descr=<Callv 0 rii EF=4>)
+472: guard_no_exception(descr=<Guard0x10224e480>) [i1, i0, p3, p2, i43, p42, i45, p7, p9, p11, p13, p15, p17, p19, p21, p23, p25, p27, p29, p31, p33, p35, p37]
+492: p51 = getfield_gc(p42, descr=<FieldP list.items 16>)
+496: setarrayitem_gc(p51, i43, ConstPtr(null), descr=<ArrayP 8>)
debug_merge_point(0, 0, '122 GET_LIST')
+505: p53 = getfield_gc_pure(p7, descr=<FieldP pyrlang.interpreter.datatypes.list.W_ListObject.inst_left 8>)
+509: i55 = int_add(-1, i45)
+561: setarrayitem_gc(p51, i55, p53, descr=<ArrayP 8>)
+566: p56 = getfield_gc_pure(p7, descr=<FieldP pyrlang.interpreter.datatypes.list.W_ListObject.inst_right 16>)
debug_merge_point(0, 0, '126 LINE')
debug_merge_point(0, 0, '128 CALL')
+570: i58 = int_add(i45, 1)
+574: i59 = arraylen_gc(p51, descr=<ArrayP 8>)
+578: setfield_gc(p42, i45, descr=<FieldS list.length 8>)
+582: i60 = int_lt(i59, i58)
+593: cond_call(i60, ConstClass(_ll_list_resize_hint_really_look_inside_iff__listPtr_Signed_Bool), p42, i58, 1, descr=<Callv 0 rii EF=4>)
+664: setfield_gc(ConstPtr(ptr63), 7, descr=<FieldS pyrlang.rpybeam.beam_code.CodeParser.inst_current_line 48>)
+681: guard_no_exception(descr=<Guard0x10224e410>) [i1, i0, p3, p2, i45, p42, i58, p56, p9, p11, p13, p15, p17, p19, p21, p23, p25, p27, p29, p31, p33, p35, p37]
+701: p65 = getfield_gc(p42, descr=<FieldP list.items 16>)
p67 = new_with_vtable(ConstClass(W_TupleObject))
p68 = new(descr=<SizeDescr 24>)
+802: setfield_gc(p68, 2, descr=<FieldS list.length 8>)
p70 = new_array(2, descr=<ArrayP 8>)
p72 = new_with_vtable(4297736376)
+843: setfield_gc(p72, ConstPtr(ptr63), descr=<FieldP pyrlang.interpreter.datatypes.inner.W_CodeParserWrapperObject.inst_cp 8>)
+857: setarrayitem_gc(p70, 0, p72, descr=<ArrayP 8>)
p75 = new_with_vtable(4297736480)
+873: setfield_gc(p75, 131, descr=<FieldS pyrlang.interpreter.datatypes.inner.W_AddrObject.inst_addrval 8>)
+881: setarrayitem_gc(p70, 1, p75, descr=<ArrayP 8>)
+886: setfield_gc(p68, p70, descr=<FieldP list.items 16>)
+890: setfield_gc(p67, p68, descr=<FieldP pyrlang.interpreter.datatypes.tuple.W_TupleObject.inst_vals 8>)
+936: setarrayitem_gc(p65, i45, p67, descr=<ArrayP 8>)
+941: p79 = getfield_gc(ConstPtr(ptr78), descr=<FieldP list.items 16>)
+954: i81 = getarrayitem_gc(p79, 8, descr=<ArrayS 8>)
+958: i83 = int_sub(i0, 1)
+969: setfield_gc(p42, i58, descr=<FieldS list.length 8>)
+973: guard_false(i1, descr=<Guard0x10224e3a0>) [i83, i81, p3, p2, p56, p9, p11, p13, p15, p17, p19, p21, p23, p25, p27, p29, p31, p33, p35, p37]
+989: i85 = int_le(i83, 0)
guard_false(i85, descr=<Guard0x10224e330>) [i83, i81, p3, p2, p56, p9, p11, p13, p15, p17, p19, p21, p23, p25, p27, p29, p31, p33, p35, p37]
+999: guard_value(i81, 116, descr=<Guard0x10224e2c0>) [i83, i81, p41, p3, p2, p56, p9, p11, p13, p15, p17, p19, p21, p23, p25, p27, p29, p31, p33, p35, p37]
debug_merge_point(0, 0, '116 IS_NONEMPTY_LIST')
+1009: p87 = same_as(p41)
+1016: label(i83, p2, p3, p41, p56, p9, p11, p13, p15, p17, p19, p21, p23, p25, p27, p29, p31, p33, p35, p37, i58, p65, p42, p79, p87, descr=TargetToken(4318396768))
debug_merge_point(0, 0, '116 IS_NONEMPTY_LIST')
+1050: guard_nonnull_class(p56, 4297737408, descr=<Guard0x10224e250>) [i83, p3, p2, p56, p9, p11, p13, p15, p17, p19, p21, p23, p25, p27, p29, p31, p33, p35, p37]
debug_merge_point(0, 0, '119 ALLOCATE')
+1069: i88 = int_add(i58, 1)
+1073: i89 = arraylen_gc(p65, descr=<ArrayP 8>)
+1077: i90 = int_lt(i89, i88)
+1088: cond_call(i90, ConstClass(_ll_list_resize_hint_really_look_inside_iff__listPtr_Signed_Bool), p42, i88, 1, descr=<Callv 0 rii EF=4>)
+1155: guard_no_exception(descr=<Guard0x10224e1e0>) [i83, p3, p2, i58, p42, i88, p56, p9, p11, p13, p15, p17, p19, p21, p23, p25, p27, p29, p31, p33, p35, p37]
+1175: p91 = getfield_gc(p42, descr=<FieldP list.items 16>)
+1179: setarrayitem_gc(p91, i58, ConstPtr(null), descr=<ArrayP 8>)
debug_merge_point(0, 0, '122 GET_LIST')
+1188: p92 = getfield_gc_pure(p56, descr=<FieldP pyrlang.interpreter.datatypes.list.W_ListObject.inst_left 8>)
+1192: i93 = int_add(-1, i88)
+1244: setarrayitem_gc(p91, i93, p92, descr=<ArrayP 8>)
+1249: p94 = getfield_gc_pure(p56, descr=<FieldP pyrlang.interpreter.datatypes.list.W_ListObject.inst_right 16>)
debug_merge_point(0, 0, '126 LINE')
debug_merge_point(0, 0, '128 CALL')
+1253: i95 = int_add(i88, 1)
+1257: i96 = arraylen_gc(p91, descr=<ArrayP 8>)
+1261: setfield_gc(p42, i88, descr=<FieldS list.length 8>)
+1265: i97 = int_lt(i96, i95)
+1276: cond_call(i97, ConstClass(_ll_list_resize_hint_really_look_inside_iff__listPtr_Signed_Bool), p42, i95, 1, descr=<Callv 0 rii EF=4>)
+1343: guard_no_exception(descr=<Guard0x10224e170>) [i83, p3, p2, i88, p42, i95, p94, p9, p11, p13, p15, p17, p19, p21, p23, p25, p27, p29, p31, p33, p35, p37]
+1363: p98 = getfield_gc(p42, descr=<FieldP list.items 16>)
p99 = new_with_vtable(ConstClass(W_TupleObject))
p100 = new(descr=<SizeDescr 24>)
+1464: setfield_gc(p100, 2, descr=<FieldS list.length 8>)
p101 = new_array(2, descr=<ArrayP 8>)
p102 = new_with_vtable(4297736376)
+1502: setfield_gc(p102, ConstPtr(ptr63), descr=<FieldP pyrlang.interpreter.datatypes.inner.W_CodeParserWrapperObject.inst_cp 8>)
+1516: setarrayitem_gc(p101, 0, p102, descr=<ArrayP 8>)
p104 = new_with_vtable(4297736480)
+1532: setfield_gc(p104, 131, descr=<FieldS pyrlang.interpreter.datatypes.inner.W_AddrObject.inst_addrval 8>)
+1541: setarrayitem_gc(p101, 1, p104, descr=<ArrayP 8>)
+1545: setfield_gc(p100, p101, descr=<FieldP list.items 16>)
+1549: setfield_gc(p99, p100, descr=<FieldP pyrlang.interpreter.datatypes.tuple.W_TupleObject.inst_vals 8>)
+1595: setarrayitem_gc(p98, i88, p99, descr=<ArrayP 8>)
+1600: i106 = int_sub(i83, 1)
+1611: setfield_gc(p42, i95, descr=<FieldS list.length 8>)
+1615: i107 = int_le(i106, 0)
guard_false(i107, descr=<Guard0x10224e100>) [i106, p3, p2, p94, p9, p11, p13, p15, p17, p19, p21, p23, p25, p27, p29, p31, p33, p