[2308d87406a2c] {jit-backend-counts
[2308d87412a4c] jit-backend-counts}
[2308d87c8f129] {jit-log-opt-loop
# Loop 0 (389 label 74) : loop with 80 ops
[i0, i1, p2, p3, p4]
+134: p5 = getfield_gc(p3, descr=<FieldP pyrlang.interpreter.register.X_Register.inst_floats 16>)
+145: p7 = getarrayitem_gc(p5, 0, descr=<ArrayP 8>)
+149: p9 = getarrayitem_gc(p5, 1, descr=<ArrayP 8>)
+153: p11 = getarrayitem_gc(p5, 2, descr=<ArrayP 8>)
+157: p13 = getarrayitem_gc(p5, 3, descr=<ArrayP 8>)
+161: p15 = getarrayitem_gc(p5, 4, descr=<ArrayP 8>)
+165: p17 = getarrayitem_gc(p5, 5, descr=<ArrayP 8>)
+169: p19 = getarrayitem_gc(p5, 6, descr=<ArrayP 8>)
+173: p21 = getarrayitem_gc(p5, 7, descr=<ArrayP 8>)
+177: p23 = getarrayitem_gc(p5, 8, descr=<ArrayP 8>)
+181: p25 = getarrayitem_gc(p5, 9, descr=<ArrayP 8>)
+185: p27 = getarrayitem_gc(p5, 10, descr=<ArrayP 8>)
+189: p29 = getarrayitem_gc(p5, 11, descr=<ArrayP 8>)
+193: p31 = getarrayitem_gc(p5, 12, descr=<ArrayP 8>)
+204: p33 = getarrayitem_gc(p5, 13, descr=<ArrayP 8>)
+215: p35 = getarrayitem_gc(p5, 14, descr=<ArrayP 8>)
+229: p37 = getarrayitem_gc(p5, 15, descr=<ArrayP 8>)
+243: p38 = getfield_gc(p3, descr=<FieldP pyrlang.interpreter.register.X_Register.inst_regs 24>)
+261: p40 = getarrayitem_gc(p38, 0, descr=<ArrayP 8>)
+272: p42 = getarrayitem_gc(p38, 1, descr=<ArrayP 8>)
+283: p44 = getarrayitem_gc(p38, 2, descr=<ArrayP 8>)
+294: p46 = getarrayitem_gc(p38, 3, descr=<ArrayP 8>)
+305: p48 = getarrayitem_gc(p38, 4, descr=<ArrayP 8>)
+316: p50 = getarrayitem_gc(p38, 5, descr=<ArrayP 8>)
+327: p52 = getarrayitem_gc(p38, 6, descr=<ArrayP 8>)
+338: p54 = getarrayitem_gc(p38, 7, descr=<ArrayP 8>)
+349: p56 = getarrayitem_gc(p38, 8, descr=<ArrayP 8>)
+360: p58 = getarrayitem_gc(p38, 9, descr=<ArrayP 8>)
+371: p60 = getarrayitem_gc(p38, 10, descr=<ArrayP 8>)
+382: p62 = getarrayitem_gc(p38, 11, descr=<ArrayP 8>)
+386: p64 = getarrayitem_gc(p38, 12, descr=<ArrayP 8>)
+397: p66 = getarrayitem_gc(p38, 13, descr=<ArrayP 8>)
+408: p68 = getarrayitem_gc(p38, 14, descr=<ArrayP 8>)
+422: p70 = getarrayitem_gc(p38, 15, descr=<ArrayP 8>)
+436: label(i0, i1, p2, p3, p4, p7, p9, p11, p13, p15, p17, p19, p21, p23, p25, p27, p29, p31, p33, p35, p37, p40, p42, p44, p46, p48, p50, p52, p54, p56, p58, p60, p62, p64, p66, p68, p70, descr=TargetToken(4302790688))
debug_merge_point(0, 0, '389 label 74')
+525: p71 = getfield_gc(p2, descr=<FieldP pyrlang.interpreter.interp.Process.inst_y_reg 80>)
debug_merge_point(0, 0, '390 is_eq_exact L75. x(0). #1')
+536: p72 = getfield_gc(p2, descr=<FieldP pyrlang.interpreter.interp.Process.inst_x_reg 72>)
+540: i73 = ptr_eq(p72, p3)
guard_true(i73, descr=<Guard0x100774288>) [i1, i0, p3, p2, p72, p7, p9, p11, p13, p15, p17, p19, p21, p23, p25, p27, p29, p31, p33, p35, p37, p40, p42, p44, p46, p48, p50, p52, p54, p56, p58, p60, p62, p64, p66, p68, p70]
+553: guard_class(p40, ConstClass(W_IntObject), descr=<Guard0x100774650>) [i1, i0, p3, p2, p40, p7, p9, p11, p13, p15, p17, p19, p21, p23, p25, p27, p29, p31, p33, p35, p37, p42, p44, p46, p48, p50, p52, p54, p56, p58, p60, p62, p64, p66, p68, p70]
+566: i75 = getfield_gc_pure(p40, descr=<FieldS pyrlang.interpreter.datatypes.number.W_IntObject.inst_intval 8>)
+570: i77 = int_eq(i75, 0)
guard_false(i77, descr=<Guard0x1007745f8>) [i1, i0, p3, p2, p7, p9, p11, p13, p15, p17, p19, p21, p23, p25, p27, p29, p31, p33, p35, p37, p40, p42, p44, p46, p48, p50, p52, p54, p56, p58, p60, p62, p64, p66, p68, p70]
debug_merge_point(0, 0, '393 label 75')
debug_merge_point(0, 0, '394 line 47')
debug_merge_point(0, 0, '395 gc_bif2 L0. 3. 4. x(0). #0. x(0)')
+580: i79 = int_sub_ovf(i75, 1)
guard_no_overflow(descr=<Guard0x1007745a0>) [i1, i0, p3, p2, i79, p40, p7, p9, p11, p13, p15, p17, p19, p21, p23, p25, p27, p29, p31, p33, p35, p37, p42, p44, p46, p48, p50, p52, p54, p56, p58, p60, p62, p64, p66, p68, p70]
debug_merge_point(0, 0, '396 test_heap 2. 3')
debug_merge_point(0, 0, '397 put_list x(1). x(2). x(2)')
debug_merge_point(0, 0, '398 call_only 3. L74')
+590: i81 = int_sub(i0, 1)
+601: guard_false(i1, descr=<Guard0x100774548>) [i81, p3, p2, p7, p9, p11, p13, p15, p17, p19, p21, p23, p25, p27, p29, p31, p33, p35, p37, p42, p46, p48, p50, p52, p54, p56, p58, p60, p62, p64, p66, p68, p70, p44, i79]
+617: i83 = int_le(i81, 0)
guard_false(i83, descr=<Guard0x1007744f0>) [i81, p3, p2, p7, p9, p11, p13, p15, p17, p19, p21, p23, p25, p27, p29, p31, p33, p35, p37, p42, p46, p48, p50, p52, p54, p56, p58, p60, p62, p64, p66, p68, p70, p44, i79]
debug_merge_point(0, 0, '389 label 74')
+627: p84 = same_as(p71)
+630: label(i81, p2, p3, p71, p7, p9, p11, p13, p15, p17, p19, p21, p23, p25, p27, p29, p31, p33, p35, p37, i79, p42, p44, p46, p48, p50, p52, p54, p56, p58, p60, p62, p64, p66, p68, p70, p84, descr=TargetToken(4302790760))
debug_merge_point(0, 0, '389 label 74')
debug_merge_point(0, 0, '390 is_eq_exact L75. x(0). #1')
+669: i85 = int_eq(i79, 0)
guard_false(i85, descr=<Guard0x100774498>) [i81, p3, p2, p7, p9, p11, p13, p15, p17, p19, p21, p23, p25, p27, p29, p31, p33, p35, p37, p42, p46, p48, p50, p52, p54, p56, p58, p60, p62, p64, p66, p68, p70, p44, i79]
debug_merge_point(0, 0, '393 label 75')
debug_merge_point(0, 0, '394 line 47')
debug_merge_point(0, 0, '395 gc_bif2 L0. 3. 4. x(0). #0. x(0)')
+679: i86 = int_sub_ovf(i79, 1)
guard_no_overflow(descr=<Guard0x100774440>) [i81, p3, p2, i86, p7, p9, p11, p13, p15, p17, p19, p21, p23, p25, p27, p29, p31, p33, p35, p37, p42, p46, p48, p50, p52, p54, p56, p58, p60, p62, p64, p66, p68, p70, p44, i79]
debug_merge_point(0, 0, '396 test_heap 2. 3')
debug_merge_point(0, 0, '397 put_list x(1). x(2). x(2)')
debug_merge_point(0, 0, '398 call_only 3. L74')
+692: i87 = int_sub(i81, 1)
+696: i88 = int_le(i87, 0)
guard_false(i88, descr=<Guard0x1007743e8>) [i87, p3, p2, p7, p9, p11, p13, p15, p17, p19, p21, p23, p25, p27, p29, p31, p33, p35, p37, p42, p46, p48, p50, p52, p54, p56, p58, p60, p62, p64, p66, p68, p70, i86, p44, None]
debug_merge_point(0, 0, '389 label 74')
p91 = new_with_vtable(4298161304)
+785: setfield_gc(p91, p42, descr=<FieldP pyrlang.interpreter.datatypes.list.W_ListObject.inst_left 8>)
+796: setfield_gc(p91, p44, descr=<FieldP pyrlang.interpreter.datatypes.list.W_ListObject.inst_right 16>)
+800: jump(i87, p2, p3, p84, p7, p9, p11, p13, p15, p17, p19, p21, p23, p25, p27, p29, p31, p33, p35, p37, i86, p42, p91, p46, p48, p50, p52, p54, p56, p58, p60, p62, p64, p66, p68, p70, p84, descr=TargetToken(4302790760))
+832: --end of the loop--
[2308d87d4269a] jit-log-opt-loop}
[2308d8808c07e] {jit-log-opt-loop
# Loop 1 (389 label 74) : loop with 80 ops
[i0, i1, p2, p3, p4]
+134: p5 = getfield_gc(p3, descr=<FieldP pyrlang.interpreter.register.X_Register.inst_floats 16>)
+145: p7 = getarrayitem_gc(p5, 0, descr=<ArrayP 8>)
+149: p9 = getarrayitem_gc(p5, 1, descr=<ArrayP 8>)
+153: p11 = getarrayitem_gc(p5, 2, descr=<ArrayP 8>)
+157: p13 = getarrayitem_gc(p5, 3, descr=<ArrayP 8>)
+161: p15 = getarrayitem_gc(p5, 4, descr=<ArrayP 8>)
+165: p17 = getarrayitem_gc(p5, 5, descr=<ArrayP 8>)
+169: p19 = getarrayitem_gc(p5, 6, descr=<ArrayP 8>)
+173: p21 = getarrayitem_gc(p5, 7, descr=<ArrayP 8>)
+177: p23 = getarrayitem_gc(p5, 8, descr=<ArrayP 8>)
+181: p25 = getarrayitem_gc(p5, 9, descr=<ArrayP 8>)
+185: p27 = getarrayitem_gc(p5, 10, descr=<ArrayP 8>)
+189: p29 = getarrayitem_gc(p5, 11, descr=<ArrayP 8>)
+193: p31 = getarrayitem_gc(p5, 12, descr=<ArrayP 8>)
+204: p33 = getarrayitem_gc(p5, 13, descr=<ArrayP 8>)
+215: p35 = getarrayitem_gc(p5, 14, descr=<ArrayP 8>)
+229: p37 = getarrayitem_gc(p5, 15, descr=<ArrayP 8>)
+243: p38 = getfield_gc(p3, descr=<FieldP pyrlang.interpreter.register.X_Register.inst_regs 24>)
+261: p40 = getarrayitem_gc(p38, 0, descr=<ArrayP 8>)
+272: p42 = getarrayitem_gc(p38, 1, descr=<ArrayP 8>)
+283: p44 = getarrayitem_gc(p38, 2, descr=<ArrayP 8>)
+294: p46 = getarrayitem_gc(p38, 3, descr=<ArrayP 8>)
+305: p48 = getarrayitem_gc(p38, 4, descr=<ArrayP 8>)
+316: p50 = getarrayitem_gc(p38, 5, descr=<ArrayP 8>)
+327: p52 = getarrayitem_gc(p38, 6, descr=<ArrayP 8>)
+338: p54 = getarrayitem_gc(p38, 7, descr=<ArrayP 8>)
+349: p56 = getarrayitem_gc(p38, 8, descr=<ArrayP 8>)
+360: p58 = getarrayitem_gc(p38, 9, descr=<ArrayP 8>)
+371: p60 = getarrayitem_gc(p38, 10, descr=<ArrayP 8>)
+382: p62 = getarrayitem_gc(p38, 11, descr=<ArrayP 8>)
+386: p64 = getarrayitem_gc(p38, 12, descr=<ArrayP 8>)
+397: p66 = getarrayitem_gc(p38, 13, descr=<ArrayP 8>)
+408: p68 = getarrayitem_gc(p38, 14, descr=<ArrayP 8>)
+422: p70 = getarrayitem_gc(p38, 15, descr=<ArrayP 8>)
+436: label(i0, i1, p2, p3, p4, p7, p9, p11, p13, p15, p17, p19, p21, p23, p25, p27, p29, p31, p33, p35, p37, p40, p42, p44, p46, p48, p50, p52, p54, p56, p58, p60, p62, p64, p66, p68, p70, descr=TargetToken(4302790976))
debug_merge_point(0, 0, '389 label 74')
+525: p71 = getfield_gc(p2, descr=<FieldP pyrlang.interpreter.interp.Process.inst_y_reg 80>)
debug_merge_point(0, 0, '390 is_eq_exact L75. x(0). #1')
+536: p72 = getfield_gc(p2, descr=<FieldP pyrlang.interpreter.interp.Process.inst_x_reg 72>)
+540: i73 = ptr_eq(p72, p3)
guard_true(i73, descr=<Guard0x100774910>) [i1, i0, p3, p2, p72, p7, p9, p11, p13, p15, p17, p19, p21, p23, p25, p27, p29, p31, p33, p35, p37, p40, p42, p44, p46, p48, p50, p52, p54, p56, p58, p60, p62, p64, p66, p68, p70]
+553: guard_class(p40, ConstClass(W_IntObject), descr=<Guard0x100774c80>) [i1, i0, p3, p2, p40, p7, p9, p11, p13, p15, p17, p19, p21, p23, p25, p27, p29, p31, p33, p35, p37, p42, p44, p46, p48, p50, p52, p54, p56, p58, p60, p62, p64, p66, p68, p70]
+566: i75 = getfield_gc_pure(p40, descr=<FieldS pyrlang.interpreter.datatypes.number.W_IntObject.inst_intval 8>)
+570: i77 = int_eq(i75, 0)
guard_false(i77, descr=<Guard0x100774c28>) [i1, i0, p3, p2, p7, p9, p11, p13, p15, p17, p19, p21, p23, p25, p27, p29, p31, p33, p35, p37, p40, p42, p44, p46, p48, p50, p52, p54, p56, p58, p60, p62, p64, p66, p68, p70]
debug_merge_point(0, 0, '393 label 75')
debug_merge_point(0, 0, '394 line 47')
debug_merge_point(0, 0, '395 gc_bif2 L0. 3. 4. x(0). #0. x(0)')
+580: i79 = int_sub_ovf(i75, 1)
guard_no_overflow(descr=<Guard0x100774bd0>) [i1, i0, p3, p2, i79, p40, p7, p9, p11, p13, p15, p17, p19, p21, p23, p25, p27, p29, p31, p33, p35, p37, p42, p44, p46, p48, p50, p52, p54, p56, p58, p60, p62, p64, p66, p68, p70]
debug_merge_point(0, 0, '396 test_heap 2. 3')
debug_merge_point(0, 0, '397 put_list x(1). x(2). x(2)')
debug_merge_point(0, 0, '398 call_only 3. L74')
+590: i81 = int_sub(i0, 1)
+601: guard_false(i1, descr=<Guard0x100774b78>) [i81, p3, p2, p7, p9, p11, p13, p15, p17, p19, p21, p23, p25, p27, p29, p31, p33, p35, p37, p42, p46, p48, p50, p52, p54, p56, p58, p60, p62, p64, p66, p68, p70, p44, i79]
+617: i83 = int_le(i81, 0)
guard_false(i83, descr=<Guard0x100774b20>) [i81, p3, p2, p7, p9, p11, p13, p15, p17, p19, p21, p23, p25, p27, p29, p31, p33, p35, p37, p42, p46, p48, p50, p52, p54, p56, p58, p60, p62, p64, p66, p68, p70, p44, i79]
debug_merge_point(0, 0, '389 label 74')
+627: p84 = same_as(p71)
+630: label(i81, p2, p3, p71, p7, p9, p11, p13, p15, p17, p19, p21, p23, p25, p27, p29, p31, p33, p35, p37, i79, p42, p44, p46, p48, p50, p52, p54, p56, p58, p60, p62, p64, p66, p68, p70, p84, descr=TargetToken(4302791048))
debug_merge_point(0, 0, '389 label 74')
debug_merge_point(0, 0, '390 is_eq_exact L75. x(0). #1')
+669: i85 = int_eq(i79, 0)
guard_false(i85, descr=<Guard0x100774ac8>) [i81, p3, p2, p7, p9, p11, p13, p15, p17, p19, p21, p23, p25, p27, p29, p31, p33, p35, p37, p42, p46, p48, p50, p52, p54, p56, p58, p60, p62, p64, p66, p68, p70, p44, i79]
debug_merge_point(0, 0, '393 label 75')
debug_merge_point(0, 0, '394 line 47')
debug_merge_point(0, 0, '395 gc_bif2 L0. 3. 4. x(0). #0. x(0)')
+679: i86 = int_sub_ovf(i79, 1)
guard_no_overflow(descr=<Guard0x100774a70>) [i81, p3, p2, i86, p7, p9, p11, p13, p15, p17, p19, p21, p23, p25, p27, p29, p31, p33, p35, p37, p42, p46, p48, p50, p52, p54, p56, p58, p60, p62, p64, p66, p68, p70, p44, i79]
debug_merge_point(0, 0, '396 test_heap 2. 3')
debug_merge_point(0, 0, '397 put_list x(1). x(2). x(2)')
debug_merge_point(0, 0, '398 call_only 3. L74')
+692: i87 = int_sub(i81, 1)
+696: i88 = int_le(i87, 0)
guard_false(i88, descr=<Guard0x100774a18>) [i87, p3, p2, p7, p9, p11, p13, p15, p17, p19, p21, p23, p25, p27, p29, p31, p33, p35, p37, p42, p46, p48, p50, p52, p54, p56, p58, p60, p62, p64, p66, p68, p70, i86, p44, None]
debug_merge_point(0, 0, '389 label 74')
p91 = new_with_vtable(4298161304)
+785: setfield_gc(p91, p42, descr=<FieldP pyrlang.interpreter.datatypes.list.W_ListObject.inst_left 8>)
+796: setfield_gc(p91, p44, descr=<FieldP pyrlang.interpreter.datatypes.list.W_ListObject.inst_right 16>)
+800: jump(i87, p2, p3, p84, p7, p9, p11, p13, p15, p17, p19, p21, p23, p25, p27, p29, p31, p33, p35, p37, i86, p42, p91, p46, p48, p50, p52, p54, p56, p58, p60, p62, p64, p66, p68, p70, p84, descr=TargetToken(4302791048))
+832: --end of the loop--
[2308d88107465] jit-log-opt-loop}
[2308d88ed57c4] {jit-log-opt-loop
# Loop 2 (367 label 69) : loop with 87 ops
[i0, i1, p2, p3, p4]
+134: p5 = getfield_gc(p3, descr=<FieldP pyrlang.interpreter.register.X_Register.inst_floats 16>)
+145: p7 = getarrayitem_gc(p5, 0, descr=<ArrayP 8>)
+149: p9 = getarrayitem_gc(p5, 1, descr=<ArrayP 8>)
+153: p11 = getarrayitem_gc(p5, 2, descr=<ArrayP 8>)
+157: p13 = getarrayitem_gc(p5, 3, descr=<ArrayP 8>)
+161: p15 = getarrayitem_gc(p5, 4, descr=<ArrayP 8>)
+165: p17 = getarrayitem_gc(p5, 5, descr=<ArrayP 8>)
+169: p19 = getarrayitem_gc(p5, 6, descr=<ArrayP 8>)
+173: p21 = getarrayitem_gc(p5, 7, descr=<ArrayP 8>)
+177: p23 = getarrayitem_gc(p5, 8, descr=<ArrayP 8>)
+181: p25 = getarrayitem_gc(p5, 9, descr=<ArrayP 8>)
+185: p27 = getarrayitem_gc(p5, 10, descr=<ArrayP 8>)
+189: p29 = getarrayitem_gc(p5, 11, descr=<ArrayP 8>)
+193: p31 = getarrayitem_gc(p5, 12, descr=<ArrayP 8>)
+204: p33 = getarrayitem_gc(p5, 13, descr=<ArrayP 8>)
+215: p35 = getarrayitem_gc(p5, 14, descr=<ArrayP 8>)
+229: p37 = getarrayitem_gc(p5, 15, descr=<ArrayP 8>)
+243: p38 = getfield_gc(p3, descr=<FieldP pyrlang.interpreter.register.X_Register.inst_regs 24>)
+261: p40 = getarrayitem_gc(p38, 0, descr=<ArrayP 8>)
+272: p42 = getarrayitem_gc(p38, 1, descr=<ArrayP 8>)
+283: p44 = getarrayitem_gc(p38, 2, descr=<ArrayP 8>)
+294: p46 = getarrayitem_gc(p38, 3, descr=<ArrayP 8>)
+305: p48 = getarrayitem_gc(p38, 4, descr=<ArrayP 8>)
+316: p50 = getarrayitem_gc(p38, 5, descr=<ArrayP 8>)
+327: p52 = getarrayitem_gc(p38, 6, descr=<ArrayP 8>)
+338: p54 = getarrayitem_gc(p38, 7, descr=<ArrayP 8>)
+349: p56 = getarrayitem_gc(p38, 8, descr=<ArrayP 8>)
+360: p58 = getarrayitem_gc(p38, 9, descr=<ArrayP 8>)
+371: p60 = getarrayitem_gc(p38, 10, descr=<ArrayP 8>)
+382: p62 = getarrayitem_gc(p38, 11, descr=<ArrayP 8>)
+386: p64 = getarrayitem_gc(p38, 12, descr=<ArrayP 8>)
+397: p66 = getarrayitem_gc(p38, 13, descr=<ArrayP 8>)
+408: p68 = getarrayitem_gc(p38, 14, descr=<ArrayP 8>)
+422: p70 = getarrayitem_gc(p38, 15, descr=<ArrayP 8>)
+436: label(i0, i1, p2, p3, p4, p7, p9, p11, p13, p15, p17, p19, p21, p23, p25, p27, p29, p31, p33, p35, p37, p40, p42, p44, p46, p48, p50, p52, p54, p56, p58, p60, p62, p64, p66, p68, p70, descr=TargetToken(4302791408))
debug_merge_point(0, 0, '367 label 69')
+525: p71 = getfield_gc(p2, descr=<FieldP pyrlang.interpreter.interp.Process.inst_y_reg 80>)
debug_merge_point(0, 0, '368 is_nonempty_list L70. x(0)')
+536: p72 = getfield_gc(p2, descr=<FieldP pyrlang.interpreter.interp.Process.inst_x_reg 72>)
+540: i73 = ptr_eq(p72, p3)
guard_true(i73, descr=<Guard0x1007750a0>) [i1, i0, p3, p2, p72, p7, p9, p11, p13, p15, p17, p19, p21, p23, p25, p27, p29, p31, p33, p35, p37, p40, p42, p44, p46, p48, p50, p52, p54, p56, p58, p60, p62, p64, p66, p68, p70]
+553: guard_nonnull_class(p40, 4298161304, descr=<Guard0x100775570>) [i1, i0, p3, p2, p40, p7, p9, p11, p13, p15, p17, p19, p21, p23, p25, p27, p29, p31, p33, p35, p37, p42, p44, p46, p48, p50, p52, p54, p56, p58, p60, p62, p64, p66, p68, p70]
debug_merge_point(0, 0, '369 get_list x(0). x(2). x(3)')
+572: p75 = getfield_gc_pure(p40, descr=<FieldP pyrlang.interpreter.datatypes.list.W_ListObject.inst_left 8>)
+576: p76 = getfield_gc_pure(p40, descr=<FieldP pyrlang.interpreter.datatypes.list.W_ListObject.inst_right 16>)
debug_merge_point(0, 0, '370 line 44')
debug_merge_point(0, 0, '371 gc_bif2 L0. 4. 7. x(1). x(2). x(1)')
+580: guard_class(p42, ConstClass(W_FloatObject), descr=<Guard0x100775518>) [i1, i0, p3, p2, p75, p42, p7, p9, p11, p13, p15, p17, p19, p21, p23, p25, p27, p29, p31, p33, p35, p37, p40, p76, p48, p50, p52, p54, p56, p58, p60, p62, p64, p66, p68, p70]
+593: f78 = getfield_gc_pure(p42, descr=<FieldF pyrlang.interpreter.datatypes.number.W_FloatObject.inst_floatval 8>)
+599: guard_nonnull_class(p75, ConstClass(W_FloatObject), descr=<Guard0x1007754c0>) [i1, i0, p3, p2, p75, f78, p7, p9, p11, p13, p15, p17, p19, p21, p23, p25, p27, p29, p31, p33, p35, p37, p40, p42, p76, p48, p50, p52, p54, p56, p58, p60, p62, p64, p66, p68, p70]
+618: f80 = getfield_gc_pure(p75, descr=<FieldF pyrlang.interpreter.datatypes.number.W_FloatObject.inst_floatval 8>)
+624: f81 = float_add(f78, f80)
+632: i82 = float_lt(f81, f78)
guard_false(i82, descr=<Guard0x100775468>) [i1, i0, p3, p2, f80, f78, f81, p7, p9, p11, p13, p15, p17, p19, p21, p23, p25, p27, p29, p31, p33, p35, p37, p40, p42, p75, p76, p48, p50, p52, p54, p56, p58, p60, p62, p64, p66, p68, p70]
+644: i83 = float_lt(f81, f80)
guard_false(i83, descr=<Guard0x100775410>) [i1, i0, p3, p2, f80, f78, f81, p7, p9, p11, p13, p15, p17, p19, p21, p23, p25, p27, p29, p31, p33, p35, p37, p40, p42, p75, p76, p48, p50, p52, p54, p56, p58, p60, p62, p64, p66, p68, p70]
debug_merge_point(0, 0, '372 move x(3). x(0)')
debug_merge_point(0, 0, '373 call_only 2. L69')
+656: i85 = int_sub(i0, 1)
+667: guard_false(i1, descr=<Guard0x1007753b8>) [i85, p3, p2, p7, p9, p11, p13, p15, p17, p19, p21, p23, p25, p27, p29, p31, p33, p35, p37, p76, p75, p48, p50, p52, p54, p56, p58, p60, p62, p64, p66, p68, p70, f81]
+683: i87 = int_le(i85, 0)
guard_false(i87, descr=<Guard0x100775360>) [i85, p3, p2, p7, p9, p11, p13, p15, p17, p19, p21, p23, p25, p27, p29, p31, p33, p35, p37, p76, p75, p48, p50, p52, p54, p56, p58, p60, p62, p64, p66, p68, p70, f81]
debug_merge_point(0, 0, '367 label 69')
+693: p88 = same_as(p71)
+696: label(i85, p2, p3, p71, p7, p9, p11, p13, p15, p17, p19, p21, p23, p25, p27, p29, p31, p33, p35, p37, p76, f81, p75, p48, p50, p52, p54, p56, p58, p60, p62, p64, p66, p68, p70, p88, descr=TargetToken(4302791480))
debug_merge_point(0, 0, '367 label 69')
debug_merge_point(0, 0, '368 is_nonempty_list L70. x(0)')
+733: guard_nonnull_class(p76, 4298161304, descr=<Guard0x100775308>) [i85, p3, p2, p76, p7, p9, p11, p13, p15, p17, p19, p21, p23, p25, p27, p29, p31, p33, p35, p37, p75, p48, p50, p52, p54, p56, p58, p60, p62, p64, p66, p68, p70, f81]
debug_merge_point(0, 0, '369 get_list x(0). x(2). x(3)')
+752: p89 = getfield_gc_pure(p76, descr=<FieldP pyrlang.interpreter.datatypes.list.W_ListObject.inst_left 8>)
+756: p90 = getfield_gc_pure(p76, descr=<FieldP pyrlang.interpreter.datatypes.list.W_ListObject.inst_right 16>)
debug_merge_point(0, 0, '370 line 44')
debug_merge_point(0, 0, '371 gc_bif2 L0. 4. 7. x(1). x(2). x(1)')
+760: guard_nonnull_class(p89, ConstClass(W_FloatObject), descr=<Guard0x1007752b0>) [i85, p3, p2, p89, f81, p7, p9, p11, p13, p15, p17, p19, p21, p23, p25, p27, p29, p31, p33, p35, p37, p76, p90, p48, p50, p52, p54, p56, p58, p60, p62, p64, p66, p68, p70, None]
+779: f92 = getfield_gc_pure(p89, descr=<FieldF pyrlang.interpreter.datatypes.number.W_FloatObject.inst_floatval 8>)
+785: f93 = float_add(f81, f92)
+793: i94 = float_lt(f93, f81)
guard_false(i94, descr=<Guard0x100775258>) [i85, p3, p2, f92, f81, f93, p7, p9, p11, p13, p15, p17, p19, p21, p23, p25, p27, p29, p31, p33, p35, p37, p76, p89, p90, p48, p50, p52, p54, p56, p58, p60, p62, p64, p66, p68, p70, None]
+805: i95 = float_lt(f93, f92)
guard_false(i95, descr=<Guard0x100775200>) [i85, p3, p2, f92, f81, f93, p7, p9, p11, p13, p15, p17, p19, p21, p23, p25, p27, p29, p31, p33, p35, p37, p76, p89, p90, p48, p50, p52, p54, p56, p58, p60, p62, p64, p66, p68, p70, None]
debug_merge_point(0, 0, '372 move x(3). x(0)')
debug_merge_point(0, 0, '373 call_only 2. L69')
+817: i96 = int_sub(i85, 1)
+821: i97 = int_le(i96, 0)
guard_false(i97, descr=<Guard0x1007751a8>) [i96, p3, p2, p7, p9, p11, p13, p15, p17, p19, p21, p23, p25, p27, p29, p31, p33, p35, p37, p90, p89, p48, p50, p52, p54, p56, p58, p60, p62, p64, p66, p68, p70, f93, None]
debug_merge_point(0, 0, '367 label 69')
+831: jump(i96, p2, p3, p88, p7, p9, p11, p13, p15, p17, p19, p21, p23, p25, p27, p29, p31, p33, p35, p37, p90, f93, p89, p48, p50, p52, p54, p56, p58, p60, p62, p64, p66, p68, p70, p88, descr=TargetToken(4302791480))
+864: --end of the loop--
[2308d88f7b617] jit-log-opt-loop}
[2308d892c133f] {jit-log-opt-loop
# Loop 3 (367 label 69) : loop with 87 ops
[i0, i1, p2, p3, p4]
+134: p5 = getfield_gc(p3, descr=<FieldP pyrlang.interpreter.register.X_Register.inst_floats 16>)
+145: p7 = getarrayitem_gc(p5, 0, descr=<ArrayP 8>)
+149: p9 = getarrayitem_gc(p5, 1, descr=<ArrayP 8>)
+153: p11 = getarrayitem_gc(p5, 2, descr=<ArrayP 8>)
+157: p13 = getarrayitem_gc(p5, 3, descr=<ArrayP 8>)
+161: p15 = getarrayitem_gc(p5, 4, descr=<ArrayP 8>)
+165: p17 = getarrayitem_gc(p5, 5, descr=<ArrayP 8>)
+169: p19 = getarrayitem_gc(p5, 6, descr=<ArrayP 8>)
+173: p21 = getarrayitem_gc(p5, 7, descr=<ArrayP 8>)
+177: p23 = getarrayitem_gc(p5, 8, descr=<ArrayP 8>)
+181: p25 = getarrayitem_gc(p5, 9, descr=<ArrayP 8>)
+185: p27 = getarrayitem_gc(p5, 10, descr=<ArrayP 8>)
+189: p29 = getarrayitem_gc(p5, 11, descr=<ArrayP 8>)
+193: p31 = getarrayitem_gc(p5, 12, descr=<ArrayP 8>)
+204: p33 = getarrayitem_gc(p5, 13, descr=<ArrayP 8>)
+215: p35 = getarrayitem_gc(p5, 14, descr=<ArrayP 8>)
+229: p37 = getarrayitem_gc(p5, 15, descr=<ArrayP 8>)
+243: p38 = getfield_gc(p3, descr=<FieldP pyrlang.interpreter.register.X_Register.inst_regs 24>)
+261: p40 = getarrayitem_gc(p38, 0, descr=<ArrayP 8>)
+272: p42 = getarrayitem_gc(p38, 1, descr=<ArrayP 8>)
+283: p44 = getarrayitem_gc(p38, 2, descr=<ArrayP 8>)
+294: p46 = getarrayitem_gc(p38, 3, descr=<ArrayP 8>)
+305: p48 = getarrayitem_gc(p38, 4, descr=<ArrayP 8>)
+316: p50 = getarrayitem_gc(p38, 5, descr=<ArrayP 8>)
+327: p52 = getarrayitem_gc(p38, 6, descr=<ArrayP 8>)
+338: p54 = getarrayitem_gc(p38, 7, descr=<ArrayP 8>)
+349: p56 = getarrayitem_gc(p38, 8, descr=<ArrayP 8>)
+360: p58 = getarrayitem_gc(p38, 9, descr=<ArrayP 8>)
+371: p60 = getarrayitem_gc(p38, 10, descr=<ArrayP 8>)
+382: p62 = getarrayitem_gc(p38, 11, descr=<ArrayP 8>)
+386: p64 = getarrayitem_gc(p38, 12, descr=<ArrayP 8>)
+397: p66 = getarrayitem_gc(p38, 13, descr=<ArrayP 8>)
+408: p68 = getarrayitem_gc(p38, 14, descr=<ArrayP 8>)
+422: p70 = getarrayitem_gc(p38, 15, descr=<ArrayP 8>)
+436: label(i0, i1, p2, p3, p4, p7, p9, p11, p13, p15, p17, p19, p21, p23, p25, p27, p29, p31, p33, p35, p37, p40, p42, p44, p46, p48, p50, p52, p54, p56, p58, p60, p62, p64, p66, p68, p70, descr=TargetToken(4302791840))
debug_merge_point(0, 0, '367 label 69')
+525: p71 = getfield_gc(p2, descr=<FieldP pyrlang.interpreter.interp.Process.inst_y_reg 80>)
debug_merge_point(0, 0, '368 is_nonempty_list L70. x(0)')
+536: p72 = getfield_gc(p2, descr=<FieldP pyrlang.interpreter.interp.Process.inst_x_reg 72>)
+540: i73 = ptr_eq(p72, p3)
guard_true(i73, descr=<Guard0x100775990>) [i1, i0, p3, p2, p72, p7, p9, p11, p13, p15, p17, p19, p21, p23, p25, p27, p29, p31, p33, p35, p37, p40, p42, p44, p46, p48, p50, p52, p54, p56, p58, p60, p62, p64, p66, p68, p70]
+553: guard_nonnull_class(p40, 4298161304, descr=<Guard0x100775e60>) [i1, i0, p3, p2, p40, p7, p9, p11, p13, p15, p17, p19, p21, p23, p25, p27, p29, p31, p33, p35, p37, p42, p44, p46, p48, p50, p52, p54, p56, p58, p60, p62, p64, p66, p68, p70]
debug_merge_point(0, 0, '369 get_list x(0). x(2). x(3)')
+572: p75 = getfield_gc_pure(p40, descr=<FieldP pyrlang.interpreter.datatypes.list.W_ListObject.inst_left 8>)
+576: p76 = getfield_gc_pure(p40, descr=<FieldP pyrlang.interpreter.datatypes.list.W_ListObject.inst_right 16>)
debug_merge_point(0, 0, '370 line 44')
debug_merge_point(0, 0, '371 gc_bif2 L0. 4. 7. x(1). x(2). x(1)')
+580: guard_class(p42, ConstClass(W_FloatObject), descr=<Guard0x100775e08>) [i1, i0, p3, p2, p75, p42, p7, p9, p11, p13, p15, p17, p19, p21, p23, p25, p27, p29, p31, p33, p35, p37, p40, p76, p48, p50, p52, p54, p56, p58, p60, p62, p64, p66, p68, p70]
+593: f78 = getfield_gc_pure(p42, descr=<FieldF pyrlang.interpreter.datatypes.number.W_FloatObject.inst_floatval 8>)
+599: guard_nonnull_class(p75, ConstClass(W_FloatObject), descr=<Guard0x100775db0>) [i1, i0, p3, p2, p75, f78, p7, p9, p11, p13, p15, p17, p19, p21, p23, p25, p27, p29, p31, p33, p35, p37, p40, p42, p76, p48, p50, p52, p54, p56, p58, p60, p62, p64, p66, p68, p70]
+618: f80 = getfield_gc_pure(p75, descr=<FieldF pyrlang.interpreter.datatypes.number.W_FloatObject.inst_floatval 8>)
+624: f81 = float_add(f78, f80)
+632: i82 = float_lt(f81, f78)
guard_false(i82, descr=<Guard0x100775d58>) [i1, i0, p3, p2, f80, f78, f81, p7, p9, p11, p13, p15, p17, p19, p21, p23, p25, p27, p29, p31, p33, p35, p37, p40, p42, p75, p76, p48, p50, p52, p54, p56, p58, p60, p62, p64, p66, p68, p70]
+644: i83 = float_lt(f81, f80)
guard_false(i83, descr=<Guard0x100775d00>) [i1, i0, p3, p2, f80, f78, f81, p7, p9, p11, p13, p15, p17, p19, p21, p23, p25, p27, p29, p31, p33, p35, p37, p40, p42, p75, p76, p48, p50, p52, p54, p56, p58, p60, p62, p64, p66, p68, p70]
debug_merge_point(0, 0, '372 move x(3). x(0)')
debug_merge_point(0, 0, '373 call_only 2. L69')
+656: i85 = int_sub(i0, 1)
+667: guard_false(i1, descr=<Guard0x100775ca8>) [i85, p3, p2, p7, p9, p11, p13, p15, p17, p19, p21, p23, p25, p27, p29, p31, p33, p35, p37, p76, p75, p48, p50, p52, p54, p56, p58, p60, p62, p64, p66, p68, p70, f81]
+683: i87 = int_le(i85, 0)
guard_false(i87, descr=<Guard0x100775c50>) [i85, p3, p2, p7, p9, p11, p13, p15, p17, p19, p21, p23, p25, p27, p29, p31, p33, p35, p37, p76, p75, p48, p50, p52, p54, p56, p58, p60, p62, p64, p66, p68, p70, f81]
debug_merge_point(0, 0, '367 label 69')
+693: p88 = same_as(p71)
+696: label(i85, p2, p3, p71, p7, p9, p11, p13, p15, p17, p19, p21, p23, p25, p27, p29, p31, p33, p35, p37, p76, f81, p75, p48, p50, p52, p54, p56, p58, p60, p62, p64, p66, p68, p70, p88, descr=TargetToken(4302791912))
debug_merge_point(0, 0, '367 label 69')
debug_merge_point(0, 0, '368 is_nonempty_list L70. x(0)')
+733: guard_nonnull_class(p76, 4298161304, descr=<Guard0x100775bf8>) [i85, p3, p2, p76, p7, p9, p11, p13, p15, p17, p19, p21, p23, p25, p27, p29, p31, p33, p35, p37, p75, p48, p50, p52, p54, p56, p58, p60, p62, p64, p66, p68, p70, f81]
debug_merge_point(0, 0, '369 get_list x(0). x(2). x(3)')
+752: p89 = getfield_gc_pure(p76, descr=<FieldP pyrlang.interpreter.datatypes.list.W_ListObject.inst_left 8>)
+756: p90 = getfield_gc_pure(p76, descr=<FieldP pyrlang.interpreter.datatypes.list.W_ListObject.inst_right 16>)
debug_merge_point(0, 0, '370 line 44')
debug_merge_point(0, 0, '371 gc_bif2 L0. 4. 7. x(1). x(2). x(1)')
+760: guard_nonnull_class(p89, ConstClass(W_FloatObject), descr=<Guard0x100775ba0>) [i85, p3, p2, p89, f81, p7, p9, p11, p13, p15, p17, p19, p21, p23, p25, p27, p29, p31, p33, p35, p37, p76, p90, p48, p50, p52, p54, p56, p58, p60, p62, p64, p66, p68, p70, None]
+779: f92 = getfield_gc_pure(p89, descr=<FieldF pyrlang.interpreter.datatypes.number.W_FloatObject.inst_floatval 8>)
+785: f93 = float_add(f81, f92)
+793: i94 = float_lt(f93, f81)
guard_false(i94, descr=<Guard0x100775b48>) [i85, p3, p2, f92, f81, f93, p7, p9, p11, p13, p15, p17, p19, p21, p23, p25, p27, p29, p31, p33, p35, p37, p76, p89, p90, p48, p50, p52, p54, p56, p58, p60, p62, p64, p66, p68, p70, None]
+805: i95 = float_lt(f93, f92)
guard_false(i95, descr=<Guard0x100775af0>) [i85, p3, p2, f92, f81, f93, p7, p9, p11, p13, p15, p17, p19, p21, p23, p25, p27, p29, p31, p33, p35, p37, p76, p89, p90, p48, p50, p52, p54, p56, p58, p60, p62, p64, p66, p68, p70, None]
debug_merge_point(0, 0, '372 move x(3). x(0)')
debug_merge_point(0, 0, '373 call_only 2. L69')
+817: i96 = int_sub(i85, 1)
+821: i97 = int_le(i96, 0)
guard_false(i97, descr=<Guard0x100775a98>) [i96, p3, p2, p7, p9, p11, p13, p15, p17, p19, p21, p23, p25, p27, p29, p31, p33, p35, p37, p90, p89, p48, p50, p52, p54, p56, p58, p60, p62, p64, p66, p68, p70, f93, None]
debug_merge_point(0, 0, '367 label 69')
+831: jump(i96, p2, p3, p88, p7, p9, p11, p13, p15, p17, p19, p21, p23, p25, p27, p29, p31, p33, p35, p37, p90, f93, p89, p48, p50, p52, p54, p56, p58, p60, p62, p64, p66, p68, p70, p88, descr=TargetToken(4302791912))
+864: --end of the loop--
[2308d893404bd] jit-log-opt-loop}
[2308d89499b92] {jit-backend-counts
entry 0:1
TargetToken(4302790688):1
TargetToken(4302790760):956
entry 1:50
TargetToken(4302790976):50
TargetToken(4302791048):96912
entry 2:1
TargetToken(4302791408):1
TargetToken(4302791480):955
entry 3:50
TargetToken(4302791840):50
TargetToken(4302791912):96913
[2308d894a0624] jit-backend-counts}
