[f1a274fe62cf] {jit-backend-counts
[f1a274ff94c5] jit-backend-counts}
[f1a27c21d1b5] {jit-log-opt-loop
# Loop 0 (156 is_nonempty_list) : loop with 926 ops
[i0, p1, p2, p3, p4, p5]
+129: label(i0, p1, p2, p3, p4, p5, descr=TargetToken(4302701136))
debug_merge_point(0, 0, '156 is_nonempty_list')
+142: p7 = getfield_gc(ConstPtr(ptr6), descr=<FieldP pyrlang.rpybeam.beam_code.CodeParser.inst_str 56>)
+155: i8 = getfield_gc(ConstPtr(ptr6), descr=<FieldS pyrlang.rpybeam.beam_code.CodeParser.inst_offset 48>)
+168: i10 = int_lt(i8, 0)
guard_false(i10, descr=<Guard0x10079afe0>) [i8, p7, p1]
+178: i11 = strgetitem(p7, i8)
+184: i13 = int_add(i8, 1)
+188: setfield_gc(ConstPtr(ptr6), i13, descr=<FieldS pyrlang.rpybeam.beam_code.CodeParser.inst_offset 48>)
+201: guard_value(i11, 56, descr=<Guard0x10079af70>) [i13, i11, p1]
+211: i16 = int_lt(i13, 0)
guard_false(i16, descr=<Guard0x10079af00>) [i13, p7, p1]
+221: i17 = strgetitem(p7, i13)
+227: i19 = int_add(i13, 1)
+231: i21 = int_and(i17, 8)
+238: setfield_gc(ConstPtr(ptr6), i19, descr=<FieldS pyrlang.rpybeam.beam_code.CodeParser.inst_offset 48>)
+251: i22 = int_is_true(i21)
guard_true(i22, descr=<Guard0x10079ae90>) [p1, i17]
+261: i24 = int_and(i17, 16)
+268: i25 = int_is_true(i24)
guard_false(i25, descr=<Guard0x10079ae20>) [p1, i17]
+278: i27 = int_lt(i19, 0)
guard_false(i27, descr=<Guard0x10079adb0>) [p1, i19, i17, p7]
+288: i28 = strgetitem(p7, i19)
+294: i30 = int_add(i19, 1)
+298: i32 = int_and(i17, 224)
+305: i34 = int_lshift(i32, 3)
+309: i35 = int_or(i34, i28)
+312: setfield_gc(ConstPtr(ptr6), i30, descr=<FieldS pyrlang.rpybeam.beam_code.CodeParser.inst_offset 48>)
+325: i37 = int_lt(i30, 0)
guard_false(i37, descr=<Guard0x10079ad40>) [i35, p1, i30, p7]
+335: i38 = strgetitem(p7, i30)
+341: i40 = int_add(i30, 1)
+345: i42 = int_and(i38, 7)
+352: setfield_gc(ConstPtr(ptr6), i40, descr=<FieldS pyrlang.rpybeam.beam_code.CodeParser.inst_offset 48>)
+365: i44 = int_eq(i42, 7)
guard_false(i44, descr=<Guard0x10079ac60>) [i35, p1, i38]
+375: i46 = int_and(i38, 8)
+382: i47 = int_is_true(i46)
guard_false(i47, descr=<Guard0x10079abf0>) [i35, p1, i42, i38]
+392: i49 = int_rshift(i38, 4)
+396: guard_value(i42, 3, descr=<Guard0x10079ab80>) [i35, p1, i49, i42]
+406: p51 = getfield_gc(p1, descr=<FieldP interpreter.interp.BeamRunTime.inst_x_reg 32>)
+417: p52 = getfield_gc(p51, descr=<FieldP interpreter.register.X_Register.inst_regs 8>)
+421: p53 = getfield_gc(p52, descr=<FieldP list.items 16>)
+425: p54 = getarrayitem_gc(p53, i49, descr=<ArrayP 8>)
+430: guard_nonnull_class(p54, 4297394600, descr=<Guard0x10079aaa0>) [i35, p54, p1]
+449: i56 = getfield_gc(p1, descr=<FieldS interpreter.interp.BeamRunTime.inst_current_line 16>)
+453: p57 = getfield_gc(p1, descr=<FieldP interpreter.interp.BeamRunTime.inst_atoms 8>)
+457: p58 = getfield_gc(p1, descr=<FieldP interpreter.interp.BeamRunTime.inst_func_list 24>)
+461: p59 = getfield_gc(p1, descr=<FieldP interpreter.interp.BeamRunTime.inst_y_reg 40>)
debug_merge_point(0, 0, '156 is_nonempty_list')
+465: i61 = int_lt(i40, 0)
guard_false(i61, descr=<Guard0x10079a9c0>) [i40, p7, p1]
+475: i62 = strgetitem(p7, i40)
+481: i64 = int_add(i40, 1)
+485: setfield_gc(ConstPtr(ptr6), i64, descr=<FieldS pyrlang.rpybeam.beam_code.CodeParser.inst_offset 48>)
+498: guard_value(i62, 65, descr=<Guard0x10079a950>) [i64, i62, p1]
+508: i67 = int_lt(i64, 0)
guard_false(i67, descr=<Guard0x10079a8e0>) [p1, i64, p7]
+518: i68 = strgetitem(p7, i64)
+524: i70 = int_add(i64, 1)
+528: i72 = int_and(i68, 7)
+535: setfield_gc(ConstPtr(ptr6), i70, descr=<FieldS pyrlang.rpybeam.beam_code.CodeParser.inst_offset 48>)
+548: i74 = int_eq(i72, 7)
guard_false(i74, descr=<Guard0x10079a800>) [p1, i68]
+558: i76 = int_and(i68, 8)
+565: i77 = int_is_true(i76)
guard_false(i77, descr=<Guard0x10079a790>) [p1, i72, i68]
+575: i79 = int_rshift(i68, 4)
+579: i81 = int_lt(i70, 0)
guard_false(i81, descr=<Guard0x10079a720>) [p1, i70, p7, i72, i79]
+589: i82 = strgetitem(p7, i70)
+595: i84 = int_add(i70, 1)
+599: i86 = int_and(i82, 7)
+606: setfield_gc(ConstPtr(ptr6), i84, descr=<FieldS pyrlang.rpybeam.beam_code.CodeParser.inst_offset 48>)
+619: i88 = int_eq(i86, 7)
guard_false(i88, descr=<Guard0x10079a640>) [p1, i82, i72, i79]
+629: i90 = int_and(i82, 8)
+640: i91 = int_is_true(i90)
guard_false(i91, descr=<Guard0x10079a5d0>) [p1, i86, i82, i72, i79]
+650: i93 = int_rshift(i82, 4)
+661: i95 = int_lt(i84, 0)
guard_false(i95, descr=<Guard0x10079a560>) [p1, i84, p7, i93, i86, i72, i79]
+671: i96 = strgetitem(p7, i84)
+684: i98 = int_add(i84, 1)
+695: i100 = int_and(i96, 7)
+702: setfield_gc(ConstPtr(ptr6), i98, descr=<FieldS pyrlang.rpybeam.beam_code.CodeParser.inst_offset 48>)
+715: i102 = int_eq(i100, 7)
guard_false(i102, descr=<Guard0x10079a480>) [p1, i96, i93, i86, i72, i79]
+725: i104 = int_and(i96, 8)
+736: i105 = int_is_true(i104)
guard_false(i105, descr=<Guard0x10079a410>) [p1, i100, i96, i93, i86, i72, i79]
+746: i107 = int_rshift(i96, 4)
+757: i109 = int_eq(i72, 3)
guard_true(i109, descr=<Guard0x10079a3a0>) [p1, i79, i107, i100, i93, i86, None, None]
+767: p111 = getarrayitem_gc(p53, i79, descr=<ArrayP 8>)
+772: p112 = getfield_gc(p111, descr=<FieldP pyrlang.interpreter.datatypes.list.W_ListObject.inst_left 32>)
+776: i114 = int_eq(i86, 3)
guard_true(i114, descr=<Guard0x10079a2c0>) [p111, p1, i93, p112, i107, i100, None, None, None, None]
+786: call(ConstClass(X_Register.store), p51, i93, p112, descr=<Callv 0 rir EF=4>)
+922: guard_no_exception(descr=<Guard0x10079a250>) [p111, p1, i107, i100, None, None, None, None]
+942: p116 = getfield_gc(p111, descr=<FieldP pyrlang.interpreter.datatypes.list.W_ListObject.inst_right 40>)
+953: i118 = int_eq(i100, 3)
guard_true(i118, descr=<Guard0x10079a1e0>) [p1, i107, p116, None, None, None, None, None, None]
+967: call(ConstClass(X_Register.store), p51, i107, p116, descr=<Callv 0 rir EF=4>)
+1051: guard_no_exception(descr=<Guard0x10079a170>) [p1, None, None, None, None, None, None]
debug_merge_point(0, 0, '156 is_nonempty_list')
+1071: i121 = int_lt(i98, 0)
guard_false(i121, descr=<Guard0x10079a100>) [i98, p7, p1, None, None, None, None, None, None]
+1085: i122 = strgetitem(p7, i98)
+1105: i124 = int_add(i98, 1)
+1109: setfield_gc(ConstPtr(ptr6), i124, descr=<FieldS pyrlang.rpybeam.beam_code.CodeParser.inst_offset 48>)
+1122: guard_value(i122, 56, descr=<Guard0x10079a090>) [i124, i122, p1, None, None, None, None, None, None]
+1132: i127 = int_lt(i124, 0)
guard_false(i127, descr=<Guard0x10079a020>) [i124, p7, p1, None, None, None, None, None, None]
+1142: i128 = strgetitem(p7, i124)
+1148: i130 = int_add(i124, 1)
+1152: i132 = int_and(i128, 8)
+1159: setfield_gc(ConstPtr(ptr6), i130, descr=<FieldS pyrlang.rpybeam.beam_code.CodeParser.inst_offset 48>)
+1172: i133 = int_is_true(i132)
guard_false(i133, descr=<Guard0x100789f30>) [p1, i128, None, None, None, None, None, None]
+1182: i135 = int_rshift(i128, 4)
+1186: i137 = int_lt(i130, 0)
guard_false(i137, descr=<Guard0x100789ec0>) [i135, p1, i130, p7, None, None, None, None, None, None]
+1196: i138 = strgetitem(p7, i130)
+1202: i140 = int_add(i130, 1)
+1206: i142 = int_and(i138, 7)
+1213: setfield_gc(ConstPtr(ptr6), i140, descr=<FieldS pyrlang.rpybeam.beam_code.CodeParser.inst_offset 48>)
+1226: i144 = int_eq(i142, 7)
guard_false(i144, descr=<Guard0x100789de0>) [i135, p1, i138, None, None, None, None, None, None]
+1236: i146 = int_and(i138, 8)
+1243: i147 = int_is_true(i146)
guard_false(i147, descr=<Guard0x100789d70>) [i135, p1, i142, i138, None, None, None, None, None, None]
+1253: i149 = int_rshift(i138, 4)
+1257: guard_value(i142, 3, descr=<Guard0x100789d00>) [i135, p1, i149, i142, None, None, None, None, None, None]
+1267: p151 = getfield_gc(p52, descr=<FieldP list.items 16>)
+1278: p152 = getarrayitem_gc(p151, i149, descr=<ArrayP 8>)
+1283: guard_nonnull_class(p152, 4297394600, descr=<Guard0x100789c20>) [i135, p152, p1, None, None, None, None, None, None]
debug_merge_point(0, 0, '156 is_nonempty_list')
+1301: i155 = int_lt(i140, 0)
guard_false(i155, descr=<Guard0x100789b40>) [i140, p7, p1, None, None, None, None, None, None]
+1311: i156 = strgetitem(p7, i140)
+1317: i158 = int_add(i140, 1)
+1321: setfield_gc(ConstPtr(ptr6), i158, descr=<FieldS pyrlang.rpybeam.beam_code.CodeParser.inst_offset 48>)
+1334: guard_value(i156, 65, descr=<Guard0x100789ad0>) [i158, i156, p1, None, None, None, None, None, None]
+1344: i161 = int_lt(i158, 0)
guard_false(i161, descr=<Guard0x100789a60>) [p1, i158, p7, None, None, None, None, None, None]
+1354: i162 = strgetitem(p7, i158)
+1360: i164 = int_add(i158, 1)
+1364: i166 = int_and(i162, 7)
+1371: setfield_gc(ConstPtr(ptr6), i164, descr=<FieldS pyrlang.rpybeam.beam_code.CodeParser.inst_offset 48>)
+1384: i168 = int_eq(i166, 7)
guard_false(i168, descr=<Guard0x100789980>) [p1, i162, None, None, None, None, None, None]
+1394: i170 = int_and(i162, 8)
+1401: i171 = int_is_true(i170)
guard_false(i171, descr=<Guard0x100789910>) [p1, i166, i162, None, None, None, None, None, None]
+1411: i173 = int_rshift(i162, 4)
+1415: i175 = int_lt(i164, 0)
guard_false(i175, descr=<Guard0x1007898a0>) [p1, i164, p7, i173, i166, None, None, None, None, None, None]
+1425: i176 = strgetitem(p7, i164)
+1431: i178 = int_add(i164, 1)
+1435: i180 = int_and(i176, 7)
+1442: setfield_gc(ConstPtr(ptr6), i178, descr=<FieldS pyrlang.rpybeam.beam_code.CodeParser.inst_offset 48>)
+1455: i182 = int_eq(i180, 7)
guard_false(i182, descr=<Guard0x1007897c0>) [p1, i176, i173, i166, None, None, None, None, None, None]
+1465: i184 = int_and(i176, 8)
+1472: i185 = int_is_true(i184)
guard_false(i185, descr=<Guard0x100789750>) [p1, i180, i176, i173, i166, None, None, None, None, None, None]
+1482: i187 = int_rshift(i176, 4)
+1486: i189 = int_lt(i178, 0)
guard_false(i189, descr=<Guard0x1007896e0>) [p1, i178, p7, i187, i180, i173, i166, None, None, None, None, None, None]
+1496: i190 = strgetitem(p7, i178)
+1502: i192 = int_add(i178, 1)
+1506: i194 = int_and(i190, 7)
+1513: setfield_gc(ConstPtr(ptr6), i192, descr=<FieldS pyrlang.rpybeam.beam_code.CodeParser.inst_offset 48>)
+1526: i196 = int_eq(i194, 7)
guard_false(i196, descr=<Guard0x100789590>) [p1, i190, i187, i180, i173, i166, None, None, None, None, None, None]
+1536: i198 = int_and(i190, 8)
+1543: i199 = int_is_true(i198)
guard_false(i199, descr=<Guard0x100789520>) [p1, i194, i190, i187, i180, i173, i166, None, None, None, None, None, None]
+1553: i201 = int_rshift(i190, 4)
+1557: i203 = int_eq(i166, 3)
guard_true(i203, descr=<Guard0x1007894b0>) [p1, i173, i201, i194, i187, i180, None, None, None, None, None, None, None, None]
+1567: p204 = getarrayitem_gc(p151, i173, descr=<ArrayP 8>)
+1572: p205 = getfield_gc(p204, descr=<FieldP pyrlang.interpreter.datatypes.list.W_ListObject.inst_left 32>)
+1576: i207 = int_eq(i180, 3)
guard_true(i207, descr=<Guard0x1007893d0>) [p204, p1, i187, p205, i201, i194, None, None, None, None, None, None, None, None, None, None]
+1586: call(ConstClass(X_Register.store), p51, i187, p205, descr=<Callv 0 rir EF=4>)
+1681: guard_no_exception(descr=<Guard0x100789360>) [p204, p1, i201, i194, None, None, None, None, None, None, None, None, None, None]
+1701: p209 = getfield_gc(p204, descr=<FieldP pyrlang.interpreter.datatypes.list.W_ListObject.inst_right 40>)
+1712: i211 = int_eq(i194, 3)
guard_true(i211, descr=<Guard0x1007892f0>) [p1, i201, p209, None, None, None, None, None, None, None, None, None, None, None, None]
+1722: call(ConstClass(X_Register.store), p51, i201, p209, descr=<Callv 0 rir EF=4>)
+1806: guard_no_exception(descr=<Guard0x100789280>) [p1, None, None, None, None, None, None, None, None, None, None, None, None]
debug_merge_point(0, 0, '156 is_nonempty_list')
+1826: i214 = int_lt(i192, 0)
guard_false(i214, descr=<Guard0x100789210>) [i192, p7, p1, None, None, None, None, None, None, None, None, None, None, None, None]
+1840: i215 = strgetitem(p7, i192)
+1860: i217 = int_add(i192, 1)
+1865: setfield_gc(ConstPtr(ptr6), i217, descr=<FieldS pyrlang.rpybeam.beam_code.CodeParser.inst_offset 48>)
+1878: guard_value(i215, 39, descr=<Guard0x1007891a0>) [i217, i215, p1, None, None, None, None, None, None, None, None, None, None, None, None]
+1888: i220 = int_lt(i217, 0)
guard_false(i220, descr=<Guard0x100789130>) [i217, p7, p1, None, None, None, None, None, None, None, None, None, None, None, None]
+1898: i221 = strgetitem(p7, i217)
+1904: i223 = int_add(i217, 1)
+1908: i225 = int_and(i221, 8)
+1915: setfield_gc(ConstPtr(ptr6), i223, descr=<FieldS pyrlang.rpybeam.beam_code.CodeParser.inst_offset 48>)
+1928: i226 = int_is_true(i225)
guard_false(i226, descr=<Guard0x1007890c0>) [p1, i221, None, None, None, None, None, None, None, None, None, None, None, None]
+1938: i228 = int_rshift(i221, 4)
+1942: i230 = int_lt(i223, 0)
guard_false(i230, descr=<Guard0x100789050>) [i228, p1, i223, p7, None, None, None, None, None, None, None, None, None, None, None, None]
+1952: i231 = strgetitem(p7, i223)
+1958: i233 = int_add(i223, 1)
+1963: i235 = int_and(i231, 7)
+1970: setfield_gc(ConstPtr(ptr6), i233, descr=<FieldS pyrlang.rpybeam.beam_code.CodeParser.inst_offset 48>)
+1983: i237 = int_eq(i235, 7)
guard_false(i237, descr=<Guard0x100788f70>) [i228, p1, i231, None, None, None, None, None, None, None, None, None, None, None, None]
+1993: i239 = int_and(i231, 8)
+2000: i240 = int_is_true(i239)
guard_false(i240, descr=<Guard0x100788f00>) [i228, p1, i235, i231, None, None, None, None, None, None, None, None, None, None, None, None]
+2010: i242 = int_rshift(i231, 4)
+2014: i244 = int_lt(i233, 0)
guard_false(i244, descr=<Guard0x100788e90>) [i228, p1, i233, p7, i235, i242, None, None, None, None, None, None, None, None, None, None, None, None]
+2024: i245 = strgetitem(p7, i233)
+2030: i247 = int_add(i233, 1)
+2034: i249 = int_and(i245, 7)
+2041: setfield_gc(ConstPtr(ptr6), i247, descr=<FieldS pyrlang.rpybeam.beam_code.CodeParser.inst_offset 48>)
+2054: i251 = int_eq(i249, 7)
guard_false(i251, descr=<Guard0x100788db0>) [i228, p1, i245, i235, i242, None, None, None, None, None, None, None, None, None, None, None, None]
+2064: i253 = int_and(i245, 8)
+2071: i254 = int_is_true(i253)
guard_false(i254, descr=<Guard0x100788d40>) [i228, p1, i249, i245, i235, i242, None, None, None, None, None, None, None, None, None, None, None, None]
+2081: i256 = int_rshift(i245, 4)
+2085: guard_value(i235, 3, descr=<Guard0x100788cd0>) [p1, i228, i242, i235, i249, i256, None, None, None, None, None, None, None, None, None, None, None, None, None, None]
+2095: p258 = getfield_gc(p52, descr=<FieldP list.items 16>)
+2106: p259 = getarrayitem_gc(p258, i242, descr=<ArrayP 8>)
+2111: guard_value(i249, 3, descr=<Guard0x100788bf0>) [p1, i228, p259, i256, i249, None, None, None, None, None, None, None, None, None, None, None, None, None, None, None, None]
+2121: p261 = getarrayitem_gc(p258, i256, descr=<ArrayP 8>)
+2126: guard_class(p259, 4297394424, descr=<Guard0x100788b10>) [p1, i228, p259, p261, None, None, None, None, None, None, None, None, None, None, None, None, None, None, None, None]
+2139: guard_nonnull_class(p261, 4297394424, descr=<Guard0x100788aa0>) [p1, i228, p259, p261, None, None, None, None, None, None, None, None, None, None, None, None, None, None, None, None]
+2159: i264 = getfield_gc(p259, descr=<FieldS pyrlang.interpreter.datatypes.root.W_Root.inst_intval 24>)
+2163: i265 = getfield_gc(p261, descr=<FieldS pyrlang.interpreter.datatypes.root.W_Root.inst_intval 24>)
+2168: i266 = int_lt(i264, i265)
guard_true(i266, descr=<Guard0x1007889c0>) [p1, i228, None, None, None, None, None, None, None, None, None, None, None, None, None, None, None, None]
debug_merge_point(0, 0, '156 is_nonempty_list')
+2177: i268 = int_lt(i247, 0)
guard_false(i268, descr=<Guard0x100788950>) [i247, p7, p1, None, None, None, None, None, None, None, None, None, None, None, None, None, None, None, None]
+2187: i269 = strgetitem(p7, i247)
+2193: i271 = int_add(i247, 1)
+2197: setfield_gc(ConstPtr(ptr6), i271, descr=<FieldS pyrlang.rpybeam.beam_code.CodeParser.inst_offset 48>)
+2210: guard_value(i269, 16, descr=<Guard0x1007888e0>) [i271, i269, p1, None, None, None, None, None, None, None, None, None, None, None, None, None, None, None, None]
+2220: i274 = int_lt(i271, 0)
guard_false(i274, descr=<Guard0x100788870>) [p1, i271, p7, None, None, None, None, None, None, None, None, None, None, None, None, None, None, None, None]
+2230: i275 = strgetitem(p7, i271)
+2236: i277 = int_add(i271, 1)
+2240: i279 = int_and(i275, 7)
+2247: setfield_gc(ConstPtr(ptr6), i277, descr=<FieldS pyrlang.rpybeam.beam_code.CodeParser.inst_offset 48>)
+2260: i281 = int_eq(i279, 7)
guard_false(i281, descr=<Guard0x100788790>) [p1, i275, None, None, None, None, None, None, None, None, None, None, None, None, None, None, None, None]
+2270: i283 = int_and(i275, 8)
+2277: i284 = int_is_true(i283)
guard_false(i284, descr=<Guard0x100788720>) [p1, i279, i275, None, None, None, None, None, None, None, None, None, None, None, None, None, None, None, None]
+2287: i286 = int_rshift(i275, 4)
+2287: i288 = int_lt(i277, 0)
guard_false(i288, descr=<Guard0x1007886b0>) [p1, i277, p7, None, None, None, None, None, None, None, None, None, None, None, None, None, None, None, None]
+2297: i289 = strgetitem(p7, i277)
+2303: i291 = int_add(i277, 1)
+2307: i293 = int_and(i289, 7)
+2314: setfield_gc(ConstPtr(ptr6), i291, descr=<FieldS pyrlang.rpybeam.beam_code.CodeParser.inst_offset 48>)
+2327: i295 = int_eq(i293, 7)
guard_false(i295, descr=<Guard0x1007885d0>) [p1, i289, None, None, None, None, None, None, None, None, None, None, None, None, None, None, None, None]
+2337: i297 = int_and(i289, 8)
+2344: i298 = int_is_true(i297)
guard_false(i298, descr=<Guard0x100788560>) [p1, i293, i289, None, None, None, None, None, None, None, None, None, None, None, None, None, None, None, None]
+2354: i300 = int_rshift(i289, 4)
debug_merge_point(0, 0, '156 is_nonempty_list')
+2354: i302 = int_lt(i291, 0)
guard_false(i302, descr=<Guard0x1007884f0>) [i291, p7, p1, None, None, None, None, None, None, None, None, None, None, None, None, None, None, None, None]
+2364: i303 = strgetitem(p7, i291)
+2370: i305 = int_add(i291, 1)
+2374: setfield_gc(ConstPtr(ptr6), i305, descr=<FieldS pyrlang.rpybeam.beam_code.CodeParser.inst_offset 48>)
+2387: guard_value(i303, 69, descr=<Guard0x100788480>) [i305, i303, p1, None, None, None, None, None, None, None, None, None, None, None, None, None, None, None, None]
+2397: i308 = int_lt(i305, 0)
guard_false(i308, descr=<Guard0x100788410>) [p1, i305, p7, None, None, None, None, None, None, None, None, None, None, None, None, None, None, None, None]
+2407: i309 = strgetitem(p7, i305)
+2413: i311 = int_add(i305, 1)
+2417: i313 = int_and(i309, 7)
+2424: setfield_gc(ConstPtr(ptr6), i311, descr=<FieldS pyrlang.rpybeam.beam_code.CodeParser.inst_offset 48>)
+2437: i315 = int_eq(i313, 7)
guard_false(i315, descr=<Guard0x100788330>) [p1, i309, None, None, None, None, None, None, None, None, None, None, None, None, None, None, None, None]
+2447: i317 = int_and(i309, 8)
+2454: i318 = int_is_true(i317)
guard_false(i318, descr=<Guard0x1007882c0>) [p1, i313, i309, None, None, None, None, None, None, None, None, None, None, None, None, None, None, None, None]
+2464: i320 = int_rshift(i309, 4)
+2468: i322 = int_lt(i311, 0)
guard_false(i322, descr=<Guard0x100788250>) [p1, i311, p7, i313, i320, None, None, None, None, None, None, None, None, None, None, None, None, None, None, None, None]
+2478: i323 = strgetitem(p7, i311)
+2484: i325 = int_add(i311, 1)
+2488: i327 = int_and(i323, 7)
+2495: setfield_gc(ConstPtr(ptr6), i325, descr=<FieldS pyrlang.rpybeam.beam_code.CodeParser.inst_offset 48>)
+2508: i329 = int_eq(i327, 7)
guard_false(i329, descr=<Guard0x100788170>) [p1, i323, i313, i320, None, None, None, None, None, None, None, None, None, None, None, None, None, None, None, None]
+2518: i331 = int_and(i323, 8)
+2525: i332 = int_is_true(i331)
guard_false(i332, descr=<Guard0x100788100>) [p1, i327, i323, i313, i320, None, None, None, None, None, None, None, None, None, None, None, None, None, None, None, None]
+2535: i334 = int_rshift(i323, 4)
+2539: i336 = int_lt(i325, 0)
guard_false(i336, descr=<Guard0x100788090>) [p1, i325, p7, i327, i334, i313, i320, None, None, None, None, None, None, None, None, None, None, None, None, None, None, None, None]
+2549: i337 = strgetitem(p7, i325)
+2555: i339 = int_add(i325, 1)
+2560: i341 = int_and(i337, 7)
+2567: setfield_gc(ConstPtr(ptr6), i339, descr=<FieldS pyrlang.rpybeam.beam_code.CodeParser.inst_offset 48>)
+2580: i343 = int_eq(i341, 7)
guard_false(i343, descr=<Guard0x100777f30>) [p1, i337, i327, i334, i313, i320, None, None, None, None, None, None, None, None, None, None, None, None, None, None, None, None]
+2590: i345 = int_and(i337, 8)
+2597: i346 = int_is_true(i345)
guard_false(i346, descr=<Guard0x100777ec0>) [p1, i341, i337, i327, i334, i313, i320, None, None, None, None, None, None, None, None, None, None, None, None, None, None, None, None]
+2607: i348 = int_rshift(i337, 4)
+2611: i350 = int_eq(i313, 3)
guard_true(i350, descr=<Guard0x100777e50>) [p1, i320, i341, i348, i327, i334, None, None, None, None, None, None, None, None, None, None, None, None, None, None, None, None, None, None]
+2621: p351 = getarrayitem_gc(p258, i320, descr=<ArrayP 8>)
+2626: i353 = int_eq(i327, 3)
guard_true(i353, descr=<Guard0x100777d70>) [p1, p351, i334, i341, i348, None, None, None, None, None, None, None, None, None, None, None, None, None, None, None, None, None, None, None, None]
+2636: p354 = getarrayitem_gc(p258, i334, descr=<ArrayP 8>)
+2641: guard_nonnull_class(p351, 4297394424, descr=<Guard0x100777c90>) [p1, p354, p351, i341, i348, None, None, None, None, None, None, None, None, None, None, None, None, None, None, None, None, None, None, None, None]
+2660: i357 = int_eq(i341, 3)
guard_true(i357, descr=<Guard0x100777bb0>) [p1, i348, p354, p351, None, None, None, None, None, None, None, None, None, None, None, None, None, None, None, None, None, None, None, None, None, None]
p359 = new_with_vtable(4297394600)
+2779: call(ConstClass(X_Register.store), p51, i348, p359, descr=<Callv 0 rir EF=4>)
+2917: setfield_gc(p359, p351, descr=<FieldP pyrlang.interpreter.datatypes.list.W_ListObject.inst_left 32>)
+2928: setfield_gc(p359, p354, descr=<FieldP pyrlang.interpreter.datatypes.list.W_ListObject.inst_right 40>)
+2939: guard_no_exception(descr=<Guard0x100777b40>) [p1]
debug_merge_point(0, 0, '156 is_nonempty_list')
+2959: i362 = int_lt(i339, 0)
guard_false(i362, descr=<Guard0x100777ad0>) [i339, p7, p1]
+2973: i363 = strgetitem(p7, i339)
+2993: i365 = int_add(i339, 1)
+2997: setfield_gc(ConstPtr(ptr6), i365, descr=<FieldS pyrlang.rpybeam.beam_code.CodeParser.inst_offset 48>)
+3010: guard_value(i363, 69, descr=<Guard0x100777a60>) [i365, i363, p1]
+3020: i368 = int_lt(i365, 0)
guard_false(i368, descr=<Guard0x1007779f0>) [p1, i365, p7]
+3030: i369 = strgetitem(p7, i365)
+3036: i371 = int_add(i365, 1)
+3040: i373 = int_and(i369, 7)
+3047: setfield_gc(ConstPtr(ptr6), i371, descr=<FieldS pyrlang.rpybeam.beam_code.CodeParser.inst_offset 48>)
+3060: i375 = int_eq(i373, 7)
guard_false(i375, descr=<Guard0x100777910>) [p1, i369]
+3070: i377 = int_and(i369, 8)
+3077: i378 = int_is_true(i377)
guard_false(i378, descr=<Guard0x1007778a0>) [p1, i373, i369]
+3087: i380 = int_rshift(i369, 4)
+3091: i382 = int_lt(i371, 0)
guard_false(i382, descr=<Guard0x100777830>) [p1, i371, p7, i373, i380]
+3101: i383 = strgetitem(p7, i371)
+3107: i385 = int_add(i371, 1)
+3111: i387 = int_and(i383, 7)
+3118: setfield_gc(ConstPtr(ptr6), i385, descr=<FieldS pyrlang.rpybeam.beam_code.CodeParser.inst_offset 48>)
+3131: i389 = int_eq(i387, 7)
guard_false(i389, descr=<Guard0x100777750>) [p1, i383, i373, i380]
+3141: i391 = int_and(i383, 8)
+3148: i392 = int_is_true(i391)
guard_false(i392, descr=<Guard0x1007776e0>) [p1, i387, i383, i373, i380]
+3158: i394 = int_rshift(i383, 4)
+3162: i396 = int_lt(i385, 0)
guard_false(i396, descr=<Guard0x100777670>) [p1, i385, p7, i394, i387, i373, i380]
+3172: i397 = strgetitem(p7, i385)
+3178: i399 = int_add(i385, 1)
+3182: i401 = int_and(i397, 7)
+3189: setfield_gc(ConstPtr(ptr6), i399, descr=<FieldS pyrlang.rpybeam.beam_code.CodeParser.inst_offset 48>)
+3202: i403 = int_eq(i401, 7)
guard_false(i403, descr=<Guard0x100777590>) [p1, i397, i394, i387, i373, i380]
+3212: i405 = int_and(i397, 8)
+3219: i406 = int_is_true(i405)
guard_false(i406, descr=<Guard0x100777520>) [p1, i401, i397, i394, i387, i373, i380]
+3229: i408 = int_rshift(i397, 4)
+3233: i410 = int_eq(i373, 3)
guard_true(i410, descr=<Guard0x1007774b0>) [p1, i380, i408, i401, i394, i387, None, None]
+3243: p411 = getfield_gc(p52, descr=<FieldP list.items 16>)
+3254: p412 = getarrayitem_gc(p411, i380, descr=<ArrayP 8>)
+3259: i414 = int_eq(i387, 3)
guard_true(i414, descr=<Guard0x1007773d0>) [p1, p412, i394, i408, i401, None, None, None, None]
+3269: p415 = getarrayitem_gc(p411, i394, descr=<ArrayP 8>)
+3274: guard_nonnull_class(p412, 4297394424, descr=<Guard0x100776870>) [p1, p415, p412, i408, i401, None, None, None, None]
+3292: i418 = int_eq(i401, 3)
guard_true(i418, descr=<Guard0x100777280>) [p1, i408, p415, p412, None, None, None, None, None, None]
p420 = new_with_vtable(4297394600)
+3404: call(ConstClass(X_Register.store), p51, i408, p420, descr=<Callv 0 rir EF=4>)
+3529: setfield_gc(p420, p412, descr=<FieldP pyrlang.interpreter.datatypes.list.W_ListObject.inst_left 32>)
+3540: setfield_gc(p420, p415, descr=<FieldP pyrlang.interpreter.datatypes.list.W_ListObject.inst_right 40>)
+3551: guard_no_exception(descr=<Guard0x100777210>) [p1]
debug_merge_point(0, 0, '156 is_nonempty_list')
+3571: i423 = int_lt(i399, 0)
guard_false(i423, descr=<Guard0x1007771a0>) [i399, p7, p1]
+3581: i424 = strgetitem(p7, i399)
+3594: i426 = int_add(i399, 1)
+3598: setfield_gc(ConstPtr(ptr6), i426, descr=<FieldS pyrlang.rpybeam.beam_code.CodeParser.inst_offset 48>)
+3611: guard_value(i424, 64, descr=<Guard0x100777130>) [i426, i424, p1]
+3621: i429 = int_lt(i426, 0)
guard_false(i429, descr=<Guard0x1007770c0>) [p1, i426, p7]
+3631: i430 = strgetitem(p7, i426)
+3637: i432 = int_add(i426, 1)
+3641: i434 = int_and(i430, 7)
+3648: setfield_gc(ConstPtr(ptr6), i432, descr=<FieldS pyrlang.rpybeam.beam_code.CodeParser.inst_offset 48>)
+3661: i436 = int_eq(i434, 7)
guard_false(i436, descr=<Guard0x100776fe0>) [p1, i430]
+3671: i438 = int_and(i430, 8)
+3678: i439 = int_is_true(i438)
guard_false(i439, descr=<Guard0x100776f70>) [p1, i434, i430]
+3688: i441 = int_rshift(i430, 4)
+3692: i443 = int_lt(i432, 0)
guard_false(i443, descr=<Guard0x100776f00>) [p1, i432, p7, i434, i441]
+3702: i444 = strgetitem(p7, i432)
+3708: i446 = int_add(i432, 1)
+3712: i448 = int_and(i444, 7)
+3719: setfield_gc(ConstPtr(ptr6), i446, descr=<FieldS pyrlang.rpybeam.beam_code.CodeParser.inst_offset 48>)
+3732: i450 = int_eq(i448, 7)
guard_false(i450, descr=<Guard0x100776e20>) [p1, i444, i434, i441]
+3742: i452 = int_and(i444, 8)
+3749: i453 = int_is_true(i452)
guard_false(i453, descr=<Guard0x100776db0>) [p1, i448, i444, i434, i441]
+3759: i455 = int_rshift(i444, 4)
+3763: guard_value(i434, 2, descr=<Guard0x100776d40>) [p1, i441, i434, i455, i448, None, None]
+3773: i457 = int_is_zero(i441)
guard_false(i457, descr=<Guard0x100776cd0>) [p1, i441, i455, i448, None, None]
+3783: i459 = int_eq(i448, 3)
guard_true(i459, descr=<Guard0x100776c60>) [p1, i455, None, None, None, i441]
p461 = new_with_vtable(ConstClass(W_AtomObject))
+3879: call(ConstClass(X_Register.store), p51, i455, p461, descr=<Callv 0 rir EF=4>)
+3981: setfield_gc(p461, i441, descr=<FieldS pyrlang.interpreter.datatypes.root.W_Root.inst_indexval 16>)
+3999: guard_no_exception(descr=<Guard0x100776bf0>) [p1]
debug_merge_point(0, 0, '156 is_nonempty_list')
+4019: i464 = int_lt(i446, 0)
guard_false(i464, descr=<Guard0x100758020>) [i446, p7, p1]
+4029: i465 = strgetitem(p7, i446)
+4042: i467 = int_add(i446, 1)
+4046: setfield_gc(ConstPtr(ptr6), i467, descr=<FieldS pyrlang.rpybeam.beam_code.CodeParser.inst_offset 48>)
+4059: guard_value(i465, 6, descr=<Guard0x100776b80>) [i467, i465, p1]
+4069: i470 = int_lt(i467, 0)
guard_false(i470, descr=<Guard0x100776b10>) [i467, p7, p1]
+4079: i471 = strgetitem(p7, i467)
+4085: i473 = int_add(i467, 1)
+4089: i475 = int_and(i471, 8)
+4096: setfield_gc(ConstPtr(ptr6), i473, descr=<FieldS pyrlang.rpybeam.beam_code.CodeParser.inst_offset 48>)
+4109: i476 = int_is_true(i475)
guard_false(i476, descr=<Guard0x100776aa0>) [p1, i471]
+4119: i478 = int_rshift(i471, 4)
+4119: i480 = int_lt(i473, 0)
guard_false(i480, descr=<Guard0x100776a30>) [i473, p7, p1]
+4129: i481 = strgetitem(p7, i473)
+4135: i483 = int_add(i473, 1)
+4139: i485 = int_and(i481, 8)
+4146: setfield_gc(ConstPtr(ptr6), i483, descr=<FieldS pyrlang.rpybeam.beam_code.CodeParser.inst_offset 48>)
+4159: i486 = int_is_true(i485)
guard_false(i486, descr=<Guard0x1007769c0>) [p1, i481]
+4169: i488 = int_rshift(i481, 4)
+4173: p489 = getfield_gc(ConstPtr(ptr6), descr=<FieldP pyrlang.rpybeam.beam_code.CodeParser.inst_labelTable 40>)
+4186: i491 = int_sub(i488, 1)
+4190: i493 = int_lt(i491, 0)
guard_false(i493, descr=<Guard0x100776950>) [i491, p489, p1]
+4200: p494 = getfield_gc(p489, descr=<FieldP list.items 16>)
+4204: i495 = getarrayitem_gc(p494, i491, descr=<ArrayS 8>)
debug_merge_point(0, 0, '156 is_nonempty_list')
+4209: setfield_gc(ConstPtr(ptr6), i495, descr=<FieldS pyrlang.rpybeam.beam_code.CodeParser.inst_offset 48>)
+4222: p496 = same_as(p51)
+4229: p497 = same_as(p59)
+4236: p498 = same_as(p58)
+4243: p499 = same_as(p57)
+4250: i500 = same_as(i56)
+4257: label(i56, p1, p57, p58, p51, p59, i495, p7, p52, p496, p489, p494, i500, p499, p498, p497, descr=TargetToken(4302701776))
debug_merge_point(0, 0, '156 is_nonempty_list')
+4305: i501 = int_lt(i495, 0)
guard_false(i501, descr=<Guard0x10079b050>) [i495, p7, p1]
+4315: i502 = strgetitem(p7, i495)
+4321: i503 = int_add(i495, 1)
+4325: setfield_gc(ConstPtr(ptr6), i503, descr=<FieldS pyrlang.rpybeam.beam_code.CodeParser.inst_offset 48>)
+4338: guard_value(i502, 56, descr=<Guard0x101c02870>) [i503, i502, p1]
+4348: i504 = int_lt(i503, 0)
guard_false(i504, descr=<Guard0x101c02800>) [i503, p7, p1]
+4358: i505 = strgetitem(p7, i503)
+4364: i506 = int_add(i503, 1)
+4368: i507 = int_and(i505, 8)
+4375: setfield_gc(ConstPtr(ptr6), i506, descr=<FieldS pyrlang.rpybeam.beam_code.CodeParser.inst_offset 48>)
+4388: i508 = int_is_true(i507)
guard_true(i508, descr=<Guard0x101c02790>) [p1, i505]
+4398: i509 = int_and(i505, 16)
+4405: i510 = int_is_true(i509)
guard_false(i510, descr=<Guard0x101c02720>) [p1, i505]
+4415: i511 = int_lt(i506, 0)
guard_false(i511, descr=<Guard0x101c026b0>) [p1, i506, i505, p7]
+4425: i512 = strgetitem(p7, i506)
+4431: i513 = int_add(i506, 1)
+4435: i514 = int_and(i505, 224)
+4442: i515 = int_lshift(i514, 3)
+4446: i516 = int_or(i515, i512)
+4449: setfield_gc(ConstPtr(ptr6), i513, descr=<FieldS pyrlang.rpybeam.beam_code.CodeParser.inst_offset 48>)
+4462: i517 = int_lt(i513, 0)
guard_false(i517, descr=<Guard0x101c02640>) [i516, p1, i513, p7]
+4472: i518 = strgetitem(p7, i513)
+4478: i519 = int_add(i513, 1)
+4482: i520 = int_and(i518, 7)
+4489: setfield_gc(ConstPtr(ptr6), i519, descr=<FieldS pyrlang.rpybeam.beam_code.CodeParser.inst_offset 48>)
+4502: i521 = int_eq(i520, 7)
guard_false(i521, descr=<Guard0x101c025d0>) [i516, p1, i518]
+4512: i522 = int_and(i518, 8)
+4519: i523 = int_is_true(i522)
guard_false(i523, descr=<Guard0x101c02560>) [i516, p1, i520, i518]
+4529: i524 = int_rshift(i518, 4)
+4533: guard_value(i520, 3, descr=<Guard0x101c024f0>) [i516, p1, i524, i520]
+4543: p525 = getfield_gc(p52, descr=<FieldP list.items 16>)
+4554: p526 = getarrayitem_gc(p525, i524, descr=<ArrayP 8>)
+4559: guard_nonnull_class(p526, 4297394600, descr=<Guard0x101c02480>) [i516, p526, p1]
debug_merge_point(0, 0, '156 is_nonempty_list')
+4577: i527 = int_lt(i519, 0)
guard_false(i527, descr=<Guard0x101c02410>) [i519, p7, p1]
+4587: i528 = strgetitem(p7, i519)
+4593: i529 = int_add(i519, 1)
+4597: setfield_gc(ConstPtr(ptr6), i529, descr=<FieldS pyrlang.rpybeam.beam_code.CodeParser.inst_offset 48>)
+4610: guard_value(i528, 65, descr=<Guard0x101c023a0>) [i529, i528, p1]
+4620: i530 = int_lt(i529, 0)
guard_false(i530, descr=<Guard0x101c02330>) [p1, i529, p7]
+4630: i531 = strgetitem(p7, i529)
+4636: i532 = int_add(i529, 1)
+4640: i533 = int_and(i531, 7)
+4647: setfield_gc(ConstPtr(ptr6), i532, descr=<FieldS pyrlang.rpybeam.beam_code.CodeParser.inst_offset 48>)
+4660: i534 = int_eq(i533, 7)
guard_false(i534, descr=<Guard0x101c022c0>) [p1, i531]
+4670: i535 = int_and(i531, 8)
+4677: i536 = int_is_true(i535)
guard_false(i536, descr=<Guard0x101c02250>) [p1, i533, i531]
+4687: i537 = int_rshift(i531, 4)
+4691: i538 = int_lt(i532, 0)
guard_false(i538, descr=<Guard0x101c021e0>) [p1, i532, p7, i533, i537]
+4701: i539 = strgetitem(p7, i532)
+4707: i540 = int_add(i532, 1)
+4711: i541 = int_and(i539, 7)
+4718: setfield_gc(ConstPtr(ptr6), i540, descr=<FieldS pyrlang.rpybeam.beam_code.CodeParser.inst_offset 48>)
+4731: i542 = int_eq(i541, 7)
guard_false(i542, descr=<Guard0x101c02170>) [p1, i539, i533, i537]
+4741: i543 = int_and(i539, 8)
+4748: i544 = int_is_true(i543)
guard_false(i544, descr=<Guard0x101c02100>) [p1, i541, i539, i533, i537]
+4758: i545 = int_rshift(i539, 4)
+4762: i546 = int_lt(i540, 0)
guard_false(i546, descr=<Guard0x101c02090>) [p1, i540, p7, i541, i545, i533, i537]
+4772: i547 = strgetitem(p7, i540)
+4778: i548 = int_add(i540, 1)
+4782: i549 = int_and(i547, 7)
+4789: setfield_gc(ConstPtr(ptr6), i548, descr=<FieldS pyrlang.rpybeam.beam_code.CodeParser.inst_offset 48>)
+4802: i550 = int_eq(i549, 7)
guard_false(i550, descr=<Guard0x101c02020>) [p1, i547, i541, i545, i533, i537]
+4812: i551 = int_and(i547, 8)
+4819: i552 = int_is_true(i551)
guard_false(i552, descr=<Guard0x1007bbf30>) [p1, i549, i547, i541, i545, i533, i537]
+4829: i553 = int_rshift(i547, 4)
+4833: i554 = int_eq(i533, 3)
guard_true(i554, descr=<Guard0x1007bbec0>) [p1, i537, i549, i553, i541, i545, None, None]
+4843: p555 = getarrayitem_gc(p525, i537, descr=<ArrayP 8>)
+4848: p556 = getfield_gc(p555, descr=<FieldP pyrlang.interpreter.datatypes.list.W_ListObject.inst_left 32>)
+4852: i557 = int_eq(i541, 3)
guard_true(i557, descr=<Guard0x1007bbe50>) [p555, p1, i545, p556, i549, i553, None, None, None, None]
+4862: call(ConstClass(X_Register.store), p496, i545, p556, descr=<Callv 0 rir EF=4>)
+4984: guard_no_exception(descr=<Guard0x1007bbde0>) [p555, p1, i549, i553, None, None, None, None]
+5004: p558 = getfield_gc(p555, descr=<FieldP pyrlang.interpreter.datatypes.list.W_ListObject.inst_right 40>)
+5015: i559 = int_eq(i549, 3)
guard_true(i559, descr=<Guard0x1007bbd70>) [p1, i553, p558, None, None, None, None, None, None]
+5029: call(ConstClass(X_Register.store), p496, i553, p558, descr=<Callv 0 rir EF=4>)
+5117: guard_no_exception(descr=<Guard0x1007bbd00>) [p1, None, None, None, None, None, None]
debug_merge_point(0, 0, '156 is_nonempty_list')
+5137: i560 = int_lt(i548, 0)
guard_false(i560, descr=<Guard0x1007bbc90>) [i548, p7, p1, None, None, None, None, None, None]
+5147: i561 = strgetitem(p7, i548)
+5160: i562 = int_add(i548, 1)
+5164: setfield_gc(ConstPtr(ptr6), i562, descr=<FieldS pyrlang.rpybeam.beam_code.CodeParser.inst_offset 48>)
+5177: guard_value(i561, 56, descr=<Guard0x1007bbc20>) [i562, i561, p1, None, None, None, None, None, None]
+5187: i563 = int_lt(i562, 0)
guard_false(i563, descr=<Guard0x1007bbbb0>) [i562, p7, p1, None, None, None, None, None, None]
+5197: i564 = strgetitem(p7, i562)
+5203: i565 = int_add(i562, 1)
+5207: i566 = int_and(i564, 8)
+5214: setfield_gc(ConstPtr(ptr6), i565, descr=<FieldS pyrlang.rpybeam.beam_code.CodeParser.inst_offset 48>)
+5227: i567 = int_is_true(i566)
guard_false(i567, descr=<Guard0x1007bbb40>) [p1, i564, None, None, None, None, None, None]
+5237: i568 = int_rshift(i564, 4)
+5241: i569 = int_lt(i565, 0)
guard_false(i569, descr=<Guard0x1007bbad0>) [i568, p1, i565, p7, None, None, None, None, None, None]
+5251: i570 = strgetitem(p7, i565)
+5257: i571 = int_add(i565, 1)
+5261: i572 = int_and(i570, 7)
+5268: setfield_gc(ConstPtr(ptr6), i571, descr=<FieldS pyrlang.rpybeam.beam_code.CodeParser.inst_offset 48>)
+5281: i573 = int_eq(i572, 7)
guard_false(i573, descr=<Guard0x1007bba60>) [i568, p1, i570, None, None, None, None, None, None]
+5291: i574 = int_and(i570, 8)
+5298: i575 = int_is_true(i574)
guard_false(i575, descr=<Guard0x1007bb9f0>) [i568, p1, i572, i570, None, None, None, None, None, None]
+5308: i576 = int_rshift(i570, 4)
+5312: guard_value(i572, 3, descr=<Guard0x1007bb980>) [i568, p1, i576, i572, None, None, None, None, None, None]
+5322: p577 = getfield_gc(p52, descr=<FieldP list.items 16>)
+5333: p578 = getarrayitem_gc(p577, i576, descr=<ArrayP 8>)
+5338: guard_nonnull_class(p578, 4297394600, descr=<Guard0x1007bb910>) [i568, p578, p1, None, None, None, None, None, None]
debug_merge_point(0, 0, '156 is_nonempty_list')
+5358: i579 = int_lt(i571, 0)
guard_false(i579, descr=<Guard0x1007bb8a0>) [i571, p7, p1, None, None, None, None, None, None]
+5368: i580 = strgetitem(p7, i571)
+5374: i581 = int_add(i571, 1)
+5378: setfield_gc(ConstPtr(ptr6), i581, descr=<FieldS pyrlang.rpybeam.beam_code.CodeParser.inst_offset 48>)
+5391: guard_value(i580, 65, descr=<Guard0x1007bb830>) [i581, i580, p1, None, None, None, None, None, None]
+5401: i582 = int_lt(i581, 0)
guard_false(i582, descr=<Guard0x1007bb7c0>) [p1, i581, p7, None, None, None, None, None, None]
+5411: i583 = strgetitem(p7, i581)
+5417: i584 = int_add(i581, 1)
+5421: i585 = int_and(i583, 7)
+5428: setfield_gc(ConstPtr(ptr6), i584, descr=<FieldS pyrlang.rpybeam.beam_code.CodeParser.inst_offset 48>)
+5441: i586 = int_eq(i585, 7)
guard_false(i586, descr=<Guard0x1007bb750>) [p1, i583, None, None, None, None, None, None]
+5451: i587 = int_and(i583, 8)
+5458: i588 = int_is_true(i587)
guard_false(i588, descr=<Guard0x1007bb6e0>) [p1, i585, i583, None, None, None, None, None, None]
+5468: i589 = int_rshift(i583, 4)
+5472: i590 = int_lt(i584, 0)
guard_false(i590, descr=<Guard0x1007bb670>) [p1, i584, p7, i589, i585, None, None, None, None, None, None]
+5482: i591 = strgetitem(p7, i584)
+5488: i592 = int_add(i584, 1)
+5492: i593 = int_and(i591, 7)
+5499: setfield_gc(ConstPtr(ptr6), i592, descr=<FieldS pyrlang.rpybeam.beam_code.CodeParser.inst_offset 48>)
+5512: i594 = int_eq(i593, 7)
guard_false(i594, descr=<Guard0x1007bb600>) [p1, i591, i589, i585, None, None, None, None, None, None]
+5522: i595 = int_and(i591, 8)
+5529: i596 = int_is_true(i595)
guard_false(i596, descr=<Guard0x1007bb590>) [p1, i593, i591, i589, i585, None, None, None, None, None, None]
+5539: i597 = int_rshift(i591, 4)
+5543: i598 = int_lt(i592, 0)
guard_false(i598, descr=<Guard0x1007bb520>) [p1, i592, p7, i593, i597, i589, i585, None, None, None, None, None, None]
+5553: i599 = strgetitem(p7, i592)
+5559: i600 = int_add(i592, 1)
+5563: i601 = int_and(i599, 7)
+5570: setfield_gc(ConstPtr(ptr6), i600, descr=<FieldS pyrlang.rpybeam.beam_code.CodeParser.inst_offset 48>)
+5583: i602 = int_eq(i601, 7)
guard_false(i602, descr=<Guard0x1007bb440>) [p1, i599, i593, i597, i589, i585, None, None, None, None, None, None]
+5593: i603 = int_and(i599, 8)
+5600: i604 = int_is_true(i603)
guard_false(i604, descr=<Guard0x1007bb3d0>) [p1, i601, i599, i593, i597, i589, i585, None, None, None, None, None, None]
+5610: i605 = int_rshift(i599, 4)
+5614: i606 = int_eq(i585, 3)
guard_true(i606, descr=<Guard0x1007bb360>) [p1, i589, i601, i605, i593, i597, None, None, None, None, None, None, None, None]
+5624: p607 = getarrayitem_gc(p577, i589, descr=<ArrayP 8>)
+5629: p608 = getfield_gc(p607, descr=<FieldP pyrlang.interpreter.datatypes.list.W_ListObject.inst_left 32>)
+5633: i609 = int_eq(i593, 3)
guard_true(i609, descr=<Guard0x1007bb2f0>) [p607, p1, i597, p608, i601, i605, None, None, None, None, None, None, None, None, None, None]
+5643: call(ConstClass(X_Register.store), p496, i597, p608, descr=<Callv 0 rir EF=4>)
+5748: guard_no_exception(descr=<Guard0x1007bb280>) [p607, p1, i601, i605, None, None, None, None, None, None, None, None, None, None]
+5768: p610 = getfield_gc(p607, descr=<FieldP pyrlang.interpreter.datatypes.list.W_ListObject.inst_right 40>)
+5779: i611 = int_eq(i601, 3)
guard_true(i611, descr=<Guard0x1007bb210>) [p1, i605, p610, None, None, None, None, None, None, None, None, None, None, None, None]
+5793: call(ConstClass(X_Register.store), p496, i605, p610, descr=<Callv 0 rir EF=4>)
+5881: guard_no_exception(descr=<Guard0x1007bb1a0>) [p1, None, None, None, None, None, None, None, None, None, None, None, None]
debug_merge_point(0, 0, '156 is_nonempty_list')
+5901: i612 = int_lt(i600, 0)
guard_false(i612, descr=<Guard0x1007bb130>) [i600, p7, p1, None, None, None, None, None, None, None, None, None, None, None, None]
+5911: i613 = strgetitem(p7, i600)
+5924: i614 = int_add(i600, 1)
+5928: setfield_gc(ConstPtr(ptr6), i614, descr=<FieldS pyrlang.rpybeam.beam_code.CodeParser.inst_offset 48>)
+5941: guard_value(i613, 39, descr=<Guard0x1007bb0c0>) [i614, i613, p1, None, None, None, None, None, None, None, None, None, None, None, None]
+5951: i615 = int_lt(i614, 0)
guard_false(i615, descr=<Guard0x1007bb050>) [i614, p7, p1, None, None, None, None, None, None, None, None, None, None, None, None]
+5961: i616 = strgetitem(p7, i614)
+5967: i617 = int_add(i614, 1)
+5971: i618 = int_and(i616, 8)
+5978: setfield_gc(ConstPtr(ptr6), i617, descr=<FieldS pyrlang.rpybeam.beam_code.CodeParser.inst_offset 48>)
+5991: i619 = int_is_true(i618)
guard_false(i619, descr=<Guard0x1007bafe0>) [p1, i616, None, None, None, None, None, None, None, None, None, None, None, None]
+6001: i620 = int_rshift(i616, 4)
+6005: i621 = int_lt(i617, 0)
guard_false(i621, descr=<Guard0x1007baf70>) [i620, p1, i617, p7, None, None, None, None, None, None, None, None, None, None, None, None]
+6015: i622 = strgetitem(p7, i617)
+6021: i623 = int_add(i617, 1)
+6025: i624 = int_and(i622, 7)
+6032: setfield_gc(ConstPtr(ptr6), i623, descr=<FieldS pyrlang.rpybeam.beam_code.CodeParser.inst_offset 48>)
+6045: i625 = int_eq(i624, 7)
guard_false(i625, descr=<Guard0x1007baf00>) [i620, p1, i622, None, None, None, None, None, None, None, None, None, None, None, None]
+6055: i626 = int_and(i622, 8)
+6062: i627 = int_is_true(i626)
guard_false(i627, descr=<Guard0x1007bae90>) [i620, p1, i624, i622, None, None, None, None, None, None, None, None, None, None, None, None]
+6072: i628 = int_rshift(i622, 4)
+6076: i629 = int_lt(i623, 0)
guard_false(i629, descr=<Guard0x1007bae20>) [i620, p1, i623, p7, i624, i628, None, None, None, None, None, None, None, None, None, None, None, None]
+6086: i630 = strgetitem(p7, i623)
+6092: i631 = int_add(i623, 1)
+6096: i632 = int_and(i630, 7)
+6103: setfield_gc(ConstPtr(ptr6), i631, descr=<FieldS pyrlang.rpybeam.beam_code.CodeParser.inst_offset 48>)
+6116: i633 = int_eq(i632, 7)
guard_false(i633, descr=<Guard0x1007badb0>) [i620, p1, i630, i624, i628, None, None, None, None, None, None, None, None, None, None, None, None]
+6126: i634 = int_and(i630, 8)
+6133: i635 = int_is_true(i634)
guard_false(i635, descr=<Guard0x1007bad40>) [i620, p1, i632, i630, i624, i628, None, None, None, None, None, None, None, None, None, None, None, None]
+6143: i636 = int_rshift(i630, 4)
+6147: guard_value(i624, 3, descr=<Guard0x1007bacd0>) [p1, i620, i628, i624, i632, i636, None, None, None, None, None, None, None, None, None, None, None, None, None, None]
+6157: p637 = getfield_gc(p52, descr=<FieldP list.items 16>)
+6168: p638 = getarrayitem_gc(p637, i628, descr=<ArrayP 8>)
+6173: guard_value(i632, 3, descr=<Guard0x1007bac60>) [p1, i620, p638, i636, i632, None, None, None, None, None, None, None, None, None, None, None, None, None, None, None, None]
+6183: p639 = getarrayitem_gc(p637, i636, descr=<ArrayP 8>)
+6188: guard_class(p638, 4297394424, descr=<Guard0x1007babf0>) [p1, i620, p638, p639, None, None, None, None, None, None, None, None, None, None, None, None, None, None, None, None]
+6200: guard_nonnull_class(p639, 4297394424, descr=<Guard0x1007bab80>) [p1, i620, p638, p639, None, None, None, None, None, None, None, None, None, None, None, None, None, None, None, None]
+6219: i640 = getfield_gc(p638, descr=<FieldS pyrlang.interpreter.datatypes.root.W_Root.inst_intval 24>)
+6223: i641 = getfield_gc(p639, descr=<FieldS pyrlang.interpreter.datatypes.root.W_Root.inst_intval 24>)
+6227: i642 = int_lt(i640, i641)
guard_true(i642, descr=<Guard0x1007bab10>) [p1, i620, None, None, None, None, None, None, None, None, None, None, None, None, None, None, None, None]
debug_merge_point(0, 0, '156 is_nonempty_list')
+6236: i643 = int_lt(i631, 0)
guard_false(i643, descr=<Guard0x1007baaa0>) [i631, p7, p1, None, None, None, None, None, None, None, None, None, None, None, None, None, None, None, None]
+6246: i644 = strgetitem(p7, i631)
+6252: i645 = int_add(i631, 1)
+6256: setfield_gc(ConstPtr(ptr6), i645, descr=<FieldS pyrlang.rpybeam.beam_code.CodeParser.inst_offset 48>)
+6269: guard_value(i644, 16, descr=<Guard0x1007baa30>) [i645, i644, p1, None, None, None, None, None, None, None, None, None, None, None, None, None, None, None, None]
+6279: i646 = int_lt(i645, 0)
guard_false(i646, descr=<Guard0x1007ba9c0>) [p1, i645, p7, None, None, None, None, None, None, None, None, None, None, None, None, None, None, None, None]
+6289: i647 = strgetitem(p7, i645)
+6295: i648 = int_add(i645, 1)
+6299: i649 = int_and(i647, 7)
+6306: setfield_gc(ConstPtr(ptr6), i648, descr=<FieldS pyrlang.rpybeam.beam_code.CodeParser.inst_offset 48>)
+6319: i650 = int_eq(i649, 7)
guard_false(i650, descr=<Guard0x1007ba950>) [p1, i647, None, None, None, None, None, None, None, None, None, None, None, None, None, None, None, None]
+6329: i651 = int_and(i647, 8)
+6336: i652 = int_is_true(i651)
guard_false(i652, descr=<Guard0x1007ba8e0>) [p1, i649, i647, None, None, None, None, None, None, None, None, None, None, None, None, None, None, None, None]
+6346: i653 = int_rshift(i647, 4)
+6346: i654 = int_lt(i648, 0)
guard_false(i654, descr=<Guard0x1007ba870>) [p1, i648, p7, None, None, None, None, None, None, None, None, None, None, None, None, None, None, None, None]
+6356: i655 = strgetitem(p7, i648)
+6362: i656 = int_add(i648, 1)
+6366: i657 = int_and(i655, 7)
+6373: setfield_gc(ConstPtr(ptr6), i656, descr=<FieldS pyrlang.rpybeam.beam_code.CodeParser.inst_offset 48>)
+6386: i658 = int_eq(i657, 7)
guard_false(i658, descr=<Guard0x1007ba800>) [p1, i655, None, None, None, None, None, None, None, None, None, None, None, None, None, None, None, None]
+6396: i659 = int_and(i655, 8)
+6403: i660 = int_is_true(i659)
guard_false(i660, descr=<Guard0x1007ba790>) [p1, i657, i655, None, None, None, None, None, None, None, None, None, None, None, None, None, None, None, None]
+6413: i661 = int_rshift(i655, 4)
debug_merge_point(0, 0, '156 is_nonempty_list')
+6413: i662 = int_lt(i656, 0)
guard_false(i662, descr=<Guard0x1007ba720>) [i656, p7, p1, None, None, None, None, None, None, None, None, None, None, None, None, None, None, None, None]
+6423: i663 = strgetitem(p7, i656)
+6429: i664 = int_add(i656, 1)
+6433: setfield_gc(ConstPtr(ptr6), i664, descr=<FieldS pyrlang.rpybeam.beam_code.CodeParser.inst_offset 48>)
+6446: guard_value(i663, 69, descr=<Guard0x1007ba6b0>) [i664, i663, p1, None, None, None, None, None, None, None, None, None, None, None, None, None, None, None, None]
+6456: i665 = int_lt(i664, 0)
guard_false(i665, descr=<Guard0x1007ba640>) [p1, i664, p7, None, None, None, None, None, None, None, None, None, None, None, None, None, None, None, None]
+6466: i666 = strgetitem(p7, i664)
+6472: i667 = int_add(i664, 1)
+6476: i668 = int_and(i666, 7)
+6483: setfield_gc(ConstPtr(ptr6), i667, descr=<FieldS pyrlang.rpybeam.beam_code.CodeParser.inst_offset 48>)
+6496: i669 = int_eq(i668, 7)
guard_false(i669, descr=<Guard0x1007ba5d0>) [p1, i666, None, None, None, None, None, None, None, None, None, None, None, None, None, None, None, None]
+6506: i670 = int_and(i666, 8)
+6513: i671 = int_is_true(i670)
guard_false(i671, descr=<Guard0x1007ba560>) [p1, i668, i666, None, None, None, None, None, None, None, None, None, None, None, None, None, None, None, None]
+6523: i672 = int_rshift(i666, 4)
+6527: i673 = int_lt(i667, 0)
guard_false(i673, descr=<Guard0x1007ba4f0>) [p1, i667, p7, i668, i672, None, None, None, None, None, None, None, None, None, None, None, None, None, None, None, None]
+6537: i674 = strgetitem(p7, i667)
+6543: i675 = int_add(i667, 1)
+6547: i676 = int_and(i674, 7)
+6554: setfield_gc(ConstPtr(ptr6), i675, descr=<FieldS pyrlang.rpybeam.beam_code.CodeParser.inst_offset 48>)
+6567: i677 = int_eq(i676, 7)
guard_false(i677, descr=<Guard0x1007ba480>) [p1, i674, i668, i672, None, None, None, None, None, None, None, None, None, None, None, None, None, None, None, None]
+6577: i678 = int_and(i674, 8)
+6584: i679 = int_is_true(i678)
guard_false(i679, descr=<Guard0x1007ba410>) [p1, i676, i674, i668, i672, None, None, None, None, None, None, None, None, None, None, None, None, None, None, None, None]
+6594: i680 = int_rshift(i674, 4)
+6598: i681 = int_lt(i675, 0)
guard_false(i681, descr=<Guard0x1007ba3a0>) [p1, i675, p7, i680, i676, i668, i672, None, None, None, None, None, None, None, None, None, None, None, None, None, None, None, None]
+6608: i682 = strgetitem(p7, i675)
+6614: i683 = int_add(i675, 1)
+6618: i684 = int_and(i682, 7)
+6625: setfield_gc(ConstPtr(ptr6), i683, descr=<FieldS pyrlang.rpybeam.beam_code.CodeParser.inst_offset 48>)
+6638: i685 = int_eq(i684, 7)
guard_false(i685, descr=<Guard0x1007ba330>) [p1, i682, i680, i676, i668, i672, None, None, None, None, None, None, None, None, None, None, None, None, None, None, None, None]
+6648: i686 = int_and(i682, 8)
+6655: i687 = int_is_true(i686)
guard_false(i687, descr=<Guard0x1007ba2c0>) [p1, i684, i682, i680, i676, i668, i672, None, None, None, None, None, None, None, None, None, None, None, None, None, None, None, None]
+6665: i688 = int_rshift(i682, 4)
+6669: i689 = int_eq(i668, 3)
guard_true(i689, descr=<Guard0x1007ba250>) [p1, i672, i688, i684, i680, i676, None, None, None, None, None, None, None, None, None, None, None, None, None, None, None, None, None, None]
+6679: p690 = getarrayitem_gc(p637, i672, descr=<ArrayP 8>)
+6684: i691 = int_eq(i676, 3)
guard_true(i691, descr=<Guard0x1007ba1e0>) [p1, p690, i680, i688, i684, None, None, None, None, None, None, None, None, None, None, None, None, None, None, None, None, None, None, None, None]
+6694: p692 = getarrayitem_gc(p637, i680, descr=<ArrayP 8>)
+6699: guard_nonnull_class(p690, 4297394424, descr=<Guard0x1007ba170>) [p1, p692, p690, i688, i684, None, None, None, None, None, None, None, None, None, None, None, None, None, None, None, None, None, None, None, None]
+6717: i693 = int_eq(i684, 3)
guard_true(i693, descr=<Guard0x1007ba100>) [p1, i688, p690, p692, None, None, None, None, None, None, None, None, None, None, None, None, None, None, None, None, None, None, None, None, None, None]
p694 = new_with_vtable(4297394600)
+6829: call(ConstClass(X_Register.store), p496, i688, p694, descr=<Callv 0 rir EF=4>)
+6954: setfield_gc(p694, p690, descr=<FieldP pyrlang.interpreter.datatypes.list.W_ListObject.inst_left 32>)
+6965: setfield_gc(p694, p692, descr=<FieldP pyrlang.interpreter.datatypes.list.W_ListObject.inst_right 40>)
+6976: guard_no_exception(descr=<Guard0x1007ba090>) [p1]
debug_merge_point(0, 0, '156 is_nonempty_list')
+6996: i695 = int_lt(i683, 0)
guard_false(i695, descr=<Guard0x1007ba020>) [i683, p7, p1]
+7006: i696 = strgetitem(p7, i683)
+7019: i697 = int_add(i683, 1)
+7023: setfield_gc(ConstPtr(ptr6), i697, descr=<FieldS pyrlang.rpybeam.beam_code.CodeParser.inst_offset 48>)
+7036: guard_value(i696, 69, descr=<Guard0x10079bf30>) [i697, i696, p1]
+7046: i698 = int_lt(i697, 0)
guard_false(i698, descr=<Guard0x10079bec0>) [p1, i697, p7]
+7056: i699 = strgetitem(p7, i697)
+7062: i700 = int_add(i697, 1)
+7066: i701 = int_and(i699, 7)
+7073: setfield_gc(ConstPtr(ptr6), i700, descr=<FieldS pyrlang.rpybeam.beam_code.CodeParser.inst_offset 48>)
+7086: i702 = int_eq(i701, 7)
guard_false(i702, descr=<Guard0x10079be50>) [p1, i699]
+7096: i703 = int_and(i699, 8)
+7103: i704 = int_is_true(i703)
guard_false(i704, descr=<Guard0x10079bde0>) [p1, i701, i699]
+7113: i705 = int_rshift(i699, 4)
+7117: i706 = int_lt(i700, 0)
guard_false(i706, descr=<Guard0x10079bd70>) [p1, i700, p7, i705, i701]
+7127: i707 = strgetitem(p7, i700)
+7133: i708 = int_add(i700, 1)
+7137: i709 = int_and(i707, 7)
+7144: setfield_gc(ConstPtr(ptr6), i708, descr=<FieldS pyrlang.rpybeam.beam_code.CodeParser.inst_offset 48>)
+7157: i710 = int_eq(i709, 7)
guard_false(i710, descr=<Guard0x10079bd00>) [p1, i707, i705, i701]
+7167: i711 = int_and(i707, 8)
+7174: i712 = int_is_true(i711)
guard_false(i712, descr=<Guard0x10079bc90>) [p1, i709, i707, i705, i701]
+7184: i713 = int_rshift(i707, 4)
+7188: i714 = int_lt(i708, 0)
guard_false(i714, descr=<Guard0x10079bc20>) [p1, i708, p7, i709, i713, i705, i701]
+7198: i715 = strgetitem(p7, i708)
+7204: i716 = int_add(i708, 1)
+7208: i717 = int_and(i715, 7)
+7215: setfield_gc(ConstPtr(ptr6), i716, descr=<FieldS pyrlang.rpybeam.beam_code.CodeParser.inst_offset 48>)
+7228: i718 = int_eq(i717, 7)
guard_false(i718, descr=<Guard0x10079bbb0>) [p1, i715, i709, i713, i705, i701]
+7238: i719 = int_and(i715, 8)
+7245: i720 = int_is_true(i719)
guard_false(i720, descr=<Guard0x10079bb40>) [p1, i717, i715, i709, i713, i705, i701]
+7255: i721 = int_rshift(i715, 4)
+7259: i722 = int_eq(i701, 3)
guard_true(i722, descr=<Guard0x10079bad0>) [p1, i705, i721, i717, i709, i713, None, None]
+7269: p723 = getfield_gc(p52, descr=<FieldP list.items 16>)
+7280: p724 = getarrayitem_gc(p723, i705, descr=<ArrayP 8>)
+7285: i725 = int_eq(i709, 3)
guard_true(i725, descr=<Guard0x10079ba60>) [p1, p724, i713, i721, i717, None, None, None, None]
+7295: p726 = getarrayitem_gc(p723, i713, descr=<ArrayP 8>)
+7300: guard_nonnull_class(p724, 4297394424, descr=<Guard0x10079b9f0>) [p1, p726, p724, i721, i717, None, None, None, None]
+7318: i727 = int_eq(i717, 3)
guard_true(i727, descr=<Guard0x10079b980>) [p1, i721, p726, p724, None, None, None, None, None, None]
p728 = new_with_vtable(4297394600)
+7423: call(ConstClass(X_Register.store), p496, i721, p728, descr=<Callv 0 rir EF=4>)
+7557: setfield_gc(p728, p724, descr=<FieldP pyrlang.interpreter.datatypes.list.W_ListObject.inst_left 32>)
+7568: setfield_gc(p728, p726, descr=<FieldP pyrlang.interpreter.datatypes.list.W_ListObject.inst_right 40>)
+7579: guard_no_exception(descr=<Guard0x10079b910>) [p1]
debug_merge_point(0, 0, '156 is_nonempty_list')
+7599: i729 = int_lt(i716, 0)
guard_false(i729, descr=<Guard0x10079b8a0>) [i716, p7, p1]
+7609: i730 = strgetitem(p7, i716)
+7622: i731 = int_add(i716, 1)
+7627: setfield_gc(ConstPtr(ptr6), i731, descr=<FieldS pyrlang.rpybeam.beam_code.CodeParser.inst_offset 48>)
+7640: guard_value(i730, 64, descr=<Guard0x10079b830>) [i731, i730, p1]
+7650: i732 = int_lt(i731, 0)
guard_false(i732, descr=<Guard0x10079b7c0>) [p1, i731, p7]
+7660: i733 = strgetitem(p7, i731)
+7666: i734 = int_add(i731, 1)
+7670: i735 = int_and(i733, 7)
+7677: setfield_gc(ConstPtr(ptr6), i734, descr=<FieldS pyrlang.rpybeam.beam_code.CodeParser.inst_offset 48>)
+7690: i736 = int_eq(i735, 7)
guard_false(i736, descr=<Guard0x10079b750>) [p1, i733]
+7700: i737 = int_and(i733, 8)
+7707: i738 = int_is_true(i737)
guard_false(i738, descr=<Guard0x10079b6e0>) [p1, i735, i733]
+7717: i739 = int_rshift(i733, 4)
+7721: i740 = int_lt(i734, 0)
guard_false(i740, descr=<Guard0x10079b670>) [p1, i734, p7, i735, i739]
+7731: i741 = strgetitem(p7, i734)
+7737: i742 = int_add(i734, 1)
+7742: i743 = int_and(i741, 7)
+7749: setfield_gc(ConstPtr(ptr6), i742, descr=<FieldS pyrlang.rpybeam.beam_code.CodeParser.inst_offset 48>)
+7762: i744 = int_eq(i743, 7)
guard_false(i744, descr=<Guard0x10079b600>) [p1, i741, i735, i739]
+7772: i745 = int_and(i741, 8)
+7779: i746 = int_is_true(i745)
guard_false(i746, descr=<Guard0x10079b590>) [p1, i743, i741, i735, i739]
+7789: i747 = int_rshift(i741, 4)
+7793: guard_value(i735, 2, descr=<Guard0x10079b520>) [p1, i739, i735, i747, i743, None, None]
+7803: i748 = int_is_zero(i739)
guard_false(i748, descr=<Guard0x10079b4b0>) [p1, i739, i747, i743, None, None]
+7813: i749 = int_eq(i743, 3)
guard_true(i749, descr=<Guard0x10079b440>) [p1, i747, None, None, None, i739]
p750 = new_with_vtable(ConstClass(W_AtomObject))
+7909: call(ConstClass(X_Register.store), p496, i747, p750, descr=<Callv 0 rir EF=4>)
+8004: setfield_gc(p750, i739, descr=<FieldS pyrlang.interpreter.datatypes.root.W_Root.inst_indexval 16>)
+8022: guard_no_exception(descr=<Guard0x10079b3d0>) [p1]
debug_merge_point(0, 0, '156 is_nonempty_list')
+8042: i751 = int_lt(i742, 0)
guard_false(i751, descr=<Guard0x10079b360>) [i742, p7, p1]
+8056: i752 = strgetitem(p7, i742)
+8076: i753 = int_add(i742, 1)
+8080: setfield_gc(ConstPtr(ptr6), i753, descr=<FieldS pyrlang.rpybeam.beam_code.CodeParser.inst_offset 48>)
+8093: guard_value(i752, 6, descr=<Guard0x10079b2f0>) [i753, i752, p1]
+8103: i754 = int_lt(i753, 0)
guard_false(i754, descr=<Guard0x10079b280>) [i753, p7, p1]
+8113: i755 = strgetitem(p7, i753)
+8119: i756 = int_add(i753, 1)
+8123: i757 = int_and(i755, 8)
+8130: setfield_gc(ConstPtr(ptr6), i756, descr=<FieldS pyrlang.rpybeam.beam_code.CodeParser.inst_offset 48>)
+8143: i758 = int_is_true(i757)
guard_false(i758, descr=<Guard0x10079b210>) [p1, i755]
+8153: i759 = int_rshift(i755, 4)
+8153: i760 = int_lt(i756, 0)
guard_false(i760, descr=<Guard0x10079b1a0>) [i756, p7, p1]
+8163: i761 = strgetitem(p7, i756)
+8169: i762 = int_add(i756, 1)
+8173: i763 = int_and(i761, 8)
+8180: setfield_gc(ConstPtr(ptr6), i762, descr=<FieldS pyrlang.rpybeam.beam_code.CodeParser.inst_offset 48>)
+8193: i764 = int_is_true(i763)
guard_false(i764, descr=<Guard0x10079b130>) [p1, i761]
+8203: i765 = int_rshift(i761, 4)
+8207: i766 = int_sub(i765, 1)
+8211: i767 = int_lt(i766, 0)
guard_false(i767, descr=<Guard0x10079b0c0>) [i766, p489, p1]
+8221: i768 = getarrayitem_gc(p494, i766, descr=<ArrayS 8>)
debug_merge_point(0, 0, '156 is_nonempty_list')
+8233: setfield_gc(ConstPtr(ptr6), i768, descr=<FieldS pyrlang.rpybeam.beam_code.CodeParser.inst_offset 48>)
+8246: jump(i500, p1, p499, p498, p496, p497, i768, p7, p52, p496, p489, p494, i500, p499, p498, p497, descr=TargetToken(4302701776))
+8320: --end of the loop--
[f1a27c62556e] jit-log-opt-loop}
[f1a27c8019e8] {jit-log-opt-bridge
# bridge out of Guard 0x10079ae90 with 31 ops
[p0, i1]
+59: i3 = int_rshift(i1, 4)
+63: p5 = getfield_gc(ConstPtr(ptr4), descr=<FieldP pyrlang.rpybeam.beam_code.CodeParser.inst_str 56>)
+76: i6 = getfield_gc(ConstPtr(ptr4), descr=<FieldS pyrlang.rpybeam.beam_code.CodeParser.inst_offset 48>)
+89: i8 = int_lt(i6, 0)
guard_false(i8, descr=<Guard0x101c029c0>) [i3, p0, i6, p5]
+99: i9 = strgetitem(p5, i6)
+105: i11 = int_add(i6, 1)
+109: i13 = int_and(i9, 7)
+116: setfield_gc(ConstPtr(ptr4), i11, descr=<FieldS pyrlang.rpybeam.beam_code.CodeParser.inst_offset 48>)
+129: i15 = int_eq(i13, 7)
guard_false(i15, descr=<Guard0x101c03050>) [i3, p0, i9]
+139: i17 = int_and(i9, 8)
+146: i18 = int_is_true(i17)
guard_false(i18, descr=<Guard0x101c02fe0>) [i3, p0, i13, i9]
+156: i20 = int_rshift(i9, 4)
+160: guard_value(i13, 3, descr=<Guard0x101c02f70>) [i3, p0, i20, i13]
+170: p22 = getfield_gc(p0, descr=<FieldP interpreter.interp.BeamRunTime.inst_x_reg 32>)
+181: p23 = getfield_gc(p22, descr=<FieldP interpreter.register.X_Register.inst_regs 8>)
+185: p24 = getfield_gc(p23, descr=<FieldP list.items 16>)
+189: p25 = getarrayitem_gc(p24, i20, descr=<ArrayP 8>)
+194: guard_nonnull_class(p25, 4297394600, descr=<Guard0x101c02f00>) [i3, p25, p0]
+212: i27 = getfield_gc(p0, descr=<FieldS interpreter.interp.BeamRunTime.inst_current_line 16>)
+216: p28 = getfield_gc(p0, descr=<FieldP interpreter.interp.BeamRunTime.inst_atoms 8>)
+220: p29 = getfield_gc(p0, descr=<FieldP interpreter.interp.BeamRunTime.inst_func_list 24>)
+224: p30 = getfield_gc(p0, descr=<FieldP interpreter.interp.BeamRunTime.inst_y_reg 40>)
debug_merge_point(0, 0, '82 test_heap')
+228: p31 = getfield_gc(ConstPtr(ptr4), descr=<FieldP pyrlang.rpybeam.beam_code.CodeParser.inst_labelTable 40>)
+241: guard_nonnull(p31, descr=<Guard0x101c02e90>) [i27, p30, p22, p29, p28, p0]
+250: p32 = getfield_gc(p31, descr=<FieldP list.items 16>)
+254: guard_nonnull(p32, descr=<Guard0x101c02e20>) [i27, p30, p22, p29, p28, p0]
+263: jump(i27, p0, p28, p29, p22, p30, i11, p5, p23, p22, p31, p32, i27, p28, p29, p30, descr=TargetToken(4302701776))
+372: --end of the loop--
[f1a27c824446] jit-log-opt-bridge}
[f1a27c990b53] {jit-log-opt-bridge
# bridge out of Guard 0x101c02870 with 41 ops
[i0, i1, p2]
+59: guard_value(i1, 16, descr=<Guard0x101c030c0>) [i0, i1, p2]
+69: p5 = getfield_gc(ConstPtr(ptr4), descr=<FieldP pyrlang.rpybeam.beam_code.CodeParser.inst_str 56>)
+82: i6 = getfield_gc(ConstPtr(ptr4), descr=<FieldS pyrlang.rpybeam.beam_code.CodeParser.inst_offset 48>)
+95: i8 = int_lt(i6, 0)
guard_false(i8, descr=<Guard0x101c03980>) [p2, i6, p5]
+105: i9 = strgetitem(p5, i6)
+111: i11 = int_add(i6, 1)
+115: i13 = int_and(i9, 7)
+122: setfield_gc(ConstPtr(ptr4), i11, descr=<FieldS pyrlang.rpybeam.beam_code.CodeParser.inst_offset 48>)
+135: i15 = int_eq(i13, 7)
guard_false(i15, descr=<Guard0x101c03910>) [p2, i9]
+145: i17 = int_and(i9, 8)
+152: i18 = int_is_true(i17)
guard_false(i18, descr=<Guard0x101c038a0>) [p2, i13, i9]
+162: i20 = int_rshift(i9, 4)
+162: i22 = int_lt(i11, 0)
guard_false(i22, descr=<Guard0x101c03830>) [p2, i11, p5]
+172: i23 = strgetitem(p5, i11)
+178: i25 = int_add(i11, 1)
+182: i27 = int_and(i23, 7)
+189: setfield_gc(ConstPtr(ptr4), i25, descr=<FieldS pyrlang.rpybeam.beam_code.CodeParser.inst_offset 48>)
+202: i29 = int_eq(i27, 7)
guard_false(i29, descr=<Guard0x101c037c0>) [p2, i23]
+212: i31 = int_and(i23, 8)
+219: i32 = int_is_true(i31)
guard_false(i32, descr=<Guard0x101c03750>) [p2, i27, i23]
+229: i34 = int_rshift(i23, 4)
+229: i35 = getfield_gc(p2, descr=<FieldS interpreter.interp.BeamRunTime.inst_current_line 16>)
+240: p36 = getfield_gc(p2, descr=<FieldP interpreter.interp.BeamRunTime.inst_atoms 8>)
+244: p37 = getfield_gc(p2, descr=<FieldP interpreter.interp.BeamRunTime.inst_func_list 24>)
+248: p38 = getfield_gc(p2, descr=<FieldP interpreter.interp.BeamRunTime.inst_x_reg 32>)
+252: p39 = getfield_gc(p2, descr=<FieldP interpreter.interp.BeamRunTime.inst_y_reg 40>)
debug_merge_point(0, 0, '85 get_list')
+256: guard_nonnull(p38, descr=<Guard0x101c036e0>) [i35, p39, p38, p37, p36, p2]
+265: p40 = getfield_gc(p38, descr=<FieldP interpreter.register.X_Register.inst_regs 8>)
+269: guard_nonnull(p40, descr=<Guard0x101c03670>) [i35, p39, p38, p37, p36, p2]
+278: p41 = getfield_gc(ConstPtr(ptr4), descr=<FieldP pyrlang.rpybeam.beam_code.CodeParser.inst_labelTable 40>)
+291: guard_nonnull(p41, descr=<Guard0x101c03600>) [i35, p39, p38, p37, p36, p2]
+300: p42 = getfield_gc(p41, descr=<FieldP list.items 16>)
+304: guard_nonnull(p42, descr=<Guard0x101c03590>) [i35, p39, p38, p37, p36, p2]
+313: jump(i35, p2, p36, p37, p38, p39, i25, p5, p40, p38, p41, p42, i35, p36, p37, p39, descr=TargetToken(4302701776))
+422: --end of the loop--
[f1a27c9c91db] jit-log-opt-bridge}
[f1a27cbdc3a8] {jit-log-opt-bridge
# bridge out of Guard 0x101c030c0 with 65 ops
[i0, i1, p2]
+59: guard_value(i1, 65, descr=<Guard0x101c039f0>) [i0, i1, p2]
+69: p5 = getfield_gc(ConstPtr(ptr4), descr=<FieldP pyrlang.rpybeam.beam_code.CodeParser.inst_str 56>)
+82: i6 = getfield_gc(ConstPtr(ptr4), descr=<FieldS pyrlang.rpybeam.beam_code.CodeParser.inst_offset 48>)
+95: i8 = int_lt(i6, 0)
guard_false(i8, descr=<Guard0x101c24b10>) [p2, i6, p5]
+105: i9 = strgetitem(p5, i6)
+111: i11 = int_add(i6, 1)
+115: i13 = int_and(i9, 7)
+122: setfield_gc(ConstPtr(ptr4), i11, descr=<FieldS pyrlang.rpybeam.beam_code.CodeParser.inst_offset 48>)
+135: i15 = int_eq(i13, 7)
guard_false(i15, descr=<Guard0x101c24aa0>) [p2, i9]
+145: i17 = int_and(i9, 8)
+152: i18 = int_is_true(i17)
guard_false(i18, descr=<Guard0x101c24a30>) [p2, i13, i9]
+162: i20 = int_rshift(i9, 4)
+166: i22 = int_lt(i11, 0)
guard_false(i22, descr=<Guard0x101c249c0>) [p2, i11, p5, i20, i13]
+176: i23 = strgetitem(p5, i11)
+182: i25 = int_add(i11, 1)
+186: i27 = int_and(i23, 7)
+193: setfield_gc(ConstPtr(ptr4), i25, descr=<FieldS pyrlang.rpybeam.beam_code.CodeParser.inst_offset 48>)
+206: i29 = int_eq(i27, 7)
guard_false(i29, descr=<Guard0x101c24950>) [p2, i23, i20, i13]
+216: i31 = int_and(i23, 8)
+223: i32 = int_is_true(i31)
guard_false(i32, descr=<Guard0x101c248e0>) [p2, i27, i23, i20, i13]
+233: i34 = int_rshift(i23, 4)
+237: i36 = int_lt(i25, 0)
guard_false(i36, descr=<Guard0x101c24870>) [p2, i25, p5, i34, i27, i20, i13]
+247: i37 = strgetitem(p5, i25)
+253: i39 = int_add(i25, 1)
+257: i41 = int_and(i37, 7)
+264: setfield_gc(ConstPtr(ptr4), i39, descr=<FieldS pyrlang.rpybeam.beam_code.CodeParser.inst_offset 48>)
+277: i43 = int_eq(i41, 7)
guard_false(i43, descr=<Guard0x101c24800>) [p2, i37, i34, i27, i20, i13]
+287: i45 = int_and(i37, 8)
+294: i46 = int_is_true(i45)
guard_false(i46, descr=<Guard0x101c24790>) [p2, i41, i37, i34, i27, i20, i13]
+304: i48 = int_rshift(i37, 4)
+308: i50 = int_eq(i13, 3)
guard_true(i50, descr=<Guard0x101c24720>) [p2, i20, i48, i41, i34, i27, None, None]
+318: p52 = getfield_gc(p2, descr=<FieldP interpreter.interp.BeamRunTime.inst_x_reg 32>)
+329: p53 = getfield_gc(p52, descr=<FieldP interpreter.register.X_Register.inst_regs 8>)
+333: p54 = getfield_gc(p53, descr=<FieldP list.items 16>)
+337: p55 = getarrayitem_gc(p54, i20, descr=<ArrayP 8>)
+342: p56 = getfield_gc(p55, descr=<FieldP pyrlang.interpreter.datatypes.list.W_ListObject.inst_left 32>)
+346: i58 = int_eq(i27, 3)
guard_true(i58, descr=<Guard0x101c246b0>) [p55, p2, i34, p56, i48, i41, None, None, None, None]
+356: call(ConstClass(X_Register.store), p52, i34, p56, descr=<Callv 0 rir EF=4>)
+478: guard_no_exception(descr=<Guard0x101c24640>) [p55, p2, i48, i41, None, None, None, None]
+498: p60 = getfield_gc(p55, descr=<FieldP pyrlang.interpreter.datatypes.list.W_ListObject.inst_right 40>)
+509: i62 = int_eq(i41, 3)
guard_true(i62, descr=<Guard0x101c245d0>) [p2, i48, p60, None, None, None, None, None, None]
+519: call(ConstClass(X_Register.store), p52, i48, p60, descr=<Callv 0 rir EF=4>)
+607: guard_no_exception(descr=<Guard0x101c24560>) [p2, None, None, None, None, None, None]
+627: i64 = getfield_gc(p2, descr=<FieldS interpreter.interp.BeamRunTime.inst_current_line 16>)
+639: p65 = getfield_gc(p2, descr=<FieldP interpreter.interp.BeamRunTime.inst_atoms 8>)
+644: p66 = getfield_gc(p2, descr=<FieldP interpreter.interp.BeamRunTime.inst_func_list 24>)
+649: p67 = getfield_gc(p2, descr=<FieldP interpreter.interp.BeamRunTime.inst_y_reg 40>)
debug_merge_point(0, 0, '89 put_list')
+654: p68 = getfield_gc(ConstPtr(ptr4), descr=<FieldP pyrlang.rpybeam.beam_code.CodeParser.inst_labelTable 40>)
+667: guard_nonnull(p68, descr=<Guard0x101c24480>) [i64, p67, p52, p66, p65, p2, None, None, None, None, None, None]
+676: p69 = getfield_gc(p68, descr=<FieldP list.items 16>)
+680: guard_nonnull(p69, descr=<Guard0x101c243a0>) [i64, p67, p52, p66, p65, p2, None, None, None, None, None, None]
+689: jump(i64, p2, p65, p66, p52, p67, i39, p5, p53, p52, p68, p69, i64, p65, p66, p67, descr=TargetToken(4302701776))
+824: --end of the loop--
[f1a27cc26d34] jit-log-opt-bridge}
[f1a27ce2a743] {jit-log-opt-bridge
# bridge out of Guard 0x101c039f0 with 66 ops
[i0, i1, p2]
+59: guard_value(i1, 69, descr=<Guard0x101c24b80>) [i0, i1, p2]
+69: p5 = getfield_gc(ConstPtr(ptr4), descr=<FieldP pyrlang.rpybeam.beam_code.CodeParser.inst_str 56>)
+82: i6 = getfield_gc(ConstPtr(ptr4), descr=<FieldS pyrlang.rpybeam.beam_code.CodeParser.inst_offset 48>)
+95: i8 = int_lt(i6, 0)
guard_false(i8, descr=<Guard0x101c25c20>) [p2, i6, p5]
+105: i9 = strgetitem(p5, i6)
+111: i11 = int_add(i6, 1)
+115: i13 = int_and(i9, 7)
+122: setfield_gc(ConstPtr(ptr4), i11, descr=<FieldS pyrlang.rpybeam.beam_code.CodeParser.inst_offset 48>)
+135: i15 = int_eq(i13, 7)
guard_false(i15, descr=<Guard0x101c25bb0>) [p2, i9]
+145: i17 = int_and(i9, 8)
+152: i18 = int_is_true(i17)
guard_false(i18, descr=<Guard0x101c25b40>) [p2, i13, i9]
+162: i20 = int_rshift(i9, 4)
+166: i22 = int_lt(i11, 0)
guard_false(i22, descr=<Guard0x101c25ad0>) [p2, i11, p5, i20, i13]
+176: i23 = strgetitem(p5, i11)
+182: i25 = int_add(i11, 1)
+186: i27 = int_and(i23, 7)
+193: setfield_gc(ConstPtr(ptr4), i25, descr=<FieldS pyrlang.rpybeam.beam_code.CodeParser.inst_offset 48>)
+206: i29 = int_eq(i27, 7)
guard_false(i29, descr=<Guard0x101c25a60>) [p2, i23, i20, i13]
+216: i31 = int_and(i23, 8)
+223: i32 = int_is_true(i31)
guard_false(i32, descr=<Guard0x101c259f0>) [p2, i27, i23, i20, i13]
+233: i34 = int_rshift(i23, 4)
+237: i36 = int_lt(i25, 0)
guard_false(i36, descr=<Guard0x101c25980>) [p2, i25, p5, i34, i27, i20, i13]
+247: i37 = strgetitem(p5, i25)
+253: i39 = int_add(i25, 1)
+257: i41 = int_and(i37, 7)
+264: setfield_gc(ConstPtr(ptr4), i39, descr=<FieldS pyrlang.rpybeam.beam_code.CodeParser.inst_offset 48>)
+277: i43 = int_eq(i41, 7)
guard_false(i43, descr=<Guard0x101c25910>) [p2, i37, i34, i27, i20, i13]
+287: i45 = int_and(i37, 8)
+294: i46 = int_is_true(i45)
guard_false(i46, descr=<Guard0x101c258a0>) [p2, i41, i37, i34, i27, i20, i13]
+304: i48 = int_rshift(i37, 4)
+308: i50 = int_eq(i13, 3)
guard_true(i50, descr=<Guard0x101c25830>) [p2, i20, i48, i41, i34, i27, None, None]
+318: p52 = getfield_gc(p2, descr=<FieldP interpreter.interp.BeamRunTime.inst_x_reg 32>)
+329: p53 = getfield_gc(p52, descr=<FieldP interpreter.register.X_Register.inst_regs 8>)
+333: p54 = getfield_gc(p53, descr=<FieldP list.items 16>)
+337: p55 = getarrayitem_gc(p54, i20, descr=<ArrayP 8>)
+342: i57 = int_eq(i27, 3)
guard_true(i57, descr=<Guard0x101c257c0>) [p2, p55, i34, i48, i41, None, None, None, None]
+352: p58 = getarrayitem_gc(p54, i34, descr=<ArrayP 8>)
+357: guard_nonnull_class(p55, 4297394424, descr=<Guard0x101c25750>) [p2, p58, p55, i48, i41, None, None, None, None]
+375: i61 = int_eq(i41, 3)
guard_true(i61, descr=<Guard0x101c256e0>) [p2, i48, p58, p55, None, None, None, None, None, None]
p63 = new_with_vtable(4297394600)
+494: call(ConstClass(X_Register.store), p52, i48, p63, descr=<Callv 0 rir EF=4>)
+649: setfield_gc(p63, p55, descr=<FieldP pyrlang.interpreter.datatypes.list.W_ListObject.inst_left 32>)
+660: setfield_gc(p63, p58, descr=<FieldP pyrlang.interpreter.datatypes.list.W_ListObject.inst_right 40>)
+671: guard_no_exception(descr=<Guard0x101c25670>) [p2]
+691: i65 = getfield_gc(p2, descr=<FieldS interpreter.interp.BeamRunTime.inst_current_line 16>)
+702: p66 = getfield_gc(p2, descr=<FieldP interpreter.interp.BeamRunTime.inst_atoms 8>)
+706: p67 = getfield_gc(p2, descr=<FieldP interpreter.interp.BeamRunTime.inst_func_list 24>)
+710: p68 = getfield_gc(p2, descr=<FieldP interpreter.interp.BeamRunTime.inst_y_reg 40>)
debug_merge_point(0, 0, '93 call_only')
+714: p69 = getfield_gc(ConstPtr(ptr4), descr=<FieldP pyrlang.rpybeam.beam_code.CodeParser.inst_labelTable 40>)
+727: guard_nonnull(p69, descr=<Guard0x101c25600>) [i65, p68, p52, p67, p66, p2]
+736: p70 = getfield_gc(p69, descr=<FieldP list.items 16>)
+740: guard_nonnull(p70, descr=<Guard0x101c25590>) [i65, p68, p52, p67, p66, p2]
+749: jump(i65, p2, p66, p67, p52, p68, i39, p5, p53, p52, p69, p70, i65, p66, p67, p68, descr=TargetToken(4302701776))
+884: --end of the loop--
[f1a27ce76212] jit-log-opt-bridge}
[f1a27d035646] {jit-log-opt-bridge
# bridge out of Guard 0x101c24b80 with 38 ops
[i0, i1, p2]
+59: guard_value(i1, 6, descr=<Guard0x101c25d70>) [i0, i1, p2]
+69: p5 = getfield_gc(ConstPtr(ptr4), descr=<FieldP pyrlang.rpybeam.beam_code.CodeParser.inst_str 56>)
+82: i7 = int_lt(i0, 0)
guard_false(i7, descr=<Guard0x101c30410>) [i0, p5, p2]
+92: i8 = strgetitem(p5, i0)
+98: i9 = getfield_gc(ConstPtr(ptr4), descr=<FieldS pyrlang.rpybeam.beam_code.CodeParser.inst_offset 48>)
+111: i11 = int_add(i9, 1)
+115: i13 = int_and(i8, 8)
+122: setfield_gc(ConstPtr(ptr4), i11, descr=<FieldS pyrlang.rpybeam.beam_code.CodeParser.inst_offset 48>)
+135: i14 = int_is_true(i13)
guard_false(i14, descr=<Guard0x101c303a0>) [p2, i8]
+145: i16 = int_rshift(i8, 4)
+145: i18 = int_lt(i11, 0)
guard_false(i18, descr=<Guard0x101c30330>) [i11, p5, p2]
+155: i19 = strgetitem(p5, i11)
+161: i21 = int_add(i11, 1)
+165: i23 = int_and(i19, 8)
+172: setfield_gc(ConstPtr(ptr4), i21, descr=<FieldS pyrlang.rpybeam.beam_code.CodeParser.inst_offset 48>)
+185: i24 = int_is_true(i23)
guard_false(i24, descr=<Guard0x101c302c0>) [p2, i19]
+195: i26 = int_rshift(i19, 4)
+199: p27 = getfield_gc(ConstPtr(ptr4), descr=<FieldP pyrlang.rpybeam.beam_code.CodeParser.inst_labelTable 40>)
+212: i29 = int_sub(i26, 1)
+216: i31 = int_lt(i29, 0)
guard_false(i31, descr=<Guard0x101c30250>) [i29, p27, p2]
+226: p32 = getfield_gc(p27, descr=<FieldP list.items 16>)
+230: i33 = getarrayitem_gc(p32, i29, descr=<ArrayS 8>)
+235: i34 = getfield_gc(p2, descr=<FieldS interpreter.interp.BeamRunTime.inst_current_line 16>)
+246: p35 = getfield_gc(p2, descr=<FieldP interpreter.interp.BeamRunTime.inst_atoms 8>)
+250: p36 = getfield_gc(p2, descr=<FieldP interpreter.interp.BeamRunTime.inst_func_list 24>)
+254: p37 = getfield_gc(p2, descr=<FieldP interpreter.interp.BeamRunTime.inst_x_reg 32>)
+258: p38 = getfield_gc(p2, descr=<FieldP interpreter.interp.BeamRunTime.inst_y_reg 40>)
debug_merge_point(0, 0, '79 is_nonempty_list')
+262: setfield_gc(ConstPtr(ptr4), i33, descr=<FieldS pyrlang.rpybeam.beam_code.CodeParser.inst_offset 48>)
+275: guard_nonnull(p37, descr=<Guard0x101c301e0>) [i34, p38, p37, p36, p35, p2]
+284: p39 = getfield_gc(p37, descr=<FieldP interpreter.register.X_Register.inst_regs 8>)
+288: guard_nonnull(p39, descr=<Guard0x101c30170>) [i34, p38, p37, p36, p35, p2]
+297: jump(i34, p2, p35, p36, p37, p38, i33, p5, p39, p37, p27, p32, i34, p35, p36, p38, descr=TargetToken(4302701776))
+403: --end of the loop--
[f1a27d065e78] jit-log-opt-bridge}
[f1a27d2235c1] {jit-log-opt-bridge
# bridge out of Guard 0x101c02790 with 31 ops
[p0, i1]
+59: i3 = int_rshift(i1, 4)
+63: p5 = getfield_gc(ConstPtr(ptr4), descr=<FieldP pyrlang.rpybeam.beam_code.CodeParser.inst_str 56>)
+76: i6 = getfield_gc(ConstPtr(ptr4), descr=<FieldS pyrlang.rpybeam.beam_code.CodeParser.inst_offset 48>)
+89: i8 = int_lt(i6, 0)
guard_false(i8, descr=<Guard0x101c30480>) [i3, p0, i6, p5]
+99: i9 = strgetitem(p5, i6)
+105: i11 = int_add(i6, 1)
+109: i13 = int_and(i9, 7)
+116: setfield_gc(ConstPtr(ptr4), i11, descr=<FieldS pyrlang.rpybeam.beam_code.CodeParser.inst_offset 48>)
+129: i15 = int_eq(i13, 7)
guard_false(i15, descr=<Guard0x101c30b10>) [i3, p0, i9]
+139: i17 = int_and(i9, 8)
+146: i18 = int_is_true(i17)
guard_false(i18, descr=<Guard0x101c30aa0>) [i3, p0, i13, i9]
+156: i20 = int_rshift(i9, 4)
+160: guard_value(i13, 3, descr=<Guard0x101c30a30>) [i3, p0, i20, i13]
+170: p22 = getfield_gc(p0, descr=<FieldP interpreter.interp.BeamRunTime.inst_x_reg 32>)
+182: p23 = getfield_gc(p22, descr=<FieldP interpreter.register.X_Register.inst_regs 8>)
+186: p24 = getfield_gc(p23, descr=<FieldP list.items 16>)
+190: p25 = getarrayitem_gc(p24, i20, descr=<ArrayP 8>)
+195: guard_nonnull_class(p25, 4297394600, descr=<Guard0x101c309c0>) [i3, p25, p0]
+213: i27 = getfield_gc(p0, descr=<FieldS interpreter.interp.BeamRunTime.inst_current_line 16>)
+218: p28 = getfield_gc(p0, descr=<FieldP interpreter.interp.BeamRunTime.inst_atoms 8>)
+223: p29 = getfield_gc(p0, descr=<FieldP interpreter.interp.BeamRunTime.inst_func_list 24>)
+228: p30 = getfield_gc(p0, descr=<FieldP interpreter.interp.BeamRunTime.inst_y_reg 40>)
debug_merge_point(0, 0, '82 test_heap')
+233: p31 = getfield_gc(ConstPtr(ptr4), descr=<FieldP pyrlang.rpybeam.beam_code.CodeParser.inst_labelTable 40>)
+246: guard_nonnull(p31, descr=<Guard0x101c30950>) [i27, p30, p22, p29, p28, p0]
+255: p32 = getfield_gc(p31, descr=<FieldP list.items 16>)
+259: guard_nonnull(p32, descr=<Guard0x101c308e0>) [i27, p30, p22, p29, p28, p0]
+268: jump(i27, p0, p28, p29, p22, p30, i11, p5, p23, p22, p31, p32, i27, p28, p29, p30, descr=TargetToken(4302701776))
+377: --end of the loop--
[f1a27d24373f] jit-log-opt-bridge}
[f1a27d2d9baa] {jit-log-opt-bridge
# bridge out of Guard 0x1007889c0 with 19 ops
[p0, i1]
+59: p3 = getfield_gc(ConstPtr(ptr2), descr=<FieldP pyrlang.rpybeam.beam_code.CodeParser.inst_labelTable 40>)
+72: i5 = int_sub(i1, 1)
+76: i7 = int_lt(i5, 0)
guard_false(i7, descr=<Guard0x101c30b80>) [p0, i5, p3]
+86: p8 = getfield_gc(p3, descr=<FieldP list.items 16>)
+90: i9 = getarrayitem_gc(p8, i5, descr=<ArrayS 8>)
+95: i10 = getfield_gc(p0, descr=<FieldS interpreter.interp.BeamRunTime.inst_current_line 16>)
+106: p11 = getfield_gc(p0, descr=<FieldP interpreter.interp.BeamRunTime.inst_atoms 8>)
+110: p12 = getfield_gc(p0, descr=<FieldP interpreter.interp.BeamRunTime.inst_func_list 24>)
+114: p13 = getfield_gc(p0, descr=<FieldP interpreter.interp.BeamRunTime.inst_x_reg 32>)
+118: p14 = getfield_gc(p0, descr=<FieldP interpreter.interp.BeamRunTime.inst_y_reg 40>)
debug_merge_point(0, 0, '194 test_heap')
+122: setfield_gc(ConstPtr(ptr2), i9, descr=<FieldS pyrlang.rpybeam.beam_code.CodeParser.inst_offset 48>)
+135: guard_nonnull(p13, descr=<Guard0x101c30db0>) [i10, p14, p13, p12, p11, p0]
+144: p15 = getfield_gc(ConstPtr(ptr2), descr=<FieldP pyrlang.rpybeam.beam_code.CodeParser.inst_str 56>)
+157: guard_nonnull(p15, descr=<Guard0x101c30d40>) [i10, p14, p13, p12, p11, p0]
+166: p16 = getfield_gc(p13, descr=<FieldP interpreter.register.X_Register.inst_regs 8>)
+170: guard_nonnull(p16, descr=<Guard0x101c30cd0>) [i10, p14, p13, p12, p11, p0]
+179: jump(i10, p0, p11, p12, p13, p14, i9, p15, p16, p13, p3, p8, i10, p11, p12, p14, descr=TargetToken(4302701776))
+288: --end of the loop--
[f1a27d2eeeed] jit-log-opt-bridge}
[f1a27d4d6028] {jit-log-opt-bridge
# bridge out of Guard 0x101c25d70 with 46 ops
[i0, i1, p2]
+59: guard_value(i1, 64, descr=<Guard0x101c30e20>) [i0, i1, p2]
+69: p5 = getfield_gc(ConstPtr(ptr4), descr=<FieldP pyrlang.rpybeam.beam_code.CodeParser.inst_str 56>)
+82: i6 = getfield_gc(ConstPtr(ptr4), descr=<FieldS pyrlang.rpybeam.beam_code.CodeParser.inst_offset 48>)
+95: i8 = int_lt(i6, 0)
guard_false(i8, descr=<Guard0x101c31910>) [p2, i6, p5]
+105: i9 = strgetitem(p5, i6)
+111: i11 = int_add(i6, 1)
+115: i13 = int_and(i9, 7)
+122: setfield_gc(ConstPtr(ptr4), i11, descr=<FieldS pyrlang.rpybeam.beam_code.CodeParser.inst_offset 48>)
+135: i15 = int_eq(i13, 7)
guard_false(i15, descr=<Guard0x101c318a0>) [p2, i9]
+145: i17 = int_and(i9, 8)
+152: i18 = int_is_true(i17)
guard_false(i18, descr=<Guard0x101c31830>) [p2, i13, i9]
+162: i20 = int_rshift(i9, 4)
+166: i22 = int_lt(i11, 0)
guard_false(i22, descr=<Guard0x101c317c0>) [p2, i11, p5, i20, i13]
+176: i23 = strgetitem(p5, i11)
+182: i25 = int_add(i11, 1)
+186: i27 = int_and(i23, 7)
+193: setfield_gc(ConstPtr(ptr4), i25, descr=<FieldS pyrlang.rpybeam.beam_code.CodeParser.inst_offset 48>)
+206: i29 = int_eq(i27, 7)
guard_false(i29, descr=<Guard0x101c31750>) [p2, i23, i20, i13]
+216: i31 = int_and(i23, 8)
+223: i32 = int_is_true(i31)
guard_false(i32, descr=<Guard0x101c316e0>) [p2, i27, i23, i20, i13]
+233: i34 = int_rshift(i23, 4)
+237: guard_value(i13, 3, descr=<Guard0x101c31670>) [p2, i20, i13, i34, i27, None, None]
+247: p37 = getfield_gc(p2, descr=<FieldP interpreter.interp.BeamRunTime.inst_x_reg 32>)
+258: p38 = getfield_gc(p37, descr=<FieldP interpreter.register.X_Register.inst_regs 8>)
+262: p39 = getfield_gc(p38, descr=<FieldP list.items 16>)
+266: p40 = getarrayitem_gc(p39, i20, descr=<ArrayP 8>)
+271: i42 = int_eq(i27, 3)
guard_true(i42, descr=<Guard0x101c31600>) [p2, i34, p40, None, None, None, None]
+281: call(ConstClass(X_Register.store), p37, i34, p40, descr=<Callv 0 rir EF=4>)
+389: guard_no_exception(descr=<Guard0x101c31590>) [p2, None, None, None, None]
+409: i44 = getfield_gc(p2, descr=<FieldS interpreter.interp.BeamRunTime.inst_current_line 16>)
+420: p45 = getfield_gc(p2, descr=<FieldP interpreter.interp.BeamRunTime.inst_atoms 8>)
+424: p46 = getfield_gc(p2, descr=<FieldP interpreter.interp.BeamRunTime.inst_func_list 24>)
+428: p47 = getfield_gc(p2, descr=<FieldP interpreter.interp.BeamRunTime.inst_y_reg 40>)
debug_merge_point(0, 0, '204 call_only')
+432: p48 = getfield_gc(ConstPtr(ptr4), descr=<FieldP pyrlang.rpybeam.beam_code.CodeParser.inst_labelTable 40>)
+445: guard_nonnull(p48, descr=<Guard0x101c31520>) [i44, p47, p37, p46, p45, p2, None, None, None, None]
+454: p49 = getfield_gc(p48, descr=<FieldP list.items 16>)
+458: guard_nonnull(p49, descr=<Guard0x101c314b0>) [i44, p47, p37, p46, p45, p2, None, None, None, None]
+467: jump(i44, p2, p45, p46, p37, p47, i25, p5, p38, p37, p48, p49, i44, p45, p46, p47, descr=TargetToken(4302701776))
+602: --end of the loop--
[f1a27d5246d3] jit-log-opt-bridge}
[f1a27d6b8b6d] {jit-log-opt-bridge
# bridge out of Guard 0x1007bab10 with 19 ops
[p0, i1]
+59: p3 = getfield_gc(ConstPtr(ptr2), descr=<FieldP pyrlang.rpybeam.beam_code.CodeParser.inst_labelTable 40>)
+72: i5 = int_sub(i1, 1)
+76: i7 = int_lt(i5, 0)
guard_false(i7, descr=<Guard0x101c31980>) [p0, i5, p3]
+86: p8 = getfield_gc(p3, descr=<FieldP list.items 16>)
+90: i9 = getarrayitem_gc(p8, i5, descr=<ArrayS 8>)
+95: i10 = getfield_gc(p0, descr=<FieldS interpreter.interp.BeamRunTime.inst_current_line 16>)
+106: p11 = getfield_gc(p0, descr=<FieldP interpreter.interp.BeamRunTime.inst_atoms 8>)
+110: p12 = getfield_gc(p0, descr=<FieldP interpreter.interp.BeamRunTime.inst_func_list 24>)
+114: p13 = getfield_gc(p0, descr=<FieldP interpreter.interp.BeamRunTime.inst_x_reg 32>)
+118: p14 = getfield_gc(p0, descr=<FieldP interpreter.interp.BeamRunTime.inst_y_reg 40>)
debug_merge_point(0, 0, '194 test_heap')
+122: setfield_gc(ConstPtr(ptr2), i9, descr=<FieldS pyrlang.rpybeam.beam_code.CodeParser.inst_offset 48>)
+135: guard_nonnull(p13, descr=<Guard0x101c31bb0>) [i10, p14, p13, p12, p11, p0]
+144: p15 = getfield_gc(ConstPtr(ptr2), descr=<FieldP pyrlang.rpybeam.beam_code.CodeParser.inst_str 56>)
+157: guard_nonnull(p15, descr=<Guard0x101c31b40>) [i10, p14, p13, p12, p11, p0]
+166: p16 = getfield_gc(p13, descr=<FieldP interpreter.register.X_Register.inst_regs 8>)
+170: guard_nonnull(p16, descr=<Guard0x101c31ad0>) [i10, p14, p13, p12, p11, p0]
+179: jump(i10, p0, p11, p12, p13, p14, i9, p15, p16, p13, p3, p8, i10, p11, p12, p14, descr=TargetToken(4302701776))
+285: --end of the loop--
[f1a27d6dc433] jit-log-opt-bridge}
[f1a27da72169] {jit-backend-counts
entry 0:2084
TargetToken(4302701136):2084
TargetToken(4302701776):69142
bridge 4302941840:1093
bridge 4324337776:52164
bridge 4324339904:38723
bridge 4324342256:30021
bridge 4324477824:16980
bridge 4324337552:7902
bridge 4302866880:372
bridge 4324482416:4339
bridge 4303072016:4167
[f1a27da77ac2] jit-backend-counts}
