[1010de958f9e4] {jit-backend-counts
[1010de9597664] jit-backend-counts}
[1010deae75910] {jit-log-opt-loop
# Loop 0 (156 is_nonempty_list) : loop with 924 ops
[i0, p1, p2, p3, p4, p5]
+129: label(i0, p1, p2, p3, p4, p5, descr=TargetToken(4302684752))
debug_merge_point(0, 0, '156 is_nonempty_list')
+142: i7 = getfield_gc(ConstPtr(ptr6), descr=<FieldS pyrlang.rpybeam.beam_code.CodeParser.inst_offset 48>)
+155: i9 = int_lt(i7, 0)
guard_false(i9, descr=<Guard0x1007a1050>) [i7, p1]
+165: i11 = strgetitem(ConstPtr(ptr10), i7)
+180: i13 = int_add(i7, 1)
+184: setfield_gc(ConstPtr(ptr6), i13, descr=<FieldS pyrlang.rpybeam.beam_code.CodeParser.inst_offset 48>)
+197: guard_value(i11, 56, descr=<Guard0x1007a0fe0>) [i13, i11, p1]
+207: i16 = int_lt(i13, 0)
guard_false(i16, descr=<Guard0x1007a0f70>) [i13, p1]
+217: i17 = strgetitem(ConstPtr(ptr10), i13)
+232: i19 = int_add(i13, 1)
+236: i21 = int_and(i17, 8)
+243: setfield_gc(ConstPtr(ptr6), i19, descr=<FieldS pyrlang.rpybeam.beam_code.CodeParser.inst_offset 48>)
+256: i22 = int_is_true(i21)
guard_true(i22, descr=<Guard0x1007a0f00>) [p1, i17]
+266: i24 = int_and(i17, 16)
+273: i25 = int_is_true(i24)
guard_false(i25, descr=<Guard0x1007a0e90>) [p1, i17]
+283: i27 = int_lt(i19, 0)
guard_false(i27, descr=<Guard0x1007a0e20>) [p1, i19, i17]
+293: i28 = strgetitem(ConstPtr(ptr10), i19)
+308: i30 = int_add(i19, 1)
+312: i32 = int_and(i17, 224)
+319: i34 = int_lshift(i32, 3)
+323: i35 = int_or(i34, i28)
+326: setfield_gc(ConstPtr(ptr6), i30, descr=<FieldS pyrlang.rpybeam.beam_code.CodeParser.inst_offset 48>)
+339: i37 = int_lt(i30, 0)
guard_false(i37, descr=<Guard0x1007a0db0>) [i35, p1, i30]
+349: i38 = strgetitem(ConstPtr(ptr10), i30)
+364: i40 = int_add(i30, 1)
+368: i42 = int_and(i38, 7)
+375: setfield_gc(ConstPtr(ptr6), i40, descr=<FieldS pyrlang.rpybeam.beam_code.CodeParser.inst_offset 48>)
+388: i44 = int_eq(i42, 7)
guard_false(i44, descr=<Guard0x1007a0cd0>) [i35, p1, i38]
+398: i46 = int_and(i38, 8)
+405: i47 = int_is_true(i46)
guard_false(i47, descr=<Guard0x1007a0c60>) [i35, p1, i42, i38]
+415: i49 = int_rshift(i38, 4)
+419: guard_value(i42, 3, descr=<Guard0x1007a0bf0>) [i35, p1, i49, i42]
+429: p51 = getfield_gc(p1, descr=<FieldP interpreter.interp.BeamRunTime.inst_x_reg 32>)
+440: p52 = getfield_gc(p51, descr=<FieldP interpreter.register.X_Register.inst_regs 8>)
+444: p53 = getfield_gc(p52, descr=<FieldP list.items 16>)
+448: p54 = getarrayitem_gc(p53, i49, descr=<ArrayP 8>)
+453: guard_nonnull_class(p54, 4297378216, descr=<Guard0x1007a0b10>) [i35, p54, p1]
+472: i56 = getfield_gc(p1, descr=<FieldS interpreter.interp.BeamRunTime.inst_current_line 16>)
+476: p57 = getfield_gc(p1, descr=<FieldP interpreter.interp.BeamRunTime.inst_atoms 8>)
+480: p58 = getfield_gc(p1, descr=<FieldP interpreter.interp.BeamRunTime.inst_func_list 24>)
+484: p59 = getfield_gc(p1, descr=<FieldP interpreter.interp.BeamRunTime.inst_y_reg 40>)
debug_merge_point(0, 0, '156 is_nonempty_list')
+488: i61 = int_lt(i40, 0)
guard_false(i61, descr=<Guard0x1007a0a30>) [i40, p1]
+498: i62 = strgetitem(ConstPtr(ptr10), i40)
+513: i64 = int_add(i40, 1)
+517: setfield_gc(ConstPtr(ptr6), i64, descr=<FieldS pyrlang.rpybeam.beam_code.CodeParser.inst_offset 48>)
+530: guard_value(i62, 65, descr=<Guard0x1007a09c0>) [i64, i62, p1]
+540: i67 = int_lt(i64, 0)
guard_false(i67, descr=<Guard0x1007a0950>) [p1, i64]
+550: i68 = strgetitem(ConstPtr(ptr10), i64)
+565: i70 = int_add(i64, 1)
+569: i72 = int_and(i68, 7)
+576: setfield_gc(ConstPtr(ptr6), i70, descr=<FieldS pyrlang.rpybeam.beam_code.CodeParser.inst_offset 48>)
+589: i74 = int_eq(i72, 7)
guard_false(i74, descr=<Guard0x1007a0870>) [p1, i68]
+599: i76 = int_and(i68, 8)
+606: i77 = int_is_true(i76)
guard_false(i77, descr=<Guard0x1007a0800>) [p1, i72, i68]
+616: i79 = int_rshift(i68, 4)
+620: i81 = int_lt(i70, 0)
guard_false(i81, descr=<Guard0x1007a0790>) [p1, i70, i72, i79]
+630: i82 = strgetitem(ConstPtr(ptr10), i70)
+645: i84 = int_add(i70, 1)
+649: i86 = int_and(i82, 7)
+656: setfield_gc(ConstPtr(ptr6), i84, descr=<FieldS pyrlang.rpybeam.beam_code.CodeParser.inst_offset 48>)
+669: i88 = int_eq(i86, 7)
guard_false(i88, descr=<Guard0x1007a06b0>) [p1, i82, i72, i79]
+679: i90 = int_and(i82, 8)
+690: i91 = int_is_true(i90)
guard_false(i91, descr=<Guard0x1007a0640>) [p1, i86, i82, i72, i79]
+700: i93 = int_rshift(i82, 4)
+711: i95 = int_lt(i84, 0)
guard_false(i95, descr=<Guard0x1007a05d0>) [p1, i84, i93, i86, i72, i79]
+721: i96 = strgetitem(ConstPtr(ptr10), i84)
+743: i98 = int_add(i84, 1)
+747: i100 = int_and(i96, 7)
+754: setfield_gc(ConstPtr(ptr6), i98, descr=<FieldS pyrlang.rpybeam.beam_code.CodeParser.inst_offset 48>)
+767: i102 = int_eq(i100, 7)
guard_false(i102, descr=<Guard0x1007a04f0>) [p1, i96, i93, i86, i72, i79]
+777: i104 = int_and(i96, 8)
+788: i105 = int_is_true(i104)
guard_false(i105, descr=<Guard0x1007a0480>) [p1, i100, i96, i93, i86, i72, i79]
+798: i107 = int_rshift(i96, 4)
+809: i109 = int_eq(i72, 3)
guard_true(i109, descr=<Guard0x1007a0410>) [p1, i79, i107, i100, i93, i86, None, None]
+819: p111 = getarrayitem_gc(p53, i79, descr=<ArrayP 8>)
+824: p112 = getfield_gc(p111, descr=<FieldP pyrlang.interpreter.datatypes.list.W_ListObject.inst_left 32>)
+829: i114 = int_eq(i86, 3)
guard_true(i114, descr=<Guard0x1007a0330>) [p111, p1, i93, p112, i107, i100, None, None, None, None]
+839: call(ConstClass(X_Register.store), p51, i93, p112, descr=<Callv 0 rir EF=4>)
+975: guard_no_exception(descr=<Guard0x1007a02c0>) [p111, p1, i107, i100, None, None, None, None]
+995: p116 = getfield_gc(p111, descr=<FieldP pyrlang.interpreter.datatypes.list.W_ListObject.inst_right 40>)
+1006: i118 = int_eq(i100, 3)
guard_true(i118, descr=<Guard0x1007a0250>) [p1, i107, p116, None, None, None, None, None, None]
+1020: call(ConstClass(X_Register.store), p51, i107, p116, descr=<Callv 0 rir EF=4>)
+1104: guard_no_exception(descr=<Guard0x1007a01e0>) [p1, None, None, None, None, None, None]
debug_merge_point(0, 0, '156 is_nonempty_list')
+1124: i121 = int_lt(i98, 0)
guard_false(i121, descr=<Guard0x1007a0170>) [i98, p1, None, None, None, None, None, None]
+1138: i122 = strgetitem(ConstPtr(ptr10), i98)
+1160: i124 = int_add(i98, 1)
+1164: setfield_gc(ConstPtr(ptr6), i124, descr=<FieldS pyrlang.rpybeam.beam_code.CodeParser.inst_offset 48>)
+1177: guard_value(i122, 56, descr=<Guard0x1007a0100>) [i124, i122, p1, None, None, None, None, None, None]
+1187: i127 = int_lt(i124, 0)
guard_false(i127, descr=<Guard0x1007a0090>) [i124, p1, None, None, None, None, None, None]
+1197: i128 = strgetitem(ConstPtr(ptr10), i124)
+1212: i130 = int_add(i124, 1)
+1216: i132 = int_and(i128, 8)
+1223: setfield_gc(ConstPtr(ptr6), i130, descr=<FieldS pyrlang.rpybeam.beam_code.CodeParser.inst_offset 48>)
+1236: i133 = int_is_true(i132)
guard_false(i133, descr=<Guard0x1007a0020>) [p1, i128, None, None, None, None, None, None]
+1246: i135 = int_rshift(i128, 4)
+1250: i137 = int_lt(i130, 0)
guard_false(i137, descr=<Guard0x10078ff30>) [i135, p1, i130, None, None, None, None, None, None]
+1260: i138 = strgetitem(ConstPtr(ptr10), i130)
+1275: i140 = int_add(i130, 1)
+1279: i142 = int_and(i138, 7)
+1286: setfield_gc(ConstPtr(ptr6), i140, descr=<FieldS pyrlang.rpybeam.beam_code.CodeParser.inst_offset 48>)
+1299: i144 = int_eq(i142, 7)
guard_false(i144, descr=<Guard0x10078fe50>) [i135, p1, i138, None, None, None, None, None, None]
+1309: i146 = int_and(i138, 8)
+1316: i147 = int_is_true(i146)
guard_false(i147, descr=<Guard0x10078fde0>) [i135, p1, i142, i138, None, None, None, None, None, None]
+1326: i149 = int_rshift(i138, 4)
+1330: guard_value(i142, 3, descr=<Guard0x10078fd70>) [i135, p1, i149, i142, None, None, None, None, None, None]
+1340: p151 = getfield_gc(p52, descr=<FieldP list.items 16>)
+1351: p152 = getarrayitem_gc(p151, i149, descr=<ArrayP 8>)
+1356: guard_nonnull_class(p152, 4297378216, descr=<Guard0x10078fc90>) [i135, p152, p1, None, None, None, None, None, None]
debug_merge_point(0, 0, '156 is_nonempty_list')
+1374: i155 = int_lt(i140, 0)
guard_false(i155, descr=<Guard0x10078fbb0>) [i140, p1, None, None, None, None, None, None]
+1384: i156 = strgetitem(ConstPtr(ptr10), i140)
+1399: i158 = int_add(i140, 1)
+1403: setfield_gc(ConstPtr(ptr6), i158, descr=<FieldS pyrlang.rpybeam.beam_code.CodeParser.inst_offset 48>)
+1416: guard_value(i156, 65, descr=<Guard0x10078fb40>) [i158, i156, p1, None, None, None, None, None, None]
+1426: i161 = int_lt(i158, 0)
guard_false(i161, descr=<Guard0x10078fad0>) [p1, i158, None, None, None, None, None, None]
+1436: i162 = strgetitem(ConstPtr(ptr10), i158)
+1451: i164 = int_add(i158, 1)
+1455: i166 = int_and(i162, 7)
+1462: setfield_gc(ConstPtr(ptr6), i164, descr=<FieldS pyrlang.rpybeam.beam_code.CodeParser.inst_offset 48>)
+1475: i168 = int_eq(i166, 7)
guard_false(i168, descr=<Guard0x10078f9f0>) [p1, i162, None, None, None, None, None, None]
+1485: i170 = int_and(i162, 8)
+1492: i171 = int_is_true(i170)
guard_false(i171, descr=<Guard0x10078f980>) [p1, i166, i162, None, None, None, None, None, None]
+1502: i173 = int_rshift(i162, 4)
+1506: i175 = int_lt(i164, 0)
guard_false(i175, descr=<Guard0x10078f910>) [p1, i164, i173, i166, None, None, None, None, None, None]
+1516: i176 = strgetitem(ConstPtr(ptr10), i164)
+1531: i178 = int_add(i164, 1)
+1535: i180 = int_and(i176, 7)
+1542: setfield_gc(ConstPtr(ptr6), i178, descr=<FieldS pyrlang.rpybeam.beam_code.CodeParser.inst_offset 48>)
+1555: i182 = int_eq(i180, 7)
guard_false(i182, descr=<Guard0x10078f830>) [p1, i176, i173, i166, None, None, None, None, None, None]
+1565: i184 = int_and(i176, 8)
+1572: i185 = int_is_true(i184)
guard_false(i185, descr=<Guard0x10078f7c0>) [p1, i180, i176, i173, i166, None, None, None, None, None, None]
+1582: i187 = int_rshift(i176, 4)
+1586: i189 = int_lt(i178, 0)
guard_false(i189, descr=<Guard0x10078f6e0>) [p1, i178, i187, i180, i173, i166, None, None, None, None, None, None]
+1596: i190 = strgetitem(ConstPtr(ptr10), i178)
+1611: i192 = int_add(i178, 1)
+1616: i194 = int_and(i190, 7)
+1623: setfield_gc(ConstPtr(ptr6), i192, descr=<FieldS pyrlang.rpybeam.beam_code.CodeParser.inst_offset 48>)
+1636: i196 = int_eq(i194, 7)
guard_false(i196, descr=<Guard0x10078f590>) [p1, i190, i187, i180, i173, i166, None, None, None, None, None, None]
+1646: i198 = int_and(i190, 8)
+1653: i199 = int_is_true(i198)
guard_false(i199, descr=<Guard0x10078f520>) [p1, i194, i190, i187, i180, i173, i166, None, None, None, None, None, None]
+1663: i201 = int_rshift(i190, 4)
+1667: i203 = int_eq(i166, 3)
guard_true(i203, descr=<Guard0x10078f4b0>) [p1, i173, i194, i201, i187, i180, None, None, None, None, None, None, None, None]
+1677: p204 = getarrayitem_gc(p151, i173, descr=<ArrayP 8>)
+1682: p205 = getfield_gc(p204, descr=<FieldP pyrlang.interpreter.datatypes.list.W_ListObject.inst_left 32>)
+1686: i207 = int_eq(i180, 3)
guard_true(i207, descr=<Guard0x10078f3d0>) [p204, p1, i187, p205, i194, i201, None, None, None, None, None, None, None, None, None, None]
+1696: call(ConstClass(X_Register.store), p51, i187, p205, descr=<Callv 0 rir EF=4>)
+1801: guard_no_exception(descr=<Guard0x10078f360>) [p204, p1, i194, i201, None, None, None, None, None, None, None, None, None, None]
+1821: p209 = getfield_gc(p204, descr=<FieldP pyrlang.interpreter.datatypes.list.W_ListObject.inst_right 40>)
+1832: i211 = int_eq(i194, 3)
guard_true(i211, descr=<Guard0x10078f2f0>) [p1, i201, p209, None, None, None, None, None, None, None, None, None, None, None, None]
+1846: call(ConstClass(X_Register.store), p51, i201, p209, descr=<Callv 0 rir EF=4>)
+1930: guard_no_exception(descr=<Guard0x10078f280>) [p1, None, None, None, None, None, None, None, None, None, None, None, None]
debug_merge_point(0, 0, '156 is_nonempty_list')
+1950: i214 = int_lt(i192, 0)
guard_false(i214, descr=<Guard0x10078f210>) [i192, p1, None, None, None, None, None, None, None, None, None, None, None, None]
+1964: i215 = strgetitem(ConstPtr(ptr10), i192)
+1986: i217 = int_add(i192, 1)
+1990: setfield_gc(ConstPtr(ptr6), i217, descr=<FieldS pyrlang.rpybeam.beam_code.CodeParser.inst_offset 48>)
+2003: guard_value(i215, 39, descr=<Guard0x10078f1a0>) [i217, i215, p1, None, None, None, None, None, None, None, None, None, None, None, None]
+2013: i220 = int_lt(i217, 0)
guard_false(i220, descr=<Guard0x10078f130>) [i217, p1, None, None, None, None, None, None, None, None, None, None, None, None]
+2023: i221 = strgetitem(ConstPtr(ptr10), i217)
+2038: i223 = int_add(i217, 1)
+2042: i225 = int_and(i221, 8)
+2049: setfield_gc(ConstPtr(ptr6), i223, descr=<FieldS pyrlang.rpybeam.beam_code.CodeParser.inst_offset 48>)
+2062: i226 = int_is_true(i225)
guard_false(i226, descr=<Guard0x10078f0c0>) [p1, i221, None, None, None, None, None, None, None, None, None, None, None, None]
+2072: i228 = int_rshift(i221, 4)
+2076: i230 = int_lt(i223, 0)
guard_false(i230, descr=<Guard0x10078f050>) [i228, p1, i223, None, None, None, None, None, None, None, None, None, None, None, None]
+2086: i231 = strgetitem(ConstPtr(ptr10), i223)
+2101: i233 = int_add(i223, 1)
+2105: i235 = int_and(i231, 7)
+2112: setfield_gc(ConstPtr(ptr6), i233, descr=<FieldS pyrlang.rpybeam.beam_code.CodeParser.inst_offset 48>)
+2125: i237 = int_eq(i235, 7)
guard_false(i237, descr=<Guard0x10078ef70>) [i228, p1, i231, None, None, None, None, None, None, None, None, None, None, None, None]
+2135: i239 = int_and(i231, 8)
+2142: i240 = int_is_true(i239)
guard_false(i240, descr=<Guard0x10078ef00>) [i228, p1, i235, i231, None, None, None, None, None, None, None, None, None, None, None, None]
+2152: i242 = int_rshift(i231, 4)
+2156: i244 = int_lt(i233, 0)
guard_false(i244, descr=<Guard0x10078ee90>) [i228, p1, i233, i235, i242, None, None, None, None, None, None, None, None, None, None, None, None]
+2166: i245 = strgetitem(ConstPtr(ptr10), i233)
+2181: i247 = int_add(i233, 1)
+2185: i249 = int_and(i245, 7)
+2192: setfield_gc(ConstPtr(ptr6), i247, descr=<FieldS pyrlang.rpybeam.beam_code.CodeParser.inst_offset 48>)
+2205: i251 = int_eq(i249, 7)
guard_false(i251, descr=<Guard0x10078edb0>) [i228, p1, i245, i235, i242, None, None, None, None, None, None, None, None, None, None, None, None]
+2215: i253 = int_and(i245, 8)
+2222: i254 = int_is_true(i253)
guard_false(i254, descr=<Guard0x10078ed40>) [i228, p1, i249, i245, i235, i242, None, None, None, None, None, None, None, None, None, None, None, None]
+2232: i256 = int_rshift(i245, 4)
+2236: guard_value(i235, 3, descr=<Guard0x10078ecd0>) [p1, i228, i242, i235, i249, i256, None, None, None, None, None, None, None, None, None, None, None, None, None, None]
+2246: p258 = getfield_gc(p52, descr=<FieldP list.items 16>)
+2257: p259 = getarrayitem_gc(p258, i242, descr=<ArrayP 8>)
+2262: guard_value(i249, 3, descr=<Guard0x10078ebf0>) [p1, i228, p259, i256, i249, None, None, None, None, None, None, None, None, None, None, None, None, None, None, None, None]
+2272: p261 = getarrayitem_gc(p258, i256, descr=<ArrayP 8>)
+2277: guard_class(p259, 4297378128, descr=<Guard0x10078eb10>) [p1, i228, p259, p261, None, None, None, None, None, None, None, None, None, None, None, None, None, None, None, None]
+2289: guard_nonnull_class(p261, 4297378128, descr=<Guard0x10078eaa0>) [p1, i228, p259, p261, None, None, None, None, None, None, None, None, None, None, None, None, None, None, None, None]
+2307: i264 = getfield_gc(p259, descr=<FieldS pyrlang.interpreter.datatypes.root.W_Root.inst_intval 24>)
+2311: i265 = getfield_gc(p261, descr=<FieldS pyrlang.interpreter.datatypes.root.W_Root.inst_intval 24>)
+2315: i266 = int_lt(i264, i265)
guard_true(i266, descr=<Guard0x10078e9c0>) [p1, i228, None, None, None, None, None, None, None, None, None, None, None, None, None, None, None, None]
debug_merge_point(0, 0, '156 is_nonempty_list')
+2324: i268 = int_lt(i247, 0)
guard_false(i268, descr=<Guard0x10078e950>) [i247, p1, None, None, None, None, None, None, None, None, None, None, None, None, None, None, None, None]
+2334: i269 = strgetitem(ConstPtr(ptr10), i247)
+2349: i271 = int_add(i247, 1)
+2353: setfield_gc(ConstPtr(ptr6), i271, descr=<FieldS pyrlang.rpybeam.beam_code.CodeParser.inst_offset 48>)
+2366: guard_value(i269, 16, descr=<Guard0x10078e8e0>) [i271, i269, p1, None, None, None, None, None, None, None, None, None, None, None, None, None, None, None, None]
+2376: i274 = int_lt(i271, 0)
guard_false(i274, descr=<Guard0x10078e870>) [p1, i271, None, None, None, None, None, None, None, None, None, None, None, None, None, None, None, None]
+2386: i275 = strgetitem(ConstPtr(ptr10), i271)
+2401: i277 = int_add(i271, 1)
+2405: i279 = int_and(i275, 7)
+2412: setfield_gc(ConstPtr(ptr6), i277, descr=<FieldS pyrlang.rpybeam.beam_code.CodeParser.inst_offset 48>)
+2425: i281 = int_eq(i279, 7)
guard_false(i281, descr=<Guard0x10078e790>) [p1, i275, None, None, None, None, None, None, None, None, None, None, None, None, None, None, None, None]
+2435: i283 = int_and(i275, 8)
+2442: i284 = int_is_true(i283)
guard_false(i284, descr=<Guard0x10078e720>) [p1, i279, i275, None, None, None, None, None, None, None, None, None, None, None, None, None, None, None, None]
+2452: i286 = int_rshift(i275, 4)
+2452: i288 = int_lt(i277, 0)
guard_false(i288, descr=<Guard0x10078e6b0>) [p1, i277, None, None, None, None, None, None, None, None, None, None, None, None, None, None, None, None]
+2462: i289 = strgetitem(ConstPtr(ptr10), i277)
+2477: i291 = int_add(i277, 1)
+2481: i293 = int_and(i289, 7)
+2488: setfield_gc(ConstPtr(ptr6), i291, descr=<FieldS pyrlang.rpybeam.beam_code.CodeParser.inst_offset 48>)
+2501: i295 = int_eq(i293, 7)
guard_false(i295, descr=<Guard0x10078e5d0>) [p1, i289, None, None, None, None, None, None, None, None, None, None, None, None, None, None, None, None]
+2511: i297 = int_and(i289, 8)
+2518: i298 = int_is_true(i297)
guard_false(i298, descr=<Guard0x10078e560>) [p1, i293, i289, None, None, None, None, None, None, None, None, None, None, None, None, None, None, None, None]
+2528: i300 = int_rshift(i289, 4)
debug_merge_point(0, 0, '156 is_nonempty_list')
+2528: i302 = int_lt(i291, 0)
guard_false(i302, descr=<Guard0x10078e4f0>) [i291, p1, None, None, None, None, None, None, None, None, None, None, None, None, None, None, None, None]
+2538: i303 = strgetitem(ConstPtr(ptr10), i291)
+2553: i305 = int_add(i291, 1)
+2557: setfield_gc(ConstPtr(ptr6), i305, descr=<FieldS pyrlang.rpybeam.beam_code.CodeParser.inst_offset 48>)
+2570: guard_value(i303, 69, descr=<Guard0x10078e480>) [i305, i303, p1, None, None, None, None, None, None, None, None, None, None, None, None, None, None, None, None]
+2580: i308 = int_lt(i305, 0)
guard_false(i308, descr=<Guard0x10078e410>) [p1, i305, None, None, None, None, None, None, None, None, None, None, None, None, None, None, None, None]
+2590: i309 = strgetitem(ConstPtr(ptr10), i305)
+2605: i311 = int_add(i305, 1)
+2609: i313 = int_and(i309, 7)
+2616: setfield_gc(ConstPtr(ptr6), i311, descr=<FieldS pyrlang.rpybeam.beam_code.CodeParser.inst_offset 48>)
+2629: i315 = int_eq(i313, 7)
guard_false(i315, descr=<Guard0x10078e330>) [p1, i309, None, None, None, None, None, None, None, None, None, None, None, None, None, None, None, None]
+2639: i317 = int_and(i309, 8)
+2646: i318 = int_is_true(i317)
guard_false(i318, descr=<Guard0x10078e2c0>) [p1, i313, i309, None, None, None, None, None, None, None, None, None, None, None, None, None, None, None, None]
+2656: i320 = int_rshift(i309, 4)
+2660: i322 = int_lt(i311, 0)
guard_false(i322, descr=<Guard0x10078e250>) [p1, i311, i320, i313, None, None, None, None, None, None, None, None, None, None, None, None, None, None, None, None]
+2670: i323 = strgetitem(ConstPtr(ptr10), i311)
+2685: i325 = int_add(i311, 1)
+2689: i327 = int_and(i323, 7)
+2696: setfield_gc(ConstPtr(ptr6), i325, descr=<FieldS pyrlang.rpybeam.beam_code.CodeParser.inst_offset 48>)
+2709: i329 = int_eq(i327, 7)
guard_false(i329, descr=<Guard0x10078e170>) [p1, i323, i320, i313, None, None, None, None, None, None, None, None, None, None, None, None, None, None, None, None]
+2719: i331 = int_and(i323, 8)
+2726: i332 = int_is_true(i331)
guard_false(i332, descr=<Guard0x10078e100>) [p1, i327, i323, i320, i313, None, None, None, None, None, None, None, None, None, None, None, None, None, None, None, None]
+2736: i334 = int_rshift(i323, 4)
+2740: i336 = int_lt(i325, 0)
guard_false(i336, descr=<Guard0x10078e090>) [p1, i325, i334, i327, i320, i313, None, None, None, None, None, None, None, None, None, None, None, None, None, None, None, None]
+2750: i337 = strgetitem(ConstPtr(ptr10), i325)
+2765: i339 = int_add(i325, 1)
+2769: i341 = int_and(i337, 7)
+2776: setfield_gc(ConstPtr(ptr6), i339, descr=<FieldS pyrlang.rpybeam.beam_code.CodeParser.inst_offset 48>)
+2789: i343 = int_eq(i341, 7)
guard_false(i343, descr=<Guard0x100777f30>) [p1, i337, i334, i327, i320, i313, None, None, None, None, None, None, None, None, None, None, None, None, None, None, None, None]
+2799: i345 = int_and(i337, 8)
+2806: i346 = int_is_true(i345)
guard_false(i346, descr=<Guard0x100777ec0>) [p1, i341, i337, i334, i327, i320, i313, None, None, None, None, None, None, None, None, None, None, None, None, None, None, None, None]
+2816: i348 = int_rshift(i337, 4)
+2820: i350 = int_eq(i313, 3)
guard_true(i350, descr=<Guard0x100777e50>) [p1, i320, i348, i341, i334, i327, None, None, None, None, None, None, None, None, None, None, None, None, None, None, None, None, None, None]
+2830: p351 = getarrayitem_gc(p258, i320, descr=<ArrayP 8>)
+2835: i353 = int_eq(i327, 3)
guard_true(i353, descr=<Guard0x100777d70>) [p1, p351, i334, i348, i341, None, None, None, None, None, None, None, None, None, None, None, None, None, None, None, None, None, None, None, None]
+2845: p354 = getarrayitem_gc(p258, i334, descr=<ArrayP 8>)
+2850: guard_nonnull_class(p351, 4297378128, descr=<Guard0x100777c90>) [p1, p354, p351, i348, i341, None, None, None, None, None, None, None, None, None, None, None, None, None, None, None, None, None, None, None, None]
+2868: i357 = int_eq(i341, 3)
guard_true(i357, descr=<Guard0x100777bb0>) [p1, i348, p354, p351, None, None, None, None, None, None, None, None, None, None, None, None, None, None, None, None, None, None, None, None, None, None]
p359 = new_with_vtable(4297378216)
+2980: call(ConstClass(X_Register.store), p51, i348, p359, descr=<Callv 0 rir EF=4>)
+3105: setfield_gc(p359, p351, descr=<FieldP pyrlang.interpreter.datatypes.list.W_ListObject.inst_left 32>)
+3116: setfield_gc(p359, p354, descr=<FieldP pyrlang.interpreter.datatypes.list.W_ListObject.inst_right 40>)
+3127: guard_no_exception(descr=<Guard0x100777b40>) [p1]
debug_merge_point(0, 0, '156 is_nonempty_list')
+3147: i362 = int_lt(i339, 0)
guard_false(i362, descr=<Guard0x100777ad0>) [i339, p1]
+3157: i363 = strgetitem(ConstPtr(ptr10), i339)
+3172: i365 = int_add(i339, 1)
+3176: setfield_gc(ConstPtr(ptr6), i365, descr=<FieldS pyrlang.rpybeam.beam_code.CodeParser.inst_offset 48>)
+3189: guard_value(i363, 69, descr=<Guard0x100777a60>) [i365, i363, p1]
+3199: i368 = int_lt(i365, 0)
guard_false(i368, descr=<Guard0x1007779f0>) [p1, i365]
+3209: i369 = strgetitem(ConstPtr(ptr10), i365)
+3224: i371 = int_add(i365, 1)
+3228: i373 = int_and(i369, 7)
+3235: setfield_gc(ConstPtr(ptr6), i371, descr=<FieldS pyrlang.rpybeam.beam_code.CodeParser.inst_offset 48>)
+3248: i375 = int_eq(i373, 7)
guard_false(i375, descr=<Guard0x100777910>) [p1, i369]
+3258: i377 = int_and(i369, 8)
+3265: i378 = int_is_true(i377)
guard_false(i378, descr=<Guard0x1007778a0>) [p1, i373, i369]
+3275: i380 = int_rshift(i369, 4)
+3279: i382 = int_lt(i371, 0)
guard_false(i382, descr=<Guard0x100777830>) [p1, i371, i373, i380]
+3289: i383 = strgetitem(ConstPtr(ptr10), i371)
+3304: i385 = int_add(i371, 1)
+3308: i387 = int_and(i383, 7)
+3315: setfield_gc(ConstPtr(ptr6), i385, descr=<FieldS pyrlang.rpybeam.beam_code.CodeParser.inst_offset 48>)
+3328: i389 = int_eq(i387, 7)
guard_false(i389, descr=<Guard0x100777750>) [p1, i383, i373, i380]
+3338: i391 = int_and(i383, 8)
+3345: i392 = int_is_true(i391)
guard_false(i392, descr=<Guard0x1007776e0>) [p1, i387, i383, i373, i380]
+3355: i394 = int_rshift(i383, 4)
+3359: i396 = int_lt(i385, 0)
guard_false(i396, descr=<Guard0x100777670>) [p1, i385, i394, i387, i373, i380]
+3369: i397 = strgetitem(ConstPtr(ptr10), i385)
+3384: i399 = int_add(i385, 1)
+3388: i401 = int_and(i397, 7)
+3395: setfield_gc(ConstPtr(ptr6), i399, descr=<FieldS pyrlang.rpybeam.beam_code.CodeParser.inst_offset 48>)
+3408: i403 = int_eq(i401, 7)
guard_false(i403, descr=<Guard0x100777590>) [p1, i397, i394, i387, i373, i380]
+3418: i405 = int_and(i397, 8)
+3425: i406 = int_is_true(i405)
guard_false(i406, descr=<Guard0x100777520>) [p1, i401, i397, i394, i387, i373, i380]
+3435: i408 = int_rshift(i397, 4)
+3439: i410 = int_eq(i373, 3)
guard_true(i410, descr=<Guard0x1007774b0>) [p1, i380, i408, i401, i394, i387, None, None]
+3449: p411 = getfield_gc(p52, descr=<FieldP list.items 16>)
+3460: p412 = getarrayitem_gc(p411, i380, descr=<ArrayP 8>)
+3465: i414 = int_eq(i387, 3)
guard_true(i414, descr=<Guard0x1007773d0>) [p1, p412, i394, i408, i401, None, None, None, None]
+3475: p415 = getarrayitem_gc(p411, i394, descr=<ArrayP 8>)
+3480: guard_nonnull_class(p412, 4297378128, descr=<Guard0x100776800>) [p1, p415, p412, i408, i401, None, None, None, None]
+3499: i418 = int_eq(i401, 3)
guard_true(i418, descr=<Guard0x100777280>) [p1, i408, p415, p412, None, None, None, None, None, None]
p420 = new_with_vtable(4297378216)
+3604: call(ConstClass(X_Register.store), p51, i408, p420, descr=<Callv 0 rir EF=4>)
+3736: setfield_gc(p420, p412, descr=<FieldP pyrlang.interpreter.datatypes.list.W_ListObject.inst_left 32>)
+3747: setfield_gc(p420, p415, descr=<FieldP pyrlang.interpreter.datatypes.list.W_ListObject.inst_right 40>)
+3758: guard_no_exception(descr=<Guard0x100777210>) [p1]
debug_merge_point(0, 0, '156 is_nonempty_list')
+3778: i423 = int_lt(i399, 0)
guard_false(i423, descr=<Guard0x1007771a0>) [i399, p1]
+3788: i424 = strgetitem(ConstPtr(ptr10), i399)
+3803: i426 = int_add(i399, 1)
+3807: setfield_gc(ConstPtr(ptr6), i426, descr=<FieldS pyrlang.rpybeam.beam_code.CodeParser.inst_offset 48>)
+3820: guard_value(i424, 64, descr=<Guard0x100777130>) [i426, i424, p1]
+3830: i429 = int_lt(i426, 0)
guard_false(i429, descr=<Guard0x1007770c0>) [p1, i426]
+3840: i430 = strgetitem(ConstPtr(ptr10), i426)
+3855: i432 = int_add(i426, 1)
+3859: i434 = int_and(i430, 7)
+3866: setfield_gc(ConstPtr(ptr6), i432, descr=<FieldS pyrlang.rpybeam.beam_code.CodeParser.inst_offset 48>)
+3879: i436 = int_eq(i434, 7)
guard_false(i436, descr=<Guard0x100776fe0>) [p1, i430]
+3889: i438 = int_and(i430, 8)
+3896: i439 = int_is_true(i438)
guard_false(i439, descr=<Guard0x100776f70>) [p1, i434, i430]
+3906: i441 = int_rshift(i430, 4)
+3910: i443 = int_lt(i432, 0)
guard_false(i443, descr=<Guard0x100776f00>) [p1, i432, i434, i441]
+3920: i444 = strgetitem(ConstPtr(ptr10), i432)
+3935: i446 = int_add(i432, 1)
+3939: i448 = int_and(i444, 7)
+3946: setfield_gc(ConstPtr(ptr6), i446, descr=<FieldS pyrlang.rpybeam.beam_code.CodeParser.inst_offset 48>)
+3959: i450 = int_eq(i448, 7)
guard_false(i450, descr=<Guard0x100776e20>) [p1, i444, i434, i441]
+3969: i452 = int_and(i444, 8)
+3976: i453 = int_is_true(i452)
guard_false(i453, descr=<Guard0x100776db0>) [p1, i448, i444, i434, i441]
+3986: i455 = int_rshift(i444, 4)
+3990: guard_value(i434, 2, descr=<Guard0x100776d40>) [p1, i441, i434, i455, i448, None, None]
+4000: i457 = int_is_zero(i441)
guard_false(i457, descr=<Guard0x100776cd0>) [p1, i441, i455, i448, None, None]
+4010: i459 = int_eq(i448, 3)
guard_true(i459, descr=<Guard0x100776c60>) [p1, i455, None, None, None, i441]
p461 = new_with_vtable(ConstClass(W_AtomObject))
+4113: call(ConstClass(X_Register.store), p51, i455, p461, descr=<Callv 0 rir EF=4>)
+4215: setfield_gc(p461, i441, descr=<FieldS pyrlang.interpreter.datatypes.root.W_Root.inst_indexval 16>)
+4233: guard_no_exception(descr=<Guard0x100776bf0>) [p1]
debug_merge_point(0, 0, '156 is_nonempty_list')
+4253: i464 = int_lt(i446, 0)
guard_false(i464, descr=<Guard0x100776b80>) [i446, p1]
+4267: i465 = strgetitem(ConstPtr(ptr10), i446)
+4289: i467 = int_add(i446, 1)
+4293: setfield_gc(ConstPtr(ptr6), i467, descr=<FieldS pyrlang.rpybeam.beam_code.CodeParser.inst_offset 48>)
+4306: guard_value(i465, 6, descr=<Guard0x100776b10>) [i467, i465, p1]
+4316: i470 = int_lt(i467, 0)
guard_false(i470, descr=<Guard0x100776870>) [i467, p1]
+4326: i471 = strgetitem(ConstPtr(ptr10), i467)
+4341: i473 = int_add(i467, 1)
+4345: i475 = int_and(i471, 8)
+4352: setfield_gc(ConstPtr(ptr6), i473, descr=<FieldS pyrlang.rpybeam.beam_code.CodeParser.inst_offset 48>)
+4365: i476 = int_is_true(i475)
guard_false(i476, descr=<Guard0x100776aa0>) [p1, i471]
+4375: i478 = int_rshift(i471, 4)
+4375: i480 = int_lt(i473, 0)
guard_false(i480, descr=<Guard0x100776a30>) [i473, p1]
+4385: i481 = strgetitem(ConstPtr(ptr10), i473)
+4400: i483 = int_add(i473, 1)
+4404: i485 = int_and(i481, 8)
+4411: setfield_gc(ConstPtr(ptr6), i483, descr=<FieldS pyrlang.rpybeam.beam_code.CodeParser.inst_offset 48>)
+4424: i486 = int_is_true(i485)
guard_false(i486, descr=<Guard0x1007769c0>) [p1, i481]
+4434: i488 = int_rshift(i481, 4)
+4438: i490 = int_sub(i488, 1)
+4442: i492 = int_lt(i490, 0)
guard_false(i492, descr=<Guard0x100776950>) [i490, p1]
+4452: p494 = getfield_gc(ConstPtr(ptr493), descr=<FieldP list.items 16>)
+4465: i495 = getarrayitem_gc(p494, i490, descr=<ArrayS 8>)
debug_merge_point(0, 0, '156 is_nonempty_list')
+4470: setfield_gc(ConstPtr(ptr6), i495, descr=<FieldS pyrlang.rpybeam.beam_code.CodeParser.inst_offset 48>)
+4483: p496 = same_as(p51)
+4490: i497 = same_as(i56)
+4497: p498 = same_as(p59)
+4504: p499 = same_as(p58)
+4511: p500 = same_as(p57)
+4518: label(i56, p1, p57, p58, p51, p59, i495, p52, p496, p494, i497, p500, p499, p498, descr=TargetToken(4302685712))
debug_merge_point(0, 0, '156 is_nonempty_list')
+4559: i501 = int_lt(i495, 0)
guard_false(i501, descr=<Guard0x1007a10c0>) [i495, p1]
+4569: i502 = strgetitem(ConstPtr(ptr10), i495)
+4584: i503 = int_add(i495, 1)
+4588: setfield_gc(ConstPtr(ptr6), i503, descr=<FieldS pyrlang.rpybeam.beam_code.CodeParser.inst_offset 48>)
+4601: guard_value(i502, 56, descr=<Guard0x101400950>) [i503, i502, p1]
+4611: i504 = int_lt(i503, 0)
guard_false(i504, descr=<Guard0x1014008e0>) [i503, p1]
+4621: i505 = strgetitem(ConstPtr(ptr10), i503)
+4636: i506 = int_add(i503, 1)
+4640: i507 = int_and(i505, 8)
+4647: setfield_gc(ConstPtr(ptr6), i506, descr=<FieldS pyrlang.rpybeam.beam_code.CodeParser.inst_offset 48>)
+4660: i508 = int_is_true(i507)
guard_true(i508, descr=<Guard0x101400870>) [p1, i505]
+4670: i509 = int_and(i505, 16)
+4677: i510 = int_is_true(i509)
guard_false(i510, descr=<Guard0x101400800>) [p1, i505]
+4687: i511 = int_lt(i506, 0)
guard_false(i511, descr=<Guard0x101400790>) [p1, i506, i505]
+4697: i512 = strgetitem(ConstPtr(ptr10), i506)
+4712: i513 = int_add(i506, 1)
+4716: i514 = int_and(i505, 224)
+4723: i515 = int_lshift(i514, 3)
+4727: i516 = int_or(i515, i512)
+4730: setfield_gc(ConstPtr(ptr6), i513, descr=<FieldS pyrlang.rpybeam.beam_code.CodeParser.inst_offset 48>)
+4743: i517 = int_lt(i513, 0)
guard_false(i517, descr=<Guard0x101400720>) [i516, p1, i513]
+4753: i518 = strgetitem(ConstPtr(ptr10), i513)
+4768: i519 = int_add(i513, 1)
+4772: i520 = int_and(i518, 7)
+4779: setfield_gc(ConstPtr(ptr6), i519, descr=<FieldS pyrlang.rpybeam.beam_code.CodeParser.inst_offset 48>)
+4792: i521 = int_eq(i520, 7)
guard_false(i521, descr=<Guard0x1014006b0>) [i516, p1, i518]
+4802: i522 = int_and(i518, 8)
+4809: i523 = int_is_true(i522)
guard_false(i523, descr=<Guard0x101400640>) [i516, p1, i520, i518]
+4819: i524 = int_rshift(i518, 4)
+4823: guard_value(i520, 3, descr=<Guard0x1014005d0>) [i516, p1, i524, i520]
+4833: p525 = getfield_gc(p52, descr=<FieldP list.items 16>)
+4844: p526 = getarrayitem_gc(p525, i524, descr=<ArrayP 8>)
+4849: guard_nonnull_class(p526, 4297378216, descr=<Guard0x101400560>) [i516, p526, p1]
debug_merge_point(0, 0, '156 is_nonempty_list')
+4867: i527 = int_lt(i519, 0)
guard_false(i527, descr=<Guard0x1014004f0>) [i519, p1]
+4877: i528 = strgetitem(ConstPtr(ptr10), i519)
+4892: i529 = int_add(i519, 1)
+4896: setfield_gc(ConstPtr(ptr6), i529, descr=<FieldS pyrlang.rpybeam.beam_code.CodeParser.inst_offset 48>)
+4909: guard_value(i528, 65, descr=<Guard0x101400480>) [i529, i528, p1]
+4919: i530 = int_lt(i529, 0)
guard_false(i530, descr=<Guard0x101400410>) [p1, i529]
+4929: i531 = strgetitem(ConstPtr(ptr10), i529)
+4944: i532 = int_add(i529, 1)
+4948: i533 = int_and(i531, 7)
+4955: setfield_gc(ConstPtr(ptr6), i532, descr=<FieldS pyrlang.rpybeam.beam_code.CodeParser.inst_offset 48>)
+4968: i534 = int_eq(i533, 7)
guard_false(i534, descr=<Guard0x1014003a0>) [p1, i531]
+4978: i535 = int_and(i531, 8)
+4985: i536 = int_is_true(i535)
guard_false(i536, descr=<Guard0x101400330>) [p1, i533, i531]
+4995: i537 = int_rshift(i531, 4)
+4999: i538 = int_lt(i532, 0)
guard_false(i538, descr=<Guard0x1014002c0>) [p1, i532, i533, i537]
+5009: i539 = strgetitem(ConstPtr(ptr10), i532)
+5024: i540 = int_add(i532, 1)
+5028: i541 = int_and(i539, 7)
+5035: setfield_gc(ConstPtr(ptr6), i540, descr=<FieldS pyrlang.rpybeam.beam_code.CodeParser.inst_offset 48>)
+5048: i542 = int_eq(i541, 7)
guard_false(i542, descr=<Guard0x101400250>) [p1, i539, i533, i537]
+5058: i543 = int_and(i539, 8)
+5065: i544 = int_is_true(i543)
guard_false(i544, descr=<Guard0x1014001e0>) [p1, i541, i539, i533, i537]
+5075: i545 = int_rshift(i539, 4)
+5079: i546 = int_lt(i540, 0)
guard_false(i546, descr=<Guard0x101400170>) [p1, i540, i541, i545, i533, i537]
+5089: i547 = strgetitem(ConstPtr(ptr10), i540)
+5104: i548 = int_add(i540, 1)
+5109: i549 = int_and(i547, 7)
+5116: setfield_gc(ConstPtr(ptr6), i548, descr=<FieldS pyrlang.rpybeam.beam_code.CodeParser.inst_offset 48>)
+5129: i550 = int_eq(i549, 7)
guard_false(i550, descr=<Guard0x101400100>) [p1, i547, i541, i545, i533, i537]
+5139: i551 = int_and(i547, 8)
+5146: i552 = int_is_true(i551)
guard_false(i552, descr=<Guard0x101400090>) [p1, i549, i547, i541, i545, i533, i537]
+5156: i553 = int_rshift(i547, 4)
+5160: i554 = int_eq(i533, 3)
guard_true(i554, descr=<Guard0x101400020>) [p1, i537, i553, i549, i541, i545, None, None]
+5170: p555 = getarrayitem_gc(p525, i537, descr=<ArrayP 8>)
+5175: p556 = getfield_gc(p555, descr=<FieldP pyrlang.interpreter.datatypes.list.W_ListObject.inst_left 32>)
+5179: i557 = int_eq(i541, 3)
guard_true(i557, descr=<Guard0x1007bbf30>) [p555, p1, i545, p556, i553, i549, None, None, None, None]
+5189: call(ConstClass(X_Register.store), p496, i545, p556, descr=<Callv 0 rir EF=4>)
+5298: guard_no_exception(descr=<Guard0x1007bbec0>) [p555, p1, i553, i549, None, None, None, None]
+5318: p558 = getfield_gc(p555, descr=<FieldP pyrlang.interpreter.datatypes.list.W_ListObject.inst_right 40>)
+5329: i559 = int_eq(i549, 3)
guard_true(i559, descr=<Guard0x1007bbe50>) [p1, i553, p558, None, None, None, None, None, None]
+5343: call(ConstClass(X_Register.store), p496, i553, p558, descr=<Callv 0 rir EF=4>)
+5427: guard_no_exception(descr=<Guard0x1007bbde0>) [p1, None, None, None, None, None, None]
debug_merge_point(0, 0, '156 is_nonempty_list')
+5447: i560 = int_lt(i548, 0)
guard_false(i560, descr=<Guard0x1007bbd70>) [i548, p1, None, None, None, None, None, None]
+5461: i561 = strgetitem(ConstPtr(ptr10), i548)
+5483: i562 = int_add(i548, 1)
+5487: setfield_gc(ConstPtr(ptr6), i562, descr=<FieldS pyrlang.rpybeam.beam_code.CodeParser.inst_offset 48>)
+5500: guard_value(i561, 56, descr=<Guard0x1007bbd00>) [i562, i561, p1, None, None, None, None, None, None]
+5510: i563 = int_lt(i562, 0)
guard_false(i563, descr=<Guard0x1007bbc90>) [i562, p1, None, None, None, None, None, None]
+5520: i564 = strgetitem(ConstPtr(ptr10), i562)
+5535: i565 = int_add(i562, 1)
+5539: i566 = int_and(i564, 8)
+5546: setfield_gc(ConstPtr(ptr6), i565, descr=<FieldS pyrlang.rpybeam.beam_code.CodeParser.inst_offset 48>)
+5559: i567 = int_is_true(i566)
guard_false(i567, descr=<Guard0x1007bbc20>) [p1, i564, None, None, None, None, None, None]
+5569: i568 = int_rshift(i564, 4)
+5573: i569 = int_lt(i565, 0)
guard_false(i569, descr=<Guard0x1007bbbb0>) [i568, p1, i565, None, None, None, None, None, None]
+5583: i570 = strgetitem(ConstPtr(ptr10), i565)
+5598: i571 = int_add(i565, 1)
+5602: i572 = int_and(i570, 7)
+5609: setfield_gc(ConstPtr(ptr6), i571, descr=<FieldS pyrlang.rpybeam.beam_code.CodeParser.inst_offset 48>)
+5622: i573 = int_eq(i572, 7)
guard_false(i573, descr=<Guard0x1007bbb40>) [i568, p1, i570, None, None, None, None, None, None]
+5632: i574 = int_and(i570, 8)
+5639: i575 = int_is_true(i574)
guard_false(i575, descr=<Guard0x1007bbad0>) [i568, p1, i572, i570, None, None, None, None, None, None]
+5649: i576 = int_rshift(i570, 4)
+5653: guard_value(i572, 3, descr=<Guard0x1007bba60>) [i568, p1, i576, i572, None, None, None, None, None, None]
+5663: p577 = getfield_gc(p52, descr=<FieldP list.items 16>)
+5674: p578 = getarrayitem_gc(p577, i576, descr=<ArrayP 8>)
+5679: guard_nonnull_class(p578, 4297378216, descr=<Guard0x1007bb9f0>) [i568, p578, p1, None, None, None, None, None, None]
debug_merge_point(0, 0, '156 is_nonempty_list')
+5698: i579 = int_lt(i571, 0)
guard_false(i579, descr=<Guard0x1007bb980>) [i571, p1, None, None, None, None, None, None]
+5708: i580 = strgetitem(ConstPtr(ptr10), i571)
+5723: i581 = int_add(i571, 1)
+5727: setfield_gc(ConstPtr(ptr6), i581, descr=<FieldS pyrlang.rpybeam.beam_code.CodeParser.inst_offset 48>)
+5740: guard_value(i580, 65, descr=<Guard0x1007bb910>) [i581, i580, p1, None, None, None, None, None, None]
+5750: i582 = int_lt(i581, 0)
guard_false(i582, descr=<Guard0x1007bb8a0>) [p1, i581, None, None, None, None, None, None]
+5760: i583 = strgetitem(ConstPtr(ptr10), i581)
+5775: i584 = int_add(i581, 1)
+5779: i585 = int_and(i583, 7)
+5786: setfield_gc(ConstPtr(ptr6), i584, descr=<FieldS pyrlang.rpybeam.beam_code.CodeParser.inst_offset 48>)
+5799: i586 = int_eq(i585, 7)
guard_false(i586, descr=<Guard0x1007bb830>) [p1, i583, None, None, None, None, None, None]
+5809: i587 = int_and(i583, 8)
+5816: i588 = int_is_true(i587)
guard_false(i588, descr=<Guard0x1007bb7c0>) [p1, i585, i583, None, None, None, None, None, None]
+5826: i589 = int_rshift(i583, 4)
+5830: i590 = int_lt(i584, 0)
guard_false(i590, descr=<Guard0x1007bb750>) [p1, i584, i585, i589, None, None, None, None, None, None]
+5840: i591 = strgetitem(ConstPtr(ptr10), i584)
+5855: i592 = int_add(i584, 1)
+5859: i593 = int_and(i591, 7)
+5866: setfield_gc(ConstPtr(ptr6), i592, descr=<FieldS pyrlang.rpybeam.beam_code.CodeParser.inst_offset 48>)
+5879: i594 = int_eq(i593, 7)
guard_false(i594, descr=<Guard0x1007bb6e0>) [p1, i591, i585, i589, None, None, None, None, None, None]
+5889: i595 = int_and(i591, 8)
+5896: i596 = int_is_true(i595)
guard_false(i596, descr=<Guard0x1007bb670>) [p1, i593, i591, i585, i589, None, None, None, None, None, None]
+5906: i597 = int_rshift(i591, 4)
+5910: i598 = int_lt(i592, 0)
guard_false(i598, descr=<Guard0x1007bb590>) [p1, i592, i593, i597, i585, i589, None, None, None, None, None, None]
+5920: i599 = strgetitem(ConstPtr(ptr10), i592)
+5935: i600 = int_add(i592, 1)
+5939: i601 = int_and(i599, 7)
+5946: setfield_gc(ConstPtr(ptr6), i600, descr=<FieldS pyrlang.rpybeam.beam_code.CodeParser.inst_offset 48>)
+5959: i602 = int_eq(i601, 7)
guard_false(i602, descr=<Guard0x1007bb4b0>) [p1, i599, i593, i597, i585, i589, None, None, None, None, None, None]
+5969: i603 = int_and(i599, 8)
+5976: i604 = int_is_true(i603)
guard_false(i604, descr=<Guard0x1007bb440>) [p1, i601, i599, i593, i597, i585, i589, None, None, None, None, None, None]
+5986: i605 = int_rshift(i599, 4)
+5990: i606 = int_eq(i585, 3)
guard_true(i606, descr=<Guard0x1007bb3d0>) [p1, i589, i601, i605, i593, i597, None, None, None, None, None, None, None, None]
+6000: p607 = getarrayitem_gc(p577, i589, descr=<ArrayP 8>)
+6005: p608 = getfield_gc(p607, descr=<FieldP pyrlang.interpreter.datatypes.list.W_ListObject.inst_left 32>)
+6009: i609 = int_eq(i593, 3)
guard_true(i609, descr=<Guard0x1007bb360>) [p607, p1, i597, p608, i601, i605, None, None, None, None, None, None, None, None, None, None]
+6019: call(ConstClass(X_Register.store), p496, i597, p608, descr=<Callv 0 rir EF=4>)
+6124: guard_no_exception(descr=<Guard0x1007bb2f0>) [p607, p1, i601, i605, None, None, None, None, None, None, None, None, None, None]
+6144: p610 = getfield_gc(p607, descr=<FieldP pyrlang.interpreter.datatypes.list.W_ListObject.inst_right 40>)
+6155: i611 = int_eq(i601, 3)
guard_true(i611, descr=<Guard0x1007bb280>) [p1, i605, p610, None, None, None, None, None, None, None, None, None, None, None, None]
+6169: call(ConstClass(X_Register.store), p496, i605, p610, descr=<Callv 0 rir EF=4>)
+6253: guard_no_exception(descr=<Guard0x1007bb210>) [p1, None, None, None, None, None, None, None, None, None, None, None, None]
debug_merge_point(0, 0, '156 is_nonempty_list')
+6273: i612 = int_lt(i600, 0)
guard_false(i612, descr=<Guard0x1007bb1a0>) [i600, p1, None, None, None, None, None, None, None, None, None, None, None, None]
+6287: i613 = strgetitem(ConstPtr(ptr10), i600)
+6309: i614 = int_add(i600, 1)
+6313: setfield_gc(ConstPtr(ptr6), i614, descr=<FieldS pyrlang.rpybeam.beam_code.CodeParser.inst_offset 48>)
+6326: guard_value(i613, 39, descr=<Guard0x1007bb130>) [i614, i613, p1, None, None, None, None, None, None, None, None, None, None, None, None]
+6336: i615 = int_lt(i614, 0)
guard_false(i615, descr=<Guard0x1007bb0c0>) [i614, p1, None, None, None, None, None, None, None, None, None, None, None, None]
+6346: i616 = strgetitem(ConstPtr(ptr10), i614)
+6361: i617 = int_add(i614, 1)
+6365: i618 = int_and(i616, 8)
+6372: setfield_gc(ConstPtr(ptr6), i617, descr=<FieldS pyrlang.rpybeam.beam_code.CodeParser.inst_offset 48>)
+6385: i619 = int_is_true(i618)
guard_false(i619, descr=<Guard0x1007bb050>) [p1, i616, None, None, None, None, None, None, None, None, None, None, None, None]
+6395: i620 = int_rshift(i616, 4)
+6399: i621 = int_lt(i617, 0)
guard_false(i621, descr=<Guard0x1007bafe0>) [i620, p1, i617, None, None, None, None, None, None, None, None, None, None, None, None]
+6409: i622 = strgetitem(ConstPtr(ptr10), i617)
+6424: i623 = int_add(i617, 1)
+6428: i624 = int_and(i622, 7)
+6435: setfield_gc(ConstPtr(ptr6), i623, descr=<FieldS pyrlang.rpybeam.beam_code.CodeParser.inst_offset 48>)
+6448: i625 = int_eq(i624, 7)
guard_false(i625, descr=<Guard0x1007baf70>) [i620, p1, i622, None, None, None, None, None, None, None, None, None, None, None, None]
+6458: i626 = int_and(i622, 8)
+6465: i627 = int_is_true(i626)
guard_false(i627, descr=<Guard0x1007baf00>) [i620, p1, i624, i622, None, None, None, None, None, None, None, None, None, None, None, None]
+6475: i628 = int_rshift(i622, 4)
+6479: i629 = int_lt(i623, 0)
guard_false(i629, descr=<Guard0x1007bae90>) [i620, p1, i623, i624, i628, None, None, None, None, None, None, None, None, None, None, None, None]
+6489: i630 = strgetitem(ConstPtr(ptr10), i623)
+6504: i631 = int_add(i623, 1)
+6508: i632 = int_and(i630, 7)
+6515: setfield_gc(ConstPtr(ptr6), i631, descr=<FieldS pyrlang.rpybeam.beam_code.CodeParser.inst_offset 48>)
+6528: i633 = int_eq(i632, 7)
guard_false(i633, descr=<Guard0x1007bae20>) [i620, p1, i630, i624, i628, None, None, None, None, None, None, None, None, None, None, None, None]
+6538: i634 = int_and(i630, 8)
+6545: i635 = int_is_true(i634)
guard_false(i635, descr=<Guard0x1007badb0>) [i620, p1, i632, i630, i624, i628, None, None, None, None, None, None, None, None, None, None, None, None]
+6555: i636 = int_rshift(i630, 4)
+6559: guard_value(i624, 3, descr=<Guard0x1007bad40>) [p1, i620, i628, i624, i636, i632, None, None, None, None, None, None, None, None, None, None, None, None, None, None]
+6569: p637 = getfield_gc(p52, descr=<FieldP list.items 16>)
+6580: p638 = getarrayitem_gc(p637, i628, descr=<ArrayP 8>)
+6585: guard_value(i632, 3, descr=<Guard0x1007bacd0>) [p1, i620, p638, i636, i632, None, None, None, None, None, None, None, None, None, None, None, None, None, None, None, None]
+6595: p639 = getarrayitem_gc(p637, i636, descr=<ArrayP 8>)
+6600: guard_class(p638, 4297378128, descr=<Guard0x1007bac60>) [p1, i620, p638, p639, None, None, None, None, None, None, None, None, None, None, None, None, None, None, None, None]
+6612: guard_nonnull_class(p639, 4297378128, descr=<Guard0x1007babf0>) [p1, i620, p638, p639, None, None, None, None, None, None, None, None, None, None, None, None, None, None, None, None]
+6630: i640 = getfield_gc(p638, descr=<FieldS pyrlang.interpreter.datatypes.root.W_Root.inst_intval 24>)
+6634: i641 = getfield_gc(p639, descr=<FieldS pyrlang.interpreter.datatypes.root.W_Root.inst_intval 24>)
+6638: i642 = int_lt(i640, i641)
guard_true(i642, descr=<Guard0x1007bab80>) [p1, i620, None, None, None, None, None, None, None, None, None, None, None, None, None, None, None, None]
debug_merge_point(0, 0, '156 is_nonempty_list')
+6647: i643 = int_lt(i631, 0)
guard_false(i643, descr=<Guard0x1007bab10>) [i631, p1, None, None, None, None, None, None, None, None, None, None, None, None, None, None, None, None]
+6657: i644 = strgetitem(ConstPtr(ptr10), i631)
+6672: i645 = int_add(i631, 1)
+6676: setfield_gc(ConstPtr(ptr6), i645, descr=<FieldS pyrlang.rpybeam.beam_code.CodeParser.inst_offset 48>)
+6689: guard_value(i644, 16, descr=<Guard0x1007baaa0>) [i645, i644, p1, None, None, None, None, None, None, None, None, None, None, None, None, None, None, None, None]
+6699: i646 = int_lt(i645, 0)
guard_false(i646, descr=<Guard0x1007baa30>) [p1, i645, None, None, None, None, None, None, None, None, None, None, None, None, None, None, None, None]
+6709: i647 = strgetitem(ConstPtr(ptr10), i645)
+6724: i648 = int_add(i645, 1)
+6728: i649 = int_and(i647, 7)
+6735: setfield_gc(ConstPtr(ptr6), i648, descr=<FieldS pyrlang.rpybeam.beam_code.CodeParser.inst_offset 48>)
+6748: i650 = int_eq(i649, 7)
guard_false(i650, descr=<Guard0x1007ba9c0>) [p1, i647, None, None, None, None, None, None, None, None, None, None, None, None, None, None, None, None]
+6758: i651 = int_and(i647, 8)
+6765: i652 = int_is_true(i651)
guard_false(i652, descr=<Guard0x1007ba950>) [p1, i649, i647, None, None, None, None, None, None, None, None, None, None, None, None, None, None, None, None]
+6775: i653 = int_rshift(i647, 4)
+6775: i654 = int_lt(i648, 0)
guard_false(i654, descr=<Guard0x1007ba8e0>) [p1, i648, None, None, None, None, None, None, None, None, None, None, None, None, None, None, None, None]
+6785: i655 = strgetitem(ConstPtr(ptr10), i648)
+6800: i656 = int_add(i648, 1)
+6804: i657 = int_and(i655, 7)
+6811: setfield_gc(ConstPtr(ptr6), i656, descr=<FieldS pyrlang.rpybeam.beam_code.CodeParser.inst_offset 48>)
+6824: i658 = int_eq(i657, 7)
guard_false(i658, descr=<Guard0x1007ba870>) [p1, i655, None, None, None, None, None, None, None, None, None, None, None, None, None, None, None, None]
+6834: i659 = int_and(i655, 8)
+6841: i660 = int_is_true(i659)
guard_false(i660, descr=<Guard0x1007ba800>) [p1, i657, i655, None, None, None, None, None, None, None, None, None, None, None, None, None, None, None, None]
+6851: i661 = int_rshift(i655, 4)
debug_merge_point(0, 0, '156 is_nonempty_list')
+6851: i662 = int_lt(i656, 0)
guard_false(i662, descr=<Guard0x1007ba790>) [i656, p1, None, None, None, None, None, None, None, None, None, None, None, None, None, None, None, None]
+6861: i663 = strgetitem(ConstPtr(ptr10), i656)
+6876: i664 = int_add(i656, 1)
+6880: setfield_gc(ConstPtr(ptr6), i664, descr=<FieldS pyrlang.rpybeam.beam_code.CodeParser.inst_offset 48>)
+6893: guard_value(i663, 69, descr=<Guard0x1007ba720>) [i664, i663, p1, None, None, None, None, None, None, None, None, None, None, None, None, None, None, None, None]
+6903: i665 = int_lt(i664, 0)
guard_false(i665, descr=<Guard0x1007ba6b0>) [p1, i664, None, None, None, None, None, None, None, None, None, None, None, None, None, None, None, None]
+6913: i666 = strgetitem(ConstPtr(ptr10), i664)
+6928: i667 = int_add(i664, 1)
+6932: i668 = int_and(i666, 7)
+6939: setfield_gc(ConstPtr(ptr6), i667, descr=<FieldS pyrlang.rpybeam.beam_code.CodeParser.inst_offset 48>)
+6952: i669 = int_eq(i668, 7)
guard_false(i669, descr=<Guard0x1007ba640>) [p1, i666, None, None, None, None, None, None, None, None, None, None, None, None, None, None, None, None]
+6962: i670 = int_and(i666, 8)
+6969: i671 = int_is_true(i670)
guard_false(i671, descr=<Guard0x1007ba5d0>) [p1, i668, i666, None, None, None, None, None, None, None, None, None, None, None, None, None, None, None, None]
+6979: i672 = int_rshift(i666, 4)
+6983: i673 = int_lt(i667, 0)
guard_false(i673, descr=<Guard0x1007ba560>) [p1, i667, i672, i668, None, None, None, None, None, None, None, None, None, None, None, None, None, None, None, None]
+6993: i674 = strgetitem(ConstPtr(ptr10), i667)
+7008: i675 = int_add(i667, 1)
+7012: i676 = int_and(i674, 7)
+7019: setfield_gc(ConstPtr(ptr6), i675, descr=<FieldS pyrlang.rpybeam.beam_code.CodeParser.inst_offset 48>)
+7032: i677 = int_eq(i676, 7)
guard_false(i677, descr=<Guard0x1007ba4f0>) [p1, i674, i672, i668, None, None, None, None, None, None, None, None, None, None, None, None, None, None, None, None]
+7042: i678 = int_and(i674, 8)
+7049: i679 = int_is_true(i678)
guard_false(i679, descr=<Guard0x1007ba480>) [p1, i676, i674, i672, i668, None, None, None, None, None, None, None, None, None, None, None, None, None, None, None, None]
+7059: i680 = int_rshift(i674, 4)
+7063: i681 = int_lt(i675, 0)
guard_false(i681, descr=<Guard0x1007ba410>) [p1, i675, i676, i680, i672, i668, None, None, None, None, None, None, None, None, None, None, None, None, None, None, None, None]
+7073: i682 = strgetitem(ConstPtr(ptr10), i675)
+7088: i683 = int_add(i675, 1)
+7092: i684 = int_and(i682, 7)
+7099: setfield_gc(ConstPtr(ptr6), i683, descr=<FieldS pyrlang.rpybeam.beam_code.CodeParser.inst_offset 48>)
+7112: i685 = int_eq(i684, 7)
guard_false(i685, descr=<Guard0x1007ba3a0>) [p1, i682, i676, i680, i672, i668, None, None, None, None, None, None, None, None, None, None, None, None, None, None, None, None]
+7122: i686 = int_and(i682, 8)
+7129: i687 = int_is_true(i686)
guard_false(i687, descr=<Guard0x1007ba330>) [p1, i684, i682, i676, i680, i672, i668, None, None, None, None, None, None, None, None, None, None, None, None, None, None, None, None]
+7139: i688 = int_rshift(i682, 4)
+7143: i689 = int_eq(i668, 3)
guard_true(i689, descr=<Guard0x1007ba2c0>) [p1, i672, i684, i688, i676, i680, None, None, None, None, None, None, None, None, None, None, None, None, None, None, None, None, None, None]
+7153: p690 = getarrayitem_gc(p637, i672, descr=<ArrayP 8>)
+7158: i691 = int_eq(i676, 3)
guard_true(i691, descr=<Guard0x1007ba250>) [p1, p690, i680, i684, i688, None, None, None, None, None, None, None, None, None, None, None, None, None, None, None, None, None, None, None, None]
+7168: p692 = getarrayitem_gc(p637, i680, descr=<ArrayP 8>)
+7173: guard_nonnull_class(p690, 4297378128, descr=<Guard0x1007ba1e0>) [p1, p692, p690, i684, i688, None, None, None, None, None, None, None, None, None, None, None, None, None, None, None, None, None, None, None, None]
+7191: i693 = int_eq(i684, 3)
guard_true(i693, descr=<Guard0x1007ba170>) [p1, i688, p692, p690, None, None, None, None, None, None, None, None, None, None, None, None, None, None, None, None, None, None, None, None, None, None]
p694 = new_with_vtable(4297378216)
+7303: call(ConstClass(X_Register.store), p496, i688, p694, descr=<Callv 0 rir EF=4>)
+7428: setfield_gc(p694, p690, descr=<FieldP pyrlang.interpreter.datatypes.list.W_ListObject.inst_left 32>)
+7439: setfield_gc(p694, p692, descr=<FieldP pyrlang.interpreter.datatypes.list.W_ListObject.inst_right 40>)
+7450: guard_no_exception(descr=<Guard0x1007ba100>) [p1]
debug_merge_point(0, 0, '156 is_nonempty_list')
+7470: i695 = int_lt(i683, 0)
guard_false(i695, descr=<Guard0x1007ba090>) [i683, p1]
+7480: i696 = strgetitem(ConstPtr(ptr10), i683)
+7495: i697 = int_add(i683, 1)
+7499: setfield_gc(ConstPtr(ptr6), i697, descr=<FieldS pyrlang.rpybeam.beam_code.CodeParser.inst_offset 48>)
+7512: guard_value(i696, 69, descr=<Guard0x1007ba020>) [i697, i696, p1]
+7522: i698 = int_lt(i697, 0)
guard_false(i698, descr=<Guard0x1007a1f30>) [p1, i697]
+7532: i699 = strgetitem(ConstPtr(ptr10), i697)
+7547: i700 = int_add(i697, 1)
+7551: i701 = int_and(i699, 7)
+7558: setfield_gc(ConstPtr(ptr6), i700, descr=<FieldS pyrlang.rpybeam.beam_code.CodeParser.inst_offset 48>)
+7571: i702 = int_eq(i701, 7)
guard_false(i702, descr=<Guard0x1007a1ec0>) [p1, i699]
+7581: i703 = int_and(i699, 8)
+7588: i704 = int_is_true(i703)
guard_false(i704, descr=<Guard0x1007a1e50>) [p1, i701, i699]
+7598: i705 = int_rshift(i699, 4)
+7602: i706 = int_lt(i700, 0)
guard_false(i706, descr=<Guard0x1007a1de0>) [p1, i700, i701, i705]
+7612: i707 = strgetitem(ConstPtr(ptr10), i700)
+7627: i708 = int_add(i700, 1)
+7631: i709 = int_and(i707, 7)
+7638: setfield_gc(ConstPtr(ptr6), i708, descr=<FieldS pyrlang.rpybeam.beam_code.CodeParser.inst_offset 48>)
+7651: i710 = int_eq(i709, 7)
guard_false(i710, descr=<Guard0x1007a1d70>) [p1, i707, i701, i705]
+7661: i711 = int_and(i707, 8)
+7668: i712 = int_is_true(i711)
guard_false(i712, descr=<Guard0x1007a1d00>) [p1, i709, i707, i701, i705]
+7678: i713 = int_rshift(i707, 4)
+7682: i714 = int_lt(i708, 0)
guard_false(i714, descr=<Guard0x1007a1c90>) [p1, i708, i709, i713, i701, i705]
+7692: i715 = strgetitem(ConstPtr(ptr10), i708)
+7707: i716 = int_add(i708, 1)
+7711: i717 = int_and(i715, 7)
+7718: setfield_gc(ConstPtr(ptr6), i716, descr=<FieldS pyrlang.rpybeam.beam_code.CodeParser.inst_offset 48>)
+7731: i718 = int_eq(i717, 7)
guard_false(i718, descr=<Guard0x1007a1c20>) [p1, i715, i709, i713, i701, i705]
+7741: i719 = int_and(i715, 8)
+7748: i720 = int_is_true(i719)
guard_false(i720, descr=<Guard0x1007a1bb0>) [p1, i717, i715, i709, i713, i701, i705]
+7758: i721 = int_rshift(i715, 4)
+7762: i722 = int_eq(i701, 3)
guard_true(i722, descr=<Guard0x1007a1b40>) [p1, i705, i721, i717, i709, i713, None, None]
+7772: p723 = getfield_gc(p52, descr=<FieldP list.items 16>)
+7783: p724 = getarrayitem_gc(p723, i705, descr=<ArrayP 8>)
+7788: i725 = int_eq(i709, 3)
guard_true(i725, descr=<Guard0x1007a1ad0>) [p1, p724, i713, i721, i717, None, None, None, None]
+7798: p726 = getarrayitem_gc(p723, i713, descr=<ArrayP 8>)
+7803: guard_nonnull_class(p724, 4297378128, descr=<Guard0x1007a1a60>) [p1, p726, p724, i721, i717, None, None, None, None]
+7822: i727 = int_eq(i717, 3)
guard_true(i727, descr=<Guard0x1007a19f0>) [p1, i721, p724, p726, None, None, None, None, None, None]
p728 = new_with_vtable(4297378216)
+7927: call(ConstClass(X_Register.store), p496, i721, p728, descr=<Callv 0 rir EF=4>)
+8068: setfield_gc(p728, p724, descr=<FieldP pyrlang.interpreter.datatypes.list.W_ListObject.inst_left 32>)
+8079: setfield_gc(p728, p726, descr=<FieldP pyrlang.interpreter.datatypes.list.W_ListObject.inst_right 40>)
+8090: guard_no_exception(descr=<Guard0x1007a1980>) [p1]
debug_merge_point(0, 0, '156 is_nonempty_list')
+8110: i729 = int_lt(i716, 0)
guard_false(i729, descr=<Guard0x1007a1910>) [i716, p1]
+8124: i730 = strgetitem(ConstPtr(ptr10), i716)
+8146: i731 = int_add(i716, 1)
+8150: setfield_gc(ConstPtr(ptr6), i731, descr=<FieldS pyrlang.rpybeam.beam_code.CodeParser.inst_offset 48>)
+8163: guard_value(i730, 64, descr=<Guard0x1007a18a0>) [i731, i730, p1]
+8173: i732 = int_lt(i731, 0)
guard_false(i732, descr=<Guard0x1007a1830>) [p1, i731]
+8183: i733 = strgetitem(ConstPtr(ptr10), i731)
+8198: i734 = int_add(i731, 1)
+8202: i735 = int_and(i733, 7)
+8209: setfield_gc(ConstPtr(ptr6), i734, descr=<FieldS pyrlang.rpybeam.beam_code.CodeParser.inst_offset 48>)
+8222: i736 = int_eq(i735, 7)
guard_false(i736, descr=<Guard0x1007a17c0>) [p1, i733]
+8232: i737 = int_and(i733, 8)
+8239: i738 = int_is_true(i737)
guard_false(i738, descr=<Guard0x1007a1750>) [p1, i735, i733]
+8249: i739 = int_rshift(i733, 4)
+8253: i740 = int_lt(i734, 0)
guard_false(i740, descr=<Guard0x1007a16e0>) [p1, i734, i739, i735]
+8263: i741 = strgetitem(ConstPtr(ptr10), i734)
+8278: i742 = int_add(i734, 1)
+8282: i743 = int_and(i741, 7)
+8289: setfield_gc(ConstPtr(ptr6), i742, descr=<FieldS pyrlang.rpybeam.beam_code.CodeParser.inst_offset 48>)
+8302: i744 = int_eq(i743, 7)
guard_false(i744, descr=<Guard0x1007a1670>) [p1, i741, i739, i735]
+8312: i745 = int_and(i741, 8)
+8319: i746 = int_is_true(i745)
guard_false(i746, descr=<Guard0x1007a1600>) [p1, i743, i741, i739, i735]
+8329: i747 = int_rshift(i741, 4)
+8333: guard_value(i735, 2, descr=<Guard0x1007a1590>) [p1, i739, i735, i743, i747, None, None]
+8343: i748 = int_is_zero(i739)
guard_false(i748, descr=<Guard0x1007a1520>) [p1, i739, i743, i747, None, None]
+8353: i749 = int_eq(i743, 3)
guard_true(i749, descr=<Guard0x1007a14b0>) [p1, i747, None, None, i739, None]
p750 = new_with_vtable(ConstClass(W_AtomObject))
+8449: call(ConstClass(X_Register.store), p496, i747, p750, descr=<Callv 0 rir EF=4>)
+8551: setfield_gc(p750, i739, descr=<FieldS pyrlang.interpreter.datatypes.root.W_Root.inst_indexval 16>)
+8569: guard_no_exception(descr=<Guard0x1007a1440>) [p1]
debug_merge_point(0, 0, '156 is_nonempty_list')
+8589: i751 = int_lt(i742, 0)
guard_false(i751, descr=<Guard0x1007a13d0>) [i742, p1]
+8599: i752 = strgetitem(ConstPtr(ptr10), i742)
+8614: i753 = int_add(i742, 1)
+8618: setfield_gc(ConstPtr(ptr6), i753, descr=<FieldS pyrlang.rpybeam.beam_code.CodeParser.inst_offset 48>)
+8631: guard_value(i752, 6, descr=<Guard0x1007a1360>) [i753, i752, p1]
+8641: i754 = int_lt(i753, 0)
guard_false(i754, descr=<Guard0x1007a12f0>) [i753, p1]
+8651: i755 = strgetitem(ConstPtr(ptr10), i753)
+8666: i756 = int_add(i753, 1)
+8670: i757 = int_and(i755, 8)
+8677: setfield_gc(ConstPtr(ptr6), i756, descr=<FieldS pyrlang.rpybeam.beam_code.CodeParser.inst_offset 48>)
+8690: i758 = int_is_true(i757)
guard_false(i758, descr=<Guard0x1007a1280>) [p1, i755]
+8700: i759 = int_rshift(i755, 4)
+8700: i760 = int_lt(i756, 0)
guard_false(i760, descr=<Guard0x1007a1210>) [i756, p1]
+8710: i761 = strgetitem(ConstPtr(ptr10), i756)
+8725: i762 = int_add(i756, 1)
+8729: i763 = int_and(i761, 8)
+8736: setfield_gc(ConstPtr(ptr6), i762, descr=<FieldS pyrlang.rpybeam.beam_code.CodeParser.inst_offset 48>)
+8749: i764 = int_is_true(i763)
guard_false(i764, descr=<Guard0x1007a11a0>) [p1, i761]
+8759: i765 = int_rshift(i761, 4)
+8763: i766 = int_sub(i765, 1)
+8767: i767 = int_lt(i766, 0)
guard_false(i767, descr=<Guard0x1007a1130>) [i766, p1]
+8777: i768 = getarrayitem_gc(p494, i766, descr=<ArrayS 8>)
debug_merge_point(0, 0, '156 is_nonempty_list')
+8789: setfield_gc(ConstPtr(ptr6), i768, descr=<FieldS pyrlang.rpybeam.beam_code.CodeParser.inst_offset 48>)
+8802: jump(i497, p1, p500, p499, p496, p498, i768, p52, p496, p494, i497, p500, p499, p498, descr=TargetToken(4302685712))
+8890: --end of the loop--
[1010deb2a3d88] jit-log-opt-loop}
[1010deb4aa677] {jit-log-opt-bridge
# bridge out of Guard 0x1007a0f00 with 28 ops
[p0, i1]
+59: i3 = int_rshift(i1, 4)
+63: i5 = getfield_gc(ConstPtr(ptr4), descr=<FieldS pyrlang.rpybeam.beam_code.CodeParser.inst_offset 48>)
+76: i7 = int_lt(i5, 0)
guard_false(i7, descr=<Guard0x101400b80>) [i3, p0, i5]
+86: i9 = strgetitem(ConstPtr(ptr8), i5)
+101: i11 = int_add(i5, 1)
+105: i13 = int_and(i9, 7)
+112: setfield_gc(ConstPtr(ptr4), i11, descr=<FieldS pyrlang.rpybeam.beam_code.CodeParser.inst_offset 48>)
+125: i15 = int_eq(i13, 7)
guard_false(i15, descr=<Guard0x1014011a0>) [i3, p0, i9]
+135: i17 = int_and(i9, 8)
+142: i18 = int_is_true(i17)
guard_false(i18, descr=<Guard0x101401130>) [i3, p0, i13, i9]
+152: i20 = int_rshift(i9, 4)
+156: guard_value(i13, 3, descr=<Guard0x1014010c0>) [i3, p0, i20, i13]
+166: p22 = getfield_gc(p0, descr=<FieldP interpreter.interp.BeamRunTime.inst_x_reg 32>)
+177: p23 = getfield_gc(p22, descr=<FieldP interpreter.register.X_Register.inst_regs 8>)
+181: p24 = getfield_gc(p23, descr=<FieldP list.items 16>)
+185: p25 = getarrayitem_gc(p24, i20, descr=<ArrayP 8>)
+190: guard_nonnull_class(p25, 4297378216, descr=<Guard0x101401050>) [i3, p25, p0]
+209: i27 = getfield_gc(p0, descr=<FieldS interpreter.interp.BeamRunTime.inst_current_line 16>)
+213: p28 = getfield_gc(p0, descr=<FieldP interpreter.interp.BeamRunTime.inst_atoms 8>)
+217: p29 = getfield_gc(p0, descr=<FieldP interpreter.interp.BeamRunTime.inst_func_list 24>)
+221: p30 = getfield_gc(p0, descr=<FieldP interpreter.interp.BeamRunTime.inst_y_reg 40>)
debug_merge_point(0, 0, '82 test_heap')
+225: p32 = getfield_gc(ConstPtr(ptr31), descr=<FieldP list.items 16>)
+238: guard_nonnull(p32, descr=<Guard0x101400fe0>) [i27, p30, p22, p29, p28, p0]
+247: jump(i27, p0, p28, p29, p22, p30, i11, p23, p22, p32, i27, p28, p29, p30, descr=TargetToken(4302685712))
+346: --end of the loop--
[1010deb4cdc4d] jit-log-opt-bridge}
[1010deb67c3fb] {jit-log-opt-bridge
# bridge out of Guard 0x101400950 with 38 ops
[i0, i1, p2]
+59: guard_value(i1, 16, descr=<Guard0x101401210>) [i0, i1, p2]
+69: i5 = getfield_gc(ConstPtr(ptr4), descr=<FieldS pyrlang.rpybeam.beam_code.CodeParser.inst_offset 48>)
+82: i7 = int_lt(i5, 0)
guard_false(i7, descr=<Guard0x101401a60>) [p2, i5]
+92: i9 = strgetitem(ConstPtr(ptr8), i5)
+107: i11 = int_add(i5, 1)
+111: i13 = int_and(i9, 7)
+118: setfield_gc(ConstPtr(ptr4), i11, descr=<FieldS pyrlang.rpybeam.beam_code.CodeParser.inst_offset 48>)
+131: i15 = int_eq(i13, 7)
guard_false(i15, descr=<Guard0x1014019f0>) [p2, i9]
+141: i17 = int_and(i9, 8)
+148: i18 = int_is_true(i17)
guard_false(i18, descr=<Guard0x101401980>) [p2, i13, i9]
+158: i20 = int_rshift(i9, 4)
+158: i22 = int_lt(i11, 0)
guard_false(i22, descr=<Guard0x101401910>) [p2, i11]
+168: i23 = strgetitem(ConstPtr(ptr8), i11)
+183: i25 = int_add(i11, 1)
+187: i27 = int_and(i23, 7)
+194: setfield_gc(ConstPtr(ptr4), i25, descr=<FieldS pyrlang.rpybeam.beam_code.CodeParser.inst_offset 48>)
+207: i29 = int_eq(i27, 7)
guard_false(i29, descr=<Guard0x1014018a0>) [p2, i23]
+217: i31 = int_and(i23, 8)
+224: i32 = int_is_true(i31)
guard_false(i32, descr=<Guard0x101401830>) [p2, i27, i23]
+234: i34 = int_rshift(i23, 4)
+234: i35 = getfield_gc(p2, descr=<FieldS interpreter.interp.BeamRunTime.inst_current_line 16>)
+245: p36 = getfield_gc(p2, descr=<FieldP interpreter.interp.BeamRunTime.inst_atoms 8>)
+249: p37 = getfield_gc(p2, descr=<FieldP interpreter.interp.BeamRunTime.inst_func_list 24>)
+253: p38 = getfield_gc(p2, descr=<FieldP interpreter.interp.BeamRunTime.inst_x_reg 32>)
+257: p39 = getfield_gc(p2, descr=<FieldP interpreter.interp.BeamRunTime.inst_y_reg 40>)
debug_merge_point(0, 0, '85 get_list')
+261: guard_nonnull(p38, descr=<Guard0x1014017c0>) [i35, p39, p38, p37, p36, p2]
+270: p40 = getfield_gc(p38, descr=<FieldP interpreter.register.X_Register.inst_regs 8>)
+274: guard_nonnull(p40, descr=<Guard0x101401750>) [i35, p39, p38, p37, p36, p2]
+283: p42 = getfield_gc(ConstPtr(ptr41), descr=<FieldP list.items 16>)
+296: guard_nonnull(p42, descr=<Guard0x1014016e0>) [i35, p39, p38, p37, p36, p2]
+305: jump(i35, p2, p36, p37, p38, p39, i25, p40, p38, p42, i35, p36, p37, p39, descr=TargetToken(4302685712))
+404: --end of the loop--
[1010deb6cb8a5] jit-log-opt-bridge}
[1010deb9cb91f] {jit-log-opt-bridge
# bridge out of Guard 0x101401210 with 62 ops
[i0, i1, p2]
+59: guard_value(i1, 65, descr=<Guard0x101401ad0>) [i0, i1, p2]
+69: i5 = getfield_gc(ConstPtr(ptr4), descr=<FieldS pyrlang.rpybeam.beam_code.CodeParser.inst_offset 48>)
+82: i7 = int_lt(i5, 0)
guard_false(i7, descr=<Guard0x101422b10>) [p2, i5]
+92: i9 = strgetitem(ConstPtr(ptr8), i5)
+107: i11 = int_add(i5, 1)
+111: i13 = int_and(i9, 7)
+118: setfield_gc(ConstPtr(ptr4), i11, descr=<FieldS pyrlang.rpybeam.beam_code.CodeParser.inst_offset 48>)
+131: i15 = int_eq(i13, 7)
guard_false(i15, descr=<Guard0x101422aa0>) [p2, i9]
+141: i17 = int_and(i9, 8)
+148: i18 = int_is_true(i17)
guard_false(i18, descr=<Guard0x101422a30>) [p2, i13, i9]
+158: i20 = int_rshift(i9, 4)
+162: i22 = int_lt(i11, 0)
guard_false(i22, descr=<Guard0x1014229c0>) [p2, i11, i20, i13]
+172: i23 = strgetitem(ConstPtr(ptr8), i11)
+187: i25 = int_add(i11, 1)
+191: i27 = int_and(i23, 7)
+198: setfield_gc(ConstPtr(ptr4), i25, descr=<FieldS pyrlang.rpybeam.beam_code.CodeParser.inst_offset 48>)
+211: i29 = int_eq(i27, 7)
guard_false(i29, descr=<Guard0x101422950>) [p2, i23, i20, i13]
+221: i31 = int_and(i23, 8)
+228: i32 = int_is_true(i31)
guard_false(i32, descr=<Guard0x1014228e0>) [p2, i27, i23, i20, i13]
+238: i34 = int_rshift(i23, 4)
+242: i36 = int_lt(i25, 0)
guard_false(i36, descr=<Guard0x101422870>) [p2, i25, i34, i27, i20, i13]
+252: i37 = strgetitem(ConstPtr(ptr8), i25)
+267: i39 = int_add(i25, 1)
+272: i41 = int_and(i37, 7)
+279: setfield_gc(ConstPtr(ptr4), i39, descr=<FieldS pyrlang.rpybeam.beam_code.CodeParser.inst_offset 48>)
+292: i43 = int_eq(i41, 7)
guard_false(i43, descr=<Guard0x101422800>) [p2, i37, i34, i27, i20, i13]
+302: i45 = int_and(i37, 8)
+309: i46 = int_is_true(i45)
guard_false(i46, descr=<Guard0x101422790>) [p2, i41, i37, i34, i27, i20, i13]
+319: i48 = int_rshift(i37, 4)
+323: i50 = int_eq(i13, 3)
guard_true(i50, descr=<Guard0x101422720>) [p2, i20, i48, i41, i34, i27, None, None]
+333: p52 = getfield_gc(p2, descr=<FieldP interpreter.interp.BeamRunTime.inst_x_reg 32>)
+344: p53 = getfield_gc(p52, descr=<FieldP interpreter.register.X_Register.inst_regs 8>)
+349: p54 = getfield_gc(p53, descr=<FieldP list.items 16>)
+353: p55 = getarrayitem_gc(p54, i20, descr=<ArrayP 8>)
+358: p56 = getfield_gc(p55, descr=<FieldP pyrlang.interpreter.datatypes.list.W_ListObject.inst_left 32>)
+362: i58 = int_eq(i27, 3)
guard_true(i58, descr=<Guard0x1014226b0>) [p55, p2, i34, p56, i48, i41, None, None, None, None]
+372: call(ConstClass(X_Register.store), p52, i34, p56, descr=<Callv 0 rir EF=4>)
+487: guard_no_exception(descr=<Guard0x101422640>) [p55, p2, i48, i41, None, None, None, None]
+507: p60 = getfield_gc(p55, descr=<FieldP pyrlang.interpreter.datatypes.list.W_ListObject.inst_right 40>)
+518: i62 = int_eq(i41, 3)
guard_true(i62, descr=<Guard0x1014225d0>) [p2, i48, p60, None, None, None, None, None, None]
+528: call(ConstClass(X_Register.store), p52, i48, p60, descr=<Callv 0 rir EF=4>)
+616: guard_no_exception(descr=<Guard0x101422560>) [p2, None, None, None, None, None, None]
+636: i64 = getfield_gc(p2, descr=<FieldS interpreter.interp.BeamRunTime.inst_current_line 16>)
+647: p65 = getfield_gc(p2, descr=<FieldP interpreter.interp.BeamRunTime.inst_atoms 8>)
+651: p66 = getfield_gc(p2, descr=<FieldP interpreter.interp.BeamRunTime.inst_func_list 24>)
+655: p67 = getfield_gc(p2, descr=<FieldP interpreter.interp.BeamRunTime.inst_y_reg 40>)
debug_merge_point(0, 0, '89 put_list')
+659: p69 = getfield_gc(ConstPtr(ptr68), descr=<FieldP list.items 16>)
+672: guard_nonnull(p69, descr=<Guard0x101422480>) [i64, p67, p52, p66, p65, p2, None, None, None, None, None, None]
+681: jump(i64, p2, p65, p66, p52, p67, i39, p53, p52, p69, i64, p65, p66, p67, descr=TargetToken(4302685712))
+802: --end of the loop--
[1010deba2c934] jit-log-opt-bridge}
[1010debcb1ba5] {jit-log-opt-bridge
# bridge out of Guard 0x101401ad0 with 63 ops
[i0, i1, p2]
+59: guard_value(i1, 69, descr=<Guard0x101422b80>) [i0, i1, p2]
+69: i5 = getfield_gc(ConstPtr(ptr4), descr=<FieldS pyrlang.rpybeam.beam_code.CodeParser.inst_offset 48>)
+82: i7 = int_lt(i5, 0)
guard_false(i7, descr=<Guard0x101423bb0>) [p2, i5]
+92: i9 = strgetitem(ConstPtr(ptr8), i5)
+107: i11 = int_add(i5, 1)
+111: i13 = int_and(i9, 7)
+118: setfield_gc(ConstPtr(ptr4), i11, descr=<FieldS pyrlang.rpybeam.beam_code.CodeParser.inst_offset 48>)
+131: i15 = int_eq(i13, 7)
guard_false(i15, descr=<Guard0x101423b40>) [p2, i9]
+141: i17 = int_and(i9, 8)
+148: i18 = int_is_true(i17)
guard_false(i18, descr=<Guard0x101423ad0>) [p2, i13, i9]
+158: i20 = int_rshift(i9, 4)
+162: i22 = int_lt(i11, 0)
guard_false(i22, descr=<Guard0x101423a60>) [p2, i11, i20, i13]
+172: i23 = strgetitem(ConstPtr(ptr8), i11)
+187: i25 = int_add(i11, 1)
+191: i27 = int_and(i23, 7)
+198: setfield_gc(ConstPtr(ptr4), i25, descr=<FieldS pyrlang.rpybeam.beam_code.CodeParser.inst_offset 48>)
+211: i29 = int_eq(i27, 7)
guard_false(i29, descr=<Guard0x1014239f0>) [p2, i23, i20, i13]
+221: i31 = int_and(i23, 8)
+228: i32 = int_is_true(i31)
guard_false(i32, descr=<Guard0x101423980>) [p2, i27, i23, i20, i13]
+238: i34 = int_rshift(i23, 4)
+242: i36 = int_lt(i25, 0)
guard_false(i36, descr=<Guard0x101423910>) [p2, i25, i27, i34, i20, i13]
+252: i37 = strgetitem(ConstPtr(ptr8), i25)
+267: i39 = int_add(i25, 1)
+272: i41 = int_and(i37, 7)
+279: setfield_gc(ConstPtr(ptr4), i39, descr=<FieldS pyrlang.rpybeam.beam_code.CodeParser.inst_offset 48>)
+292: i43 = int_eq(i41, 7)
guard_false(i43, descr=<Guard0x1014238a0>) [p2, i37, i27, i34, i20, i13]
+302: i45 = int_and(i37, 8)
+309: i46 = int_is_true(i45)
guard_false(i46, descr=<Guard0x101423830>) [p2, i41, i37, i27, i34, i20, i13]
+319: i48 = int_rshift(i37, 4)
+323: i50 = int_eq(i13, 3)
guard_true(i50, descr=<Guard0x1014237c0>) [p2, i20, i48, i41, i27, i34, None, None]
+333: p52 = getfield_gc(p2, descr=<FieldP interpreter.interp.BeamRunTime.inst_x_reg 32>)
+344: p53 = getfield_gc(p52, descr=<FieldP interpreter.register.X_Register.inst_regs 8>)
+349: p54 = getfield_gc(p53, descr=<FieldP list.items 16>)
+353: p55 = getarrayitem_gc(p54, i20, descr=<ArrayP 8>)
+358: i57 = int_eq(i27, 3)
guard_true(i57, descr=<Guard0x101423750>) [p2, p55, i34, i48, i41, None, None, None, None]
+368: p58 = getarrayitem_gc(p54, i34, descr=<ArrayP 8>)
+373: guard_nonnull_class(p55, 4297378128, descr=<Guard0x1014236e0>) [p2, p58, p55, i48, i41, None, None, None, None]
+391: i61 = int_eq(i41, 3)
guard_true(i61, descr=<Guard0x101423670>) [p2, i48, p58, p55, None, None, None, None, None, None]
p63 = new_with_vtable(4297378216)
+503: call(ConstClass(X_Register.store), p52, i48, p63, descr=<Callv 0 rir EF=4>)
+645: setfield_gc(p63, p55, descr=<FieldP pyrlang.interpreter.datatypes.list.W_ListObject.inst_left 32>)
+656: setfield_gc(p63, p58, descr=<FieldP pyrlang.interpreter.datatypes.list.W_ListObject.inst_right 40>)
+667: guard_no_exception(descr=<Guard0x101423600>) [p2]
+687: i65 = getfield_gc(p2, descr=<FieldS interpreter.interp.BeamRunTime.inst_current_line 16>)
+698: p66 = getfield_gc(p2, descr=<FieldP interpreter.interp.BeamRunTime.inst_atoms 8>)
+702: p67 = getfield_gc(p2, descr=<FieldP interpreter.interp.BeamRunTime.inst_func_list 24>)
+706: p68 = getfield_gc(p2, descr=<FieldP interpreter.interp.BeamRunTime.inst_y_reg 40>)
debug_merge_point(0, 0, '93 call_only')
+710: p70 = getfield_gc(ConstPtr(ptr69), descr=<FieldP list.items 16>)
+723: guard_nonnull(p70, descr=<Guard0x101423590>) [i65, p68, p52, p67, p66, p2]
+732: jump(i65, p2, p66, p67, p52, p68, i39, p53, p52, p70, i65, p66, p67, p68, descr=TargetToken(4302685712))
+839: --end of the loop--
[1010debd09b88] jit-log-opt-bridge}
[1010debf0cb96] {jit-log-opt-bridge
# bridge out of Guard 0x101422b80 with 36 ops
[i0, i1, p2]
+59: guard_value(i1, 6, descr=<Guard0x101423c90>) [i0, i1, p2]
+69: i5 = int_lt(i0, 0)
guard_false(i5, descr=<Guard0x101430330>) [i0, p2]
+79: i7 = strgetitem(ConstPtr(ptr6), i0)
+94: i9 = getfield_gc(ConstPtr(ptr8), descr=<FieldS pyrlang.rpybeam.beam_code.CodeParser.inst_offset 48>)
+107: i11 = int_add(i9, 1)
+111: i13 = int_and(i7, 8)
+118: setfield_gc(ConstPtr(ptr8), i11, descr=<FieldS pyrlang.rpybeam.beam_code.CodeParser.inst_offset 48>)
+131: i14 = int_is_true(i13)
guard_false(i14, descr=<Guard0x1014302c0>) [p2, i7]
+141: i16 = int_rshift(i7, 4)
+141: i18 = int_lt(i11, 0)
guard_false(i18, descr=<Guard0x101430250>) [i11, p2]
+151: i19 = strgetitem(ConstPtr(ptr6), i11)
+166: i21 = int_add(i11, 1)
+170: i23 = int_and(i19, 8)
+177: setfield_gc(ConstPtr(ptr8), i21, descr=<FieldS pyrlang.rpybeam.beam_code.CodeParser.inst_offset 48>)
+190: i24 = int_is_true(i23)
guard_false(i24, descr=<Guard0x1014301e0>) [p2, i19]
+200: i26 = int_rshift(i19, 4)
+204: i28 = int_sub(i26, 1)
+208: i30 = int_lt(i28, 0)
guard_false(i30, descr=<Guard0x101430170>) [i28, p2]
+218: p32 = getfield_gc(ConstPtr(ptr31), descr=<FieldP list.items 16>)
+231: i33 = getarrayitem_gc(p32, i28, descr=<ArrayS 8>)
+236: i34 = getfield_gc(p2, descr=<FieldS interpreter.interp.BeamRunTime.inst_current_line 16>)
+247: p35 = getfield_gc(p2, descr=<FieldP interpreter.interp.BeamRunTime.inst_atoms 8>)
+251: p36 = getfield_gc(p2, descr=<FieldP interpreter.interp.BeamRunTime.inst_func_list 24>)
+255: p37 = getfield_gc(p2, descr=<FieldP interpreter.interp.BeamRunTime.inst_x_reg 32>)
+259: p38 = getfield_gc(p2, descr=<FieldP interpreter.interp.BeamRunTime.inst_y_reg 40>)
debug_merge_point(0, 0, '79 is_nonempty_list')
+263: setfield_gc(ConstPtr(ptr8), i33, descr=<FieldS pyrlang.rpybeam.beam_code.CodeParser.inst_offset 48>)
+276: guard_nonnull(p37, descr=<Guard0x101430100>) [i34, p38, p37, p36, p35, p2]
+285: p39 = getfield_gc(p37, descr=<FieldP interpreter.register.X_Register.inst_regs 8>)
+289: guard_nonnull(p39, descr=<Guard0x101430090>) [i34, p38, p37, p36, p35, p2]
+298: jump(i34, p2, p35, p36, p37, p38, i33, p39, p37, p32, i34, p35, p36, p38, descr=TargetToken(4302685712))
+397: --end of the loop--
[1010debf32df2] jit-log-opt-bridge}
[1010dec11a4bd] {jit-log-opt-bridge
# bridge out of Guard 0x101400870 with 28 ops
[p0, i1]
+59: i3 = int_rshift(i1, 4)
+63: i5 = getfield_gc(ConstPtr(ptr4), descr=<FieldS pyrlang.rpybeam.beam_code.CodeParser.inst_offset 48>)
+76: i7 = int_lt(i5, 0)
guard_false(i7, descr=<Guard0x1014303a0>) [i3, p0, i5]
+86: i9 = strgetitem(ConstPtr(ptr8), i5)
+101: i11 = int_add(i5, 1)
+105: i13 = int_and(i9, 7)
+112: setfield_gc(ConstPtr(ptr4), i11, descr=<FieldS pyrlang.rpybeam.beam_code.CodeParser.inst_offset 48>)
+125: i15 = int_eq(i13, 7)
guard_false(i15, descr=<Guard0x1014309c0>) [i3, p0, i9]
+135: i17 = int_and(i9, 8)
+142: i18 = int_is_true(i17)
guard_false(i18, descr=<Guard0x101430950>) [i3, p0, i13, i9]
+152: i20 = int_rshift(i9, 4)
+156: guard_value(i13, 3, descr=<Guard0x1014308e0>) [i3, p0, i20, i13]
+166: p22 = getfield_gc(p0, descr=<FieldP interpreter.interp.BeamRunTime.inst_x_reg 32>)
+177: p23 = getfield_gc(p22, descr=<FieldP interpreter.register.X_Register.inst_regs 8>)
+181: p24 = getfield_gc(p23, descr=<FieldP list.items 16>)
+185: p25 = getarrayitem_gc(p24, i20, descr=<ArrayP 8>)
+190: guard_nonnull_class(p25, 4297378216, descr=<Guard0x101430870>) [i3, p25, p0]
+208: i27 = getfield_gc(p0, descr=<FieldS interpreter.interp.BeamRunTime.inst_current_line 16>)
+212: p28 = getfield_gc(p0, descr=<FieldP interpreter.interp.BeamRunTime.inst_atoms 8>)
+216: p29 = getfield_gc(p0, descr=<FieldP interpreter.interp.BeamRunTime.inst_func_list 24>)
+220: p30 = getfield_gc(p0, descr=<FieldP interpreter.interp.BeamRunTime.inst_y_reg 40>)
debug_merge_point(0, 0, '82 test_heap')
+224: p32 = getfield_gc(ConstPtr(ptr31), descr=<FieldP list.items 16>)
+237: guard_nonnull(p32, descr=<Guard0x101430800>) [i27, p30, p22, p29, p28, p0]
+246: jump(i27, p0, p28, p29, p22, p30, i11, p23, p22, p32, i27, p28, p29, p30, descr=TargetToken(4302685712))
+345: --end of the loop--
[1010dec15322f] jit-log-opt-bridge}
[1010dec1f23a9] {jit-log-opt-bridge
# bridge out of Guard 0x10078e9c0 with 16 ops
[p0, i1]
+59: i3 = int_sub(i1, 1)
+63: i5 = int_lt(i3, 0)
guard_false(i5, descr=<Guard0x101430a30>) [p0, i3]
+73: p7 = getfield_gc(ConstPtr(ptr6), descr=<FieldP list.items 16>)
+86: i8 = getarrayitem_gc(p7, i3, descr=<ArrayS 8>)
+91: i9 = getfield_gc(p0, descr=<FieldS interpreter.interp.BeamRunTime.inst_current_line 16>)
+102: p10 = getfield_gc(p0, descr=<FieldP interpreter.interp.BeamRunTime.inst_atoms 8>)
+106: p11 = getfield_gc(p0, descr=<FieldP interpreter.interp.BeamRunTime.inst_func_list 24>)
+110: p12 = getfield_gc(p0, descr=<FieldP interpreter.interp.BeamRunTime.inst_x_reg 32>)
+114: p13 = getfield_gc(p0, descr=<FieldP interpreter.interp.BeamRunTime.inst_y_reg 40>)
debug_merge_point(0, 0, '194 test_heap')
+118: setfield_gc(ConstPtr(ptr14), i8, descr=<FieldS pyrlang.rpybeam.beam_code.CodeParser.inst_offset 48>)
+131: guard_nonnull(p12, descr=<Guard0x101430bf0>) [i9, p13, p12, p11, p10, p0]
+140: p15 = getfield_gc(p12, descr=<FieldP interpreter.register.X_Register.inst_regs 8>)
+144: guard_nonnull(p15, descr=<Guard0x101430b80>) [i9, p13, p12, p11, p10, p0]
+153: jump(i9, p0, p10, p11, p12, p13, i8, p15, p12, p7, i9, p10, p11, p13, descr=TargetToken(4302685712))
+252: --end of the loop--
[1010dec205dad] jit-log-opt-bridge}
[1010dec47a331] {jit-log-opt-bridge
# bridge out of Guard 0x101423c90 with 43 ops
[i0, i1, p2]
+59: guard_value(i1, 64, descr=<Guard0x101430c60>) [i0, i1, p2]
+69: i5 = getfield_gc(ConstPtr(ptr4), descr=<FieldS pyrlang.rpybeam.beam_code.CodeParser.inst_offset 48>)
+82: i7 = int_lt(i5, 0)
guard_false(i7, descr=<Guard0x1014316e0>) [p2, i5]
+92: i9 = strgetitem(ConstPtr(ptr8), i5)
+107: i11 = int_add(i5, 1)
+111: i13 = int_and(i9, 7)
+118: setfield_gc(ConstPtr(ptr4), i11, descr=<FieldS pyrlang.rpybeam.beam_code.CodeParser.inst_offset 48>)
+131: i15 = int_eq(i13, 7)
guard_false(i15, descr=<Guard0x101431670>) [p2, i9]
+141: i17 = int_and(i9, 8)
+148: i18 = int_is_true(i17)
guard_false(i18, descr=<Guard0x101431600>) [p2, i13, i9]
+158: i20 = int_rshift(i9, 4)
+162: i22 = int_lt(i11, 0)
guard_false(i22, descr=<Guard0x101431590>) [p2, i11, i20, i13]
+172: i23 = strgetitem(ConstPtr(ptr8), i11)
+187: i25 = int_add(i11, 1)
+191: i27 = int_and(i23, 7)
+198: setfield_gc(ConstPtr(ptr4), i25, descr=<FieldS pyrlang.rpybeam.beam_code.CodeParser.inst_offset 48>)
+211: i29 = int_eq(i27, 7)
guard_false(i29, descr=<Guard0x101431520>) [p2, i23, i20, i13]
+221: i31 = int_and(i23, 8)
+228: i32 = int_is_true(i31)
guard_false(i32, descr=<Guard0x1014314b0>) [p2, i27, i23, i20, i13]
+238: i34 = int_rshift(i23, 4)
+242: guard_value(i13, 3, descr=<Guard0x101431440>) [p2, i20, i13, i34, i27, None, None]
+252: p37 = getfield_gc(p2, descr=<FieldP interpreter.interp.BeamRunTime.inst_x_reg 32>)
+263: p38 = getfield_gc(p37, descr=<FieldP interpreter.register.X_Register.inst_regs 8>)
+267: p39 = getfield_gc(p38, descr=<FieldP list.items 16>)
+271: p40 = getarrayitem_gc(p39, i20, descr=<ArrayP 8>)
+276: i42 = int_eq(i27, 3)
guard_true(i42, descr=<Guard0x1014313d0>) [p2, i34, p40, None, None, None, None]
+286: call(ConstClass(X_Register.store), p37, i34, p40, descr=<Callv 0 rir EF=4>)
+380: guard_no_exception(descr=<Guard0x101431360>) [p2, None, None, None, None]
+400: i44 = getfield_gc(p2, descr=<FieldS interpreter.interp.BeamRunTime.inst_current_line 16>)
+411: p45 = getfield_gc(p2, descr=<FieldP interpreter.interp.BeamRunTime.inst_atoms 8>)
+415: p46 = getfield_gc(p2, descr=<FieldP interpreter.interp.BeamRunTime.inst_func_list 24>)
+419: p47 = getfield_gc(p2, descr=<FieldP interpreter.interp.BeamRunTime.inst_y_reg 40>)
debug_merge_point(0, 0, '204 call_only')
+423: p49 = getfield_gc(ConstPtr(ptr48), descr=<FieldP list.items 16>)
+436: guard_nonnull(p49, descr=<Guard0x1014312f0>) [i44, p47, p37, p46, p45, p2, None, None, None, None]
+445: jump(i44, p2, p45, p46, p37, p47, i25, p38, p37, p49, i44, p45, p46, p47, descr=TargetToken(4302685712))
+562: --end of the loop--
[1010dec4c9e3d] jit-log-opt-bridge}
[1010dec73c763] {jit-log-opt-bridge
# bridge out of Guard 0x1007bab80 with 16 ops
[p0, i1]
+59: i3 = int_sub(i1, 1)
+63: i5 = int_lt(i3, 0)
guard_false(i5, descr=<Guard0x101431750>) [p0, i3]
+73: p7 = getfield_gc(ConstPtr(ptr6), descr=<FieldP list.items 16>)
+86: i8 = getarrayitem_gc(p7, i3, descr=<ArrayS 8>)
+91: i9 = getfield_gc(p0, descr=<FieldS interpreter.interp.BeamRunTime.inst_current_line 16>)
+102: p10 = getfield_gc(p0, descr=<FieldP interpreter.interp.BeamRunTime.inst_atoms 8>)
+106: p11 = getfield_gc(p0, descr=<FieldP interpreter.interp.BeamRunTime.inst_func_list 24>)
+110: p12 = getfield_gc(p0, descr=<FieldP interpreter.interp.BeamRunTime.inst_x_reg 32>)
+114: p13 = getfield_gc(p0, descr=<FieldP interpreter.interp.BeamRunTime.inst_y_reg 40>)
debug_merge_point(0, 0, '194 test_heap')
+118: setfield_gc(ConstPtr(ptr14), i8, descr=<FieldS pyrlang.rpybeam.beam_code.CodeParser.inst_offset 48>)
+131: guard_nonnull(p12, descr=<Guard0x101431910>) [i9, p13, p12, p11, p10, p0]
+140: p15 = getfield_gc(p12, descr=<FieldP interpreter.register.X_Register.inst_regs 8>)
+144: guard_nonnull(p15, descr=<Guard0x1014318a0>) [i9, p13, p12, p11, p10, p0]
+153: jump(i9, p0, p10, p11, p12, p13, i8, p15, p12, p7, i9, p10, p11, p13, descr=TargetToken(4302685712))
+249: --end of the loop--
[1010dec757af5] jit-log-opt-bridge}
[1010decbef250] {jit-backend-counts
entry 0:2084
TargetToken(4302684752):2084
TargetToken(4302685712):69142
bridge 4302966528:1093
bridge 4315941200:52164
bridge 4315943440:38723
bridge 4315945680:30021
bridge 4316081024:16980
bridge 4315940976:7902
bridge 4302891456:372
bridge 4316085392:4339
bridge 4303072128:4167
[1010decbf9d80] jit-backend-counts}
