[3ce6ff6620f0] {jit-backend-counts
[3ce6ff673298] jit-backend-counts}
[3ce702845be4] {jit-log-opt-loop
# Loop 0 (95 IS_EQ_EXACT) : loop with 145 ops
[i0, i1, p2, p3, p4]
+129: p5 = getfield_gc(p3, descr=<FieldP pyrlang.interpreter.register.X_Register.inst_regs 16>)
+140: p7 = getarrayitem_gc(p5, 0, descr=<ArrayP 8>)
+144: p9 = getarrayitem_gc(p5, 1, descr=<ArrayP 8>)
+148: p11 = getarrayitem_gc(p5, 2, descr=<ArrayP 8>)
+152: p13 = getarrayitem_gc(p5, 3, descr=<ArrayP 8>)
+156: p15 = getarrayitem_gc(p5, 4, descr=<ArrayP 8>)
+160: p17 = getarrayitem_gc(p5, 5, descr=<ArrayP 8>)
+164: p19 = getarrayitem_gc(p5, 6, descr=<ArrayP 8>)
+168: p21 = getarrayitem_gc(p5, 7, descr=<ArrayP 8>)
+172: p23 = getarrayitem_gc(p5, 8, descr=<ArrayP 8>)
+176: p25 = getarrayitem_gc(p5, 9, descr=<ArrayP 8>)
+180: p27 = getarrayitem_gc(p5, 10, descr=<ArrayP 8>)
+184: p29 = getarrayitem_gc(p5, 11, descr=<ArrayP 8>)
+195: p31 = getarrayitem_gc(p5, 12, descr=<ArrayP 8>)
+206: p33 = getarrayitem_gc(p5, 13, descr=<ArrayP 8>)
+210: p35 = getarrayitem_gc(p5, 14, descr=<ArrayP 8>)
+224: p37 = getarrayitem_gc(p5, 15, descr=<ArrayP 8>)
+238: label(i0, i1, p2, p3, p4, p7, p9, p11, p13, p15, p17, p19, p21, p23, p25, p27, p29, p31, p33, p35, p37, descr=TargetToken(4318396528))
debug_merge_point(0, 0, '95 IS_EQ_EXACT')
+328: p38 = getfield_gc(p2, descr=<FieldP pyrlang.interpreter.interp.Process.inst_x_reg 72>)
+340: i39 = ptr_eq(p38, p3)
guard_true(i39, descr=<Guard0x10165a020>) [i1, i0, p3, p2, p38, p7, p9, p11, p13, p15, p17, p19, p21, p23, p25, p27, p29, p31, p33, p35, p37]
+353: guard_class(p7, 4297754008, descr=<Guard0x10165adb0>) [i1, i0, p3, p2, p7, p9, p11, p13, p15, p17, p19, p21, p23, p25, p27, p29, p31, p33, p35, p37]
+365: i41 = getfield_gc(p7, descr=<FieldS pyrlang.interpreter.datatypes.number.W_IntObject.inst_intval 8>)
+369: i43 = int_eq(i41, 0)
guard_false(i43, descr=<Guard0x10165ad40>) [i1, i0, p3, p2, p7, p9, p11, p13, p15, p17, p19, p21, p23, p25, p27, p29, p31, p33, p35, p37]
+379: p45 = getfield_gc(ConstPtr(ptr44), descr=<FieldP list.items 16>)
+392: i47 = getarrayitem_gc(p45, 6, descr=<ArrayS 8>)
+396: p48 = getfield_gc(p2, descr=<FieldP pyrlang.interpreter.interp.Process.inst_y_reg 80>)
+401: guard_value(i47, 102, descr=<Guard0x10165acd0>) [i1, i0, i47, p48, p3, p2, p7, p9, p11, p13, p15, p17, p19, p21, p23, p25, p27, p29, p31, p33, p35, p37]
debug_merge_point(0, 0, '102 ALLOCATE_ZERO')
+411: p50 = getfield_gc(p48, descr=<FieldP pyrlang.interpreter.register.Y_Register.inst_regs 8>)
+415: i51 = getfield_gc(p50, descr=<FieldS list.length 8>)
+419: i53 = int_add(i51, 1)
+423: p54 = getfield_gc(p50, descr=<FieldP list.items 16>)
+427: i55 = arraylen_gc(p54, descr=<ArrayP 8>)
+431: i56 = int_lt(i55, i53)
+442: cond_call(i56, ConstClass(_ll_list_resize_hint_really_look_inside_iff__listPtr_Signed_Bool), p50, i53, 1, descr=<Callv 0 rii EF=4>)
+506: guard_no_exception(descr=<Guard0x10165ac60>) [i1, i0, p3, p2, i51, p50, i53, p7, p9, p11, p13, p15, p17, p19, p21, p23, p25, p27, p29, p31, p33, p35, p37]
+526: p59 = getfield_gc(p50, descr=<FieldP list.items 16>)
p61 = new_with_vtable(4297754008)
+650: setarrayitem_gc(p59, i51, p61, descr=<ArrayP 8>)
debug_merge_point(0, 0, '105 LINE')
debug_merge_point(0, 0, '107 GC_BIF2')
+655: p64 = getarrayitem_gc(ConstPtr(ptr62), 0, descr=<ArrayP 8>)
+668: i65 = getfield_gc_pure(p64, descr=<FieldS tuple3.item1 16>)
+672: setfield_gc(p50, i53, descr=<FieldS list.length 8>)
+676: i67 = int_lt(i65, 0)
guard_false(i67, descr=<Guard0x10165abf0>) [i1, i0, p3, p2, i65, p7, p9, p11, p13, p15, p17, p19, p21, p23, p25, p27, p29, p31, p33, p35, p37]
+686: p69 = getfield_gc(ConstPtr(ptr68), descr=<FieldP list.items 16>)
+699: p70 = getarrayitem_gc(p69, i65, descr=<ArrayP 8>)
+724: setfield_gc(p70, p2, descr=<FieldP pyrlang.lib.base.BaseBIF.inst_caller 8>)
+728: guard_class(p70, 4297755768, descr=<Guard0x10165ab80>) [i1, i0, p3, p2, p70, p7, p9, p11, p13, p15, p17, p19, p21, p23, p25, p27, p29, p31, p33, p35, p37]
+740: i73 = int_sub_ovf(i41, 1)
guard_no_overflow(descr=<Guard0x10165ab10>) [i1, i0, p3, p2, i73, p7, p9, p11, p13, p15, p17, p19, p21, p23, p25, p27, p29, p31, p33, p35, p37]
debug_merge_point(0, 0, '114 MOVE')
+750: i75 = int_add(-1, i53)
+801: setarrayitem_gc(p59, i75, p7, descr=<ArrayP 8>)
debug_merge_point(0, 0, '117 MOVE')
debug_merge_point(0, 0, '120 LINE')
debug_merge_point(0, 0, '122 CALL')
+806: i77 = int_add(i53, 1)
+810: i78 = arraylen_gc(p59, descr=<ArrayP 8>)
+814: i79 = int_lt(i78, i77)
+825: cond_call(i79, ConstClass(_ll_list_resize_hint_really_look_inside_iff__listPtr_Signed_Bool), p50, i77, 1, descr=<Callv 0 rii EF=4>)
+889: guard_no_exception(descr=<Guard0x10165aaa0>) [i1, i0, p3, p2, i53, p50, i77, p11, p13, p15, p17, p19, p21, p23, p25, p27, p29, p31, p33, p35, p37, i73]
+909: p82 = getfield_gc(p50, descr=<FieldP list.items 16>)
p84 = new_with_vtable(ConstClass(W_TupleObject))
p85 = new(descr=<SizeDescr 24>)
p87 = new_array(2, descr=<ArrayP 8>)
p89 = new_with_vtable(4297752864)
+1033: setfield_gc(p89, ConstPtr(ptr90), descr=<FieldP pyrlang.interpreter.datatypes.inner.W_CodeParserWrapperObject.inst_cp 8>)
+1047: setarrayitem_gc(p87, 0, p89, descr=<ArrayP 8>)
p93 = new_with_vtable(4297752968)
+1063: setfield_gc(p93, 125, descr=<FieldS pyrlang.interpreter.datatypes.inner.W_AddrObject.inst_addrval 8>)
+1072: setarrayitem_gc(p87, 1, p93, descr=<ArrayP 8>)
+1076: setfield_gc(p85, p87, descr=<FieldP list.items 16>)
+1080: setfield_gc(p85, 2, descr=<FieldS list.length 8>)
+1088: setfield_gc(p84, p85, descr=<FieldP pyrlang.interpreter.datatypes.tuple.W_TupleObject.inst_vals 8>)
+1133: setarrayitem_gc(p82, i53, p84, descr=<ArrayP 8>)
+1138: i97 = getarrayitem_gc(p45, 5, descr=<ArrayS 8>)
+1142: i99 = int_sub(i0, 1)
+1153: setfield_gc(p50, i77, descr=<FieldS list.length 8>)
+1157: guard_false(i1, descr=<Guard0x10165aa30>) [i99, i97, p3, p2, p11, p13, p15, p17, p19, p21, p23, p25, p27, p29, p31, p33, p35, p37, i73]
+1173: i101 = int_le(i99, 0)
guard_false(i101, descr=<Guard0x10165a9c0>) [i99, i97, p3, p2, p11, p13, p15, p17, p19, p21, p23, p25, p27, p29, p31, p33, p35, p37, i73]
+1183: guard_value(i97, 95, descr=<Guard0x10165a950>) [i99, i97, p48, p3, p2, p11, p13, p15, p17, p19, p21, p23, p25, p27, p29, p31, p33, p35, p37, i73]
debug_merge_point(0, 0, '95 IS_EQ_EXACT')
+1193: p103 = same_as(p48)
+1196: label(i99, p2, p3, p48, i73, p11, p13, p15, p17, p19, p21, p23, p25, p27, p29, p31, p33, p35, p37, i77, p82, p50, i65, p45, p103, descr=TargetToken(4318396608))
debug_merge_point(0, 0, '95 IS_EQ_EXACT')
+1230: i104 = int_eq(i73, 0)
guard_false(i104, descr=<Guard0x10165a8e0>) [i99, p3, p2, p11, p13, p15, p17, p19, p21, p23, p25, p27, p29, p31, p33, p35, p37, i73]
debug_merge_point(0, 0, '102 ALLOCATE_ZERO')
+1240: i105 = int_add(i77, 1)
+1244: i106 = arraylen_gc(p82, descr=<ArrayP 8>)
+1248: i107 = int_lt(i106, i105)
+1259: cond_call(i107, ConstClass(_ll_list_resize_hint_really_look_inside_iff__listPtr_Signed_Bool), p50, i105, 1, descr=<Callv 0 rii EF=4>)
+1327: guard_no_exception(descr=<Guard0x10165a870>) [i99, p3, p2, i77, p50, i105, p11, p13, p15, p17, p19, p21, p23, p25, p27, p29, p31, p33, p35, p37, i73]
+1347: p108 = getfield_gc(p50, descr=<FieldP list.items 16>)
p109 = new_with_vtable(4297754008)
+1478: setarrayitem_gc(p108, i77, p109, descr=<ArrayP 8>)
debug_merge_point(0, 0, '105 LINE')
debug_merge_point(0, 0, '107 GC_BIF2')
+1483: p110 = getfield_gc(ConstPtr(ptr68), descr=<FieldP list.items 16>)
+1496: p111 = getarrayitem_gc(p110, i65, descr=<ArrayP 8>)
+1501: setfield_gc(p50, i105, descr=<FieldS list.length 8>)
+1532: setfield_gc(p111, p2, descr=<FieldP pyrlang.lib.base.BaseBIF.inst_caller 8>)
+1543: guard_class(p111, 4297755768, descr=<Guard0x10165a800>) [i99, p3, p2, p111, p11, p13, p15, p17, p19, p21, p23, p25, p27, p29, p31, p33, p35, p37, i73]
+1555: i112 = int_sub_ovf(i73, 1)
guard_no_overflow(descr=<Guard0x10165a790>) [i99, p3, p2, i112, p11, p13, p15, p17, p19, p21, p23, p25, p27, p29, p31, p33, p35, p37, i73]
debug_merge_point(0, 0, '114 MOVE')
+1568: i113 = int_add(-1, i105)
p115 = new_with_vtable(4297754008)
+1589: setfield_gc(p115, i73, descr=<FieldS pyrlang.interpreter.datatypes.number.W_IntObject.inst_intval 8>)
+1634: setarrayitem_gc(p108, i113, p115, descr=<ArrayP 8>)
debug_merge_point(0, 0, '117 MOVE')
debug_merge_point(0, 0, '120 LINE')
debug_merge_point(0, 0, '122 CALL')
+1639: i116 = int_add(i105, 1)
+1643: i117 = arraylen_gc(p108, descr=<ArrayP 8>)
+1647: i118 = int_lt(i117, i116)
+1658: cond_call(i118, ConstClass(_ll_list_resize_hint_really_look_inside_iff__listPtr_Signed_Bool), p50, i116, 1, descr=<Callv 0 rii EF=4>)
+1723: guard_no_exception(descr=<Guard0x10165a720>) [i99, p3, p2, i105, p50, i116, p11, p13, p15, p17, p19, p21, p23, p25, p27, p29, p31, p33, p35, p37, i112]
+1743: p119 = getfield_gc(p50, descr=<FieldP list.items 16>)
p120 = new_with_vtable(ConstClass(W_TupleObject))
p121 = new(descr=<SizeDescr 24>)
p122 = new_array(2, descr=<ArrayP 8>)
p123 = new_with_vtable(4297752864)
+1869: setfield_gc(p123, ConstPtr(ptr90), descr=<FieldP pyrlang.interpreter.datatypes.inner.W_CodeParserWrapperObject.inst_cp 8>)
+1884: setarrayitem_gc(p122, 0, p123, descr=<ArrayP 8>)
p125 = new_with_vtable(4297752968)
+1900: setfield_gc(p125, 125, descr=<FieldS pyrlang.interpreter.datatypes.inner.W_AddrObject.inst_addrval 8>)
+1908: setarrayitem_gc(p122, 1, p125, descr=<ArrayP 8>)
+1912: setfield_gc(p121, p122, descr=<FieldP list.items 16>)
+1916: setfield_gc(p121, 2, descr=<FieldS list.length 8>)
+1924: setfield_gc(p120, p121, descr=<FieldP pyrlang.interpreter.datatypes.tuple.W_TupleObject.inst_vals 8>)
+1969: setarrayitem_gc(p119, i105, p120, descr=<ArrayP 8>)
+1974: i127 = int_sub(i99, 1)
+1978: setfield_gc(p50, i116, descr=<FieldS list.length 8>)
+1982: i128 = int_le(i127, 0)
guard_false(i128, descr=<Guard0x10165a6b0>) [i127, p3, p2, p11, p13, p15, p17, p19, p21, p23, p25, p27, p29, p31, p33, p35, p37, i112]
debug_merge_point(0, 0, '95 IS_EQ_EXACT')
+1992: i129 = arraylen_gc(p45, descr=<ArrayS 8>)
+1992: jump(i127, p2, p3, p103, i112, p11, p13, p15, p17, p19, p21, p23, p25, p27, p29, p31, p33, p35, p37, i116, p119, p50, i65, p45, p103, descr=TargetToken(4318396608))
+2024: --end of the loop--
[3ce7029986e6] jit-log-opt-loop}
[3ce70a8e4318] {jit-backend-counts
entry 0:51
TargetToken(4318396528):51
TargetToken(4318396608):98909
[3ce70a8ee33c] jit-backend-counts}
