[3e69d9473e7c] {jit-backend-counts
[3e69d947d263] jit-backend-counts}
[3e69d9c3acdc] {jit-log-opt-loop
# Loop 0 (10 IS_EQ_EXACT) : loop with 145 ops
[i0, i1, p2, p3, p4]
+129: p5 = getfield_gc(p3, descr=<FieldP pyrlang.interpreter.register.X_Register.inst_regs 16>)
+140: p7 = getarrayitem_gc(p5, 0, descr=<ArrayP 8>)
+144: p9 = getarrayitem_gc(p5, 1, descr=<ArrayP 8>)
+148: p11 = getarrayitem_gc(p5, 2, descr=<ArrayP 8>)
+152: p13 = getarrayitem_gc(p5, 3, descr=<ArrayP 8>)
+156: p15 = getarrayitem_gc(p5, 4, descr=<ArrayP 8>)
+160: p17 = getarrayitem_gc(p5, 5, descr=<ArrayP 8>)
+164: p19 = getarrayitem_gc(p5, 6, descr=<ArrayP 8>)
+168: p21 = getarrayitem_gc(p5, 7, descr=<ArrayP 8>)
+172: p23 = getarrayitem_gc(p5, 8, descr=<ArrayP 8>)
+176: p25 = getarrayitem_gc(p5, 9, descr=<ArrayP 8>)
+180: p27 = getarrayitem_gc(p5, 10, descr=<ArrayP 8>)
+184: p29 = getarrayitem_gc(p5, 11, descr=<ArrayP 8>)
+195: p31 = getarrayitem_gc(p5, 12, descr=<ArrayP 8>)
+206: p33 = getarrayitem_gc(p5, 13, descr=<ArrayP 8>)
+210: p35 = getarrayitem_gc(p5, 14, descr=<ArrayP 8>)
+224: p37 = getarrayitem_gc(p5, 15, descr=<ArrayP 8>)
+238: label(i0, i1, p2, p3, p4, p7, p9, p11, p13, p15, p17, p19, p21, p23, p25, p27, p29, p31, p33, p35, p37, descr=TargetToken(4318396528))
debug_merge_point(0, 0, '10 IS_EQ_EXACT')
+328: p38 = getfield_gc(p2, descr=<FieldP pyrlang.interpreter.interp.Process.inst_x_reg 72>)
+340: i39 = ptr_eq(p38, p3)
guard_true(i39, descr=<Guard0x10165a020>) [i1, i0, p3, p2, p38, p7, p9, p11, p13, p15, p17, p19, p21, p23, p25, p27, p29, p31, p33, p35, p37]
+353: guard_class(p7, 4297754008, descr=<Guard0x10165ae20>) [i1, i0, p3, p2, p7, p9, p11, p13, p15, p17, p19, p21, p23, p25, p27, p29, p31, p33, p35, p37]
+365: i41 = getfield_gc(p7, descr=<FieldS pyrlang.interpreter.datatypes.number.W_IntObject.inst_intval 8>)
+369: i43 = int_eq(i41, 0)
guard_false(i43, descr=<Guard0x10165adb0>) [i1, i0, p3, p2, p7, p9, p11, p13, p15, p17, p19, p21, p23, p25, p27, p29, p31, p33, p35, p37]
+379: p45 = getfield_gc(ConstPtr(ptr44), descr=<FieldP list.items 16>)
+392: i47 = getarrayitem_gc(p45, 2, descr=<ArrayS 8>)
+396: p48 = getfield_gc(p2, descr=<FieldP pyrlang.interpreter.interp.Process.inst_y_reg 80>)
+401: guard_value(i47, 20, descr=<Guard0x10165ad40>) [i1, i0, i47, p48, p3, p2, p7, p9, p11, p13, p15, p17, p19, p21, p23, p25, p27, p29, p31, p33, p35, p37]
debug_merge_point(0, 0, '20 ALLOCATE_ZERO')
+411: p50 = getfield_gc(p48, descr=<FieldP pyrlang.interpreter.register.Y_Register.inst_regs 8>)
+415: i51 = getfield_gc(p50, descr=<FieldS list.length 8>)
+419: i53 = int_add(i51, 1)
+423: p54 = getfield_gc(p50, descr=<FieldP list.items 16>)
+427: i55 = arraylen_gc(p54, descr=<ArrayP 8>)
+431: i56 = int_lt(i55, i53)
+442: cond_call(i56, ConstClass(_ll_list_resize_hint_really_look_inside_iff__listPtr_Signed_Bool), p50, i53, 1, descr=<Callv 0 rii EF=4>)
+506: guard_no_exception(descr=<Guard0x10165acd0>) [i1, i0, p3, p2, i51, p50, i53, p7, p9, p11, p13, p15, p17, p19, p21, p23, p25, p27, p29, p31, p33, p35, p37]
+526: p59 = getfield_gc(p50, descr=<FieldP list.items 16>)
p61 = new_with_vtable(4297754008)
+650: setarrayitem_gc(p59, i51, p61, descr=<ArrayP 8>)
debug_merge_point(0, 0, '23 LINE')
debug_merge_point(0, 0, '25 GC_BIF2')
+655: p64 = getarrayitem_gc(ConstPtr(ptr62), 0, descr=<ArrayP 8>)
+668: i65 = getfield_gc_pure(p64, descr=<FieldS tuple3.item1 16>)
+672: setfield_gc(p50, i53, descr=<FieldS list.length 8>)
+676: i67 = int_lt(i65, 0)
guard_false(i67, descr=<Guard0x10165ac60>) [i1, i0, p3, p2, i65, p7, p9, p11, p13, p15, p17, p19, p21, p23, p25, p27, p29, p31, p33, p35, p37]
+686: p69 = getfield_gc(ConstPtr(ptr68), descr=<FieldP list.items 16>)
+699: p70 = getarrayitem_gc(p69, i65, descr=<ArrayP 8>)
+724: setfield_gc(p70, p2, descr=<FieldP pyrlang.lib.base.BaseBIF.inst_caller 8>)
+728: guard_class(p70, 4297755768, descr=<Guard0x10165abf0>) [i1, i0, p3, p2, p70, p7, p9, p11, p13, p15, p17, p19, p21, p23, p25, p27, p29, p31, p33, p35, p37]
+740: i73 = int_sub_ovf(i41, 1)
guard_no_overflow(descr=<Guard0x10165ab80>) [i1, i0, p3, p2, i73, p7, p9, p11, p13, p15, p17, p19, p21, p23, p25, p27, p29, p31, p33, p35, p37]
debug_merge_point(0, 0, '32 MOVE')
+750: i75 = int_add(-1, i53)
+801: setarrayitem_gc(p59, i75, p7, descr=<ArrayP 8>)
debug_merge_point(0, 0, '35 MOVE')
debug_merge_point(0, 0, '38 LINE')
debug_merge_point(0, 0, '40 CALL')
+806: i77 = int_add(i53, 1)
+810: i78 = arraylen_gc(p59, descr=<ArrayP 8>)
+814: i79 = int_lt(i78, i77)
+825: cond_call(i79, ConstClass(_ll_list_resize_hint_really_look_inside_iff__listPtr_Signed_Bool), p50, i77, 1, descr=<Callv 0 rii EF=4>)
+889: guard_no_exception(descr=<Guard0x10165ab10>) [i1, i0, p3, p2, i53, p50, i77, p11, p13, p15, p17, p19, p21, p23, p25, p27, p29, p31, p33, p35, p37, i73]
+909: p82 = getfield_gc(p50, descr=<FieldP list.items 16>)
p84 = new_with_vtable(ConstClass(W_TupleObject))
p85 = new(descr=<SizeDescr 24>)
p87 = new_array(2, descr=<ArrayP 8>)
p89 = new_with_vtable(4297752864)
+1033: setfield_gc(p89, ConstPtr(ptr90), descr=<FieldP pyrlang.interpreter.datatypes.inner.W_CodeParserWrapperObject.inst_cp 8>)
+1047: setarrayitem_gc(p87, 0, p89, descr=<ArrayP 8>)
p93 = new_with_vtable(4297752968)
+1063: setfield_gc(p93, 43, descr=<FieldS pyrlang.interpreter.datatypes.inner.W_AddrObject.inst_addrval 8>)
+1072: setarrayitem_gc(p87, 1, p93, descr=<ArrayP 8>)
+1076: setfield_gc(p85, p87, descr=<FieldP list.items 16>)
+1080: setfield_gc(p85, 2, descr=<FieldS list.length 8>)
+1088: setfield_gc(p84, p85, descr=<FieldP pyrlang.interpreter.datatypes.tuple.W_TupleObject.inst_vals 8>)
+1133: setarrayitem_gc(p82, i53, p84, descr=<ArrayP 8>)
+1138: i97 = getarrayitem_gc(p45, 1, descr=<ArrayS 8>)
+1142: i99 = int_sub(i0, 1)
+1153: setfield_gc(p50, i77, descr=<FieldS list.length 8>)
+1157: guard_false(i1, descr=<Guard0x10165aaa0>) [i99, i97, p3, p2, p11, p13, p15, p17, p19, p21, p23, p25, p27, p29, p31, p33, p35, p37, i73]
+1173: i101 = int_le(i99, 0)
guard_false(i101, descr=<Guard0x10165aa30>) [i99, i97, p3, p2, p11, p13, p15, p17, p19, p21, p23, p25, p27, p29, p31, p33, p35, p37, i73]
+1183: guard_value(i97, 10, descr=<Guard0x10165a9c0>) [i99, i97, p48, p3, p2, p11, p13, p15, p17, p19, p21, p23, p25, p27, p29, p31, p33, p35, p37, i73]
debug_merge_point(0, 0, '10 IS_EQ_EXACT')
+1193: p103 = same_as(p48)
+1196: label(i99, p2, p3, p48, i73, p11, p13, p15, p17, p19, p21, p23, p25, p27, p29, p31, p33, p35, p37, i77, p82, p50, i65, p45, p103, descr=TargetToken(4318396608))
debug_merge_point(0, 0, '10 IS_EQ_EXACT')
+1230: i104 = int_eq(i73, 0)
guard_false(i104, descr=<Guard0x10165a950>) [i99, p3, p2, p11, p13, p15, p17, p19, p21, p23, p25, p27, p29, p31, p33, p35, p37, i73]
debug_merge_point(0, 0, '20 ALLOCATE_ZERO')
+1240: i105 = int_add(i77, 1)
+1244: i106 = arraylen_gc(p82, descr=<ArrayP 8>)
+1248: i107 = int_lt(i106, i105)
+1259: cond_call(i107, ConstClass(_ll_list_resize_hint_really_look_inside_iff__listPtr_Signed_Bool), p50, i105, 1, descr=<Callv 0 rii EF=4>)
+1327: guard_no_exception(descr=<Guard0x10165a8e0>) [i99, p3, p2, i77, p50, i105, p11, p13, p15, p17, p19, p21, p23, p25, p27, p29, p31, p33, p35, p37, i73]
+1347: p108 = getfield_gc(p50, descr=<FieldP list.items 16>)
p109 = new_with_vtable(4297754008)
+1478: setarrayitem_gc(p108, i77, p109, descr=<ArrayP 8>)
debug_merge_point(0, 0, '23 LINE')
debug_merge_point(0, 0, '25 GC_BIF2')
+1483: p110 = getfield_gc(ConstPtr(ptr68), descr=<FieldP list.items 16>)
+1496: p111 = getarrayitem_gc(p110, i65, descr=<ArrayP 8>)
+1501: setfield_gc(p50, i105, descr=<FieldS list.length 8>)
+1532: setfield_gc(p111, p2, descr=<FieldP pyrlang.lib.base.BaseBIF.inst_caller 8>)
+1543: guard_class(p111, 4297755768, descr=<Guard0x10165a870>) [i99, p3, p2, p111, p11, p13, p15, p17, p19, p21, p23, p25, p27, p29, p31, p33, p35, p37, i73]
+1555: i112 = int_sub_ovf(i73, 1)
guard_no_overflow(descr=<Guard0x10165a800>) [i99, p3, p2, i112, p11, p13, p15, p17, p19, p21, p23, p25, p27, p29, p31, p33, p35, p37, i73]
debug_merge_point(0, 0, '32 MOVE')
+1568: i113 = int_add(-1, i105)
p115 = new_with_vtable(4297754008)
+1589: setfield_gc(p115, i73, descr=<FieldS pyrlang.interpreter.datatypes.number.W_IntObject.inst_intval 8>)
+1634: setarrayitem_gc(p108, i113, p115, descr=<ArrayP 8>)
debug_merge_point(0, 0, '35 MOVE')
debug_merge_point(0, 0, '38 LINE')
debug_merge_point(0, 0, '40 CALL')
+1639: i116 = int_add(i105, 1)
+1643: i117 = arraylen_gc(p108, descr=<ArrayP 8>)
+1647: i118 = int_lt(i117, i116)
+1658: cond_call(i118, ConstClass(_ll_list_resize_hint_really_look_inside_iff__listPtr_Signed_Bool), p50, i116, 1, descr=<Callv 0 rii EF=4>)
+1723: guard_no_exception(descr=<Guard0x10165a790>) [i99, p3, p2, i105, p50, i116, p11, p13, p15, p17, p19, p21, p23, p25, p27, p29, p31, p33, p35, p37, i112]
+1743: p119 = getfield_gc(p50, descr=<FieldP list.items 16>)
p120 = new_with_vtable(ConstClass(W_TupleObject))
p121 = new(descr=<SizeDescr 24>)
p122 = new_array(2, descr=<ArrayP 8>)
p123 = new_with_vtable(4297752864)
+1869: setfield_gc(p123, ConstPtr(ptr90), descr=<FieldP pyrlang.interpreter.datatypes.inner.W_CodeParserWrapperObject.inst_cp 8>)
+1884: setarrayitem_gc(p122, 0, p123, descr=<ArrayP 8>)
p125 = new_with_vtable(4297752968)
+1900: setfield_gc(p125, 43, descr=<FieldS pyrlang.interpreter.datatypes.inner.W_AddrObject.inst_addrval 8>)
+1908: setarrayitem_gc(p122, 1, p125, descr=<ArrayP 8>)
+1912: setfield_gc(p121, p122, descr=<FieldP list.items 16>)
+1916: setfield_gc(p121, 2, descr=<FieldS list.length 8>)
+1924: setfield_gc(p120, p121, descr=<FieldP pyrlang.interpreter.datatypes.tuple.W_TupleObject.inst_vals 8>)
+1969: setarrayitem_gc(p119, i105, p120, descr=<ArrayP 8>)
+1974: i127 = int_sub(i99, 1)
+1978: setfield_gc(p50, i116, descr=<FieldS list.length 8>)
+1982: i128 = int_le(i127, 0)
guard_false(i128, descr=<Guard0x10165a720>) [i127, p3, p2, p11, p13, p15, p17, p19, p21, p23, p25, p27, p29, p31, p33, p35, p37, i112]
debug_merge_point(0, 0, '10 IS_EQ_EXACT')
+1992: i129 = arraylen_gc(p45, descr=<ArrayS 8>)
+1992: jump(i127, p2, p3, p103, i112, p11, p13, p15, p17, p19, p21, p23, p25, p27, p29, p31, p33, p35, p37, i116, p119, p50, i65, p45, p103, descr=TargetToken(4318396608))
+2024: --end of the loop--
[3e69d9d10931] jit-log-opt-loop}
[3e69dce3140e] {jit-log-opt-loop
# Loop 1 (175 IS_NONEMPTY_LIST) : loop with 84 ops
[i0, i1, p2, p3, p4]
+129: p5 = getfield_gc(p3, descr=<FieldP pyrlang.interpreter.register.X_Register.inst_regs 16>)
+140: p7 = getarrayitem_gc(p5, 0, descr=<ArrayP 8>)
+144: p9 = getarrayitem_gc(p5, 1, descr=<ArrayP 8>)
+148: p11 = getarrayitem_gc(p5, 2, descr=<ArrayP 8>)
+152: p13 = getarrayitem_gc(p5, 3, descr=<ArrayP 8>)
+156: p15 = getarrayitem_gc(p5, 4, descr=<ArrayP 8>)
+160: p17 = getarrayitem_gc(p5, 5, descr=<ArrayP 8>)
+164: p19 = getarrayitem_gc(p5, 6, descr=<ArrayP 8>)
+168: p21 = getarrayitem_gc(p5, 7, descr=<ArrayP 8>)
+172: p23 = getarrayitem_gc(p5, 8, descr=<ArrayP 8>)
+176: p25 = getarrayitem_gc(p5, 9, descr=<ArrayP 8>)
+180: p27 = getarrayitem_gc(p5, 10, descr=<ArrayP 8>)
+184: p29 = getarrayitem_gc(p5, 11, descr=<ArrayP 8>)
+188: p31 = getarrayitem_gc(p5, 12, descr=<ArrayP 8>)
+199: p33 = getarrayitem_gc(p5, 13, descr=<ArrayP 8>)
+210: p35 = getarrayitem_gc(p5, 14, descr=<ArrayP 8>)
+224: p37 = getarrayitem_gc(p5, 15, descr=<ArrayP 8>)
+238: label(i0, i1, p2, p3, p4, p7, p9, p11, p13, p15, p17, p19, p21, p23, p25, p27, p29, p31, p33, p35, p37, descr=TargetToken(4318397168))
debug_merge_point(0, 0, '175 IS_NONEMPTY_LIST')
+321: p38 = getfield_gc(p2, descr=<FieldP pyrlang.interpreter.interp.Process.inst_x_reg 72>)
+332: i39 = ptr_eq(p38, p3)
guard_true(i39, descr=<Guard0x10165ae90>) [i1, i0, p3, p2, p38, p7, p9, p11, p13, p15, p17, p19, p21, p23, p25, p27, p29, p31, p33, p35, p37]
+345: guard_nonnull_class(p7, 4297753896, descr=<Guard0x10165bc20>) [i1, i0, p3, p2, p7, p9, p11, p13, p15, p17, p19, p21, p23, p25, p27, p29, p31, p33, p35, p37]
+363: p41 = getfield_gc(p2, descr=<FieldP pyrlang.interpreter.interp.Process.inst_y_reg 80>)
debug_merge_point(0, 0, '179 GET_LIST')
+367: p42 = getfield_gc_pure(p7, descr=<FieldP pyrlang.interpreter.datatypes.list.W_ListObject.inst_left 8>)
+371: p43 = getfield_gc_pure(p7, descr=<FieldP pyrlang.interpreter.datatypes.list.W_ListObject.inst_right 16>)
debug_merge_point(0, 0, '183 IS_NONEMPTY_LIST')
+375: guard_nonnull_class(p43, 4297753896, descr=<Guard0x10165bbb0>) [i1, i0, p3, p2, p43, p7, p9, p11, p42, p17, p19, p21, p23, p25, p27, p29, p31, p33, p35, p37]
debug_merge_point(0, 0, '186 GET_LIST')
+394: p45 = getfield_gc_pure(p43, descr=<FieldP pyrlang.interpreter.datatypes.list.W_ListObject.inst_left 8>)
+398: p46 = getfield_gc_pure(p43, descr=<FieldP pyrlang.interpreter.datatypes.list.W_ListObject.inst_right 16>)
debug_merge_point(0, 0, '190 IS_LT')
+402: guard_class(p45, 4297754008, descr=<Guard0x10165bb40>) [i1, i0, p3, p2, p45, p42, p7, p9, p11, p43, p46, p21, p23, p25, p27, p29, p31, p33, p35, p37]
+416: guard_nonnull_class(p42, 4297754008, descr=<Guard0x10165bad0>) [i1, i0, p3, p2, p42, p45, p7, p9, p11, p43, p46, p21, p23, p25, p27, p29, p31, p33, p35, p37]
+434: i49 = getfield_gc(p45, descr=<FieldS pyrlang.interpreter.datatypes.number.W_IntObject.inst_intval 8>)
+439: i50 = getfield_gc(p42, descr=<FieldS pyrlang.interpreter.datatypes.number.W_IntObject.inst_intval 8>)
+443: i51 = int_lt(i49, i50)
guard_true(i51, descr=<Guard0x10165ba60>) [i1, i0, p3, p2, p7, p9, p11, p42, p43, p45, p46, p21, p23, p25, p27, p29, p31, p33, p35, p37]
debug_merge_point(0, 0, '194 TEST_HEAP')
debug_merge_point(0, 0, '197 PUT_LIST')
+452: guard_nonnull_class(p46, 4297753896, descr=<Guard0x10165b9f0>) [i1, i0, p3, p2, p46, p42, p7, p9, p11, p43, p45, p21, p23, p25, p27, p29, p31, p33, p35, p37]
debug_merge_point(0, 0, '201 PUT_LIST')
+471: guard_nonnull_class(p9, 4297753896, descr=<Guard0x10165b980>) [i1, i0, p3, p2, p9, p45, p11, p42, p43, p46, p21, p23, p25, p27, p29, p31, p33, p35, p37]
debug_merge_point(0, 0, '205 MOVE')
debug_merge_point(0, 0, '208 CALL_ONLY')
+489: p55 = getfield_gc(ConstPtr(ptr54), descr=<FieldP list.items 16>)
+502: i57 = getarrayitem_gc(p55, 13, descr=<ArrayS 8>)
+506: i59 = int_sub(i0, 1)
+517: guard_false(i1, descr=<Guard0x10165b910>) [i59, i57, p3, p2, p42, p43, p45, p46, p21, p23, p25, p27, p29, p31, p33, p35, p37, p9]
+533: i61 = int_le(i59, 0)
guard_false(i61, descr=<Guard0x10165b8a0>) [i59, i57, p3, p2, p42, p43, p45, p46, p21, p23, p25, p27, p29, p31, p33, p35, p37, p9]
+543: guard_value(i57, 175, descr=<Guard0x10165b830>) [i59, i57, p41, p3, p2, p42, p43, p45, p46, p21, p23, p25, p27, p29, p31, p33, p35, p37, p9]
debug_merge_point(0, 0, '175 IS_NONEMPTY_LIST')
+556: p63 = same_as(p41)
+559: p64 = same_as(p46)
+559: p65 = same_as(p45)
+559: label(i59, p2, p3, p41, p42, p46, p45, p9, p43, p21, p23, p25, p27, p29, p31, p33, p35, p37, i50, p55, p63, descr=TargetToken(4318397248))
debug_merge_point(0, 0, '175 IS_NONEMPTY_LIST')
debug_merge_point(0, 0, '179 GET_LIST')
debug_merge_point(0, 0, '183 IS_NONEMPTY_LIST')
debug_merge_point(0, 0, '186 GET_LIST')
+607: p66 = getfield_gc_pure(p46, descr=<FieldP pyrlang.interpreter.datatypes.list.W_ListObject.inst_left 8>)
+611: p67 = getfield_gc_pure(p46, descr=<FieldP pyrlang.interpreter.datatypes.list.W_ListObject.inst_right 16>)
debug_merge_point(0, 0, '190 IS_LT')
+615: guard_class(p66, 4297754008, descr=<Guard0x10165b7c0>) [i59, p3, p2, p66, p42, p46, p67, p21, p23, p25, p27, p29, p31, p33, p35, p37, p45, p9]
+628: i68 = getfield_gc(p66, descr=<FieldS pyrlang.interpreter.datatypes.number.W_IntObject.inst_intval 8>)
+632: i69 = int_lt(i68, i50)
guard_true(i69, descr=<Guard0x10165b750>) [i59, p3, p2, p42, p46, p66, p67, p21, p23, p25, p27, p29, p31, p33, p35, p37, p45, p9]
debug_merge_point(0, 0, '194 TEST_HEAP')
debug_merge_point(0, 0, '197 PUT_LIST')
+641: guard_nonnull_class(p67, 4297753896, descr=<Guard0x10165b6e0>) [i59, p3, p2, p67, p42, p46, p66, p21, p23, p25, p27, p29, p31, p33, p35, p37, p45, p9]
debug_merge_point(0, 0, '201 PUT_LIST')
debug_merge_point(0, 0, '205 MOVE')
debug_merge_point(0, 0, '208 CALL_ONLY')
+659: i70 = int_sub(i59, 1)
+663: i71 = int_le(i70, 0)
guard_false(i71, descr=<Guard0x10165b670>) [i70, p3, p2, p42, p46, p66, p67, p21, p23, p25, p27, p29, p31, p33, p35, p37, p45, p9]
debug_merge_point(0, 0, '175 IS_NONEMPTY_LIST')
p73 = new_with_vtable(4297753896)
+752: i74 = arraylen_gc(p55, descr=<ArrayS 8>)
+752: setfield_gc(p73, p9, descr=<FieldP pyrlang.interpreter.datatypes.list.W_ListObject.inst_right 16>)
+756: setfield_gc(p73, p45, descr=<FieldP pyrlang.interpreter.datatypes.list.W_ListObject.inst_left 8>)
+760: jump(i70, p2, p3, p63, p42, p67, p66, p73, p46, p21, p23, p25, p27, p29, p31, p33, p35, p37, i50, p55, p63, descr=TargetToken(4318397248))
+798: --end of the loop--
[3e69dcebbe6a] jit-log-opt-loop}
[3e69dd425466] {jit-log-opt-loop
# Loop 2 (79 IS_NONEMPTY_LIST) : loop with 60 ops
[i0, i1, p2, p3, p4]
+129: p5 = getfield_gc(p3, descr=<FieldP pyrlang.interpreter.register.X_Register.inst_regs 16>)
+140: p7 = getarrayitem_gc(p5, 0, descr=<ArrayP 8>)
+144: p9 = getarrayitem_gc(p5, 1, descr=<ArrayP 8>)
+148: p11 = getarrayitem_gc(p5, 2, descr=<ArrayP 8>)
+152: p13 = getarrayitem_gc(p5, 3, descr=<ArrayP 8>)
+156: p15 = getarrayitem_gc(p5, 4, descr=<ArrayP 8>)
+160: p17 = getarrayitem_gc(p5, 5, descr=<ArrayP 8>)
+164: p19 = getarrayitem_gc(p5, 6, descr=<ArrayP 8>)
+168: p21 = getarrayitem_gc(p5, 7, descr=<ArrayP 8>)
+172: p23 = getarrayitem_gc(p5, 8, descr=<ArrayP 8>)
+176: p25 = getarrayitem_gc(p5, 9, descr=<ArrayP 8>)
+180: p27 = getarrayitem_gc(p5, 10, descr=<ArrayP 8>)
+184: p29 = getarrayitem_gc(p5, 11, descr=<ArrayP 8>)
+195: p31 = getarrayitem_gc(p5, 12, descr=<ArrayP 8>)
+206: p33 = getarrayitem_gc(p5, 13, descr=<ArrayP 8>)
+217: p35 = getarrayitem_gc(p5, 14, descr=<ArrayP 8>)
+231: p37 = getarrayitem_gc(p5, 15, descr=<ArrayP 8>)
+245: label(i0, i1, p2, p3, p4, p7, p9, p11, p13, p15, p17, p19, p21, p23, p25, p27, p29, p31, p33, p35, p37, descr=TargetToken(4318397648))
debug_merge_point(0, 0, '79 IS_NONEMPTY_LIST')
+321: p38 = getfield_gc(p2, descr=<FieldP pyrlang.interpreter.interp.Process.inst_x_reg 72>)
+332: i39 = ptr_eq(p38, p3)
guard_true(i39, descr=<Guard0x10165bc90>) [i1, i0, p3, p2, p38, p7, p9, p11, p13, p15, p17, p19, p21, p23, p25, p27, p29, p31, p33, p35, p37]
+341: guard_nonnull_class(p7, 4297753896, descr=<Guard0x101e305d0>) [i1, i0, p3, p2, p7, p9, p11, p13, p15, p17, p19, p21, p23, p25, p27, p29, p31, p33, p35, p37]
+359: p41 = getfield_gc(p2, descr=<FieldP pyrlang.interpreter.interp.Process.inst_y_reg 80>)
debug_merge_point(0, 0, '82 TEST_HEAP')
debug_merge_point(0, 0, '85 GET_LIST')
+363: p42 = getfield_gc_pure(p7, descr=<FieldP pyrlang.interpreter.datatypes.list.W_ListObject.inst_left 8>)
+367: p43 = getfield_gc_pure(p7, descr=<FieldP pyrlang.interpreter.datatypes.list.W_ListObject.inst_right 16>)
debug_merge_point(0, 0, '89 PUT_LIST')
+371: guard_nonnull_class(p42, 4297754008, descr=<Guard0x101e30560>) [i1, i0, p3, p2, p9, p42, p43, p13, p15, p17, p19, p21, p23, p25, p27, p29, p31, p33, p35, p37]
+391: guard_nonnull_class(p9, 4297753896, descr=<Guard0x101e304f0>) [i1, i0, p3, p2, p9, p42, p43, p13, p15, p17, p19, p21, p23, p25, p27, p29, p31, p33, p35, p37]
debug_merge_point(0, 0, '93 CALL_ONLY')
+409: p47 = getfield_gc(ConstPtr(ptr46), descr=<FieldP list.items 16>)
+422: i49 = getarrayitem_gc(p47, 6, descr=<ArrayS 8>)
+426: i51 = int_sub(i0, 1)
+437: guard_false(i1, descr=<Guard0x101e30480>) [i51, i49, p3, p2, p43, p42, p13, p15, p17, p19, p21, p23, p25, p27, p29, p31, p33, p35, p37, p9]
+453: i53 = int_le(i51, 0)
guard_false(i53, descr=<Guard0x101e30410>) [i51, i49, p3, p2, p43, p42, p13, p15, p17, p19, p21, p23, p25, p27, p29, p31, p33, p35, p37, p9]
+463: guard_value(i49, 79, descr=<Guard0x101e303a0>) [i51, i49, p41, p3, p2, p43, p42, p13, p15, p17, p19, p21, p23, p25, p27, p29, p31, p33, p35, p37, p9]
debug_merge_point(0, 0, '79 IS_NONEMPTY_LIST')
+473: p55 = same_as(p41)
+476: label(i51, p2, p3, p41, p43, p42, p9, p13, p15, p17, p19, p21, p23, p25, p27, p29, p31, p33, p35, p37, p47, p55, descr=TargetToken(4318397728))
debug_merge_point(0, 0, '79 IS_NONEMPTY_LIST')
+517: guard_nonnull_class(p43, 4297753896, descr=<Guard0x101e30330>) [i51, p3, p2, p43, p42, p13, p15, p17, p19, p21, p23, p25, p27, p29, p31, p33, p35, p37, p9]
debug_merge_point(0, 0, '82 TEST_HEAP')
debug_merge_point(0, 0, '85 GET_LIST')
+536: p56 = getfield_gc_pure(p43, descr=<FieldP pyrlang.interpreter.datatypes.list.W_ListObject.inst_left 8>)
+540: p57 = getfield_gc_pure(p43, descr=<FieldP pyrlang.interpreter.datatypes.list.W_ListObject.inst_right 16>)
debug_merge_point(0, 0, '89 PUT_LIST')
+544: guard_nonnull_class(p56, 4297754008, descr=<Guard0x101e302c0>) [i51, p3, p2, p56, p57, p13, p15, p17, p19, p21, p23, p25, p27, p29, p31, p33, p35, p37, p42, p9]
debug_merge_point(0, 0, '93 CALL_ONLY')
+563: i58 = int_sub(i51, 1)
+567: i59 = int_le(i58, 0)
guard_false(i59, descr=<Guard0x101e30250>) [i58, p3, p2, p57, p56, p13, p15, p17, p19, p21, p23, p25, p27, p29, p31, p33, p35, p37, p42, p9]
debug_merge_point(0, 0, '79 IS_NONEMPTY_LIST')
p61 = new_with_vtable(4297753896)
+656: i62 = arraylen_gc(p47, descr=<ArrayS 8>)
+656: setfield_gc(p61, p9, descr=<FieldP pyrlang.interpreter.datatypes.list.W_ListObject.inst_right 16>)
+660: setfield_gc(p61, p42, descr=<FieldP pyrlang.interpreter.datatypes.list.W_ListObject.inst_left 8>)
+664: jump(i58, p2, p3, p55, p57, p56, p61, p13, p15, p17, p19, p21, p23, p25, p27, p29, p31, p33, p35, p37, p47, p55, descr=TargetToken(4318397728))
+695: --end of the loop--
[3e69dd47faf1] jit-log-opt-loop}
[3e69deb91e29] {jit-log-opt-bridge
# bridge out of Guard 0x101e30250 with 4 ops
[i0, p1, p2, p3, p4, p5, p6, p7, p8, p9, p10, p11, p12, p13, p14, p15, p16, p17, p18, p19]
+59: p20 = force_token()
+91: setfield_gc(p1, p20, descr=<FieldP pyrlang.interpreter.register.X_Register.vable_token 8>)
+95: guard_not_forced_2(descr=<Guard0x101e30640>) [p3, p4, p5, p6, p7, p8, p9, p10, p11, p12, p13, p14, p15, p16, p17, p1, p19, p18]
+137: finish(ConstPtr(ptr21), descr=<DoneWithThisFrameDescrRef object at 0x1002d73a8>)
+243: --end of the loop--
[3e69deba5c03] jit-log-opt-bridge}
[3e69dec72105] {jit-log-opt-bridge
# bridge out of Guard 0x10165b670 with 4 ops
[i0, p1, p2, p3, p4, p5, p6, p7, p8, p9, p10, p11, p12, p13, p14, p15, p16, p17]
+59: p18 = force_token()
+91: setfield_gc(p1, p18, descr=<FieldP pyrlang.interpreter.register.X_Register.vable_token 8>)
+95: guard_not_forced_2(descr=<Guard0x101e30720>) [p3, p4, p5, p6, p7, p8, p9, p10, p11, p12, p13, p14, p15, p1, p17, p16]
+144: finish(ConstPtr(ptr19), descr=<DoneWithThisFrameDescrRef object at 0x1002d73a8>)
+250: --end of the loop--
[3e69dec7c754] jit-log-opt-bridge}
[3e69df3cc1e1] {jit-log-opt-bridge
# bridge out of Guard 0x10165ba60 with 51 ops
[i0, i1, p2, p3, p4, p5, p6, p7, p8, p9, p10, p11, p12, p13, p14, p15, p16, p17, p18, p19]
+59: p21 = getfield_gc(ConstPtr(ptr20), descr=<FieldP list.items 16>)
+72: i23 = getarrayitem_gc(p21, 14, descr=<ArrayS 8>)
+79: p24 = getfield_gc(p3, descr=<FieldP pyrlang.interpreter.interp.Process.inst_y_reg 80>)
+83: guard_value(i23, 213, descr=<Guard0x101e30800>) [i0, i1, i23, p24, p2, p3, p4, p5, p6, p7, p8, p9, p10, p11, p12, p13, p14, p15, p16, p17, p18, p19]
debug_merge_point(0, 0, '213 TEST_HEAP')
debug_merge_point(0, 0, '216 PUT_LIST')
+96: p26 = getfield_gc(p3, descr=<FieldP pyrlang.interpreter.interp.Process.inst_x_reg 72>)
+100: i27 = ptr_eq(p26, p2)
guard_true(i27, descr=<Guard0x101e318a0>) [i0, i1, p2, p3, p26, p4, p5, p6, p7, p8, p9, p10, p11, p12, p13, p14, p15, p16, p17, p18, p19]
+113: guard_nonnull_class(p7, 4297754008, descr=<Guard0x101e31830>) [i0, i1, p2, p3, p5, p7, p4, p6, p8, p9, p10, p11, p12, p13, p14, p15, p16, p17, p18, p19]
+131: guard_nonnull_class(p5, 4297753896, descr=<Guard0x101e317c0>) [i0, i1, p2, p3, p5, p7, p4, p6, p8, p9, p10, p11, p12, p13, p14, p15, p16, p17, p18, p19]
debug_merge_point(0, 0, '220 MOVE')
debug_merge_point(0, 0, '223 CALL_ONLY')
+149: i31 = getarrayitem_gc(p21, 13, descr=<ArrayS 8>)
+153: i33 = int_sub(i1, 1)
+164: guard_false(i0, descr=<Guard0x101e31750>) [i33, i31, p2, p3, p8, p6, p7, p9, p10, p11, p12, p13, p14, p15, p16, p17, p18, p19, p5]
+180: i35 = int_le(i33, 0)
guard_false(i35, descr=<Guard0x101e316e0>) [i33, i31, p2, p3, p8, p6, p7, p9, p10, p11, p12, p13, p14, p15, p16, p17, p18, p19, p5]
+190: guard_value(i31, 175, descr=<Guard0x101e31670>) [i33, i31, p24, p2, p3, p8, p6, p7, p9, p10, p11, p12, p13, p14, p15, p16, p17, p18, p19, p5]
debug_merge_point(0, 0, '175 IS_NONEMPTY_LIST')
+203: p37 = same_as(p24)
+206: label(i33, p3, p2, p24, p8, p7, p5, p6, p9, p10, p11, p12, p13, p14, p15, p16, p17, p18, p19, p21, p37, descr=TargetToken(4318398128))
+261: guard_nonnull_class(p8, 4297753896, descr=<Guard0x101e31600>) [i33, p2, p3, p8, p6, p7, p9, p10, p11, p12, p13, p14, p15, p16, p17, p18, p19, p5]
debug_merge_point(0, 0, '179 GET_LIST')
+280: p39 = getfield_gc_pure(p8, descr=<FieldP pyrlang.interpreter.datatypes.list.W_ListObject.inst_left 8>)
+284: p40 = getfield_gc_pure(p8, descr=<FieldP pyrlang.interpreter.datatypes.list.W_ListObject.inst_right 16>)
debug_merge_point(0, 0, '183 IS_NONEMPTY_LIST')
+288: guard_nonnull_class(p40, 4297753896, descr=<Guard0x101e31590>) [i33, p2, p3, p40, p8, p6, p39, p9, p10, p11, p12, p13, p14, p15, p16, p17, p18, p19, p7, p5]
debug_merge_point(0, 0, '186 GET_LIST')
+307: p42 = getfield_gc_pure(p40, descr=<FieldP pyrlang.interpreter.datatypes.list.W_ListObject.inst_left 8>)
+311: p43 = getfield_gc_pure(p40, descr=<FieldP pyrlang.interpreter.datatypes.list.W_ListObject.inst_right 16>)
debug_merge_point(0, 0, '190 IS_LT')
+315: guard_class(p42, 4297754008, descr=<Guard0x101e31520>) [i33, p2, p3, p42, p39, p8, p6, p40, p43, p11, p12, p13, p14, p15, p16, p17, p18, p19, p7, p5]
+328: guard_nonnull_class(p39, 4297754008, descr=<Guard0x101e314b0>) [i33, p2, p3, p39, p42, p8, p6, p40, p43, p11, p12, p13, p14, p15, p16, p17, p18, p19, p7, p5]
+346: i46 = getfield_gc(p42, descr=<FieldS pyrlang.interpreter.datatypes.number.W_IntObject.inst_intval 8>)
+350: i47 = getfield_gc(p39, descr=<FieldS pyrlang.interpreter.datatypes.number.W_IntObject.inst_intval 8>)
+354: i48 = int_lt(i46, i47)
guard_false(i48, descr=<Guard0x101e31440>) [i33, p2, p3, p8, p6, p39, p40, p42, p43, p11, p12, p13, p14, p15, p16, p17, p18, p19, p7, p5]
debug_merge_point(0, 0, '213 TEST_HEAP')
debug_merge_point(0, 0, '216 PUT_LIST')
debug_merge_point(0, 0, '220 MOVE')
debug_merge_point(0, 0, '223 CALL_ONLY')
+363: i50 = int_sub(i33, 1)
+367: i52 = int_le(i50, 0)
guard_false(i52, descr=<Guard0x101e313d0>) [i50, p2, p3, p40, p6, p39, p42, p43, p11, p12, p13, p14, p15, p16, p17, p18, p19, p7, p5]
debug_merge_point(0, 0, '175 IS_NONEMPTY_LIST')
p54 = new_with_vtable(4297753896)
+456: i55 = arraylen_gc(p21, descr=<ArrayS 8>)
+456: setfield_gc(p54, p5, descr=<FieldP pyrlang.interpreter.datatypes.list.W_ListObject.inst_right 16>)
+460: setfield_gc(p54, p7, descr=<FieldP pyrlang.interpreter.datatypes.list.W_ListObject.inst_left 8>)
+464: jump(i50, p3, p2, p37, p40, p39, p54, p6, p42, p43, p11, p12, p13, p14, p15, p16, p17, p18, p19, p21, p37, descr=TargetToken(4318398128))
+509: --end of the loop--
[3e69df42ec8b] jit-log-opt-bridge}
[3e69eb80f8ba] {jit-log-opt-bridge
# bridge out of Guard 0x10165bc20 with 64 ops
[i0, i1, p2, p3, p4, p5, p6, p7, p8, p9, p10, p11, p12, p13, p14, p15, p16, p17, p18, p19]
+59: guard_nonnull_class(p4, ConstClass(W_NilObject), descr=<Guard0x101e31910>) [i0, i1, p2, p3, p4, p5, p6, p7, p8, p9, p10, p11, p12, p13, p14, p15, p16, p17, p18, p19]
+77: p22 = getfield_gc(ConstPtr(ptr21), descr=<FieldP list.items 16>)
+90: i24 = getarrayitem_gc(p22, 15, descr=<ArrayS 8>)
+97: p25 = getfield_gc(p3, descr=<FieldP pyrlang.interpreter.interp.Process.inst_y_reg 80>)
+101: guard_value(i24, 229, descr=<Guard0x102f2abf0>) [i0, i1, i24, p25, p2, p3, p4, p5, p6, p7, p8, p9, p10, p11, p12, p13, p14, p15, p16, p17, p18, p19]
debug_merge_point(0, 0, '229 IS_NIL')
+114: p27 = getfield_gc(p3, descr=<FieldP pyrlang.interpreter.interp.Process.inst_x_reg 72>)
+118: i28 = ptr_eq(p27, p2)
guard_true(i28, descr=<Guard0x102f2ab80>) [i0, i1, p2, p3, p27, p4, p5, p6, p7, p8, p9, p10, p11, p12, p13, p14, p15, p16, p17, p18, p19]
debug_merge_point(0, 0, '232 IS_ATOM')
+131: guard_nonnull_class(p6, ConstClass(W_AtomObject), descr=<Guard0x102f2ab10>) [i0, i1, p2, p3, p6, p4, p5, p7, p8, p9, p10, p11, p12, p13, p14, p15, p16, p17, p18, p19]
debug_merge_point(0, 0, '235 SELECT_VAL')
+157: p30 = getfield_gc(p6, descr=<FieldP pyrlang.interpreter.datatypes.atom.W_AtomObject.inst_strval 8>)
+161: i33 = call(ConstClass(ll_streq__rpy_stringPtr_rpy_stringPtr), p30, ConstPtr(ptr32), descr=<Calli 1 rr EF=0 OS=24>)
+294: guard_false(i33, descr=<Guard0x102f2aaa0>) [i0, i1, p2, p3, p6, p4, p5, p7, p8, p9, p10, p11, p12, p13, p14, p15, p16, p17, p18, p19]
+303: i36 = call(ConstClass(ll_streq__rpy_stringPtr_rpy_stringPtr), p30, ConstPtr(ptr35), descr=<Calli 1 rr EF=0 OS=24>)
+398: guard_true(i36, descr=<Guard0x102f2aa30>) [i0, i1, p2, p3, p6, p4, p5, p7, p8, p9, p10, p11, p12, p13, p14, p15, p16, p17, p18, p19]
+407: i38 = getarrayitem_gc(p22, 17, descr=<ArrayS 8>)
+421: guard_value(i38, 258, descr=<Guard0x102f2a9c0>) [i0, i1, i38, p25, p2, p3, p4, p5, p6, p7, p8, p9, p10, p11, p12, p13, p14, p15, p16, p17, p18, p19]
debug_merge_point(0, 0, '258 ALLOCATE')
debug_merge_point(0, 0, '261 MOVE')
debug_merge_point(0, 0, '264 LINE')
debug_merge_point(0, 0, '266 CALL')
+434: p40 = getfield_gc(p25, descr=<FieldP pyrlang.interpreter.register.Y_Register.inst_regs 8>)
+445: i41 = getfield_gc(p40, descr=<FieldS list.length 8>)
+449: i43 = int_add(i41, 1)
+453: p44 = getfield_gc(p40, descr=<FieldP list.items 16>)
+457: i45 = arraylen_gc(p44, descr=<ArrayP 8>)
+461: i46 = int_lt(i45, i43)
+472: cond_call(i46, ConstClass(_ll_list_resize_hint_really_look_inside_iff__listPtr_Signed_Bool), p40, i43, 1, descr=<Callv 0 rii EF=4>)
+536: guard_no_exception(descr=<Guard0x102f2a950>) [i0, i1, p2, p3, i41, p40, i43, p5, p6, p7, p8, p9, p10, p11, p12, p13, p14, p15, p16, p17, p18, p19]
+556: p49 = getfield_gc(p40, descr=<FieldP list.items 16>)
p51 = new_with_vtable(ConstClass(W_TupleObject))
p52 = new(descr=<SizeDescr 24>)
p54 = new_array(2, descr=<ArrayP 8>)
p56 = new_with_vtable(4297752864)
+681: setfield_gc(p56, ConstPtr(ptr57), descr=<FieldP pyrlang.interpreter.datatypes.inner.W_CodeParserWrapperObject.inst_cp 8>)
+696: setarrayitem_gc(p54, 0, p56, descr=<ArrayP 8>)
p60 = new_with_vtable(4297752968)
+712: setfield_gc(p60, 269, descr=<FieldS pyrlang.interpreter.datatypes.inner.W_AddrObject.inst_addrval 8>)
+720: setarrayitem_gc(p54, 1, p60, descr=<ArrayP 8>)
+724: setfield_gc(p52, p54, descr=<FieldP list.items 16>)
+728: setfield_gc(p52, 2, descr=<FieldS list.length 8>)
+736: setfield_gc(p51, p52, descr=<FieldP pyrlang.interpreter.datatypes.tuple.W_TupleObject.inst_vals 8>)
+779: setarrayitem_gc(p49, i41, p51, descr=<ArrayP 8>)
+784: i64 = getarrayitem_gc(p22, 4, descr=<ArrayS 8>)
+795: i66 = int_sub(i1, 1)
+806: setfield_gc(p40, i43, descr=<FieldS list.length 8>)
+810: guard_false(i0, descr=<Guard0x102f2a8e0>) [i66, i64, p2, p3, p5, p6, p7, p8, p9, p10, p11, p12, p13, p14, p15, p16, p17, p18, p19]
+826: i68 = int_le(i66, 0)
guard_false(i68, descr=<Guard0x102f2a870>) [i66, i64, p2, p3, p5, p6, p7, p8, p9, p10, p11, p12, p13, p14, p15, p16, p17, p18, p19]
+836: guard_value(i64, 63, descr=<Guard0x102f2a800>) [i66, i64, p25, p2, p3, p5, p6, p7, p8, p9, p10, p11, p12, p13, p14, p15, p16, p17, p18, p19]
debug_merge_point(0, 0, '63 MOVE')
debug_merge_point(0, 0, '66 CALL_ONLY')
+846: i71 = getarrayitem_gc(p22, 6, descr=<ArrayS 8>)
+850: i73 = int_sub(i66, 1)
+854: i75 = int_le(i73, 0)
guard_false(i75, descr=<Guard0x102f2a790>) [i73, i71, p2, p3, p5, p6, p7, p8, p9, p10, p11, p12, p13, p14, p15, p16, p17, p18, p19]
+864: guard_value(i71, 79, descr=<Guard0x102f2a720>) [i73, i71, p25, p2, p3, p5, p6, p7, p8, p9, p10, p11, p12, p13, p14, p15, p16, p17, p18, p19]
debug_merge_point(0, 0, '79 IS_NONEMPTY_LIST')
+874: p77 = same_as(p25)
+874: label(i73, p3, p2, p25, p5, p6, p7, p8, p9, p10, p11, p12, p13, p14, p15, p16, p17, p18, p19, descr=TargetToken(4318398288))
p79 = new_with_vtable(ConstClass(W_NilObject))
+973: jump(i73, 0, p3, p2, p25, p5, p79, p6, p7, p8, p9, p10, p11, p12, p13, p14, p15, p16, p17, p18, p19, descr=TargetToken(4318397648))
+1178: --end of the loop--
[3e69eb888ea5] jit-log-opt-bridge}
[3e69ebf4440c] {jit-log-opt-bridge
# bridge out of Guard 0x101e30330 with 52 ops
[i0, p1, p2, p3, p4, p5, p6, p7, p8, p9, p10, p11, p12, p13, p14, p15, p16, p17, p18]
+59: guard_nonnull_class(p3, ConstClass(W_NilObject), descr=<Guard0x102f2ac60>) [i0, p1, p2, p3, p4, p5, p6, p7, p8, p9, p10, p11, p12, p13, p14, p15, p16, p17, p18]
+78: p21 = getfield_gc(ConstPtr(ptr20), descr=<FieldP list.items 16>)
+91: i23 = getarrayitem_gc(p21, 7, descr=<ArrayS 8>)
+95: p24 = getfield_gc(p2, descr=<FieldP pyrlang.interpreter.interp.Process.inst_y_reg 80>)
+106: guard_value(i23, 98, descr=<Guard0x102f2bc90>) [i0, i23, p24, p1, p2, p3, p4, p5, p6, p7, p8, p9, p10, p11, p12, p13, p14, p15, p16, p17, p18]
debug_merge_point(0, 0, '98 IS_NIL')
+116: p26 = getfield_gc(p2, descr=<FieldP pyrlang.interpreter.interp.Process.inst_x_reg 72>)
+120: i27 = ptr_eq(p26, p1)
guard_true(i27, descr=<Guard0x102f2bc20>) [i0, p1, p2, p26, p3, p4, p5, p6, p7, p8, p9, p10, p11, p12, p13, p14, p15, p16, p17, p18]
debug_merge_point(0, 0, '101 MOVE')
debug_merge_point(0, 0, '104 RETURN')
+133: p28 = getfield_gc(p24, descr=<FieldP pyrlang.interpreter.register.Y_Register.inst_regs 8>)
+137: i29 = getfield_gc(p28, descr=<FieldS list.length 8>)
+141: i30 = int_is_zero(i29)
guard_false(i30, descr=<Guard0x102f2bbb0>) [i0, p1, p2, p4, p5, p6, p7, p8, p9, p10, p11, p12, p13, p14, p15, p16, p17, p18]
+151: i32 = int_sub(i29, 1)
+155: p33 = getfield_gc(p28, descr=<FieldP list.items 16>)
+159: p34 = getarrayitem_gc(p33, i32, descr=<ArrayP 8>)
+164: setarrayitem_gc(p33, i32, ConstPtr(null), descr=<ArrayP 8>)
+173: i36 = arraylen_gc(p33, descr=<ArrayP 8>)
+177: i38 = int_rshift(i36, 1)
+180: i40 = int_sub(i38, 5)
+184: i41 = int_lt(i32, i40)
+195: cond_call(i41, ConstClass(_ll_list_resize_hint_really_look_inside_iff__listPtr_Signed_Bool), p28, i32, 0, descr=<Callv 0 rii EF=4>)
+262: guard_no_exception(descr=<Guard0x102f2bb40>) [i0, p1, p2, p34, i32, p28, p4, p5, p6, p7, p8, p9, p10, p11, p12, p13, p14, p15, p16, p17, p18]
+282: p44 = getfield_gc(p34, descr=<FieldP pyrlang.interpreter.datatypes.tuple.W_TupleObject.inst_vals 8>)
+286: setfield_gc(p28, i32, descr=<FieldS list.length 8>)
+290: i45 = getfield_gc(p44, descr=<FieldS list.length 8>)
+294: i47 = int_eq(i45, 2)
guard_true(i47, descr=<Guard0x102f2bad0>) [i0, p1, p2, p44, p4, p5, p6, p7, p8, p9, p10, p11, p12, p13, p14, p15, p16, p17, p18]
+304: p48 = getfield_gc(p44, descr=<FieldP list.items 16>)
+308: p50 = getarrayitem_gc(p48, 0, descr=<ArrayP 8>)
+312: p52 = getarrayitem_gc(p48, 1, descr=<ArrayP 8>)
+316: p53 = getfield_gc(p50, descr=<FieldP pyrlang.interpreter.datatypes.inner.W_CodeParserWrapperObject.inst_cp 8>)
+320: i54 = getfield_gc(p52, descr=<FieldS pyrlang.interpreter.datatypes.inner.W_AddrObject.inst_addrval 8>)
+324: guard_value(i54, 269, descr=<Guard0x102f2ba60>) [i0, i54, p24, p1, p2, p53, p4, p5, p6, p7, p8, p9, p10, p11, p12, p13, p14, p15, p16, p17, p18]
+337: guard_value(p53, ConstPtr(ptr56), descr=<Guard0x102f2b9f0>) [i0, p24, p1, p2, p53, p4, p5, p6, p7, p8, p9, p10, p11, p12, p13, p14, p15, p16, p17, p18]
debug_merge_point(0, 0, '269 MOVE')
debug_merge_point(0, 0, '272 MOVE')
debug_merge_point(0, 0, '275 CALL_LAST')
+356: i58 = getarrayitem_gc(p21, 13, descr=<ArrayS 8>)
+360: guard_value(i58, 175, descr=<Guard0x102f2b980>) [i0, i58, p24, p1, p2, p5, p6, p7, p8, p9, p10, p11, p12, p13, p14, p15, p16, p17, p4, p18]
debug_merge_point(0, 0, '175 IS_NONEMPTY_LIST')
+373: p60 = same_as(p24)
+373: label(i0, p2, p1, p24, p4, p18, p5, p6, p7, p8, p9, p10, p11, p12, p13, p14, p15, p16, p17, descr=TargetToken(4318398368))
p62 = new_with_vtable(4297753896)
p64 = new_with_vtable(ConstClass(W_NilObject))
p66 = new_with_vtable(ConstClass(W_AtomObject))
+501: setfield_gc(p62, p18, descr=<FieldP pyrlang.interpreter.datatypes.list.W_ListObject.inst_right 16>)
+505: setfield_gc(p62, p4, descr=<FieldP pyrlang.interpreter.datatypes.list.W_ListObject.inst_left 8>)
+509: setfield_gc(p66, ConstPtr(ptr67), descr=<FieldP pyrlang.interpreter.datatypes.atom.W_AtomObject.inst_strval 8>)
+523: jump(i0, 0, p2, p1, p24, p62, p64, p66, p5, p6, p7, p8, p9, p10, p11, p12, p13, p14, p15, p16, p17, descr=TargetToken(4318397168))
+726: --end of the loop--
[3e69ebf937fb] jit-log-opt-bridge}
[3e69ec5b1412] {jit-log-opt-bridge
# bridge out of Guard 0x10165b750 with 49 ops
[i0, p1, p2, p3, p4, p5, p6, p7, p8, p9, p10, p11, p12, p13, p14, p15, p16, p17]
+59: p19 = getfield_gc(ConstPtr(ptr18), descr=<FieldP list.items 16>)
+72: i21 = getarrayitem_gc(p19, 14, descr=<ArrayS 8>)
+79: p22 = getfield_gc(p2, descr=<FieldP pyrlang.interpreter.interp.Process.inst_y_reg 80>)
+90: guard_value(i21, 213, descr=<Guard0x102f2bd00>) [i0, i21, p22, p1, p2, p3, p4, p5, p6, p7, p8, p9, p10, p11, p12, p13, p14, p15, p17, p16]
debug_merge_point(0, 0, '213 TEST_HEAP')
debug_merge_point(0, 0, '216 PUT_LIST')
+103: p24 = getfield_gc(p2, descr=<FieldP pyrlang.interpreter.interp.Process.inst_x_reg 72>)
+107: i25 = ptr_eq(p24, p1)
guard_true(i25, descr=<Guard0x10303ebf0>) [i0, p1, p2, p24, p3, p4, p5, p6, p7, p8, p9, p10, p11, p12, p13, p14, p15, p17, p16]
+120: guard_nonnull_class(p3, 4297754008, descr=<Guard0x10303eb80>) [i0, p1, p2, p3, p4, p5, p6, p7, p8, p9, p10, p11, p12, p13, p14, p15, p17, p16]
debug_merge_point(0, 0, '220 MOVE')
debug_merge_point(0, 0, '223 CALL_ONLY')
+146: i28 = getarrayitem_gc(p19, 13, descr=<ArrayS 8>)
+150: i30 = int_sub(i0, 1)
+154: i32 = int_le(i30, 0)
guard_false(i32, descr=<Guard0x10303eb10>) [i30, i28, p1, p2, p4, p3, p5, p6, p7, p8, p9, p10, p11, p12, p13, p14, p15, p17, p16]
+164: guard_value(i28, 175, descr=<Guard0x10303eaa0>) [i30, i28, p22, p1, p2, p4, p3, p5, p6, p7, p8, p9, p10, p11, p12, p13, p14, p15, p17, p16]
debug_merge_point(0, 0, '175 IS_NONEMPTY_LIST')
+177: p34 = same_as(p22)
+180: label(i30, p2, p1, p22, p4, p3, p16, p17, p5, p6, p7, p8, p9, p10, p11, p12, p13, p14, p15, p19, p34, descr=TargetToken(4318398448))
+228: guard_nonnull_class(p4, 4297753896, descr=<Guard0x10303ea30>) [i30, p1, p2, p4, p3, p5, p6, p7, p8, p9, p10, p11, p12, p13, p14, p15, p17, p16]
debug_merge_point(0, 0, '179 GET_LIST')
+247: p36 = getfield_gc_pure(p4, descr=<FieldP pyrlang.interpreter.datatypes.list.W_ListObject.inst_left 8>)
+251: p37 = getfield_gc_pure(p4, descr=<FieldP pyrlang.interpreter.datatypes.list.W_ListObject.inst_right 16>)
debug_merge_point(0, 0, '183 IS_NONEMPTY_LIST')
+255: guard_nonnull_class(p37, 4297753896, descr=<Guard0x10303e9c0>) [i30, p1, p2, p37, p4, p36, p5, p6, p7, p8, p9, p10, p11, p12, p13, p14, p15, p3, p17, p16]
debug_merge_point(0, 0, '186 GET_LIST')
+274: p39 = getfield_gc_pure(p37, descr=<FieldP pyrlang.interpreter.datatypes.list.W_ListObject.inst_left 8>)
+278: p40 = getfield_gc_pure(p37, descr=<FieldP pyrlang.interpreter.datatypes.list.W_ListObject.inst_right 16>)
debug_merge_point(0, 0, '190 IS_LT')
+282: guard_class(p39, 4297754008, descr=<Guard0x10303e950>) [i30, p1, p2, p39, p36, p4, p37, p40, p7, p8, p9, p10, p11, p12, p13, p14, p15, p3, p17, p16]
+294: guard_nonnull_class(p36, 4297754008, descr=<Guard0x10303e8e0>) [i30, p1, p2, p36, p39, p4, p37, p40, p7, p8, p9, p10, p11, p12, p13, p14, p15, p3, p17, p16]
+312: i43 = getfield_gc(p39, descr=<FieldS pyrlang.interpreter.datatypes.number.W_IntObject.inst_intval 8>)
+316: i44 = getfield_gc(p36, descr=<FieldS pyrlang.interpreter.datatypes.number.W_IntObject.inst_intval 8>)
+320: i45 = int_lt(i43, i44)
guard_false(i45, descr=<Guard0x10303e870>) [i30, p1, p2, p4, p36, p37, p39, p40, p7, p8, p9, p10, p11, p12, p13, p14, p15, p3, p17, p16]
debug_merge_point(0, 0, '213 TEST_HEAP')
debug_merge_point(0, 0, '216 PUT_LIST')
debug_merge_point(0, 0, '220 MOVE')
debug_merge_point(0, 0, '223 CALL_ONLY')
+329: i47 = int_sub(i30, 1)
+333: i49 = int_le(i47, 0)
guard_false(i49, descr=<Guard0x10303e800>) [i47, p1, p2, p37, p36, p39, p40, p7, p8, p9, p10, p11, p12, p13, p14, p15, p3, p17, p16]
debug_merge_point(0, 0, '175 IS_NONEMPTY_LIST')
p51 = new_with_vtable(4297753896)
+422: i52 = arraylen_gc(p19, descr=<ArrayS 8>)
+422: setfield_gc(p51, p17, descr=<FieldP pyrlang.interpreter.datatypes.list.W_ListObject.inst_right 16>)
+426: setfield_gc(p51, p16, descr=<FieldP pyrlang.interpreter.datatypes.list.W_ListObject.inst_left 8>)
+430: jump(i47, p2, p1, p34, p37, p36, p3, p51, p39, p40, p7, p8, p9, p10, p11, p12, p13, p14, p15, p19, p34, descr=TargetToken(4318398448))
+486: --end of the loop--
[3e69ec5f8595] jit-log-opt-bridge}
[3e69ecb008ed] {jit-log-opt-bridge
# bridge out of Guard 0x101e304f0 with 20 ops
[i0, i1, p2, p3, p4, p5, p6, p7, p8, p9, p10, p11, p12, p13, p14, p15, p16, p17, p18, p19]
+59: guard_nonnull_class(p4, ConstClass(W_NilObject), descr=<Guard0x10303ec60>) [i0, i1, p2, p3, p4, p5, p6, p7, p8, p9, p10, p11, p12, p13, p14, p15, p16, p17, p18, p19]
+77: p21 = getfield_gc(p3, descr=<FieldP pyrlang.interpreter.interp.Process.inst_x_reg 72>)
+81: i22 = ptr_eq(p21, p2)
guard_true(i22, descr=<Guard0x10303f600>) [i0, i1, p2, p3, p21, p6, p4, p5, p7, p8, p9, p10, p11, p12, p13, p14, p15, p16, p17, p18, p19]
+90: p23 = getfield_gc(p3, descr=<FieldP pyrlang.interpreter.interp.Process.inst_y_reg 80>)
debug_merge_point(0, 0, '93 CALL_ONLY')
+94: p25 = getfield_gc(ConstPtr(ptr24), descr=<FieldP list.items 16>)
+107: i27 = getarrayitem_gc(p25, 6, descr=<ArrayS 8>)
+111: i29 = int_sub(i1, 1)
+122: guard_false(i0, descr=<Guard0x10303f590>) [i29, i27, p2, p3, p6, p5, p7, p8, p9, p10, p11, p12, p13, p14, p15, p16, p17, p18, p19, p4]
+138: i31 = int_le(i29, 0)
guard_false(i31, descr=<Guard0x10303f520>) [i29, i27, p2, p3, p6, p5, p7, p8, p9, p10, p11, p12, p13, p14, p15, p16, p17, p18, p19, p4]
+148: guard_value(i27, 79, descr=<Guard0x10303f4b0>) [i29, i27, p23, p2, p3, p6, p5, p7, p8, p9, p10, p11, p12, p13, p14, p15, p16, p17, p18, p19, p4]
debug_merge_point(0, 0, '79 IS_NONEMPTY_LIST')
+158: p33 = same_as(p23)
+158: label(i29, p3, p2, p23, p6, p5, p4, p7, p8, p9, p10, p11, p12, p13, p14, p15, p16, p17, p18, p19, descr=TargetToken(4318398608))
p35 = new_with_vtable(4297753896)
+285: setfield_gc(p35, p4, descr=<FieldP pyrlang.interpreter.datatypes.list.W_ListObject.inst_right 16>)
+289: setfield_gc(p35, p5, descr=<FieldP pyrlang.interpreter.datatypes.list.W_ListObject.inst_left 8>)
+293: jump(i29, 0, p3, p2, p23, p6, p35, p5, p7, p8, p9, p10, p11, p12, p13, p14, p15, p16, p17, p18, p19, descr=TargetToken(4318397648))
+341: --end of the loop--
[3e69ecb2ccd4] jit-log-opt-bridge}
[3e69f9cb519d] {jit-log-opt-bridge
# bridge out of Guard 0x10165b980 with 26 ops
[i0, i1, p2, p3, p4, p5, p6, p7, p8, p9, p10, p11, p12, p13, p14, p15, p16, p17, p18]
+59: guard_nonnull_class(p4, ConstClass(W_NilObject), descr=<Guard0x10303f670>) [i0, i1, p2, p3, p4, p5, p6, p7, p8, p9, p10, p11, p12, p13, p14, p15, p16, p17, p18]
+77: p20 = getfield_gc(p3, descr=<FieldP pyrlang.interpreter.interp.Process.inst_x_reg 72>)
+81: i21 = ptr_eq(p20, p2)
guard_true(i21, descr=<Guard0x1040ba330>) [i0, i1, p2, p3, p20, p4, p6, p7, p8, p5, p9, p10, p11, p12, p13, p14, p15, p16, p17, p18]
+94: p22 = getfield_gc(p3, descr=<FieldP pyrlang.interpreter.interp.Process.inst_y_reg 80>)
debug_merge_point(0, 0, '205 MOVE')
debug_merge_point(0, 0, '208 CALL_ONLY')
+98: p24 = getfield_gc(ConstPtr(ptr23), descr=<FieldP list.items 16>)
+111: i26 = getarrayitem_gc(p24, 13, descr=<ArrayS 8>)
+115: i28 = int_sub(i1, 1)
+126: guard_false(i0, descr=<Guard0x1040ba2c0>) [i28, i26, p2, p3, p7, p8, p5, p9, p10, p11, p12, p13, p14, p15, p16, p17, p18, p4]
+142: i30 = int_le(i28, 0)
guard_false(i30, descr=<Guard0x1040ba250>) [i28, i26, p2, p3, p7, p8, p5, p9, p10, p11, p12, p13, p14, p15, p16, p17, p18, p4]
+152: guard_value(i26, 175, descr=<Guard0x1040ba1e0>) [i28, i26, p22, p2, p3, p7, p8, p5, p9, p10, p11, p12, p13, p14, p15, p16, p17, p18, p4]
debug_merge_point(0, 0, '175 IS_NONEMPTY_LIST')
+165: p32 = same_as(p22)
+165: label(i28, p3, p2, p22, p7, p9, p5, p4, p8, p10, p11, p12, p13, p14, p15, p16, p17, p18, descr=TargetToken(4318398768))
p34 = new_with_vtable(4297753896)
p36 = new_with_vtable(4297753896)
+296: setfield_gc(p34, p9, descr=<FieldP pyrlang.interpreter.datatypes.list.W_ListObject.inst_right 16>)
+300: setfield_gc(p34, p7, descr=<FieldP pyrlang.interpreter.datatypes.list.W_ListObject.inst_left 8>)
p38 = new_with_vtable(ConstClass(W_AtomObject))
+315: setfield_gc(p36, p4, descr=<FieldP pyrlang.interpreter.datatypes.list.W_ListObject.inst_right 16>)
+319: setfield_gc(p36, p5, descr=<FieldP pyrlang.interpreter.datatypes.list.W_ListObject.inst_left 8>)
+323: setfield_gc(p38, ConstPtr(ptr39), descr=<FieldP pyrlang.interpreter.datatypes.atom.W_AtomObject.inst_strval 8>)
+337: jump(i28, 0, p3, p2, p22, p34, p36, p38, p7, p8, p5, p9, p10, p11, p12, p13, p14, p15, p16, p17, p18, descr=TargetToken(4318397168))
+395: --end of the loop--
[3e69f9d04910] jit-log-opt-bridge}
[3e6a07ee08ba] {jit-log-opt-bridge
# bridge out of Guard 0x10303e9c0 with 31 ops
[i0, p1, p2, p3, p4, p5, p6, p7, p8, p9, p10, p11, p12, p13, p14, p15, p16, p17, p18, p19]
+59: guard_nonnull_class(p3, ConstClass(W_NilObject), descr=<Guard0x1040ba020>) [i0, p1, p2, p3, p4, p5, p6, p7, p8, p9, p10, p11, p12, p13, p14, p15, p16, p19, p17, p18]
+78: p22 = getfield_gc(ConstPtr(ptr21), descr=<FieldP list.items 16>)
+91: i24 = getarrayitem_gc(p22, 14, descr=<ArrayS 8>)
+98: p25 = getfield_gc(p2, descr=<FieldP pyrlang.interpreter.interp.Process.inst_y_reg 80>)
+109: guard_value(i24, 213, descr=<Guard0x1040ba800>) [i0, i24, p25, p1, p2, p4, p5, p3, p6, p7, p8, p9, p10, p11, p12, p13, p14, p15, p16, p19, p17, p18]
debug_merge_point(0, 0, '213 TEST_HEAP')
debug_merge_point(0, 0, '216 PUT_LIST')
+122: p27 = getfield_gc(p2, descr=<FieldP pyrlang.interpreter.interp.Process.inst_x_reg 72>)
+126: i28 = ptr_eq(p27, p1)
guard_true(i28, descr=<Guard0x1040ba790>) [i0, p1, p2, p27, p4, p5, p3, p6, p7, p8, p9, p10, p11, p12, p13, p14, p15, p16, p19, p17, p18]
+139: guard_nonnull_class(p5, 4297754008, descr=<Guard0x1040ba720>) [i0, p1, p2, p5, p4, p3, p6, p7, p8, p9, p10, p11, p12, p13, p14, p15, p16, p19, p17, p18]
debug_merge_point(0, 0, '220 MOVE')
debug_merge_point(0, 0, '223 CALL_ONLY')
+157: i31 = getarrayitem_gc(p22, 13, descr=<ArrayS 8>)
+161: i33 = int_sub(i0, 1)
+165: i35 = int_le(i33, 0)
guard_false(i35, descr=<Guard0x1040ba6b0>) [i33, i31, p1, p2, p3, p5, p6, p7, p8, p9, p10, p11, p12, p13, p14, p15, p16, p19, p17, p18]
+175: guard_value(i31, 175, descr=<Guard0x1040ba640>) [i33, i31, p25, p1, p2, p3, p5, p6, p7, p8, p9, p10, p11, p12, p13, p14, p15, p16, p19, p17, p18]
debug_merge_point(0, 0, '175 IS_NONEMPTY_LIST')
p38 = new_with_vtable(4297753896)
p40 = new_with_vtable(4297753896)
p42 = new_with_vtable(4297753896)
+289: setfield_gc(p42, p18, descr=<FieldP pyrlang.interpreter.datatypes.list.W_ListObject.inst_right 16>)
+293: setfield_gc(p42, p19, descr=<FieldP pyrlang.interpreter.datatypes.list.W_ListObject.inst_left 8>)
+297: setfield_gc(p40, p42, descr=<FieldP pyrlang.interpreter.datatypes.list.W_ListObject.inst_right 16>)
+301: setfield_gc(p40, p17, descr=<FieldP pyrlang.interpreter.datatypes.list.W_ListObject.inst_left 8>)
p44 = new_with_vtable(ConstClass(W_AtomObject))
+324: setfield_gc(p38, p40, descr=<FieldP pyrlang.interpreter.datatypes.list.W_ListObject.inst_right 16>)
+328: setfield_gc(p38, p5, descr=<FieldP pyrlang.interpreter.datatypes.list.W_ListObject.inst_left 8>)
+332: setfield_gc(p44, ConstPtr(ptr45), descr=<FieldP pyrlang.interpreter.datatypes.atom.W_AtomObject.inst_strval 8>)
+347: jump(i33, 0, p2, p1, p25, p3, p38, p44, p5, p3, p6, p7, p8, p9, p10, p11, p12, p13, p14, p15, p16, descr=TargetToken(4318397168))
+447: --end of the loop--
[3e6a07f111e5] jit-log-opt-bridge}
[3e6a20a0c02c] {jit-log-opt-bridge
# bridge out of Guard 0x101e31590 with 26 ops
[i0, p1, p2, p3, p4, p5, p6, p7, p8, p9, p10, p11, p12, p13, p14, p15, p16, p17, p18, p19]
+59: guard_nonnull_class(p3, ConstClass(W_NilObject), descr=<Guard0x1040ba870>) [i0, p1, p2, p3, p4, p5, p6, p7, p8, p9, p10, p11, p12, p13, p14, p15, p16, p17, p19, p18]
+78: p22 = getfield_gc(ConstPtr(ptr21), descr=<FieldP list.items 16>)
+91: i24 = getarrayitem_gc(p22, 14, descr=<ArrayS 8>)
+98: p25 = getfield_gc(p2, descr=<FieldP pyrlang.interpreter.interp.Process.inst_y_reg 80>)
+109: guard_value(i24, 213, descr=<Guard0x1040bae90>) [i0, i24, p25, p1, p2, p4, p5, p6, p3, p7, p8, p9, p10, p11, p12, p13, p14, p15, p16, p17, p19, p18]
debug_merge_point(0, 0, '213 TEST_HEAP')
debug_merge_point(0, 0, '216 PUT_LIST')
+122: p27 = getfield_gc(p2, descr=<FieldP pyrlang.interpreter.interp.Process.inst_x_reg 72>)
+126: i28 = ptr_eq(p27, p1)
guard_true(i28, descr=<Guard0x1040bae20>) [i0, p1, p2, p27, p4, p5, p6, p3, p7, p8, p9, p10, p11, p12, p13, p14, p15, p16, p17, p19, p18]
+139: guard_nonnull_class(p6, 4297754008, descr=<Guard0x1040badb0>) [i0, p1, p2, p6, p4, p5, p3, p7, p8, p9, p10, p11, p12, p13, p14, p15, p16, p17, p19, p18]
debug_merge_point(0, 0, '220 MOVE')
debug_merge_point(0, 0, '223 CALL_ONLY')
+157: i31 = getarrayitem_gc(p22, 13, descr=<ArrayS 8>)
+161: i33 = int_sub(i0, 1)
+165: i35 = int_le(i33, 0)
guard_false(i35, descr=<Guard0x1040bad40>) [i33, i31, p1, p2, p3, p5, p6, p7, p8, p9, p10, p11, p12, p13, p14, p15, p16, p17, p19, p18]
+175: guard_value(i31, 175, descr=<Guard0x1040bacd0>) [i33, i31, p25, p1, p2, p3, p5, p6, p7, p8, p9, p10, p11, p12, p13, p14, p15, p16, p17, p19, p18]
debug_merge_point(0, 0, '175 IS_NONEMPTY_LIST')
p38 = new_with_vtable(4297753896)
p40 = new_with_vtable(4297753896)
+278: setfield_gc(p40, p19, descr=<FieldP pyrlang.interpreter.datatypes.list.W_ListObject.inst_right 16>)
+282: setfield_gc(p40, p18, descr=<FieldP pyrlang.interpreter.datatypes.list.W_ListObject.inst_left 8>)
+286: setfield_gc(p38, p40, descr=<FieldP pyrlang.interpreter.datatypes.list.W_ListObject.inst_right 16>)
+290: setfield_gc(p38, p6, descr=<FieldP pyrlang.interpreter.datatypes.list.W_ListObject.inst_left 8>)
+294: jump(i33, 0, p2, p1, p25, p3, p38, p5, p6, p3, p7, p8, p9, p10, p11, p12, p13, p14, p15, p16, p17, descr=TargetToken(4318397168))
+387: --end of the loop--
[3e6a20a5be94] jit-log-opt-bridge}
[3e6a2bda9fa2] {jit-log-opt-bridge
# bridge out of Guard 0x10303e800 with 4 ops
[i0, p1, p2, p3, p4, p5, p6, p7, p8, p9, p10, p11, p12, p13, p14, p15, p16, p17, p18]
+59: p19 = force_token()
+91: setfield_gc(p1, p19, descr=<FieldP pyrlang.interpreter.register.X_Register.vable_token 8>)
+95: guard_not_forced_2(descr=<Guard0x10303e020>) [p3, p4, p5, p6, p7, p8, p9, p10, p11, p12, p13, p14, p15, p1, p16, p17, p18]
+151: finish(ConstPtr(ptr20), descr=<DoneWithThisFrameDescrRef object at 0x1002d73a8>)
+257: --end of the loop--
[3e6a2bdbf4e8] jit-log-opt-bridge}
[3e6aa329325d] {jit-log-opt-bridge
# bridge out of Guard 0x101e313d0 with 4 ops
[i0, p1, p2, p3, p4, p5, p6, p7, p8, p9, p10, p11, p12, p13, p14, p15, p16, p17, p18]
+59: p19 = force_token()
+91: setfield_gc(p1, p19, descr=<FieldP pyrlang.interpreter.register.X_Register.vable_token 8>)
+95: guard_not_forced_2(descr=<Guard0x1040ba090>) [p3, p4, p5, p6, p7, p8, p9, p10, p11, p12, p13, p14, p15, p16, p1, p17, p18]
+151: finish(ConstPtr(ptr20), descr=<DoneWithThisFrameDescrRef object at 0x1002d73a8>)
+257: --end of the loop--
[3e6aa32a6e2b] jit-log-opt-bridge}
[3e6e999cb893] {jit-backend-counts
entry 0:22
TargetToken(4318396528):22
TargetToken(4318396608):38939
entry 1:201501
TargetToken(4318397168):260177
TargetToken(4318397248):199868977
entry 2:200436
TargetToken(4318397648):239977
TargetToken(4318397728):399778976
bridge 4326621776:199780
bridge 4318410352:99779
bridge 4318411360:100178
TargetToken(4318398128):180940899
bridge 4318411808:19791
TargetToken(4318398288):19770
bridge 4326622000:19794
TargetToken(4318398368):19793
bridge 4318410576:19782
TargetToken(4318398448):18948690
bridge 4326622448:19791
TargetToken(4318398608):19771
bridge 4318411136:19587
TargetToken(4318398768):19567
bridge 4345555392:382
bridge 4326626704:18934
bridge 4345554944:18773
bridge 4326626256:80808
[3e6e999dc956] jit-backend-counts}
