[27f426c6ec8c03] {jit-backend-counts
[27f426c6ed16a6] jit-backend-counts}
[27f426c75686fb] {jit-log-opt-loop
# Loop 0 (3 label 2) : loop with 100 ops
[i0, i1, i2, p3, p4, p5]
+134: p6 = getfield_gc(p4, descr=<FieldP pyrlang.interpreter.register.X_Register.inst_regs 16>)
+145: p8 = getarrayitem_gc(p6, 0, descr=<ArrayP 8>)
+149: p10 = getarrayitem_gc(p6, 1, descr=<ArrayP 8>)
+153: p12 = getarrayitem_gc(p6, 2, descr=<ArrayP 8>)
+157: p14 = getarrayitem_gc(p6, 3, descr=<ArrayP 8>)
+161: p16 = getarrayitem_gc(p6, 4, descr=<ArrayP 8>)
+165: p18 = getarrayitem_gc(p6, 5, descr=<ArrayP 8>)
+169: p20 = getarrayitem_gc(p6, 6, descr=<ArrayP 8>)
+173: p22 = getarrayitem_gc(p6, 7, descr=<ArrayP 8>)
+177: p24 = getarrayitem_gc(p6, 8, descr=<ArrayP 8>)
+181: p26 = getarrayitem_gc(p6, 9, descr=<ArrayP 8>)
+185: p28 = getarrayitem_gc(p6, 10, descr=<ArrayP 8>)
+189: p30 = getarrayitem_gc(p6, 11, descr=<ArrayP 8>)
+193: p32 = getarrayitem_gc(p6, 12, descr=<ArrayP 8>)
+204: p34 = getarrayitem_gc(p6, 13, descr=<ArrayP 8>)
+215: p36 = getarrayitem_gc(p6, 14, descr=<ArrayP 8>)
+229: p38 = getarrayitem_gc(p6, 15, descr=<ArrayP 8>)
+243: label(i0, i1, i2, p3, p4, p5, p8, p10, p12, p14, p16, p18, p20, p22, p24, p26, p28, p30, p32, p34, p36, p38, descr=TargetToken(4302389280))
debug_merge_point(0, 0, '3 label 2')
+333: p39 = getfield_gc(p3, descr=<FieldP pyrlang.interpreter.interp.Process.inst_y_reg 80>)
debug_merge_point(0, 0, '4 is_eq_exact L3. x(0). #0')
+344: p40 = getfield_gc(p3, descr=<FieldP pyrlang.interpreter.interp.Process.inst_x_reg 72>)
+348: i41 = ptr_eq(p40, p4)
guard_true(i41, descr=<Guard0x100712180>) [i2, i1, i0, p4, p3, p40, p8, p10, p12, p14, p16, p18, p20, p22, p24, p26, p28, p30, p32, p34, p36, p38]
+361: guard_class(p8, ConstClass(W_IntObject), descr=<Guard0x1007127b0>) [i2, i1, i0, p4, p3, p8, p10, p12, p14, p16, p18, p20, p22, p24, p26, p28, p30, p32, p34, p36, p38]
+373: i43 = getfield_gc_pure(p8, descr=<FieldS pyrlang.interpreter.datatypes.number.W_IntObject.inst_intval 8>)
+377: i45 = int_eq(i43, 0)
guard_false(i45, descr=<Guard0x100712758>) [i2, i1, i0, p4, p3, p8, p10, p12, p14, p16, p18, p20, p22, p24, p26, p28, p30, p32, p34, p36, p38]
debug_merge_point(0, 0, '7 label 3')
debug_merge_point(0, 0, '8 allocate_zero 1. 1')
+387: i46 = getfield_gc(p39, descr=<FieldS pyrlang.interpreter.register.Y_Register.inst_val_top 40>)
+391: i48 = int_add(i46, 1)
+395: i49 = getfield_gc(p39, descr=<FieldS pyrlang.interpreter.register.Y_Register.inst_val_size 32>)
+399: setfield_gc(p39, i48, descr=<FieldS pyrlang.interpreter.register.Y_Register.inst_val_top 40>)
+403: i50 = int_ge(i48, i49)
guard_false(i50, descr=<Guard0x100712700>) [i2, i1, i0, p4, p3, i48, i49, p39, p8, p10, p12, p14, p16, p18, p20, p22, p24, p26, p28, p30, p32, p34, p36, p38]
+412: p51 = getfield_gc(p39, descr=<FieldP pyrlang.interpreter.register.Y_Register.inst_vals 48>)
+416: i53 = int_lt(i48, 0)
guard_false(i53, descr=<Guard0x1007126a8>) [i2, i1, i0, p4, p3, i48, p51, p39, p8, p10, p12, p14, p16, p18, p20, p22, p24, p26, p28, p30, p32, p34, p36, p38]
+426: setarrayitem_gc(p51, i48, ConstPtr(ptr54), descr=<ArrayP 8>)
debug_merge_point(0, 0, '9 line 2')
debug_merge_point(0, 0, '10 gc_bif2 L0. 1. 0. x(0). #1. x(1)')
+441: i56 = int_sub_ovf(i43, 1)
guard_no_overflow(descr=<Guard0x100712650>) [i2, i1, i0, p4, p3, i56, p8, p10, p12, p14, p16, p18, p20, p22, p24, p26, p28, p30, p32, p34, p36, p38]
debug_merge_point(0, 0, '11 move x(0). y(0)')
+492: setarrayitem_gc(p51, i48, p8, descr=<ArrayP 8>)
debug_merge_point(0, 0, '12 move x(1). x(0)')
debug_merge_point(0, 0, '13 line 2')
debug_merge_point(0, 0, '14 call 1. L2')
+497: i58 = int_eq(15, i0)
+513: i59 = getfield_gc(p39, descr=<FieldS pyrlang.interpreter.register.Y_Register.inst_addr_top 16>)
+517: i61 = int_add(i59, 1)
+521: i62 = getfield_gc(p39, descr=<FieldS pyrlang.interpreter.register.Y_Register.inst_addr_size 8>)
+525: setfield_gc(p39, i61, descr=<FieldS pyrlang.interpreter.register.Y_Register.inst_addr_top 16>)
+529: i63 = int_ge(i61, i62)
guard_false(i63, descr=<Guard0x1007125f8>) [i58, i0, i2, i1, p4, p3, i62, p39, p12, p14, p16, p18, p20, p22, p24, p26, p28, p30, p32, p34, p36, p38, i56]
+538: p64 = getfield_gc(p39, descr=<FieldP pyrlang.interpreter.register.Y_Register.inst_addrs 24>)
+542: i66 = int_lt(i61, 0)
guard_false(i66, descr=<Guard0x1007125a0>) [i58, i0, i2, i1, p4, p3, i61, p64, p12, p14, p16, p18, p20, p22, p24, p26, p28, p30, p32, p34, p36, p38, i56]
+595: setarrayitem_gc(p64, i61, ConstPtr(ptr67), descr=<ArrayP 8>)
+610: i69 = int_sub(i1, 1)
+621: guard_true(i2, descr=<Guard0x100712548>) [i58, i0, i69, p4, p3, p12, p14, p16, p18, p20, p22, p24, p26, p28, p30, p32, p34, p36, p38, i56]
+637: guard_true(i58, descr=<Guard0x1007124f0>) [i0, i69, p4, p3, p12, p14, p16, p18, p20, p22, p24, p26, p28, p30, p32, p34, p36, p38, i56]
debug_merge_point(0, 0, '3 label 2')
+646: p70 = same_as(p39)
+649: label(i69, p3, p4, p39, i56, p12, p14, p16, p18, p20, p22, p24, p26, p28, p30, p32, p34, p36, p38, i48, p70, i49, p51, i61, i62, p64, descr=TargetToken(4302389352))
debug_merge_point(0, 0, '3 label 2')
debug_merge_point(0, 0, '4 is_eq_exact L3. x(0). #0')
+669: i71 = int_eq(i56, 0)
guard_false(i71, descr=<Guard0x100712498>) [i69, p4, p3, p12, p14, p16, p18, p20, p22, p24, p26, p28, p30, p32, p34, p36, p38, i56]
debug_merge_point(0, 0, '7 label 3')
debug_merge_point(0, 0, '8 allocate_zero 1. 1')
+679: i72 = int_add(i48, 1)
+683: setfield_gc(p70, i72, descr=<FieldS pyrlang.interpreter.register.Y_Register.inst_val_top 40>)
+687: i73 = int_ge(i72, i49)
guard_false(i73, descr=<Guard0x100712440>) [i69, p4, p3, i72, i49, p70, p12, p14, p16, p18, p20, p22, p24, p26, p28, p30, p32, p34, p36, p38, i56]
+696: i74 = int_lt(i72, 0)
guard_false(i74, descr=<Guard0x1007123e8>) [i69, p4, p3, i72, p51, p70, p12, p14, p16, p18, p20, p22, p24, p26, p28, p30, p32, p34, p36, p38, i56]
+706: setarrayitem_gc(p51, i72, ConstPtr(ptr54), descr=<ArrayP 8>)
debug_merge_point(0, 0, '9 line 2')
debug_merge_point(0, 0, '10 gc_bif2 L0. 1. 0. x(0). #1. x(1)')
+721: i75 = int_sub_ovf(i56, 1)
guard_no_overflow(descr=<Guard0x100712390>) [i69, p4, p3, i75, p12, p14, p16, p18, p20, p22, p24, p26, p28, p30, p32, p34, p36, p38, i56]
debug_merge_point(0, 0, '11 move x(0). y(0)')
p77 = new_with_vtable(ConstClass(W_IntObject))
+820: setfield_gc(p77, i56, descr=<FieldS pyrlang.interpreter.datatypes.number.W_IntObject.inst_intval 8>)
+865: setarrayitem_gc(p51, i72, p77, descr=<ArrayP 8>)
debug_merge_point(0, 0, '12 move x(1). x(0)')
debug_merge_point(0, 0, '13 line 2')
debug_merge_point(0, 0, '14 call 1. L2')
+870: i78 = int_add(i61, 1)
+874: setfield_gc(p70, i78, descr=<FieldS pyrlang.interpreter.register.Y_Register.inst_addr_top 16>)
+878: i79 = int_ge(i78, i62)
guard_false(i79, descr=<Guard0x100712338>) [i69, p4, p3, i62, p70, p12, p14, p16, p18, p20, p22, p24, p26, p28, p30, p32, p34, p36, p38, i75]
+887: i80 = int_lt(i78, 0)
guard_false(i80, descr=<Guard0x1007122e0>) [i69, p4, p3, i78, p64, p12, p14, p16, p18, p20, p22, p24, p26, p28, p30, p32, p34, p36, p38, i75]
+940: setarrayitem_gc(p64, i78, ConstPtr(ptr81), descr=<ArrayP 8>)
+955: i82 = int_sub(i69, 1)
debug_merge_point(0, 0, '3 label 2')
+959: jump(i82, p3, p4, p70, i75, p12, p14, p16, p18, p20, p22, p24, p26, p28, p30, p32, p34, p36, p38, i72, p70, i49, p51, i78, i62, p64, descr=TargetToken(4302389352))
+992: --end of the loop--
[27f426c7611040] jit-log-opt-loop}
[27f426c850c9f5] {jit-log-opt-loop
# Loop 1 (15 test_heap 2, 1) : loop with 75 ops
[i0, i1, i2, p3, p4, p5]
+134: p6 = getfield_gc(p4, descr=<FieldP pyrlang.interpreter.register.X_Register.inst_regs 16>)
+145: p8 = getarrayitem_gc(p6, 0, descr=<ArrayP 8>)
+149: p10 = getarrayitem_gc(p6, 1, descr=<ArrayP 8>)
+153: p12 = getarrayitem_gc(p6, 2, descr=<ArrayP 8>)
+157: p14 = getarrayitem_gc(p6, 3, descr=<ArrayP 8>)
+161: p16 = getarrayitem_gc(p6, 4, descr=<ArrayP 8>)
+165: p18 = getarrayitem_gc(p6, 5, descr=<ArrayP 8>)
+169: p20 = getarrayitem_gc(p6, 6, descr=<ArrayP 8>)
+173: p22 = getarrayitem_gc(p6, 7, descr=<ArrayP 8>)
+177: p24 = getarrayitem_gc(p6, 8, descr=<ArrayP 8>)
+181: p26 = getarrayitem_gc(p6, 9, descr=<ArrayP 8>)
+185: p28 = getarrayitem_gc(p6, 10, descr=<ArrayP 8>)
+189: p30 = getarrayitem_gc(p6, 11, descr=<ArrayP 8>)
+193: p32 = getarrayitem_gc(p6, 12, descr=<ArrayP 8>)
+204: p34 = getarrayitem_gc(p6, 13, descr=<ArrayP 8>)
+215: p36 = getarrayitem_gc(p6, 14, descr=<ArrayP 8>)
+229: p38 = getarrayitem_gc(p6, 15, descr=<ArrayP 8>)
+243: label(i0, i1, i2, p3, p4, p5, p8, p10, p12, p14, p16, p18, p20, p22, p24, p26, p28, p30, p32, p34, p36, p38, descr=TargetToken(4302389712))
debug_merge_point(0, 0, '15 test_heap 2. 1')
+333: p39 = getfield_gc(p3, descr=<FieldP pyrlang.interpreter.interp.Process.inst_y_reg 80>)
debug_merge_point(0, 0, '16 put_list y(0). x(0). x(0)')
+344: i40 = getfield_gc(p39, descr=<FieldS pyrlang.interpreter.register.Y_Register.inst_val_top 40>)
+348: p41 = getfield_gc(p39, descr=<FieldP pyrlang.interpreter.register.Y_Register.inst_vals 48>)
+352: p42 = getarrayitem_gc(p41, i40, descr=<ArrayP 8>)
+357: p43 = getfield_gc(p3, descr=<FieldP pyrlang.interpreter.interp.Process.inst_x_reg 72>)
+361: i44 = ptr_eq(p43, p4)
guard_true(i44, descr=<Guard0x100712968>) [i2, i1, i0, p4, p3, p42, p43, p8, p10, p12, p14, p16, p18, p20, p22, p24, p26, p28, p30, p32, p34, p36, p38]
+374: guard_nonnull_class(p42, ConstClass(W_IntObject), descr=<Guard0x100712e38>) [i2, i1, i0, p4, p3, p42, p8, p10, p12, p14, p16, p18, p20, p22, p24, p26, p28, p30, p32, p34, p36, p38]
+392: guard_nonnull_class(p8, 4298134864, descr=<Guard0x100712de0>) [i2, i1, i0, p4, p3, p42, p8, p10, p12, p14, p16, p18, p20, p22, p24, p26, p28, p30, p32, p34, p36, p38]
debug_merge_point(0, 0, '17 deallocate 1')
+410: i48 = int_sub(i40, 1)
debug_merge_point(0, 0, '18 return ')
+414: i49 = getfield_gc(p39, descr=<FieldS pyrlang.interpreter.register.Y_Register.inst_addr_top 16>)
+418: setfield_gc(p39, i48, descr=<FieldS pyrlang.interpreter.register.Y_Register.inst_val_top 40>)
+422: i51 = int_eq(i49, -1)
guard_false(i51, descr=<Guard0x100712d88>) [i0, i2, i1, p39, p4, p3, p10, p12, p14, p16, p18, p20, p22, p24, p26, p28, p30, p32, p34, p36, p38, p8, p42]
+432: p52 = getfield_gc(p39, descr=<FieldP pyrlang.interpreter.register.Y_Register.inst_addrs 24>)
+436: i54 = int_lt(i49, 0)
guard_false(i54, descr=<Guard0x100712d30>) [i49, i0, i2, i1, p39, p52, p4, p3, p10, p12, p14, p16, p18, p20, p22, p24, p26, p28, p30, p32, p34, p36, p38, p8, p42]
+446: p55 = getarrayitem_gc(p52, i49, descr=<ArrayP 8>)
+451: i57 = int_sub(i49, 1)
+455: p58 = getfield_gc_pure(p55, descr=<FieldP tuple2.item0 8>)
+459: i59 = getfield_gc_pure(p55, descr=<FieldS tuple2.item1 16>)
+463: setfield_gc(p39, i57, descr=<FieldS pyrlang.interpreter.register.Y_Register.inst_addr_top 16>)
+467: i61 = int_eq(19, i0)
guard_true(i61, descr=<Guard0x100712cd8>) [i0, i2, i1, i59, p4, p3, p58, p10, p12, p14, p16, p18, p20, p22, p24, p26, p28, p30, p32, p34, p36, p38, p8, p42]
+481: guard_value(i59, 15, descr=<Guard0x100712c80>) [i2, i1, i59, p39, p4, p3, p58, p10, p12, p14, p16, p18, p20, p22, p24, p26, p28, p30, p32, p34, p36, p38, p8, p42]
+491: guard_value(p58, ConstPtr(ptr63), descr=<Guard0x100712c28>) [i2, i1, p39, p4, p3, p58, p10, p12, p14, p16, p18, p20, p22, p24, p26, p28, p30, p32, p34, p36, p38, p8, p42]
debug_merge_point(0, 0, '15 test_heap 2. 1')
+510: p64 = same_as(p39)
+513: label(i1, i2, p3, p4, p39, p42, p8, p10, p12, p14, p16, p18, p20, p22, p24, p26, p28, p30, p32, p34, p36, p38, p41, i48, p64, i57, p52, descr=TargetToken(4302389784))
debug_merge_point(0, 0, '15 test_heap 2. 1')
debug_merge_point(0, 0, '16 put_list y(0). x(0). x(0)')
+541: p65 = getarrayitem_gc(p41, i48, descr=<ArrayP 8>)
+546: guard_nonnull_class(p65, ConstClass(W_IntObject), descr=<Guard0x100712bd0>) [i2, i1, p4, p3, p65, p10, p12, p14, p16, p18, p20, p22, p24, p26, p28, p30, p32, p34, p36, p38, p8, p42]
debug_merge_point(0, 0, '17 deallocate 1')
+564: i66 = int_sub(i48, 1)
debug_merge_point(0, 0, '18 return ')
+568: setfield_gc(p64, i66, descr=<FieldS pyrlang.interpreter.register.Y_Register.inst_val_top 40>)
+572: i67 = int_eq(i57, -1)
guard_false(i67, descr=<Guard0x100712b78>) [i2, i1, p64, p4, p3, p10, p12, p14, p16, p18, p20, p22, p24, p26, p28, p30, p32, p34, p36, p38, p65, p8, p42]
+582: i68 = int_lt(i57, 0)
guard_false(i68, descr=<Guard0x100712b20>) [i57, i2, i1, p64, p52, p4, p3, p10, p12, p14, p16, p18, p20, p22, p24, p26, p28, p30, p32, p34, p36, p38, p65, p8, p42]
+592: p69 = getarrayitem_gc(p52, i57, descr=<ArrayP 8>)
+597: i70 = int_sub(i57, 1)
+602: p71 = getfield_gc_pure(p69, descr=<FieldP tuple2.item0 8>)
+606: i72 = getfield_gc_pure(p69, descr=<FieldS tuple2.item1 16>)
+610: setfield_gc(p64, i70, descr=<FieldS pyrlang.interpreter.register.Y_Register.inst_addr_top 16>)
+614: guard_value(i72, 15, descr=<Guard0x100712ac8>) [i2, i1, i72, p64, p4, p3, p71, p10, p12, p14, p16, p18, p20, p22, p24, p26, p28, p30, p32, p34, p36, p38, p65, p8, p42]
+624: guard_value(p71, ConstPtr(ptr63), descr=<Guard0x100712a70>) [i2, i1, p64, p4, p3, p71, p10, p12, p14, p16, p18, p20, p22, p24, p26, p28, p30, p32, p34, p36, p38, p65, p8, p42]
debug_merge_point(0, 0, '15 test_heap 2. 1')
p74 = new_with_vtable(4298134864)
+729: setfield_gc(p74, p42, descr=<FieldP pyrlang.interpreter.datatypes.list.W_ListObject.inst_left 8>)
+733: setfield_gc(p74, p8, descr=<FieldP pyrlang.interpreter.datatypes.list.W_ListObject.inst_right 16>)
+737: jump(i1, i2, p3, p4, p64, p65, p74, p10, p12, p14, p16, p18, p20, p22, p24, p26, p28, p30, p32, p34, p36, p38, p41, i66, p64, i70, p52, descr=TargetToken(4302389784))
+768: --end of the loop--
[27f426c8587728] jit-log-opt-loop}
[27f426c92b9af6] {jit-log-opt-loop
# Loop 2 (63 label 14) : loop with 82 ops
[i0, i1, i2, p3, p4, p5]
+134: p6 = getfield_gc(p4, descr=<FieldP pyrlang.interpreter.register.X_Register.inst_regs 16>)
+145: p8 = getarrayitem_gc(p6, 0, descr=<ArrayP 8>)
+149: p10 = getarrayitem_gc(p6, 1, descr=<ArrayP 8>)
+153: p12 = getarrayitem_gc(p6, 2, descr=<ArrayP 8>)
+157: p14 = getarrayitem_gc(p6, 3, descr=<ArrayP 8>)
+161: p16 = getarrayitem_gc(p6, 4, descr=<ArrayP 8>)
+165: p18 = getarrayitem_gc(p6, 5, descr=<ArrayP 8>)
+169: p20 = getarrayitem_gc(p6, 6, descr=<ArrayP 8>)
+173: p22 = getarrayitem_gc(p6, 7, descr=<ArrayP 8>)
+177: p24 = getarrayitem_gc(p6, 8, descr=<ArrayP 8>)
+181: p26 = getarrayitem_gc(p6, 9, descr=<ArrayP 8>)
+185: p28 = getarrayitem_gc(p6, 10, descr=<ArrayP 8>)
+189: p30 = getarrayitem_gc(p6, 11, descr=<ArrayP 8>)
+193: p32 = getarrayitem_gc(p6, 12, descr=<ArrayP 8>)
+204: p34 = getarrayitem_gc(p6, 13, descr=<ArrayP 8>)
+215: p36 = getarrayitem_gc(p6, 14, descr=<ArrayP 8>)
+229: p38 = getarrayitem_gc(p6, 15, descr=<ArrayP 8>)
+243: label(i0, i1, i2, p3, p4, p5, p8, p10, p12, p14, p16, p18, p20, p22, p24, p26, p28, p30, p32, p34, p36, p38, descr=TargetToken(4302390072))
debug_merge_point(0, 0, '63 label 14')
+333: p39 = getfield_gc(p3, descr=<FieldP pyrlang.interpreter.interp.Process.inst_y_reg 80>)
debug_merge_point(0, 0, '64 is_nonempty_list L16. x(0)')
+344: p40 = getfield_gc(p3, descr=<FieldP pyrlang.interpreter.interp.Process.inst_x_reg 72>)
+348: i41 = ptr_eq(p40, p4)
guard_true(i41, descr=<Guard0x1007130f8>) [i2, i1, i0, p4, p3, p40, p8, p10, p12, p14, p16, p18, p20, p22, p24, p26, p28, p30, p32, p34, p36, p38]
+361: guard_nonnull_class(p8, 4298134864, descr=<Guard0x100713518>) [i2, i1, i0, p4, p3, p8, p10, p12, p14, p16, p18, p20, p22, p24, p26, p28, p30, p32, p34, p36, p38]
debug_merge_point(0, 0, '65 get_list x(0). x(3). x(4)')
+379: p43 = getfield_gc_pure(p8, descr=<FieldP pyrlang.interpreter.datatypes.list.W_ListObject.inst_left 8>)
+383: p44 = getfield_gc_pure(p8, descr=<FieldP pyrlang.interpreter.datatypes.list.W_ListObject.inst_right 16>)
debug_merge_point(0, 0, '66 is_nonempty_list L15. x(4)')
+387: guard_nonnull_class(p44, 4298134864, descr=<Guard0x1007134c0>) [i2, i1, i0, p4, p3, p44, p8, p10, p12, p43, p18, p20, p22, p24, p26, p28, p30, p32, p34, p36, p38]
debug_merge_point(0, 0, '67 get_list x(4). x(5). x(6)')
+407: p46 = getfield_gc_pure(p44, descr=<FieldP pyrlang.interpreter.datatypes.list.W_ListObject.inst_left 8>)
+412: p47 = getfield_gc_pure(p44, descr=<FieldP pyrlang.interpreter.datatypes.list.W_ListObject.inst_right 16>)
debug_merge_point(0, 0, '68 is_lt L15. x(5). x(3)')
+417: guard_class(p46, ConstClass(W_IntObject), descr=<Guard0x100713468>) [i2, i1, i0, p4, p3, p43, p46, p8, p10, p12, p44, p47, p22, p24, p26, p28, p30, p32, p34, p36, p38]
+429: guard_nonnull_class(p43, ConstClass(W_IntObject), descr=<Guard0x100713410>) [i2, i1, i0, p4, p3, p43, p46, p8, p10, p12, p44, p47, p22, p24, p26, p28, p30, p32, p34, p36, p38]
+449: i50 = getfield_gc_pure(p46, descr=<FieldS pyrlang.interpreter.datatypes.number.W_IntObject.inst_intval 8>)
+453: i51 = getfield_gc_pure(p43, descr=<FieldS pyrlang.interpreter.datatypes.number.W_IntObject.inst_intval 8>)
+457: i52 = int_lt(i50, i51)
guard_true(i52, descr=<Guard0x1007133b8>) [i2, i1, i0, p4, p3, p8, p10, p12, p43, p44, p46, p47, p22, p24, p26, p28, p30, p32, p34, p36, p38]
debug_merge_point(0, 0, '69 test_heap 4. 7')
debug_merge_point(0, 0, '70 put_list x(3). x(6). x(0)')
+466: guard_nonnull_class(p47, 4298134864, descr=<Guard0x100713360>) [i2, i1, i0, p4, p3, p43, p47, p8, p10, p12, p44, p46, p22, p24, p26, p28, p30, p32, p34, p36, p38]
debug_merge_point(0, 0, '71 put_list x(5). x(1). x(1)')
+485: guard_nonnull_class(p10, 4298134864, descr=<Guard0x100713308>) [i2, i1, i0, p4, p3, p46, p10, p12, p43, p44, p47, p22, p24, p26, p28, p30, p32, p34, p36, p38]
debug_merge_point(0, 0, '72 move false. x(2)')
+503: p56 = getfield_gc(ConstPtr(ptr55), descr=<FieldP list.items 16>)
+516: p58 = getarrayitem_gc(p56, 2, descr=<ArrayP 8>)
debug_merge_point(0, 0, '73 call_only 3. L14')
+520: i60 = int_sub(i1, 1)
+531: guard_true(i2, descr=<Guard0x1007132b0>) [i60, i0, p4, p3, p58, p43, p44, p46, p47, p22, p24, p26, p28, p30, p32, p34, p36, p38, p10]
debug_merge_point(0, 0, '63 label 14')
+547: p61 = same_as(p39)
+550: p62 = same_as(p47)
+550: p63 = same_as(p46)
+550: p64 = same_as(p58)
+553: label(i0, i60, p3, p4, p39, p43, p47, p46, p10, p58, p44, p22, p24, p26, p28, p30, p32, p34, p36, p38, i51, p56, p61, p64, descr=TargetToken(4302390144))
debug_merge_point(0, 0, '63 label 14')
debug_merge_point(0, 0, '64 is_nonempty_list L16. x(0)')
debug_merge_point(0, 0, '65 get_list x(0). x(3). x(4)')
debug_merge_point(0, 0, '66 is_nonempty_list L15. x(4)')
debug_merge_point(0, 0, '67 get_list x(4). x(5). x(6)')
+621: p65 = getfield_gc_pure(p47, descr=<FieldP pyrlang.interpreter.datatypes.list.W_ListObject.inst_left 8>)
+625: p66 = getfield_gc_pure(p47, descr=<FieldP pyrlang.interpreter.datatypes.list.W_ListObject.inst_right 16>)
debug_merge_point(0, 0, '68 is_lt L15. x(5). x(3)')
+629: guard_class(p65, ConstClass(W_IntObject), descr=<Guard0x100713258>) [i60, i0, p4, p3, p43, p65, p58, p47, p66, p22, p24, p26, p28, p30, p32, p34, p36, p38, p10, p46]
+641: i67 = getfield_gc_pure(p65, descr=<FieldS pyrlang.interpreter.datatypes.number.W_IntObject.inst_intval 8>)
+645: i68 = int_lt(i67, i51)
guard_true(i68, descr=<Guard0x100713200>) [i60, i0, p4, p3, p58, p43, p47, p65, p66, p22, p24, p26, p28, p30, p32, p34, p36, p38, p10, p46]
debug_merge_point(0, 0, '69 test_heap 4. 7')
debug_merge_point(0, 0, '70 put_list x(3). x(6). x(0)')
+654: guard_nonnull_class(p66, 4298134864, descr=<Guard0x1007131a8>) [i60, i0, p4, p3, p43, p66, p58, p47, p65, p22, p24, p26, p28, p30, p32, p34, p36, p38, p10, p46]
debug_merge_point(0, 0, '71 put_list x(5). x(1). x(1)')
debug_merge_point(0, 0, '72 move false. x(2)')
debug_merge_point(0, 0, '73 call_only 3. L14')
+672: i69 = int_sub(i60, 1)
debug_merge_point(0, 0, '63 label 14')
p71 = new_with_vtable(4298134864)
+762: i72 = arraylen_gc(p56, descr=<ArrayP 8>)
+762: setfield_gc(p71, p46, descr=<FieldP pyrlang.interpreter.datatypes.list.W_ListObject.inst_left 8>)
+766: setfield_gc(p71, p10, descr=<FieldP pyrlang.interpreter.datatypes.list.W_ListObject.inst_right 16>)
+770: jump(i0, i69, p3, p4, p61, p43, p66, p65, p71, p64, p47, p22, p24, p26, p28, p30, p32, p34, p36, p38, i51, p56, p61, p64, descr=TargetToken(4302390144))
+832: --end of the loop--
[27f426c932c9a0] jit-log-opt-loop}
[27f426c98fb99f] {jit-log-opt-loop
# Loop 3 (28 label 7) : loop with 54 ops
[i0, i1, i2, p3, p4, p5]
+134: p6 = getfield_gc(p4, descr=<FieldP pyrlang.interpreter.register.X_Register.inst_regs 16>)
+145: p8 = getarrayitem_gc(p6, 0, descr=<ArrayP 8>)
+149: p10 = getarrayitem_gc(p6, 1, descr=<ArrayP 8>)
+153: p12 = getarrayitem_gc(p6, 2, descr=<ArrayP 8>)
+157: p14 = getarrayitem_gc(p6, 3, descr=<ArrayP 8>)
+161: p16 = getarrayitem_gc(p6, 4, descr=<ArrayP 8>)
+165: p18 = getarrayitem_gc(p6, 5, descr=<ArrayP 8>)
+169: p20 = getarrayitem_gc(p6, 6, descr=<ArrayP 8>)
+173: p22 = getarrayitem_gc(p6, 7, descr=<ArrayP 8>)
+177: p24 = getarrayitem_gc(p6, 8, descr=<ArrayP 8>)
+181: p26 = getarrayitem_gc(p6, 9, descr=<ArrayP 8>)
+185: p28 = getarrayitem_gc(p6, 10, descr=<ArrayP 8>)
+189: p30 = getarrayitem_gc(p6, 11, descr=<ArrayP 8>)
+193: p32 = getarrayitem_gc(p6, 12, descr=<ArrayP 8>)
+204: p34 = getarrayitem_gc(p6, 13, descr=<ArrayP 8>)
+215: p36 = getarrayitem_gc(p6, 14, descr=<ArrayP 8>)
+229: p38 = getarrayitem_gc(p6, 15, descr=<ArrayP 8>)
+243: label(i0, i1, i2, p3, p4, p5, p8, p10, p12, p14, p16, p18, p20, p22, p24, p26, p28, p30, p32, p34, p36, p38, descr=TargetToken(4302390936))
debug_merge_point(0, 0, '28 label 7')
+333: p39 = getfield_gc(p3, descr=<FieldP pyrlang.interpreter.interp.Process.inst_y_reg 80>)
debug_merge_point(0, 0, '29 is_nonempty_list L8. x(0)')
+344: p40 = getfield_gc(p3, descr=<FieldP pyrlang.interpreter.interp.Process.inst_x_reg 72>)
+348: i41 = ptr_eq(p40, p4)
guard_true(i41, descr=<Guard0x1007136d0>) [i2, i1, i0, p4, p3, p40, p8, p10, p12, p14, p16, p18, p20, p22, p24, p26, p28, p30, p32, p34, p36, p38]
+361: guard_nonnull_class(p8, 4298134864, descr=<Guard0x100713990>) [i2, i1, i0, p4, p3, p8, p10, p12, p14, p16, p18, p20, p22, p24, p26, p28, p30, p32, p34, p36, p38]
debug_merge_point(0, 0, '30 test_heap 2. 2')
debug_merge_point(0, 0, '31 get_list x(0). x(2). x(0)')
+379: p43 = getfield_gc_pure(p8, descr=<FieldP pyrlang.interpreter.datatypes.list.W_ListObject.inst_left 8>)
+383: p44 = getfield_gc_pure(p8, descr=<FieldP pyrlang.interpreter.datatypes.list.W_ListObject.inst_right 16>)
debug_merge_point(0, 0, '32 put_list x(2). x(1). x(1)')
+387: guard_nonnull_class(p43, ConstClass(W_IntObject), descr=<Guard0x100713938>) [i2, i1, i0, p4, p3, p43, p10, p44, p14, p16, p18, p20, p22, p24, p26, p28, p30, p32, p34, p36, p38]
+406: guard_nonnull_class(p10, 4298134864, descr=<Guard0x1007138e0>) [i2, i1, i0, p4, p3, p43, p10, p44, p14, p16, p18, p20, p22, p24, p26, p28, p30, p32, p34, p36, p38]
debug_merge_point(0, 0, '33 call_only 2. L7')
+424: i48 = int_sub(i1, 1)
+435: guard_true(i2, descr=<Guard0x100713888>) [i48, i0, p4, p3, p44, p43, p14, p16, p18, p20, p22, p24, p26, p28, p30, p32, p34, p36, p38, p10]
debug_merge_point(0, 0, '28 label 7')
+451: p49 = same_as(p39)
+454: label(i0, i48, p3, p4, p39, p44, p43, p10, p14, p16, p18, p20, p22, p24, p26, p28, p30, p32, p34, p36, p38, p49, descr=TargetToken(4302391008))
debug_merge_point(0, 0, '28 label 7')
debug_merge_point(0, 0, '29 is_nonempty_list L8. x(0)')
+493: guard_nonnull_class(p44, 4298134864, descr=<Guard0x100713830>) [i48, i0, p4, p3, p44, p43, p14, p16, p18, p20, p22, p24, p26, p28, p30, p32, p34, p36, p38, p10]
debug_merge_point(0, 0, '30 test_heap 2. 2')
debug_merge_point(0, 0, '31 get_list x(0). x(2). x(0)')
+511: p50 = getfield_gc_pure(p44, descr=<FieldP pyrlang.interpreter.datatypes.list.W_ListObject.inst_left 8>)
+515: p51 = getfield_gc_pure(p44, descr=<FieldP pyrlang.interpreter.datatypes.list.W_ListObject.inst_right 16>)
debug_merge_point(0, 0, '32 put_list x(2). x(1). x(1)')
+519: guard_nonnull_class(p50, ConstClass(W_IntObject), descr=<Guard0x1007137d8>) [i48, i0, p4, p3, p50, p51, p14, p16, p18, p20, p22, p24, p26, p28, p30, p32, p34, p36, p38, p43, p10]
debug_merge_point(0, 0, '33 call_only 2. L7')
+537: i52 = int_sub(i48, 1)
debug_merge_point(0, 0, '28 label 7')
p54 = new_with_vtable(4298134864)
+627: setfield_gc(p54, p43, descr=<FieldP pyrlang.interpreter.datatypes.list.W_ListObject.inst_left 8>)
+631: setfield_gc(p54, p10, descr=<FieldP pyrlang.interpreter.datatypes.list.W_ListObject.inst_right 16>)
+635: jump(i0, i52, p3, p4, p49, p51, p50, p54, p14, p16, p18, p20, p22, p24, p26, p28, p30, p32, p34, p36, p38, p49, descr=TargetToken(4302391008))
+672: --end of the loop--
[27f426c994fa0c] jit-log-opt-loop}
[27f426ceaa2493] {jit-log-opt-bridge
# bridge out of Guard 0x1007133b8 with 44 ops
[i0, i1, i2, p3, p4, p5, p6, p7, p8, p9, p10, p11, p12, p13, p14, p15, p16, p17, p18, p19, p20]
+59: p21 = getfield_gc(p4, descr=<FieldP pyrlang.interpreter.interp.Process.inst_y_reg 80>)
debug_merge_point(0, 0, '74 label 15')
debug_merge_point(0, 0, '75 test_heap 2. 5')
debug_merge_point(0, 0, '76 put_list x(3). x(1). x(1)')
+63: p22 = getfield_gc(p4, descr=<FieldP pyrlang.interpreter.interp.Process.inst_x_reg 72>)
+67: i23 = ptr_eq(p22, p3)
guard_true(i23, descr=<Guard0x100713af0>) [i0, i1, i2, p3, p4, p22, p5, p6, p7, p8, p9, p10, p11, p12, p13, p14, p15, p16, p17, p18, p19, p20]
+80: guard_nonnull_class(p8, ConstClass(W_IntObject), descr=<Guard0x100713eb8>) [i0, i1, i2, p3, p4, p8, p6, p5, p7, p9, p10, p11, p12, p13, p14, p15, p16, p17, p18, p19, p20]
+100: guard_nonnull_class(p6, 4298134864, descr=<Guard0x100713e60>) [i0, i1, i2, p3, p4, p8, p6, p5, p7, p9, p10, p11, p12, p13, p14, p15, p16, p17, p18, p19, p20]
debug_merge_point(0, 0, '77 move x(4). x(0)')
debug_merge_point(0, 0, '78 call_only 3. L14')
+118: i27 = int_sub(i1, 1)
+129: guard_true(i0, descr=<Guard0x100713e08>) [i27, i2, p3, p4, p9, p7, p8, p10, p11, p12, p13, p14, p15, p16, p17, p18, p19, p20, p6]
debug_merge_point(0, 0, '63 label 14')
+145: p28 = same_as(p21)
+148: label(i2, i27, p4, p3, p21, p9, p8, p6, p7, p10, p11, p12, p13, p14, p15, p16, p17, p18, p19, p20, p28, descr=TargetToken(4302391512))
debug_merge_point(0, 0, '64 is_nonempty_list L16. x(0)')
+205: guard_nonnull_class(p9, 4298134864, descr=<Guard0x100713db0>) [i27, i2, p3, p4, p9, p7, p8, p10, p11, p12, p13, p14, p15, p16, p17, p18, p19, p20, p6]
debug_merge_point(0, 0, '65 get_list x(0). x(3). x(4)')
+225: p30 = getfield_gc_pure(p9, descr=<FieldP pyrlang.interpreter.datatypes.list.W_ListObject.inst_left 8>)
+230: p31 = getfield_gc_pure(p9, descr=<FieldP pyrlang.interpreter.datatypes.list.W_ListObject.inst_right 16>)
debug_merge_point(0, 0, '66 is_nonempty_list L15. x(4)')
+235: guard_nonnull_class(p31, 4298134864, descr=<Guard0x100713d58>) [i27, i2, p3, p4, p31, p9, p7, p30, p10, p11, p12, p13, p14, p15, p16, p17, p18, p19, p20, p8, p6]
debug_merge_point(0, 0, '67 get_list x(4). x(5). x(6)')
+254: p33 = getfield_gc_pure(p31, descr=<FieldP pyrlang.interpreter.datatypes.list.W_ListObject.inst_left 8>)
+258: p34 = getfield_gc_pure(p31, descr=<FieldP pyrlang.interpreter.datatypes.list.W_ListObject.inst_right 16>)
debug_merge_point(0, 0, '68 is_lt L15. x(5). x(3)')
+262: guard_class(p33, ConstClass(W_IntObject), descr=<Guard0x100713d00>) [i27, i2, p3, p4, p30, p33, p9, p7, p31, p34, p12, p13, p14, p15, p16, p17, p18, p19, p20, p8, p6]
+274: guard_nonnull_class(p30, ConstClass(W_IntObject), descr=<Guard0x100713ca8>) [i27, i2, p3, p4, p30, p33, p9, p7, p31, p34, p12, p13, p14, p15, p16, p17, p18, p19, p20, p8, p6]
+293: i37 = getfield_gc_pure(p33, descr=<FieldS pyrlang.interpreter.datatypes.number.W_IntObject.inst_intval 8>)
+297: i38 = getfield_gc_pure(p30, descr=<FieldS pyrlang.interpreter.datatypes.number.W_IntObject.inst_intval 8>)
+301: i39 = int_lt(i37, i38)
guard_false(i39, descr=<Guard0x100713c50>) [i27, i2, p3, p4, p9, p7, p30, p31, p33, p34, p12, p13, p14, p15, p16, p17, p18, p19, p20, p8, p6]
debug_merge_point(0, 0, '74 label 15')
debug_merge_point(0, 0, '75 test_heap 2. 5')
debug_merge_point(0, 0, '76 put_list x(3). x(1). x(1)')
debug_merge_point(0, 0, '77 move x(4). x(0)')
debug_merge_point(0, 0, '78 call_only 3. L14')
+310: i41 = int_sub(i27, 1)
debug_merge_point(0, 0, '63 label 14')
p43 = new_with_vtable(4298134864)
+393: setfield_gc(p43, p8, descr=<FieldP pyrlang.interpreter.datatypes.list.W_ListObject.inst_left 8>)
+397: setfield_gc(p43, p6, descr=<FieldP pyrlang.interpreter.datatypes.list.W_ListObject.inst_right 16>)
+401: jump(i2, i41, p4, p3, p28, p31, p30, p43, p7, p33, p34, p12, p13, p14, p15, p16, p17, p18, p19, p20, p28, descr=TargetToken(4302391512))
+448: --end of the loop--
[27f426ceaeeb72] jit-log-opt-bridge}
[27f426ebea5e0a] {jit-log-opt-bridge
# bridge out of Guard 0x1007138e0 with 15 ops
[i0, i1, i2, p3, p4, p5, p6, p7, p8, p9, p10, p11, p12, p13, p14, p15, p16, p17, p18, p19, p20]
+59: guard_nonnull_class(p6, ConstClass(W_NilObject), descr=<Guard0x100712860>) [i0, i1, i2, p3, p4, p5, p6, p7, p8, p9, p10, p11, p12, p13, p14, p15, p16, p17, p18, p19, p20]
+77: p22 = getfield_gc(p4, descr=<FieldP pyrlang.interpreter.interp.Process.inst_x_reg 72>)
+81: i23 = ptr_eq(p22, p3)
guard_true(i23, descr=<Guard0x100712e90>) [i0, i1, i2, p3, p4, p22, p7, p6, p5, p8, p9, p10, p11, p12, p13, p14, p15, p16, p17, p18, p19, p20]
+94: p24 = getfield_gc(p4, descr=<FieldP pyrlang.interpreter.interp.Process.inst_y_reg 80>)
debug_merge_point(0, 0, '33 call_only 2. L7')
+98: i26 = int_sub(i1, 1)
+109: guard_true(i0, descr=<Guard0x100712a18>) [i26, i2, p3, p4, p7, p5, p8, p9, p10, p11, p12, p13, p14, p15, p16, p17, p18, p19, p20, p6]
debug_merge_point(0, 0, '28 label 7')
+125: p27 = same_as(p24)
+125: label(i2, i26, p4, p3, p24, p7, p5, p6, p8, p9, p10, p11, p12, p13, p14, p15, p16, p17, p18, p19, p20, descr=TargetToken(4302389424))
p29 = new_with_vtable(4298134864)
+252: setfield_gc(p29, p5, descr=<FieldP pyrlang.interpreter.datatypes.list.W_ListObject.inst_left 8>)
+256: setfield_gc(p29, p6, descr=<FieldP pyrlang.interpreter.datatypes.list.W_ListObject.inst_right 16>)
+260: jump(i2, i26, 1, p4, p3, p24, p7, p29, p5, p8, p9, p10, p11, p12, p13, p14, p15, p16, p17, p18, p19, p20, descr=TargetToken(4302390936))
+304: --end of the loop--
[27f426ebeee9e2] jit-log-opt-bridge}
[27f426f9256a95] {jit-log-opt-bridge
# bridge out of Guard 0x100713200 with 42 ops
[i0, i1, p2, p3, p4, p5, p6, p7, p8, p9, p10, p11, p12, p13, p14, p15, p16, p17, p18, p19]
+59: p20 = getfield_gc(p3, descr=<FieldP pyrlang.interpreter.interp.Process.inst_y_reg 80>)
debug_merge_point(0, 0, '74 label 15')
debug_merge_point(0, 0, '75 test_heap 2. 5')
debug_merge_point(0, 0, '76 put_list x(3). x(1). x(1)')
+70: p21 = getfield_gc(p3, descr=<FieldP pyrlang.interpreter.interp.Process.inst_x_reg 72>)
+74: i22 = ptr_eq(p21, p2)
guard_true(i22, descr=<Guard0x100712288>) [i0, i1, p2, p3, p21, p4, p5, p6, p7, p8, p9, p10, p11, p12, p13, p14, p15, p16, p17, p18, p19]
+87: guard_nonnull_class(p5, ConstClass(W_IntObject), descr=<Guard0x1007121d8>) [i0, i1, p2, p3, p5, p4, p6, p7, p8, p9, p10, p11, p12, p13, p14, p15, p16, p17, p18, p19]
debug_merge_point(0, 0, '77 move x(4). x(0)')
debug_merge_point(0, 0, '78 call_only 3. L14')
+114: i25 = int_sub(i0, 1)
debug_merge_point(0, 0, '63 label 14')
+118: p26 = same_as(p20)
+121: label(i1, i25, p3, p2, p20, p6, p5, p19, p18, p4, p7, p8, p9, p10, p11, p12, p13, p14, p15, p16, p17, p26, descr=TargetToken(4302389568))
debug_merge_point(0, 0, '64 is_nonempty_list L16. x(0)')
+173: guard_nonnull_class(p6, 4298134864, descr=<Guard0x100712f40>) [i25, i1, p2, p3, p6, p4, p5, p7, p8, p9, p10, p11, p12, p13, p14, p15, p16, p17, p18, p19]
debug_merge_point(0, 0, '65 get_list x(0). x(3). x(4)')
+192: p28 = getfield_gc_pure(p6, descr=<FieldP pyrlang.interpreter.datatypes.list.W_ListObject.inst_left 8>)
+196: p29 = getfield_gc_pure(p6, descr=<FieldP pyrlang.interpreter.datatypes.list.W_ListObject.inst_right 16>)
debug_merge_point(0, 0, '66 is_nonempty_list L15. x(4)')
+200: guard_nonnull_class(p29, 4298134864, descr=<Guard0x100713570>) [i25, i1, p2, p3, p29, p6, p4, p28, p7, p8, p9, p10, p11, p12, p13, p14, p15, p16, p17, p5, p18, p19]
debug_merge_point(0, 0, '67 get_list x(4). x(5). x(6)')
+218: p31 = getfield_gc_pure(p29, descr=<FieldP pyrlang.interpreter.datatypes.list.W_ListObject.inst_left 8>)
+222: p32 = getfield_gc_pure(p29, descr=<FieldP pyrlang.interpreter.datatypes.list.W_ListObject.inst_right 16>)
debug_merge_point(0, 0, '68 is_lt L15. x(5). x(3)')
+226: guard_class(p31, ConstClass(W_IntObject), descr=<Guard0x100713150>) [i25, i1, p2, p3, p28, p31, p6, p4, p29, p32, p9, p10, p11, p12, p13, p14, p15, p16, p17, p5, p18, p19]
+238: guard_nonnull_class(p28, ConstClass(W_IntObject), descr=<Guard0x100713048>) [i25, i1, p2, p3, p28, p31, p6, p4, p29, p32, p9, p10, p11, p12, p13, p14, p15, p16, p17, p5, p18, p19]
+256: i35 = getfield_gc_pure(p31, descr=<FieldS pyrlang.interpreter.datatypes.number.W_IntObject.inst_intval 8>)
+260: i36 = getfield_gc_pure(p28, descr=<FieldS pyrlang.interpreter.datatypes.number.W_IntObject.inst_intval 8>)
+264: i37 = int_lt(i35, i36)
guard_false(i37, descr=<Guard0x100712ff0>) [i25, i1, p2, p3, p6, p4, p28, p29, p31, p32, p9, p10, p11, p12, p13, p14, p15, p16, p17, p5, p18, p19]
debug_merge_point(0, 0, '74 label 15')
debug_merge_point(0, 0, '75 test_heap 2. 5')
debug_merge_point(0, 0, '76 put_list x(3). x(1). x(1)')
debug_merge_point(0, 0, '77 move x(4). x(0)')
debug_merge_point(0, 0, '78 call_only 3. L14')
+273: i39 = int_sub(i25, 1)
debug_merge_point(0, 0, '63 label 14')
p41 = new_with_vtable(4298134864)
+371: setfield_gc(p41, p19, descr=<FieldP pyrlang.interpreter.datatypes.list.W_ListObject.inst_left 8>)
+375: setfield_gc(p41, p18, descr=<FieldP pyrlang.interpreter.datatypes.list.W_ListObject.inst_right 16>)
+379: jump(i1, i39, p3, p2, p26, p29, p28, p5, p41, p4, p31, p32, p9, p10, p11, p12, p13, p14, p15, p16, p17, p26, descr=TargetToken(4302389568))
+448: --end of the loop--
[27f426f92bd89e] jit-log-opt-bridge}
[27f426fb1a4ad7] {jit-log-opt-bridge
# bridge out of Guard 0x100713830 with 38 ops
[i0, i1, p2, p3, p4, p5, p6, p7, p8, p9, p10, p11, p12, p13, p14, p15, p16, p17, p18, p19]
+59: guard_nonnull_class(p4, ConstClass(W_NilObject), descr=<Guard0x100713b48>) [i0, i1, p2, p3, p4, p5, p6, p7, p8, p9, p10, p11, p12, p13, p14, p15, p16, p17, p18, p19]
+77: p21 = getfield_gc(p3, descr=<FieldP pyrlang.interpreter.interp.Process.inst_y_reg 80>)
debug_merge_point(0, 0, '34 label 8')
debug_merge_point(0, 0, '35 is_nil L6. x(0)')
+88: p22 = getfield_gc(p3, descr=<FieldP pyrlang.interpreter.interp.Process.inst_x_reg 72>)
+92: i23 = ptr_eq(p22, p2)
guard_true(i23, descr=<Guard0x1025141d8>) [i0, i1, p2, p3, p22, p4, p5, p6, p7, p8, p9, p10, p11, p12, p13, p14, p15, p16, p17, p18, p19]
debug_merge_point(0, 0, '36 move x(1). x(0)')
debug_merge_point(0, 0, '37 return ')
+105: i24 = getfield_gc(p21, descr=<FieldS pyrlang.interpreter.register.Y_Register.inst_addr_top 16>)
+109: i26 = int_eq(i24, -1)
guard_false(i26, descr=<Guard0x102514180>) [i1, i0, p21, p2, p3, p5, p6, p7, p8, p9, p10, p11, p12, p13, p14, p15, p16, p17, p18, p19]
+119: p27 = getfield_gc(p21, descr=<FieldP pyrlang.interpreter.register.Y_Register.inst_addrs 24>)
+123: i29 = int_lt(i24, 0)
guard_false(i29, descr=<Guard0x102514128>) [i24, i1, i0, p21, p27, p2, p3, p5, p6, p7, p8, p9, p10, p11, p12, p13, p14, p15, p16, p17, p18, p19]
+133: p30 = getarrayitem_gc(p27, i24, descr=<ArrayP 8>)
+138: i32 = int_sub(i24, 1)
+142: p33 = getfield_gc_pure(p30, descr=<FieldP tuple2.item0 8>)
+147: i34 = getfield_gc_pure(p30, descr=<FieldS tuple2.item1 16>)
+152: setfield_gc(p21, i32, descr=<FieldS pyrlang.interpreter.register.Y_Register.inst_addr_top 16>)
+156: i36 = int_eq(38, i1)
guard_false(i36, descr=<Guard0x1025140d0>) [i1, i0, i34, p2, p3, p33, p5, p6, p7, p8, p9, p10, p11, p12, p13, p14, p15, p16, p17, p18, p19]
+170: guard_value(i34, 91, descr=<Guard0x102514078>) [i0, i34, p21, p2, p3, p33, p5, p6, p7, p8, p9, p10, p11, p12, p13, p14, p15, p16, p17, p18, p19]
+180: guard_value(p33, ConstPtr(ptr38), descr=<Guard0x102514020>) [i0, p21, p2, p3, p33, p5, p6, p7, p8, p9, p10, p11, p12, p13, p14, p15, p16, p17, p18, p19]
debug_merge_point(0, 0, '91 move true. x(2)')
+199: p40 = getfield_gc(ConstPtr(ptr39), descr=<FieldP list.items 16>)
+212: p42 = getarrayitem_gc(p40, 1, descr=<ArrayP 8>)
debug_merge_point(0, 0, '92 move nil. x(1)')
debug_merge_point(0, 0, '93 call_last 3. L14. 0')
+216: i43 = getfield_gc(p21, descr=<FieldS pyrlang.interpreter.register.Y_Register.inst_val_top 40>)
debug_merge_point(0, 0, '63 label 14')
+216: p44 = same_as(p21)
+216: p45 = same_as(p42)
+216: label(i0, p3, p2, p21, p5, p19, p42, p6, p7, p8, p9, p10, p11, p12, p13, p14, p15, p16, p17, p18, descr=TargetToken(4302390432))
p47 = new_with_vtable(4298134864)
+332: setfield_gc(p47, p5, descr=<FieldP pyrlang.interpreter.datatypes.list.W_ListObject.inst_left 8>)
+336: setfield_gc(p47, p19, descr=<FieldP pyrlang.interpreter.datatypes.list.W_ListObject.inst_right 16>)
+340: jump(38, i0, 1, p3, p2, p21, p47, ConstPtr(ptr49), p42, p6, p7, p8, p9, p10, p11, p12, p13, p14, p15, p16, p17, p18, descr=TargetToken(4302390072))
+496: --end of the loop--
[27f426fb201d1c] jit-log-opt-bridge}
[27f42709ecfa7d] {jit-log-opt-bridge
# bridge out of Guard 0x100713518 with 59 ops
[i0, i1, i2, p3, p4, p5, p6, p7, p8, p9, p10, p11, p12, p13, p14, p15, p16, p17, p18, p19, p20]
+59: guard_nonnull_class(p5, ConstClass(W_NilObject), descr=<Guard0x102514288>) [i0, i1, i2, p3, p4, p5, p6, p7, p8, p9, p10, p11, p12, p13, p14, p15, p16, p17, p18, p19, p20]
+77: p22 = getfield_gc(p4, descr=<FieldP pyrlang.interpreter.interp.Process.inst_y_reg 80>)
debug_merge_point(0, 0, '79 label 16')
debug_merge_point(0, 0, '80 is_nil L13. x(0)')
+81: p23 = getfield_gc(p4, descr=<FieldP pyrlang.interpreter.interp.Process.inst_x_reg 72>)
+85: i24 = ptr_eq(p23, p3)
guard_true(i24, descr=<Guard0x102514860>) [i0, i1, i2, p3, p4, p23, p5, p6, p7, p8, p9, p10, p11, p12, p13, p14, p15, p16, p17, p18, p19, p20]
debug_merge_point(0, 0, '81 is_atom L13. x(2)')
+98: guard_nonnull_class(p7, ConstClass(W_AtomObject), descr=<Guard0x102514808>) [i0, i1, i2, p3, p4, p7, p5, p6, p8, p9, p10, p11, p12, p13, p14, p15, p16, p17, p18, p19, p20]
debug_merge_point(0, 0, '82 select_val x(2). L13. [(true. L17). (false. L18)]')
+125: p27 = getfield_gc(ConstPtr(ptr26), descr=<FieldP list.items 16>)
+138: p29 = getarrayitem_gc(p27, 1, descr=<ArrayP 8>)
+143: i30 = instance_ptr_eq(p7, p29)
guard_false(i30, descr=<Guard0x1025147b0>) [i0, i1, i2, p3, p4, p7, p5, p6, p8, p9, p10, p11, p12, p13, p14, p15, p16, p17, p18, p19, p20]
+152: p32 = getarrayitem_gc(p27, 2, descr=<ArrayP 8>)
+157: i33 = instance_ptr_eq(p7, p32)
guard_true(i33, descr=<Guard0x102514758>) [i0, i1, i2, p3, p4, p7, p5, p6, p8, p9, p10, p11, p12, p13, p14, p15, p16, p17, p18, p19, p20]
debug_merge_point(0, 0, '86 label 18')
debug_merge_point(0, 0, '87 allocate 0. 2')
+166: i34 = getfield_gc(p22, descr=<FieldS pyrlang.interpreter.register.Y_Register.inst_val_top 40>)
+170: i35 = getfield_gc(p22, descr=<FieldS pyrlang.interpreter.register.Y_Register.inst_val_size 32>)
+174: i36 = int_ge(i34, i35)
guard_false(i36, descr=<Guard0x102514700>) [i0, i1, i2, p3, p4, i34, i35, p22, p5, p6, p7, p8, p9, p10, p11, p12, p13, p14, p15, p16, p17, p18, p19, p20]
debug_merge_point(0, 0, '88 move x(1). x(0)')
debug_merge_point(0, 0, '89 line 11')
debug_merge_point(0, 0, '90 call 1. L5')
+183: i38 = int_eq(91, i2)
+199: i39 = getfield_gc(p22, descr=<FieldS pyrlang.interpreter.register.Y_Register.inst_addr_top 16>)
+203: i41 = int_add(i39, 1)
+208: i42 = getfield_gc(p22, descr=<FieldS pyrlang.interpreter.register.Y_Register.inst_addr_size 8>)
+212: setfield_gc(p22, i41, descr=<FieldS pyrlang.interpreter.register.Y_Register.inst_addr_top 16>)
+216: i43 = int_ge(i41, i42)
guard_false(i43, descr=<Guard0x1025146a8>) [i38, i2, i0, i1, p3, p4, i42, p22, p6, p7, p8, p9, p10, p11, p12, p13, p14, p15, p16, p17, p18, p19, p20]
+225: p44 = getfield_gc(p22, descr=<FieldP pyrlang.interpreter.register.Y_Register.inst_addrs 24>)
+229: i46 = int_lt(i41, 0)
guard_false(i46, descr=<Guard0x102514650>) [i38, i2, i0, i1, p3, p4, i41, p44, p6, p7, p8, p9, p10, p11, p12, p13, p14, p15, p16, p17, p18, p19, p20]
+282: setarrayitem_gc(p44, i41, ConstPtr(ptr47), descr=<ArrayP 8>)
+297: i49 = int_sub(i1, 1)
+308: guard_true(i0, descr=<Guard0x1025145f8>) [i38, i2, i49, p3, p4, p6, p7, p8, p9, p10, p11, p12, p13, p14, p15, p16, p17, p18, p19, p20]
+324: guard_false(i38, descr=<Guard0x1025145a0>) [i2, i49, p3, p4, p6, p7, p8, p9, p10, p11, p12, p13, p14, p15, p16, p17, p18, p19, p20]
debug_merge_point(0, 0, '22 label 5')
debug_merge_point(0, 0, '23 move nil. x(1)')
debug_merge_point(0, 0, '24 call_only 2. L7')
+333: i51 = int_sub(i49, 1)
debug_merge_point(0, 0, '28 label 7')
+337: p52 = same_as(p22)
+340: label(i51, p4, p3, p22, p6, p7, p8, p9, p10, p11, p12, p13, p14, p15, p16, p17, p18, p19, p20, p52, descr=TargetToken(4302389496))
debug_merge_point(0, 0, '29 is_nonempty_list L8. x(0)')
+381: guard_nonnull_class(p6, 4298134864, descr=<Guard0x102514548>) [i51, p3, p4, p6, p7, p8, p9, p10, p11, p12, p13, p14, p15, p16, p17, p18, p19, p20]
debug_merge_point(0, 0, '30 test_heap 2. 2')
debug_merge_point(0, 0, '31 get_list x(0). x(2). x(0)')
+399: p54 = getfield_gc_pure(p6, descr=<FieldP pyrlang.interpreter.datatypes.list.W_ListObject.inst_left 8>)
+403: p55 = getfield_gc_pure(p6, descr=<FieldP pyrlang.interpreter.datatypes.list.W_ListObject.inst_right 16>)
debug_merge_point(0, 0, '32 put_list x(2). x(1). x(1)')
+407: guard_nonnull_class(p54, ConstClass(W_IntObject), descr=<Guard0x1025144f0>) [i51, p3, p4, p54, p55, p8, p9, p10, p11, p12, p13, p14, p15, p16, p17, p18, p19, p20]
debug_merge_point(0, 0, '33 call_only 2. L7')
+426: i58 = int_sub(i51, 1)
debug_merge_point(0, 0, '28 label 7')
+430: jump(91, i58, p4, p3, p52, p55, p54, ConstPtr(ptr59), p8, p9, p10, p11, p12, p13, p14, p15, p16, p17, p18, p19, p20, descr=TargetToken(4302389424))
+592: --end of the loop--
[27f42709f4bca2] jit-log-opt-bridge}
[27f4271ebee6f8] {jit-log-opt-bridge
# bridge out of Guard 0x100713308 with 19 ops
[i0, i1, i2, p3, p4, p5, p6, p7, p8, p9, p10, p11, p12, p13, p14, p15, p16, p17, p18, p19]
+59: guard_nonnull_class(p6, ConstClass(W_NilObject), descr=<Guard0x1007120d0>) [i0, i1, i2, p3, p4, p5, p6, p7, p8, p9, p10, p11, p12, p13, p14, p15, p16, p17, p18, p19]
+77: p21 = getfield_gc(p4, descr=<FieldP pyrlang.interpreter.interp.Process.inst_x_reg 72>)
+81: i22 = ptr_eq(p21, p3)
guard_true(i22, descr=<Guard0x1007129c0>) [i0, i1, i2, p3, p4, p21, p6, p7, p8, p9, p5, p10, p11, p12, p13, p14, p15, p16, p17, p18, p19]
+94: p23 = getfield_gc(p4, descr=<FieldP pyrlang.interpreter.interp.Process.inst_y_reg 80>)
debug_merge_point(0, 0, '72 move false. x(2)')
+98: p25 = getfield_gc(ConstPtr(ptr24), descr=<FieldP list.items 16>)
+111: p27 = getarrayitem_gc(p25, 2, descr=<ArrayP 8>)
debug_merge_point(0, 0, '73 call_only 3. L14')
+115: i29 = int_sub(i1, 1)
+126: guard_true(i0, descr=<Guard0x1007128b8>) [i29, i2, p3, p4, p27, p8, p9, p5, p10, p11, p12, p13, p14, p15, p16, p17, p18, p19, p6]
debug_merge_point(0, 0, '63 label 14')
p31 = new_with_vtable(4298134864)
p33 = new_with_vtable(4298134864)
+232: setfield_gc(p31, p8, descr=<FieldP pyrlang.interpreter.datatypes.list.W_ListObject.inst_left 8>)
+236: setfield_gc(p31, p10, descr=<FieldP pyrlang.interpreter.datatypes.list.W_ListObject.inst_right 16>)
+240: setfield_gc(p33, p5, descr=<FieldP pyrlang.interpreter.datatypes.list.W_ListObject.inst_left 8>)
+244: setfield_gc(p33, p6, descr=<FieldP pyrlang.interpreter.datatypes.list.W_ListObject.inst_right 16>)
+248: jump(i2, i29, 1, p4, p3, p23, p31, p33, p27, p8, p9, p5, p10, p11, p12, p13, p14, p15, p16, p17, p18, p19, descr=TargetToken(4302390072))
+336: --end of the loop--
[27f4271ec15fa2] jit-log-opt-bridge}
[27f42751e78783] {jit-log-opt-bridge
# bridge out of Guard 0x100713570 with 23 ops
[i0, i1, p2, p3, p4, p5, p6, p7, p8, p9, p10, p11, p12, p13, p14, p15, p16, p17, p18, p19, p20, p21]
+59: guard_nonnull_class(p4, ConstClass(W_NilObject), descr=<Guard0x102514390>) [i0, i1, p2, p3, p4, p5, p6, p7, p8, p9, p10, p11, p12, p13, p14, p15, p16, p17, p18, p20, p21, p19]
+77: p23 = getfield_gc(p3, descr=<FieldP pyrlang.interpreter.interp.Process.inst_y_reg 80>)
debug_merge_point(0, 0, '74 label 15')
debug_merge_point(0, 0, '75 test_heap 2. 5')
debug_merge_point(0, 0, '76 put_list x(3). x(1). x(1)')
+88: p24 = getfield_gc(p3, descr=<FieldP pyrlang.interpreter.interp.Process.inst_x_reg 72>)
+92: i25 = ptr_eq(p24, p2)
guard_true(i25, descr=<Guard0x1025148b8>) [i0, i1, p2, p3, p24, p5, p6, p7, p4, p8, p9, p10, p11, p12, p13, p14, p15, p16, p17, p18, p20, p21, p19]
+105: guard_nonnull_class(p7, ConstClass(W_IntObject), descr=<Guard0x102514440>) [i0, i1, p2, p3, p7, p5, p6, p4, p8, p9, p10, p11, p12, p13, p14, p15, p16, p17, p18, p20, p21, p19]
debug_merge_point(0, 0, '77 move x(4). x(0)')
debug_merge_point(0, 0, '78 call_only 3. L14')
+123: i28 = int_sub(i0, 1)
debug_merge_point(0, 0, '63 label 14')
p30 = new_with_vtable(4298134864)
p32 = new_with_vtable(4298134864)
+225: setfield_gc(p30, p7, descr=<FieldP pyrlang.interpreter.datatypes.list.W_ListObject.inst_left 8>)
p34 = new_with_vtable(4298134864)
+248: setfield_gc(p32, p19, descr=<FieldP pyrlang.interpreter.datatypes.list.W_ListObject.inst_left 8>)
+259: setfield_gc(p34, p20, descr=<FieldP pyrlang.interpreter.datatypes.list.W_ListObject.inst_right 16>)
+263: setfield_gc(p32, p34, descr=<FieldP pyrlang.interpreter.datatypes.list.W_ListObject.inst_right 16>)
+267: setfield_gc(p34, p21, descr=<FieldP pyrlang.interpreter.datatypes.list.W_ListObject.inst_left 8>)
+271: setfield_gc(p30, p32, descr=<FieldP pyrlang.interpreter.datatypes.list.W_ListObject.inst_right 16>)
+275: jump(i1, i28, 1, p3, p2, p23, p4, p30, p6, p7, p4, p8, p9, p10, p11, p12, p13, p14, p15, p16, p17, p18, descr=TargetToken(4302390072))
+384: --end of the loop--
[27f42751ed6c1c] jit-log-opt-bridge}
[27f43ca0194b5b] {jit-backend-counts
entry 0:7
TargetToken(4302389280):7
TargetToken(4302389352):78950
entry 1:2
TargetToken(4302389712):2
TargetToken(4302389784):78953
entry 2:1396
TargetToken(4302390072):120188
TargetToken(4302390144):799938958
entry 3:440
TargetToken(4302390936):40286
TargetToken(4302391008):1599958955
bridge 4302386104:195
TargetToken(4302391512):102158
bridge 4302387424:136
TargetToken(4302389424):39846
bridge 4302385664:39785
TargetToken(4302389568):799877425
bridge 4302387248:39779
TargetToken(4302390432):39778
bridge 4302386456:39711
TargetToken(4302389496):39710
bridge 4302385928:39610
bridge 4302386544:39404
[27f43ca01a471b] jit-backend-counts}
