[418add9b05e66a] {jit-backend-counts
[418add9b073376] jit-backend-counts}
[418add9eb15ddb] {jit-log-opt-loop
# Loop 0 (475 get_list x(0), x(2), x(3)) : loop with 123 ops
[i0, i1, p2, p3, p4]
+134: p5 = getfield_gc(p3, descr=<FieldP pyrlang.interpreter.register.X_Register.inst_floats 16>)
+145: p7 = getarrayitem_gc(p5, 0, descr=<ArrayP 8>)
+149: p9 = getarrayitem_gc(p5, 1, descr=<ArrayP 8>)
+153: p11 = getarrayitem_gc(p5, 2, descr=<ArrayP 8>)
+157: p13 = getarrayitem_gc(p5, 3, descr=<ArrayP 8>)
+161: p15 = getarrayitem_gc(p5, 4, descr=<ArrayP 8>)
+165: p17 = getarrayitem_gc(p5, 5, descr=<ArrayP 8>)
+169: p19 = getarrayitem_gc(p5, 6, descr=<ArrayP 8>)
+173: p21 = getarrayitem_gc(p5, 7, descr=<ArrayP 8>)
+177: p23 = getarrayitem_gc(p5, 8, descr=<ArrayP 8>)
+181: p25 = getarrayitem_gc(p5, 9, descr=<ArrayP 8>)
+185: p27 = getarrayitem_gc(p5, 10, descr=<ArrayP 8>)
+189: p29 = getarrayitem_gc(p5, 11, descr=<ArrayP 8>)
+193: p31 = getarrayitem_gc(p5, 12, descr=<ArrayP 8>)
+204: p33 = getarrayitem_gc(p5, 13, descr=<ArrayP 8>)
+215: p35 = getarrayitem_gc(p5, 14, descr=<ArrayP 8>)
+229: p37 = getarrayitem_gc(p5, 15, descr=<ArrayP 8>)
+243: p38 = getfield_gc(p3, descr=<FieldP pyrlang.interpreter.register.X_Register.inst_regs 24>)
+261: p40 = getarrayitem_gc(p38, 0, descr=<ArrayP 8>)
+272: p42 = getarrayitem_gc(p38, 1, descr=<ArrayP 8>)
+283: p44 = getarrayitem_gc(p38, 2, descr=<ArrayP 8>)
+294: p46 = getarrayitem_gc(p38, 3, descr=<ArrayP 8>)
+305: p48 = getarrayitem_gc(p38, 4, descr=<ArrayP 8>)
+316: p50 = getarrayitem_gc(p38, 5, descr=<ArrayP 8>)
+327: p52 = getarrayitem_gc(p38, 6, descr=<ArrayP 8>)
+338: p54 = getarrayitem_gc(p38, 7, descr=<ArrayP 8>)
+349: p56 = getarrayitem_gc(p38, 8, descr=<ArrayP 8>)
+360: p58 = getarrayitem_gc(p38, 9, descr=<ArrayP 8>)
+371: p60 = getarrayitem_gc(p38, 10, descr=<ArrayP 8>)
+382: p62 = getarrayitem_gc(p38, 11, descr=<ArrayP 8>)
+386: p64 = getarrayitem_gc(p38, 12, descr=<ArrayP 8>)
+397: p66 = getarrayitem_gc(p38, 13, descr=<ArrayP 8>)
+408: p68 = getarrayitem_gc(p38, 14, descr=<ArrayP 8>)
+422: p70 = getarrayitem_gc(p38, 15, descr=<ArrayP 8>)
+436: label(i0, i1, p2, p3, p4, p7, p9, p11, p13, p15, p17, p19, p21, p23, p25, p27, p29, p31, p33, p35, p37, p40, p42, p44, p46, p48, p50, p52, p54, p56, p58, p60, p62, p64, p66, p68, p70, descr=TargetToken(4302807072))
debug_merge_point(0, 0, '475 get_list x(0). x(2). x(3)')
+525: p71 = getfield_gc(p2, descr=<FieldP pyrlang.interpreter.interp.Process.inst_x_reg 72>)
+536: i72 = ptr_eq(p71, p3)
guard_true(i72, descr=<Guard0x100778180>) [i1, i0, p3, p2, p71, p7, p9, p11, p13, p15, p17, p19, p21, p23, p25, p27, p29, p31, p33, p35, p37, p40, p42, p44, p46, p48, p50, p52, p54, p56, p58, p60, p62, p64, p66, p68, p70]
+549: p73 = getfield_gc_pure(p40, descr=<FieldP pyrlang.interpreter.datatypes.list.W_ListObject.inst_left 8>)
+553: p74 = getfield_gc_pure(p40, descr=<FieldP pyrlang.interpreter.datatypes.list.W_ListObject.inst_right 16>)
+557: p75 = getfield_gc(p2, descr=<FieldP pyrlang.interpreter.interp.Process.inst_y_reg 80>)
debug_merge_point(0, 0, '476 is_lt L94. #1. x(1)')
+561: guard_nonnull_class(p42, ConstClass(W_IntObject), descr=<Guard0x1007788b8>) [i1, i0, p3, p2, p42, p7, p9, p11, p13, p15, p17, p19, p21, p23, p25, p27, p29, p31, p33, p35, p37, p40, p73, p74, p48, p50, p52, p54, p56, p58, p60, p62, p64, p66, p68, p70]
+580: i77 = getfield_gc_pure(p42, descr=<FieldS pyrlang.interpreter.datatypes.number.W_IntObject.inst_intval 8>)
+584: i79 = int_lt(0, i77)
guard_true(i79, descr=<Guard0x100778860>) [i1, i0, p3, p2, p7, p9, p11, p13, p15, p17, p19, p21, p23, p25, p27, p29, p31, p33, p35, p37, p40, p42, p73, p74, p48, p50, p52, p54, p56, p58, p60, p62, p64, p66, p68, p70]
debug_merge_point(0, 0, '477 allocate_zero 1. 4')
+594: i80 = getfield_gc(p75, descr=<FieldS pyrlang.interpreter.register.Y_Register.inst_val_top 40>)
+598: i82 = int_add(i80, 1)
+602: i83 = getfield_gc(p75, descr=<FieldS pyrlang.interpreter.register.Y_Register.inst_val_size 32>)
+606: setfield_gc(p75, i82, descr=<FieldS pyrlang.interpreter.register.Y_Register.inst_val_top 40>)
+610: i84 = int_ge(i82, i83)
guard_false(i84, descr=<Guard0x100778808>) [i1, i0, p3, p2, i82, i83, p75, p7, p9, p11, p13, p15, p17, p19, p21, p23, p25, p27, p29, p31, p33, p35, p37, p40, p42, p73, p74, p48, p50, p52, p54, p56, p58, p60, p62, p64, p66, p68, p70]
+619: p85 = getfield_gc(p75, descr=<FieldP pyrlang.interpreter.register.Y_Register.inst_vals 48>)
+623: i87 = int_lt(i82, 0)
guard_false(i87, descr=<Guard0x1007787b0>) [i1, i0, p3, p2, i82, p85, p75, p7, p9, p11, p13, p15, p17, p19, p21, p23, p25, p27, p29, p31, p33, p35, p37, p40, p42, p73, p74, p48, p50, p52, p54, p56, p58, p60, p62, p64, p66, p68, p70]
+633: setarrayitem_gc(p85, i82, ConstPtr(ptr88), descr=<ArrayP 8>)
debug_merge_point(0, 0, '478 line 56')
debug_merge_point(0, 0, '479 gc_bif2 L0. 4. 4. x(1). #0. x(1)')
+648: i90 = int_sub(i77, 1)
debug_merge_point(0, 0, '480 move x(3). x(0)')
debug_merge_point(0, 0, '481 move x(2). y(0)')
+691: setarrayitem_gc(p85, i82, p73, descr=<ArrayP 8>)
debug_merge_point(0, 0, '482 line 56')
debug_merge_point(0, 0, '483 call 2. L93')
+696: i91 = getfield_gc(p75, descr=<FieldS pyrlang.interpreter.register.Y_Register.inst_addr_top 16>)
+700: i93 = int_add(i91, 1)
+704: i94 = getfield_gc(p75, descr=<FieldS pyrlang.interpreter.register.Y_Register.inst_addr_size 8>)
+708: setfield_gc(p75, i93, descr=<FieldS pyrlang.interpreter.register.Y_Register.inst_addr_top 16>)
+712: i95 = int_ge(i93, i94)
guard_false(i95, descr=<Guard0x100778758>) [i1, i0, p3, p2, i94, p75, p7, p9, p11, p13, p15, p17, p19, p21, p23, p25, p27, p29, p31, p33, p35, p37, p74, p73, p48, p50, p52, p54, p56, p58, p60, p62, p64, p66, p68, p70, i90]
+721: p96 = getfield_gc(p75, descr=<FieldP pyrlang.interpreter.register.Y_Register.inst_addrs 24>)
+725: i98 = int_lt(i93, 0)
guard_false(i98, descr=<Guard0x100778700>) [i1, i0, p3, p2, i93, p96, p7, p9, p11, p13, p15, p17, p19, p21, p23, p25, p27, p29, p31, p33, p35, p37, p74, p73, p48, p50, p52, p54, p56, p58, p60, p62, p64, p66, p68, p70, i90]
+777: setarrayitem_gc(p96, i93, ConstPtr(ptr99), descr=<ArrayP 8>)
+792: i101 = int_sub(i0, 1)
+803: guard_false(i1, descr=<Guard0x1007786a8>) [i101, p3, p2, p7, p9, p11, p13, p15, p17, p19, p21, p23, p25, p27, p29, p31, p33, p35, p37, p74, p73, p48, p50, p52, p54, p56, p58, p60, p62, p64, p66, p68, p70, i90]
+819: i103 = int_le(i101, 0)
guard_false(i103, descr=<Guard0x100778650>) [i101, p3, p2, p7, p9, p11, p13, p15, p17, p19, p21, p23, p25, p27, p29, p31, p33, p35, p37, p74, p73, p48, p50, p52, p54, p56, p58, p60, p62, p64, p66, p68, p70, i90]
debug_merge_point(0, 0, '473 label 93')
debug_merge_point(0, 0, '474 is_nonempty_list L94. x(0)')
+829: guard_nonnull_class(p74, 4298161368, descr=<Guard0x1007785f8>) [i101, p3, p2, p74, p7, p9, p11, p13, p15, p17, p19, p21, p23, p25, p27, p29, p31, p33, p35, p37, p73, p48, p50, p52, p54, p56, p58, p60, p62, p64, p66, p68, p70, i90]
debug_merge_point(0, 0, '475 get_list x(0). x(2). x(3)')
+848: p105 = same_as(p75)
+851: label(i101, p2, p3, p75, p7, p9, p11, p13, p15, p17, p19, p21, p23, p25, p27, p29, p31, p33, p35, p37, p74, i90, p73, p48, p50, p52, p54, p56, p58, p60, p62, p64, p66, p68, p70, i82, p105, i83, p85, i93, i94, p96, descr=TargetToken(4302807144))
debug_merge_point(0, 0, '475 get_list x(0). x(2). x(3)')
+893: p106 = getfield_gc_pure(p74, descr=<FieldP pyrlang.interpreter.datatypes.list.W_ListObject.inst_left 8>)
+897: p107 = getfield_gc_pure(p74, descr=<FieldP pyrlang.interpreter.datatypes.list.W_ListObject.inst_right 16>)
debug_merge_point(0, 0, '476 is_lt L94. #1. x(1)')
+901: i108 = int_lt(0, i90)
guard_true(i108, descr=<Guard0x1007785a0>) [i101, p3, p2, p7, p9, p11, p13, p15, p17, p19, p21, p23, p25, p27, p29, p31, p33, p35, p37, p74, p106, p107, p48, p50, p52, p54, p56, p58, p60, p62, p64, p66, p68, p70, i90]
debug_merge_point(0, 0, '477 allocate_zero 1. 4')
+911: i109 = int_add(i82, 1)
+915: setfield_gc(p105, i109, descr=<FieldS pyrlang.interpreter.register.Y_Register.inst_val_top 40>)
+919: i110 = int_ge(i109, i83)
guard_false(i110, descr=<Guard0x100778548>) [i101, p3, p2, i109, i83, p105, p7, p9, p11, p13, p15, p17, p19, p21, p23, p25, p27, p29, p31, p33, p35, p37, p74, p106, p107, p48, p50, p52, p54, p56, p58, p60, p62, p64, p66, p68, p70, i90]
+928: i111 = int_lt(i109, 0)
guard_false(i111, descr=<Guard0x1007784f0>) [i101, p3, p2, i109, p85, p105, p7, p9, p11, p13, p15, p17, p19, p21, p23, p25, p27, p29, p31, p33, p35, p37, p74, p106, p107, p48, p50, p52, p54, p56, p58, p60, p62, p64, p66, p68, p70, i90]
+938: setarrayitem_gc(p85, i109, ConstPtr(ptr88), descr=<ArrayP 8>)
debug_merge_point(0, 0, '478 line 56')
debug_merge_point(0, 0, '479 gc_bif2 L0. 4. 4. x(1). #0. x(1)')
+953: i112 = int_sub(i90, 1)
debug_merge_point(0, 0, '480 move x(3). x(0)')
debug_merge_point(0, 0, '481 move x(2). y(0)')
+996: setarrayitem_gc(p85, i109, p106, descr=<ArrayP 8>)
debug_merge_point(0, 0, '482 line 56')
debug_merge_point(0, 0, '483 call 2. L93')
+1001: i113 = int_add(i93, 1)
+1005: setfield_gc(p105, i113, descr=<FieldS pyrlang.interpreter.register.Y_Register.inst_addr_top 16>)
+1009: i114 = int_ge(i113, i94)
guard_false(i114, descr=<Guard0x100778498>) [i101, p3, p2, i94, p105, p7, p9, p11, p13, p15, p17, p19, p21, p23, p25, p27, p29, p31, p33, p35, p37, p107, p106, p48, p50, p52, p54, p56, p58, p60, p62, p64, p66, p68, p70, i112, None]
+1018: i116 = int_lt(i113, 0)
guard_false(i116, descr=<Guard0x100778440>) [i101, p3, p2, i113, p96, p7, p9, p11, p13, p15, p17, p19, p21, p23, p25, p27, p29, p31, p33, p35, p37, p107, p106, p48, p50, p52, p54, p56, p58, p60, p62, p64, p66, p68, p70, i112, None]
+1070: setarrayitem_gc(p96, i113, ConstPtr(ptr117), descr=<ArrayP 8>)
+1085: i118 = int_sub(i101, 1)
+1090: i119 = int_le(i118, 0)
guard_false(i119, descr=<Guard0x1007783e8>) [i118, p3, p2, p7, p9, p11, p13, p15, p17, p19, p21, p23, p25, p27, p29, p31, p33, p35, p37, p107, p106, p48, p50, p52, p54, p56, p58, p60, p62, p64, p66, p68, p70, i112]
debug_merge_point(0, 0, '473 label 93')
debug_merge_point(0, 0, '474 is_nonempty_list L94. x(0)')
+1100: guard_nonnull_class(p107, 4298161368, descr=<Guard0x100778390>) [i118, p3, p2, p107, p7, p9, p11, p13, p15, p17, p19, p21, p23, p25, p27, p29, p31, p33, p35, p37, p106, p48, p50, p52, p54, p56, p58, p60, p62, p64, p66, p68, p70, i112]
debug_merge_point(0, 0, '475 get_list x(0). x(2). x(3)')
+1119: jump(i118, p2, p3, p105, p7, p9, p11, p13, p15, p17, p19, p21, p23, p25, p27, p29, p31, p33, p35, p37, p107, i112, p106, p48, p50, p52, p54, p56, p58, p60, p62, p64, p66, p68, p70, i109, p105, i83, p85, i113, i94, p96, descr=TargetToken(4302807144))
+1168: --end of the loop--
[418add9ebff512] jit-log-opt-loop}
[418add9ef16370] {jit-log-opt-loop
# Loop 1 (484 test_heap 2, 1) : loop with 87 ops
[i0, i1, p2, p3, p4]
+134: p5 = getfield_gc(p3, descr=<FieldP pyrlang.interpreter.register.X_Register.inst_floats 16>)
+145: p7 = getarrayitem_gc(p5, 0, descr=<ArrayP 8>)
+149: p9 = getarrayitem_gc(p5, 1, descr=<ArrayP 8>)
+153: p11 = getarrayitem_gc(p5, 2, descr=<ArrayP 8>)
+157: p13 = getarrayitem_gc(p5, 3, descr=<ArrayP 8>)
+161: p15 = getarrayitem_gc(p5, 4, descr=<ArrayP 8>)
+165: p17 = getarrayitem_gc(p5, 5, descr=<ArrayP 8>)
+169: p19 = getarrayitem_gc(p5, 6, descr=<ArrayP 8>)
+173: p21 = getarrayitem_gc(p5, 7, descr=<ArrayP 8>)
+177: p23 = getarrayitem_gc(p5, 8, descr=<ArrayP 8>)
+181: p25 = getarrayitem_gc(p5, 9, descr=<ArrayP 8>)
+185: p27 = getarrayitem_gc(p5, 10, descr=<ArrayP 8>)
+189: p29 = getarrayitem_gc(p5, 11, descr=<ArrayP 8>)
+193: p31 = getarrayitem_gc(p5, 12, descr=<ArrayP 8>)
+204: p33 = getarrayitem_gc(p5, 13, descr=<ArrayP 8>)
+215: p35 = getarrayitem_gc(p5, 14, descr=<ArrayP 8>)
+229: p37 = getarrayitem_gc(p5, 15, descr=<ArrayP 8>)
+243: p38 = getfield_gc(p3, descr=<FieldP pyrlang.interpreter.register.X_Register.inst_regs 24>)
+261: p40 = getarrayitem_gc(p38, 0, descr=<ArrayP 8>)
+272: p42 = getarrayitem_gc(p38, 1, descr=<ArrayP 8>)
+283: p44 = getarrayitem_gc(p38, 2, descr=<ArrayP 8>)
+294: p46 = getarrayitem_gc(p38, 3, descr=<ArrayP 8>)
+305: p48 = getarrayitem_gc(p38, 4, descr=<ArrayP 8>)
+316: p50 = getarrayitem_gc(p38, 5, descr=<ArrayP 8>)
+327: p52 = getarrayitem_gc(p38, 6, descr=<ArrayP 8>)
+338: p54 = getarrayitem_gc(p38, 7, descr=<ArrayP 8>)
+349: p56 = getarrayitem_gc(p38, 8, descr=<ArrayP 8>)
+360: p58 = getarrayitem_gc(p38, 9, descr=<ArrayP 8>)
+371: p60 = getarrayitem_gc(p38, 10, descr=<ArrayP 8>)
+382: p62 = getarrayitem_gc(p38, 11, descr=<ArrayP 8>)
+386: p64 = getarrayitem_gc(p38, 12, descr=<ArrayP 8>)
+397: p66 = getarrayitem_gc(p38, 13, descr=<ArrayP 8>)
+408: p68 = getarrayitem_gc(p38, 14, descr=<ArrayP 8>)
+422: p70 = getarrayitem_gc(p38, 15, descr=<ArrayP 8>)
+436: label(i0, i1, p2, p3, p4, p7, p9, p11, p13, p15, p17, p19, p21, p23, p25, p27, p29, p31, p33, p35, p37, p40, p42, p44, p46, p48, p50, p52, p54, p56, p58, p60, p62, p64, p66, p68, p70, descr=TargetToken(4302807360))
debug_merge_point(0, 0, '484 test_heap 2. 1')
+541: p71 = getfield_gc(p2, descr=<FieldP pyrlang.interpreter.interp.Process.inst_y_reg 80>)
debug_merge_point(0, 0, '485 put_list y(0). x(0). x(0)')
+552: i72 = getfield_gc(p71, descr=<FieldS pyrlang.interpreter.register.Y_Register.inst_val_top 40>)
+556: p73 = getfield_gc(p71, descr=<FieldP pyrlang.interpreter.register.Y_Register.inst_vals 48>)
+560: p74 = getarrayitem_gc(p73, i72, descr=<ArrayP 8>)
+565: p75 = getfield_gc(p2, descr=<FieldP pyrlang.interpreter.interp.Process.inst_x_reg 72>)
+569: i76 = ptr_eq(p75, p3)
guard_true(i76, descr=<Guard0x100778a70>) [i1, i0, p3, p2, p74, p75, p7, p9, p11, p13, p15, p17, p19, p21, p23, p25, p27, p29, p31, p33, p35, p37, p40, p42, p44, p46, p48, p50, p52, p54, p56, p58, p60, p62, p64, p66, p68, p70]
debug_merge_point(0, 0, '486 deallocate 1')
+582: i78 = int_sub(i72, 1)
debug_merge_point(0, 0, '487 return ')
+587: i79 = getfield_gc(p71, descr=<FieldS pyrlang.interpreter.register.Y_Register.inst_addr_top 16>)
+591: setfield_gc(p71, i78, descr=<FieldS pyrlang.interpreter.register.Y_Register.inst_val_top 40>)
+595: i81 = int_eq(i79, -1)
guard_false(i81, descr=<Guard0x100778d88>) [i1, i0, p71, p3, p2, p7, p9, p11, p13, p15, p17, p19, p21, p23, p25, p27, p29, p31, p33, p35, p37, p42, p44, p46, p48, p50, p52, p54, p56, p58, p60, p62, p64, p66, p68, p70, p40, p74]
+605: p82 = getfield_gc(p71, descr=<FieldP pyrlang.interpreter.register.Y_Register.inst_addrs 24>)
+609: i84 = int_lt(i79, 0)
guard_false(i84, descr=<Guard0x100778d30>) [i1, i0, i79, p71, p82, p3, p2, p7, p9, p11, p13, p15, p17, p19, p21, p23, p25, p27, p29, p31, p33, p35, p37, p42, p44, p46, p48, p50, p52, p54, p56, p58, p60, p62, p64, p66, p68, p70, p40, p74]
+619: p85 = getarrayitem_gc(p82, i79, descr=<ArrayP 8>)
+624: i87 = int_sub(i79, 1)
+629: p88 = getfield_gc_pure(p85, descr=<FieldP tuple2.item0 8>)
+633: i89 = getfield_gc_pure(p85, descr=<FieldS tuple2.item1 16>)
+637: setfield_gc(p71, i87, descr=<FieldS pyrlang.interpreter.register.Y_Register.inst_addr_top 16>)
+641: guard_value(i89, 484, descr=<Guard0x100778cd8>) [i1, i0, i89, p71, p3, p2, p88, p7, p9, p11, p13, p15, p17, p19, p21, p23, p25, p27, p29, p31, p33, p35, p37, p42, p44, p46, p48, p50, p52, p54, p56, p58, p60, p62, p64, p66, p68, p70, p40, p74]
+654: guard_value(p88, ConstPtr(ptr91), descr=<Guard0x100778c80>) [i1, i0, p71, p3, p2, p88, p7, p9, p11, p13, p15, p17, p19, p21, p23, p25, p27, p29, p31, p33, p35, p37, p42, p44, p46, p48, p50, p52, p54, p56, p58, p60, p62, p64, p66, p68, p70, p40, p74]
debug_merge_point(0, 0, '484 test_heap 2. 1')
+673: p92 = same_as(p71)
+676: label(i0, i1, p2, p3, p71, p7, p9, p11, p13, p15, p17, p19, p21, p23, p25, p27, p29, p31, p33, p35, p37, p74, p40, p42, p44, p46, p48, p50, p52, p54, p56, p58, p60, p62, p64, p66, p68, p70, p73, i78, p92, i87, p82, descr=TargetToken(4302807432))
debug_merge_point(0, 0, '484 test_heap 2. 1')
debug_merge_point(0, 0, '485 put_list y(0). x(0). x(0)')
+701: p93 = getarrayitem_gc(p73, i78, descr=<ArrayP 8>)
debug_merge_point(0, 0, '486 deallocate 1')
+706: i94 = int_sub(i78, 1)
debug_merge_point(0, 0, '487 return ')
+710: setfield_gc(p92, i94, descr=<FieldS pyrlang.interpreter.register.Y_Register.inst_val_top 40>)
+715: i95 = int_eq(i87, -1)
guard_false(i95, descr=<Guard0x100778c28>) [i1, i0, p92, p3, p2, p7, p9, p11, p13, p15, p17, p19, p21, p23, p25, p27, p29, p31, p33, p35, p37, p42, p44, p46, p48, p50, p52, p54, p56, p58, p60, p62, p64, p66, p68, p70, p40, p74, p93]
+725: i96 = int_lt(i87, 0)
guard_false(i96, descr=<Guard0x100778bd0>) [i1, i0, i87, p92, p82, p3, p2, p7, p9, p11, p13, p15, p17, p19, p21, p23, p25, p27, p29, p31, p33, p35, p37, p42, p44, p46, p48, p50, p52, p54, p56, p58, p60, p62, p64, p66, p68, p70, p40, p74, p93]
+735: p97 = getarrayitem_gc(p82, i87, descr=<ArrayP 8>)
+740: i98 = int_sub(i87, 1)
+744: p99 = getfield_gc_pure(p97, descr=<FieldP tuple2.item0 8>)
+748: i100 = getfield_gc_pure(p97, descr=<FieldS tuple2.item1 16>)
+752: setfield_gc(p92, i98, descr=<FieldS pyrlang.interpreter.register.Y_Register.inst_addr_top 16>)
+757: guard_value(i100, 484, descr=<Guard0x100778b78>) [i1, i0, i100, p92, p3, p2, p99, p7, p9, p11, p13, p15, p17, p19, p21, p23, p25, p27, p29, p31, p33, p35, p37, p42, p44, p46, p48, p50, p52, p54, p56, p58, p60, p62, p64, p66, p68, p70, p40, p74, p93]
+770: guard_value(p99, ConstPtr(ptr91), descr=<Guard0x100778b20>) [i1, i0, p92, p3, p2, p99, p7, p9, p11, p13, p15, p17, p19, p21, p23, p25, p27, p29, p31, p33, p35, p37, p42, p44, p46, p48, p50, p52, p54, p56, p58, p60, p62, p64, p66, p68, p70, p40, p74, p93]
debug_merge_point(0, 0, '484 test_heap 2. 1')
p102 = new_with_vtable(4298161368)
+875: setfield_gc(p102, p74, descr=<FieldP pyrlang.interpreter.datatypes.list.W_ListObject.inst_left 8>)
+886: setfield_gc(p102, p40, descr=<FieldP pyrlang.interpreter.datatypes.list.W_ListObject.inst_right 16>)
+890: jump(i0, i1, p2, p3, p92, p7, p9, p11, p13, p15, p17, p19, p21, p23, p25, p27, p29, p31, p33, p35, p37, p93, p102, p42, p44, p46, p48, p50, p52, p54, p56, p58, p60, p62, p64, p66, p68, p70, p73, i94, p92, i98, p82, descr=TargetToken(4302807432))
+928: --end of the loop--
[418add9ef9016b] jit-log-opt-loop}
[418add9f2bf17a] {jit-log-opt-loop
# Loop 2 (119 label 29) : loop with 89 ops
[i0, i1, p2, p3, p4]
+134: p5 = getfield_gc(p3, descr=<FieldP pyrlang.interpreter.register.X_Register.inst_floats 16>)
+145: p7 = getarrayitem_gc(p5, 0, descr=<ArrayP 8>)
+149: p9 = getarrayitem_gc(p5, 1, descr=<ArrayP 8>)
+153: p11 = getarrayitem_gc(p5, 2, descr=<ArrayP 8>)
+157: p13 = getarrayitem_gc(p5, 3, descr=<ArrayP 8>)
+161: p15 = getarrayitem_gc(p5, 4, descr=<ArrayP 8>)
+165: p17 = getarrayitem_gc(p5, 5, descr=<ArrayP 8>)
+169: p19 = getarrayitem_gc(p5, 6, descr=<ArrayP 8>)
+173: p21 = getarrayitem_gc(p5, 7, descr=<ArrayP 8>)
+177: p23 = getarrayitem_gc(p5, 8, descr=<ArrayP 8>)
+181: p25 = getarrayitem_gc(p5, 9, descr=<ArrayP 8>)
+185: p27 = getarrayitem_gc(p5, 10, descr=<ArrayP 8>)
+189: p29 = getarrayitem_gc(p5, 11, descr=<ArrayP 8>)
+193: p31 = getarrayitem_gc(p5, 12, descr=<ArrayP 8>)
+204: p33 = getarrayitem_gc(p5, 13, descr=<ArrayP 8>)
+215: p35 = getarrayitem_gc(p5, 14, descr=<ArrayP 8>)
+229: p37 = getarrayitem_gc(p5, 15, descr=<ArrayP 8>)
+243: p38 = getfield_gc(p3, descr=<FieldP pyrlang.interpreter.register.X_Register.inst_regs 24>)
+261: p40 = getarrayitem_gc(p38, 0, descr=<ArrayP 8>)
+272: p42 = getarrayitem_gc(p38, 1, descr=<ArrayP 8>)
+283: p44 = getarrayitem_gc(p38, 2, descr=<ArrayP 8>)
+294: p46 = getarrayitem_gc(p38, 3, descr=<ArrayP 8>)
+305: p48 = getarrayitem_gc(p38, 4, descr=<ArrayP 8>)
+316: p50 = getarrayitem_gc(p38, 5, descr=<ArrayP 8>)
+327: p52 = getarrayitem_gc(p38, 6, descr=<ArrayP 8>)
+338: p54 = getarrayitem_gc(p38, 7, descr=<ArrayP 8>)
+349: p56 = getarrayitem_gc(p38, 8, descr=<ArrayP 8>)
+360: p58 = getarrayitem_gc(p38, 9, descr=<ArrayP 8>)
+371: p60 = getarrayitem_gc(p38, 10, descr=<ArrayP 8>)
+382: p62 = getarrayitem_gc(p38, 11, descr=<ArrayP 8>)
+386: p64 = getarrayitem_gc(p38, 12, descr=<ArrayP 8>)
+397: p66 = getarrayitem_gc(p38, 13, descr=<ArrayP 8>)
+408: p68 = getarrayitem_gc(p38, 14, descr=<ArrayP 8>)
+422: p70 = getarrayitem_gc(p38, 15, descr=<ArrayP 8>)
+436: label(i0, i1, p2, p3, p4, p7, p9, p11, p13, p15, p17, p19, p21, p23, p25, p27, p29, p31, p33, p35, p37, p40, p42, p44, p46, p48, p50, p52, p54, p56, p58, p60, p62, p64, p66, p68, p70, descr=TargetToken(4302807720))
debug_merge_point(0, 0, '119 label 29')
+525: p71 = getfield_gc(p2, descr=<FieldP pyrlang.interpreter.interp.Process.inst_y_reg 80>)
debug_merge_point(0, 0, '120 is_nonempty_list L30. x(1)')
+536: p72 = getfield_gc(p2, descr=<FieldP pyrlang.interpreter.interp.Process.inst_x_reg 72>)
+540: i73 = ptr_eq(p72, p3)
guard_true(i73, descr=<Guard0x100779200>) [i1, i0, p3, p2, p72, p7, p9, p11, p13, p15, p17, p19, p21, p23, p25, p27, p29, p31, p33, p35, p37, p40, p42, p44, p46, p48, p50, p52, p54, p56, p58, p60, p62, p64, p66, p68, p70]
+553: guard_nonnull_class(p42, 4298161368, descr=<Guard0x100779678>) [i1, i0, p3, p2, p42, p7, p9, p11, p13, p15, p17, p19, p21, p23, p25, p27, p29, p31, p33, p35, p37, p40, p44, p46, p48, p50, p52, p54, p56, p58, p60, p62, p64, p66, p68, p70]
debug_merge_point(0, 0, '121 get_list x(1). x(2). x(3)')
+572: p75 = getfield_gc_pure(p42, descr=<FieldP pyrlang.interpreter.datatypes.list.W_ListObject.inst_left 8>)
+576: p76 = getfield_gc_pure(p42, descr=<FieldP pyrlang.interpreter.datatypes.list.W_ListObject.inst_right 16>)
debug_merge_point(0, 0, '122 is_lt L30. #0. x(0)')
+580: guard_nonnull_class(p40, ConstClass(W_IntObject), descr=<Guard0x100779620>) [i1, i0, p3, p2, p40, p7, p9, p11, p13, p15, p17, p19, p21, p23, p25, p27, p29, p31, p33, p35, p37, p42, p75, p76, p48, p50, p52, p54, p56, p58, p60, p62, p64, p66, p68, p70]
+599: i78 = getfield_gc_pure(p40, descr=<FieldS pyrlang.interpreter.datatypes.number.W_IntObject.inst_intval 8>)
+603: i80 = int_lt(1, i78)
guard_true(i80, descr=<Guard0x1007795c8>) [i1, i0, p3, p2, p7, p9, p11, p13, p15, p17, p19, p21, p23, p25, p27, p29, p31, p33, p35, p37, p40, p42, p75, p76, p48, p50, p52, p54, p56, p58, p60, p62, p64, p66, p68, p70]
debug_merge_point(0, 0, '123 line 20')
debug_merge_point(0, 0, '124 gc_bif2 L0. 4. 4. x(0). #0. x(0)')
+613: i82 = int_sub(i78, 1)
debug_merge_point(0, 0, '125 move x(3). x(1)')
debug_merge_point(0, 0, '126 call_only 2. L28')
+617: i84 = int_sub(i0, 1)
+628: guard_false(i1, descr=<Guard0x100779570>) [i84, p3, p2, p7, p9, p11, p13, p15, p17, p19, p21, p23, p25, p27, p29, p31, p33, p35, p37, p76, p75, p48, p50, p52, p54, p56, p58, p60, p62, p64, p66, p68, p70, i82]
+644: i86 = int_le(i84, 0)
guard_false(i86, descr=<Guard0x100779518>) [i84, p3, p2, p7, p9, p11, p13, p15, p17, p19, p21, p23, p25, p27, p29, p31, p33, p35, p37, p76, p75, p48, p50, p52, p54, p56, p58, p60, p62, p64, p66, p68, p70, i82]
debug_merge_point(0, 0, '114 label 28')
debug_merge_point(0, 0, '115 is_eq_exact L29. x(0). #0')
+654: i88 = int_eq(i82, 1)
guard_false(i88, descr=<Guard0x1007794c0>) [i84, p3, p2, p7, p9, p11, p13, p15, p17, p19, p21, p23, p25, p27, p29, p31, p33, p35, p37, p76, p75, p48, p50, p52, p54, p56, p58, p60, p62, p64, p66, p68, p70, i82]
debug_merge_point(0, 0, '119 label 29')
+664: p89 = same_as(p71)
+667: label(i84, p2, p3, p71, p7, p9, p11, p13, p15, p17, p19, p21, p23, p25, p27, p29, p31, p33, p35, p37, i82, p76, p75, p48, p50, p52, p54, p56, p58, p60, p62, p64, p66, p68, p70, p89, descr=TargetToken(4302807792))
debug_merge_point(0, 0, '119 label 29')
debug_merge_point(0, 0, '120 is_nonempty_list L30. x(1)')
+701: guard_nonnull_class(p76, 4298161368, descr=<Guard0x100779468>) [i84, p3, p2, p76, p7, p9, p11, p13, p15, p17, p19, p21, p23, p25, p27, p29, p31, p33, p35, p37, p75, p48, p50, p52, p54, p56, p58, p60, p62, p64, p66, p68, p70, i82]
debug_merge_point(0, 0, '121 get_list x(1). x(2). x(3)')
+720: p90 = getfield_gc_pure(p76, descr=<FieldP pyrlang.interpreter.datatypes.list.W_ListObject.inst_left 8>)
+724: p91 = getfield_gc_pure(p76, descr=<FieldP pyrlang.interpreter.datatypes.list.W_ListObject.inst_right 16>)
debug_merge_point(0, 0, '122 is_lt L30. #0. x(0)')
+728: i92 = int_lt(1, i82)
guard_true(i92, descr=<Guard0x100779410>) [i84, p3, p2, p7, p9, p11, p13, p15, p17, p19, p21, p23, p25, p27, p29, p31, p33, p35, p37, p76, p90, p91, p48, p50, p52, p54, p56, p58, p60, p62, p64, p66, p68, p70, i82]
debug_merge_point(0, 0, '123 line 20')
debug_merge_point(0, 0, '124 gc_bif2 L0. 4. 4. x(0). #0. x(0)')
+738: i93 = int_sub(i82, 1)
debug_merge_point(0, 0, '125 move x(3). x(1)')
debug_merge_point(0, 0, '126 call_only 2. L28')
+742: i94 = int_sub(i84, 1)
+746: i95 = int_le(i94, 0)
guard_false(i95, descr=<Guard0x1007793b8>) [i94, p3, p2, p7, p9, p11, p13, p15, p17, p19, p21, p23, p25, p27, p29, p31, p33, p35, p37, p91, p90, p48, p50, p52, p54, p56, p58, p60, p62, p64, p66, p68, p70, i93, None]
debug_merge_point(0, 0, '114 label 28')
debug_merge_point(0, 0, '115 is_eq_exact L29. x(0). #0')
+756: i97 = int_eq(i93, 1)
guard_false(i97, descr=<Guard0x100779360>) [i94, p3, p2, p7, p9, p11, p13, p15, p17, p19, p21, p23, p25, p27, p29, p31, p33, p35, p37, p91, p90, p48, p50, p52, p54, p56, p58, p60, p62, p64, p66, p68, p70, i93, None]
debug_merge_point(0, 0, '119 label 29')
+766: jump(i94, p2, p3, p89, p7, p9, p11, p13, p15, p17, p19, p21, p23, p25, p27, p29, p31, p33, p35, p37, i93, p91, p90, p48, p50, p52, p54, p56, p58, p60, p62, p64, p66, p68, p70, p89, descr=TargetToken(4302807792))
+816: --end of the loop--
[418add9f33d0b3] jit-log-opt-loop}
[418add9f905279] {jit-log-opt-loop
# Loop 3 (119 label 29) : loop with 89 ops
[i0, i1, p2, p3, p4]
+134: p5 = getfield_gc(p3, descr=<FieldP pyrlang.interpreter.register.X_Register.inst_floats 16>)
+145: p7 = getarrayitem_gc(p5, 0, descr=<ArrayP 8>)
+149: p9 = getarrayitem_gc(p5, 1, descr=<ArrayP 8>)
+153: p11 = getarrayitem_gc(p5, 2, descr=<ArrayP 8>)
+157: p13 = getarrayitem_gc(p5, 3, descr=<ArrayP 8>)
+161: p15 = getarrayitem_gc(p5, 4, descr=<ArrayP 8>)
+165: p17 = getarrayitem_gc(p5, 5, descr=<ArrayP 8>)
+169: p19 = getarrayitem_gc(p5, 6, descr=<ArrayP 8>)
+173: p21 = getarrayitem_gc(p5, 7, descr=<ArrayP 8>)
+177: p23 = getarrayitem_gc(p5, 8, descr=<ArrayP 8>)
+181: p25 = getarrayitem_gc(p5, 9, descr=<ArrayP 8>)
+185: p27 = getarrayitem_gc(p5, 10, descr=<ArrayP 8>)
+189: p29 = getarrayitem_gc(p5, 11, descr=<ArrayP 8>)
+193: p31 = getarrayitem_gc(p5, 12, descr=<ArrayP 8>)
+204: p33 = getarrayitem_gc(p5, 13, descr=<ArrayP 8>)
+215: p35 = getarrayitem_gc(p5, 14, descr=<ArrayP 8>)
+229: p37 = getarrayitem_gc(p5, 15, descr=<ArrayP 8>)
+243: p38 = getfield_gc(p3, descr=<FieldP pyrlang.interpreter.register.X_Register.inst_regs 24>)
+261: p40 = getarrayitem_gc(p38, 0, descr=<ArrayP 8>)
+272: p42 = getarrayitem_gc(p38, 1, descr=<ArrayP 8>)
+283: p44 = getarrayitem_gc(p38, 2, descr=<ArrayP 8>)
+294: p46 = getarrayitem_gc(p38, 3, descr=<ArrayP 8>)
+305: p48 = getarrayitem_gc(p38, 4, descr=<ArrayP 8>)
+316: p50 = getarrayitem_gc(p38, 5, descr=<ArrayP 8>)
+327: p52 = getarrayitem_gc(p38, 6, descr=<ArrayP 8>)
+338: p54 = getarrayitem_gc(p38, 7, descr=<ArrayP 8>)
+349: p56 = getarrayitem_gc(p38, 8, descr=<ArrayP 8>)
+360: p58 = getarrayitem_gc(p38, 9, descr=<ArrayP 8>)
+371: p60 = getarrayitem_gc(p38, 10, descr=<ArrayP 8>)
+382: p62 = getarrayitem_gc(p38, 11, descr=<ArrayP 8>)
+386: p64 = getarrayitem_gc(p38, 12, descr=<ArrayP 8>)
+397: p66 = getarrayitem_gc(p38, 13, descr=<ArrayP 8>)
+408: p68 = getarrayitem_gc(p38, 14, descr=<ArrayP 8>)
+422: p70 = getarrayitem_gc(p38, 15, descr=<ArrayP 8>)
+436: label(i0, i1, p2, p3, p4, p7, p9, p11, p13, p15, p17, p19, p21, p23, p25, p27, p29, p31, p33, p35, p37, p40, p42, p44, p46, p48, p50, p52, p54, p56, p58, p60, p62, p64, p66, p68, p70, descr=TargetToken(4302808152))
debug_merge_point(0, 0, '119 label 29')
+525: p71 = getfield_gc(p2, descr=<FieldP pyrlang.interpreter.interp.Process.inst_y_reg 80>)
debug_merge_point(0, 0, '120 is_nonempty_list L30. x(1)')
+536: p72 = getfield_gc(p2, descr=<FieldP pyrlang.interpreter.interp.Process.inst_x_reg 72>)
+540: i73 = ptr_eq(p72, p3)
guard_true(i73, descr=<Guard0x100779830>) [i1, i0, p3, p2, p72, p7, p9, p11, p13, p15, p17, p19, p21, p23, p25, p27, p29, p31, p33, p35, p37, p40, p42, p44, p46, p48, p50, p52, p54, p56, p58, p60, p62, p64, p66, p68, p70]
+553: guard_nonnull_class(p42, 4298161368, descr=<Guard0x100779ca8>) [i1, i0, p3, p2, p42, p7, p9, p11, p13, p15, p17, p19, p21, p23, p25, p27, p29, p31, p33, p35, p37, p40, p44, p46, p48, p50, p52, p54, p56, p58, p60, p62, p64, p66, p68, p70]
debug_merge_point(0, 0, '121 get_list x(1). x(2). x(3)')
+572: p75 = getfield_gc_pure(p42, descr=<FieldP pyrlang.interpreter.datatypes.list.W_ListObject.inst_left 8>)
+576: p76 = getfield_gc_pure(p42, descr=<FieldP pyrlang.interpreter.datatypes.list.W_ListObject.inst_right 16>)
debug_merge_point(0, 0, '122 is_lt L30. #0. x(0)')
+580: guard_nonnull_class(p40, ConstClass(W_IntObject), descr=<Guard0x100779c50>) [i1, i0, p3, p2, p40, p7, p9, p11, p13, p15, p17, p19, p21, p23, p25, p27, p29, p31, p33, p35, p37, p42, p75, p76, p48, p50, p52, p54, p56, p58, p60, p62, p64, p66, p68, p70]
+599: i78 = getfield_gc_pure(p40, descr=<FieldS pyrlang.interpreter.datatypes.number.W_IntObject.inst_intval 8>)
+603: i80 = int_lt(1, i78)
guard_true(i80, descr=<Guard0x100779bf8>) [i1, i0, p3, p2, p7, p9, p11, p13, p15, p17, p19, p21, p23, p25, p27, p29, p31, p33, p35, p37, p40, p42, p75, p76, p48, p50, p52, p54, p56, p58, p60, p62, p64, p66, p68, p70]
debug_merge_point(0, 0, '123 line 20')
debug_merge_point(0, 0, '124 gc_bif2 L0. 4. 4. x(0). #0. x(0)')
+613: i82 = int_sub(i78, 1)
debug_merge_point(0, 0, '125 move x(3). x(1)')
debug_merge_point(0, 0, '126 call_only 2. L28')
+617: i84 = int_sub(i0, 1)
+628: guard_false(i1, descr=<Guard0x100779ba0>) [i84, p3, p2, p7, p9, p11, p13, p15, p17, p19, p21, p23, p25, p27, p29, p31, p33, p35, p37, p76, p75, p48, p50, p52, p54, p56, p58, p60, p62, p64, p66, p68, p70, i82]
+644: i86 = int_le(i84, 0)
guard_false(i86, descr=<Guard0x100779b48>) [i84, p3, p2, p7, p9, p11, p13, p15, p17, p19, p21, p23, p25, p27, p29, p31, p33, p35, p37, p76, p75, p48, p50, p52, p54, p56, p58, p60, p62, p64, p66, p68, p70, i82]
debug_merge_point(0, 0, '114 label 28')
debug_merge_point(0, 0, '115 is_eq_exact L29. x(0). #0')
+654: i88 = int_eq(i82, 1)
guard_false(i88, descr=<Guard0x100779af0>) [i84, p3, p2, p7, p9, p11, p13, p15, p17, p19, p21, p23, p25, p27, p29, p31, p33, p35, p37, p76, p75, p48, p50, p52, p54, p56, p58, p60, p62, p64, p66, p68, p70, i82]
debug_merge_point(0, 0, '119 label 29')
+664: p89 = same_as(p71)
+667: label(i84, p2, p3, p71, p7, p9, p11, p13, p15, p17, p19, p21, p23, p25, p27, p29, p31, p33, p35, p37, i82, p76, p75, p48, p50, p52, p54, p56, p58, p60, p62, p64, p66, p68, p70, p89, descr=TargetToken(4302808224))
debug_merge_point(0, 0, '119 label 29')
debug_merge_point(0, 0, '120 is_nonempty_list L30. x(1)')
+701: guard_nonnull_class(p76, 4298161368, descr=<Guard0x100779a98>) [i84, p3, p2, p76, p7, p9, p11, p13, p15, p17, p19, p21, p23, p25, p27, p29, p31, p33, p35, p37, p75, p48, p50, p52, p54, p56, p58, p60, p62, p64, p66, p68, p70, i82]
debug_merge_point(0, 0, '121 get_list x(1). x(2). x(3)')
+720: p90 = getfield_gc_pure(p76, descr=<FieldP pyrlang.interpreter.datatypes.list.W_ListObject.inst_left 8>)
+724: p91 = getfield_gc_pure(p76, descr=<FieldP pyrlang.interpreter.datatypes.list.W_ListObject.inst_right 16>)
debug_merge_point(0, 0, '122 is_lt L30. #0. x(0)')
+728: i92 = int_lt(1, i82)
guard_true(i92, descr=<Guard0x100779a40>) [i84, p3, p2, p7, p9, p11, p13, p15, p17, p19, p21, p23, p25, p27, p29, p31, p33, p35, p37, p76, p90, p91, p48, p50, p52, p54, p56, p58, p60, p62, p64, p66, p68, p70, i82]
debug_merge_point(0, 0, '123 line 20')
debug_merge_point(0, 0, '124 gc_bif2 L0. 4. 4. x(0). #0. x(0)')
+738: i93 = int_sub(i82, 1)
debug_merge_point(0, 0, '125 move x(3). x(1)')
debug_merge_point(0, 0, '126 call_only 2. L28')
+742: i94 = int_sub(i84, 1)
+746: i95 = int_le(i94, 0)
guard_false(i95, descr=<Guard0x1007799e8>) [i94, p3, p2, p7, p9, p11, p13, p15, p17, p19, p21, p23, p25, p27, p29, p31, p33, p35, p37, p91, p90, p48, p50, p52, p54, p56, p58, p60, p62, p64, p66, p68, p70, i93, None]
debug_merge_point(0, 0, '114 label 28')
debug_merge_point(0, 0, '115 is_eq_exact L29. x(0). #0')
+756: i97 = int_eq(i93, 1)
guard_false(i97, descr=<Guard0x100779990>) [i94, p3, p2, p7, p9, p11, p13, p15, p17, p19, p21, p23, p25, p27, p29, p31, p33, p35, p37, p91, p90, p48, p50, p52, p54, p56, p58, p60, p62, p64, p66, p68, p70, i93, None]
debug_merge_point(0, 0, '119 label 29')
+766: jump(i94, p2, p3, p89, p7, p9, p11, p13, p15, p17, p19, p21, p23, p25, p27, p29, p31, p33, p35, p37, i93, p91, p90, p48, p50, p52, p54, p56, p58, p60, p62, p64, p66, p68, p70, p89, descr=TargetToken(4302808224))
+816: --end of the loop--
[418add9f980cff] jit-log-opt-loop}
[418addb60207e2] {jit-log-opt-bridge
# bridge out of Guard 0x1007783e8 with 4 ops
[i0, p1, p2, p3, p4, p5, p6, p7, p8, p9, p10, p11, p12, p13, p14, p15, p16, p17, p18, p19, p20, p21, p22, p23, p24, p25, p26, p27, p28, p29, p30, p31, p32, i33]
+59: p34 = force_token()
+91: setfield_gc(p1, p34, descr=<FieldP pyrlang.interpreter.register.X_Register.vable_token 8>)
+95: guard_not_forced_2(descr=<Guard0x101ce4498>) [p3, p4, p5, p6, p7, p8, p9, p10, p11, p12, p13, p14, p15, p16, p17, p18, p19, p20, p21, p22, p23, p24, p25, p26, p27, p28, p29, p30, p31, p32, p1, i33]
+130: finish(ConstPtr(ptr35), descr=<DoneWithThisFrameDescrRef object at 0x1003465a0>)
+240: --end of the loop--
[418addb6036386] jit-log-opt-bridge}
[418addcb181a33] {jit-log-opt-bridge
# bridge out of Guard 0x1007799e8 with 4 ops
[i0, p1, p2, p3, p4, p5, p6, p7, p8, p9, p10, p11, p12, p13, p14, p15, p16, p17, p18, p19, p20, p21, p22, p23, p24, p25, p26, p27, p28, p29, p30, p31, p32, i33]
+59: p34 = force_token()
+91: setfield_gc(p1, p34, descr=<FieldP pyrlang.interpreter.register.X_Register.vable_token 8>)
+95: guard_not_forced_2(descr=<Guard0x101ce44f0>) [p3, p4, p5, p6, p7, p8, p9, p10, p11, p12, p13, p14, p15, p16, p17, p18, p19, p20, p21, p22, p23, p24, p25, p26, p27, p28, p29, p30, p31, p32, p1, i33]
+130: finish(ConstPtr(ptr35), descr=<DoneWithThisFrameDescrRef object at 0x1003465a0>)
+240: --end of the loop--
[418addcb198450] jit-log-opt-bridge}
[418ade166280b6] {jit-log-opt-bridge
# bridge out of Guard 0x100779678 with 28 ops
[i0, i1, p2, p3, p4, p5, p6, p7, p8, p9, p10, p11, p12, p13, p14, p15, p16, p17, p18, p19, p20, p21, p22, p23, p24, p25, p26, p27, p28, p29, p30, p31, p32, p33, p34, p35]
+59: guard_nonnull_class(p4, ConstClass(W_StrListObject), descr=<Guard0x101ce4548>) [i0, i1, p2, p3, p4, p5, p6, p7, p8, p9, p10, p11, p12, p13, p14, p15, p16, p17, p18, p19, p20, p21, p22, p23, p24, p25, p26, p27, p28, p29, p30, p31, p32, p33, p34, p35]
+78: p37 = getfield_gc(p3, descr=<FieldP pyrlang.interpreter.interp.Process.inst_y_reg 80>)
debug_merge_point(0, 0, '121 get_list x(1). x(2). x(3)')
+82: p38 = getfield_gc(p3, descr=<FieldP pyrlang.interpreter.interp.Process.inst_x_reg 72>)
+86: i39 = ptr_eq(p38, p2)
guard_true(i39, descr=<Guard0x101ce4808>) [i0, i1, p2, p3, p38, p5, p6, p7, p8, p9, p10, p11, p12, p13, p14, p15, p16, p17, p18, p19, p20, p21, p4, p22, p23, p24, p25, p26, p27, p28, p29, p30, p31, p32, p33, p34, p35]
+99: p40 = getfield_gc_pure(p4, descr=<FieldP pyrlang.interpreter.datatypes.list.W_ListObject.inst_left 8>)
+103: p41 = getfield_gc_pure(p4, descr=<FieldP pyrlang.interpreter.datatypes.list.W_ListObject.inst_right 16>)
debug_merge_point(0, 0, '122 is_lt L30. #0. x(0)')
+107: guard_nonnull_class(p21, ConstClass(W_IntObject), descr=<Guard0x101ce47b0>) [i0, i1, p2, p3, p21, p5, p6, p7, p8, p9, p10, p11, p12, p13, p14, p15, p16, p17, p18, p19, p20, p4, p40, p41, p24, p25, p26, p27, p28, p29, p30, p31, p32, p33, p34, p35]
+126: i43 = getfield_gc_pure(p21, descr=<FieldS pyrlang.interpreter.datatypes.number.W_IntObject.inst_intval 8>)
+130: i45 = int_lt(1, i43)
guard_true(i45, descr=<Guard0x101ce4758>) [i0, i1, p2, p3, p5, p6, p7, p8, p9, p10, p11, p12, p13, p14, p15, p16, p17, p18, p19, p20, p21, p4, p40, p41, p24, p25, p26, p27, p28, p29, p30, p31, p32, p33, p34, p35]
debug_merge_point(0, 0, '123 line 20')
debug_merge_point(0, 0, '124 gc_bif2 L0. 4. 4. x(0). #0. x(0)')
+140: i47 = int_sub(i43, 1)
debug_merge_point(0, 0, '125 move x(3). x(1)')
debug_merge_point(0, 0, '126 call_only 2. L28')
+145: i49 = int_sub(i1, 1)
+156: guard_false(i0, descr=<Guard0x101ce4700>) [i49, p2, p3, p5, p6, p7, p8, p9, p10, p11, p12, p13, p14, p15, p16, p17, p18, p19, p20, p41, p40, p24, p25, p26, p27, p28, p29, p30, p31, p32, p33, p34, p35, i47]
+172: i51 = int_le(i49, 0)
guard_false(i51, descr=<Guard0x101ce46a8>) [i49, p2, p3, p5, p6, p7, p8, p9, p10, p11, p12, p13, p14, p15, p16, p17, p18, p19, p20, p41, p40, p24, p25, p26, p27, p28, p29, p30, p31, p32, p33, p34, p35, i47]
debug_merge_point(0, 0, '114 label 28')
debug_merge_point(0, 0, '115 is_eq_exact L29. x(0). #0')
+182: i53 = int_eq(i47, 1)
guard_false(i53, descr=<Guard0x101ce4650>) [i49, p2, p3, p5, p6, p7, p8, p9, p10, p11, p12, p13, p14, p15, p16, p17, p18, p19, p20, p41, p40, p24, p25, p26, p27, p28, p29, p30, p31, p32, p33, p34, p35, i47]
debug_merge_point(0, 0, '119 label 29')
+192: jump(i49, p3, p2, p37, p5, p6, p7, p8, p9, p10, p11, p12, p13, p14, p15, p16, p17, p18, p19, p20, i47, p41, p40, p24, p25, p26, p27, p28, p29, p30, p31, p32, p33, p34, p35, p37, descr=TargetToken(4302807792))
+240: --end of the loop--
[418ade16689612] jit-log-opt-bridge}
[418ade19c4cac9] {jit-log-opt-loop
# Loop 4 (475 get_list x(0), x(2), x(3)) : entry bridge with 84 ops
[i0, i1, p2, p3, p4]
+134: p5 = getfield_gc(p3, descr=<FieldP pyrlang.interpreter.register.X_Register.inst_floats 16>)
+145: p7 = getarrayitem_gc(p5, 0, descr=<ArrayP 8>)
+149: p9 = getarrayitem_gc(p5, 1, descr=<ArrayP 8>)
+153: p11 = getarrayitem_gc(p5, 2, descr=<ArrayP 8>)
+157: p13 = getarrayitem_gc(p5, 3, descr=<ArrayP 8>)
+161: p15 = getarrayitem_gc(p5, 4, descr=<ArrayP 8>)
+165: p17 = getarrayitem_gc(p5, 5, descr=<ArrayP 8>)
+169: p19 = getarrayitem_gc(p5, 6, descr=<ArrayP 8>)
+173: p21 = getarrayitem_gc(p5, 7, descr=<ArrayP 8>)
+177: p23 = getarrayitem_gc(p5, 8, descr=<ArrayP 8>)
+181: p25 = getarrayitem_gc(p5, 9, descr=<ArrayP 8>)
+185: p27 = getarrayitem_gc(p5, 10, descr=<ArrayP 8>)
+189: p29 = getarrayitem_gc(p5, 11, descr=<ArrayP 8>)
+193: p31 = getarrayitem_gc(p5, 12, descr=<ArrayP 8>)
+204: p33 = getarrayitem_gc(p5, 13, descr=<ArrayP 8>)
+215: p35 = getarrayitem_gc(p5, 14, descr=<ArrayP 8>)
+229: p37 = getarrayitem_gc(p5, 15, descr=<ArrayP 8>)
+243: p38 = getfield_gc(p3, descr=<FieldP pyrlang.interpreter.register.X_Register.inst_regs 24>)
+261: p40 = getarrayitem_gc(p38, 0, descr=<ArrayP 8>)
+272: p42 = getarrayitem_gc(p38, 1, descr=<ArrayP 8>)
+283: p44 = getarrayitem_gc(p38, 2, descr=<ArrayP 8>)
+294: p46 = getarrayitem_gc(p38, 3, descr=<ArrayP 8>)
+305: p48 = getarrayitem_gc(p38, 4, descr=<ArrayP 8>)
+316: p50 = getarrayitem_gc(p38, 5, descr=<ArrayP 8>)
+327: p52 = getarrayitem_gc(p38, 6, descr=<ArrayP 8>)
+338: p54 = getarrayitem_gc(p38, 7, descr=<ArrayP 8>)
+349: p56 = getarrayitem_gc(p38, 8, descr=<ArrayP 8>)
+360: p58 = getarrayitem_gc(p38, 9, descr=<ArrayP 8>)
+371: p60 = getarrayitem_gc(p38, 10, descr=<ArrayP 8>)
+382: p62 = getarrayitem_gc(p38, 11, descr=<ArrayP 8>)
+386: p64 = getarrayitem_gc(p38, 12, descr=<ArrayP 8>)
+397: p66 = getarrayitem_gc(p38, 13, descr=<ArrayP 8>)
+408: p68 = getarrayitem_gc(p38, 14, descr=<ArrayP 8>)
+422: p70 = getarrayitem_gc(p38, 15, descr=<ArrayP 8>)
debug_merge_point(0, 0, '475 get_list x(0). x(2). x(3)')
+436: p71 = getfield_gc(p2, descr=<FieldP pyrlang.interpreter.interp.Process.inst_x_reg 72>)
+454: i72 = ptr_eq(p71, p3)
guard_true(i72, descr=<Guard0x101ce4b20>) [i1, i0, p3, p2, p71, p7, p9, p11, p13, p15, p17, p19, p21, p23, p25, p27, p29, p31, p33, p35, p37, p40, p42, p44, p46, p48, p50, p52, p54, p56, p58, p60, p62, p64, p66, p68, p70]
+467: p73 = getfield_gc_pure(p40, descr=<FieldP pyrlang.interpreter.datatypes.list.W_ListObject.inst_left 8>)
+471: p74 = getfield_gc_pure(p40, descr=<FieldP pyrlang.interpreter.datatypes.list.W_ListObject.inst_right 16>)
+475: p75 = getfield_gc(p2, descr=<FieldP pyrlang.interpreter.interp.Process.inst_y_reg 80>)
debug_merge_point(0, 0, '476 is_lt L94. #1. x(1)')
+479: guard_nonnull_class(p42, ConstClass(W_IntObject), descr=<Guard0x101ce4ee8>) [i1, i0, p3, p2, p42, p7, p9, p11, p13, p15, p17, p19, p21, p23, p25, p27, p29, p31, p33, p35, p37, p40, p73, p74, p48, p50, p52, p54, p56, p58, p60, p62, p64, p66, p68, p70]
+498: i77 = getfield_gc_pure(p42, descr=<FieldS pyrlang.interpreter.datatypes.number.W_IntObject.inst_intval 8>)
+509: i79 = int_lt(0, i77)
guard_true(i79, descr=<Guard0x101ce4e90>) [i1, i0, p3, p2, p7, p9, p11, p13, p15, p17, p19, p21, p23, p25, p27, p29, p31, p33, p35, p37, p40, p42, p73, p74, p48, p50, p52, p54, p56, p58, p60, p62, p64, p66, p68, p70]
debug_merge_point(0, 0, '477 allocate_zero 1. 4')
+519: i80 = getfield_gc(p75, descr=<FieldS pyrlang.interpreter.register.Y_Register.inst_val_top 40>)
+530: i82 = int_add(i80, 1)
+541: i83 = getfield_gc(p75, descr=<FieldS pyrlang.interpreter.register.Y_Register.inst_val_size 32>)
+545: setfield_gc(p75, i82, descr=<FieldS pyrlang.interpreter.register.Y_Register.inst_val_top 40>)
+549: i84 = int_ge(i82, i83)
guard_false(i84, descr=<Guard0x101ce4e38>) [i1, i0, p3, p2, i82, i83, p75, p7, p9, p11, p13, p15, p17, p19, p21, p23, p25, p27, p29, p31, p33, p35, p37, p40, p42, p73, p74, p48, p50, p52, p54, p56, p58, p60, p62, p64, p66, p68, p70]
+558: p85 = getfield_gc(p75, descr=<FieldP pyrlang.interpreter.register.Y_Register.inst_vals 48>)
+569: i87 = int_lt(i82, 0)
guard_false(i87, descr=<Guard0x101ce4de0>) [i1, i0, p3, p2, i82, p85, p75, p7, p9, p11, p13, p15, p17, p19, p21, p23, p25, p27, p29, p31, p33, p35, p37, p40, p42, p73, p74, p48, p50, p52, p54, p56, p58, p60, p62, p64, p66, p68, p70]
+579: setarrayitem_gc(p85, i82, ConstPtr(ptr88), descr=<ArrayP 8>)
debug_merge_point(0, 0, '478 line 56')
debug_merge_point(0, 0, '479 gc_bif2 L0. 4. 4. x(1). #0. x(1)')
+594: i90 = int_sub(i77, 1)
debug_merge_point(0, 0, '480 move x(3). x(0)')
debug_merge_point(0, 0, '481 move x(2). y(0)')
+639: setarrayitem_gc(p85, i82, p73, descr=<ArrayP 8>)
debug_merge_point(0, 0, '482 line 56')
debug_merge_point(0, 0, '483 call 2. L93')
+644: i91 = getfield_gc(p75, descr=<FieldS pyrlang.interpreter.register.Y_Register.inst_addr_top 16>)
+648: i93 = int_add(i91, 1)
+652: i94 = getfield_gc(p75, descr=<FieldS pyrlang.interpreter.register.Y_Register.inst_addr_size 8>)
+656: setfield_gc(p75, i93, descr=<FieldS pyrlang.interpreter.register.Y_Register.inst_addr_top 16>)
+660: i95 = int_ge(i93, i94)
guard_false(i95, descr=<Guard0x101ce4d88>) [i1, i0, p3, p2, i94, p75, p7, p9, p11, p13, p15, p17, p19, p21, p23, p25, p27, p29, p31, p33, p35, p37, p74, p73, p48, p50, p52, p54, p56, p58, p60, p62, p64, p66, p68, p70, i90]
+669: p96 = getfield_gc(p75, descr=<FieldP pyrlang.interpreter.register.Y_Register.inst_addrs 24>)
+680: i98 = int_lt(i93, 0)
guard_false(i98, descr=<Guard0x101ce4d30>) [i1, i0, p3, p2, i93, p96, p7, p9, p11, p13, p15, p17, p19, p21, p23, p25, p27, p29, p31, p33, p35, p37, p74, p73, p48, p50, p52, p54, p56, p58, p60, p62, p64, p66, p68, p70, i90]
+731: setarrayitem_gc(p96, i93, ConstPtr(ptr99), descr=<ArrayP 8>)
+746: i101 = int_sub(i0, 1)
+764: guard_false(i1, descr=<Guard0x101ce4cd8>) [i101, p3, p2, p7, p9, p11, p13, p15, p17, p19, p21, p23, p25, p27, p29, p31, p33, p35, p37, p74, p73, p48, p50, p52, p54, p56, p58, p60, p62, p64, p66, p68, p70, i90]
+787: i103 = int_le(i101, 0)
guard_false(i103, descr=<Guard0x101ce4c80>) [i101, p3, p2, p7, p9, p11, p13, p15, p17, p19, p21, p23, p25, p27, p29, p31, p33, p35, p37, p74, p73, p48, p50, p52, p54, p56, p58, p60, p62, p64, p66, p68, p70, i90]
debug_merge_point(0, 0, '473 label 93')
debug_merge_point(0, 0, '474 is_nonempty_list L94. x(0)')
+797: guard_nonnull_class(p74, 4298161368, descr=<Guard0x101ce4c28>) [i101, p3, p2, p74, p7, p9, p11, p13, p15, p17, p19, p21, p23, p25, p27, p29, p31, p33, p35, p37, p73, p48, p50, p52, p54, p56, p58, p60, p62, p64, p66, p68, p70, i90]
debug_merge_point(0, 0, '475 get_list x(0). x(2). x(3)')
+817: jump(i101, p2, p3, p75, p7, p9, p11, p13, p15, p17, p19, p21, p23, p25, p27, p29, p31, p33, p35, p37, p74, i90, p73, p48, p50, p52, p54, p56, p58, p60, p62, p64, p66, p68, p70, i82, p75, i83, p85, i93, i94, p96, descr=TargetToken(4302807144))
+1264: --end of the loop--
[418ade19cd8fc4] jit-log-opt-loop}
[418ade65787d90] {jit-log-opt-loop
# Loop 5 (473 label 93) : entry bridge with 87 ops
[i0, i1, p2, p3, p4]
+134: p5 = getfield_gc(p3, descr=<FieldP pyrlang.interpreter.register.X_Register.inst_floats 16>)
+145: p7 = getarrayitem_gc(p5, 0, descr=<ArrayP 8>)
+149: p9 = getarrayitem_gc(p5, 1, descr=<ArrayP 8>)
+153: p11 = getarrayitem_gc(p5, 2, descr=<ArrayP 8>)
+157: p13 = getarrayitem_gc(p5, 3, descr=<ArrayP 8>)
+161: p15 = getarrayitem_gc(p5, 4, descr=<ArrayP 8>)
+165: p17 = getarrayitem_gc(p5, 5, descr=<ArrayP 8>)
+169: p19 = getarrayitem_gc(p5, 6, descr=<ArrayP 8>)
+173: p21 = getarrayitem_gc(p5, 7, descr=<ArrayP 8>)
+177: p23 = getarrayitem_gc(p5, 8, descr=<ArrayP 8>)
+181: p25 = getarrayitem_gc(p5, 9, descr=<ArrayP 8>)
+185: p27 = getarrayitem_gc(p5, 10, descr=<ArrayP 8>)
+189: p29 = getarrayitem_gc(p5, 11, descr=<ArrayP 8>)
+193: p31 = getarrayitem_gc(p5, 12, descr=<ArrayP 8>)
+204: p33 = getarrayitem_gc(p5, 13, descr=<ArrayP 8>)
+215: p35 = getarrayitem_gc(p5, 14, descr=<ArrayP 8>)
+229: p37 = getarrayitem_gc(p5, 15, descr=<ArrayP 8>)
+243: p38 = getfield_gc(p3, descr=<FieldP pyrlang.interpreter.register.X_Register.inst_regs 24>)
+261: p40 = getarrayitem_gc(p38, 0, descr=<ArrayP 8>)
+272: p42 = getarrayitem_gc(p38, 1, descr=<ArrayP 8>)
+283: p44 = getarrayitem_gc(p38, 2, descr=<ArrayP 8>)
+294: p46 = getarrayitem_gc(p38, 3, descr=<ArrayP 8>)
+305: p48 = getarrayitem_gc(p38, 4, descr=<ArrayP 8>)
+316: p50 = getarrayitem_gc(p38, 5, descr=<ArrayP 8>)
+327: p52 = getarrayitem_gc(p38, 6, descr=<ArrayP 8>)
+338: p54 = getarrayitem_gc(p38, 7, descr=<ArrayP 8>)
+349: p56 = getarrayitem_gc(p38, 8, descr=<ArrayP 8>)
+360: p58 = getarrayitem_gc(p38, 9, descr=<ArrayP 8>)
+371: p60 = getarrayitem_gc(p38, 10, descr=<ArrayP 8>)
+382: p62 = getarrayitem_gc(p38, 11, descr=<ArrayP 8>)
+386: p64 = getarrayitem_gc(p38, 12, descr=<ArrayP 8>)
+397: p66 = getarrayitem_gc(p38, 13, descr=<ArrayP 8>)
+408: p68 = getarrayitem_gc(p38, 14, descr=<ArrayP 8>)
+422: p70 = getarrayitem_gc(p38, 15, descr=<ArrayP 8>)
debug_merge_point(0, 0, '473 label 93')
+436: p71 = getfield_gc(p2, descr=<FieldP pyrlang.interpreter.interp.Process.inst_y_reg 80>)
debug_merge_point(0, 0, '474 is_nonempty_list L94. x(0)')
+454: p72 = getfield_gc(p2, descr=<FieldP pyrlang.interpreter.interp.Process.inst_x_reg 72>)
+465: i73 = ptr_eq(p72, p3)
guard_true(i73, descr=<Guard0x101ce45f8>) [i1, i0, p3, p2, p72, p7, p9, p11, p13, p15, p17, p19, p21, p23, p25, p27, p29, p31, p33, p35, p37, p40, p42, p44, p46, p48, p50, p52, p54, p56, p58, p60, p62, p64, p66, p68, p70]
+478: guard_nonnull_class(p40, 4298161368, descr=<Guard0x101ce53b8>) [i1, i0, p3, p2, p40, p7, p9, p11, p13, p15, p17, p19, p21, p23, p25, p27, p29, p31, p33, p35, p37, p42, p44, p46, p48, p50, p52, p54, p56, p58, p60, p62, p64, p66, p68, p70]
debug_merge_point(0, 0, '475 get_list x(0). x(2). x(3)')
+497: p75 = getfield_gc_pure(p40, descr=<FieldP pyrlang.interpreter.datatypes.list.W_ListObject.inst_left 8>)
+501: p76 = getfield_gc_pure(p40, descr=<FieldP pyrlang.interpreter.datatypes.list.W_ListObject.inst_right 16>)
debug_merge_point(0, 0, '476 is_lt L94. #1. x(1)')
+505: guard_nonnull_class(p42, ConstClass(W_IntObject), descr=<Guard0x101ce5360>) [i1, i0, p3, p2, p42, p7, p9, p11, p13, p15, p17, p19, p21, p23, p25, p27, p29, p31, p33, p35, p37, p40, p75, p76, p48, p50, p52, p54, p56, p58, p60, p62, p64, p66, p68, p70]
+524: i78 = getfield_gc_pure(p42, descr=<FieldS pyrlang.interpreter.datatypes.number.W_IntObject.inst_intval 8>)
+528: i80 = int_lt(0, i78)
guard_true(i80, descr=<Guard0x101ce5308>) [i1, i0, p3, p2, p7, p9, p11, p13, p15, p17, p19, p21, p23, p25, p27, p29, p31, p33, p35, p37, p40, p42, p75, p76, p48, p50, p52, p54, p56, p58, p60, p62, p64, p66, p68, p70]
debug_merge_point(0, 0, '477 allocate_zero 1. 4')
+538: i81 = getfield_gc(p71, descr=<FieldS pyrlang.interpreter.register.Y_Register.inst_val_top 40>)
+549: i83 = int_add(i81, 1)
+560: i84 = getfield_gc(p71, descr=<FieldS pyrlang.interpreter.register.Y_Register.inst_val_size 32>)
+564: setfield_gc(p71, i83, descr=<FieldS pyrlang.interpreter.register.Y_Register.inst_val_top 40>)
+568: i85 = int_ge(i83, i84)
guard_false(i85, descr=<Guard0x101ce52b0>) [i1, i0, p3, p2, i83, i84, p71, p7, p9, p11, p13, p15, p17, p19, p21, p23, p25, p27, p29, p31, p33, p35, p37, p40, p42, p75, p76, p48, p50, p52, p54, p56, p58, p60, p62, p64, p66, p68, p70]
+577: p86 = getfield_gc(p71, descr=<FieldP pyrlang.interpreter.register.Y_Register.inst_vals 48>)
+588: i88 = int_lt(i83, 0)
guard_false(i88, descr=<Guard0x101ce5258>) [i1, i0, p3, p2, i83, p86, p71, p7, p9, p11, p13, p15, p17, p19, p21, p23, p25, p27, p29, p31, p33, p35, p37, p40, p42, p75, p76, p48, p50, p52, p54, p56, p58, p60, p62, p64, p66, p68, p70]
+598: setarrayitem_gc(p86, i83, ConstPtr(ptr89), descr=<ArrayP 8>)
debug_merge_point(0, 0, '478 line 56')
debug_merge_point(0, 0, '479 gc_bif2 L0. 4. 4. x(1). #0. x(1)')
+613: i91 = int_sub(i78, 1)
debug_merge_point(0, 0, '480 move x(3). x(0)')
debug_merge_point(0, 0, '481 move x(2). y(0)')
+658: setarrayitem_gc(p86, i83, p75, descr=<ArrayP 8>)
debug_merge_point(0, 0, '482 line 56')
debug_merge_point(0, 0, '483 call 2. L93')
+663: i92 = getfield_gc(p71, descr=<FieldS pyrlang.interpreter.register.Y_Register.inst_addr_top 16>)
+667: i94 = int_add(i92, 1)
+671: i95 = getfield_gc(p71, descr=<FieldS pyrlang.interpreter.register.Y_Register.inst_addr_size 8>)
+675: setfield_gc(p71, i94, descr=<FieldS pyrlang.interpreter.register.Y_Register.inst_addr_top 16>)
+679: i96 = int_ge(i94, i95)
guard_false(i96, descr=<Guard0x101ce5200>) [i1, i0, p3, p2, i95, p71, p7, p9, p11, p13, p15, p17, p19, p21, p23, p25, p27, p29, p31, p33, p35, p37, p76, p75, p48, p50, p52, p54, p56, p58, p60, p62, p64, p66, p68, p70, i91]
+688: p97 = getfield_gc(p71, descr=<FieldP pyrlang.interpreter.register.Y_Register.inst_addrs 24>)
+699: i99 = int_lt(i94, 0)
guard_false(i99, descr=<Guard0x101ce51a8>) [i1, i0, p3, p2, i94, p97, p7, p9, p11, p13, p15, p17, p19, p21, p23, p25, p27, p29, p31, p33, p35, p37, p76, p75, p48, p50, p52, p54, p56, p58, p60, p62, p64, p66, p68, p70, i91]
+750: setarrayitem_gc(p97, i94, ConstPtr(ptr100), descr=<ArrayP 8>)
+765: i102 = int_sub(i0, 1)
+783: guard_false(i1, descr=<Guard0x101ce5150>) [i102, p3, p2, p7, p9, p11, p13, p15, p17, p19, p21, p23, p25, p27, p29, p31, p33, p35, p37, p76, p75, p48, p50, p52, p54, p56, p58, p60, p62, p64, p66, p68, p70, i91]
+806: i104 = int_le(i102, 0)
guard_false(i104, descr=<Guard0x101ce50f8>) [i102, p3, p2, p7, p9, p11, p13, p15, p17, p19, p21, p23, p25, p27, p29, p31, p33, p35, p37, p76, p75, p48, p50, p52, p54, p56, p58, p60, p62, p64, p66, p68, p70, i91]
debug_merge_point(0, 0, '473 label 93')
debug_merge_point(0, 0, '474 is_nonempty_list L94. x(0)')
+816: guard_nonnull_class(p76, 4298161368, descr=<Guard0x101ce4bd0>) [i102, p3, p2, p76, p7, p9, p11, p13, p15, p17, p19, p21, p23, p25, p27, p29, p31, p33, p35, p37, p75, p48, p50, p52, p54, p56, p58, p60, p62, p64, p66, p68, p70, i91]
debug_merge_point(0, 0, '475 get_list x(0). x(2). x(3)')
+836: jump(i102, p2, p3, p71, p7, p9, p11, p13, p15, p17, p19, p21, p23, p25, p27, p29, p31, p33, p35, p37, p76, i91, p75, p48, p50, p52, p54, p56, p58, p60, p62, p64, p66, p68, p70, i83, p71, i84, p86, i94, i95, p97, descr=TargetToken(4302807144))
+1296: --end of the loop--
[418ade65850956] jit-log-opt-loop}
[418adefa6d9175] {jit-log-opt-bridge
# bridge out of Guard 0x100779468 with 25 ops
[i0, p1, p2, p3, p4, p5, p6, p7, p8, p9, p10, p11, p12, p13, p14, p15, p16, p17, p18, p19, p20, p21, p22, p23, p24, p25, p26, p27, p28, p29, p30, p31, p32, i33]
+59: guard_nonnull_class(p3, ConstClass(W_StrListObject), descr=<Guard0x101ce4b78>) [i0, p1, p2, p3, p4, p5, p6, p7, p8, p9, p10, p11, p12, p13, p14, p15, p16, p17, p18, p19, p20, p21, p22, p23, p24, p25, p26, p27, p28, p29, p30, p31, p32, i33]
+78: p35 = getfield_gc(p2, descr=<FieldP pyrlang.interpreter.interp.Process.inst_y_reg 80>)
debug_merge_point(0, 0, '121 get_list x(1). x(2). x(3)')
+89: p36 = getfield_gc(p2, descr=<FieldP pyrlang.interpreter.interp.Process.inst_x_reg 72>)
+93: i37 = ptr_eq(p36, p1)
guard_true(i37, descr=<Guard0x101ce57d8>) [i0, p1, p2, p36, p4, p5, p6, p7, p8, p9, p10, p11, p12, p13, p14, p15, p16, p17, p18, p19, p3, p20, p21, p22, p23, p24, p25, p26, p27, p28, p29, p30, p31, p32, i33]
+106: p38 = getfield_gc_pure(p3, descr=<FieldP pyrlang.interpreter.datatypes.list.W_ListObject.inst_left 8>)
+110: p39 = getfield_gc_pure(p3, descr=<FieldP pyrlang.interpreter.datatypes.list.W_ListObject.inst_right 16>)
debug_merge_point(0, 0, '122 is_lt L30. #0. x(0)')
+114: i41 = int_lt(1, i33)
guard_true(i41, descr=<Guard0x101ce5780>) [i0, p1, p2, p4, p5, p6, p7, p8, p9, p10, p11, p12, p13, p14, p15, p16, p17, p18, p19, p3, p38, p39, p21, p22, p23, p24, p25, p26, p27, p28, p29, p30, p31, p32, i33]
debug_merge_point(0, 0, '123 line 20')
debug_merge_point(0, 0, '124 gc_bif2 L0. 4. 4. x(0). #0. x(0)')
+124: i43 = int_sub(i33, 1)
debug_merge_point(0, 0, '125 move x(3). x(1)')
debug_merge_point(0, 0, '126 call_only 2. L28')
+128: i45 = int_sub(i0, 1)
+132: i47 = int_le(i45, 0)
guard_false(i47, descr=<Guard0x101ce5728>) [i45, p1, p2, p4, p5, p6, p7, p8, p9, p10, p11, p12, p13, p14, p15, p16, p17, p18, p19, p39, p38, p21, p22, p23, p24, p25, p26, p27, p28, p29, p30, p31, p32, i43, None]
debug_merge_point(0, 0, '114 label 28')
debug_merge_point(0, 0, '115 is_eq_exact L29. x(0). #0')
+142: i50 = int_eq(i43, 1)
guard_false(i50, descr=<Guard0x101ce56d0>) [i45, p1, p2, p4, p5, p6, p7, p8, p9, p10, p11, p12, p13, p14, p15, p16, p17, p18, p19, p39, p38, p21, p22, p23, p24, p25, p26, p27, p28, p29, p30, p31, p32, i43, None]
debug_merge_point(0, 0, '119 label 29')
+152: jump(i45, p2, p1, p35, p4, p5, p6, p7, p8, p9, p10, p11, p12, p13, p14, p15, p16, p17, p18, p19, i43, p39, p38, p21, p22, p23, p24, p25, p26, p27, p28, p29, p30, p31, p32, p35, descr=TargetToken(4302807792))
+208: --end of the loop--
[418adefa73759f] jit-log-opt-bridge}
[418adf5a5b9f9a] {jit-log-opt-loop
# Loop 6 (114 label 28) : entry bridge with 70 ops
[i0, i1, p2, p3, p4]
+134: p5 = getfield_gc(p3, descr=<FieldP pyrlang.interpreter.register.X_Register.inst_floats 16>)
+145: p7 = getarrayitem_gc(p5, 0, descr=<ArrayP 8>)
+149: p9 = getarrayitem_gc(p5, 1, descr=<ArrayP 8>)
+153: p11 = getarrayitem_gc(p5, 2, descr=<ArrayP 8>)
+157: p13 = getarrayitem_gc(p5, 3, descr=<ArrayP 8>)
+161: p15 = getarrayitem_gc(p5, 4, descr=<ArrayP 8>)
+165: p17 = getarrayitem_gc(p5, 5, descr=<ArrayP 8>)
+169: p19 = getarrayitem_gc(p5, 6, descr=<ArrayP 8>)
+173: p21 = getarrayitem_gc(p5, 7, descr=<ArrayP 8>)
+177: p23 = getarrayitem_gc(p5, 8, descr=<ArrayP 8>)
+181: p25 = getarrayitem_gc(p5, 9, descr=<ArrayP 8>)
+185: p27 = getarrayitem_gc(p5, 10, descr=<ArrayP 8>)
+189: p29 = getarrayitem_gc(p5, 11, descr=<ArrayP 8>)
+193: p31 = getarrayitem_gc(p5, 12, descr=<ArrayP 8>)
+204: p33 = getarrayitem_gc(p5, 13, descr=<ArrayP 8>)
+215: p35 = getarrayitem_gc(p5, 14, descr=<ArrayP 8>)
+229: p37 = getarrayitem_gc(p5, 15, descr=<ArrayP 8>)
+243: p38 = getfield_gc(p3, descr=<FieldP pyrlang.interpreter.register.X_Register.inst_regs 24>)
+261: p40 = getarrayitem_gc(p38, 0, descr=<ArrayP 8>)
+272: p42 = getarrayitem_gc(p38, 1, descr=<ArrayP 8>)
+283: p44 = getarrayitem_gc(p38, 2, descr=<ArrayP 8>)
+294: p46 = getarrayitem_gc(p38, 3, descr=<ArrayP 8>)
+305: p48 = getarrayitem_gc(p38, 4, descr=<ArrayP 8>)
+316: p50 = getarrayitem_gc(p38, 5, descr=<ArrayP 8>)
+327: p52 = getarrayitem_gc(p38, 6, descr=<ArrayP 8>)
+338: p54 = getarrayitem_gc(p38, 7, descr=<ArrayP 8>)
+349: p56 = getarrayitem_gc(p38, 8, descr=<ArrayP 8>)
+360: p58 = getarrayitem_gc(p38, 9, descr=<ArrayP 8>)
+371: p60 = getarrayitem_gc(p38, 10, descr=<ArrayP 8>)
+382: p62 = getarrayitem_gc(p38, 11, descr=<ArrayP 8>)
+386: p64 = getarrayitem_gc(p38, 12, descr=<ArrayP 8>)
+397: p66 = getarrayitem_gc(p38, 13, descr=<ArrayP 8>)
+408: p68 = getarrayitem_gc(p38, 14, descr=<ArrayP 8>)
+422: p70 = getarrayitem_gc(p38, 15, descr=<ArrayP 8>)
debug_merge_point(0, 0, '114 label 28')
+436: p71 = getfield_gc(p2, descr=<FieldP pyrlang.interpreter.interp.Process.inst_y_reg 80>)
debug_merge_point(0, 0, '115 is_eq_exact L29. x(0). #0')
+454: p72 = getfield_gc(p2, descr=<FieldP pyrlang.interpreter.interp.Process.inst_x_reg 72>)
+465: i73 = ptr_eq(p72, p3)
guard_true(i73, descr=<Guard0x1007780d0>) [i1, i0, p3, p2, p72, p7, p9, p11, p13, p15, p17, p19, p21, p23, p25, p27, p29, p31, p33, p35, p37, p40, p42, p44, p46, p48, p50, p52, p54, p56, p58, p60, p62, p64, p66, p68, p70]
+478: guard_class(p40, ConstClass(W_IntObject), descr=<Guard0x100778078>) [i1, i0, p3, p2, p40, p7, p9, p11, p13, p15, p17, p19, p21, p23, p25, p27, p29, p31, p33, p35, p37, p42, p44, p46, p48, p50, p52, p54, p56, p58, p60, p62, p64, p66, p68, p70]
+491: i75 = getfield_gc_pure(p40, descr=<FieldS pyrlang.interpreter.datatypes.number.W_IntObject.inst_intval 8>)
+495: i77 = int_eq(i75, 1)
guard_false(i77, descr=<Guard0x100778020>) [i1, i0, p3, p2, p7, p9, p11, p13, p15, p17, p19, p21, p23, p25, p27, p29, p31, p33, p35, p37, p40, p42, p44, p46, p48, p50, p52, p54, p56, p58, p60, p62, p64, p66, p68, p70]
debug_merge_point(0, 0, '119 label 29')
+505: p78 = same_as(p71)
+515: label(i0, i1, p2, p3, p71, p7, p9, p11, p13, p15, p17, p19, p21, p23, p25, p27, p29, p31, p33, p35, p37, p40, p42, p44, p46, p48, p50, p52, p54, p56, p58, p60, p62, p64, p66, p68, p70, i75, p78, descr=TargetToken(4302807216))
debug_merge_point(0, 0, '120 is_nonempty_list L30. x(1)')
+605: guard_nonnull_class(p42, 4298161368, descr=<Guard0x100778ac8>) [i1, i0, p3, p2, p42, p7, p9, p11, p13, p15, p17, p19, p21, p23, p25, p27, p29, p31, p33, p35, p37, p40, p44, p46, p48, p50, p52, p54, p56, p58, p60, p62, p64, p66, p68, p70]
debug_merge_point(0, 0, '121 get_list x(1). x(2). x(3)')
+624: p80 = getfield_gc_pure(p42, descr=<FieldP pyrlang.interpreter.datatypes.list.W_ListObject.inst_left 8>)
+628: p81 = getfield_gc_pure(p42, descr=<FieldP pyrlang.interpreter.datatypes.list.W_ListObject.inst_right 16>)
debug_merge_point(0, 0, '122 is_lt L30. #0. x(0)')
+632: i83 = int_lt(1, i75)
guard_true(i83, descr=<Guard0x1007792b0>) [i1, i0, p3, p2, p7, p9, p11, p13, p15, p17, p19, p21, p23, p25, p27, p29, p31, p33, p35, p37, p40, p42, p80, p81, p48, p50, p52, p54, p56, p58, p60, p62, p64, p66, p68, p70]
debug_merge_point(0, 0, '123 line 20')
debug_merge_point(0, 0, '124 gc_bif2 L0. 4. 4. x(0). #0. x(0)')
+642: i85 = int_sub(i75, 1)
debug_merge_point(0, 0, '125 move x(3). x(1)')
debug_merge_point(0, 0, '126 call_only 2. L28')
+646: i87 = int_sub(i0, 1)
+657: guard_false(i1, descr=<Guard0x100779258>) [i87, p3, p2, p7, p9, p11, p13, p15, p17, p19, p21, p23, p25, p27, p29, p31, p33, p35, p37, p81, p80, p48, p50, p52, p54, p56, p58, p60, p62, p64, p66, p68, p70, i85]
+673: i89 = int_le(i87, 0)
guard_false(i89, descr=<Guard0x100779150>) [i87, p3, p2, p7, p9, p11, p13, p15, p17, p19, p21, p23, p25, p27, p29, p31, p33, p35, p37, p81, p80, p48, p50, p52, p54, p56, p58, p60, p62, p64, p66, p68, p70, i85]
debug_merge_point(0, 0, '114 label 28')
debug_merge_point(0, 0, '115 is_eq_exact L29. x(0). #0')
+683: i91 = int_eq(i85, 1)
guard_false(i91, descr=<Guard0x1007790f8>) [i87, p3, p2, p7, p9, p11, p13, p15, p17, p19, p21, p23, p25, p27, p29, p31, p33, p35, p37, p81, p80, p48, p50, p52, p54, p56, p58, p60, p62, p64, p66, p68, p70, i85]
debug_merge_point(0, 0, '119 label 29')
+693: jump(i87, p2, p3, p78, p7, p9, p11, p13, p15, p17, p19, p21, p23, p25, p27, p29, p31, p33, p35, p37, i85, p81, p80, p48, p50, p52, p54, p56, p58, p60, p62, p64, p66, p68, p70, p78, descr=TargetToken(4302808224))
+1152: --end of the loop--
[418adf5a63680a] jit-log-opt-loop}
[418ae04f44fcd5] {jit-log-opt-bridge
# bridge out of Guard 0x100778390 with 58 ops
[i0, p1, p2, p3, p4, p5, p6, p7, p8, p9, p10, p11, p12, p13, p14, p15, p16, p17, p18, p19, p20, p21, p22, p23, p24, p25, p26, p27, p28, p29, p30, p31, p32, i33]
+59: guard_nonnull_class(p3, ConstClass(W_NilObject), descr=<Guard0x101ce5bf8>) [i0, p1, p2, p3, p4, p5, p6, p7, p8, p9, p10, p11, p12, p13, p14, p15, p16, p17, p18, p19, p20, p21, p22, p23, p24, p25, p26, p27, p28, p29, p30, p31, p32, i33]
+78: p35 = getfield_gc(p2, descr=<FieldP pyrlang.interpreter.interp.Process.inst_y_reg 80>)
debug_merge_point(0, 0, '488 label 94')
debug_merge_point(0, 0, '489 is_eq_exact L95. x(1). #1')
+89: p36 = getfield_gc(p2, descr=<FieldP pyrlang.interpreter.interp.Process.inst_x_reg 72>)
+93: i37 = ptr_eq(p36, p1)
guard_true(i37, descr=<Guard0x100778910>) [i0, p1, p2, p36, p4, p5, p6, p7, p8, p9, p10, p11, p12, p13, p14, p15, p16, p17, p18, p19, p3, p20, p21, p22, p23, p24, p25, p26, p27, p28, p29, p30, p31, p32, i33]
+106: i39 = int_eq(i33, 0)
guard_false(i39, descr=<Guard0x100778338>) [i0, p1, p2, p4, p5, p6, p7, p8, p9, p10, p11, p12, p13, p14, p15, p16, p17, p18, p19, p3, p20, p21, p22, p23, p24, p25, p26, p27, p28, p29, p30, p31, p32, i33]
debug_merge_point(0, 0, '492 label 95')
debug_merge_point(0, 0, '493 is_list L92. x(0)')
debug_merge_point(0, 0, '494 is_lt L92. #1. x(1)')
+116: i41 = int_lt(0, i33)
guard_true(i41, descr=<Guard0x1007781d8>) [i0, p1, p2, p4, p5, p6, p7, p8, p9, p10, p11, p12, p13, p14, p15, p16, p17, p18, p19, p3, p20, p21, p22, p23, p24, p25, p26, p27, p28, p29, p30, p31, p32, i33]
debug_merge_point(0, 0, '495 move nil. x(0)')
debug_merge_point(0, 0, '496 return ')
+126: i42 = getfield_gc(p35, descr=<FieldS pyrlang.interpreter.register.Y_Register.inst_addr_top 16>)
+131: i44 = int_eq(i42, -1)
guard_false(i44, descr=<Guard0x101ce5f68>) [i0, p35, p1, p2, p4, p5, p6, p7, p8, p9, p10, p11, p12, p13, p14, p15, p16, p17, p18, p19, p20, p3, p21, p22, p23, p24, p25, p26, p27, p28, p29, p30, p31, p32, i33]
+141: p45 = getfield_gc(p35, descr=<FieldP pyrlang.interpreter.register.Y_Register.inst_addrs 24>)
+146: i47 = int_lt(i42, 0)
guard_false(i47, descr=<Guard0x101ce5f10>) [i0, i42, p35, p45, p1, p2, p4, p5, p6, p7, p8, p9, p10, p11, p12, p13, p14, p15, p16, p17, p18, p19, p20, p3, p21, p22, p23, p24, p25, p26, p27, p28, p29, p30, p31, p32, i33]
+156: p48 = getarrayitem_gc(p45, i42, descr=<ArrayP 8>)
+161: i50 = int_sub(i42, 1)
+165: p51 = getfield_gc_pure(p48, descr=<FieldP tuple2.item0 8>)
+169: i52 = getfield_gc_pure(p48, descr=<FieldS tuple2.item1 16>)
+173: setfield_gc(p35, i50, descr=<FieldS pyrlang.interpreter.register.Y_Register.inst_addr_top 16>)
+178: guard_value(i52, 484, descr=<Guard0x101ce5eb8>) [i0, i52, p35, p1, p2, p51, p4, p5, p6, p7, p8, p9, p10, p11, p12, p13, p14, p15, p16, p17, p18, p19, p20, p3, p21, p22, p23, p24, p25, p26, p27, p28, p29, p30, p31, p32, i33]
+191: guard_value(p51, ConstPtr(ptr54), descr=<Guard0x101ce5e60>) [i0, p35, p1, p2, p51, p4, p5, p6, p7, p8, p9, p10, p11, p12, p13, p14, p15, p16, p17, p18, p19, p20, p3, p21, p22, p23, p24, p25, p26, p27, p28, p29, p30, p31, p32, i33]
debug_merge_point(0, 0, '484 test_heap 2. 1')
debug_merge_point(0, 0, '485 put_list y(0). x(0). x(0)')
+210: i55 = getfield_gc(p35, descr=<FieldS pyrlang.interpreter.register.Y_Register.inst_val_top 40>)
+215: p56 = getfield_gc(p35, descr=<FieldP pyrlang.interpreter.register.Y_Register.inst_vals 48>)
+220: p57 = getarrayitem_gc(p56, i55, descr=<ArrayP 8>)
debug_merge_point(0, 0, '486 deallocate 1')
+225: i59 = int_sub(i55, 1)
debug_merge_point(0, 0, '487 return ')
+229: setfield_gc(p35, i59, descr=<FieldS pyrlang.interpreter.register.Y_Register.inst_val_top 40>)
+234: i61 = int_eq(i50, -1)
guard_false(i61, descr=<Guard0x101ce5e08>) [i0, p35, p1, p2, p4, p5, p6, p7, p8, p9, p10, p11, p12, p13, p14, p15, p16, p17, p18, p19, p20, p3, p21, p22, p23, p24, p25, p26, p27, p28, p29, p30, p31, p32, p57, i33]
+244: i63 = int_lt(i50, 0)
guard_false(i63, descr=<Guard0x101ce5db0>) [i0, i50, p35, p45, p1, p2, p4, p5, p6, p7, p8, p9, p10, p11, p12, p13, p14, p15, p16, p17, p18, p19, p20, p3, p21, p22, p23, p24, p25, p26, p27, p28, p29, p30, p31, p32, p57, i33]
+254: p64 = getarrayitem_gc(p45, i50, descr=<ArrayP 8>)
+259: i66 = int_sub(i50, 1)
+263: p67 = getfield_gc_pure(p64, descr=<FieldP tuple2.item0 8>)
+267: i68 = getfield_gc_pure(p64, descr=<FieldS tuple2.item1 16>)
+271: setfield_gc(p35, i66, descr=<FieldS pyrlang.interpreter.register.Y_Register.inst_addr_top 16>)
+276: guard_value(i68, 484, descr=<Guard0x101ce5d58>) [i0, i68, p35, p1, p2, p67, p4, p5, p6, p7, p8, p9, p10, p11, p12, p13, p14, p15, p16, p17, p18, p19, p20, p3, p21, p22, p23, p24, p25, p26, p27, p28, p29, p30, p31, p32, p57, i33]
+289: guard_value(p67, ConstPtr(ptr70), descr=<Guard0x101ce5d00>) [i0, p35, p1, p2, p67, p4, p5, p6, p7, p8, p9, p10, p11, p12, p13, p14, p15, p16, p17, p18, p19, p20, p3, p21, p22, p23, p24, p25, p26, p27, p28, p29, p30, p31, p32, p57, i33]
debug_merge_point(0, 0, '484 test_heap 2. 1')
+308: p71 = same_as(p35)
+308: label(i0, p2, p1, p35, p4, p5, p6, p7, p8, p9, p10, p11, p12, p13, p14, p15, p16, p17, p18, p19, p57, i33, p20, p3, p21, p22, p23, p24, p25, p26, p27, p28, p29, p30, p31, p32, descr=TargetToken(4302807288))
p73 = new_with_vtable(4298161368)
p75 = new_with_vtable(ConstClass(W_IntObject))
+446: setfield_gc(p73, p57, descr=<FieldP pyrlang.interpreter.datatypes.list.W_ListObject.inst_left 8>)
+457: setfield_gc(p73, ConstPtr(ptr76), descr=<FieldP pyrlang.interpreter.datatypes.list.W_ListObject.inst_right 16>)
+471: setfield_gc(p75, i33, descr=<FieldS pyrlang.interpreter.datatypes.number.W_IntObject.inst_intval 8>)
+475: jump(i0, 0, p2, p1, p35, p4, p5, p6, p7, p8, p9, p10, p11, p12, p13, p14, p15, p16, p17, p18, p19, p73, p75, p20, p3, p21, p22, p23, p24, p25, p26, p27, p28, p29, p30, p31, p32, descr=TargetToken(4302807360))
+720: --end of the loop--
[418ae04f4d7266] jit-log-opt-bridge}
[418ae2b6bacce0] {jit-log-opt-bridge
# bridge out of Guard 0x1007785f8 with 50 ops
[i0, p1, p2, p3, p4, p5, p6, p7, p8, p9, p10, p11, p12, p13, p14, p15, p16, p17, p18, p19, p20, p21, p22, p23, p24, p25, p26, p27, p28, p29, p30, p31, p32, i33]
+59: guard_nonnull_class(p3, ConstClass(W_StrListObject), descr=<Guard0x103fc8230>) [i0, p1, p2, p3, p4, p5, p6, p7, p8, p9, p10, p11, p12, p13, p14, p15, p16, p17, p18, p19, p20, p21, p22, p23, p24, p25, p26, p27, p28, p29, p30, p31, p32, i33]
+78: p35 = getfield_gc(p2, descr=<FieldP pyrlang.interpreter.interp.Process.inst_y_reg 80>)
debug_merge_point(0, 0, '475 get_list x(0). x(2). x(3)')
+82: p36 = same_as(p35)
+85: label(i0, p2, p1, p35, p4, p5, p6, p7, p8, p9, p10, p11, p12, p13, p14, p15, p16, p17, p18, p19, p3, i33, p20, p21, p22, p23, p24, p25, p26, p27, p28, p29, p30, p31, p32, p36, descr=TargetToken(4302807504))
+125: p37 = getfield_gc(p2, descr=<FieldP pyrlang.interpreter.interp.Process.inst_x_reg 72>)
+129: i38 = ptr_eq(p37, p1)
guard_true(i38, descr=<Guard0x103fc8440>) [i0, p1, p2, p37, p4, p5, p6, p7, p8, p9, p10, p11, p12, p13, p14, p15, p16, p17, p18, p19, p3, p20, p21, p22, p23, p24, p25, p26, p27, p28, p29, p30, p31, p32, i33]
+142: p39 = getfield_gc_pure(p3, descr=<FieldP pyrlang.interpreter.datatypes.list.W_ListObject.inst_left 8>)
+146: p40 = getfield_gc_pure(p3, descr=<FieldP pyrlang.interpreter.datatypes.list.W_ListObject.inst_right 16>)
debug_merge_point(0, 0, '476 is_lt L94. #1. x(1)')
+150: i42 = int_lt(0, i33)
guard_true(i42, descr=<Guard0x103fc8700>) [i0, p1, p2, p4, p5, p6, p7, p8, p9, p10, p11, p12, p13, p14, p15, p16, p17, p18, p19, p3, p39, p40, p21, p22, p23, p24, p25, p26, p27, p28, p29, p30, p31, p32, i33]
debug_merge_point(0, 0, '477 allocate_zero 1. 4')
+160: i43 = getfield_gc(p36, descr=<FieldS pyrlang.interpreter.register.Y_Register.inst_val_top 40>)
+164: i45 = int_add(i43, 1)
+168: i46 = getfield_gc(p36, descr=<FieldS pyrlang.interpreter.register.Y_Register.inst_val_size 32>)
+172: setfield_gc(p36, i45, descr=<FieldS pyrlang.interpreter.register.Y_Register.inst_val_top 40>)
+176: i47 = int_ge(i45, i46)
guard_false(i47, descr=<Guard0x103fc86a8>) [i0, p1, p2, i45, i46, p36, p4, p5, p6, p7, p8, p9, p10, p11, p12, p13, p14, p15, p16, p17, p18, p19, p3, p39, p40, p21, p22, p23, p24, p25, p26, p27, p28, p29, p30, p31, p32, i33]
+185: p48 = getfield_gc(p36, descr=<FieldP pyrlang.interpreter.register.Y_Register.inst_vals 48>)
+189: i50 = int_lt(i45, 0)
guard_false(i50, descr=<Guard0x103fc8650>) [i0, p1, p2, i45, p48, p36, p4, p5, p6, p7, p8, p9, p10, p11, p12, p13, p14, p15, p16, p17, p18, p19, p3, p39, p40, p21, p22, p23, p24, p25, p26, p27, p28, p29, p30, p31, p32, i33]
+199: setarrayitem_gc(p48, i45, ConstPtr(ptr51), descr=<ArrayP 8>)
debug_merge_point(0, 0, '478 line 56')
debug_merge_point(0, 0, '479 gc_bif2 L0. 4. 4. x(1). #0. x(1)')
+214: i53 = int_sub(i33, 1)
debug_merge_point(0, 0, '480 move x(3). x(0)')
debug_merge_point(0, 0, '481 move x(2). y(0)')
+257: setarrayitem_gc(p48, i45, p39, descr=<ArrayP 8>)
debug_merge_point(0, 0, '482 line 56')
debug_merge_point(0, 0, '483 call 2. L93')
+262: i54 = getfield_gc(p36, descr=<FieldS pyrlang.interpreter.register.Y_Register.inst_addr_top 16>)
+266: i56 = int_add(i54, 1)
+270: i57 = getfield_gc(p36, descr=<FieldS pyrlang.interpreter.register.Y_Register.inst_addr_size 8>)
+274: setfield_gc(p36, i56, descr=<FieldS pyrlang.interpreter.register.Y_Register.inst_addr_top 16>)
+278: i58 = int_ge(i56, i57)
guard_false(i58, descr=<Guard0x103fc85f8>) [i0, p1, p2, i57, p36, p4, p5, p6, p7, p8, p9, p10, p11, p12, p13, p14, p15, p16, p17, p18, p19, p40, p39, p21, p22, p23, p24, p25, p26, p27, p28, p29, p30, p31, p32, i53, None]
+287: p60 = getfield_gc(p36, descr=<FieldP pyrlang.interpreter.register.Y_Register.inst_addrs 24>)
+291: i62 = int_lt(i56, 0)
guard_false(i62, descr=<Guard0x103fc85a0>) [i0, p1, p2, i56, p60, p4, p5, p6, p7, p8, p9, p10, p11, p12, p13, p14, p15, p16, p17, p18, p19, p40, p39, p21, p22, p23, p24, p25, p26, p27, p28, p29, p30, p31, p32, i53, None]
+340: setarrayitem_gc(p60, i56, ConstPtr(ptr63), descr=<ArrayP 8>)
+355: i65 = int_sub(i0, 1)
+360: i67 = int_le(i65, 0)
guard_false(i67, descr=<Guard0x103fc8548>) [i65, p1, p2, p4, p5, p6, p7, p8, p9, p10, p11, p12, p13, p14, p15, p16, p17, p18, p19, p40, p39, p21, p22, p23, p24, p25, p26, p27, p28, p29, p30, p31, p32, i53]
debug_merge_point(0, 0, '473 label 93')
debug_merge_point(0, 0, '474 is_nonempty_list L94. x(0)')
+370: guard_nonnull_class(p40, 4298161368, descr=<Guard0x103fc84f0>) [i65, p1, p2, p40, p4, p5, p6, p7, p8, p9, p10, p11, p12, p13, p14, p15, p16, p17, p18, p19, p39, p21, p22, p23, p24, p25, p26, p27, p28, p29, p30, p31, p32, i53]
debug_merge_point(0, 0, '475 get_list x(0). x(2). x(3)')
+389: jump(i65, p2, p1, p36, p4, p5, p6, p7, p8, p9, p10, p11, p12, p13, p14, p15, p16, p17, p18, p19, p40, i53, p39, p21, p22, p23, p24, p25, p26, p27, p28, p29, p30, p31, p32, i45, p36, i46, p48, i56, i57, p60, descr=TargetToken(4302807144))
+464: --end of the loop--
[418ae2b6c2b3c1] jit-log-opt-bridge}
[418ae301a2b73a] {jit-log-opt-bridge
# bridge out of Guard 0x101ce4758 with 81 ops
[i0, i1, p2, p3, p4, p5, p6, p7, p8, p9, p10, p11, p12, p13, p14, p15, p16, p17, p18, p19, p20, p21, p22, p23, p24, p25, p26, p27, p28, p29, p30, p31, p32, p33, p34, p35]
+59: p36 = getfield_gc(p3, descr=<FieldP pyrlang.interpreter.interp.Process.inst_y_reg 80>)
debug_merge_point(0, 0, '127 label 30')
debug_merge_point(0, 0, '128 is_eq_exact L27. x(0). #1')
+63: p37 = getfield_gc(p3, descr=<FieldP pyrlang.interpreter.interp.Process.inst_x_reg 72>)
+67: i38 = ptr_eq(p37, p2)
guard_true(i38, descr=<Guard0x103fc8288>) [i0, i1, p2, p3, p37, p4, p5, p6, p7, p8, p9, p10, p11, p12, p13, p14, p15, p16, p17, p18, p19, p20, p21, p22, p23, p24, p25, p26, p27, p28, p29, p30, p31, p32, p33, p34, p35]
+80: guard_class(p20, ConstClass(W_IntObject), descr=<Guard0x103fc8d30>) [i0, i1, p2, p3, p20, p4, p5, p6, p7, p8, p9, p10, p11, p12, p13, p14, p15, p16, p17, p18, p19, p21, p22, p23, p24, p25, p26, p27, p28, p29, p30, p31, p32, p33, p34, p35]
+93: i40 = getfield_gc_pure(p20, descr=<FieldS pyrlang.interpreter.datatypes.number.W_IntObject.inst_intval 8>)
+97: i42 = int_eq(i40, 0)
guard_true(i42, descr=<Guard0x103fc8cd8>) [i0, i1, p2, p3, p4, p5, p6, p7, p8, p9, p10, p11, p12, p13, p14, p15, p16, p17, p18, p19, p20, p21, p22, p23, p24, p25, p26, p27, p28, p29, p30, p31, p32, p33, p34, p35]
debug_merge_point(0, 0, '129 is_list L27. x(1)')
+107: guard_nonnull_class(p21, ConstClass(W_StrListObject), descr=<Guard0x103fc8c80>) [i0, i1, p2, p3, p21, p4, p5, p6, p7, p8, p9, p10, p11, p12, p13, p14, p15, p16, p17, p18, p19, p20, p22, p23, p24, p25, p26, p27, p28, p29, p30, p31, p32, p33, p34, p35]
debug_merge_point(0, 0, '130 move x(1). x(0)')
debug_merge_point(0, 0, '131 return ')
+126: i44 = getfield_gc(p36, descr=<FieldS pyrlang.interpreter.register.Y_Register.inst_addr_top 16>)
+130: i46 = int_eq(i44, -1)
guard_false(i46, descr=<Guard0x103fc8c28>) [i0, i1, p36, p2, p3, p4, p5, p6, p7, p8, p9, p10, p11, p12, p13, p14, p15, p16, p17, p18, p19, p21, p22, p23, p24, p25, p26, p27, p28, p29, p30, p31, p32, p33, p34, p35]
+140: p47 = getfield_gc(p36, descr=<FieldP pyrlang.interpreter.register.Y_Register.inst_addrs 24>)
+144: i49 = int_lt(i44, 0)
guard_false(i49, descr=<Guard0x103fc8bd0>) [i0, i1, i44, p36, p47, p2, p3, p4, p5, p6, p7, p8, p9, p10, p11, p12, p13, p14, p15, p16, p17, p18, p19, p21, p22, p23, p24, p25, p26, p27, p28, p29, p30, p31, p32, p33, p34, p35]
+154: p50 = getarrayitem_gc(p47, i44, descr=<ArrayP 8>)
+159: i52 = int_sub(i44, 1)
+163: p53 = getfield_gc_pure(p50, descr=<FieldP tuple2.item0 8>)
+167: i54 = getfield_gc_pure(p50, descr=<FieldS tuple2.item1 16>)
+171: setfield_gc(p36, i52, descr=<FieldS pyrlang.interpreter.register.Y_Register.inst_addr_top 16>)
+175: guard_value(i54, 461, descr=<Guard0x103fc8b78>) [i0, i1, i54, p36, p2, p3, p53, p4, p5, p6, p7, p8, p9, p10, p11, p12, p13, p14, p15, p16, p17, p18, p19, p21, p22, p23, p24, p25, p26, p27, p28, p29, p30, p31, p32, p33, p34, p35]
+188: guard_value(p53, ConstPtr(ptr56), descr=<Guard0x103fc8b20>) [i0, i1, p36, p2, p3, p53, p4, p5, p6, p7, p8, p9, p10, p11, p12, p13, p14, p15, p16, p17, p18, p19, p21, p22, p23, p24, p25, p26, p27, p28, p29, p30, p31, p32, p33, p34, p35]
debug_merge_point(0, 0, '461 move y(0). x(1)')
+207: i57 = getfield_gc(p36, descr=<FieldS pyrlang.interpreter.register.Y_Register.inst_val_top 40>)
+211: p58 = getfield_gc(p36, descr=<FieldP pyrlang.interpreter.register.Y_Register.inst_vals 48>)
+215: p59 = getarrayitem_gc(p58, i57, descr=<ArrayP 8>)
debug_merge_point(0, 0, '462 call_last 2. L91. 1')
+220: i61 = int_sub(i57, 1)
debug_merge_point(0, 0, '466 label 91')
debug_merge_point(0, 0, '467 is_integer L90. x(1)')
+224: setfield_gc(p36, i61, descr=<FieldS pyrlang.interpreter.register.Y_Register.inst_val_top 40>)
+228: guard_nonnull_class(p59, ConstClass(W_IntObject), descr=<Guard0x103fc8ac8>) [i0, i1, p2, p3, p59, p4, p5, p6, p7, p8, p9, p10, p11, p12, p13, p14, p15, p16, p17, p18, p19, p21, p22, p23, p24, p25, p26, p27, p28, p29, p30, p31, p32, p33, p34, p35]
debug_merge_point(0, 0, '468 is_list L90. x(0)')
debug_merge_point(0, 0, '469 call_only 2. L93')
+246: i64 = int_sub(i1, 1)
+257: guard_false(i0, descr=<Guard0x103fc8a70>) [i64, p2, p3, p4, p5, p6, p7, p8, p9, p10, p11, p12, p13, p14, p15, p16, p17, p18, p19, p21, p59, p22, p23, p24, p25, p26, p27, p28, p29, p30, p31, p32, p33, p34, p35]
+273: i66 = int_le(i64, 0)
guard_false(i66, descr=<Guard0x103fc8a18>) [i64, p2, p3, p4, p5, p6, p7, p8, p9, p10, p11, p12, p13, p14, p15, p16, p17, p18, p19, p21, p59, p22, p23, p24, p25, p26, p27, p28, p29, p30, p31, p32, p33, p34, p35]
debug_merge_point(0, 0, '473 label 93')
debug_merge_point(0, 0, '474 is_nonempty_list L94. x(0)')
debug_merge_point(0, 0, '475 get_list x(0). x(2). x(3)')
+283: p67 = getfield_gc_pure(p21, descr=<FieldP pyrlang.interpreter.datatypes.list.W_ListObject.inst_left 8>)
+287: p68 = getfield_gc_pure(p21, descr=<FieldP pyrlang.interpreter.datatypes.list.W_ListObject.inst_right 16>)
debug_merge_point(0, 0, '476 is_lt L94. #1. x(1)')
+291: i69 = getfield_gc_pure(p59, descr=<FieldS pyrlang.interpreter.datatypes.number.W_IntObject.inst_intval 8>)
+295: i71 = int_lt(0, i69)
guard_true(i71, descr=<Guard0x103fc89c0>) [i64, p2, p3, p4, p5, p6, p7, p8, p9, p10, p11, p12, p13, p14, p15, p16, p17, p18, p19, p21, p59, p67, p68, p24, p25, p26, p27, p28, p29, p30, p31, p32, p33, p34, p35]
debug_merge_point(0, 0, '477 allocate_zero 1. 4')
+305: i72 = getfield_gc(p36, descr=<FieldS pyrlang.interpreter.register.Y_Register.inst_val_size 32>)
+309: setfield_gc(p36, i57, descr=<FieldS pyrlang.interpreter.register.Y_Register.inst_val_top 40>)
+313: i73 = int_ge(i57, i72)
guard_false(i73, descr=<Guard0x103fc8968>) [i64, p2, p3, i57, i72, p36, p4, p5, p6, p7, p8, p9, p10, p11, p12, p13, p14, p15, p16, p17, p18, p19, p21, p59, p67, p68, p24, p25, p26, p27, p28, p29, p30, p31, p32, p33, p34, p35]
+322: i75 = int_lt(i57, 0)
guard_false(i75, descr=<Guard0x103fc8910>) [i64, p2, p3, i57, p58, p36, p4, p5, p6, p7, p8, p9, p10, p11, p12, p13, p14, p15, p16, p17, p18, p19, p21, p59, p67, p68, p24, p25, p26, p27, p28, p29, p30, p31, p32, p33, p34, p35]
+332: setarrayitem_gc(p58, i57, ConstPtr(ptr76), descr=<ArrayP 8>)
debug_merge_point(0, 0, '478 line 56')
debug_merge_point(0, 0, '479 gc_bif2 L0. 4. 4. x(1). #0. x(1)')
+347: i78 = int_sub(i69, 1)
debug_merge_point(0, 0, '480 move x(3). x(0)')
debug_merge_point(0, 0, '481 move x(2). y(0)')
+390: setarrayitem_gc(p58, i57, p67, descr=<ArrayP 8>)
debug_merge_point(0, 0, '482 line 56')
debug_merge_point(0, 0, '483 call 2. L93')
+395: i79 = getfield_gc(p36, descr=<FieldS pyrlang.interpreter.register.Y_Register.inst_addr_size 8>)
+399: setfield_gc(p36, i44, descr=<FieldS pyrlang.interpreter.register.Y_Register.inst_addr_top 16>)
+403: i80 = int_ge(i44, i79)
guard_false(i80, descr=<Guard0x103fc8498>) [i64, p2, p3, i79, p36, p4, p5, p6, p7, p8, p9, p10, p11, p12, p13, p14, p15, p16, p17, p18, p19, p68, p67, p24, p25, p26, p27, p28, p29, p30, p31, p32, p33, p34, p35, i78]
+455: setarrayitem_gc(p47, i44, ConstPtr(ptr81), descr=<ArrayP 8>)
+470: i83 = int_sub(i64, 1)
+474: i85 = int_le(i83, 0)
guard_false(i85, descr=<Guard0x103fc83e8>) [i83, p2, p3, p4, p5, p6, p7, p8, p9, p10, p11, p12, p13, p14, p15, p16, p17, p18, p19, p68, p67, p24, p25, p26, p27, p28, p29, p30, p31, p32, p33, p34, p35, i78]
debug_merge_point(0, 0, '473 label 93')
debug_merge_point(0, 0, '474 is_nonempty_list L94. x(0)')
+484: guard_nonnull_class(p68, ConstClass(W_StrListObject), descr=<Guard0x103fc8390>) [i83, p2, p3, p68, p4, p5, p6, p7, p8, p9, p10, p11, p12, p13, p14, p15, p16, p17, p18, p19, p67, p24, p25, p26, p27, p28, p29, p30, p31, p32, p33, p34, p35, i78]
debug_merge_point(0, 0, '475 get_list x(0). x(2). x(3)')
+503: jump(i83, p3, p2, p36, p4, p5, p6, p7, p8, p9, p10, p11, p12, p13, p14, p15, p16, p17, p18, p19, p68, i78, p67, p24, p25, p26, p27, p28, p29, p30, p31, p32, p33, p34, p35, p36, descr=TargetToken(4302807504))
+544: --end of the loop--
[418ae301ad5d4e] jit-log-opt-bridge}
[418ae32ff1000b] {jit-log-opt-bridge
# bridge out of Guard 0x1007785a0 with 52 ops
[i0, p1, p2, p3, p4, p5, p6, p7, p8, p9, p10, p11, p12, p13, p14, p15, p16, p17, p18, p19, p20, p21, p22, p23, p24, p25, p26, p27, p28, p29, p30, p31, p32, p33, i34]
+59: p35 = getfield_gc(p2, descr=<FieldP pyrlang.interpreter.interp.Process.inst_y_reg 80>)
debug_merge_point(0, 0, '488 label 94')
debug_merge_point(0, 0, '489 is_eq_exact L95. x(1). #1')
+70: p36 = getfield_gc(p2, descr=<FieldP pyrlang.interpreter.interp.Process.inst_x_reg 72>)
+74: i37 = ptr_eq(p36, p1)
guard_true(i37, descr=<Guard0x101ce5c50>) [i0, p1, p2, p36, p3, p4, p5, p6, p7, p8, p9, p10, p11, p12, p13, p14, p15, p16, p17, p18, p19, p20, p21, p22, p23, p24, p25, p26, p27, p28, p29, p30, p31, p32, p33, i34]
+87: i39 = int_eq(i34, 0)
guard_true(i39, descr=<Guard0x103fc9360>) [i0, p1, p2, p3, p4, p5, p6, p7, p8, p9, p10, p11, p12, p13, p14, p15, p16, p17, p18, p19, p20, p21, p22, p23, p24, p25, p26, p27, p28, p29, p30, p31, p32, p33, i34]
debug_merge_point(0, 0, '490 move nil. x(0)')
debug_merge_point(0, 0, '491 return ')
+97: i40 = getfield_gc(p35, descr=<FieldS pyrlang.interpreter.register.Y_Register.inst_addr_top 16>)
+101: i42 = int_eq(i40, -1)
guard_false(i42, descr=<Guard0x103fc9308>) [i0, p35, p1, p2, p3, p4, p5, p6, p7, p8, p9, p10, p11, p12, p13, p14, p15, p16, p17, p18, p20, p21, p22, p23, p24, p25, p26, p27, p28, p29, p30, p31, p32, p33, None]
+111: p44 = getfield_gc(p35, descr=<FieldP pyrlang.interpreter.register.Y_Register.inst_addrs 24>)
+115: i46 = int_lt(i40, 0)
guard_false(i46, descr=<Guard0x103fc92b0>) [i0, i40, p35, p44, p1, p2, p3, p4, p5, p6, p7, p8, p9, p10, p11, p12, p13, p14, p15, p16, p17, p18, p20, p21, p22, p23, p24, p25, p26, p27, p28, p29, p30, p31, p32, p33, None]
+125: p47 = getarrayitem_gc(p44, i40, descr=<ArrayP 8>)
+130: i49 = int_sub(i40, 1)
+134: p50 = getfield_gc_pure(p47, descr=<FieldP tuple2.item0 8>)
+138: i51 = getfield_gc_pure(p47, descr=<FieldS tuple2.item1 16>)
+142: setfield_gc(p35, i49, descr=<FieldS pyrlang.interpreter.register.Y_Register.inst_addr_top 16>)
+146: guard_value(i51, 484, descr=<Guard0x103fc9258>) [i0, i51, p35, p1, p2, p50, p3, p4, p5, p6, p7, p8, p9, p10, p11, p12, p13, p14, p15, p16, p17, p18, p20, p21, p22, p23, p24, p25, p26, p27, p28, p29, p30, p31, p32, p33, None]
+159: guard_value(p50, ConstPtr(ptr53), descr=<Guard0x103fc9200>) [i0, p35, p1, p2, p50, p3, p4, p5, p6, p7, p8, p9, p10, p11, p12, p13, p14, p15, p16, p17, p18, p20, p21, p22, p23, p24, p25, p26, p27, p28, p29, p30, p31, p32, p33, None]
debug_merge_point(0, 0, '484 test_heap 2. 1')
debug_merge_point(0, 0, '485 put_list y(0). x(0). x(0)')
+178: i54 = getfield_gc(p35, descr=<FieldS pyrlang.interpreter.register.Y_Register.inst_val_top 40>)
+182: p55 = getfield_gc(p35, descr=<FieldP pyrlang.interpreter.register.Y_Register.inst_vals 48>)
+186: p56 = getarrayitem_gc(p55, i54, descr=<ArrayP 8>)
debug_merge_point(0, 0, '486 deallocate 1')
+191: i58 = int_sub(i54, 1)
debug_merge_point(0, 0, '487 return ')
+195: setfield_gc(p35, i58, descr=<FieldS pyrlang.interpreter.register.Y_Register.inst_val_top 40>)
+199: i60 = int_eq(i49, -1)
guard_false(i60, descr=<Guard0x103fc91a8>) [i0, p35, p1, p2, p3, p4, p5, p6, p7, p8, p9, p10, p11, p12, p13, p14, p15, p16, p17, p18, p20, p21, p22, p23, p24, p25, p26, p27, p28, p29, p30, p31, p32, p33, p56, None]
+209: i62 = int_lt(i49, 0)
guard_false(i62, descr=<Guard0x103fc9150>) [i0, i49, p35, p44, p1, p2, p3, p4, p5, p6, p7, p8, p9, p10, p11, p12, p13, p14, p15, p16, p17, p18, p20, p21, p22, p23, p24, p25, p26, p27, p28, p29, p30, p31, p32, p33, p56, None]
+219: p63 = getarrayitem_gc(p44, i49, descr=<ArrayP 8>)
+224: i65 = int_sub(i49, 1)
+228: p66 = getfield_gc_pure(p63, descr=<FieldP tuple2.item0 8>)
+232: i67 = getfield_gc_pure(p63, descr=<FieldS tuple2.item1 16>)
+236: setfield_gc(p35, i65, descr=<FieldS pyrlang.interpreter.register.Y_Register.inst_addr_top 16>)
+240: guard_value(i67, 484, descr=<Guard0x103fc8338>) [i0, i67, p35, p1, p2, p66, p3, p4, p5, p6, p7, p8, p9, p10, p11, p12, p13, p14, p15, p16, p17, p18, p20, p21, p22, p23, p24, p25, p26, p27, p28, p29, p30, p31, p32, p33, p56, None]
+253: guard_value(p66, ConstPtr(ptr69), descr=<Guard0x103fc82e0>) [i0, p35, p1, p2, p66, p3, p4, p5, p6, p7, p8, p9, p10, p11, p12, p13, p14, p15, p16, p17, p18, p20, p21, p22, p23, p24, p25, p26, p27, p28, p29, p30, p31, p32, p33, p56, None]
debug_merge_point(0, 0, '484 test_heap 2. 1')
+272: p70 = same_as(p35)
+272: label(i0, p2, p1, p35, p3, p4, p5, p6, p7, p8, p9, p10, p11, p12, p13, p14, p15, p16, p17, p18, p56, p20, p21, p22, p23, p24, p25, p26, p27, p28, p29, p30, p31, p32, p33, descr=TargetToken(4302807576))
p72 = new_with_vtable(4298161368)
p74 = new_with_vtable(ConstClass(W_IntObject))
+407: setfield_gc(p72, p56, descr=<FieldP pyrlang.interpreter.datatypes.list.W_ListObject.inst_left 8>)
+411: setfield_gc(p72, ConstPtr(ptr75), descr=<FieldP pyrlang.interpreter.datatypes.list.W_ListObject.inst_right 16>)
+425: setfield_gc(p74, 0, descr=<FieldS pyrlang.interpreter.datatypes.number.W_IntObject.inst_intval 8>)
+433: jump(i0, 0, p2, p1, p35, p3, p4, p5, p6, p7, p8, p9, p10, p11, p12, p13, p14, p15, p16, p17, p18, p72, p74, p20, p21, p22, p23, p24, p25, p26, p27, p28, p29, p30, p31, p32, p33, descr=TargetToken(4302807360))
+672: --end of the loop--
[418ae32ff8c616] jit-log-opt-bridge}
[418ae43a5b3f42] {jit-backend-counts
entry 0:2551
TargetToken(4302807072):2551
TargetToken(4302807144):31431239
entry 1:590
TargetToken(4302807360):890
TargetToken(4302807432):31448948
entry 2:1058
TargetToken(4302807720):1058
TargetToken(4302807792):298704
entry 3:2002
TargetToken(4302808152):2002
TargetToken(4302808224):15415682
bridge 4302799848:15531
bridge 4302805480:7398
bridge 4302804600:897
entry 4:730
entry 5:13920
bridge 4302804072:844
entry 6:5852
TargetToken(4302807216):5851
bridge 4302799760:242
TargetToken(4302807288):242
bridge 4302800376:67
TargetToken(4302807504):137
bridge 4325263192:76
bridge 4302800288:58
TargetToken(4302807576):58
[418ae43a5c5a04] jit-backend-counts}
