[32e612e01559] {jit-backend-counts
[32e612e150c1] jit-backend-counts}
[32e6132ad48e] {jit-log-opt-loop
# Loop 0 ((jitdriver: get_printable_location disabled, no debug_print)) : loop with 61 ops
[i0, i1, p2, p3, p4]
+134: label(i0, i1, p2, p3, p4, descr=TargetToken(4302397544))
debug_merge_point(0, 0, '393 label 75')
+157: p5 = getfield_gc(p2, descr=<FieldP pyrlang.interpreter.interp.Process.inst_y_reg 80>)
debug_merge_point(0, 0, '394 line 47')
debug_merge_point(0, 0, '395 gc_bif2 L0. 3. 4. x(0). #0. x(0)')
+168: p6 = getfield_gc(p2, descr=<FieldP pyrlang.interpreter.interp.Process.inst_x_reg 72>)
+172: p7 = getfield_gc(p6, descr=<FieldP pyrlang.interpreter.register.X_Register.inst_regs 16>)
+176: p9 = getarrayitem_gc(p7, 0, descr=<ArrayP 8>)
+180: guard_class(p9, ConstClass(W_IntObject), descr=<Guard0x10070e288>) [i1, i0, p3, p2, p9]
+192: i11 = getfield_gc_pure(p9, descr=<FieldS pyrlang.interpreter.datatypes.number.W_IntObject.inst_intval 8>)
+196: i13 = int_sub_ovf(i11, 1)
guard_no_overflow(descr=<Guard0x10070e5a0>) [i1, i0, p3, p2, i13, p9]
debug_merge_point(0, 0, '396 test_heap 2. 3')
debug_merge_point(0, 0, '397 put_list x(1). x(2). x(2)')
+206: p15 = getarrayitem_gc(p7, 1, descr=<ArrayP 8>)
+210: p17 = getarrayitem_gc(p7, 2, descr=<ArrayP 8>)
debug_merge_point(0, 0, '398 call_only 3. L74')
debug_merge_point(0, 0, '389 label 74')
debug_merge_point(0, 0, '390 is_eq_exact L75. x(0). #1')
+214: i19 = int_eq(i13, 0)
guard_false(i19, descr=<Guard0x10070e548>) [i1, i0, p3, p2, p17, p15, i13, p7]
+224: i21 = int_sub(i0, 1)
+235: guard_false(i1, descr=<Guard0x10070e4f0>) [i21, p3, p2, p17, p15, i13, p7]
+251: i23 = int_le(i21, 0)
guard_false(i23, descr=<Guard0x10070e498>) [i21, p3, p2, p17, p15, i13, p7]
debug_merge_point(0, 0, '393 label 75')
p25 = new_with_vtable(ConstClass(W_IntObject))
+354: setfield_gc(p25, i13, descr=<FieldS pyrlang.interpreter.datatypes.number.W_IntObject.inst_intval 8>)
+386: setarrayitem_gc(p7, 0, p25, descr=<ArrayP 8>)
p28 = new_with_vtable(4298115952)
+401: setfield_gc(p28, p15, descr=<FieldP pyrlang.interpreter.datatypes.list.W_ListObject.inst_left 8>)
+405: setfield_gc(p28, p17, descr=<FieldP pyrlang.interpreter.datatypes.list.W_ListObject.inst_right 16>)
+444: setarrayitem_gc(p7, 2, p28, descr=<ArrayP 8>)
+448: p30 = same_as(p5)
+455: label(i21, p2, p3, p5, p25, p28, p15, p7, p30, descr=TargetToken(4302397616))
debug_merge_point(0, 0, '393 label 75')
debug_merge_point(0, 0, '394 line 47')
debug_merge_point(0, 0, '395 gc_bif2 L0. 3. 4. x(0). #0. x(0)')
+477: i31 = getfield_gc_pure(p25, descr=<FieldS pyrlang.interpreter.datatypes.number.W_IntObject.inst_intval 8>)
+481: i32 = int_sub_ovf(i31, 1)
guard_no_overflow(descr=<Guard0x10070e440>) [i21, p3, p2, i32, p25]
debug_merge_point(0, 0, '396 test_heap 2. 3')
debug_merge_point(0, 0, '397 put_list x(1). x(2). x(2)')
debug_merge_point(0, 0, '398 call_only 3. L74')
debug_merge_point(0, 0, '389 label 74')
debug_merge_point(0, 0, '390 is_eq_exact L75. x(0). #1')
+491: i33 = int_eq(i32, 0)
guard_false(i33, descr=<Guard0x10070e3e8>) [i21, p3, p2, p28, p15, i32, p7]
+501: i34 = int_sub(i21, 1)
+505: i35 = int_le(i34, 0)
guard_false(i35, descr=<Guard0x10070e390>) [i34, p3, p2, p28, p15, i32, p7]
debug_merge_point(0, 0, '393 label 75')
p36 = new_with_vtable(ConstClass(W_IntObject))
+608: setfield_gc(p36, i32, descr=<FieldS pyrlang.interpreter.datatypes.number.W_IntObject.inst_intval 8>)
+647: setarrayitem_gc(p7, 0, p36, descr=<ArrayP 8>)
p37 = new_with_vtable(4298115952)
+662: setfield_gc(p37, p15, descr=<FieldP pyrlang.interpreter.datatypes.list.W_ListObject.inst_left 8>)
+666: setfield_gc(p37, p28, descr=<FieldP pyrlang.interpreter.datatypes.list.W_ListObject.inst_right 16>)
+698: setarrayitem_gc(p7, 2, p37, descr=<ArrayP 8>)
+702: i38 = arraylen_gc(p7, descr=<ArrayP 8>)
+702: jump(i34, p2, p3, p30, p36, p37, p15, p7, p30, descr=TargetToken(4302397616))
+736: --end of the loop--
[32e61330f237] jit-log-opt-loop}
[32e613598d3c] {jit-log-opt-loop
# Loop 1 ((jitdriver: get_printable_location disabled, no debug_print)) : loop with 61 ops
[i0, i1, p2, p3, p4]
+134: label(i0, i1, p2, p3, p4, descr=TargetToken(4302397976))
debug_merge_point(0, 0, '393 label 75')
+157: p5 = getfield_gc(p2, descr=<FieldP pyrlang.interpreter.interp.Process.inst_y_reg 80>)
debug_merge_point(0, 0, '394 line 47')
debug_merge_point(0, 0, '395 gc_bif2 L0. 3. 4. x(0). #0. x(0)')
+168: p6 = getfield_gc(p2, descr=<FieldP pyrlang.interpreter.interp.Process.inst_x_reg 72>)
+172: p7 = getfield_gc(p6, descr=<FieldP pyrlang.interpreter.register.X_Register.inst_regs 16>)
+176: p9 = getarrayitem_gc(p7, 0, descr=<ArrayP 8>)
+180: guard_class(p9, ConstClass(W_IntObject), descr=<Guard0x10070e7b0>) [i1, i0, p3, p2, p9]
+192: i11 = getfield_gc_pure(p9, descr=<FieldS pyrlang.interpreter.datatypes.number.W_IntObject.inst_intval 8>)
+196: i13 = int_sub_ovf(i11, 1)
guard_no_overflow(descr=<Guard0x10070eac8>) [i1, i0, p3, p2, i13, p9]
debug_merge_point(0, 0, '396 test_heap 2. 3')
debug_merge_point(0, 0, '397 put_list x(1). x(2). x(2)')
+206: p15 = getarrayitem_gc(p7, 1, descr=<ArrayP 8>)
+210: p17 = getarrayitem_gc(p7, 2, descr=<ArrayP 8>)
debug_merge_point(0, 0, '398 call_only 3. L74')
debug_merge_point(0, 0, '389 label 74')
debug_merge_point(0, 0, '390 is_eq_exact L75. x(0). #1')
+214: i19 = int_eq(i13, 0)
guard_false(i19, descr=<Guard0x10070ea70>) [i1, i0, p3, p2, p17, p15, i13, p7]
+224: i21 = int_sub(i0, 1)
+235: guard_false(i1, descr=<Guard0x10070ea18>) [i21, p3, p2, p17, p15, i13, p7]
+251: i23 = int_le(i21, 0)
guard_false(i23, descr=<Guard0x10070e9c0>) [i21, p3, p2, p17, p15, i13, p7]
debug_merge_point(0, 0, '393 label 75')
p25 = new_with_vtable(ConstClass(W_IntObject))
+354: setfield_gc(p25, i13, descr=<FieldS pyrlang.interpreter.datatypes.number.W_IntObject.inst_intval 8>)
+386: setarrayitem_gc(p7, 0, p25, descr=<ArrayP 8>)
p28 = new_with_vtable(4298115952)
+401: setfield_gc(p28, p15, descr=<FieldP pyrlang.interpreter.datatypes.list.W_ListObject.inst_left 8>)
+405: setfield_gc(p28, p17, descr=<FieldP pyrlang.interpreter.datatypes.list.W_ListObject.inst_right 16>)
+444: setarrayitem_gc(p7, 2, p28, descr=<ArrayP 8>)
+448: p30 = same_as(p5)
+455: label(i21, p2, p3, p5, p25, p28, p15, p7, p30, descr=TargetToken(4302398048))
debug_merge_point(0, 0, '393 label 75')
debug_merge_point(0, 0, '394 line 47')
debug_merge_point(0, 0, '395 gc_bif2 L0. 3. 4. x(0). #0. x(0)')
+477: i31 = getfield_gc_pure(p25, descr=<FieldS pyrlang.interpreter.datatypes.number.W_IntObject.inst_intval 8>)
+481: i32 = int_sub_ovf(i31, 1)
guard_no_overflow(descr=<Guard0x10070e968>) [i21, p3, p2, i32, p25]
debug_merge_point(0, 0, '396 test_heap 2. 3')
debug_merge_point(0, 0, '397 put_list x(1). x(2). x(2)')
debug_merge_point(0, 0, '398 call_only 3. L74')
debug_merge_point(0, 0, '389 label 74')
debug_merge_point(0, 0, '390 is_eq_exact L75. x(0). #1')
+491: i33 = int_eq(i32, 0)
guard_false(i33, descr=<Guard0x10070e910>) [i21, p3, p2, p28, p15, i32, p7]
+501: i34 = int_sub(i21, 1)
+505: i35 = int_le(i34, 0)
guard_false(i35, descr=<Guard0x10070e8b8>) [i34, p3, p2, p28, p15, i32, p7]
debug_merge_point(0, 0, '393 label 75')
p36 = new_with_vtable(ConstClass(W_IntObject))
+608: setfield_gc(p36, i32, descr=<FieldS pyrlang.interpreter.datatypes.number.W_IntObject.inst_intval 8>)
+647: setarrayitem_gc(p7, 0, p36, descr=<ArrayP 8>)
p37 = new_with_vtable(4298115952)
+662: setfield_gc(p37, p15, descr=<FieldP pyrlang.interpreter.datatypes.list.W_ListObject.inst_left 8>)
+666: setfield_gc(p37, p28, descr=<FieldP pyrlang.interpreter.datatypes.list.W_ListObject.inst_right 16>)
+698: setarrayitem_gc(p7, 2, p37, descr=<ArrayP 8>)
+702: i38 = arraylen_gc(p7, descr=<ArrayP 8>)
+702: jump(i34, p2, p3, p30, p36, p37, p15, p7, p30, descr=TargetToken(4302398048))
+736: --end of the loop--
[32e6135fc741] jit-log-opt-loop}
[32e615e40df9] {jit-log-opt-bridge
# bridge out of Guard 0x10070e8b8 with 8 ops
[i0, p1, p2, p3, p4, i5, p6]
p8 = new_with_vtable(ConstClass(W_IntObject))
+145: setfield_gc(p8, i5, descr=<FieldS pyrlang.interpreter.datatypes.number.W_IntObject.inst_intval 8>)
+184: setarrayitem_gc(p6, 0, p8, descr=<ArrayP 8>)
p11 = new_with_vtable(4298115952)
+199: setfield_gc(p11, p4, descr=<FieldP pyrlang.interpreter.datatypes.list.W_ListObject.inst_left 8>)
+203: setfield_gc(p11, p3, descr=<FieldP pyrlang.interpreter.datatypes.list.W_ListObject.inst_right 16>)
+235: setarrayitem_gc(p6, 2, p11, descr=<ArrayP 8>)
+239: finish(ConstPtr(ptr13), descr=<DoneWithThisFrameDescrRef object at 0x10033ac00>)
+352: --end of the loop--
[32e615e707a8] jit-log-opt-bridge}
[32e61ee3015e] {jit-log-opt-loop
# Loop 2 ((jitdriver: get_printable_location disabled, no debug_print)) : loop with 61 ops
[i0, i1, p2, p3, p4]
+134: label(i0, i1, p2, p3, p4, descr=TargetToken(4302397472))
debug_merge_point(0, 0, '369 get_list x(0). x(2). x(3)')
+157: p5 = getfield_gc(p2, descr=<FieldP pyrlang.interpreter.interp.Process.inst_x_reg 72>)
+168: p6 = getfield_gc(p5, descr=<FieldP pyrlang.interpreter.register.X_Register.inst_regs 16>)
+172: p8 = getarrayitem_gc(p6, 0, descr=<ArrayP 8>)
+176: p9 = getfield_gc_pure(p8, descr=<FieldP pyrlang.interpreter.datatypes.list.W_ListObject.inst_left 8>)
+180: p10 = getfield_gc_pure(p8, descr=<FieldP pyrlang.interpreter.datatypes.list.W_ListObject.inst_right 16>)
+184: p11 = getfield_gc(p2, descr=<FieldP pyrlang.interpreter.interp.Process.inst_y_reg 80>)
debug_merge_point(0, 0, '370 line 44')
debug_merge_point(0, 0, '371 gc_bif2 L0. 4. 7. x(1). x(2). x(1)')
+188: p13 = getarrayitem_gc(p6, 1, descr=<ArrayP 8>)
+220: setarrayitem_gc(p6, 2, p9, descr=<ArrayP 8>)
+252: setarrayitem_gc(p6, 3, p10, descr=<ArrayP 8>)
+256: guard_class(p13, ConstClass(W_FloatObject), descr=<Guard0x10070e700>) [i1, i0, p3, p2, p9, p13]
+268: f17 = getfield_gc_pure(p13, descr=<FieldF pyrlang.interpreter.datatypes.number.W_FloatObject.inst_floatval 8>)
+273: guard_nonnull_class(p9, ConstClass(W_FloatObject), descr=<Guard0x10070e6a8>) [i1, i0, p3, p2, p9, f17]
+291: f19 = getfield_gc_pure(p9, descr=<FieldF pyrlang.interpreter.datatypes.number.W_FloatObject.inst_floatval 8>)
+296: f20 = float_add(f17, f19)
debug_merge_point(0, 0, '372 move x(3). x(0)')
debug_merge_point(0, 0, '373 call_only 2. L69')
debug_merge_point(0, 0, '367 label 69')
debug_merge_point(0, 0, '368 is_nonempty_list L70. x(0)')
+328: setarrayitem_gc(p6, 0, p10, descr=<ArrayP 8>)
+332: guard_nonnull_class(p10, 4298115952, descr=<Guard0x10070e650>) [i1, i0, p3, p2, p10, f20, p6]
+350: i24 = int_sub(i0, 1)
+361: guard_false(i1, descr=<Guard0x10070e5f8>) [i24, p3, p2, f20, p6]
+377: i26 = int_le(i24, 0)
guard_false(i26, descr=<Guard0x10070e2e0>) [i24, p3, p2, f20, p6]
debug_merge_point(0, 0, '369 get_list x(0). x(2). x(3)')
p28 = new_with_vtable(ConstClass(W_FloatObject))
+473: setfield_gc(p28, f20, descr=<FieldF pyrlang.interpreter.datatypes.number.W_FloatObject.inst_floatval 8>)
+506: setarrayitem_gc(p6, 1, p28, descr=<ArrayP 8>)
+510: p30 = same_as(p11)
+517: p31 = same_as(p10)
+517: label(i24, p2, p3, p11, p10, p28, p6, p30, descr=TargetToken(4302397688))
debug_merge_point(0, 0, '369 get_list x(0). x(2). x(3)')
+541: p32 = getfield_gc_pure(p10, descr=<FieldP pyrlang.interpreter.datatypes.list.W_ListObject.inst_left 8>)
+545: p33 = getfield_gc_pure(p10, descr=<FieldP pyrlang.interpreter.datatypes.list.W_ListObject.inst_right 16>)
debug_merge_point(0, 0, '370 line 44')
debug_merge_point(0, 0, '371 gc_bif2 L0. 4. 7. x(1). x(2). x(1)')
+549: f34 = getfield_gc_pure(p28, descr=<FieldF pyrlang.interpreter.datatypes.number.W_FloatObject.inst_floatval 8>)
+582: setarrayitem_gc(p6, 2, p32, descr=<ArrayP 8>)
+614: setarrayitem_gc(p6, 3, p33, descr=<ArrayP 8>)
+618: guard_nonnull_class(p32, ConstClass(W_FloatObject), descr=<Guard0x10070e1d8>) [i24, p3, p2, p32, f34]
+636: f35 = getfield_gc_pure(p32, descr=<FieldF pyrlang.interpreter.datatypes.number.W_FloatObject.inst_floatval 8>)
+641: f36 = float_add(f34, f35)
debug_merge_point(0, 0, '372 move x(3). x(0)')
debug_merge_point(0, 0, '373 call_only 2. L69')
debug_merge_point(0, 0, '367 label 69')
debug_merge_point(0, 0, '368 is_nonempty_list L70. x(0)')
+673: setarrayitem_gc(p6, 0, p33, descr=<ArrayP 8>)
+677: guard_nonnull_class(p33, 4298115952, descr=<Guard0x10070e180>) [i24, p3, p2, p33, f36, p6]
+695: i37 = int_sub(i24, 1)
+699: i38 = int_le(i37, 0)
guard_false(i38, descr=<Guard0x10070e128>) [i37, p3, p2, f36, p6]
debug_merge_point(0, 0, '369 get_list x(0). x(2). x(3)')
p39 = new_with_vtable(ConstClass(W_FloatObject))
+795: setfield_gc(p39, f36, descr=<FieldF pyrlang.interpreter.datatypes.number.W_FloatObject.inst_floatval 8>)
+828: setarrayitem_gc(p6, 1, p39, descr=<ArrayP 8>)
+832: i40 = arraylen_gc(p6, descr=<ArrayP 8>)
+832: jump(i37, p2, p3, p30, p33, p39, p6, p30, descr=TargetToken(4302397688))
+864: --end of the loop--
[32e61eea2f06] jit-log-opt-loop}
[32e61f0e6fe0] {jit-log-opt-loop
# Loop 3 ((jitdriver: get_printable_location disabled, no debug_print)) : loop with 61 ops
[i0, i1, p2, p3, p4]
+134: label(i0, i1, p2, p3, p4, descr=TargetToken(4302397832))
debug_merge_point(0, 0, '369 get_list x(0). x(2). x(3)')
+157: p5 = getfield_gc(p2, descr=<FieldP pyrlang.interpreter.interp.Process.inst_x_reg 72>)
+168: p6 = getfield_gc(p5, descr=<FieldP pyrlang.interpreter.register.X_Register.inst_regs 16>)
+172: p8 = getarrayitem_gc(p6, 0, descr=<ArrayP 8>)
+176: p9 = getfield_gc_pure(p8, descr=<FieldP pyrlang.interpreter.datatypes.list.W_ListObject.inst_left 8>)
+180: p10 = getfield_gc_pure(p8, descr=<FieldP pyrlang.interpreter.datatypes.list.W_ListObject.inst_right 16>)
+184: p11 = getfield_gc(p2, descr=<FieldP pyrlang.interpreter.interp.Process.inst_y_reg 80>)
debug_merge_point(0, 0, '370 line 44')
debug_merge_point(0, 0, '371 gc_bif2 L0. 4. 7. x(1). x(2). x(1)')
+188: p13 = getarrayitem_gc(p6, 1, descr=<ArrayP 8>)
+220: setarrayitem_gc(p6, 2, p9, descr=<ArrayP 8>)
+252: setarrayitem_gc(p6, 3, p10, descr=<ArrayP 8>)
+256: guard_class(p13, ConstClass(W_FloatObject), descr=<Guard0x10070ec28>) [i1, i0, p3, p2, p9, p13]
+268: f17 = getfield_gc_pure(p13, descr=<FieldF pyrlang.interpreter.datatypes.number.W_FloatObject.inst_floatval 8>)
+273: guard_nonnull_class(p9, ConstClass(W_FloatObject), descr=<Guard0x10070eee8>) [i1, i0, p3, p2, p9, f17]
+291: f19 = getfield_gc_pure(p9, descr=<FieldF pyrlang.interpreter.datatypes.number.W_FloatObject.inst_floatval 8>)
+296: f20 = float_add(f17, f19)
debug_merge_point(0, 0, '372 move x(3). x(0)')
debug_merge_point(0, 0, '373 call_only 2. L69')
debug_merge_point(0, 0, '367 label 69')
debug_merge_point(0, 0, '368 is_nonempty_list L70. x(0)')
+328: setarrayitem_gc(p6, 0, p10, descr=<ArrayP 8>)
+332: guard_nonnull_class(p10, 4298115952, descr=<Guard0x10070ee90>) [i1, i0, p3, p2, p10, f20, p6]
+350: i24 = int_sub(i0, 1)
+361: guard_false(i1, descr=<Guard0x10070ee38>) [i24, p3, p2, f20, p6]
+377: i26 = int_le(i24, 0)
guard_false(i26, descr=<Guard0x10070ede0>) [i24, p3, p2, f20, p6]
debug_merge_point(0, 0, '369 get_list x(0). x(2). x(3)')
p28 = new_with_vtable(ConstClass(W_FloatObject))
+473: setfield_gc(p28, f20, descr=<FieldF pyrlang.interpreter.datatypes.number.W_FloatObject.inst_floatval 8>)
+506: setarrayitem_gc(p6, 1, p28, descr=<ArrayP 8>)
+510: p30 = same_as(p11)
+517: p31 = same_as(p10)
+517: label(i24, p2, p3, p11, p10, p28, p6, p30, descr=TargetToken(4302397904))
debug_merge_point(0, 0, '369 get_list x(0). x(2). x(3)')
+541: p32 = getfield_gc_pure(p10, descr=<FieldP pyrlang.interpreter.datatypes.list.W_ListObject.inst_left 8>)
+545: p33 = getfield_gc_pure(p10, descr=<FieldP pyrlang.interpreter.datatypes.list.W_ListObject.inst_right 16>)
debug_merge_point(0, 0, '370 line 44')
debug_merge_point(0, 0, '371 gc_bif2 L0. 4. 7. x(1). x(2). x(1)')
+549: f34 = getfield_gc_pure(p28, descr=<FieldF pyrlang.interpreter.datatypes.number.W_FloatObject.inst_floatval 8>)
+582: setarrayitem_gc(p6, 2, p32, descr=<ArrayP 8>)
+614: setarrayitem_gc(p6, 3, p33, descr=<ArrayP 8>)
+618: guard_nonnull_class(p32, ConstClass(W_FloatObject), descr=<Guard0x10070ed88>) [i24, p3, p2, p32, f34]
+636: f35 = getfield_gc_pure(p32, descr=<FieldF pyrlang.interpreter.datatypes.number.W_FloatObject.inst_floatval 8>)
+641: f36 = float_add(f34, f35)
debug_merge_point(0, 0, '372 move x(3). x(0)')
debug_merge_point(0, 0, '373 call_only 2. L69')
debug_merge_point(0, 0, '367 label 69')
debug_merge_point(0, 0, '368 is_nonempty_list L70. x(0)')
+673: setarrayitem_gc(p6, 0, p33, descr=<ArrayP 8>)
+677: guard_nonnull_class(p33, 4298115952, descr=<Guard0x10070ed30>) [i24, p3, p2, p33, f36, p6]
+695: i37 = int_sub(i24, 1)
+699: i38 = int_le(i37, 0)
guard_false(i38, descr=<Guard0x10070ecd8>) [i37, p3, p2, f36, p6]
debug_merge_point(0, 0, '369 get_list x(0). x(2). x(3)')
p39 = new_with_vtable(ConstClass(W_FloatObject))
+795: setfield_gc(p39, f36, descr=<FieldF pyrlang.interpreter.datatypes.number.W_FloatObject.inst_floatval 8>)
+828: setarrayitem_gc(p6, 1, p39, descr=<ArrayP 8>)
+832: i40 = arraylen_gc(p6, descr=<ArrayP 8>)
+832: jump(i37, p2, p3, p30, p33, p39, p6, p30, descr=TargetToken(4302397904))
+864: --end of the loop--
[32e61f131686] jit-log-opt-loop}
[32e61f6f60f2] {jit-log-opt-bridge
# bridge out of Guard 0x10070ecd8 with 4 ops
[i0, p1, p2, f3, p4]
p6 = new_with_vtable(ConstClass(W_FloatObject))
+138: setfield_gc(p6, f3, descr=<FieldF pyrlang.interpreter.datatypes.number.W_FloatObject.inst_floatval 8>)
+171: setarrayitem_gc(p4, 1, p6, descr=<ArrayP 8>)
+175: finish(ConstPtr(ptr8), descr=<DoneWithThisFrameDescrRef object at 0x10033ac00>)
+288: --end of the loop--
[32e61f704e2f] jit-log-opt-bridge}
[32e61fe914cf] {jit-backend-counts
entry 0:1
TargetToken(4302397544):1
TargetToken(4302397616):954
entry 1:500
TargetToken(4302397976):500
TargetToken(4302398048):996463
bridge 4302366904:299
entry 2:1
TargetToken(4302397472):1
TargetToken(4302397688):952
entry 3:500
TargetToken(4302397832):500
TargetToken(4302397904):996465
bridge 4302367960:299
[32e61fe9ba94] jit-backend-counts}
