[1cf3e38239e5] {jit-backend-counts
[1cf3e382f61d] jit-backend-counts}
[1cf3e3e0fa69] {jit-log-opt-loop
# Loop 0 ((jitdriver: get_printable_location disabled, no debug_print)) : loop with 80 ops
[i0, i1, p2, p3, p4]
+134: p5 = getfield_gc(p3, descr=<FieldP pyrlang.interpreter.register.X_Register.inst_regs 24>)
+145: p7 = getarrayitem_gc(p5, 0, descr=<ArrayP 8>)
+149: p9 = getarrayitem_gc(p5, 1, descr=<ArrayP 8>)
+153: p11 = getarrayitem_gc(p5, 2, descr=<ArrayP 8>)
+157: p13 = getarrayitem_gc(p5, 3, descr=<ArrayP 8>)
+161: p15 = getarrayitem_gc(p5, 4, descr=<ArrayP 8>)
+165: p17 = getarrayitem_gc(p5, 5, descr=<ArrayP 8>)
+169: p19 = getarrayitem_gc(p5, 6, descr=<ArrayP 8>)
+173: p21 = getarrayitem_gc(p5, 7, descr=<ArrayP 8>)
+177: p23 = getarrayitem_gc(p5, 8, descr=<ArrayP 8>)
+181: p25 = getarrayitem_gc(p5, 9, descr=<ArrayP 8>)
+185: p27 = getarrayitem_gc(p5, 10, descr=<ArrayP 8>)
+189: p29 = getarrayitem_gc(p5, 11, descr=<ArrayP 8>)
+193: p31 = getarrayitem_gc(p5, 12, descr=<ArrayP 8>)
+204: p33 = getarrayitem_gc(p5, 13, descr=<ArrayP 8>)
+215: p35 = getarrayitem_gc(p5, 14, descr=<ArrayP 8>)
+229: p37 = getarrayitem_gc(p5, 15, descr=<ArrayP 8>)
+243: p38 = getfield_gc(p3, descr=<FieldP pyrlang.interpreter.register.X_Register.inst_floats 16>)
+261: p40 = getarrayitem_gc(p38, 0, descr=<ArrayP 8>)
+272: p42 = getarrayitem_gc(p38, 1, descr=<ArrayP 8>)
+283: p44 = getarrayitem_gc(p38, 2, descr=<ArrayP 8>)
+294: p46 = getarrayitem_gc(p38, 3, descr=<ArrayP 8>)
+305: p48 = getarrayitem_gc(p38, 4, descr=<ArrayP 8>)
+316: p50 = getarrayitem_gc(p38, 5, descr=<ArrayP 8>)
+327: p52 = getarrayitem_gc(p38, 6, descr=<ArrayP 8>)
+338: p54 = getarrayitem_gc(p38, 7, descr=<ArrayP 8>)
+349: p56 = getarrayitem_gc(p38, 8, descr=<ArrayP 8>)
+360: p58 = getarrayitem_gc(p38, 9, descr=<ArrayP 8>)
+364: p60 = getarrayitem_gc(p38, 10, descr=<ArrayP 8>)
+375: p62 = getarrayitem_gc(p38, 11, descr=<ArrayP 8>)
+386: p64 = getarrayitem_gc(p38, 12, descr=<ArrayP 8>)
+397: p66 = getarrayitem_gc(p38, 13, descr=<ArrayP 8>)
+408: p68 = getarrayitem_gc(p38, 14, descr=<ArrayP 8>)
+422: p70 = getarrayitem_gc(p38, 15, descr=<ArrayP 8>)
+436: label(i0, i1, p2, p3, p4, p7, p9, p11, p13, p15, p17, p19, p21, p23, p25, p27, p29, p31, p33, p35, p37, p40, p42, p44, p46, p48, p50, p52, p54, p56, p58, p60, p62, p64, p66, p68, p70, descr=TargetToken(4302807144))
debug_merge_point(0, 0, '393 label 75')
+525: p71 = getfield_gc(p2, descr=<FieldP pyrlang.interpreter.interp.Process.inst_y_reg 80>)
debug_merge_point(0, 0, '394 line 47')
debug_merge_point(0, 0, '395 gc_bif2 L0. 3. 4. x(0). #0. x(0)')
+536: p72 = getfield_gc(p2, descr=<FieldP pyrlang.interpreter.interp.Process.inst_x_reg 72>)
+540: i73 = ptr_eq(p72, p3)
guard_true(i73, descr=<Guard0x100772338>) [i1, i0, p3, p2, p72, p7, p9, p11, p13, p15, p17, p19, p21, p23, p25, p27, p29, p31, p33, p35, p37, p40, p42, p44, p46, p48, p50, p52, p54, p56, p58, p60, p62, p64, p66, p68, p70]
+553: guard_class(p7, ConstClass(W_IntObject), descr=<Guard0x100772700>) [i1, i0, p3, p2, p7, p9, p11, p13, p15, p17, p19, p21, p23, p25, p27, p29, p31, p33, p35, p37, p40, p42, p44, p46, p48, p50, p52, p54, p56, p58, p60, p62, p64, p66, p68, p70]
+565: i75 = getfield_gc_pure(p7, descr=<FieldS pyrlang.interpreter.datatypes.number.W_IntObject.inst_intval 8>)
+569: i77 = int_sub_ovf(i75, 1)
guard_no_overflow(descr=<Guard0x1007726a8>) [i1, i0, p3, p2, i77, p7, p9, p11, p13, p15, p17, p19, p21, p23, p25, p27, p29, p31, p33, p35, p37, p40, p42, p44, p46, p48, p50, p52, p54, p56, p58, p60, p62, p64, p66, p68, p70]
debug_merge_point(0, 0, '396 test_heap 2. 3')
debug_merge_point(0, 0, '397 put_list x(1). x(2). x(2)')
debug_merge_point(0, 0, '398 call_only 3. L74')
debug_merge_point(0, 0, '389 label 74')
debug_merge_point(0, 0, '390 is_eq_exact L75. x(0). #1')
+579: i79 = int_eq(i77, 0)
guard_false(i79, descr=<Guard0x100772650>) [i1, i0, p3, p2, p9, p13, p15, p17, p19, p21, p23, p25, p27, p29, p31, p33, p35, p37, p40, p42, p44, p46, p48, p50, p52, p54, p56, p58, p60, p62, p64, p66, p68, p70, p11, i77]
+589: i81 = int_sub(i0, 1)
+600: guard_false(i1, descr=<Guard0x1007725f8>) [i81, p3, p2, p9, p13, p15, p17, p19, p21, p23, p25, p27, p29, p31, p33, p35, p37, p40, p42, p44, p46, p48, p50, p52, p54, p56, p58, p60, p62, p64, p66, p68, p70, p11, i77]
+616: i83 = int_le(i81, 0)
guard_false(i83, descr=<Guard0x1007725a0>) [i81, p3, p2, p9, p13, p15, p17, p19, p21, p23, p25, p27, p29, p31, p33, p35, p37, p40, p42, p44, p46, p48, p50, p52, p54, p56, p58, p60, p62, p64, p66, p68, p70, p11, i77]
debug_merge_point(0, 0, '393 label 75')
+626: p84 = same_as(p71)
+629: label(i81, p2, p3, p71, i77, p9, p11, p13, p15, p17, p19, p21, p23, p25, p27, p29, p31, p33, p35, p37, p40, p42, p44, p46, p48, p50, p52, p54, p56, p58, p60, p62, p64, p66, p68, p70, p84, descr=TargetToken(4302807216))
debug_merge_point(0, 0, '393 label 75')
debug_merge_point(0, 0, '394 line 47')
debug_merge_point(0, 0, '395 gc_bif2 L0. 3. 4. x(0). #0. x(0)')
+669: i85 = int_sub_ovf(i77, 1)
guard_no_overflow(descr=<Guard0x100772548>) [i81, p3, p2, i85, p9, p13, p15, p17, p19, p21, p23, p25, p27, p29, p31, p33, p35, p37, p40, p42, p44, p46, p48, p50, p52, p54, p56, p58, p60, p62, p64, p66, p68, p70, p11, i77]
debug_merge_point(0, 0, '396 test_heap 2. 3')
debug_merge_point(0, 0, '397 put_list x(1). x(2). x(2)')
debug_merge_point(0, 0, '398 call_only 3. L74')
debug_merge_point(0, 0, '389 label 74')
debug_merge_point(0, 0, '390 is_eq_exact L75. x(0). #1')
+682: i86 = int_eq(i85, 0)
guard_false(i86, descr=<Guard0x1007724f0>) [i81, p3, p2, p9, p13, p15, p17, p19, p21, p23, p25, p27, p29, p31, p33, p35, p37, p40, p42, p44, p46, p48, p50, p52, p54, p56, p58, p60, p62, p64, p66, p68, p70, i85, p11, None]
+692: i88 = int_sub(i81, 1)
+696: i89 = int_le(i88, 0)
guard_false(i89, descr=<Guard0x100772498>) [i88, p3, p2, p9, p13, p15, p17, p19, p21, p23, p25, p27, p29, p31, p33, p35, p37, p40, p42, p44, p46, p48, p50, p52, p54, p56, p58, p60, p62, p64, p66, p68, p70, i85, p11, None]
debug_merge_point(0, 0, '393 label 75')
p91 = new_with_vtable(4298149096)
+785: setfield_gc(p91, p9, descr=<FieldP pyrlang.interpreter.datatypes.list.W_ListObject.inst_left 8>)
+796: setfield_gc(p91, p11, descr=<FieldP pyrlang.interpreter.datatypes.list.W_ListObject.inst_right 16>)
+800: jump(i88, p2, p3, p84, i85, p9, p91, p13, p15, p17, p19, p21, p23, p25, p27, p29, p31, p33, p35, p37, p40, p42, p44, p46, p48, p50, p52, p54, p56, p58, p60, p62, p64, p66, p68, p70, p84, descr=TargetToken(4302807216))
+832: --end of the loop--
[1cf3e5133fc5] jit-log-opt-loop}
[1cf3e555464b] {jit-log-opt-loop
# Loop 1 ((jitdriver: get_printable_location disabled, no debug_print)) : loop with 80 ops
[i0, i1, p2, p3, p4]
+134: p5 = getfield_gc(p3, descr=<FieldP pyrlang.interpreter.register.X_Register.inst_regs 24>)
+145: p7 = getarrayitem_gc(p5, 0, descr=<ArrayP 8>)
+149: p9 = getarrayitem_gc(p5, 1, descr=<ArrayP 8>)
+153: p11 = getarrayitem_gc(p5, 2, descr=<ArrayP 8>)
+157: p13 = getarrayitem_gc(p5, 3, descr=<ArrayP 8>)
+161: p15 = getarrayitem_gc(p5, 4, descr=<ArrayP 8>)
+165: p17 = getarrayitem_gc(p5, 5, descr=<ArrayP 8>)
+169: p19 = getarrayitem_gc(p5, 6, descr=<ArrayP 8>)
+173: p21 = getarrayitem_gc(p5, 7, descr=<ArrayP 8>)
+177: p23 = getarrayitem_gc(p5, 8, descr=<ArrayP 8>)
+181: p25 = getarrayitem_gc(p5, 9, descr=<ArrayP 8>)
+185: p27 = getarrayitem_gc(p5, 10, descr=<ArrayP 8>)
+189: p29 = getarrayitem_gc(p5, 11, descr=<ArrayP 8>)
+193: p31 = getarrayitem_gc(p5, 12, descr=<ArrayP 8>)
+204: p33 = getarrayitem_gc(p5, 13, descr=<ArrayP 8>)
+215: p35 = getarrayitem_gc(p5, 14, descr=<ArrayP 8>)
+229: p37 = getarrayitem_gc(p5, 15, descr=<ArrayP 8>)
+243: p38 = getfield_gc(p3, descr=<FieldP pyrlang.interpreter.register.X_Register.inst_floats 16>)
+261: p40 = getarrayitem_gc(p38, 0, descr=<ArrayP 8>)
+272: p42 = getarrayitem_gc(p38, 1, descr=<ArrayP 8>)
+283: p44 = getarrayitem_gc(p38, 2, descr=<ArrayP 8>)
+294: p46 = getarrayitem_gc(p38, 3, descr=<ArrayP 8>)
+305: p48 = getarrayitem_gc(p38, 4, descr=<ArrayP 8>)
+316: p50 = getarrayitem_gc(p38, 5, descr=<ArrayP 8>)
+327: p52 = getarrayitem_gc(p38, 6, descr=<ArrayP 8>)
+338: p54 = getarrayitem_gc(p38, 7, descr=<ArrayP 8>)
+349: p56 = getarrayitem_gc(p38, 8, descr=<ArrayP 8>)
+360: p58 = getarrayitem_gc(p38, 9, descr=<ArrayP 8>)
+364: p60 = getarrayitem_gc(p38, 10, descr=<ArrayP 8>)
+375: p62 = getarrayitem_gc(p38, 11, descr=<ArrayP 8>)
+386: p64 = getarrayitem_gc(p38, 12, descr=<ArrayP 8>)
+397: p66 = getarrayitem_gc(p38, 13, descr=<ArrayP 8>)
+408: p68 = getarrayitem_gc(p38, 14, descr=<ArrayP 8>)
+422: p70 = getarrayitem_gc(p38, 15, descr=<ArrayP 8>)
+436: label(i0, i1, p2, p3, p4, p7, p9, p11, p13, p15, p17, p19, p21, p23, p25, p27, p29, p31, p33, p35, p37, p40, p42, p44, p46, p48, p50, p52, p54, p56, p58, p60, p62, p64, p66, p68, p70, descr=TargetToken(4302807288))
debug_merge_point(0, 0, '393 label 75')
+525: p71 = getfield_gc(p2, descr=<FieldP pyrlang.interpreter.interp.Process.inst_y_reg 80>)
debug_merge_point(0, 0, '394 line 47')
debug_merge_point(0, 0, '395 gc_bif2 L0. 3. 4. x(0). #0. x(0)')
+536: p72 = getfield_gc(p2, descr=<FieldP pyrlang.interpreter.interp.Process.inst_x_reg 72>)
+540: i73 = ptr_eq(p72, p3)
guard_true(i73, descr=<Guard0x1007729c0>) [i1, i0, p3, p2, p72, p7, p9, p11, p13, p15, p17, p19, p21, p23, p25, p27, p29, p31, p33, p35, p37, p40, p42, p44, p46, p48, p50, p52, p54, p56, p58, p60, p62, p64, p66, p68, p70]
+553: guard_class(p7, ConstClass(W_IntObject), descr=<Guard0x100772d88>) [i1, i0, p3, p2, p7, p9, p11, p13, p15, p17, p19, p21, p23, p25, p27, p29, p31, p33, p35, p37, p40, p42, p44, p46, p48, p50, p52, p54, p56, p58, p60, p62, p64, p66, p68, p70]
+565: i75 = getfield_gc_pure(p7, descr=<FieldS pyrlang.interpreter.datatypes.number.W_IntObject.inst_intval 8>)
+569: i77 = int_sub_ovf(i75, 1)
guard_no_overflow(descr=<Guard0x100772d30>) [i1, i0, p3, p2, i77, p7, p9, p11, p13, p15, p17, p19, p21, p23, p25, p27, p29, p31, p33, p35, p37, p40, p42, p44, p46, p48, p50, p52, p54, p56, p58, p60, p62, p64, p66, p68, p70]
debug_merge_point(0, 0, '396 test_heap 2. 3')
debug_merge_point(0, 0, '397 put_list x(1). x(2). x(2)')
debug_merge_point(0, 0, '398 call_only 3. L74')
debug_merge_point(0, 0, '389 label 74')
debug_merge_point(0, 0, '390 is_eq_exact L75. x(0). #1')
+579: i79 = int_eq(i77, 0)
guard_false(i79, descr=<Guard0x100772cd8>) [i1, i0, p3, p2, p9, p13, p15, p17, p19, p21, p23, p25, p27, p29, p31, p33, p35, p37, p40, p42, p44, p46, p48, p50, p52, p54, p56, p58, p60, p62, p64, p66, p68, p70, p11, i77]
+589: i81 = int_sub(i0, 1)
+600: guard_false(i1, descr=<Guard0x100772c80>) [i81, p3, p2, p9, p13, p15, p17, p19, p21, p23, p25, p27, p29, p31, p33, p35, p37, p40, p42, p44, p46, p48, p50, p52, p54, p56, p58, p60, p62, p64, p66, p68, p70, p11, i77]
+616: i83 = int_le(i81, 0)
guard_false(i83, descr=<Guard0x100772c28>) [i81, p3, p2, p9, p13, p15, p17, p19, p21, p23, p25, p27, p29, p31, p33, p35, p37, p40, p42, p44, p46, p48, p50, p52, p54, p56, p58, p60, p62, p64, p66, p68, p70, p11, i77]
debug_merge_point(0, 0, '393 label 75')
+626: p84 = same_as(p71)
+629: label(i81, p2, p3, p71, i77, p9, p11, p13, p15, p17, p19, p21, p23, p25, p27, p29, p31, p33, p35, p37, p40, p42, p44, p46, p48, p50, p52, p54, p56, p58, p60, p62, p64, p66, p68, p70, p84, descr=TargetToken(4302807360))
debug_merge_point(0, 0, '393 label 75')
debug_merge_point(0, 0, '394 line 47')
debug_merge_point(0, 0, '395 gc_bif2 L0. 3. 4. x(0). #0. x(0)')
+669: i85 = int_sub_ovf(i77, 1)
guard_no_overflow(descr=<Guard0x100772bd0>) [i81, p3, p2, i85, p9, p13, p15, p17, p19, p21, p23, p25, p27, p29, p31, p33, p35, p37, p40, p42, p44, p46, p48, p50, p52, p54, p56, p58, p60, p62, p64, p66, p68, p70, p11, i77]
debug_merge_point(0, 0, '396 test_heap 2. 3')
debug_merge_point(0, 0, '397 put_list x(1). x(2). x(2)')
debug_merge_point(0, 0, '398 call_only 3. L74')
debug_merge_point(0, 0, '389 label 74')
debug_merge_point(0, 0, '390 is_eq_exact L75. x(0). #1')
+682: i86 = int_eq(i85, 0)
guard_false(i86, descr=<Guard0x100772b78>) [i81, p3, p2, p9, p13, p15, p17, p19, p21, p23, p25, p27, p29, p31, p33, p35, p37, p40, p42, p44, p46, p48, p50, p52, p54, p56, p58, p60, p62, p64, p66, p68, p70, i85, p11, None]
+692: i88 = int_sub(i81, 1)
+696: i89 = int_le(i88, 0)
guard_false(i89, descr=<Guard0x100772b20>) [i88, p3, p2, p9, p13, p15, p17, p19, p21, p23, p25, p27, p29, p31, p33, p35, p37, p40, p42, p44, p46, p48, p50, p52, p54, p56, p58, p60, p62, p64, p66, p68, p70, i85, p11, None]
debug_merge_point(0, 0, '393 label 75')
p91 = new_with_vtable(4298149096)
+785: setfield_gc(p91, p9, descr=<FieldP pyrlang.interpreter.datatypes.list.W_ListObject.inst_left 8>)
+796: setfield_gc(p91, p11, descr=<FieldP pyrlang.interpreter.datatypes.list.W_ListObject.inst_right 16>)
+800: jump(i88, p2, p3, p84, i85, p9, p91, p13, p15, p17, p19, p21, p23, p25, p27, p29, p31, p33, p35, p37, p40, p42, p44, p46, p48, p50, p52, p54, p56, p58, p60, p62, p64, p66, p68, p70, p84, descr=TargetToken(4302807360))
+832: --end of the loop--
[1cf3e8534de5] jit-log-opt-loop}
[1cf3eb943e24] {jit-log-opt-bridge
# bridge out of Guard 0x100772b20 with 4 ops
[i0, p1, p2, p3, p4, p5, p6, p7, p8, p9, p10, p11, p12, p13, p14, p15, p16, p17, p18, p19, p20, p21, p22, p23, p24, p25, p26, p27, p28, p29, p30, p31, p32, i33, p34]
+59: p35 = force_token()
+91: setfield_gc(p1, p35, descr=<FieldP pyrlang.interpreter.register.X_Register.vable_token 8>)
+95: guard_not_forced_2(descr=<Guard0x1007733b8>) [p3, p4, p5, p6, p7, p8, p9, p10, p11, p12, p13, p14, p15, p16, p17, p18, p19, p20, p21, p22, p23, p24, p25, p26, p27, p28, p29, p30, p31, p32, p1, p34, i33]
+123: finish(ConstPtr(ptr36), descr=<DoneWithThisFrameDescrRef object at 0x100345440>)
+240: --end of the loop--
[1cf3eb9691d2] jit-log-opt-bridge}
[1cf3f2c562be] {jit-log-opt-loop
# Loop 2 ((jitdriver: get_printable_location disabled, no debug_print)) : loop with 79 ops
[i0, i1, p2, p3, p4]
+134: p5 = getfield_gc(p3, descr=<FieldP pyrlang.interpreter.register.X_Register.inst_regs 24>)
+145: p7 = getarrayitem_gc(p5, 0, descr=<ArrayP 8>)
+149: p9 = getarrayitem_gc(p5, 1, descr=<ArrayP 8>)
+153: p11 = getarrayitem_gc(p5, 2, descr=<ArrayP 8>)
+157: p13 = getarrayitem_gc(p5, 3, descr=<ArrayP 8>)
+161: p15 = getarrayitem_gc(p5, 4, descr=<ArrayP 8>)
+165: p17 = getarrayitem_gc(p5, 5, descr=<ArrayP 8>)
+169: p19 = getarrayitem_gc(p5, 6, descr=<ArrayP 8>)
+173: p21 = getarrayitem_gc(p5, 7, descr=<ArrayP 8>)
+177: p23 = getarrayitem_gc(p5, 8, descr=<ArrayP 8>)
+181: p25 = getarrayitem_gc(p5, 9, descr=<ArrayP 8>)
+185: p27 = getarrayitem_gc(p5, 10, descr=<ArrayP 8>)
+189: p29 = getarrayitem_gc(p5, 11, descr=<ArrayP 8>)
+193: p31 = getarrayitem_gc(p5, 12, descr=<ArrayP 8>)
+204: p33 = getarrayitem_gc(p5, 13, descr=<ArrayP 8>)
+215: p35 = getarrayitem_gc(p5, 14, descr=<ArrayP 8>)
+229: p37 = getarrayitem_gc(p5, 15, descr=<ArrayP 8>)
+243: p38 = getfield_gc(p3, descr=<FieldP pyrlang.interpreter.register.X_Register.inst_floats 16>)
+261: p40 = getarrayitem_gc(p38, 0, descr=<ArrayP 8>)
+272: p42 = getarrayitem_gc(p38, 1, descr=<ArrayP 8>)
+283: p44 = getarrayitem_gc(p38, 2, descr=<ArrayP 8>)
+294: p46 = getarrayitem_gc(p38, 3, descr=<ArrayP 8>)
+305: p48 = getarrayitem_gc(p38, 4, descr=<ArrayP 8>)
+316: p50 = getarrayitem_gc(p38, 5, descr=<ArrayP 8>)
+327: p52 = getarrayitem_gc(p38, 6, descr=<ArrayP 8>)
+338: p54 = getarrayitem_gc(p38, 7, descr=<ArrayP 8>)
+342: p56 = getarrayitem_gc(p38, 8, descr=<ArrayP 8>)
+353: p58 = getarrayitem_gc(p38, 9, descr=<ArrayP 8>)
+364: p60 = getarrayitem_gc(p38, 10, descr=<ArrayP 8>)
+375: p62 = getarrayitem_gc(p38, 11, descr=<ArrayP 8>)
+386: p64 = getarrayitem_gc(p38, 12, descr=<ArrayP 8>)
+397: p66 = getarrayitem_gc(p38, 13, descr=<ArrayP 8>)
+408: p68 = getarrayitem_gc(p38, 14, descr=<ArrayP 8>)
+422: p70 = getarrayitem_gc(p38, 15, descr=<ArrayP 8>)
+436: label(i0, i1, p2, p3, p4, p7, p9, p11, p13, p15, p17, p19, p21, p23, p25, p27, p29, p31, p33, p35, p37, p40, p42, p44, p46, p48, p50, p52, p54, p56, p58, p60, p62, p64, p66, p68, p70, descr=TargetToken(4302807072))
debug_merge_point(0, 0, '369 get_list x(0). x(2). x(3)')
+525: p71 = getfield_gc(p2, descr=<FieldP pyrlang.interpreter.interp.Process.inst_x_reg 72>)
+536: i72 = ptr_eq(p71, p3)
guard_true(i72, descr=<Guard0x1007721d8>) [i1, i0, p3, p2, p71, p7, p9, p11, p13, p15, p17, p19, p21, p23, p25, p27, p29, p31, p33, p35, p37, p40, p42, p44, p46, p48, p50, p52, p54, p56, p58, p60, p62, p64, p66, p68, p70]
+549: p73 = getfield_gc_pure(p7, descr=<FieldP pyrlang.interpreter.datatypes.list.W_ListObject.inst_left 8>)
+553: p74 = getfield_gc_pure(p7, descr=<FieldP pyrlang.interpreter.datatypes.list.W_ListObject.inst_right 16>)
+557: p75 = getfield_gc(p2, descr=<FieldP pyrlang.interpreter.interp.Process.inst_y_reg 80>)
debug_merge_point(0, 0, '370 line 44')
debug_merge_point(0, 0, '371 gc_bif2 L0. 4. 7. x(1). x(2). x(1)')
+561: guard_class(p9, ConstClass(W_FloatObject), descr=<Guard0x100772910>) [i1, i0, p3, p2, p73, p9, p7, p74, p15, p17, p19, p21, p23, p25, p27, p29, p31, p33, p35, p37, p40, p42, p44, p46, p48, p50, p52, p54, p56, p58, p60, p62, p64, p66, p68, p70]
+573: f77 = getfield_gc_pure(p9, descr=<FieldF pyrlang.interpreter.datatypes.number.W_FloatObject.inst_floatval 8>)
+578: guard_nonnull_class(p73, ConstClass(W_FloatObject), descr=<Guard0x1007728b8>) [i1, i0, p3, p2, p73, f77, p7, p9, p74, p15, p17, p19, p21, p23, p25, p27, p29, p31, p33, p35, p37, p40, p42, p44, p46, p48, p50, p52, p54, p56, p58, p60, p62, p64, p66, p68, p70]
+598: f79 = getfield_gc_pure(p73, descr=<FieldF pyrlang.interpreter.datatypes.number.W_FloatObject.inst_floatval 8>)
+605: f80 = float_add(f77, f79)
debug_merge_point(0, 0, '372 move x(3). x(0)')
debug_merge_point(0, 0, '373 call_only 2. L69')
debug_merge_point(0, 0, '367 label 69')
debug_merge_point(0, 0, '368 is_nonempty_list L70. x(0)')
+609: guard_nonnull_class(p74, 4298149096, descr=<Guard0x100772860>) [i1, i0, p3, p2, p74, p73, p15, p17, p19, p21, p23, p25, p27, p29, p31, p33, p35, p37, p40, p42, p44, p46, p48, p50, p52, p54, p56, p58, p60, p62, p64, p66, p68, p70, f80]
+628: i83 = int_sub(i0, 1)
+639: guard_false(i1, descr=<Guard0x100772808>) [i83, p3, p2, p74, p73, p15, p17, p19, p21, p23, p25, p27, p29, p31, p33, p35, p37, p40, p42, p44, p46, p48, p50, p52, p54, p56, p58, p60, p62, p64, p66, p68, p70, f80]
+655: i85 = int_le(i83, 0)
guard_false(i85, descr=<Guard0x1007727b0>) [i83, p3, p2, p74, p73, p15, p17, p19, p21, p23, p25, p27, p29, p31, p33, p35, p37, p40, p42, p44, p46, p48, p50, p52, p54, p56, p58, p60, p62, p64, p66, p68, p70, f80]
debug_merge_point(0, 0, '369 get_list x(0). x(2). x(3)')
+665: p86 = same_as(p75)
+668: label(i83, p2, p3, p75, p74, f80, p73, p15, p17, p19, p21, p23, p25, p27, p29, p31, p33, p35, p37, p40, p42, p44, p46, p48, p50, p52, p54, p56, p58, p60, p62, p64, p66, p68, p70, p86, descr=TargetToken(4302807432))
debug_merge_point(0, 0, '369 get_list x(0). x(2). x(3)')
+717: p87 = getfield_gc_pure(p74, descr=<FieldP pyrlang.interpreter.datatypes.list.W_ListObject.inst_left 8>)
+721: p88 = getfield_gc_pure(p74, descr=<FieldP pyrlang.interpreter.datatypes.list.W_ListObject.inst_right 16>)
debug_merge_point(0, 0, '370 line 44')
debug_merge_point(0, 0, '371 gc_bif2 L0. 4. 7. x(1). x(2). x(1)')
+725: guard_nonnull_class(p87, ConstClass(W_FloatObject), descr=<Guard0x100772758>) [i83, p3, p2, p87, f80, p74, p88, p15, p17, p19, p21, p23, p25, p27, p29, p31, p33, p35, p37, p40, p42, p44, p46, p48, p50, p52, p54, p56, p58, p60, p62, p64, p66, p68, p70]
+743: f89 = getfield_gc_pure(p87, descr=<FieldF pyrlang.interpreter.datatypes.number.W_FloatObject.inst_floatval 8>)
+748: f90 = float_add(f80, f89)
debug_merge_point(0, 0, '372 move x(3). x(0)')
debug_merge_point(0, 0, '373 call_only 2. L69')
debug_merge_point(0, 0, '367 label 69')
debug_merge_point(0, 0, '368 is_nonempty_list L70. x(0)')
+752: guard_nonnull_class(p88, 4298149096, descr=<Guard0x1007723e8>) [i83, p3, p2, p88, p87, p15, p17, p19, p21, p23, p25, p27, p29, p31, p33, p35, p37, p40, p42, p44, p46, p48, p50, p52, p54, p56, p58, p60, p62, p64, p66, p68, p70, f90]
+772: i91 = int_sub(i83, 1)
+776: i92 = int_le(i91, 0)
guard_false(i92, descr=<Guard0x100772390>) [i91, p3, p2, p88, p87, p15, p17, p19, p21, p23, p25, p27, p29, p31, p33, p35, p37, p40, p42, p44, p46, p48, p50, p52, p54, p56, p58, p60, p62, p64, p66, p68, p70, f90]
debug_merge_point(0, 0, '369 get_list x(0). x(2). x(3)')
+786: jump(i91, p2, p3, p86, p88, f90, p87, p15, p17, p19, p21, p23, p25, p27, p29, p31, p33, p35, p37, p40, p42, p44, p46, p48, p50, p52, p54, p56, p58, p60, p62, p64, p66, p68, p70, p86, descr=TargetToken(4302807432))
+832: --end of the loop--
[1cf3f2cd92d9] jit-log-opt-loop}
[1cf3f327e39f] {jit-log-opt-loop
# Loop 3 ((jitdriver: get_printable_location disabled, no debug_print)) : loop with 79 ops
[i0, i1, p2, p3, p4]
+134: p5 = getfield_gc(p3, descr=<FieldP pyrlang.interpreter.register.X_Register.inst_regs 24>)
+145: p7 = getarrayitem_gc(p5, 0, descr=<ArrayP 8>)
+149: p9 = getarrayitem_gc(p5, 1, descr=<ArrayP 8>)
+153: p11 = getarrayitem_gc(p5, 2, descr=<ArrayP 8>)
+157: p13 = getarrayitem_gc(p5, 3, descr=<ArrayP 8>)
+161: p15 = getarrayitem_gc(p5, 4, descr=<ArrayP 8>)
+165: p17 = getarrayitem_gc(p5, 5, descr=<ArrayP 8>)
+169: p19 = getarrayitem_gc(p5, 6, descr=<ArrayP 8>)
+173: p21 = getarrayitem_gc(p5, 7, descr=<ArrayP 8>)
+177: p23 = getarrayitem_gc(p5, 8, descr=<ArrayP 8>)
+181: p25 = getarrayitem_gc(p5, 9, descr=<ArrayP 8>)
+185: p27 = getarrayitem_gc(p5, 10, descr=<ArrayP 8>)
+189: p29 = getarrayitem_gc(p5, 11, descr=<ArrayP 8>)
+193: p31 = getarrayitem_gc(p5, 12, descr=<ArrayP 8>)
+204: p33 = getarrayitem_gc(p5, 13, descr=<ArrayP 8>)
+215: p35 = getarrayitem_gc(p5, 14, descr=<ArrayP 8>)
+229: p37 = getarrayitem_gc(p5, 15, descr=<ArrayP 8>)
+243: p38 = getfield_gc(p3, descr=<FieldP pyrlang.interpreter.register.X_Register.inst_floats 16>)
+261: p40 = getarrayitem_gc(p38, 0, descr=<ArrayP 8>)
+272: p42 = getarrayitem_gc(p38, 1, descr=<ArrayP 8>)
+283: p44 = getarrayitem_gc(p38, 2, descr=<ArrayP 8>)
+294: p46 = getarrayitem_gc(p38, 3, descr=<ArrayP 8>)
+305: p48 = getarrayitem_gc(p38, 4, descr=<ArrayP 8>)
+316: p50 = getarrayitem_gc(p38, 5, descr=<ArrayP 8>)
+327: p52 = getarrayitem_gc(p38, 6, descr=<ArrayP 8>)
+338: p54 = getarrayitem_gc(p38, 7, descr=<ArrayP 8>)
+342: p56 = getarrayitem_gc(p38, 8, descr=<ArrayP 8>)
+353: p58 = getarrayitem_gc(p38, 9, descr=<ArrayP 8>)
+364: p60 = getarrayitem_gc(p38, 10, descr=<ArrayP 8>)
+375: p62 = getarrayitem_gc(p38, 11, descr=<ArrayP 8>)
+386: p64 = getarrayitem_gc(p38, 12, descr=<ArrayP 8>)
+397: p66 = getarrayitem_gc(p38, 13, descr=<ArrayP 8>)
+408: p68 = getarrayitem_gc(p38, 14, descr=<ArrayP 8>)
+422: p70 = getarrayitem_gc(p38, 15, descr=<ArrayP 8>)
+436: label(i0, i1, p2, p3, p4, p7, p9, p11, p13, p15, p17, p19, p21, p23, p25, p27, p29, p31, p33, p35, p37, p40, p42, p44, p46, p48, p50, p52, p54, p56, p58, p60, p62, p64, p66, p68, p70, descr=TargetToken(4302807504))
debug_merge_point(0, 0, '369 get_list x(0). x(2). x(3)')
+525: p71 = getfield_gc(p2, descr=<FieldP pyrlang.interpreter.interp.Process.inst_x_reg 72>)
+536: i72 = ptr_eq(p71, p3)
guard_true(i72, descr=<Guard0x1007736d0>) [i1, i0, p3, p2, p71, p7, p9, p11, p13, p15, p17, p19, p21, p23, p25, p27, p29, p31, p33, p35, p37, p40, p42, p44, p46, p48, p50, p52, p54, p56, p58, p60, p62, p64, p66, p68, p70]
+549: p73 = getfield_gc_pure(p7, descr=<FieldP pyrlang.interpreter.datatypes.list.W_ListObject.inst_left 8>)
+553: p74 = getfield_gc_pure(p7, descr=<FieldP pyrlang.interpreter.datatypes.list.W_ListObject.inst_right 16>)
+557: p75 = getfield_gc(p2, descr=<FieldP pyrlang.interpreter.interp.Process.inst_y_reg 80>)
debug_merge_point(0, 0, '370 line 44')
debug_merge_point(0, 0, '371 gc_bif2 L0. 4. 7. x(1). x(2). x(1)')
+561: guard_class(p9, ConstClass(W_FloatObject), descr=<Guard0x100773678>) [i1, i0, p3, p2, p73, p9, p7, p74, p15, p17, p19, p21, p23, p25, p27, p29, p31, p33, p35, p37, p40, p42, p44, p46, p48, p50, p52, p54, p56, p58, p60, p62, p64, p66, p68, p70]
+573: f77 = getfield_gc_pure(p9, descr=<FieldF pyrlang.interpreter.datatypes.number.W_FloatObject.inst_floatval 8>)
+578: guard_nonnull_class(p73, ConstClass(W_FloatObject), descr=<Guard0x100773620>) [i1, i0, p3, p2, p73, f77, p7, p9, p74, p15, p17, p19, p21, p23, p25, p27, p29, p31, p33, p35, p37, p40, p42, p44, p46, p48, p50, p52, p54, p56, p58, p60, p62, p64, p66, p68, p70]
+598: f79 = getfield_gc_pure(p73, descr=<FieldF pyrlang.interpreter.datatypes.number.W_FloatObject.inst_floatval 8>)
+605: f80 = float_add(f77, f79)
debug_merge_point(0, 0, '372 move x(3). x(0)')
debug_merge_point(0, 0, '373 call_only 2. L69')
debug_merge_point(0, 0, '367 label 69')
debug_merge_point(0, 0, '368 is_nonempty_list L70. x(0)')
+609: guard_nonnull_class(p74, 4298149096, descr=<Guard0x1007735c8>) [i1, i0, p3, p2, p74, p73, p15, p17, p19, p21, p23, p25, p27, p29, p31, p33, p35, p37, p40, p42, p44, p46, p48, p50, p52, p54, p56, p58, p60, p62, p64, p66, p68, p70, f80]
+628: i83 = int_sub(i0, 1)
+639: guard_false(i1, descr=<Guard0x100773570>) [i83, p3, p2, p74, p73, p15, p17, p19, p21, p23, p25, p27, p29, p31, p33, p35, p37, p40, p42, p44, p46, p48, p50, p52, p54, p56, p58, p60, p62, p64, p66, p68, p70, f80]
+655: i85 = int_le(i83, 0)
guard_false(i85, descr=<Guard0x100773518>) [i83, p3, p2, p74, p73, p15, p17, p19, p21, p23, p25, p27, p29, p31, p33, p35, p37, p40, p42, p44, p46, p48, p50, p52, p54, p56, p58, p60, p62, p64, p66, p68, p70, f80]
debug_merge_point(0, 0, '369 get_list x(0). x(2). x(3)')
+665: p86 = same_as(p75)
+668: label(i83, p2, p3, p75, p74, f80, p73, p15, p17, p19, p21, p23, p25, p27, p29, p31, p33, p35, p37, p40, p42, p44, p46, p48, p50, p52, p54, p56, p58, p60, p62, p64, p66, p68, p70, p86, descr=TargetToken(4302807576))
debug_merge_point(0, 0, '369 get_list x(0). x(2). x(3)')
+717: p87 = getfield_gc_pure(p74, descr=<FieldP pyrlang.interpreter.datatypes.list.W_ListObject.inst_left 8>)
+721: p88 = getfield_gc_pure(p74, descr=<FieldP pyrlang.interpreter.datatypes.list.W_ListObject.inst_right 16>)
debug_merge_point(0, 0, '370 line 44')
debug_merge_point(0, 0, '371 gc_bif2 L0. 4. 7. x(1). x(2). x(1)')
+725: guard_nonnull_class(p87, ConstClass(W_FloatObject), descr=<Guard0x1007734c0>) [i83, p3, p2, p87, f80, p74, p88, p15, p17, p19, p21, p23, p25, p27, p29, p31, p33, p35, p37, p40, p42, p44, p46, p48, p50, p52, p54, p56, p58, p60, p62, p64, p66, p68, p70]
+743: f89 = getfield_gc_pure(p87, descr=<FieldF pyrlang.interpreter.datatypes.number.W_FloatObject.inst_floatval 8>)
+748: f90 = float_add(f80, f89)
debug_merge_point(0, 0, '372 move x(3). x(0)')
debug_merge_point(0, 0, '373 call_only 2. L69')
debug_merge_point(0, 0, '367 label 69')
debug_merge_point(0, 0, '368 is_nonempty_list L70. x(0)')
+752: guard_nonnull_class(p88, 4298149096, descr=<Guard0x100773410>) [i83, p3, p2, p88, p87, p15, p17, p19, p21, p23, p25, p27, p29, p31, p33, p35, p37, p40, p42, p44, p46, p48, p50, p52, p54, p56, p58, p60, p62, p64, p66, p68, p70, f90]
+772: i91 = int_sub(i83, 1)
+776: i92 = int_le(i91, 0)
guard_false(i92, descr=<Guard0x100773360>) [i91, p3, p2, p88, p87, p15, p17, p19, p21, p23, p25, p27, p29, p31, p33, p35, p37, p40, p42, p44, p46, p48, p50, p52, p54, p56, p58, p60, p62, p64, p66, p68, p70, f90]
debug_merge_point(0, 0, '369 get_list x(0). x(2). x(3)')
+786: jump(i91, p2, p3, p86, p88, f90, p87, p15, p17, p19, p21, p23, p25, p27, p29, p31, p33, p35, p37, p40, p42, p44, p46, p48, p50, p52, p54, p56, p58, p60, p62, p64, p66, p68, p70, p86, descr=TargetToken(4302807576))
+832: --end of the loop--
[1cf3f3300ab4] jit-log-opt-loop}
[1cf3f37155ac] {jit-log-opt-bridge
# bridge out of Guard 0x100773360 with 4 ops
[i0, p1, p2, p3, p4, p5, p6, p7, p8, p9, p10, p11, p12, p13, p14, p15, p16, p17, p18, p19, p20, p21, p22, p23, p24, p25, p26, p27, p28, p29, p30, p31, p32, f33]
+59: p34 = force_token()
+91: setfield_gc(p1, p34, descr=<FieldP pyrlang.interpreter.register.X_Register.vable_token 8>)
+95: guard_not_forced_2(descr=<Guard0x100773a40>) [p3, p4, p5, p6, p7, p8, p9, p10, p11, p12, p13, p14, p15, p16, p17, p18, p19, p20, p21, p22, p23, p24, p25, p26, p27, p28, p29, p30, p31, p32, p1, f33]
+123: finish(ConstPtr(ptr35), descr=<DoneWithThisFrameDescrRef object at 0x100345440>)
+240: --end of the loop--
[1cf3f3725591] jit-log-opt-bridge}
[1cf3f3ba7ce1] {jit-backend-counts
entry 0:1
TargetToken(4302807144):1
TargetToken(4302807216):954
entry 1:500
TargetToken(4302807288):500
TargetToken(4302807360):996463
bridge 4302777120:299
entry 2:1
TargetToken(4302807072):1
TargetToken(4302807432):952
entry 3:500
TargetToken(4302807504):500
TargetToken(4302807576):996465
bridge 4302779232:299
[1cf3f3bc45a0] jit-backend-counts}
