[136b2347541fc6] {jit-backend-counts
[136b2347547876] jit-backend-counts}
[136b2347c31868] {jit-log-opt-loop
# Loop 0 (3 label 2) : loop with 114 ops
[i0, i1, i2, p3, p4, p5]
+134: p6 = getfield_gc(p4, descr=<FieldP pyrlang.interpreter.register.X_Register.inst_regs 16>)
+145: p8 = getarrayitem_gc(p6, 0, descr=<ArrayP 8>)
+149: p10 = getarrayitem_gc(p6, 1, descr=<ArrayP 8>)
+153: p12 = getarrayitem_gc(p6, 2, descr=<ArrayP 8>)
+157: p14 = getarrayitem_gc(p6, 3, descr=<ArrayP 8>)
+161: p16 = getarrayitem_gc(p6, 4, descr=<ArrayP 8>)
+165: p18 = getarrayitem_gc(p6, 5, descr=<ArrayP 8>)
+169: p20 = getarrayitem_gc(p6, 6, descr=<ArrayP 8>)
+173: p22 = getarrayitem_gc(p6, 7, descr=<ArrayP 8>)
+177: p24 = getarrayitem_gc(p6, 8, descr=<ArrayP 8>)
+181: p26 = getarrayitem_gc(p6, 9, descr=<ArrayP 8>)
+185: p28 = getarrayitem_gc(p6, 10, descr=<ArrayP 8>)
+189: p30 = getarrayitem_gc(p6, 11, descr=<ArrayP 8>)
+193: p32 = getarrayitem_gc(p6, 12, descr=<ArrayP 8>)
+204: p34 = getarrayitem_gc(p6, 13, descr=<ArrayP 8>)
+215: p36 = getarrayitem_gc(p6, 14, descr=<ArrayP 8>)
+229: p38 = getarrayitem_gc(p6, 15, descr=<ArrayP 8>)
+243: label(i0, i1, i2, p3, p4, p5, p8, p10, p12, p14, p16, p18, p20, p22, p24, p26, p28, p30, p32, p34, p36, p38, descr=TargetToken(4302389280))
debug_merge_point(0, 0, '3 label 2')
+333: p39 = getfield_gc(p3, descr=<FieldP pyrlang.interpreter.interp.Process.inst_y_reg 80>)
debug_merge_point(0, 0, '4 is_eq_exact L3. x(0). #0')
+344: p40 = getfield_gc(p3, descr=<FieldP pyrlang.interpreter.interp.Process.inst_x_reg 72>)
+348: i41 = ptr_eq(p40, p4)
guard_true(i41, descr=<Guard0x100712230>) [i2, i1, i0, p4, p3, p40, p8, p10, p12, p14, p16, p18, p20, p22, p24, p26, p28, p30, p32, p34, p36, p38]
+361: guard_class(p8, ConstClass(W_IntObject), descr=<Guard0x100712968>) [i2, i1, i0, p4, p3, p8, p10, p12, p14, p16, p18, p20, p22, p24, p26, p28, p30, p32, p34, p36, p38]
+380: i43 = getfield_gc_pure(p8, descr=<FieldS pyrlang.interpreter.datatypes.number.W_IntObject.inst_intval 8>)
+384: i45 = int_eq(i43, 0)
guard_false(i45, descr=<Guard0x100712910>) [i2, i1, i0, p4, p3, p8, p10, p12, p14, p16, p18, p20, p22, p24, p26, p28, p30, p32, p34, p36, p38]
debug_merge_point(0, 0, '8 label 3')
debug_merge_point(0, 0, '9 is_eq_exact L4. x(1). #0')
+394: guard_class(p10, ConstClass(W_IntObject), descr=<Guard0x1007128b8>) [i2, i1, i0, p4, p3, p10, p8, p12, p14, p16, p18, p20, p22, p24, p26, p28, p30, p32, p34, p36, p38]
+406: i47 = getfield_gc_pure(p10, descr=<FieldS pyrlang.interpreter.datatypes.number.W_IntObject.inst_intval 8>)
+410: i49 = int_eq(i47, 0)
guard_false(i49, descr=<Guard0x100712860>) [i2, i1, i0, p4, p3, p8, p10, p12, p14, p16, p18, p20, p22, p24, p26, p28, p30, p32, p34, p36, p38]
debug_merge_point(0, 0, '14 label 4')
debug_merge_point(0, 0, '15 allocate_zero 1. 2')
+420: i50 = getfield_gc(p39, descr=<FieldS pyrlang.interpreter.register.Y_Register.inst_val_top 40>)
+424: i52 = int_add(i50, 1)
+428: i53 = getfield_gc(p39, descr=<FieldS pyrlang.interpreter.register.Y_Register.inst_val_size 32>)
+432: setfield_gc(p39, i52, descr=<FieldS pyrlang.interpreter.register.Y_Register.inst_val_top 40>)
+436: i54 = int_ge(i52, i53)
guard_false(i54, descr=<Guard0x100712808>) [i2, i1, i0, p4, p3, i52, i53, p39, p8, p10, p12, p14, p16, p18, p20, p22, p24, p26, p28, p30, p32, p34, p36, p38]
+445: p55 = getfield_gc(p39, descr=<FieldP pyrlang.interpreter.register.Y_Register.inst_vals 48>)
+449: i57 = int_lt(i52, 0)
guard_false(i57, descr=<Guard0x1007127b0>) [i2, i1, i0, p4, p3, i52, p55, p39, p8, p10, p12, p14, p16, p18, p20, p22, p24, p26, p28, p30, p32, p34, p36, p38]
+459: setarrayitem_gc(p55, i52, ConstPtr(ptr58), descr=<ArrayP 8>)
debug_merge_point(0, 0, '16 line 3')
debug_merge_point(0, 0, '17 gc_bif2 L0. 2. 1. x(0). #1. x(2)')
+474: i60 = int_sub_ovf(i43, 1)
guard_no_overflow(descr=<Guard0x100712758>) [i2, i1, i0, p4, p3, i60, p8, p10, p12, p14, p16, p18, p20, p22, p24, p26, p28, p30, p32, p34, p36, p38]
debug_merge_point(0, 0, '18 line 3')
debug_merge_point(0, 0, '19 gc_bif2 L0. 3. 1. x(1). #1. x(1)')
+484: i62 = int_sub_ovf(i47, 1)
guard_no_overflow(descr=<Guard0x100712700>) [i2, i1, i0, p4, p3, i62, p10, p8, p14, p16, p18, p20, p22, p24, p26, p28, p30, p32, p34, p36, p38, i60]
debug_merge_point(0, 0, '20 move x(2). y(0)')
p64 = new_with_vtable(ConstClass(W_IntObject))
+573: setfield_gc(p64, i60, descr=<FieldS pyrlang.interpreter.datatypes.number.W_IntObject.inst_intval 8>)
+619: setarrayitem_gc(p55, i52, p64, descr=<ArrayP 8>)
debug_merge_point(0, 0, '21 line 3')
debug_merge_point(0, 0, '22 call 2. L2')
+624: i66 = int_eq(23, i0)
+640: i67 = getfield_gc(p39, descr=<FieldS pyrlang.interpreter.register.Y_Register.inst_addr_top 16>)
+644: i69 = int_add(i67, 1)
+648: i70 = getfield_gc(p39, descr=<FieldS pyrlang.interpreter.register.Y_Register.inst_addr_size 8>)
+652: setfield_gc(p39, i69, descr=<FieldS pyrlang.interpreter.register.Y_Register.inst_addr_top 16>)
+656: i71 = int_ge(i69, i70)
guard_false(i71, descr=<Guard0x1007126a8>) [i66, i0, i2, i1, p4, p3, i70, p39, p8, p64, p14, p16, p18, p20, p22, p24, p26, p28, p30, p32, p34, p36, p38, i62]
+665: p72 = getfield_gc(p39, descr=<FieldP pyrlang.interpreter.register.Y_Register.inst_addrs 24>)
+669: i74 = int_lt(i69, 0)
guard_false(i74, descr=<Guard0x100712650>) [i66, i0, i2, i1, p4, p3, i69, p72, p8, p64, p14, p16, p18, p20, p22, p24, p26, p28, p30, p32, p34, p36, p38, i62]
+720: setarrayitem_gc(p72, i69, ConstPtr(ptr75), descr=<ArrayP 8>)
+735: i77 = int_sub(i1, 1)
+746: guard_true(i2, descr=<Guard0x1007125f8>) [i66, i0, i77, p4, p3, p8, p64, p14, p16, p18, p20, p22, p24, p26, p28, p30, p32, p34, p36, p38, i62]
+762: guard_true(i66, descr=<Guard0x1007125a0>) [i0, i77, p4, p3, p8, p64, p14, p16, p18, p20, p22, p24, p26, p28, p30, p32, p34, p36, p38, i62]
debug_merge_point(0, 0, '3 label 2')
+771: p78 = same_as(p39)
+774: label(i77, p3, p4, p39, p8, i62, p64, p14, p16, p18, p20, p22, p24, p26, p28, p30, p32, p34, p36, p38, i52, p78, i53, p55, i60, i69, i70, p72, descr=TargetToken(4302389352))
debug_merge_point(0, 0, '3 label 2')
debug_merge_point(0, 0, '4 is_eq_exact L3. x(0). #0')
debug_merge_point(0, 0, '8 label 3')
debug_merge_point(0, 0, '9 is_eq_exact L4. x(1). #0')
+813: i79 = int_eq(i62, 0)
guard_false(i79, descr=<Guard0x100712548>) [i77, p4, p3, p8, p64, p14, p16, p18, p20, p22, p24, p26, p28, p30, p32, p34, p36, p38, i62]
debug_merge_point(0, 0, '14 label 4')
debug_merge_point(0, 0, '15 allocate_zero 1. 2')
+823: i80 = int_add(i52, 1)
+827: setfield_gc(p78, i80, descr=<FieldS pyrlang.interpreter.register.Y_Register.inst_val_top 40>)
+831: i81 = int_ge(i80, i53)
guard_false(i81, descr=<Guard0x1007124f0>) [i77, p4, p3, i80, i53, p78, p8, p64, p14, p16, p18, p20, p22, p24, p26, p28, p30, p32, p34, p36, p38, i62]
+840: i82 = int_lt(i80, 0)
guard_false(i82, descr=<Guard0x100712498>) [i77, p4, p3, i80, p55, p78, p8, p64, p14, p16, p18, p20, p22, p24, p26, p28, p30, p32, p34, p36, p38, i62]
+850: setarrayitem_gc(p55, i80, ConstPtr(ptr58), descr=<ArrayP 8>)
debug_merge_point(0, 0, '16 line 3')
debug_merge_point(0, 0, '17 gc_bif2 L0. 2. 1. x(0). #1. x(2)')
debug_merge_point(0, 0, '18 line 3')
debug_merge_point(0, 0, '19 gc_bif2 L0. 3. 1. x(1). #1. x(1)')
+865: i83 = int_sub_ovf(i62, 1)
guard_no_overflow(descr=<Guard0x100712440>) [i77, p4, p3, i83, p8, p14, p16, p18, p20, p22, p24, p26, p28, p30, p32, p34, p36, p38, i60, i62]
debug_merge_point(0, 0, '20 move x(2). y(0)')
p84 = new_with_vtable(ConstClass(W_IntObject))
+971: setfield_gc(p84, i60, descr=<FieldS pyrlang.interpreter.datatypes.number.W_IntObject.inst_intval 8>)
+1024: setarrayitem_gc(p55, i80, p84, descr=<ArrayP 8>)
debug_merge_point(0, 0, '21 line 3')
debug_merge_point(0, 0, '22 call 2. L2')
+1029: i85 = int_add(i69, 1)
+1034: setfield_gc(p78, i85, descr=<FieldS pyrlang.interpreter.register.Y_Register.inst_addr_top 16>)
+1046: i86 = int_ge(i85, i70)
guard_false(i86, descr=<Guard0x1007123e8>) [i77, p4, p3, i70, p78, p8, p84, p14, p16, p18, p20, p22, p24, p26, p28, p30, p32, p34, p36, p38, i83]
+1055: i87 = int_lt(i85, 0)
guard_false(i87, descr=<Guard0x100712390>) [i77, p4, p3, i85, p72, p8, p84, p14, p16, p18, p20, p22, p24, p26, p28, p30, p32, p34, p36, p38, i83]
+1106: setarrayitem_gc(p72, i85, ConstPtr(ptr88), descr=<ArrayP 8>)
+1121: i89 = int_sub(i77, 1)
debug_merge_point(0, 0, '3 label 2')
+1125: jump(i89, p3, p4, p78, p8, i83, p84, p14, p16, p18, p20, p22, p24, p26, p28, p30, p32, p34, p36, p38, i80, p78, i53, p55, i60, i85, i70, p72, descr=TargetToken(4302389352))
+1168: --end of the loop--
[136b2347cec529] jit-log-opt-loop}
[136b2348ca330b] {jit-log-opt-loop
# Loop 1 (23 move x(0), x(1)) : entry bridge with 31 ops
[i0, i1, i2, p3, p4, p5]
+134: p6 = getfield_gc(p4, descr=<FieldP pyrlang.interpreter.register.X_Register.inst_regs 16>)
+145: p8 = getarrayitem_gc(p6, 0, descr=<ArrayP 8>)
+149: p10 = getarrayitem_gc(p6, 1, descr=<ArrayP 8>)
+153: p12 = getarrayitem_gc(p6, 2, descr=<ArrayP 8>)
+157: p14 = getarrayitem_gc(p6, 3, descr=<ArrayP 8>)
+161: p16 = getarrayitem_gc(p6, 4, descr=<ArrayP 8>)
+165: p18 = getarrayitem_gc(p6, 5, descr=<ArrayP 8>)
+169: p20 = getarrayitem_gc(p6, 6, descr=<ArrayP 8>)
+173: p22 = getarrayitem_gc(p6, 7, descr=<ArrayP 8>)
+177: p24 = getarrayitem_gc(p6, 8, descr=<ArrayP 8>)
+181: p26 = getarrayitem_gc(p6, 9, descr=<ArrayP 8>)
+185: p28 = getarrayitem_gc(p6, 10, descr=<ArrayP 8>)
+189: p30 = getarrayitem_gc(p6, 11, descr=<ArrayP 8>)
+193: p32 = getarrayitem_gc(p6, 12, descr=<ArrayP 8>)
+204: p34 = getarrayitem_gc(p6, 13, descr=<ArrayP 8>)
+215: p36 = getarrayitem_gc(p6, 14, descr=<ArrayP 8>)
+229: p38 = getarrayitem_gc(p6, 15, descr=<ArrayP 8>)
debug_merge_point(0, 0, '23 move x(0). x(1)')
+243: p39 = getfield_gc(p3, descr=<FieldP pyrlang.interpreter.interp.Process.inst_x_reg 72>)
+261: i40 = ptr_eq(p39, p4)
guard_true(i40, descr=<Guard0x100712a18>) [i2, i1, i0, p4, p3, p39, p8, p10, p12, p14, p16, p18, p20, p22, p24, p26, p28, p30, p32, p34, p36, p38]
+274: p41 = getfield_gc(p3, descr=<FieldP pyrlang.interpreter.interp.Process.inst_y_reg 80>)
debug_merge_point(0, 0, '24 move y(0). x(0)')
+278: i42 = getfield_gc(p41, descr=<FieldS pyrlang.interpreter.register.Y_Register.inst_val_top 40>)
+282: p43 = getfield_gc(p41, descr=<FieldP pyrlang.interpreter.register.Y_Register.inst_vals 48>)
+293: p44 = getarrayitem_gc(p43, i42, descr=<ArrayP 8>)
debug_merge_point(0, 0, '25 call_last 2. L2. 1')
+305: i46 = int_sub(i42, 1)
debug_merge_point(0, 0, '3 label 2')
+309: setfield_gc(p41, i46, descr=<FieldS pyrlang.interpreter.register.Y_Register.inst_val_top 40>)
+313: jump(i0, i1, i2, p3, p4, p41, p44, p8, p12, p14, p16, p18, p20, p22, p24, p26, p28, p30, p32, p34, p36, p38, descr=TargetToken(4302389280))
+464: --end of the loop--
[136b2348cca02d] jit-log-opt-loop}
[136b2348e9152e] {jit-log-opt-bridge
# bridge out of Guard 0x100712910 with 38 ops
[i0, i1, i2, p3, p4, p5, p6, p7, p8, p9, p10, p11, p12, p13, p14, p15, p16, p17, p18, p19, p20]
+59: p21 = getfield_gc(p4, descr=<FieldP pyrlang.interpreter.interp.Process.inst_y_reg 80>)
debug_merge_point(0, 0, '5 line 1')
debug_merge_point(0, 0, '6 gc_bif2 L0. 2. 0. x(1). #1. x(0)')
+63: p22 = getfield_gc(p4, descr=<FieldP pyrlang.interpreter.interp.Process.inst_x_reg 72>)
+67: i23 = ptr_eq(p22, p3)
guard_true(i23, descr=<Guard0x100712b78>) [i0, i1, i2, p3, p4, p22, p5, p6, p7, p8, p9, p10, p11, p12, p13, p14, p15, p16, p17, p18, p19, p20]
+80: guard_class(p6, ConstClass(W_IntObject), descr=<Guard0x100712f40>) [i0, i1, i2, p3, p4, p6, p5, p7, p8, p9, p10, p11, p12, p13, p14, p15, p16, p17, p18, p19, p20]
+92: i25 = getfield_gc_pure(p6, descr=<FieldS pyrlang.interpreter.datatypes.number.W_IntObject.inst_intval 8>)
+96: i27 = int_add_ovf(i25, 1)
guard_no_overflow(descr=<Guard0x100712ee8>) [i0, i1, i2, p3, p4, i27, p6, p5, p7, p8, p9, p10, p11, p12, p13, p14, p15, p16, p17, p18, p19, p20]
debug_merge_point(0, 0, '7 return ')
+106: i28 = getfield_gc(p21, descr=<FieldS pyrlang.interpreter.register.Y_Register.inst_addr_top 16>)
+110: i30 = int_eq(i28, -1)
guard_false(i30, descr=<Guard0x100712e90>) [i2, i0, i1, p21, p3, p4, p6, p7, p8, p9, p10, p11, p12, p13, p14, p15, p16, p17, p18, p19, p20, i27]
+120: p31 = getfield_gc(p21, descr=<FieldP pyrlang.interpreter.register.Y_Register.inst_addrs 24>)
+124: i33 = int_lt(i28, 0)
guard_false(i33, descr=<Guard0x100712e38>) [i28, i2, i0, i1, p21, p31, p3, p4, p6, p7, p8, p9, p10, p11, p12, p13, p14, p15, p16, p17, p18, p19, p20, i27]
+134: p34 = getarrayitem_gc(p31, i28, descr=<ArrayP 8>)
+139: i36 = int_sub(i28, 1)
+143: p37 = getfield_gc_pure(p34, descr=<FieldP tuple2.item0 8>)
+148: i38 = getfield_gc_pure(p34, descr=<FieldS tuple2.item1 16>)
+153: setfield_gc(p21, i36, descr=<FieldS pyrlang.interpreter.register.Y_Register.inst_addr_top 16>)
+157: i40 = int_eq(8, i2)
guard_true(i40, descr=<Guard0x100712de0>) [i2, i0, i1, i38, p3, p4, p37, p6, p7, p8, p9, p10, p11, p12, p13, p14, p15, p16, p17, p18, p19, p20, i27]
+171: guard_value(i38, 23, descr=<Guard0x100712d88>) [i0, i1, i38, p21, p3, p4, p37, p6, p7, p8, p9, p10, p11, p12, p13, p14, p15, p16, p17, p18, p19, p20, i27]
+181: guard_value(p37, ConstPtr(ptr42), descr=<Guard0x100712d30>) [i0, i1, p21, p3, p4, p37, p6, p7, p8, p9, p10, p11, p12, p13, p14, p15, p16, p17, p18, p19, p20, i27]
debug_merge_point(0, 0, '23 move x(0). x(1)')
debug_merge_point(0, 0, '24 move y(0). x(0)')
+200: i43 = getfield_gc(p21, descr=<FieldS pyrlang.interpreter.register.Y_Register.inst_val_top 40>)
+204: p44 = getfield_gc(p21, descr=<FieldP pyrlang.interpreter.register.Y_Register.inst_vals 48>)
+208: p45 = getarrayitem_gc(p44, i43, descr=<ArrayP 8>)
debug_merge_point(0, 0, '25 call_last 2. L2. 1')
+213: i47 = int_sub(i43, 1)
debug_merge_point(0, 0, '3 label 2')
+217: setfield_gc(p21, i47, descr=<FieldS pyrlang.interpreter.register.Y_Register.inst_val_top 40>)
p49 = new_with_vtable(ConstClass(W_IntObject))
+300: setfield_gc(p49, i27, descr=<FieldS pyrlang.interpreter.datatypes.number.W_IntObject.inst_intval 8>)
+304: jump(8, i1, i0, p4, p3, p21, p45, p49, p7, p8, p9, p10, p11, p12, p13, p14, p15, p16, p17, p18, p19, p20, descr=TargetToken(4302389280))
+352: --end of the loop--
[136b2348edb751] jit-log-opt-bridge}
[136b234932c9de] {jit-log-opt-bridge
# bridge out of Guard 0x100712548 with 17 ops
[i0, p1, p2, p3, p4, p5, p6, p7, p8, p9, p10, p11, p12, p13, p14, p15, p16, p17, i18]
+59: p19 = getfield_gc(p2, descr=<FieldP pyrlang.interpreter.interp.Process.inst_y_reg 80>)
debug_merge_point(0, 0, '10 line 2')
debug_merge_point(0, 0, '11 gc_bif2 L0. 1. 1. x(0). #1. x(0)')
+70: p20 = getfield_gc(p2, descr=<FieldP pyrlang.interpreter.interp.Process.inst_x_reg 72>)
+74: i21 = ptr_eq(p20, p1)
guard_true(i21, descr=<Guard0x100713048>) [i0, p1, p2, p20, p3, p4, p5, p6, p7, p8, p9, p10, p11, p12, p13, p14, p15, p16, p17, i18]
+87: guard_class(p3, ConstClass(W_IntObject), descr=<Guard0x1007131a8>) [i0, p1, p2, p3, p4, p5, p6, p7, p8, p9, p10, p11, p12, p13, p14, p15, p16, p17, i18]
+108: i23 = getfield_gc_pure(p3, descr=<FieldS pyrlang.interpreter.datatypes.number.W_IntObject.inst_intval 8>)
+112: i25 = int_sub_ovf(i23, 1)
guard_no_overflow(descr=<Guard0x100713150>) [i0, p1, p2, i25, p3, p4, p5, p6, p7, p8, p9, p10, p11, p12, p13, p14, p15, p16, p17, i18]
debug_merge_point(0, 0, '12 move #1. x(1)')
debug_merge_point(0, 0, '13 call_only 2. L2')
+122: i27 = int_sub(i0, 1)
debug_merge_point(0, 0, '3 label 2')
p29 = new_with_vtable(ConstClass(W_IntObject))
+205: setfield_gc(p29, i25, descr=<FieldS pyrlang.interpreter.datatypes.number.W_IntObject.inst_intval 8>)
+209: jump(23, i27, 1, p2, p1, p19, p29, ConstPtr(ptr32), p4, p5, p6, p7, p8, p9, p10, p11, p12, p13, p14, p15, p16, p17, descr=TargetToken(4302389280))
+304: --end of the loop--
[136b234934a2f6] jit-log-opt-bridge}
[136b234965e08c] {jit-log-opt-bridge
# bridge out of Guard 0x1007125a0 with 26 ops
[i0, i1, p2, p3, p4, p5, p6, p7, p8, p9, p10, p11, p12, p13, p14, p15, p16, p17, p18, i19]
+59: p20 = getfield_gc(p3, descr=<FieldP pyrlang.interpreter.interp.Process.inst_y_reg 80>)
debug_merge_point(0, 0, '3 label 2')
+70: guard_nonnull(p20, descr=<Guard0x100713258>) [i1, p20, p2, p3, p4, p5, p6, p7, p8, p9, p10, p11, p12, p13, p14, p15, p16, p17, p18, i19]
+79: guard_nonnull_class(p4, ConstClass(W_IntObject), descr=<Guard0x1007135c8>) [i1, p20, p2, p3, p4, p5, p6, p7, p8, p9, p10, p11, p12, p13, p14, p15, p16, p17, p18, i19]
+106: guard_nonnull_class(p5, ConstClass(W_IntObject), descr=<Guard0x100713570>) [i1, p20, p2, p3, p4, p5, p6, p7, p8, p9, p10, p11, p12, p13, p14, p15, p16, p17, p18, i19]
+124: p23 = getfield_gc(p3, descr=<FieldP pyrlang.interpreter.interp.Process.inst_x_reg 72>)
+128: i24 = ptr_eq(p23, p2)
guard_true(i24, descr=<Guard0x100713518>) [i1, p20, p2, p3, p4, p5, p6, p7, p8, p9, p10, p11, p12, p13, p14, p15, p16, p17, p18, i19]
+141: i25 = getfield_gc_pure(p4, descr=<FieldS pyrlang.interpreter.datatypes.number.W_IntObject.inst_intval 8>)
+145: i27 = int_eq(i25, 0)
guard_false(i27, descr=<Guard0x1007134c0>) [i1, p20, p2, p3, p4, p5, p6, p7, p8, p9, p10, p11, p12, p13, p14, p15, p16, p17, p18, i19]
+155: i28 = getfield_gc(p20, descr=<FieldS pyrlang.interpreter.register.Y_Register.inst_val_top 40>)
+159: i30 = int_ge(i28, 0)
guard_true(i30, descr=<Guard0x100713468>) [i1, p20, p2, p3, p4, p5, p6, p7, p8, p9, p10, p11, p12, p13, p14, p15, p16, p17, p18, i19]
+169: i31 = getfield_gc(p20, descr=<FieldS pyrlang.interpreter.register.Y_Register.inst_val_size 32>)
+173: p32 = getfield_gc(p20, descr=<FieldP pyrlang.interpreter.register.Y_Register.inst_vals 48>)
+177: guard_nonnull(p32, descr=<Guard0x100713410>) [i1, p20, p2, p3, p4, p5, p6, p7, p8, p9, p10, p11, p12, p13, p14, p15, p16, p17, p18, i19]
+186: i34 = int_sub_ovf(i25, 1)
guard_no_overflow(descr=<Guard0x1007133b8>) [i1, p20, p2, p3, p4, p5, p6, p7, p8, p9, p10, p11, p12, p13, p14, p15, p16, p17, p18, i19]
+196: i35 = getfield_gc(p20, descr=<FieldS pyrlang.interpreter.register.Y_Register.inst_addr_top 16>)
+200: i37 = int_ge(i35, 0)
guard_true(i37, descr=<Guard0x100713360>) [i1, p20, p2, p3, p4, p5, p6, p7, p8, p9, p10, p11, p12, p13, p14, p15, p16, p17, p18, i19]
+210: i38 = getfield_gc(p20, descr=<FieldS pyrlang.interpreter.register.Y_Register.inst_addr_size 8>)
+214: p39 = getfield_gc(p20, descr=<FieldP pyrlang.interpreter.register.Y_Register.inst_addrs 24>)
+218: guard_nonnull(p39, descr=<Guard0x100713308>) [i1, p20, p2, p3, p4, p5, p6, p7, p8, p9, p10, p11, p12, p13, p14, p15, p16, p17, p18, i19]
+227: jump(i1, p3, p2, p20, p4, i19, p5, p6, p7, p8, p9, p10, p11, p12, p13, p14, p15, p16, p17, p18, i28, p20, i31, p32, i34, i35, i38, p39, descr=TargetToken(4302389352))
+304: --end of the loop--
[136b234969512b] jit-log-opt-bridge}
[136b234977d158] {jit-log-opt-bridge
# bridge out of Guard 0x100712de0 with 18 ops
[i0, i1, i2, i3, p4, p5, p6, p7, p8, p9, p10, p11, p12, p13, p14, p15, p16, p17, p18, p19, p20, p21, i22]
+59: p23 = getfield_gc(p5, descr=<FieldP pyrlang.interpreter.interp.Process.inst_y_reg 80>)
+63: guard_value(i3, 23, descr=<Guard0x100713678>) [i1, i2, i3, p23, p4, p5, p6, p7, p8, p9, p10, p11, p12, p13, p14, p15, p16, p17, p18, p19, p20, p21, i22]
+73: guard_value(p6, ConstPtr(ptr25), descr=<Guard0x1007137d8>) [i1, i2, p23, p4, p5, p6, p7, p8, p9, p10, p11, p12, p13, p14, p15, p16, p17, p18, p19, p20, p21, i22]
debug_merge_point(0, 0, '23 move x(0). x(1)')
+92: p26 = getfield_gc(p5, descr=<FieldP pyrlang.interpreter.interp.Process.inst_x_reg 72>)
+96: i27 = ptr_eq(p26, p4)
guard_true(i27, descr=<Guard0x100713780>) [i1, i2, p4, p5, p26, p7, p8, p9, p10, p11, p12, p13, p14, p15, p16, p17, p18, p19, p20, p21, i22]
debug_merge_point(0, 0, '24 move y(0). x(0)')
+109: i28 = getfield_gc(p23, descr=<FieldS pyrlang.interpreter.register.Y_Register.inst_val_top 40>)
+113: p29 = getfield_gc(p23, descr=<FieldP pyrlang.interpreter.register.Y_Register.inst_vals 48>)
+117: p30 = getarrayitem_gc(p29, i28, descr=<ArrayP 8>)
debug_merge_point(0, 0, '25 call_last 2. L2. 1')
+122: i32 = int_sub(i28, 1)
debug_merge_point(0, 0, '3 label 2')
+126: setfield_gc(p23, i32, descr=<FieldS pyrlang.interpreter.register.Y_Register.inst_val_top 40>)
p34 = new_with_vtable(ConstClass(W_IntObject))
+209: setfield_gc(p34, i22, descr=<FieldS pyrlang.interpreter.datatypes.number.W_IntObject.inst_intval 8>)
+213: jump(8, i2, i1, p5, p4, p23, p30, p34, p8, p9, p10, p11, p12, p13, p14, p15, p16, p17, p18, p19, p20, p21, descr=TargetToken(4302389280))
+272: --end of the loop--
[136b234979a65d] jit-log-opt-bridge}
[136b2f9c9c9954] {jit-backend-counts
entry 0:499
TargetToken(4302389280):784105755
TargetToken(4302389352):784082396
entry 1:336
bridge 4302383376:784077334
bridge 4302382408:27787
bridge 4302382496:27721
bridge 4302384608:27720
[136b2f9c9d3bfe] jit-backend-counts}
