[8d49f4426ef] {jit-backend-counts
[8d49f449a59] jit-backend-counts}
[8d4a82950a9] {jit-log-opt-loop
# Loop 0 (116 IS_NONEMPTY_LIST) : loop with 100 ops
[i0, i1, p2, p3, p4]
+129: p5 = getfield_gc(p3, descr=<FieldP pyrlang.interpreter.register.X_Register.inst_regs 16>)
+140: p7 = getarrayitem_gc(p5, 0, descr=<ArrayP 8>)
+144: p9 = getarrayitem_gc(p5, 1, descr=<ArrayP 8>)
+148: p11 = getarrayitem_gc(p5, 2, descr=<ArrayP 8>)
+152: p13 = getarrayitem_gc(p5, 3, descr=<ArrayP 8>)
+156: p15 = getarrayitem_gc(p5, 4, descr=<ArrayP 8>)
+160: p17 = getarrayitem_gc(p5, 5, descr=<ArrayP 8>)
+164: p19 = getarrayitem_gc(p5, 6, descr=<ArrayP 8>)
+168: p21 = getarrayitem_gc(p5, 7, descr=<ArrayP 8>)
+172: p23 = getarrayitem_gc(p5, 8, descr=<ArrayP 8>)
+176: p25 = getarrayitem_gc(p5, 9, descr=<ArrayP 8>)
+180: p27 = getarrayitem_gc(p5, 10, descr=<ArrayP 8>)
+184: p29 = getarrayitem_gc(p5, 11, descr=<ArrayP 8>)
+195: p31 = getarrayitem_gc(p5, 12, descr=<ArrayP 8>)
+206: p33 = getarrayitem_gc(p5, 13, descr=<ArrayP 8>)
+217: p35 = getarrayitem_gc(p5, 14, descr=<ArrayP 8>)
+231: p37 = getarrayitem_gc(p5, 15, descr=<ArrayP 8>)
+245: label(i0, i1, p2, p3, p4, p7, p9, p11, p13, p15, p17, p19, p21, p23, p25, p27, p29, p31, p33, p35, p37, descr=TargetToken(4318380304))
debug_merge_point(0, 0, '116 IS_NONEMPTY_LIST')
+328: p38 = getfield_gc(p2, descr=<FieldP pyrlang.interpreter.interp.Process.inst_x_reg 72>)
+339: i39 = ptr_eq(p38, p3)
guard_true(i39, descr=<Guard0x102131ec0>) [i1, i0, p3, p2, p38, p7, p9, p11, p13, p15, p17, p19, p21, p23, p25, p27, p29, p31, p33, p35, p37]
+348: guard_nonnull_class(p7, 4297749744, descr=<Guard0x10214e800>) [i1, i0, p3, p2, p7, p9, p11, p13, p15, p17, p19, p21, p23, p25, p27, p29, p31, p33, p35, p37]
+366: p41 = getfield_gc(p2, descr=<FieldP pyrlang.interpreter.interp.Process.inst_y_reg 80>)
debug_merge_point(0, 0, '119 ALLOCATE')
+370: p42 = getfield_gc(p41, descr=<FieldP pyrlang.interpreter.register.Y_Register.inst_regs 8>)
+374: i43 = getfield_gc(p42, descr=<FieldS list.length 8>)
+378: i45 = int_add(i43, 1)
+382: p46 = getfield_gc(p42, descr=<FieldP list.items 16>)
+386: i47 = arraylen_gc(p46, descr=<ArrayP 8>)
+391: i48 = int_lt(i47, i45)
+402: cond_call(i48, ConstClass(_ll_list_resize_hint_really_look_inside_iff__listPtr_Signed_Bool), p42, i45, 1, descr=<Callv 0 rii EF=4>)
+470: guard_no_exception(descr=<Guard0x10214e790>) [i1, i0, p3, p2, i43, p42, i45, p7, p9, p11, p13, p15, p17, p19, p21, p23, p25, p27, p29, p31, p33, p35, p37]
+490: p51 = getfield_gc(p42, descr=<FieldP list.items 16>)
+494: setarrayitem_gc(p51, i43, ConstPtr(null), descr=<ArrayP 8>)
debug_merge_point(0, 0, '122 GET_LIST')
+503: p53 = getfield_gc_pure(p7, descr=<FieldP pyrlang.interpreter.datatypes.list.W_ListObject.inst_left 8>)
+507: i55 = int_add(-1, i45)
+560: setarrayitem_gc(p51, i55, p53, descr=<ArrayP 8>)
+565: p56 = getfield_gc_pure(p7, descr=<FieldP pyrlang.interpreter.datatypes.list.W_ListObject.inst_right 16>)
debug_merge_point(0, 0, '126 LINE')
debug_merge_point(0, 0, '128 CALL')
+569: i58 = int_add(i45, 1)
+573: i59 = arraylen_gc(p51, descr=<ArrayP 8>)
+578: setfield_gc(p42, i45, descr=<FieldS list.length 8>)
+582: i60 = int_lt(i59, i58)
+593: cond_call(i60, ConstClass(_ll_list_resize_hint_really_look_inside_iff__listPtr_Signed_Bool), p42, i58, 1, descr=<Callv 0 rii EF=4>)
+661: setfield_gc(ConstPtr(ptr63), 7, descr=<FieldS pyrlang.rpybeam.beam_code.CodeParser.inst_current_line 48>)
+678: guard_no_exception(descr=<Guard0x10214e720>) [i1, i0, p3, p2, i45, p42, i58, p56, p9, p11, p13, p15, p17, p19, p21, p23, p25, p27, p29, p31, p33, p35, p37]
+698: p65 = getfield_gc(p42, descr=<FieldP list.items 16>)
p67 = new_with_vtable(4297748816)
+781: setfield_gc(p67, ConstPtr(ptr63), descr=<FieldP pyrlang.interpreter.datatypes.inner.W_AddrObject.inst_cp 8>)
+795: setfield_gc(p67, 131, descr=<FieldS pyrlang.interpreter.datatypes.inner.W_AddrObject.inst_pc 16>)
+846: setarrayitem_gc(p65, i45, p67, descr=<ArrayP 8>)
+851: p70 = getfield_gc(ConstPtr(ptr69), descr=<FieldP list.items 16>)
+864: i72 = getarrayitem_gc(p70, 8, descr=<ArrayS 8>)
+868: i74 = int_sub(i0, 1)
+879: setfield_gc(p42, i58, descr=<FieldS list.length 8>)
+883: guard_false(i1, descr=<Guard0x10214e6b0>) [i74, i72, p3, p2, p56, p9, p11, p13, p15, p17, p19, p21, p23, p25, p27, p29, p31, p33, p35, p37]
+899: i76 = int_le(i74, 0)
guard_false(i76, descr=<Guard0x10214e640>) [i74, i72, p3, p2, p56, p9, p11, p13, p15, p17, p19, p21, p23, p25, p27, p29, p31, p33, p35, p37]
+909: guard_value(i72, 116, descr=<Guard0x10214e5d0>) [i74, i72, p41, p3, p2, p56, p9, p11, p13, p15, p17, p19, p21, p23, p25, p27, p29, p31, p33, p35, p37]
debug_merge_point(0, 0, '116 IS_NONEMPTY_LIST')
+919: p78 = same_as(p41)
+922: label(i74, p2, p3, p41, p56, p9, p11, p13, p15, p17, p19, p21, p23, p25, p27, p29, p31, p33, p35, p37, i58, p65, p42, p70, p78, descr=TargetToken(4318380384))
debug_merge_point(0, 0, '116 IS_NONEMPTY_LIST')
+963: guard_nonnull_class(p56, 4297749744, descr=<Guard0x10214e560>) [i74, p3, p2, p56, p9, p11, p13, p15, p17, p19, p21, p23, p25, p27, p29, p31, p33, p35, p37]
debug_merge_point(0, 0, '119 ALLOCATE')
+981: i79 = int_add(i58, 1)
+985: i80 = arraylen_gc(p65, descr=<ArrayP 8>)
+990: i81 = int_lt(i80, i79)
+1001: cond_call(i81, ConstClass(_ll_list_resize_hint_really_look_inside_iff__listPtr_Signed_Bool), p42, i79, 1, descr=<Callv 0 rii EF=4>)
+1072: guard_no_exception(descr=<Guard0x10214e4f0>) [i74, p3, p2, i58, p42, i79, p56, p9, p11, p13, p15, p17, p19, p21, p23, p25, p27, p29, p31, p33, p35, p37]
+1092: p82 = getfield_gc(p42, descr=<FieldP list.items 16>)
+1096: setarrayitem_gc(p82, i58, ConstPtr(null), descr=<ArrayP 8>)
debug_merge_point(0, 0, '122 GET_LIST')
+1105: p83 = getfield_gc_pure(p56, descr=<FieldP pyrlang.interpreter.datatypes.list.W_ListObject.inst_left 8>)
+1109: i84 = int_add(-1, i79)
+1162: setarrayitem_gc(p82, i84, p83, descr=<ArrayP 8>)
+1167: p85 = getfield_gc_pure(p56, descr=<FieldP pyrlang.interpreter.datatypes.list.W_ListObject.inst_right 16>)
debug_merge_point(0, 0, '126 LINE')
debug_merge_point(0, 0, '128 CALL')
+1171: i86 = int_add(i79, 1)
+1175: i87 = arraylen_gc(p82, descr=<ArrayP 8>)
+1180: setfield_gc(p42, i79, descr=<FieldS list.length 8>)
+1184: i88 = int_lt(i87, i86)
+1195: cond_call(i88, ConstClass(_ll_list_resize_hint_really_look_inside_iff__listPtr_Signed_Bool), p42, i86, 1, descr=<Callv 0 rii EF=4>)
+1263: guard_no_exception(descr=<Guard0x10214e480>) [i74, p3, p2, i79, p42, i86, p85, p9, p11, p13, p15, p17, p19, p21, p23, p25, p27, p29, p31, p33, p35, p37]
+1283: p89 = getfield_gc(p42, descr=<FieldP list.items 16>)
p90 = new_with_vtable(4297748816)
+1373: setfield_gc(p90, ConstPtr(ptr63), descr=<FieldP pyrlang.interpreter.datatypes.inner.W_AddrObject.inst_cp 8>)
+1387: setfield_gc(p90, 131, descr=<FieldS pyrlang.interpreter.datatypes.inner.W_AddrObject.inst_pc 16>)
+1438: setarrayitem_gc(p89, i79, p90, descr=<ArrayP 8>)
+1443: i91 = int_sub(i74, 1)
+1454: setfield_gc(p42, i86, descr=<FieldS list.length 8>)
+1458: i92 = int_le(i91, 0)
guard_false(i92, descr=<Guard0x10214e410>) [i91, p3, p2, p85, p9, p11, p13, p15, p17, p19, p21, p23, p25, p27, p29, p31, p33, p35, p37]
debug_merge_point(0, 0, '116 IS_NONEMPTY_LIST')
+1468: i93 = arraylen_gc(p70, descr=<ArrayS 8>)
+1468: jump(i91, p2, p3, p78, p85, p9, p11, p13, p15, p17, p19, p21, p23, p25, p27, p29, p31, p33, p35, p37, i86, p89, p42, p70, p78, descr=TargetToken(4318380384))
+1495: --end of the loop--
[8d4a832b25c] jit-log-opt-loop}
[8d542484fe0] {jit-log-opt-bridge
# bridge out of Guard 0x10214e410 with 4 ops
[i0, p1, p2, p3, p4, p5, p6, p7, p8, p9, p10, p11, p12, p13, p14, p15, p16, p17, p18]
+59: p19 = force_token()
+91: setfield_gc(p1, p19, descr=<FieldP pyrlang.interpreter.register.X_Register.vable_token 8>)
+95: guard_not_forced_2(descr=<Guard0x1043e9d70>) [p3, p4, p5, p6, p7, p8, p9, p10, p11, p12, p13, p14, p15, p16, p17, p18, p1]
+116: finish(ConstPtr(ptr20), descr=<DoneWithThisFrameDescrRef object at 0x1002d5f60>)
+222: --end of the loop--
[8d54249a950] jit-log-opt-bridge}
[8e5f3ef0ccb] {jit-backend-counts
entry 0:106483
TargetToken(4318380304):106483
TargetToken(4318380384):12891435
bridge 4329890832:6266
[8e5f3f13588] jit-backend-counts}
