[a134ffa0be5] {jit-backend-counts
[a134ffaaab0] jit-backend-counts}
[a1357e8ab30] {jit-log-opt-loop
# Loop 0 (175 IS_NONEMPTY_LIST) : entry bridge with 340 ops
[i0, i1, p2, p3, p4]
+129: p5 = getfield_gc(p3, descr=<FieldP pyrlang.interpreter.register.X_Register.inst_regs 16>)
+140: p7 = getarrayitem_gc(p5, 0, descr=<ArrayP 8>)
+144: p9 = getarrayitem_gc(p5, 1, descr=<ArrayP 8>)
+148: p11 = getarrayitem_gc(p5, 2, descr=<ArrayP 8>)
+152: p13 = getarrayitem_gc(p5, 3, descr=<ArrayP 8>)
+156: p15 = getarrayitem_gc(p5, 4, descr=<ArrayP 8>)
+160: p17 = getarrayitem_gc(p5, 5, descr=<ArrayP 8>)
+164: p19 = getarrayitem_gc(p5, 6, descr=<ArrayP 8>)
+168: p21 = getarrayitem_gc(p5, 7, descr=<ArrayP 8>)
+172: p23 = getarrayitem_gc(p5, 8, descr=<ArrayP 8>)
+176: p25 = getarrayitem_gc(p5, 9, descr=<ArrayP 8>)
+180: p27 = getarrayitem_gc(p5, 10, descr=<ArrayP 8>)
+184: p29 = getarrayitem_gc(p5, 11, descr=<ArrayP 8>)
+195: p31 = getarrayitem_gc(p5, 12, descr=<ArrayP 8>)
+206: p33 = getarrayitem_gc(p5, 13, descr=<ArrayP 8>)
+217: p35 = getarrayitem_gc(p5, 14, descr=<ArrayP 8>)
+224: p37 = getarrayitem_gc(p5, 15, descr=<ArrayP 8>)
debug_merge_point(0, 0, '175 IS_NONEMPTY_LIST')
+238: p39 = getfield_gc(ConstPtr(ptr38), descr=<FieldP pyrlang.rpybeam.beam_code.CodeParser.inst_code 32>)
+251: i41 = strgetitem(p39, 175)
+266: guard_value(i41, 56, descr=<Guard0x101b7d8a0>) [i41, i1, i0, p2, p7, p9, p11, p13, p15, p17, p19, p21, p23, p25, p27, p29, p31, p33, p35, p37, p3]
+276: i44 = strgetitem(p39, 176)
+284: i46 = int_and(i44, 7)
+295: i48 = int_eq(i46, 7)
guard_false(i48, descr=<Guard0x101ba0870>) [i44, i1, i0, p2, p7, p9, p11, p13, p15, p17, p19, p21, p23, p25, p27, p29, p31, p33, p35, p37, p3]
+305: i50 = int_and(i44, 8)
+316: i51 = int_is_true(i50)
guard_true(i51, descr=<Guard0x101ba0800>) [i1, i0, p2, i44, p7, p9, p11, p13, p15, p17, p19, p21, p23, p25, p27, p29, p31, p33, p35, p37, p3]
+326: i53 = int_and(i44, 16)
+337: i54 = int_is_true(i53)
guard_false(i54, descr=<Guard0x101ba0790>) [i1, i0, p2, i44, p7, p9, p11, p13, p15, p17, p19, p21, p23, p25, p27, p29, p31, p33, p35, p37, p3]
+347: i56 = strgetitem(p39, 177)
+355: i58 = int_and(i44, 224)
+376: i60 = int_lshift(i58, 3)
+380: i61 = int_or(i60, i56)
+383: i63 = strgetitem(p39, 178)
+391: i65 = int_and(i63, 7)
+402: i67 = int_eq(i65, 7)
guard_false(i67, descr=<Guard0x101ba0720>) [i1, i0, i61, p2, i63, p7, p9, p11, p13, p15, p17, p19, p21, p23, p25, p27, p29, p31, p33, p35, p37, p3]
+412: i69 = int_and(i63, 8)
+430: i70 = int_is_true(i69)
guard_false(i70, descr=<Guard0x101ba06b0>) [i1, i0, i61, p2, i65, i63, p7, p9, p11, p13, p15, p17, p19, p21, p23, p25, p27, p29, p31, p33, p35, p37, p3]
+440: i72 = int_rshift(i63, 4)
+451: guard_value(i65, 3, descr=<Guard0x101ba0640>) [i1, i0, p2, i61, i72, i65, p7, p9, p11, p13, p15, p17, p19, p21, p23, p25, p27, p29, p31, p33, p35, p37, p3]
+461: p74 = getfield_gc(p2, descr=<FieldP pyrlang.interpreter.interp.Process.inst_x_reg 72>)
+479: i75 = ptr_eq(p74, p3)
guard_true(i75, descr=<Guard0x101ba05d0>) [i1, i0, p2, i61, i72, p74, p7, p9, p11, p13, p15, p17, p19, p21, p23, p25, p27, p29, p31, p33, p35, p37, p3]
+492: guard_value(i72, 0, descr=<Guard0x101ba0560>) [i1, i0, p2, i61, i72, p3, p7, p9, p11, p13, p15, p17, p19, p21, p23, p25, p27, p29, p31, p33, p35, p37]
+502: guard_nonnull_class(p7, 4297597120, descr=<Guard0x101ba04f0>) [i1, i0, p2, i61, p7, p9, p11, p13, p15, p17, p19, p21, p23, p25, p27, p29, p31, p33, p35, p37, p3]
+520: p78 = getfield_gc(p2, descr=<FieldP pyrlang.interpreter.interp.Process.inst_y_reg 80>)
debug_merge_point(0, 0, '179 GET_LIST')
+520: i80 = strgetitem(p39, 179)
+528: guard_value(i80, 65, descr=<Guard0x101ba0480>) [i80, i1, i0, p2, p7, p9, p11, p13, p15, p17, p19, p21, p23, p25, p27, p29, p31, p33, p35, p37, p3]
+538: i83 = strgetitem(p39, 180)
+546: i85 = int_and(i83, 7)
+553: i87 = int_eq(i85, 7)
guard_false(i87, descr=<Guard0x101ba0410>) [i1, i0, p2, i83, p7, p9, p11, p13, p15, p17, p19, p21, p23, p25, p27, p29, p31, p33, p35, p37, p3]
+563: i89 = int_and(i83, 8)
+570: i90 = int_is_true(i89)
guard_false(i90, descr=<Guard0x101ba03a0>) [i1, i0, p2, i85, i83, p7, p9, p11, p13, p15, p17, p19, p21, p23, p25, p27, p29, p31, p33, p35, p37, p3]
+580: i92 = int_rshift(i83, 4)
+584: i94 = strgetitem(p39, 181)
+592: i96 = int_and(i94, 7)
+603: i98 = int_eq(i96, 7)
guard_false(i98, descr=<Guard0x101ba0330>) [i1, i0, p2, i94, p7, p9, p11, p13, p15, p17, p19, p21, p23, p25, p27, p29, p31, p33, p35, p37, p3, i85, i92]
+613: i100 = int_and(i94, 8)
+631: i101 = int_is_true(i100)
guard_false(i101, descr=<Guard0x101ba02c0>) [i1, i0, p2, i96, i94, p7, p9, p11, p13, p15, p17, p19, p21, p23, p25, p27, p29, p31, p33, p35, p37, p3, i85, i92]
+641: i103 = int_rshift(i94, 4)
+652: i105 = strgetitem(p39, 182)
+667: i107 = int_and(i105, 7)
+678: i109 = int_eq(i107, 7)
guard_false(i109, descr=<Guard0x101ba0250>) [i1, i0, p2, i105, p7, p9, p11, p13, p15, p17, p19, p21, p23, p25, p27, p29, p31, p33, p35, p37, p3, i103, i96, i85, i92]
+688: i111 = int_and(i105, 8)
+699: i112 = int_is_true(i111)
guard_false(i112, descr=<Guard0x101ba01e0>) [i1, i0, p2, i107, i105, p7, p9, p11, p13, p15, p17, p19, p21, p23, p25, p27, p29, p31, p33, p35, p37, p3, i103, i96, i85, i92]
+709: i114 = int_rshift(i105, 4)
+720: i116 = int_eq(i85, 3)
guard_true(i116, descr=<Guard0x101ba0170>) [i1, i0, p2, i92, p7, p9, p11, p13, p15, p17, p19, p21, p23, p25, p27, p29, p31, p33, p35, p37, p3, i107, i114, i103, i96, None, None]
+730: guard_value(i92, 0, descr=<Guard0x101ba0100>) [i1, i0, p2, i92, p3, p7, p9, p11, p13, p15, p17, p19, p21, p23, p25, p27, p29, p31, p33, p35, p37, i107, i114, i103, i96, None, None]
+740: p119 = getfield_gc_pure(p7, descr=<FieldP pyrlang.interpreter.datatypes.list.W_ListObject.inst_left 8>)
+744: i121 = int_eq(i96, 3)
guard_true(i121, descr=<Guard0x101ba0090>) [i1, i0, p7, p2, i103, p119, p9, p11, p13, p15, p17, p19, p21, p23, p25, p27, p29, p31, p33, p35, p37, p3, i107, i114, None, None, None, None]
+754: guard_value(i103, 3, descr=<Guard0x101ba0020>) [i1, i0, p7, p2, i103, p119, p3, p9, p11, p13, p15, p17, p19, p21, p23, p25, p27, p29, p31, p33, p35, p37, i107, i114, None, None, None, None]
+764: p123 = getfield_gc_pure(p7, descr=<FieldP pyrlang.interpreter.datatypes.list.W_ListObject.inst_right 16>)
+768: i125 = int_eq(i107, 3)
guard_true(i125, descr=<Guard0x101b8ff30>) [i1, i0, p2, i114, p123, p7, p9, p11, p119, p15, p17, p19, p21, p23, p25, p27, p29, p31, p33, p35, p37, p3, None, None, None, None, None, None]
+778: guard_value(i114, 4, descr=<Guard0x101b8fec0>) [i1, i0, p2, i114, p123, p3, p7, p9, p11, p119, p15, p17, p19, p21, p23, p25, p27, p29, p31, p33, p35, p37, None, None, None, None, None, None]
debug_merge_point(0, 0, '183 IS_NONEMPTY_LIST')
+788: i128 = strgetitem(p39, 183)
+796: guard_value(i128, 56, descr=<Guard0x101b8fe50>) [i128, i1, i0, p2, p7, p9, p11, p119, p123, p17, p19, p21, p23, p25, p27, p29, p31, p33, p35, p37, p3, None, None, None, None, None, None]
+806: i131 = strgetitem(p39, 184)
+814: i133 = int_and(i131, 7)
+821: i135 = int_eq(i133, 7)
guard_false(i135, descr=<Guard0x101b8fde0>) [i131, i1, i0, p2, p7, p9, p11, p119, p123, p17, p19, p21, p23, p25, p27, p29, p31, p33, p35, p37, p3, None, None, None, None, None, None]
+831: i137 = int_and(i131, 8)
+838: i138 = int_is_true(i137)
guard_false(i138, descr=<Guard0x101b8fd70>) [i1, i0, p2, i131, p7, p9, p11, p119, p123, p17, p19, p21, p23, p25, p27, p29, p31, p33, p35, p37, p3, None, None, None, None, None, None]
+848: i140 = int_rshift(i131, 4)
+852: i142 = strgetitem(p39, 185)
+860: i144 = int_and(i142, 7)
+867: i146 = int_eq(i144, 7)
guard_false(i146, descr=<Guard0x101b8fd00>) [i1, i0, i140, p2, i142, p7, p9, p11, p119, p123, p17, p19, p21, p23, p25, p27, p29, p31, p33, p35, p37, p3, None, None, None, None, None, None]
+877: i148 = int_and(i142, 8)
+884: i149 = int_is_true(i148)
guard_false(i149, descr=<Guard0x101b8fc90>) [i1, i0, i140, p2, i144, i142, p7, p9, p11, p119, p123, p17, p19, p21, p23, p25, p27, p29, p31, p33, p35, p37, p3, None, None, None, None, None, None]
+894: i151 = int_rshift(i142, 4)
+898: guard_value(i144, 3, descr=<Guard0x101b8fc20>) [i1, i0, p2, i140, i151, i144, p7, p9, p11, p119, p123, p17, p19, p21, p23, p25, p27, p29, p31, p33, p35, p37, p3, None, None, None, None, None, None]
+908: guard_value(i151, 4, descr=<Guard0x101b8fbb0>) [i1, i0, p2, i140, i151, p3, p7, p9, p11, p119, p123, p17, p19, p21, p23, p25, p27, p29, p31, p33, p35, p37, None, None, None, None, None, None]
+918: guard_nonnull_class(p123, 4297597120, descr=<Guard0x101b8fb40>) [i1, i0, p2, i140, p123, p7, p9, p11, p119, p17, p19, p21, p23, p25, p27, p29, p31, p33, p35, p37, p3, None, None, None, None, None, None]
debug_merge_point(0, 0, '186 GET_LIST')
+936: i156 = strgetitem(p39, 186)
+944: guard_value(i156, 65, descr=<Guard0x101b8fad0>) [i156, i1, i0, p2, p7, p9, p11, p119, p123, p17, p19, p21, p23, p25, p27, p29, p31, p33, p35, p37, p3, None, None, None, None, None, None]
+954: i159 = strgetitem(p39, 187)
+962: i161 = int_and(i159, 7)
+969: i163 = int_eq(i161, 7)
guard_false(i163, descr=<Guard0x101b8fa60>) [i1, i0, p2, i159, p7, p9, p11, p119, p123, p17, p19, p21, p23, p25, p27, p29, p31, p33, p35, p37, p3, None, None, None, None, None, None]
+979: i165 = int_and(i159, 8)
+986: i166 = int_is_true(i165)
guard_false(i166, descr=<Guard0x101b8f9f0>) [i1, i0, p2, i161, i159, p7, p9, p11, p119, p123, p17, p19, p21, p23, p25, p27, p29, p31, p33, p35, p37, p3, None, None, None, None, None, None]
+996: i168 = int_rshift(i159, 4)
+1000: i170 = strgetitem(p39, 188)
+1008: i172 = int_and(i170, 7)
+1015: i174 = int_eq(i172, 7)
guard_false(i174, descr=<Guard0x101b8f980>) [i1, i0, p2, i170, p7, p9, p11, p119, p123, p17, p19, p21, p23, p25, p27, p29, p31, p33, p35, p37, p3, i161, i168, None, None, None, None, None, None]
+1025: i176 = int_and(i170, 8)
+1032: i177 = int_is_true(i176)
guard_false(i177, descr=<Guard0x101b8f910>) [i1, i0, p2, i172, i170, p7, p9, p11, p119, p123, p17, p19, p21, p23, p25, p27, p29, p31, p33, p35, p37, p3, i161, i168, None, None, None, None, None, None]
+1042: i179 = int_rshift(i170, 4)
+1046: i181 = strgetitem(p39, 189)
+1054: i183 = int_and(i181, 7)
+1061: i185 = int_eq(i183, 7)
guard_false(i185, descr=<Guard0x101b8f8a0>) [i1, i0, p2, i181, p7, p9, p11, p119, p123, p17, p19, p21, p23, p25, p27, p29, p31, p33, p35, p37, p3, i179, i172, i161, i168, None, None, None, None, None, None]
+1071: i187 = int_and(i181, 8)
+1082: i188 = int_is_true(i187)
guard_false(i188, descr=<Guard0x101b8f830>) [i1, i0, p2, i183, i181, p7, p9, p11, p119, p123, p17, p19, p21, p23, p25, p27, p29, p31, p33, p35, p37, p3, i179, i172, i161, i168, None, None, None, None, None, None]
+1092: i190 = int_rshift(i181, 4)
+1103: i192 = int_eq(i161, 3)
guard_true(i192, descr=<Guard0x101b8f7c0>) [i1, i0, p2, i168, p7, p9, p11, p119, p123, p17, p19, p21, p23, p25, p27, p29, p31, p33, p35, p37, p3, i183, i190, i179, i172, None, None, None, None, None, None, None, None]
+1113: guard_value(i168, 4, descr=<Guard0x101b8f750>) [i1, i0, p2, i168, p3, p7, p9, p11, p119, p123, p17, p19, p21, p23, p25, p27, p29, p31, p33, p35, p37, i183, i190, i179, i172, None, None, None, None, None, None, None, None]
+1123: p194 = getfield_gc_pure(p123, descr=<FieldP pyrlang.interpreter.datatypes.list.W_ListObject.inst_left 8>)
+1127: i196 = int_eq(i172, 3)
guard_true(i196, descr=<Guard0x101b8f6e0>) [i1, i0, p123, p2, i179, p194, p7, p9, p11, p119, p17, p19, p21, p23, p25, p27, p29, p31, p33, p35, p37, p3, i183, i190, None, None, None, None, None, None, None, None, None, None]
+1137: guard_value(i179, 5, descr=<Guard0x101b8f670>) [i1, i0, p123, p2, i179, p194, p3, p7, p9, p11, p119, p17, p19, p21, p23, p25, p27, p29, p31, p33, p35, p37, i183, i190, None, None, None, None, None, None, None, None, None, None]
+1147: p198 = getfield_gc_pure(p123, descr=<FieldP pyrlang.interpreter.datatypes.list.W_ListObject.inst_right 16>)
+1151: i200 = int_eq(i183, 3)
guard_true(i200, descr=<Guard0x101b8f600>) [i1, i0, p2, i190, p198, p7, p9, p11, p119, p123, p194, p19, p21, p23, p25, p27, p29, p31, p33, p35, p37, p3, None, None, None, None, None, None, None, None, None, None, None, None]
+1161: guard_value(i190, 6, descr=<Guard0x101b8f590>) [i1, i0, p2, i190, p198, p3, p7, p9, p11, p119, p123, p194, p19, p21, p23, p25, p27, p29, p31, p33, p35, p37, None, None, None, None, None, None, None, None, None, None, None, None]
debug_merge_point(0, 0, '190 IS_LT')
+1171: i203 = strgetitem(p39, 190)
+1179: guard_value(i203, 39, descr=<Guard0x101b8f520>) [i203, i1, i0, p2, p7, p9, p11, p119, p123, p194, p198, p21, p23, p25, p27, p29, p31, p33, p35, p37, p3, None, None, None, None, None, None, None, None, None, None, None, None]
+1189: i206 = strgetitem(p39, 191)
+1197: i208 = int_and(i206, 7)
+1204: i210 = int_eq(i208, 7)
guard_false(i210, descr=<Guard0x101b8f4b0>) [i206, i1, i0, p2, p7, p9, p11, p119, p123, p194, p198, p21, p23, p25, p27, p29, p31, p33, p35, p37, p3, None, None, None, None, None, None, None, None, None, None, None, None]
+1214: i212 = int_and(i206, 8)
+1221: i213 = int_is_true(i212)
guard_false(i213, descr=<Guard0x101b8f440>) [i1, i0, p2, i206, p7, p9, p11, p119, p123, p194, p198, p21, p23, p25, p27, p29, p31, p33, p35, p37, p3, None, None, None, None, None, None, None, None, None, None, None, None]
+1231: i215 = int_rshift(i206, 4)
+1235: i217 = strgetitem(p39, 192)
+1243: i219 = int_and(i217, 7)
+1250: i221 = int_eq(i219, 7)
guard_false(i221, descr=<Guard0x101b8f3d0>) [i1, i0, i215, p2, i217, p7, p9, p11, p119, p123, p194, p198, p21, p23, p25, p27, p29, p31, p33, p35, p37, p3, None, None, None, None, None, None, None, None, None, None, None, None]
+1260: i223 = int_and(i217, 8)
+1267: i224 = int_is_true(i223)
guard_false(i224, descr=<Guard0x101b8f360>) [i1, i0, i215, p2, i219, i217, p7, p9, p11, p119, p123, p194, p198, p21, p23, p25, p27, p29, p31, p33, p35, p37, p3, None, None, None, None, None, None, None, None, None, None, None, None]
+1277: i226 = int_rshift(i217, 4)
+1281: i228 = strgetitem(p39, 193)
+1289: i230 = int_and(i228, 7)
+1296: i232 = int_eq(i230, 7)
guard_false(i232, descr=<Guard0x101b8f2f0>) [i1, i0, i215, p2, i228, p7, p9, p11, p119, p123, p194, p198, p21, p23, p25, p27, p29, p31, p33, p35, p37, p3, i219, i226, None, None, None, None, None, None, None, None, None, None, None, None]
+1306: i234 = int_and(i228, 8)
+1313: i235 = int_is_true(i234)
guard_false(i235, descr=<Guard0x101b8f280>) [i1, i0, i215, p2, i230, i228, p7, p9, p11, p119, p123, p194, p198, p21, p23, p25, p27, p29, p31, p33, p35, p37, p3, i219, i226, None, None, None, None, None, None, None, None, None, None, None, None]
+1323: i237 = int_rshift(i228, 4)
+1327: guard_value(i219, 3, descr=<Guard0x101b8f210>) [i1, i0, p2, i215, i226, i219, p7, p9, p11, p119, p123, p194, p198, p21, p23, p25, p27, p29, p31, p33, p35, p37, p3, i237, i230, None, None, None, None, None, None, None, None, None, None, None, None, None, None]
+1337: guard_value(i226, 5, descr=<Guard0x101b8f1a0>) [i1, i0, p2, i215, i226, p3, p7, p9, p11, p119, p123, p194, p198, p21, p23, p25, p27, p29, p31, p33, p35, p37, i237, i230, None, None, None, None, None, None, None, None, None, None, None, None, None, None]
+1347: guard_value(i230, 3, descr=<Guard0x101b8f130>) [i1, i0, p2, i215, p194, i237, i230, p7, p9, p11, p119, p123, p198, p21, p23, p25, p27, p29, p31, p33, p35, p37, p3, None, None, None, None, None, None, None, None, None, None, None, None, None, None, None, None]
+1357: guard_value(i237, 3, descr=<Guard0x101b8f0c0>) [i1, i0, p2, i215, p194, i237, p3, p7, p9, p11, p119, p123, p198, p21, p23, p25, p27, p29, p31, p33, p35, p37, None, None, None, None, None, None, None, None, None, None, None, None, None, None, None, None]
+1367: guard_class(p194, 4297597224, descr=<Guard0x101b8f050>) [i1, i0, p2, i215, p194, p119, p7, p9, p11, p123, p198, p21, p23, p25, p27, p29, p31, p33, p35, p37, p3, None, None, None, None, None, None, None, None, None, None, None, None, None, None, None, None]
+1379: i243 = getfield_gc(p194, descr=<FieldS pyrlang.interpreter.datatypes.number.W_IntObject.inst_intval 8>)
+1383: i244 = getfield_gc(p119, descr=<FieldS pyrlang.interpreter.datatypes.number.W_IntObject.inst_intval 8>)
+1387: i245 = int_lt(i243, i244)
guard_true(i245, descr=<Guard0x101b8efe0>) [i1, i0, p2, i215, p7, p9, p11, p119, p123, p194, p198, p21, p23, p25, p27, p29, p31, p33, p35, p37, p3, None, None, None, None, None, None, None, None, None, None, None, None, None, None, None, None]
debug_merge_point(0, 0, '194 TEST_HEAP')
+1396: i247 = strgetitem(p39, 194)
+1404: guard_value(i247, 16, descr=<Guard0x101b8ef70>) [i247, i1, i0, p2, p7, p9, p11, p119, p123, p194, p198, p21, p23, p25, p27, p29, p31, p33, p35, p37, p3, None, None, None, None, None, None, None, None, None, None, None, None, None, None, None, None]
+1414: i250 = strgetitem(p39, 195)
+1422: i252 = int_and(i250, 7)
+1429: i254 = int_eq(i252, 7)
guard_false(i254, descr=<Guard0x101b8ef00>) [i1, i0, p2, i250, p7, p9, p11, p119, p123, p194, p198, p21, p23, p25, p27, p29, p31, p33, p35, p37, p3, None, None, None, None, None, None, None, None, None, None, None, None, None, None, None, None]
+1439: i256 = int_and(i250, 8)
+1446: i257 = int_is_true(i256)
guard_false(i257, descr=<Guard0x101b8ee90>) [i1, i0, p2, i252, i250, p7, p9, p11, p119, p123, p194, p198, p21, p23, p25, p27, p29, p31, p33, p35, p37, p3, None, None, None, None, None, None, None, None, None, None, None, None, None, None, None, None]
+1456: i259 = int_rshift(i250, 4)
+1456: i261 = strgetitem(p39, 196)
+1464: i263 = int_and(i261, 7)
+1471: i265 = int_eq(i263, 7)
guard_false(i265, descr=<Guard0x101b8ee20>) [i1, i0, p2, i261, p7, p9, p11, p119, p123, p194, p198, p21, p23, p25, p27, p29, p31, p33, p35, p37, p3, None, None, None, None, None, None, None, None, None, None, None, None, None, None, None, None]
+1481: i267 = int_and(i261, 8)
+1488: i268 = int_is_true(i267)
guard_false(i268, descr=<Guard0x101b8edb0>) [i1, i0, p2, i263, i261, p7, p9, p11, p119, p123, p194, p198, p21, p23, p25, p27, p29, p31, p33, p35, p37, p3, None, None, None, None, None, None, None, None, None, None, None, None, None, None, None, None]
+1498: i270 = int_rshift(i261, 4)
debug_merge_point(0, 0, '197 PUT_LIST')
+1498: i272 = strgetitem(p39, 197)
+1506: guard_value(i272, 69, descr=<Guard0x101b8ed40>) [i272, i1, i0, p2, p7, p9, p11, p119, p123, p194, p198, p21, p23, p25, p27, p29, p31, p33, p35, p37, p3, None, None, None, None, None, None, None, None, None, None, None, None, None, None, None, None]
+1516: i275 = strgetitem(p39, 198)
+1524: i277 = int_and(i275, 7)
+1531: i279 = int_eq(i277, 7)
guard_false(i279, descr=<Guard0x101b8ecd0>) [i1, i0, p2, i275, p7, p9, p11, p119, p123, p194, p198, p21, p23, p25, p27, p29, p31, p33, p35, p37, p3, None, None, None, None, None, None, None, None, None, None, None, None, None, None, None, None]
+1541: i281 = int_and(i275, 8)
+1548: i282 = int_is_true(i281)
guard_false(i282, descr=<Guard0x101b8ec60>) [i1, i0, p2, i277, i275, p7, p9, p11, p119, p123, p194, p198, p21, p23, p25, p27, p29, p31, p33, p35, p37, p3, None, None, None, None, None, None, None, None, None, None, None, None, None, None, None, None]
+1558: i284 = int_rshift(i275, 4)
+1562: i286 = strgetitem(p39, 199)
+1570: i288 = int_and(i286, 7)
+1577: i290 = int_eq(i288, 7)
guard_false(i290, descr=<Guard0x101b8ebf0>) [i1, i0, p2, i286, p7, p9, p11, p119, p123, p194, p198, p21, p23, p25, p27, p29, p31, p33, p35, p37, p3, i284, i277, None, None, None, None, None, None, None, None, None, None, None, None, None, None, None, None]
+1587: i292 = int_and(i286, 8)
+1594: i293 = int_is_true(i292)
guard_false(i293, descr=<Guard0x101b8eb80>) [i1, i0, p2, i288, i286, p7, p9, p11, p119, p123, p194, p198, p21, p23, p25, p27, p29, p31, p33, p35, p37, p3, i284, i277, None, None, None, None, None, None, None, None, None, None, None, None, None, None, None, None]
+1604: i295 = int_rshift(i286, 4)
+1608: i297 = strgetitem(p39, 200)
+1616: i299 = int_and(i297, 7)
+1623: i301 = int_eq(i299, 7)
guard_false(i301, descr=<Guard0x101b8eb10>) [i1, i0, p2, i297, p7, p9, p11, p119, p123, p194, p198, p21, p23, p25, p27, p29, p31, p33, p35, p37, p3, i288, i295, i284, i277, None, None, None, None, None, None, None, None, None, None, None, None, None, None, None, None]
+1633: i303 = int_and(i297, 8)
+1644: i304 = int_is_true(i303)
guard_false(i304, descr=<Guard0x101b8eaa0>) [i1, i0, p2, i299, i297, p7, p9, p11, p119, p123, p194, p198, p21, p23, p25, p27, p29, p31, p33, p35, p37, p3, i288, i295, i284, i277, None, None, None, None, None, None, None, None, None, None, None, None, None, None, None, None]
+1654: i306 = int_rshift(i297, 4)
+1665: i308 = int_eq(i277, 3)
guard_true(i308, descr=<Guard0x101b8ea30>) [i1, i0, p2, i284, p7, p9, p11, p119, p123, p194, p198, p21, p23, p25, p27, p29, p31, p33, p35, p37, p3, i306, i299, i288, i295, None, None, None, None, None, None, None, None, None, None, None, None, None, None, None, None, None, None]
+1675: guard_value(i284, 3, descr=<Guard0x101b8e9c0>) [i1, i0, p2, i284, p3, p7, p9, p11, p119, p123, p194, p198, p21, p23, p25, p27, p29, p31, p33, p35, p37, i306, i299, i288, i295, None, None, None, None, None, None, None, None, None, None, None, None, None, None, None, None, None, None]
+1685: i311 = int_eq(i288, 3)
guard_true(i311, descr=<Guard0x101b8e950>) [i1, i0, p2, p119, i295, p7, p9, p11, p123, p194, p198, p21, p23, p25, p27, p29, p31, p33, p35, p37, p3, i306, i299, None, None, None, None, None, None, None, None, None, None, None, None, None, None, None, None, None, None, None, None]
+1695: guard_value(i295, 6, descr=<Guard0x101b8e8e0>) [i1, i0, p2, p119, i295, p3, p7, p9, p11, p123, p194, p198, p21, p23, p25, p27, p29, p31, p33, p35, p37, i306, i299, None, None, None, None, None, None, None, None, None, None, None, None, None, None, None, None, None, None, None, None]
+1705: guard_class(p119, 4297597224, descr=<Guard0x101b8e870>) [i1, i0, p2, p198, p119, p7, p9, p11, p123, p194, p21, p23, p25, p27, p29, p31, p33, p35, p37, p3, i306, i299, None, None, None, None, None, None, None, None, None, None, None, None, None, None, None, None, None, None, None, None]
+1718: i315 = int_eq(i299, 3)
guard_true(i315, descr=<Guard0x101b8e800>) [i1, i0, p2, i306, p7, p9, p11, p119, p123, p194, p198, p21, p23, p25, p27, p29, p31, p33, p35, p37, p3, None, None, None, None, None, None, None, None, None, None, None, None, None, None, None, None, None, None, None, None, None, None]
+1728: guard_value(i306, 0, descr=<Guard0x101b8e790>) [i1, i0, p2, i306, p3, p7, p9, p11, p119, p123, p194, p198, p21, p23, p25, p27, p29, p31, p33, p35, p37, None, None, None, None, None, None, None, None, None, None, None, None, None, None, None, None, None, None, None, None, None, None]
debug_merge_point(0, 0, '201 PUT_LIST')
+1738: i318 = strgetitem(p39, 201)
+1746: guard_value(i318, 69, descr=<Guard0x101b8e720>) [i318, i1, i0, p2, p9, p11, p119, p123, p194, p198, p21, p23, p25, p27, p29, p31, p33, p35, p37, p3, None, None, None, None, None, None, None, None, None, None, None, None, None, None, None, None, None, None, None, None, None, None]
+1756: i321 = strgetitem(p39, 202)
+1764: i323 = int_and(i321, 7)
+1771: i325 = int_eq(i323, 7)
guard_false(i325, descr=<Guard0x101b8e6b0>) [i1, i0, p2, i321, p9, p11, p119, p123, p194, p198, p21, p23, p25, p27, p29, p31, p33, p35, p37, p3, None, None, None, None, None, None, None, None, None, None, None, None, None, None, None, None, None, None, None, None, None, None]
+1781: i327 = int_and(i321, 8)
+1788: i328 = int_is_true(i327)
guard_false(i328, descr=<Guard0x101b8e640>) [i1, i0, p2, i323, i321, p9, p11, p119, p123, p194, p198, p21, p23, p25, p27, p29, p31, p33, p35, p37, p3, None, None, None, None, None, None, None, None, None, None, None, None, None, None, None, None, None, None, None, None, None, None]
+1798: i330 = int_rshift(i321, 4)
+1802: i332 = strgetitem(p39, 203)
+1810: i334 = int_and(i332, 7)
+1817: i336 = int_eq(i334, 7)
guard_false(i336, descr=<Guard0x101b8e5d0>) [i1, i0, p2, i332, p9, p11, p119, p123, p194, p198, p21, p23, p25, p27, p29, p31, p33, p35, p37, p3, i323, i330, None, None, None, None, None, None, None, None, None, None, None, None, None, None, None, None, None, None, None, None, None, None]
+1827: i338 = int_and(i332, 8)
+1834: i339 = int_is_true(i338)
guard_false(i339, descr=<Guard0x101b8e560>) [i1, i0, p2, i334, i332, p9, p11, p119, p123, p194, p198, p21, p23, p25, p27, p29, p31, p33, p35, p37, p3, i323, i330, None, None, None, None, None, None, None, None, None, None, None, None, None, None, None, None, None, None, None, None, None, None]
+1844: i341 = int_rshift(i332, 4)
+1848: i343 = strgetitem(p39, 204)
+1856: i345 = int_and(i343, 7)
+1863: i347 = int_eq(i345, 7)
guard_false(i347, descr=<Guard0x101b8e4f0>) [i1, i0, p2, i343, p9, p11, p119, p123, p194, p198, p21, p23, p25, p27, p29, p31, p33, p35, p37, p3, i341, i334, i323, i330, None, None, None, None, None, None, None, None, None, None, None, None, None, None, None, None, None, None, None, None, None, None]
+1873: i349 = int_and(i343, 8)
+1880: i350 = int_is_true(i349)
guard_false(i350, descr=<Guard0x101b8e480>) [i1, i0, p2, i345, i343, p9, p11, p119, p123, p194, p198, p21, p23, p25, p27, p29, p31, p33, p35, p37, p3, i341, i334, i323, i330, None, None, None, None, None, None, None, None, None, None, None, None, None, None, None, None, None, None, None, None, None, None]
+1890: i352 = int_rshift(i343, 4)
+1894: i354 = int_eq(i323, 3)
guard_true(i354, descr=<Guard0x101b8e410>) [i1, i0, p2, i330, p9, p11, p119, p123, p194, p198, p21, p23, p25, p27, p29, p31, p33, p35, p37, p3, i352, i345, i341, i334, None, None, None, None, None, None, None, None, None, None, None, None, None, None, None, None, None, None, None, None, None, None, None, None]
+1904: guard_value(i330, 5, descr=<Guard0x101b8e3a0>) [i1, i0, p2, i330, p3, p9, p11, p119, p123, p194, p198, p21, p23, p25, p27, p29, p31, p33, p35, p37, i352, i345, i341, i334, None, None, None, None, None, None, None, None, None, None, None, None, None, None, None, None, None, None, None, None, None, None, None, None]
+1914: i357 = int_eq(i334, 3)
guard_true(i357, descr=<Guard0x101b8e330>) [i1, i0, p2, p194, i341, p9, p11, p119, p123, p198, p21, p23, p25, p27, p29, p31, p33, p35, p37, p3, i352, i345, None, None, None, None, None, None, None, None, None, None, None, None, None, None, None, None, None, None, None, None, None, None, None, None, None, None]
+1924: guard_value(i341, 1, descr=<Guard0x101b8e2c0>) [i1, i0, p2, p194, i341, p3, p9, p11, p119, p123, p198, p21, p23, p25, p27, p29, p31, p33, p35, p37, i352, i345, None, None, None, None, None, None, None, None, None, None, None, None, None, None, None, None, None, None, None, None, None, None, None, None, None, None]
+1934: i360 = int_eq(i345, 3)
guard_true(i360, descr=<Guard0x101b8e250>) [i1, i0, p2, i352, p9, p11, p119, p123, p194, p198, p21, p23, p25, p27, p29, p31, p33, p35, p37, p3, None, None, None, None, None, None, None, None, None, None, None, None, None, None, None, None, None, None, None, None, None, None, None, None, None, None, None, None]
+1944: guard_value(i352, 1, descr=<Guard0x101b8e1e0>) [i1, i0, p2, i352, p3, p9, p11, p119, p123, p194, p198, p21, p23, p25, p27, p29, p31, p33, p35, p37, None, None, None, None, None, None, None, None, None, None, None, None, None, None, None, None, None, None, None, None, None, None, None, None, None, None, None, None]
debug_merge_point(0, 0, '205 MOVE')
+1954: i363 = strgetitem(p39, 205)
+1962: guard_value(i363, 64, descr=<Guard0x101b8e170>) [i363, i1, i0, p2, p11, p119, p123, p194, p198, p21, p23, p25, p27, p29, p31, p33, p35, p37, p3, p9, None, None, None, None, None, None, None, None, None, None, None, None, None, None, None, None, None, None, None, None, None, None, None, None, None, None, None, None]
+1972: i366 = strgetitem(p39, 206)
+1980: i368 = int_and(i366, 7)
+1987: i370 = int_eq(i368, 7)
guard_false(i370, descr=<Guard0x101b8e100>) [i1, i0, p2, i366, p11, p119, p123, p194, p198, p21, p23, p25, p27, p29, p31, p33, p35, p37, p3, p9, None, None, None, None, None, None, None, None, None, None, None, None, None, None, None, None, None, None, None, None, None, None, None, None, None, None, None, None]
+1997: i372 = int_and(i366, 8)
+2004: i373 = int_is_true(i372)
guard_false(i373, descr=<Guard0x101b8e090>) [i1, i0, p2, i368, i366, p11, p119, p123, p194, p198, p21, p23, p25, p27, p29, p31, p33, p35, p37, p3, p9, None, None, None, None, None, None, None, None, None, None, None, None, None, None, None, None, None, None, None, None, None, None, None, None, None, None, None, None]
+2014: i375 = int_rshift(i366, 4)
+2018: i377 = strgetitem(p39, 207)
+2026: i379 = int_and(i377, 7)
+2033: i381 = int_eq(i379, 7)
guard_false(i381, descr=<Guard0x101b8e020>) [i1, i0, p2, i377, p11, p119, p123, p194, p198, p21, p23, p25, p27, p29, p31, p33, p35, p37, p3, i368, i375, p9, None, None, None, None, None, None, None, None, None, None, None, None, None, None, None, None, None, None, None, None, None, None, None, None, None, None, None, None]
+2043: i383 = int_and(i377, 8)
+2050: i384 = int_is_true(i383)
guard_false(i384, descr=<Guard0x101b7df30>) [i1, i0, p2, i379, i377, p11, p119, p123, p194, p198, p21, p23, p25, p27, p29, p31, p33, p35, p37, p3, i368, i375, p9, None, None, None, None, None, None, None, None, None, None, None, None, None, None, None, None, None, None, None, None, None, None, None, None, None, None, None, None]
+2060: i386 = int_rshift(i377, 4)
+2064: guard_value(i368, 2, descr=<Guard0x101b7dec0>) [i1, i0, p2, i375, i368, p11, p119, p123, p194, p198, p21, p23, p25, p27, p29, p31, p33, p35, p37, p3, i386, i379, None, None, p9, None, None, None, None, None, None, None, None, None, None, None, None, None, None, None, None, None, None, None, None, None, None, None, None, None, None, None, None]
+2074: i388 = int_is_zero(i375)
guard_false(i388, descr=<Guard0x101b7de50>) [i1, i0, p2, i375, p11, p119, p123, p194, p198, p21, p23, p25, p27, p29, p31, p33, p35, p37, p3, i386, i379, None, None, p9, None, None, None, None, None, None, None, None, None, None, None, None, None, None, None, None, None, None, None, None, None, None, None, None, None, None, None, None]
+2084: i390 = int_sub(i375, 1)
+2088: i392 = int_lt(i390, 0)
guard_false(i392, descr=<Guard0x101b7dde0>) [i1, i0, p2, i390, p11, p119, p123, p194, p198, p21, p23, p25, p27, p29, p31, p33, p35, p37, p3, i386, i379, None, None, p9, None, None, None, None, None, None, None, None, None, None, None, None, None, None, None, None, None, None, None, None, None, None, None, None, None, None, None, None]
+2098: p394 = getarrayitem_gc_pure(ConstPtr(ptr393), i390, descr=<ArrayP 8>)
+2112: i396 = int_eq(i379, 3)
guard_true(i396, descr=<Guard0x101b7dd70>) [i1, i0, p2, i386, p11, p119, p123, p194, p198, p21, p23, p25, p27, p29, p31, p33, p35, p37, p3, p394, None, None, None, None, p9, None, None, None, None, None, None, None, None, None, None, None, None, None, None, None, None, None, None, None, None, None, None, None, None, None, None, None, None]
+2122: guard_value(i386, 2, descr=<Guard0x101b7dd00>) [i1, i0, p2, i386, p3, p11, p119, p123, p194, p198, p21, p23, p25, p27, p29, p31, p33, p35, p37, p394, None, None, None, None, p9, None, None, None, None, None, None, None, None, None, None, None, None, None, None, None, None, None, None, None, None, None, None, None, None, None, None, None, None]
debug_merge_point(0, 0, '208 CALL_ONLY')
+2132: i399 = strgetitem(p39, 208)
+2140: guard_value(i399, 6, descr=<Guard0x101b7dc90>) [i399, i1, i0, p2, p119, p123, p194, p198, p21, p23, p25, p27, p29, p31, p33, p35, p37, p3, p394, None, None, None, None, p9, None, None, None, None, None, None, None, None, None, None, None, None, None, None, None, None, None, None, None, None, None, None, None, None, None, None, None, None]
+2150: i402 = strgetitem(p39, 209)
+2158: i404 = int_and(i402, 7)
+2165: i406 = int_eq(i404, 7)
guard_false(i406, descr=<Guard0x101b7dc20>) [i402, i1, i0, p2, p119, p123, p194, p198, p21, p23, p25, p27, p29, p31, p33, p35, p37, p3, p394, None, None, None, None, p9, None, None, None, None, None, None, None, None, None, None, None, None, None, None, None, None, None, None, None, None, None, None, None, None, None, None, None, None]
+2175: i408 = int_and(i402, 8)
+2182: i409 = int_is_true(i408)
guard_false(i409, descr=<Guard0x101b7dbb0>) [i1, i0, p2, i402, p119, p123, p194, p198, p21, p23, p25, p27, p29, p31, p33, p35, p37, p3, p394, None, None, None, None, p9, None, None, None, None, None, None, None, None, None, None, None, None, None, None, None, None, None, None, None, None, None, None, None, None, None, None, None, None]
+2192: i411 = int_rshift(i402, 4)
+2192: i413 = strgetitem(p39, 210)
+2200: i415 = int_and(i413, 7)
+2207: i417 = int_eq(i415, 7)
guard_false(i417, descr=<Guard0x101b7db40>) [i413, i1, i0, p2, p119, p123, p194, p198, p21, p23, p25, p27, p29, p31, p33, p35, p37, p3, p394, None, None, None, None, p9, None, None, None, None, None, None, None, None, None, None, None, None, None, None, None, None, None, None, None, None, None, None, None, None, None, None, None, None]
+2217: i419 = int_and(i413, 8)
+2224: i420 = int_is_true(i419)
guard_false(i420, descr=<Guard0x101b7dad0>) [i1, i0, p2, i413, p119, p123, p194, p198, p21, p23, p25, p27, p29, p31, p33, p35, p37, p3, p394, None, None, None, None, p9, None, None, None, None, None, None, None, None, None, None, None, None, None, None, None, None, None, None, None, None, None, None, None, None, None, None, None, None]
+2234: i422 = int_rshift(i413, 4)
+2238: i424 = int_sub(i422, 1)
+2242: i426 = int_lt(i424, 0)
guard_false(i426, descr=<Guard0x101b7da60>) [i1, i0, i424, p2, p119, p123, p194, p198, p21, p23, p25, p27, p29, p31, p33, p35, p37, p3, p394, None, None, None, None, p9, None, None, None, None, None, None, None, None, None, None, None, None, None, None, None, None, None, None, None, None, None, None, None, None, None, None, None, None]
+2252: p428 = getfield_gc(ConstPtr(ptr427), descr=<FieldP list.items 16>)
+2265: i429 = getarrayitem_gc(p428, i424, descr=<ArrayS 8>)
+2270: i431 = int_sub(i0, 1)
+2281: guard_false(i1, descr=<Guard0x101b7d9f0>) [i431, i429, p2, p119, p123, p194, p198, p21, p23, p25, p27, p29, p31, p33, p35, p37, p3, p394, None, None, None, None, p9, None, None, None, None, None, None, None, None, None, None, None, None, None, None, None, None, None, None, None, None, None, None, None, None, None, None, None, None]
+2297: i433 = int_le(i431, 0)
guard_true(i433, descr=<Guard0x101b7d980>) [i431, i429, p2, p119, p123, p194, p198, p21, p23, p25, p27, p29, p31, p33, p35, p37, p3, p394, None, None, None, None, p9, None, None, None, None, None, None, None, None, None, None, None, None, None, None, None, None, None, None, None, None, None, None, None, None, None, None, None, None]
+2307: p434 = force_token()
p435 = new(descr=<SizeDescr 24>)
+2430: setfield_gc(p3, p434, descr=<FieldP pyrlang.interpreter.register.X_Register.vable_token 8>)
+2441: setfield_gc(p435, i429, descr=<FieldS tuple2.item1 16>)
+2445: setfield_gc(p435, 1, descr=<FieldS tuple2.item0 8>)
+2453: guard_not_forced_2(descr=<Guard0x101b7d910>) [p119, p123, p194, p198, p21, p23, p25, p27, p29, p31, p33, p35, p37, p3, p394, p9]
+2502: finish(p435, descr=<DoneWithThisFrameDescrRef object at 0x1002a7228>)
+2605: --end of the loop--
[a1358077f5a] jit-log-opt-loop}
[a135a6c1c54] {jit-log-opt-loop
# Loop 1 (79 IS_NONEMPTY_LIST) : entry bridge with 173 ops
[i0, i1, p2, p3, p4]
+129: p5 = getfield_gc(p3, descr=<FieldP pyrlang.interpreter.register.X_Register.inst_regs 16>)
+140: p7 = getarrayitem_gc(p5, 0, descr=<ArrayP 8>)
+144: p9 = getarrayitem_gc(p5, 1, descr=<ArrayP 8>)
+148: p11 = getarrayitem_gc(p5, 2, descr=<ArrayP 8>)
+152: p13 = getarrayitem_gc(p5, 3, descr=<ArrayP 8>)
+156: p15 = getarrayitem_gc(p5, 4, descr=<ArrayP 8>)
+160: p17 = getarrayitem_gc(p5, 5, descr=<ArrayP 8>)
+164: p19 = getarrayitem_gc(p5, 6, descr=<ArrayP 8>)
+168: p21 = getarrayitem_gc(p5, 7, descr=<ArrayP 8>)
+172: p23 = getarrayitem_gc(p5, 8, descr=<ArrayP 8>)
+176: p25 = getarrayitem_gc(p5, 9, descr=<ArrayP 8>)
+180: p27 = getarrayitem_gc(p5, 10, descr=<ArrayP 8>)
+184: p29 = getarrayitem_gc(p5, 11, descr=<ArrayP 8>)
+195: p31 = getarrayitem_gc(p5, 12, descr=<ArrayP 8>)
+206: p33 = getarrayitem_gc(p5, 13, descr=<ArrayP 8>)
+217: p35 = getarrayitem_gc(p5, 14, descr=<ArrayP 8>)
+231: p37 = getarrayitem_gc(p5, 15, descr=<ArrayP 8>)
debug_merge_point(0, 0, '79 IS_NONEMPTY_LIST')
+245: p39 = getfield_gc(ConstPtr(ptr38), descr=<FieldP pyrlang.rpybeam.beam_code.CodeParser.inst_code 32>)
+258: i41 = strgetitem(p39, 79)
+270: guard_value(i41, 56, descr=<Guard0x101c12020>) [i41, i1, i0, p2, p7, p9, p11, p13, p15, p17, p19, p21, p23, p25, p27, p29, p31, p33, p35, p37, p3]
+280: i44 = strgetitem(p39, 80)
+285: i46 = int_and(i44, 7)
+296: i48 = int_eq(i46, 7)
guard_false(i48, descr=<Guard0x101c3bde0>) [i44, i1, i0, p2, p7, p9, p11, p13, p15, p17, p19, p21, p23, p25, p27, p29, p31, p33, p35, p37, p3]
+306: i50 = int_and(i44, 8)
+317: i51 = int_is_true(i50)
guard_false(i51, descr=<Guard0x101c3bd70>) [i1, i0, p2, i44, p7, p9, p11, p13, p15, p17, p19, p21, p23, p25, p27, p29, p31, p33, p35, p37, p3]
+327: i53 = int_rshift(i44, 4)
+338: i55 = strgetitem(p39, 81)
+350: i57 = int_and(i55, 7)
+361: i59 = int_eq(i57, 7)
guard_false(i59, descr=<Guard0x101c3bd00>) [i1, i0, i53, p2, i55, p7, p9, p11, p13, p15, p17, p19, p21, p23, p25, p27, p29, p31, p33, p35, p37, p3]
+371: i61 = int_and(i55, 8)
+389: i62 = int_is_true(i61)
guard_false(i62, descr=<Guard0x101c3bc90>) [i1, i0, i53, p2, i57, i55, p7, p9, p11, p13, p15, p17, p19, p21, p23, p25, p27, p29, p31, p33, p35, p37, p3]
+399: i64 = int_rshift(i55, 4)
+410: guard_value(i57, 3, descr=<Guard0x101c3bc20>) [i1, i0, p2, i53, i64, i57, p7, p9, p11, p13, p15, p17, p19, p21, p23, p25, p27, p29, p31, p33, p35, p37, p3]
+420: p66 = getfield_gc(p2, descr=<FieldP pyrlang.interpreter.interp.Process.inst_x_reg 72>)
+438: i67 = ptr_eq(p66, p3)
guard_true(i67, descr=<Guard0x101c3bbb0>) [i1, i0, p2, i53, i64, p66, p7, p9, p11, p13, p15, p17, p19, p21, p23, p25, p27, p29, p31, p33, p35, p37, p3]
+447: guard_value(i64, 0, descr=<Guard0x101c3bb40>) [i1, i0, p2, i53, i64, p3, p7, p9, p11, p13, p15, p17, p19, p21, p23, p25, p27, p29, p31, p33, p35, p37]
+457: guard_nonnull_class(p7, 4297597120, descr=<Guard0x101c3bad0>) [i1, i0, p2, i53, p7, p9, p11, p13, p15, p17, p19, p21, p23, p25, p27, p29, p31, p33, p35, p37, p3]
+475: p70 = getfield_gc(p2, descr=<FieldP pyrlang.interpreter.interp.Process.inst_y_reg 80>)
debug_merge_point(0, 0, '82 TEST_HEAP')
+475: i72 = strgetitem(p39, 82)
+480: guard_value(i72, 16, descr=<Guard0x101c3ba60>) [i72, i1, i0, p2, p7, p9, p11, p13, p15, p17, p19, p21, p23, p25, p27, p29, p31, p33, p35, p37, p3]
+490: i75 = strgetitem(p39, 83)
+495: i77 = int_and(i75, 7)
+502: i79 = int_eq(i77, 7)
guard_false(i79, descr=<Guard0x101c3b9f0>) [i1, i0, p2, i75, p7, p9, p11, p13, p15, p17, p19, p21, p23, p25, p27, p29, p31, p33, p35, p37, p3]
+512: i81 = int_and(i75, 8)
+519: i82 = int_is_true(i81)
guard_false(i82, descr=<Guard0x101c3b980>) [i1, i0, p2, i77, i75, p7, p9, p11, p13, p15, p17, p19, p21, p23, p25, p27, p29, p31, p33, p35, p37, p3]
+529: i84 = int_rshift(i75, 4)
+529: i86 = strgetitem(p39, 84)
+534: i88 = int_and(i86, 7)
+541: i90 = int_eq(i88, 7)
guard_false(i90, descr=<Guard0x101c3b910>) [i1, i0, p2, i86, p7, p9, p11, p13, p15, p17, p19, p21, p23, p25, p27, p29, p31, p33, p35, p37, p3]
+551: i92 = int_and(i86, 8)
+558: i93 = int_is_true(i92)
guard_false(i93, descr=<Guard0x101c3b8a0>) [i1, i0, p2, i88, i86, p7, p9, p11, p13, p15, p17, p19, p21, p23, p25, p27, p29, p31, p33, p35, p37, p3]
+568: i95 = int_rshift(i86, 4)
debug_merge_point(0, 0, '85 GET_LIST')
+568: i97 = strgetitem(p39, 85)
+573: guard_value(i97, 65, descr=<Guard0x101c3b830>) [i97, i1, i0, p2, p7, p9, p11, p13, p15, p17, p19, p21, p23, p25, p27, p29, p31, p33, p35, p37, p3]
+583: i100 = strgetitem(p39, 86)
+588: i102 = int_and(i100, 7)
+595: i104 = int_eq(i102, 7)
guard_false(i104, descr=<Guard0x101c3b7c0>) [i1, i0, p2, i100, p7, p9, p11, p13, p15, p17, p19, p21, p23, p25, p27, p29, p31, p33, p35, p37, p3]
+605: i106 = int_and(i100, 8)
+612: i107 = int_is_true(i106)
guard_false(i107, descr=<Guard0x101c3b750>) [i1, i0, p2, i102, i100, p7, p9, p11, p13, p15, p17, p19, p21, p23, p25, p27, p29, p31, p33, p35, p37, p3]
+622: i109 = int_rshift(i100, 4)
+626: i111 = strgetitem(p39, 87)
+631: i113 = int_and(i111, 7)
+642: i115 = int_eq(i113, 7)
guard_false(i115, descr=<Guard0x101c3b6e0>) [i1, i0, p2, i111, p7, p9, p11, p13, p15, p17, p19, p21, p23, p25, p27, p29, p31, p33, p35, p37, p3, i102, i109]
+652: i117 = int_and(i111, 8)
+670: i118 = int_is_true(i117)
guard_false(i118, descr=<Guard0x101c3b670>) [i1, i0, p2, i113, i111, p7, p9, p11, p13, p15, p17, p19, p21, p23, p25, p27, p29, p31, p33, p35, p37, p3, i102, i109]
+680: i120 = int_rshift(i111, 4)
+691: i122 = strgetitem(p39, 88)
+703: i124 = int_and(i122, 7)
+714: i126 = int_eq(i124, 7)
guard_false(i126, descr=<Guard0x101c3b600>) [i1, i0, p2, i122, p7, p9, p11, p13, p15, p17, p19, p21, p23, p25, p27, p29, p31, p33, p35, p37, p3, i113, i120, i102, i109]
+724: i128 = int_and(i122, 8)
+742: i129 = int_is_true(i128)
guard_false(i129, descr=<Guard0x101c3b590>) [i1, i0, p2, i124, i122, p7, p9, p11, p13, p15, p17, p19, p21, p23, p25, p27, p29, p31, p33, p35, p37, p3, i113, i120, i102, i109]
+752: i131 = int_rshift(i122, 4)
+763: i133 = int_eq(i102, 3)
guard_true(i133, descr=<Guard0x101c3b520>) [i1, i0, p2, i109, p7, p9, p11, p13, p15, p17, p19, p21, p23, p25, p27, p29, p31, p33, p35, p37, p3, i131, i124, i113, i120, None, None]
+773: guard_value(i109, 0, descr=<Guard0x101c3b4b0>) [i1, i0, p2, i109, p3, p7, p9, p11, p13, p15, p17, p19, p21, p23, p25, p27, p29, p31, p33, p35, p37, i131, i124, i113, i120, None, None]
+783: p136 = getfield_gc_pure(p7, descr=<FieldP pyrlang.interpreter.datatypes.list.W_ListObject.inst_left 8>)
+787: i138 = int_eq(i113, 3)
guard_true(i138, descr=<Guard0x101c3b440>) [i1, i0, p7, p2, i120, p136, p9, p11, p13, p15, p17, p19, p21, p23, p25, p27, p29, p31, p33, p35, p37, p3, i131, i124, None, None, None, None]
+797: guard_value(i120, 2, descr=<Guard0x101c3b3d0>) [i1, i0, p7, p2, i120, p136, p3, p9, p11, p13, p15, p17, p19, p21, p23, p25, p27, p29, p31, p33, p35, p37, i131, i124, None, None, None, None]
+807: p140 = getfield_gc_pure(p7, descr=<FieldP pyrlang.interpreter.datatypes.list.W_ListObject.inst_right 16>)
+811: i142 = int_eq(i124, 3)
guard_true(i142, descr=<Guard0x101c3b360>) [i1, i0, p2, i131, p140, p7, p9, p136, p13, p15, p17, p19, p21, p23, p25, p27, p29, p31, p33, p35, p37, p3, None, None, None, None, None, None]
+821: guard_value(i131, 0, descr=<Guard0x101c3b2f0>) [i1, i0, p2, i131, p140, p3, p7, p9, p136, p13, p15, p17, p19, p21, p23, p25, p27, p29, p31, p33, p35, p37, None, None, None, None, None, None]
debug_merge_point(0, 0, '89 PUT_LIST')
+831: i145 = strgetitem(p39, 89)
+836: guard_value(i145, 69, descr=<Guard0x101c3b280>) [i145, i1, i0, p2, p140, p9, p136, p13, p15, p17, p19, p21, p23, p25, p27, p29, p31, p33, p35, p37, p3, None, None, None, None, None, None]
+846: i148 = strgetitem(p39, 90)
+851: i150 = int_and(i148, 7)
+858: i152 = int_eq(i150, 7)
guard_false(i152, descr=<Guard0x101c3b210>) [i1, i0, p2, i148, p140, p9, p136, p13, p15, p17, p19, p21, p23, p25, p27, p29, p31, p33, p35, p37, p3, None, None, None, None, None, None]
+868: i154 = int_and(i148, 8)
+875: i155 = int_is_true(i154)
guard_false(i155, descr=<Guard0x101c3b1a0>) [i1, i0, p2, i150, i148, p140, p9, p136, p13, p15, p17, p19, p21, p23, p25, p27, p29, p31, p33, p35, p37, p3, None, None, None, None, None, None]
+885: i157 = int_rshift(i148, 4)
+889: i159 = strgetitem(p39, 91)
+894: i161 = int_and(i159, 7)
+901: i163 = int_eq(i161, 7)
guard_false(i163, descr=<Guard0x101c3b130>) [i1, i0, p2, i159, p140, p9, p136, p13, p15, p17, p19, p21, p23, p25, p27, p29, p31, p33, p35, p37, p3, i150, i157, None, None, None, None, None, None]
+911: i165 = int_and(i159, 8)
+918: i166 = int_is_true(i165)
guard_false(i166, descr=<Guard0x101c3b0c0>) [i1, i0, p2, i161, i159, p140, p9, p136, p13, p15, p17, p19, p21, p23, p25, p27, p29, p31, p33, p35, p37, p3, i150, i157, None, None, None, None, None, None]
+928: i168 = int_rshift(i159, 4)
+932: i170 = strgetitem(p39, 92)
+937: i172 = int_and(i170, 7)
+944: i174 = int_eq(i172, 7)
guard_false(i174, descr=<Guard0x101c3b050>) [i1, i0, p2, i170, p140, p9, p136, p13, p15, p17, p19, p21, p23, p25, p27, p29, p31, p33, p35, p37, p3, i168, i161, i150, i157, None, None, None, None, None, None]
+954: i176 = int_and(i170, 8)
+965: i177 = int_is_true(i176)
guard_false(i177, descr=<Guard0x101c3afe0>) [i1, i0, p2, i172, i170, p140, p9, p136, p13, p15, p17, p19, p21, p23, p25, p27, p29, p31, p33, p35, p37, p3, i168, i161, i150, i157, None, None, None, None, None, None]
+975: i179 = int_rshift(i170, 4)
+986: i181 = int_eq(i150, 3)
guard_true(i181, descr=<Guard0x101c3af70>) [i1, i0, p2, i157, p140, p9, p136, p13, p15, p17, p19, p21, p23, p25, p27, p29, p31, p33, p35, p37, p3, i179, i172, i168, i161, None, None, None, None, None, None, None, None]
+996: guard_value(i157, 2, descr=<Guard0x101c3af00>) [i1, i0, p2, i157, p3, p140, p9, p136, p13, p15, p17, p19, p21, p23, p25, p27, p29, p31, p33, p35, p37, i179, i172, i168, i161, None, None, None, None, None, None, None, None]
+1006: i184 = int_eq(i161, 3)
guard_true(i184, descr=<Guard0x101c3ae90>) [i1, i0, p2, p136, i168, p140, p9, p13, p15, p17, p19, p21, p23, p25, p27, p29, p31, p33, p35, p37, p3, i179, i172, None, None, None, None, None, None, None, None, None, None]
+1016: guard_value(i168, 1, descr=<Guard0x101c3ae20>) [i1, i0, p2, p136, i168, p3, p140, p9, p13, p15, p17, p19, p21, p23, p25, p27, p29, p31, p33, p35, p37, i179, i172, None, None, None, None, None, None, None, None, None, None]
+1026: guard_nonnull_class(p136, 4297597224, descr=<Guard0x101c3adb0>) [i1, i0, p2, p9, p136, p140, p13, p15, p17, p19, p21, p23, p25, p27, p29, p31, p33, p35, p37, p3, i179, i172, None, None, None, None, None, None, None, None, None, None]
+1044: i188 = int_eq(i172, 3)
guard_true(i188, descr=<Guard0x101c3ad40>) [i1, i0, p2, i179, p140, p9, p136, p13, p15, p17, p19, p21, p23, p25, p27, p29, p31, p33, p35, p37, p3, None, None, None, None, None, None, None, None, None, None, None, None]
+1054: guard_value(i179, 1, descr=<Guard0x101c3acd0>) [i1, i0, p2, i179, p3, p140, p9, p136, p13, p15, p17, p19, p21, p23, p25, p27, p29, p31, p33, p35, p37, None, None, None, None, None, None, None, None, None, None, None, None]
debug_merge_point(0, 0, '93 CALL_ONLY')
+1064: i191 = strgetitem(p39, 93)
+1069: guard_value(i191, 6, descr=<Guard0x101c3ac60>) [i191, i1, i0, p2, p140, p136, p13, p15, p17, p19, p21, p23, p25, p27, p29, p31, p33, p35, p37, p3, p9, None, None, None, None, None, None, None, None, None, None, None, None]
+1079: i194 = strgetitem(p39, 94)
+1084: i196 = int_and(i194, 7)
+1091: i198 = int_eq(i196, 7)
guard_false(i198, descr=<Guard0x101c3abf0>) [i194, i1, i0, p2, p140, p136, p13, p15, p17, p19, p21, p23, p25, p27, p29, p31, p33, p35, p37, p3, p9, None, None, None, None, None, None, None, None, None, None, None, None]
+1101: i200 = int_and(i194, 8)
+1108: i201 = int_is_true(i200)
guard_false(i201, descr=<Guard0x101c3ab80>) [i1, i0, p2, i194, p140, p136, p13, p15, p17, p19, p21, p23, p25, p27, p29, p31, p33, p35, p37, p3, p9, None, None, None, None, None, None, None, None, None, None, None, None]
+1118: i203 = int_rshift(i194, 4)
+1118: i205 = strgetitem(p39, 95)
+1123: i207 = int_and(i205, 7)
+1130: i209 = int_eq(i207, 7)
guard_false(i209, descr=<Guard0x101c3ab10>) [i205, i1, i0, p2, p140, p136, p13, p15, p17, p19, p21, p23, p25, p27, p29, p31, p33, p35, p37, p3, p9, None, None, None, None, None, None, None, None, None, None, None, None]
+1140: i211 = int_and(i205, 8)
+1147: i212 = int_is_true(i211)
guard_false(i212, descr=<Guard0x101c3aaa0>) [i1, i0, p2, i205, p140, p136, p13, p15, p17, p19, p21, p23, p25, p27, p29, p31, p33, p35, p37, p3, p9, None, None, None, None, None, None, None, None, None, None, None, None]
+1157: i214 = int_rshift(i205, 4)
+1161: i216 = int_sub(i214, 1)
+1165: i218 = int_lt(i216, 0)
guard_false(i218, descr=<Guard0x101c3aa30>) [i1, i0, i216, p2, p140, p136, p13, p15, p17, p19, p21, p23, p25, p27, p29, p31, p33, p35, p37, p3, p9, None, None, None, None, None, None, None, None, None, None, None, None]
+1175: p220 = getfield_gc(ConstPtr(ptr219), descr=<FieldP list.items 16>)
+1188: i221 = getarrayitem_gc(p220, i216, descr=<ArrayS 8>)
+1193: i223 = int_sub(i0, 1)
+1204: guard_false(i1, descr=<Guard0x101c3a9c0>) [i223, i221, p2, p140, p136, p13, p15, p17, p19, p21, p23, p25, p27, p29, p31, p33, p35, p37, p3, p9, None, None, None, None, None, None, None, None, None, None, None, None]
+1220: i225 = int_le(i223, 0)
guard_true(i225, descr=<Guard0x101c3a950>) [i223, i221, p2, p140, p136, p13, p15, p17, p19, p21, p23, p25, p27, p29, p31, p33, p35, p37, p3, p9, None, None, None, None, None, None, None, None, None, None, None, None]
+1230: p226 = force_token()
p227 = new(descr=<SizeDescr 24>)
+1339: setfield_gc(p3, p226, descr=<FieldP pyrlang.interpreter.register.X_Register.vable_token 8>)
+1350: setfield_gc(p227, i221, descr=<FieldS tuple2.item1 16>)
+1354: setfield_gc(p227, 1, descr=<FieldS tuple2.item0 8>)
+1362: guard_not_forced_2(descr=<Guard0x101c3a8e0>) [p140, p136, p13, p15, p17, p19, p21, p23, p25, p27, p29, p31, p33, p35, p37, p3, p9]
+1411: finish(p227, descr=<DoneWithThisFrameDescrRef object at 0x1002a7228>)
+1514: --end of the loop--
[a135a7baf39] jit-log-opt-loop}
[a13a3076787] {jit-log-opt-bridge
# bridge out of Guard 0x101b8efe0 with 125 ops
[i0, i1, p2, i3, p4, p5, p6, p7, p8, p9, p10, p11, p12, p13, p14, p15, p16, p17, p18, p19, p20]
+59: i22 = int_sub(i3, 1)
+63: i24 = int_lt(i22, 0)
guard_false(i24, descr=<Guard0x101c3be50>) [i0, i1, p2, i22, p4, p5, p6, p7, p8, p9, p10, p11, p12, p13, p14, p15, p16, p17, p18, p19, p20]
+73: p26 = getfield_gc(ConstPtr(ptr25), descr=<FieldP list.items 16>)
+86: i27 = getarrayitem_gc(p26, i22, descr=<ArrayS 8>)
+91: p28 = getfield_gc(p2, descr=<FieldP pyrlang.interpreter.interp.Process.inst_x_reg 72>)
+102: p29 = getfield_gc(p2, descr=<FieldP pyrlang.interpreter.interp.Process.inst_y_reg 80>)
+106: guard_value(i27, 213, descr=<Guard0x102d24f70>) [i0, i1, i27, p29, p28, p2, p4, p5, p6, p7, p8, p9, p10, p11, p12, p13, p14, p15, p16, p17, p18, p19, p20]
debug_merge_point(0, 0, '213 TEST_HEAP')
+119: p32 = getfield_gc(ConstPtr(ptr31), descr=<FieldP pyrlang.rpybeam.beam_code.CodeParser.inst_code 32>)
+132: i33 = strgetitem(p32, 213)
+140: guard_value(i33, 16, descr=<Guard0x102d24f00>) [i33, i0, i1, p2, p4, p5, p6, p7, p8, p9, p10, p11, p12, p13, p14, p15, p16, p17, p18, p19, p20]
+150: i36 = strgetitem(p32, 214)
+158: i38 = int_and(i36, 7)
+165: i40 = int_eq(i38, 7)
guard_false(i40, descr=<Guard0x102d24e90>) [i0, i1, p2, i36, p4, p5, p6, p7, p8, p9, p10, p11, p12, p13, p14, p15, p16, p17, p18, p19, p20]
+175: i42 = int_and(i36, 8)
+182: i43 = int_is_true(i42)
guard_false(i43, descr=<Guard0x102d24e20>) [i0, i1, p2, i38, i36, p4, p5, p6, p7, p8, p9, p10, p11, p12, p13, p14, p15, p16, p17, p18, p19, p20]
+192: i45 = int_rshift(i36, 4)
+192: i47 = strgetitem(p32, 215)
+200: i49 = int_and(i47, 7)
+207: i51 = int_eq(i49, 7)
guard_false(i51, descr=<Guard0x102d24db0>) [i0, i1, p2, i47, p4, p5, p6, p7, p8, p9, p10, p11, p12, p13, p14, p15, p16, p17, p18, p19, p20]
+217: i53 = int_and(i47, 8)
+224: i54 = int_is_true(i53)
guard_false(i54, descr=<Guard0x102d24d40>) [i0, i1, p2, i49, i47, p4, p5, p6, p7, p8, p9, p10, p11, p12, p13, p14, p15, p16, p17, p18, p19, p20]
+234: i56 = int_rshift(i47, 4)
debug_merge_point(0, 0, '216 PUT_LIST')
+234: i58 = strgetitem(p32, 216)
+242: guard_value(i58, 69, descr=<Guard0x102d24cd0>) [i58, i0, i1, p2, p4, p5, p6, p7, p8, p9, p10, p11, p12, p13, p14, p15, p16, p17, p18, p19, p20]
+252: i61 = strgetitem(p32, 217)
+260: i63 = int_and(i61, 7)
+267: i65 = int_eq(i63, 7)
guard_false(i65, descr=<Guard0x102d24c60>) [i0, i1, p2, i61, p4, p5, p6, p7, p8, p9, p10, p11, p12, p13, p14, p15, p16, p17, p18, p19, p20]
+277: i67 = int_and(i61, 8)
+284: i68 = int_is_true(i67)
guard_false(i68, descr=<Guard0x102d24bf0>) [i0, i1, p2, i63, i61, p4, p5, p6, p7, p8, p9, p10, p11, p12, p13, p14, p15, p16, p17, p18, p19, p20]
+294: i70 = int_rshift(i61, 4)
+298: i72 = strgetitem(p32, 218)
+306: i74 = int_and(i72, 7)
+317: i76 = int_eq(i74, 7)
guard_false(i76, descr=<Guard0x102d24b80>) [i0, i1, p2, i72, p4, p5, p6, p7, p8, p9, p10, p11, p12, p13, p14, p15, p16, p17, p18, p19, p20, i70, i63]
+327: i78 = int_and(i72, 8)
+345: i79 = int_is_true(i78)
guard_false(i79, descr=<Guard0x102d24b10>) [i0, i1, p2, i74, i72, p4, p5, p6, p7, p8, p9, p10, p11, p12, p13, p14, p15, p16, p17, p18, p19, p20, i70, i63]
+355: i81 = int_rshift(i72, 4)
+366: i83 = strgetitem(p32, 219)
+381: i85 = int_and(i83, 7)
+392: i87 = int_eq(i85, 7)
guard_false(i87, descr=<Guard0x102d24aa0>) [i0, i1, p2, i83, p4, p5, p6, p7, p8, p9, p10, p11, p12, p13, p14, p15, p16, p17, p18, p19, p20, i74, i81, i70, i63]
+402: i89 = int_and(i83, 8)
+420: i90 = int_is_true(i89)
guard_false(i90, descr=<Guard0x102d24a30>) [i0, i1, p2, i85, i83, p4, p5, p6, p7, p8, p9, p10, p11, p12, p13, p14, p15, p16, p17, p18, p19, p20, i74, i81, i70, i63]
+430: i92 = int_rshift(i83, 4)
+441: i94 = int_eq(i63, 3)
guard_true(i94, descr=<Guard0x102d249c0>) [i0, i1, p2, i70, p4, p5, p6, p7, p8, p9, p10, p11, p12, p13, p14, p15, p16, p17, p18, p19, p20, i92, i85, i74, i81, None, None]
+451: i96 = ptr_eq(p28, p20)
guard_true(i96, descr=<Guard0x102d24950>) [i0, i1, p2, i70, p28, p4, p5, p6, p7, p8, p9, p10, p11, p12, p13, p14, p15, p16, p17, p18, p19, p20, i92, i85, i74, i81, None, None]
+464: guard_value(i70, 3, descr=<Guard0x102d248e0>) [i0, i1, p2, i70, p20, p4, p5, p6, p7, p8, p9, p10, p11, p12, p13, p14, p15, p16, p17, p18, p19, i92, i85, i74, i81, None, None]
+474: i99 = int_eq(i74, 3)
guard_true(i99, descr=<Guard0x102d24870>) [i0, i1, p2, p7, i81, p4, p5, p6, p8, p9, p10, p11, p12, p13, p14, p15, p16, p17, p18, p19, p20, i92, i85, None, None, None, None]
+484: guard_value(i81, 1, descr=<Guard0x102d24800>) [i0, i1, p2, p7, i81, p20, p4, p5, p6, p8, p9, p10, p11, p12, p13, p14, p15, p16, p17, p18, p19, i92, i85, None, None, None, None]
+494: guard_nonnull_class(p7, 4297597224, descr=<Guard0x102d24790>) [i0, i1, p2, p5, p7, p4, p6, p8, p9, p10, p11, p12, p13, p14, p15, p16, p17, p18, p19, p20, i92, i85, None, None, None, None]
+513: i103 = int_eq(i85, 3)
guard_true(i103, descr=<Guard0x102d24720>) [i0, i1, p2, i92, p4, p5, p6, p7, p8, p9, p10, p11, p12, p13, p14, p15, p16, p17, p18, p19, p20, None, None, None, None, None, None]
+523: guard_value(i92, 1, descr=<Guard0x102d246b0>) [i0, i1, p2, i92, p20, p4, p5, p6, p7, p8, p9, p10, p11, p12, p13, p14, p15, p16, p17, p18, p19, None, None, None, None, None, None]
debug_merge_point(0, 0, '220 MOVE')
+533: i106 = strgetitem(p32, 220)
+541: guard_value(i106, 64, descr=<Guard0x102d24640>) [i106, i0, i1, p2, p4, p6, p7, p8, p9, p10, p11, p12, p13, p14, p15, p16, p17, p18, p19, p20, p5, None, None, None, None, None, None]
+551: i109 = strgetitem(p32, 221)
+559: i111 = int_and(i109, 7)
+566: i113 = int_eq(i111, 7)
guard_false(i113, descr=<Guard0x102d245d0>) [i0, i1, p2, i109, p4, p6, p7, p8, p9, p10, p11, p12, p13, p14, p15, p16, p17, p18, p19, p20, p5, None, None, None, None, None, None]
+576: i115 = int_and(i109, 8)
+583: i116 = int_is_true(i115)
guard_false(i116, descr=<Guard0x102d24560>) [i0, i1, p2, i111, i109, p4, p6, p7, p8, p9, p10, p11, p12, p13, p14, p15, p16, p17, p18, p19, p20, p5, None, None, None, None, None, None]
+593: i118 = int_rshift(i109, 4)
+597: i120 = strgetitem(p32, 222)
+605: i122 = int_and(i120, 7)
+612: i124 = int_eq(i122, 7)
guard_false(i124, descr=<Guard0x102d244f0>) [i0, i1, p2, i120, p4, p6, p7, p8, p9, p10, p11, p12, p13, p14, p15, p16, p17, p18, p19, p20, i111, i118, p5, None, None, None, None, None, None]
+622: i126 = int_and(i120, 8)
+629: i127 = int_is_true(i126)
guard_false(i127, descr=<Guard0x102d24480>) [i0, i1, p2, i122, i120, p4, p6, p7, p8, p9, p10, p11, p12, p13, p14, p15, p16, p17, p18, p19, p20, i111, i118, p5, None, None, None, None, None, None]
+639: i129 = int_rshift(i120, 4)
+643: guard_value(i111, 3, descr=<Guard0x102d24410>) [i0, i1, p2, i118, i111, p4, p6, p7, p8, p9, p10, p11, p12, p13, p14, p15, p16, p17, p18, p19, p20, i129, i122, None, None, p5, None, None, None, None, None, None]
+653: guard_value(i118, 4, descr=<Guard0x102d243a0>) [i0, i1, p2, i118, p20, p4, p6, p7, p8, p9, p10, p11, p12, p13, p14, p15, p16, p17, p18, p19, i129, i122, None, None, p5, None, None, None, None, None, None]
+663: i133 = int_eq(i122, 3)
guard_true(i133, descr=<Guard0x102d24330>) [i0, i1, p2, i129, p8, p4, p6, p7, p9, p10, p11, p12, p13, p14, p15, p16, p17, p18, p19, p20, None, None, None, None, p5, None, None, None, None, None, None]
+673: guard_value(i129, 0, descr=<Guard0x102d242c0>) [i0, i1, p2, i129, p8, p20, p4, p6, p7, p9, p10, p11, p12, p13, p14, p15, p16, p17, p18, p19, None, None, None, None, p5, None, None, None, None, None, None]
debug_merge_point(0, 0, '223 CALL_ONLY')
+683: i136 = strgetitem(p32, 223)
+691: guard_value(i136, 6, descr=<Guard0x102d24250>) [i136, i0, i1, p2, p8, p6, p7, p9, p10, p11, p12, p13, p14, p15, p16, p17, p18, p19, p20, None, None, None, None, p5, None, None, None, None, None, None]
+701: i139 = strgetitem(p32, 224)
+709: i141 = int_and(i139, 7)
+716: i143 = int_eq(i141, 7)
guard_false(i143, descr=<Guard0x102d241e0>) [i139, i0, i1, p2, p8, p6, p7, p9, p10, p11, p12, p13, p14, p15, p16, p17, p18, p19, p20, None, None, None, None, p5, None, None, None, None, None, None]
+726: i145 = int_and(i139, 8)
+733: i146 = int_is_true(i145)
guard_false(i146, descr=<Guard0x102d24170>) [i0, i1, p2, i139, p8, p6, p7, p9, p10, p11, p12, p13, p14, p15, p16, p17, p18, p19, p20, None, None, None, None, p5, None, None, None, None, None, None]
+743: i148 = int_rshift(i139, 4)
+743: i150 = strgetitem(p32, 225)
+751: i152 = int_and(i150, 7)
+758: i154 = int_eq(i152, 7)
guard_false(i154, descr=<Guard0x102d24100>) [i150, i0, i1, p2, p8, p6, p7, p9, p10, p11, p12, p13, p14, p15, p16, p17, p18, p19, p20, None, None, None, None, p5, None, None, None, None, None, None]
+768: i156 = int_and(i150, 8)
+775: i157 = int_is_true(i156)
guard_false(i157, descr=<Guard0x102d24090>) [i0, i1, p2, i150, p8, p6, p7, p9, p10, p11, p12, p13, p14, p15, p16, p17, p18, p19, p20, None, None, None, None, p5, None, None, None, None, None, None]
+785: i159 = int_rshift(i150, 4)
+789: i161 = int_sub(i159, 1)
+793: i163 = int_lt(i161, 0)
guard_false(i163, descr=<Guard0x102d24020>) [i0, i1, i161, p2, p8, p6, p7, p9, p10, p11, p12, p13, p14, p15, p16, p17, p18, p19, p20, None, None, None, None, p5, None, None, None, None, None, None]
+803: i164 = getarrayitem_gc(p26, i161, descr=<ArrayS 8>)
+808: i166 = int_sub(i1, 1)
+819: guard_false(i0, descr=<Guard0x102d1ff30>) [i166, i164, p2, p8, p6, p7, p9, p10, p11, p12, p13, p14, p15, p16, p17, p18, p19, p20, None, None, None, None, p5, None, None, None, None, None, None]
+835: i168 = int_le(i166, 0)
guard_true(i168, descr=<Guard0x102d1fec0>) [i166, i164, p2, p8, p6, p7, p9, p10, p11, p12, p13, p14, p15, p16, p17, p18, p19, p20, None, None, None, None, p5, None, None, None, None, None, None]
+845: p169 = force_token()
p170 = new(descr=<SizeDescr 24>)
+961: setfield_gc(p20, p169, descr=<FieldP pyrlang.interpreter.register.X_Register.vable_token 8>)
+965: setfield_gc(p170, i164, descr=<FieldS tuple2.item1 16>)
+976: setfield_gc(p170, 1, descr=<FieldS tuple2.item0 8>)
+984: guard_not_forced_2(descr=<Guard0x102d1fe50>) [p8, p6, p7, p9, p10, p11, p12, p13, p14, p15, p16, p17, p18, p19, p20, p5]
+1019: finish(p170, descr=<DoneWithThisFrameDescrRef object at 0x1002a7228>)
+1122: --end of the loop--
[a13a312efa1] jit-log-opt-bridge}
[b235c648260] {jit-backend-counts
entry 0:400018381
entry 1:400018381
bridge 4323864544:199989793
[b235c650d69] jit-backend-counts}
