[31fb07f41382] {jit-backend-counts
[31fb07f49da8] jit-backend-counts}
[31fb083e4a8a] {jit-log-opt-loop
# Loop 0 (54 LABEL) : loop with 73 ops
[i0, i1, p2, p3, p4]
+129: p5 = getfield_gc(p3, descr=<FieldP pyrlang.interpreter.register.X_Register.inst_regs 16>)
+140: p7 = getarrayitem_gc(p5, 0, descr=<ArrayP 8>)
+144: p9 = getarrayitem_gc(p5, 1, descr=<ArrayP 8>)
+148: p11 = getarrayitem_gc(p5, 2, descr=<ArrayP 8>)
+152: p13 = getarrayitem_gc(p5, 3, descr=<ArrayP 8>)
+156: p15 = getarrayitem_gc(p5, 4, descr=<ArrayP 8>)
+160: p17 = getarrayitem_gc(p5, 5, descr=<ArrayP 8>)
+164: p19 = getarrayitem_gc(p5, 6, descr=<ArrayP 8>)
+168: p21 = getarrayitem_gc(p5, 7, descr=<ArrayP 8>)
+172: p23 = getarrayitem_gc(p5, 8, descr=<ArrayP 8>)
+176: p25 = getarrayitem_gc(p5, 9, descr=<ArrayP 8>)
+180: p27 = getarrayitem_gc(p5, 10, descr=<ArrayP 8>)
+184: p29 = getarrayitem_gc(p5, 11, descr=<ArrayP 8>)
+195: p31 = getarrayitem_gc(p5, 12, descr=<ArrayP 8>)
+206: p33 = getarrayitem_gc(p5, 13, descr=<ArrayP 8>)
+217: p35 = getarrayitem_gc(p5, 14, descr=<ArrayP 8>)
+231: p37 = getarrayitem_gc(p5, 15, descr=<ArrayP 8>)
+245: label(i0, i1, p2, p3, p4, p7, p9, p11, p13, p15, p17, p19, p21, p23, p25, p27, p29, p31, p33, p35, p37, descr=TargetToken(4318363760))
debug_merge_point(0, 0, '54 LABEL')
+321: p38 = getfield_gc(p2, descr=<FieldP pyrlang.interpreter.interp.Process.inst_y_reg 80>)
debug_merge_point(0, 0, '55 IS_EQ_EXACT')
+332: p39 = getfield_gc(p2, descr=<FieldP pyrlang.interpreter.interp.Process.inst_x_reg 72>)
+336: i40 = ptr_eq(p39, p3)
guard_true(i40, descr=<Guard0x101652020>) [i1, i0, p3, p2, p39, p7, p9, p11, p13, p15, p17, p19, p21, p23, p25, p27, p29, p31, p33, p35, p37]
+345: guard_class(p7, 4297725784, descr=<Guard0x1016528e0>) [i1, i0, p3, p2, p7, p9, p11, p13, p15, p17, p19, p21, p23, p25, p27, p29, p31, p33, p35, p37]
+357: i42 = getfield_gc_pure(p7, descr=<FieldS pyrlang.interpreter.datatypes.number.W_IntObject.inst_intval 8>)
+361: i44 = int_eq(i42, 0)
guard_false(i44, descr=<Guard0x101652870>) [i1, i0, p3, p2, p7, p9, p11, p13, p15, p17, p19, p21, p23, p25, p27, p29, p31, p33, p35, p37]
debug_merge_point(0, 0, '58 LABEL')
debug_merge_point(0, 0, '59 LINE')
debug_merge_point(0, 0, '60 GC_BIF2')
+412: setfield_gc(ConstPtr(ptr45), p2, descr=<FieldP pyrlang.lib.base.BaseBIF.inst_caller 8>)
+425: i47 = int_sub_ovf(i42, 1)
guard_no_overflow(descr=<Guard0x101652800>) [i1, i0, p3, p2, i47, p7, p9, p11, p13, p15, p17, p19, p21, p23, p25, p27, p29, p31, p33, p35, p37]
debug_merge_point(0, 0, '61 LINE')
debug_merge_point(0, 0, '62 GC_BIF2')
+479: setfield_gc(ConstPtr(ptr48), p2, descr=<FieldP pyrlang.lib.base.BaseBIF.inst_caller 8>)
+492: guard_class(p9, 4297725784, descr=<Guard0x101652790>) [i1, i0, p3, p2, p7, p9, p13, p15, p17, p19, p21, p23, p25, p27, p29, p31, p33, p35, p37, i47]
+504: i50 = getfield_gc_pure(p9, descr=<FieldS pyrlang.interpreter.datatypes.number.W_IntObject.inst_intval 8>)
+508: i51 = int_add_ovf(i50, i42)
guard_no_overflow(descr=<Guard0x101652720>) [i1, i0, p3, p2, i51, p7, p9, p13, p15, p17, p19, p21, p23, p25, p27, p29, p31, p33, p35, p37, i47]
debug_merge_point(0, 0, '63 MOVE')
debug_merge_point(0, 0, '64 CALL_ONLY')
+517: i53 = int_sub(i0, 1)
+528: guard_false(i1, descr=<Guard0x1016526b0>) [i53, p3, p2, p13, p15, p17, p19, p21, p23, p25, p27, p29, p31, p33, p35, p37, i51, i47]
+544: i55 = int_le(i53, 0)
guard_false(i55, descr=<Guard0x101652640>) [i53, p3, p2, p13, p15, p17, p19, p21, p23, p25, p27, p29, p31, p33, p35, p37, i51, i47]
debug_merge_point(0, 0, '54 LABEL')
+554: p56 = same_as(p2)
+554: p57 = same_as(p38)
+557: label(i53, p2, p3, p38, i47, i51, p13, p15, p17, p19, p21, p23, p25, p27, p29, p31, p33, p35, p37, p57, descr=TargetToken(4318363840))
debug_merge_point(0, 0, '54 LABEL')
debug_merge_point(0, 0, '55 IS_EQ_EXACT')
+591: i58 = int_eq(i47, 0)
guard_false(i58, descr=<Guard0x1016525d0>) [i53, p3, p2, p13, p15, p17, p19, p21, p23, p25, p27, p29, p31, p33, p35, p37, i51, i47]
debug_merge_point(0, 0, '58 LABEL')
debug_merge_point(0, 0, '59 LINE')
debug_merge_point(0, 0, '60 GC_BIF2')
+642: setfield_gc(ConstPtr(ptr45), p2, descr=<FieldP pyrlang.lib.base.BaseBIF.inst_caller 8>)
+655: i59 = int_sub_ovf(i47, 1)
guard_no_overflow(descr=<Guard0x101652560>) [i53, p3, p2, i59, p13, p15, p17, p19, p21, p23, p25, p27, p29, p31, p33, p35, p37, i51, i47]
debug_merge_point(0, 0, '61 LINE')
debug_merge_point(0, 0, '62 GC_BIF2')
+709: setfield_gc(ConstPtr(ptr48), p2, descr=<FieldP pyrlang.lib.base.BaseBIF.inst_caller 8>)
+722: i60 = int_add_ovf(i51, i47)
guard_no_overflow(descr=<Guard0x1016524f0>) [i53, p3, p2, i60, p13, p15, p17, p19, p21, p23, p25, p27, p29, p31, p33, p35, p37, i59, i51, i47]
debug_merge_point(0, 0, '63 MOVE')
debug_merge_point(0, 0, '64 CALL_ONLY')
+734: i61 = int_sub(i53, 1)
+738: i62 = int_le(i61, 0)
guard_false(i62, descr=<Guard0x101652480>) [i61, p3, p2, p13, p15, p17, p19, p21, p23, p25, p27, p29, p31, p33, p35, p37, i60, i59, None, None]
debug_merge_point(0, 0, '54 LABEL')
+748: jump(i61, p2, p3, p57, i59, i60, p13, p15, p17, p19, p21, p23, p25, p27, p29, p31, p33, p35, p37, p57, descr=TargetToken(4318363840))
+770: --end of the loop--
[31fb084654e8] jit-log-opt-loop}
[31fb0855c4c4] {jit-backend-counts
entry 0:51
TargetToken(4318363760):51
TargetToken(4318363840):98909
[31fb0855fc0f] jit-backend-counts}
