normal-execution                                    98%
gc-minor                                            0%
jit-optimize                                        0%
jit-tracing                                         0%
gc-minor-walkroots                                  0%
jit-backend                                         0%
gc-set-nursery-size                                 0%
jit-log-virtualstate                                0%
jit-backend-dump                                    0%
jit-backend-addr                                    0%
jit-mem-looptoken-alloc                             0%
jit-log-rewritten-bridge                            0%
jit-log-compiling-bridge                            0%
jit-log-noopt-loop                                  0%
jit-log-opt-bridge                                  0%
gc-hardware                                         0%
jit-mem-collect                                     0%
jit-log-short-preamble                              0%
jit-summary                                         0%
jit-log-compiling-loop                              0%
jit-log-rewritten-loop                              0%
jit-log-opt-loop                                    0%
jit-backend-counts                                  0%
