[7dd0b7353f] {jit-backend-counts
[7dd0b9250b] jit-backend-counts}
[7dd24615ee] {jit-log-opt-loop
# Loop 0 (156 IS_NONEMPTY_LIST) : loop with 380 ops
[i0, p1, p2, p3, p4, p5, p6]
+129: label(i0, p1, p2, p3, p4, p5, p6, descr=TargetToken(4302373856))
debug_merge_point(0, 0, '156 IS_NONEMPTY_LIST')
+142: p7 = getfield_gc_pure(p3, descr=<FieldP pyrlang.rpybeam.beam_code.CodeParser.inst_str 48>)
+153: i9 = strgetitem(p7, 157)
+161: i11 = int_and(i9, 7)
+168: i13 = int_eq(i11, 7)
guard_false(i13, descr=<Guard0x10075dd00>) [i9, p4, p3]
+178: i15 = int_and(i9, 8)
+185: i16 = int_is_true(i15)
guard_true(i16, descr=<Guard0x10075dc90>) [p4, p3, i9]
+195: i18 = int_and(i9, 16)
+202: i19 = int_is_true(i18)
guard_false(i19, descr=<Guard0x10075dc20>) [p4, p3, i9]
+212: i21 = strgetitem(p7, 158)
+220: i23 = int_and(i9, 224)
+227: i25 = int_lshift(i23, 3)
+231: i26 = int_or(i25, i21)
+234: i28 = strgetitem(p7, 159)
+242: i30 = int_and(i28, 7)
+249: i32 = int_eq(i30, 7)
guard_false(i32, descr=<Guard0x10075dbb0>) [i26, p4, p3, i28]
+259: i34 = int_and(i28, 8)
+266: i35 = int_is_true(i34)
guard_false(i35, descr=<Guard0x10075db40>) [i26, p4, p3, i30, i28]
+276: i37 = int_rshift(i28, 4)
+280: guard_value(i30, 3, descr=<Guard0x10075dad0>) [p4, p3, i26, i37, i30]
+290: p39 = getfield_gc(p4, descr=<FieldP interpreter.interp.BeamRunTime.inst_x_reg 32>)
+301: p40 = getfield_gc(p39, descr=<FieldP interpreter.register.X_Register.inst_regs 8>)
+305: p41 = getfield_gc(p40, descr=<FieldP list.items 16>)
+309: p42 = getarrayitem_gc(p41, i37, descr=<ArrayP 8>)
+314: guard_nonnull_class(p42, 4297403368, descr=<Guard0x10075da60>) [p4, p3, i26, p42]
+333: i44 = getfield_gc(p4, descr=<FieldS interpreter.interp.BeamRunTime.inst_current_line 16>)
+337: p45 = getfield_gc(p4, descr=<FieldP interpreter.interp.BeamRunTime.inst_atoms 8>)
+341: p46 = getfield_gc(p4, descr=<FieldP interpreter.interp.BeamRunTime.inst_func_list 24>)
+345: p47 = getfield_gc(p4, descr=<FieldP interpreter.interp.BeamRunTime.inst_y_reg 40>)
debug_merge_point(0, 0, '160 GET_LIST')
+349: i49 = strgetitem(p7, 161)
+357: i51 = int_and(i49, 7)
+368: i53 = int_eq(i51, 7)
guard_false(i53, descr=<Guard0x10075d9f0>) [p4, p3, i49]
+378: i55 = int_and(i49, 8)
+389: i56 = int_is_true(i55)
guard_false(i56, descr=<Guard0x10075d980>) [p4, p3, i51, i49]
+399: i58 = int_rshift(i49, 4)
+410: i60 = strgetitem(p7, 162)
+425: i62 = int_and(i60, 7)
+436: i64 = int_eq(i62, 7)
guard_false(i64, descr=<Guard0x10075d910>) [p4, p3, i60, i58, i51]
+446: i66 = int_and(i60, 8)
+464: i67 = int_is_true(i66)
guard_false(i67, descr=<Guard0x10075d8a0>) [p4, p3, i62, i60, i58, i51]
+474: i69 = int_rshift(i60, 4)
+485: i71 = strgetitem(p7, 163)
+500: i73 = int_and(i71, 7)
+511: i75 = int_eq(i73, 7)
guard_false(i75, descr=<Guard0x10075d830>) [p4, p3, i71, i69, i62, i58, i51]
+521: i77 = int_and(i71, 8)
+539: i78 = int_is_true(i77)
guard_false(i78, descr=<Guard0x10075d7c0>) [p4, p3, i73, i71, i69, i62, i58, i51]
+549: i80 = int_rshift(i71, 4)
+560: i82 = int_eq(i51, 3)
guard_true(i82, descr=<Guard0x10075d750>) [p4, p3, i58, i80, i73, i69, i62, None, None]
+570: p84 = getarrayitem_gc(p41, i58, descr=<ArrayP 8>)
+589: p85 = getfield_gc_pure(p84, descr=<FieldP pyrlang.interpreter.datatypes.list.W_ListObject.inst_left 32>)
+600: i87 = int_eq(i62, 3)
guard_true(i87, descr=<Guard0x10075d6e0>) [p4, p3, p84, i69, p85, i80, i73, None, None, None, None]
+610: i88 = getfield_gc(p40, descr=<FieldS list.length 8>)
+614: i89 = int_ge(i69, i88)
guard_false(i89, descr=<Guard0x10075d670>) [p4, p3, p84, i88, i69, p85, p39, i80, i73, None, None, None, None]
+675: setarrayitem_gc(p41, i69, p85, descr=<ArrayP 8>)
+680: p90 = getfield_gc_pure(p84, descr=<FieldP pyrlang.interpreter.datatypes.list.W_ListObject.inst_right 40>)
+684: i92 = int_eq(i73, 3)
guard_true(i92, descr=<Guard0x10075d600>) [p4, p3, i80, p90, None, None, None, None, None, None]
+694: i93 = int_ge(i80, i88)
guard_false(i93, descr=<Guard0x10075d520>) [p4, p3, i88, i80, p90, p39, None, None, None, None, None, None]
+755: setarrayitem_gc(p41, i80, p90, descr=<ArrayP 8>)
debug_merge_point(0, 0, '164 IS_NONEMPTY_LIST')
+760: i95 = strgetitem(p7, 165)
+775: i97 = int_and(i95, 7)
+786: i99 = int_eq(i97, 7)
guard_false(i99, descr=<Guard0x10075d4b0>) [i95, p4, p3, None, None, None, None, None, None]
+796: i101 = int_and(i95, 8)
+807: i102 = int_is_true(i101)
guard_false(i102, descr=<Guard0x10075d440>) [p4, p3, i95, None, None, None, None, None, None]
+817: i104 = int_rshift(i95, 4)
+828: i106 = strgetitem(p7, 166)
+836: i108 = int_and(i106, 7)
+847: i110 = int_eq(i108, 7)
guard_false(i110, descr=<Guard0x10075d3d0>) [i104, p4, p3, i106, None, None, None, None, None, None]
+857: i112 = int_and(i106, 8)
+868: i113 = int_is_true(i112)
guard_false(i113, descr=<Guard0x10075d360>) [i104, p4, p3, i108, i106, None, None, None, None, None, None]
+878: i115 = int_rshift(i106, 4)
+889: guard_value(i108, 3, descr=<Guard0x10075d2f0>) [p4, p3, i104, i115, i108, None, None, None, None, None, None]
+899: p117 = getarrayitem_gc(p41, i115, descr=<ArrayP 8>)
+904: guard_nonnull_class(p117, 4297403368, descr=<Guard0x10075d280>) [p4, p3, i104, p117, None, None, None, None, None, None]
debug_merge_point(0, 0, '167 GET_LIST')
+923: i120 = strgetitem(p7, 168)
+931: i122 = int_and(i120, 7)
+942: i124 = int_eq(i122, 7)
guard_false(i124, descr=<Guard0x10075d210>) [p4, p3, i120, None, None, None, None, None, None]
+952: i126 = int_and(i120, 8)
+963: i127 = int_is_true(i126)
guard_false(i127, descr=<Guard0x10075d1a0>) [p4, p3, i122, i120, None, None, None, None, None, None]
+973: i129 = int_rshift(i120, 4)
+984: i131 = strgetitem(p7, 169)
+1006: i133 = int_and(i131, 7)
+1017: i135 = int_eq(i133, 7)
guard_false(i135, descr=<Guard0x10075d130>) [p4, p3, i131, i129, i122, None, None, None, None, None, None]
+1027: i137 = int_and(i131, 8)
+1045: i138 = int_is_true(i137)
guard_false(i138, descr=<Guard0x10075d050>) [p4, p3, i133, i131, i129, i122, None, None, None, None, None, None]
+1055: i140 = int_rshift(i131, 4)
+1066: i142 = strgetitem(p7, 170)
+1088: i144 = int_and(i142, 7)
+1099: i146 = int_eq(i144, 7)
guard_false(i146, descr=<Guard0x10075cfe0>) [p4, p3, i142, i140, i133, i129, i122, None, None, None, None, None, None]
+1109: i148 = int_and(i142, 8)
+1127: i149 = int_is_true(i148)
guard_false(i149, descr=<Guard0x10075cf70>) [p4, p3, i144, i142, i140, i133, i129, i122, None, None, None, None, None, None]
+1137: i151 = int_rshift(i142, 4)
+1148: i153 = int_eq(i122, 3)
guard_true(i153, descr=<Guard0x10075cf00>) [p4, p3, i129, i151, i144, i140, i133, None, None, None, None, None, None, None, None]
+1158: p154 = getarrayitem_gc(p41, i129, descr=<ArrayP 8>)
+1170: p155 = getfield_gc_pure(p154, descr=<FieldP pyrlang.interpreter.datatypes.list.W_ListObject.inst_left 32>)
+1181: i157 = int_eq(i133, 3)
guard_true(i157, descr=<Guard0x10075ce90>) [p4, p3, p154, i140, p155, i151, i144, None, None, None, None, None, None, None, None, None, None]
+1191: i158 = int_ge(i140, i88)
guard_false(i158, descr=<Guard0x10075ce20>) [p4, p3, p154, i88, i140, p155, p39, i151, i144, None, None, None, None, None, None, None, None, None, None]
+1252: setarrayitem_gc(p41, i140, p155, descr=<ArrayP 8>)
+1257: p159 = getfield_gc_pure(p154, descr=<FieldP pyrlang.interpreter.datatypes.list.W_ListObject.inst_right 40>)
+1261: i161 = int_eq(i144, 3)
guard_true(i161, descr=<Guard0x10075cdb0>) [p4, p3, i151, p159, None, None, None, None, None, None, None, None, None, None, None, None]
+1271: i162 = int_ge(i151, i88)
guard_false(i162, descr=<Guard0x10075cd40>) [p4, p3, i88, i151, p159, p39, None, None, None, None, None, None, None, None, None, None, None, None]
+1332: setarrayitem_gc(p41, i151, p159, descr=<ArrayP 8>)
debug_merge_point(0, 0, '171 IS_LT')
+1337: i164 = strgetitem(p7, 172)
+1352: i166 = int_and(i164, 7)
+1363: i168 = int_eq(i166, 7)
guard_false(i168, descr=<Guard0x10075ccd0>) [i164, p4, p3, None, None, None, None, None, None, None, None, None, None, None, None]
+1373: i170 = int_and(i164, 8)
+1384: i171 = int_is_true(i170)
guard_false(i171, descr=<Guard0x10075cc60>) [p4, p3, i164, None, None, None, None, None, None, None, None, None, None, None, None]
+1394: i173 = int_rshift(i164, 4)
+1405: i175 = strgetitem(p7, 173)
+1413: i177 = int_and(i175, 7)
+1424: i179 = int_eq(i177, 7)
guard_false(i179, descr=<Guard0x10075cbf0>) [i173, p4, p3, i175, None, None, None, None, None, None, None, None, None, None, None, None]
+1434: i181 = int_and(i175, 8)
+1452: i182 = int_is_true(i181)
guard_false(i182, descr=<Guard0x10075cb80>) [i173, p4, p3, i177, i175, None, None, None, None, None, None, None, None, None, None, None, None]
+1462: i184 = int_rshift(i175, 4)
+1473: i186 = strgetitem(p7, 174)
+1481: i188 = int_and(i186, 7)
+1492: i190 = int_eq(i188, 7)
guard_false(i190, descr=<Guard0x10075cb10>) [i173, p4, p3, i186, i184, i177, None, None, None, None, None, None, None, None, None, None, None, None]
+1502: i192 = int_and(i186, 8)
+1513: i193 = int_is_true(i192)
guard_false(i193, descr=<Guard0x10075caa0>) [i173, p4, p3, i188, i186, i184, i177, None, None, None, None, None, None, None, None, None, None, None, None]
+1523: i195 = int_rshift(i186, 4)
+1534: guard_value(i177, 3, descr=<Guard0x10075ca30>) [p4, p3, i173, i184, i177, i188, i195, None, None, None, None, None, None, None, None, None, None, None, None, None, None]
+1544: p197 = getarrayitem_gc(p41, i184, descr=<ArrayP 8>)
+1549: guard_value(i188, 3, descr=<Guard0x10075c9c0>) [p4, p3, i173, p197, i195, i188, None, None, None, None, None, None, None, None, None, None, None, None, None, None, None, None]
+1559: p199 = getarrayitem_gc(p41, i195, descr=<ArrayP 8>)
+1564: guard_class(p197, 4297403192, descr=<Guard0x10075c950>) [p4, p3, i173, p197, p199, None, None, None, None, None, None, None, None, None, None, None, None, None, None, None, None]
+1576: guard_nonnull_class(p199, 4297403192, descr=<Guard0x10075c8e0>) [p4, p3, i173, p197, p199, None, None, None, None, None, None, None, None, None, None, None, None, None, None, None, None]
+1594: i202 = getfield_gc(p197, descr=<FieldS pyrlang.interpreter.datatypes.root.W_Root.inst_intval 24>)
+1605: i203 = getfield_gc(p199, descr=<FieldS pyrlang.interpreter.datatypes.root.W_Root.inst_intval 24>)
+1609: i204 = int_lt(i202, i203)
guard_true(i204, descr=<Guard0x10075c870>) [p4, p3, i173, None, None, None, None, None, None, None, None, None, None, None, None, None, None, None, None]
debug_merge_point(0, 0, '175 TEST_HEAP')
+1618: i206 = strgetitem(p7, 176)
+1633: i208 = int_and(i206, 7)
+1640: i210 = int_eq(i208, 7)
guard_false(i210, descr=<Guard0x10075c800>) [p4, p3, i206, None, None, None, None, None, None, None, None, None, None, None, None, None, None, None, None]
+1650: i212 = int_and(i206, 8)
+1661: i213 = int_is_true(i212)
guard_false(i213, descr=<Guard0x10075c790>) [p4, p3, i208, i206, None, None, None, None, None, None, None, None, None, None, None, None, None, None, None, None]
+1671: i215 = int_rshift(i206, 4)
+1671: i217 = strgetitem(p7, 177)
+1679: i219 = int_and(i217, 7)
+1686: i221 = int_eq(i219, 7)
guard_false(i221, descr=<Guard0x10075c720>) [p4, p3, i217, None, None, None, None, None, None, None, None, None, None, None, None, None, None, None, None]
+1696: i223 = int_and(i217, 8)
+1707: i224 = int_is_true(i223)
guard_false(i224, descr=<Guard0x10075c6b0>) [p4, p3, i219, i217, None, None, None, None, None, None, None, None, None, None, None, None, None, None, None, None]
+1717: i226 = int_rshift(i217, 4)
debug_merge_point(0, 0, '178 PUT_LIST')
+1717: i228 = strgetitem(p7, 179)
+1725: i230 = int_and(i228, 7)
+1732: i232 = int_eq(i230, 7)
guard_false(i232, descr=<Guard0x10075c640>) [p4, p3, i228, None, None, None, None, None, None, None, None, None, None, None, None, None, None, None, None]
+1742: i234 = int_and(i228, 8)
+1753: i235 = int_is_true(i234)
guard_false(i235, descr=<Guard0x10075c5d0>) [p4, p3, i230, i228, None, None, None, None, None, None, None, None, None, None, None, None, None, None, None, None]
+1763: i237 = int_rshift(i228, 4)
+1774: i239 = strgetitem(p7, 180)
+1782: i241 = int_and(i239, 7)
+1793: i243 = int_eq(i241, 7)
guard_false(i243, descr=<Guard0x10075c560>) [p4, p3, i239, i237, i230, None, None, None, None, None, None, None, None, None, None, None, None, None, None, None, None]
+1803: i245 = int_and(i239, 8)
+1814: i246 = int_is_true(i245)
guard_false(i246, descr=<Guard0x10075c4f0>) [p4, p3, i241, i239, i237, i230, None, None, None, None, None, None, None, None, None, None, None, None, None, None, None, None]
+1824: i248 = int_rshift(i239, 4)
+1835: i250 = strgetitem(p7, 181)
+1857: i252 = int_and(i250, 7)
+1868: i254 = int_eq(i252, 7)
guard_false(i254, descr=<Guard0x10075c480>) [p4, p3, i250, i248, i241, i237, i230, None, None, None, None, None, None, None, None, None, None, None, None, None, None, None, None]
+1878: i256 = int_and(i250, 8)
+1889: i257 = int_is_true(i256)
guard_false(i257, descr=<Guard0x10075c410>) [p4, p3, i252, i250, i248, i241, i237, i230, None, None, None, None, None, None, None, None, None, None, None, None, None, None, None, None]
+1899: i259 = int_rshift(i250, 4)
+1910: i261 = int_eq(i230, 3)
guard_true(i261, descr=<Guard0x10075c3a0>) [p4, p3, i237, i259, i252, i248, i241, None, None, None, None, None, None, None, None, None, None, None, None, None, None, None, None, None, None]
+1920: p262 = getarrayitem_gc(p41, i237, descr=<ArrayP 8>)
+1925: i264 = int_eq(i241, 3)
guard_true(i264, descr=<Guard0x10075c330>) [p4, p3, p262, i248, i259, i252, None, None, None, None, None, None, None, None, None, None, None, None, None, None, None, None, None, None, None, None]
+1935: p265 = getarrayitem_gc(p41, i248, descr=<ArrayP 8>)
+1947: guard_nonnull_class(p262, 4297403192, descr=<Guard0x10075c2c0>) [p4, p3, p265, p262, i259, i252, None, None, None, None, None, None, None, None, None, None, None, None, None, None, None, None, None, None, None, None]
+1965: i268 = int_eq(i252, 3)
guard_true(i268, descr=<Guard0x10075c250>) [p4, p3, i259, p262, p265, None, None, None, None, None, None, None, None, None, None, None, None, None, None, None, None, None, None, None, None, None, None]
+1975: i269 = int_ge(i259, i88)
guard_false(i269, descr=<Guard0x10075c1e0>) [p4, p3, i88, i259, p39, p262, p265, None, None, None, None, None, None, None, None, None, None, None, None, None, None, None, None, None, None, None, None, None, None]
p271 = new_with_vtable(4297403368)
+2080: setfield_gc(p271, p262, descr=<FieldP pyrlang.interpreter.datatypes.list.W_ListObject.inst_left 32>)
+2084: setfield_gc(p271, p265, descr=<FieldP pyrlang.interpreter.datatypes.list.W_ListObject.inst_right 40>)
+2136: setarrayitem_gc(p41, i259, p271, descr=<ArrayP 8>)
debug_merge_point(0, 0, '182 PUT_LIST')
+2141: i273 = strgetitem(p7, 183)
+2156: i275 = int_and(i273, 7)
+2163: i277 = int_eq(i275, 7)
guard_false(i277, descr=<Guard0x10075c170>) [p4, p3, i273]
+2173: i279 = int_and(i273, 8)
+2184: i280 = int_is_true(i279)
guard_false(i280, descr=<Guard0x10075c100>) [p4, p3, i275, i273]
+2194: i282 = int_rshift(i273, 4)
+2205: i284 = strgetitem(p7, 184)
+2220: i286 = int_and(i284, 7)
+2231: i288 = int_eq(i286, 7)
guard_false(i288, descr=<Guard0x10075c090>) [p4, p3, i284, i282, i275]
+2241: i290 = int_and(i284, 8)
+2252: i291 = int_is_true(i290)
guard_false(i291, descr=<Guard0x10075c020>) [p4, p3, i286, i284, i282, i275]
+2262: i293 = int_rshift(i284, 4)
+2273: i295 = strgetitem(p7, 185)
+2295: i297 = int_and(i295, 7)
+2306: i299 = int_eq(i297, 7)
guard_false(i299, descr=<Guard0x10072ff30>) [p4, p3, i295, i293, i286, i282, i275]
+2316: i301 = int_and(i295, 8)
+2334: i302 = int_is_true(i301)
guard_false(i302, descr=<Guard0x10072fec0>) [p4, p3, i297, i295, i293, i286, i282, i275]
+2344: i304 = int_rshift(i295, 4)
+2355: i306 = int_eq(i275, 3)
guard_true(i306, descr=<Guard0x10072fe50>) [p4, p3, i282, i304, i297, i293, i286, None, None]
+2365: p307 = getarrayitem_gc(p41, i282, descr=<ArrayP 8>)
+2384: i309 = int_eq(i286, 3)
guard_true(i309, descr=<Guard0x10072fde0>) [p4, p3, p307, i293, i304, i297, None, None, None, None]
+2394: p310 = getarrayitem_gc(p41, i293, descr=<ArrayP 8>)
+2406: guard_nonnull_class(p307, 4297403192, descr=<Guard0x10072fd70>) [p4, p3, p310, p307, i304, i297, None, None, None, None]
+2425: i313 = int_eq(i297, 3)
guard_true(i313, descr=<Guard0x10072fd00>) [p4, p3, i304, p310, p307, None, None, None, None, None, None]
+2435: i314 = int_ge(i304, i88)
guard_false(i314, descr=<Guard0x10072fc90>) [p4, p3, i88, i304, p39, p310, p307, None, None, None, None, None, None]
p316 = new_with_vtable(4297403368)
+2459: setfield_gc(p316, p307, descr=<FieldP pyrlang.interpreter.datatypes.list.W_ListObject.inst_left 32>)
+2463: setfield_gc(p316, p310, descr=<FieldP pyrlang.interpreter.datatypes.list.W_ListObject.inst_right 40>)
+2515: setarrayitem_gc(p41, i304, p316, descr=<ArrayP 8>)
debug_merge_point(0, 0, '186 MOVE')
+2520: i318 = strgetitem(p7, 187)
+2535: i320 = int_and(i318, 7)
+2546: i322 = int_eq(i320, 7)
guard_false(i322, descr=<Guard0x10072fc20>) [p4, p3, i318]
+2556: i324 = int_and(i318, 8)
+2567: i325 = int_is_true(i324)
guard_false(i325, descr=<Guard0x10072fbb0>) [p4, p3, i320, i318]
+2577: i327 = int_rshift(i318, 4)
+2588: i329 = strgetitem(p7, 188)
+2603: i331 = int_and(i329, 7)
+2614: i333 = int_eq(i331, 7)
guard_false(i333, descr=<Guard0x10072fb40>) [p4, p3, i329, i327, i320]
+2624: i335 = int_and(i329, 8)
+2635: i336 = int_is_true(i335)
guard_false(i336, descr=<Guard0x10072fad0>) [p4, p3, i331, i329, i327, i320]
+2645: i338 = int_rshift(i329, 4)
+2656: guard_value(i320, 2, descr=<Guard0x10072fa60>) [p4, p3, i327, i320, i338, i331, None, None]
+2666: i340 = int_is_zero(i327)
guard_false(i340, descr=<Guard0x10072f9f0>) [p4, p3, i327, i338, i331, None, None]
+2680: i342 = int_eq(i331, 3)
guard_true(i342, descr=<Guard0x10072f980>) [p4, p3, i338, None, None, i327, None]
+2690: i343 = int_ge(i338, i88)
guard_false(i343, descr=<Guard0x10072f910>) [p4, p3, i88, i338, p39, None, None, i327, None]
p345 = new_with_vtable(ConstClass(W_AtomObject))
+2710: setfield_gc(p345, i327, descr=<FieldS pyrlang.interpreter.datatypes.root.W_Root.inst_indexval 16>)
+2762: setarrayitem_gc(p41, i338, p345, descr=<ArrayP 8>)
debug_merge_point(0, 0, '189 CALL_ONLY')
+2767: i347 = strgetitem(p7, 190)
+2782: i349 = int_and(i347, 7)
+2789: i351 = int_eq(i349, 7)
guard_false(i351, descr=<Guard0x10072f8a0>) [i347, p4, p3]
+2799: i353 = int_and(i347, 8)
+2806: i354 = int_is_true(i353)
guard_false(i354, descr=<Guard0x10072f830>) [p4, p3, i347]
+2816: i356 = int_rshift(i347, 4)
+2816: i358 = strgetitem(p7, 191)
+2824: i360 = int_and(i358, 7)
+2831: i362 = int_eq(i360, 7)
guard_false(i362, descr=<Guard0x10072f7c0>) [i358, p4, p3]
+2841: i364 = int_and(i358, 8)
+2848: i365 = int_is_true(i364)
guard_false(i365, descr=<Guard0x10072f750>) [p4, p3, i358]
+2858: i367 = int_rshift(i358, 4)
+2862: p368 = getfield_gc_pure(p3, descr=<FieldP pyrlang.rpybeam.beam_code.CodeParser.inst_labelTable 40>)
+2873: i370 = int_sub(i367, 1)
+2877: i372 = int_lt(i370, 0)
guard_false(i372, descr=<Guard0x10072f6e0>) [i370, p4, p3, p368]
+2887: p373 = getfield_gc(p368, descr=<FieldP list.items 16>)
+2891: i374 = getarrayitem_gc(p373, i370, descr=<ArrayS 8>)
+2896: guard_value(i374, 156, descr=<Guard0x10072f670>) [i44, i374, p47, p39, p4, p3, p46, p45]
debug_merge_point(0, 0, '156 IS_NONEMPTY_LIST')
+2909: p376 = same_as(p39)
+2912: p377 = same_as(p45)
+2922: i378 = same_as(i44)
+2932: p379 = same_as(p47)
+2935: p380 = same_as(p46)
+2945: label(i44, p45, p46, p3, p4, p39, p47, p41, i37, i26, i58, i69, i80, i115, i104, i129, i140, i151, i184, i195, i173, i237, i248, i259, i282, i293, i304, i327, i338, p373, i370, i378, p379, p376, p380, p377, p7, descr=TargetToken(4302373056))
debug_merge_point(0, 0, '156 IS_NONEMPTY_LIST')
+3021: p381 = getarrayitem_gc(p41, i37, descr=<ArrayP 8>)
+3033: guard_nonnull_class(p381, 4297403368, descr=<Guard0x100783130>) [p4, p3, i26, p381]
debug_merge_point(0, 0, '160 GET_LIST')
+3052: p382 = getarrayitem_gc(p41, i58, descr=<ArrayP 8>)
+3064: p383 = getfield_gc_pure(p382, descr=<FieldP pyrlang.interpreter.datatypes.list.W_ListObject.inst_left 32>)
+3116: setarrayitem_gc(p41, i69, p383, descr=<ArrayP 8>)
+3121: p384 = getfield_gc_pure(p382, descr=<FieldP pyrlang.interpreter.datatypes.list.W_ListObject.inst_right 40>)
+3173: setarrayitem_gc(p41, i80, p384, descr=<ArrayP 8>)
debug_merge_point(0, 0, '164 IS_NONEMPTY_LIST')
+3178: p385 = getarrayitem_gc(p41, i115, descr=<ArrayP 8>)
+3190: guard_nonnull_class(p385, 4297403368, descr=<Guard0x1007821e0>) [p4, p3, i104, p385]
debug_merge_point(0, 0, '167 GET_LIST')
+3208: p386 = getarrayitem_gc(p41, i129, descr=<ArrayP 8>)
+3220: p387 = getfield_gc_pure(p386, descr=<FieldP pyrlang.interpreter.datatypes.list.W_ListObject.inst_left 32>)
+3272: setarrayitem_gc(p41, i140, p387, descr=<ArrayP 8>)
+3277: p388 = getfield_gc_pure(p386, descr=<FieldP pyrlang.interpreter.datatypes.list.W_ListObject.inst_right 40>)
+3329: setarrayitem_gc(p41, i151, p388, descr=<ArrayP 8>)
debug_merge_point(0, 0, '171 IS_LT')
+3334: p389 = getarrayitem_gc(p41, i184, descr=<ArrayP 8>)
+3339: p390 = getarrayitem_gc(p41, i195, descr=<ArrayP 8>)
+3351: guard_class(p389, 4297403192, descr=<Guard0x10077af00>) [p4, p3, i173, p389, p390]
+3365: guard_nonnull_class(p390, 4297403192, descr=<Guard0x10077ae90>) [p4, p3, i173, p389, p390]
+3384: i391 = getfield_gc(p389, descr=<FieldS pyrlang.interpreter.datatypes.root.W_Root.inst_intval 24>)
+3389: i392 = getfield_gc(p390, descr=<FieldS pyrlang.interpreter.datatypes.root.W_Root.inst_intval 24>)
+3393: i393 = int_lt(i391, i392)
guard_true(i393, descr=<Guard0x10077adb0>) [p4, p3, i173]
debug_merge_point(0, 0, '175 TEST_HEAP')
debug_merge_point(0, 0, '178 PUT_LIST')
+3402: p394 = getarrayitem_gc(p41, i237, descr=<ArrayP 8>)
+3414: p395 = getarrayitem_gc(p41, i248, descr=<ArrayP 8>)
+3426: guard_nonnull_class(p394, 4297403192, descr=<Guard0x10077a090>) [p4, p3, p395, p394, i259]
p396 = new_with_vtable(4297403368)
+3533: setfield_gc(p396, p394, descr=<FieldP pyrlang.interpreter.datatypes.list.W_ListObject.inst_left 32>)
+3537: setfield_gc(p396, p395, descr=<FieldP pyrlang.interpreter.datatypes.list.W_ListObject.inst_right 40>)
+3589: setarrayitem_gc(p41, i259, p396, descr=<ArrayP 8>)
debug_merge_point(0, 0, '182 PUT_LIST')
+3594: p397 = getarrayitem_gc(p41, i282, descr=<ArrayP 8>)
+3606: p398 = getarrayitem_gc(p41, i293, descr=<ArrayP 8>)
+3618: guard_nonnull_class(p397, 4297403192, descr=<Guard0x100788e20>) [p4, p3, p398, p397, i304]
p399 = new_with_vtable(4297403368)
+3647: setfield_gc(p399, p397, descr=<FieldP pyrlang.interpreter.datatypes.list.W_ListObject.inst_left 32>)
+3651: setfield_gc(p399, p398, descr=<FieldP pyrlang.interpreter.datatypes.list.W_ListObject.inst_right 40>)
+3703: setarrayitem_gc(p41, i304, p399, descr=<ArrayP 8>)
debug_merge_point(0, 0, '186 MOVE')
p400 = new_with_vtable(ConstClass(W_AtomObject))
+3719: setfield_gc(p400, i327, descr=<FieldS pyrlang.interpreter.datatypes.root.W_Root.inst_indexval 16>)
+3778: setarrayitem_gc(p41, i338, p400, descr=<ArrayP 8>)
debug_merge_point(0, 0, '189 CALL_ONLY')
+3783: i401 = getarrayitem_gc(p373, i370, descr=<ArrayS 8>)
+3795: guard_value(i401, 156, descr=<Guard0x100788e90>) [i378, i401, p379, p376, p4, p3, p380, p377]
debug_merge_point(0, 0, '156 IS_NONEMPTY_LIST')
+3808: i402 = strlen(p7)
+3808: jump(i378, p377, p380, p3, p4, p376, p379, p41, i37, i26, i58, i69, i80, i115, i104, i129, i140, i151, i184, i195, i173, i237, i248, i259, i282, i293, i304, i327, i338, p373, i370, i378, p379, p376, p380, p377, p7, descr=TargetToken(4302373056))
+3953: --end of the loop--
[7dd25fcb2b] jit-log-opt-loop}
[7dd3015286] {jit-log-opt-loop
# Loop 1 (79 IS_NONEMPTY_LIST) : loop with 182 ops
[i0, p1, p2, p3, p4, p5, p6]
+129: label(i0, p1, p2, p3, p4, p5, p6, descr=TargetToken(4302374896))
debug_merge_point(0, 0, '79 IS_NONEMPTY_LIST')
+142: p7 = getfield_gc_pure(p3, descr=<FieldP pyrlang.rpybeam.beam_code.CodeParser.inst_str 48>)
+153: i9 = strgetitem(p7, 80)
+158: i11 = int_and(i9, 7)
+165: i13 = int_eq(i11, 7)
guard_false(i13, descr=<Guard0x1007c1600>) [i9, p4, p3]
+175: i15 = int_and(i9, 8)
+182: i16 = int_is_true(i15)
guard_false(i16, descr=<Guard0x1007c1590>) [p4, p3, i9]
+192: i18 = int_rshift(i9, 4)
+196: i20 = strgetitem(p7, 81)
+201: i22 = int_and(i20, 7)
+208: i24 = int_eq(i22, 7)
guard_false(i24, descr=<Guard0x1007c1520>) [i18, p4, p3, i20]
+218: i26 = int_and(i20, 8)
+225: i27 = int_is_true(i26)
guard_false(i27, descr=<Guard0x1007c14b0>) [i18, p4, p3, i22, i20]
+235: i29 = int_rshift(i20, 4)
+239: guard_value(i22, 3, descr=<Guard0x1007c1440>) [p4, p3, i18, i29, i22]
+249: p31 = getfield_gc(p4, descr=<FieldP interpreter.interp.BeamRunTime.inst_x_reg 32>)
+260: p32 = getfield_gc(p31, descr=<FieldP interpreter.register.X_Register.inst_regs 8>)
+264: p33 = getfield_gc(p32, descr=<FieldP list.items 16>)
+268: p34 = getarrayitem_gc(p33, i29, descr=<ArrayP 8>)
+273: guard_nonnull_class(p34, 4297403368, descr=<Guard0x1007c04f0>) [p4, p3, i18, p34]
+292: i36 = getfield_gc(p4, descr=<FieldS interpreter.interp.BeamRunTime.inst_current_line 16>)
+296: p37 = getfield_gc(p4, descr=<FieldP interpreter.interp.BeamRunTime.inst_atoms 8>)
+300: p38 = getfield_gc(p4, descr=<FieldP interpreter.interp.BeamRunTime.inst_func_list 24>)
+304: p39 = getfield_gc(p4, descr=<FieldP interpreter.interp.BeamRunTime.inst_y_reg 40>)
debug_merge_point(0, 0, '82 TEST_HEAP')
+308: i41 = strgetitem(p7, 83)
+313: i43 = int_and(i41, 7)
+324: i45 = int_eq(i43, 7)
guard_false(i45, descr=<Guard0x1007c13d0>) [p4, p3, i41]
+334: i47 = int_and(i41, 8)
+352: i48 = int_is_true(i47)
guard_false(i48, descr=<Guard0x1007c1360>) [p4, p3, i43, i41]
+362: i50 = int_rshift(i41, 4)
+362: i52 = strgetitem(p7, 84)
+367: i54 = int_and(i52, 7)
+374: i56 = int_eq(i54, 7)
guard_false(i56, descr=<Guard0x1007c12f0>) [p4, p3, i52]
+384: i58 = int_and(i52, 8)
+395: i59 = int_is_true(i58)
guard_false(i59, descr=<Guard0x1007c1280>) [p4, p3, i54, i52]
+405: i61 = int_rshift(i52, 4)
debug_merge_point(0, 0, '85 GET_LIST')
+405: i63 = strgetitem(p7, 86)
+410: i65 = int_and(i63, 7)
+417: i67 = int_eq(i65, 7)
guard_false(i67, descr=<Guard0x1007c1210>) [p4, p3, i63]
+427: i69 = int_and(i63, 8)
+438: i70 = int_is_true(i69)
guard_false(i70, descr=<Guard0x1007c11a0>) [p4, p3, i65, i63]
+448: i72 = int_rshift(i63, 4)
+459: i74 = strgetitem(p7, 87)
+464: i76 = int_and(i74, 7)
+475: i78 = int_eq(i76, 7)
guard_false(i78, descr=<Guard0x1007c1130>) [p4, p3, i74, i72, i65]
+485: i80 = int_and(i74, 8)
+503: i81 = int_is_true(i80)
guard_false(i81, descr=<Guard0x1007c10c0>) [p4, p3, i76, i74, i72, i65]
+513: i83 = int_rshift(i74, 4)
+524: i85 = strgetitem(p7, 88)
+536: i87 = int_and(i85, 7)
+547: i89 = int_eq(i87, 7)
guard_false(i89, descr=<Guard0x1007c1050>) [p4, p3, i85, i83, i76, i72, i65]
+557: i91 = int_and(i85, 8)
+575: i92 = int_is_true(i91)
guard_false(i92, descr=<Guard0x1007c0fe0>) [p4, p3, i87, i85, i83, i76, i72, i65]
+585: i94 = int_rshift(i85, 4)
+596: i96 = int_eq(i65, 3)
guard_true(i96, descr=<Guard0x1007c0f70>) [p4, p3, i72, i94, i87, i83, i76, None, None]
+606: p98 = getarrayitem_gc(p33, i72, descr=<ArrayP 8>)
+625: p99 = getfield_gc_pure(p98, descr=<FieldP pyrlang.interpreter.datatypes.list.W_ListObject.inst_left 32>)
+629: i101 = int_eq(i76, 3)
guard_true(i101, descr=<Guard0x1007c0f00>) [p4, p3, p98, i83, p99, i94, i87, None, None, None, None]
+639: i102 = getfield_gc(p32, descr=<FieldS list.length 8>)
+643: i103 = int_ge(i83, i102)
guard_false(i103, descr=<Guard0x1007c0e90>) [p4, p3, p98, i102, i83, p99, p31, i94, i87, None, None, None, None]
+700: setarrayitem_gc(p33, i83, p99, descr=<ArrayP 8>)
+705: p104 = getfield_gc_pure(p98, descr=<FieldP pyrlang.interpreter.datatypes.list.W_ListObject.inst_right 40>)
+709: i106 = int_eq(i87, 3)
guard_true(i106, descr=<Guard0x1007c0e20>) [p4, p3, i94, p104, None, None, None, None, None, None]
+719: i107 = int_ge(i94, i102)
guard_false(i107, descr=<Guard0x1007c0d40>) [p4, p3, i102, i94, p104, p31, None, None, None, None, None, None]
+769: setarrayitem_gc(p33, i94, p104, descr=<ArrayP 8>)
debug_merge_point(0, 0, '89 PUT_LIST')
+774: i109 = strgetitem(p7, 90)
+779: i111 = int_and(i109, 7)
+786: i113 = int_eq(i111, 7)
guard_false(i113, descr=<Guard0x1007c0cd0>) [p4, p3, i109, None, None, None, None, None, None]
+796: i115 = int_and(i109, 8)
+803: i116 = int_is_true(i115)
guard_false(i116, descr=<Guard0x1007c0c60>) [p4, p3, i111, i109, None, None, None, None, None, None]
+813: i118 = int_rshift(i109, 4)
+817: i120 = strgetitem(p7, 91)
+822: i122 = int_and(i120, 7)
+833: i124 = int_eq(i122, 7)
guard_false(i124, descr=<Guard0x1007c0bf0>) [p4, p3, i120, i118, i111, None, None, None, None, None, None]
+843: i126 = int_and(i120, 8)
+854: i127 = int_is_true(i126)
guard_false(i127, descr=<Guard0x1007c0b10>) [p4, p3, i122, i120, i118, i111, None, None, None, None, None, None]
+864: i129 = int_rshift(i120, 4)
+875: i131 = strgetitem(p7, 92)
+887: i133 = int_and(i131, 7)
+898: i135 = int_eq(i133, 7)
guard_false(i135, descr=<Guard0x1007c0aa0>) [p4, p3, i131, i129, i122, i118, i111, None, None, None, None, None, None]
+908: i137 = int_and(i131, 8)
+926: i138 = int_is_true(i137)
guard_false(i138, descr=<Guard0x1007c0a30>) [p4, p3, i133, i131, i129, i122, i118, i111, None, None, None, None, None, None]
+936: i140 = int_rshift(i131, 4)
+947: i142 = int_eq(i111, 3)
guard_true(i142, descr=<Guard0x1007c09c0>) [p4, p3, i118, i140, i133, i129, i122, None, None, None, None, None, None, None, None]
+957: p143 = getarrayitem_gc(p33, i118, descr=<ArrayP 8>)
+976: i145 = int_eq(i122, 3)
guard_true(i145, descr=<Guard0x1007c0950>) [p4, p3, p143, i129, i140, i133, None, None, None, None, None, None, None, None, None, None]
+986: p146 = getarrayitem_gc(p33, i129, descr=<ArrayP 8>)
+998: guard_nonnull_class(p143, 4297403192, descr=<Guard0x1007c0560>) [p4, p3, p146, p143, i140, i133, None, None, None, None, None, None, None, None, None, None]
+1017: i149 = int_eq(i133, 3)
guard_true(i149, descr=<Guard0x1007c08e0>) [p4, p3, i140, p146, p143, None, None, None, None, None, None, None, None, None, None, None, None]
+1027: i150 = int_ge(i140, i102)
guard_false(i150, descr=<Guard0x1007c0870>) [p4, p3, i102, i140, p31, p146, p143, None, None, None, None, None, None, None, None, None, None, None, None]
p152 = new_with_vtable(4297403368)
+1133: setfield_gc(p152, p143, descr=<FieldP pyrlang.interpreter.datatypes.list.W_ListObject.inst_left 32>)
+1137: setfield_gc(p152, p146, descr=<FieldP pyrlang.interpreter.datatypes.list.W_ListObject.inst_right 40>)
+1194: setarrayitem_gc(p33, i140, p152, descr=<ArrayP 8>)
debug_merge_point(0, 0, '93 CALL_ONLY')
+1199: i154 = strgetitem(p7, 94)
+1211: i156 = int_and(i154, 7)
+1218: i158 = int_eq(i156, 7)
guard_false(i158, descr=<Guard0x1007c0800>) [i154, p4, p3]
+1228: i160 = int_and(i154, 8)
+1235: i161 = int_is_true(i160)
guard_false(i161, descr=<Guard0x1007c0790>) [p4, p3, i154]
+1245: i163 = int_rshift(i154, 4)
+1245: i165 = strgetitem(p7, 95)
+1250: i167 = int_and(i165, 7)
+1257: i169 = int_eq(i167, 7)
guard_false(i169, descr=<Guard0x1007c0720>) [i165, p4, p3]
+1267: i171 = int_and(i165, 8)
+1274: i172 = int_is_true(i171)
guard_false(i172, descr=<Guard0x1007c06b0>) [p4, p3, i165]
+1284: i174 = int_rshift(i165, 4)
+1288: p175 = getfield_gc_pure(p3, descr=<FieldP pyrlang.rpybeam.beam_code.CodeParser.inst_labelTable 40>)
+1299: i177 = int_sub(i174, 1)
+1303: i179 = int_lt(i177, 0)
guard_false(i179, descr=<Guard0x1007c0640>) [i177, p4, p3, p175]
+1313: p180 = getfield_gc(p175, descr=<FieldP list.items 16>)
+1317: i181 = getarrayitem_gc(p180, i177, descr=<ArrayS 8>)
+1322: guard_value(i181, 79, descr=<Guard0x1007c05d0>) [i36, i181, p39, p31, p4, p3, p38, p37]
debug_merge_point(0, 0, '79 IS_NONEMPTY_LIST')
+1332: p183 = same_as(p31)
+1335: i184 = same_as(i36)
+1338: p185 = same_as(p37)
+1341: p186 = same_as(p38)
+1351: p187 = same_as(p39)
+1361: label(i36, p37, p38, p3, p4, p31, p39, p33, i29, i18, i72, i83, i94, i118, i129, i140, p180, i177, i184, p187, p183, p186, p185, p7, descr=TargetToken(4302374976))
debug_merge_point(0, 0, '79 IS_NONEMPTY_LIST')
+1437: p188 = getarrayitem_gc(p33, i29, descr=<ArrayP 8>)
+1456: guard_nonnull_class(p188, 4297403368, descr=<Guard0x1007c17c0>) [p4, p3, i18, p188]
debug_merge_point(0, 0, '82 TEST_HEAP')
debug_merge_point(0, 0, '85 GET_LIST')
+1475: p189 = getarrayitem_gc(p33, i72, descr=<ArrayP 8>)
+1487: p190 = getfield_gc_pure(p189, descr=<FieldP pyrlang.interpreter.datatypes.list.W_ListObject.inst_left 32>)
+1537: setarrayitem_gc(p33, i83, p190, descr=<ArrayP 8>)
+1542: p191 = getfield_gc_pure(p189, descr=<FieldP pyrlang.interpreter.datatypes.list.W_ListObject.inst_right 40>)
+1592: setarrayitem_gc(p33, i94, p191, descr=<ArrayP 8>)
debug_merge_point(0, 0, '89 PUT_LIST')
+1597: p192 = getarrayitem_gc(p33, i118, descr=<ArrayP 8>)
+1602: p193 = getarrayitem_gc(p33, i129, descr=<ArrayP 8>)
+1607: guard_nonnull_class(p192, 4297403192, descr=<Guard0x1007c18a0>) [p4, p3, p193, p192, i140]
p194 = new_with_vtable(4297403368)
+1711: setfield_gc(p194, p192, descr=<FieldP pyrlang.interpreter.datatypes.list.W_ListObject.inst_left 32>)
+1722: setfield_gc(p194, p193, descr=<FieldP pyrlang.interpreter.datatypes.list.W_ListObject.inst_right 40>)
+1779: setarrayitem_gc(p33, i140, p194, descr=<ArrayP 8>)
debug_merge_point(0, 0, '93 CALL_ONLY')
+1784: i195 = getarrayitem_gc(p180, i177, descr=<ArrayS 8>)
+1796: guard_value(i195, 79, descr=<Guard0x1007c1830>) [i184, i195, p187, p183, p4, p3, p186, p185]
debug_merge_point(0, 0, '79 IS_NONEMPTY_LIST')
+1806: i196 = strlen(p7)
+1806: jump(i184, p185, p186, p3, p4, p183, p187, p33, i29, i18, i72, i83, i94, i118, i129, i140, p180, i177, i184, p187, p183, p186, p185, p7, descr=TargetToken(4302374976))
+1930: --end of the loop--
[7dd30e77db] jit-log-opt-loop}
[7dd399d542] {jit-log-opt-bridge
# bridge out of Guard 0x10075c870 with 329 ops
[p0, p1, i2]
+59: p3 = getfield_gc_pure(p1, descr=<FieldP pyrlang.rpybeam.beam_code.CodeParser.inst_labelTable 40>)
+70: i5 = int_sub(i2, 1)
+81: i7 = int_lt(i5, 0)
guard_false(i7, descr=<Guard0x1014022c0>) [p0, p1, i5, p3]
+91: p8 = getfield_gc(p3, descr=<FieldP list.items 16>)
+95: i9 = getarrayitem_gc(p8, i5, descr=<ArrayS 8>)
+100: i10 = getfield_gc(p0, descr=<FieldS interpreter.interp.BeamRunTime.inst_current_line 16>)
+104: p11 = getfield_gc(p0, descr=<FieldP interpreter.interp.BeamRunTime.inst_atoms 8>)
+108: p12 = getfield_gc(p0, descr=<FieldP interpreter.interp.BeamRunTime.inst_func_list 24>)
+112: p13 = getfield_gc(p0, descr=<FieldP interpreter.interp.BeamRunTime.inst_x_reg 32>)
+116: p14 = getfield_gc(p0, descr=<FieldP interpreter.interp.BeamRunTime.inst_y_reg 40>)
+120: guard_value(i9, 194, descr=<Guard0x101402250>) [i10, i9, p14, p13, p0, p1, p12, p11]
debug_merge_point(0, 0, '194 TEST_HEAP')
+133: p16 = getfield_gc_pure(p1, descr=<FieldP pyrlang.rpybeam.beam_code.CodeParser.inst_str 48>)
+137: i18 = strgetitem(p16, 195)
+145: i20 = int_and(i18, 7)
+152: i22 = int_eq(i20, 7)
guard_false(i22, descr=<Guard0x1014021e0>) [p0, p1, i18]
+162: i24 = int_and(i18, 8)
+169: i25 = int_is_true(i24)
guard_false(i25, descr=<Guard0x101402170>) [p0, p1, i20, i18]
+179: i27 = int_rshift(i18, 4)
+179: i29 = strgetitem(p16, 196)
+187: i31 = int_and(i29, 7)
+194: i33 = int_eq(i31, 7)
guard_false(i33, descr=<Guard0x101402100>) [p0, p1, i29]
+204: i35 = int_and(i29, 8)
+211: i36 = int_is_true(i35)
guard_false(i36, descr=<Guard0x101402090>) [p0, p1, i31, i29]
+221: i38 = int_rshift(i29, 4)
debug_merge_point(0, 0, '197 PUT_LIST')
+221: i40 = strgetitem(p16, 198)
+229: i42 = int_and(i40, 7)
+236: i44 = int_eq(i42, 7)
guard_false(i44, descr=<Guard0x101402020>) [p0, p1, i40]
+246: i46 = int_and(i40, 8)
+253: i47 = int_is_true(i46)
guard_false(i47, descr=<Guard0x1007f3f30>) [p0, p1, i42, i40]
+263: i49 = int_rshift(i40, 4)
+267: i51 = strgetitem(p16, 199)
+275: i53 = int_and(i51, 7)
+286: i55 = int_eq(i53, 7)
guard_false(i55, descr=<Guard0x1007f3ec0>) [p0, p1, i51, i49, i42]
+296: i57 = int_and(i51, 8)
+314: i58 = int_is_true(i57)
guard_false(i58, descr=<Guard0x1007f3e50>) [p0, p1, i53, i51, i49, i42]
+324: i60 = int_rshift(i51, 4)
+335: i62 = strgetitem(p16, 200)
+350: i64 = int_and(i62, 7)
+361: i66 = int_eq(i64, 7)
guard_false(i66, descr=<Guard0x1007f3de0>) [p0, p1, i62, i60, i53, i49, i42]
+371: i68 = int_and(i62, 8)
+389: i69 = int_is_true(i68)
guard_false(i69, descr=<Guard0x1007f3d70>) [p0, p1, i64, i62, i60, i53, i49, i42]
+399: i71 = int_rshift(i62, 4)
+410: i73 = int_eq(i42, 3)
guard_true(i73, descr=<Guard0x1007f3d00>) [p0, p1, i49, i71, i64, i60, i53, None, None]
+420: p75 = getfield_gc(p13, descr=<FieldP interpreter.register.X_Register.inst_regs 8>)
+431: p76 = getfield_gc(p75, descr=<FieldP list.items 16>)
+442: p77 = getarrayitem_gc(p76, i49, descr=<ArrayP 8>)
+454: i79 = int_eq(i53, 3)
guard_true(i79, descr=<Guard0x1007f3c90>) [p0, p1, p77, i60, i71, i64, None, None, None, None]
+464: p80 = getarrayitem_gc(p76, i60, descr=<ArrayP 8>)
+476: guard_nonnull_class(p77, 4297403192, descr=<Guard0x1007f33d0>) [p0, p1, p80, p77, i71, i64, None, None, None, None]
+496: i83 = int_eq(i64, 3)
guard_true(i83, descr=<Guard0x1007f3c20>) [p0, p1, i71, p80, p77, None, None, None, None, None, None]
+506: i84 = getfield_gc(p75, descr=<FieldS list.length 8>)
+510: i85 = int_ge(i71, i84)
guard_false(i85, descr=<Guard0x1007f3bb0>) [p0, p1, i84, i71, p13, p80, p77, None, None, None, None, None, None]
p87 = new_with_vtable(4297403368)
+612: setfield_gc(p87, p77, descr=<FieldP pyrlang.interpreter.datatypes.list.W_ListObject.inst_left 32>)
+616: setfield_gc(p87, p80, descr=<FieldP pyrlang.interpreter.datatypes.list.W_ListObject.inst_right 40>)
+666: setarrayitem_gc(p76, i71, p87, descr=<ArrayP 8>)
debug_merge_point(0, 0, '201 MOVE')
+671: i89 = strgetitem(p16, 202)
+686: i91 = int_and(i89, 7)
+693: i93 = int_eq(i91, 7)
guard_false(i93, descr=<Guard0x1007f3b40>) [p0, p1, i89]
+703: i95 = int_and(i89, 8)
+710: i96 = int_is_true(i95)
guard_false(i96, descr=<Guard0x1007f3ad0>) [p0, p1, i91, i89]
+720: i98 = int_rshift(i89, 4)
+724: i100 = strgetitem(p16, 203)
+732: i102 = int_and(i100, 7)
+739: i104 = int_eq(i102, 7)
guard_false(i104, descr=<Guard0x1007f3a60>) [p0, p1, i100, i91, i98]
+749: i106 = int_and(i100, 8)
+756: i107 = int_is_true(i106)
guard_false(i107, descr=<Guard0x1007f39f0>) [p0, p1, i102, i100, i91, i98]
+766: i109 = int_rshift(i100, 4)
+770: guard_value(i91, 3, descr=<Guard0x1007f3980>) [p0, p1, i98, i91, i109, i102, None, None]
+780: p111 = getarrayitem_gc(p76, i98, descr=<ArrayP 8>)
+785: i113 = int_eq(i102, 3)
guard_true(i113, descr=<Guard0x1007f3910>) [p0, p1, i109, p111, None, None, None, None]
+795: i114 = int_ge(i109, i84)
guard_false(i114, descr=<Guard0x1007f38a0>) [p0, p1, i84, i109, p111, p13, None, None, None, None]
+847: setarrayitem_gc(p76, i109, p111, descr=<ArrayP 8>)
debug_merge_point(0, 0, '204 CALL_ONLY')
+852: i116 = strgetitem(p16, 205)
+860: i118 = int_and(i116, 7)
+867: i120 = int_eq(i118, 7)
guard_false(i120, descr=<Guard0x1007f3830>) [i116, p0, p1, None, None, None, None]
+877: i122 = int_and(i116, 8)
+884: i123 = int_is_true(i122)
guard_false(i123, descr=<Guard0x1007f37c0>) [p0, p1, i116, None, None, None, None]
+894: i125 = int_rshift(i116, 4)
+894: i127 = strgetitem(p16, 206)
+902: i129 = int_and(i127, 7)
+909: i131 = int_eq(i129, 7)
guard_false(i131, descr=<Guard0x1007f3750>) [i127, p0, p1, None, None, None, None]
+919: i133 = int_and(i127, 8)
+926: i134 = int_is_true(i133)
guard_false(i134, descr=<Guard0x1007f36e0>) [p0, p1, i127, None, None, None, None]
+936: i136 = int_rshift(i127, 4)
+940: i138 = int_sub(i136, 1)
+944: i140 = int_lt(i138, 0)
guard_false(i140, descr=<Guard0x1007f3670>) [i138, p0, p1, p3, None, None, None, None]
+954: i141 = getarrayitem_gc(p8, i138, descr=<ArrayS 8>)
+959: guard_value(i141, 156, descr=<Guard0x1007f3590>) [i10, i141, p14, p13, p0, p1, p12, p11, None, None, None, None]
debug_merge_point(0, 0, '156 IS_NONEMPTY_LIST')
+972: i143 = strlen(p16)
+972: i145 = strgetitem(p16, 157)
+980: i147 = int_and(i145, 7)
+987: i149 = int_eq(i147, 7)
guard_false(i149, descr=<Guard0x1007f3520>) [i10, p14, p13, p0, p1, p12, p11, None, None, None, None]
+997: i151 = int_and(i145, 8)
+1004: i153 = int_ge(i151, 1)
guard_true(i153, descr=<Guard0x1007f34b0>) [i10, p14, p13, p0, p1, p12, p11, None, None, None, None]
+1014: i155 = int_and(i145, 16)
+1021: i156 = int_is_true(i155)
guard_false(i156, descr=<Guard0x1007f3440>) [i10, p14, p13, p0, p1, p12, p11, None, None, None, None]
+1031: i158 = strgetitem(p16, 158)
+1039: i160 = int_and(i145, 224)
+1046: i162 = int_lshift(i160, 3)
+1050: i163 = int_or(i162, i158)
+1053: i165 = strgetitem(p16, 159)
+1061: i167 = int_and(i165, 7)
+1068: guard_value(i167, 3, descr=<Guard0x101402330>) [i10, p14, p13, p0, p1, p12, p11, None, None, None, None]
+1078: i170 = int_and(i165, 8)
+1085: i171 = int_is_true(i170)
guard_false(i171, descr=<Guard0x1014024f0>) [i10, p14, p13, p0, p1, p12, p11, None, None, None, None]
+1095: i173 = int_rshift(i165, 4)
+1099: i175 = strgetitem(p16, 161)
+1107: i177 = int_and(i175, 7)
+1114: guard_value(i177, 3, descr=<Guard0x101403d00>) [i10, p14, p13, p0, p1, p12, p11, None, None, None, None]
+1124: i180 = int_and(i175, 8)
+1131: i181 = int_is_true(i180)
guard_false(i181, descr=<Guard0x101403c90>) [i10, p14, p13, p0, p1, p12, p11, None, None, None, None]
+1141: i183 = int_rshift(i175, 4)
+1145: i185 = strgetitem(p16, 162)
+1153: i187 = int_and(i185, 7)
+1160: guard_value(i187, 3, descr=<Guard0x101403c20>) [i10, p14, p13, p0, p1, p12, p11, None, None, None, None]
+1170: i190 = int_and(i185, 8)
+1177: i191 = int_is_true(i190)
guard_false(i191, descr=<Guard0x101403bb0>) [i10, p14, p13, p0, p1, p12, p11, None, None, None, None]
+1187: i193 = int_rshift(i185, 4)
+1191: i195 = strgetitem(p16, 163)
+1199: i197 = int_and(i195, 7)
+1206: guard_value(i197, 3, descr=<Guard0x101403b40>) [i10, p14, p13, p0, p1, p12, p11, None, None, None, None]
+1216: i200 = int_and(i195, 8)
+1223: i201 = int_is_true(i200)
guard_false(i201, descr=<Guard0x101403ad0>) [i10, p14, p13, p0, p1, p12, p11, None, None, None, None]
+1233: i203 = int_rshift(i195, 4)
+1237: i204 = int_ge(i193, i84)
guard_false(i204, descr=<Guard0x101403a60>) [i10, p14, p13, p0, p1, p12, p11, None, None, None, None]
+1250: i205 = int_ge(i203, i84)
guard_false(i205, descr=<Guard0x1014039f0>) [i10, p14, p13, p0, p1, p12, p11, None, None, None, None]
+1263: i207 = strgetitem(p16, 165)
+1271: i209 = int_and(i207, 7)
+1282: i211 = int_eq(i209, 7)
guard_false(i211, descr=<Guard0x101403980>) [i10, p14, p13, p0, p1, p12, p11, None, None, None, None]
+1292: i213 = int_and(i207, 8)
+1303: i214 = int_is_true(i213)
guard_false(i214, descr=<Guard0x101403910>) [i10, p14, p13, p0, p1, p12, p11, None, None, None, None]
+1313: i216 = int_rshift(i207, 4)
+1324: i218 = strgetitem(p16, 166)
+1339: i220 = int_and(i218, 7)
+1350: guard_value(i220, 3, descr=<Guard0x1014038a0>) [i10, p14, p13, p0, p1, p12, p11, None, None, None, None]
+1360: i223 = int_and(i218, 8)
+1371: i224 = int_is_true(i223)
guard_false(i224, descr=<Guard0x101403830>) [i10, p14, p13, p0, p1, p12, p11, None, None, None, None]
+1381: i226 = int_rshift(i218, 4)
+1392: i228 = strgetitem(p16, 168)
+1407: i230 = int_and(i228, 7)
+1418: guard_value(i230, 3, descr=<Guard0x1014037c0>) [i10, p14, p13, p0, p1, p12, p11, None, None, None, None]
+1428: i233 = int_and(i228, 8)
+1439: i234 = int_is_true(i233)
guard_false(i234, descr=<Guard0x101403750>) [i10, p14, p13, p0, p1, p12, p11, None, None, None, None]
+1449: i236 = int_rshift(i228, 4)
+1460: i238 = strgetitem(p16, 169)
+1475: i240 = int_and(i238, 7)
+1486: guard_value(i240, 3, descr=<Guard0x1014036e0>) [i10, p14, p13, p0, p1, p12, p11, None, None, None, None]
+1496: i243 = int_and(i238, 8)
+1507: i244 = int_is_true(i243)
guard_false(i244, descr=<Guard0x101403670>) [i10, p14, p13, p0, p1, p12, p11, None, None, None, None]
+1517: i246 = int_rshift(i238, 4)
+1528: i248 = strgetitem(p16, 170)
+1536: i250 = int_and(i248, 7)
+1547: guard_value(i250, 3, descr=<Guard0x101403600>) [i10, p14, p13, p0, p1, p12, p11, None, None, None, None]
+1557: i253 = int_and(i248, 8)
+1568: i254 = int_is_true(i253)
guard_false(i254, descr=<Guard0x101403590>) [i10, p14, p13, p0, p1, p12, p11, None, None, None, None]
+1578: i256 = int_rshift(i248, 4)
+1589: i257 = int_ge(i246, i84)
guard_false(i257, descr=<Guard0x101403520>) [i10, p14, p13, p0, p1, p12, p11, None, None, None, None]
+1602: i258 = int_ge(i256, i84)
guard_false(i258, descr=<Guard0x1014034b0>) [i10, p14, p13, p0, p1, p12, p11, None, None, None, None]
+1615: i260 = strgetitem(p16, 172)
+1637: i262 = int_and(i260, 7)
+1648: i264 = int_eq(i262, 7)
guard_false(i264, descr=<Guard0x101403440>) [i10, p14, p13, p0, p1, p12, p11, None, None, None, None]
+1658: i266 = int_and(i260, 8)
+1669: i267 = int_is_true(i266)
guard_false(i267, descr=<Guard0x1014033d0>) [i10, p14, p13, p0, p1, p12, p11, None, None, None, None]
+1679: i269 = int_rshift(i260, 4)
+1690: i271 = strgetitem(p16, 173)
+1712: i273 = int_and(i271, 7)
+1723: guard_value(i273, 3, descr=<Guard0x101403360>) [i10, p14, p13, p0, p1, p12, p11, None, None, None, None]
+1733: i276 = int_and(i271, 8)
+1744: i277 = int_is_true(i276)
guard_false(i277, descr=<Guard0x1014032f0>) [i10, p14, p13, p0, p1, p12, p11, None, None, None, None]
+1754: i279 = int_rshift(i271, 4)
+1765: i281 = strgetitem(p16, 174)
+1787: i283 = int_and(i281, 7)
+1798: guard_value(i283, 3, descr=<Guard0x101403280>) [i10, p14, p13, p0, p1, p12, p11, None, None, None, None]
+1808: i286 = int_and(i281, 8)
+1819: i287 = int_is_true(i286)
guard_false(i287, descr=<Guard0x101403210>) [i10, p14, p13, p0, p1, p12, p11, None, None, None, None]
+1829: i289 = int_rshift(i281, 4)
+1840: i291 = strgetitem(p16, 176)
+1862: i293 = int_and(i291, 7)
+1873: i295 = int_eq(i293, 7)
guard_false(i295, descr=<Guard0x1014031a0>) [i10, p14, p13, p0, p1, p12, p11, None, None, None, None]
+1883: i297 = int_and(i291, 8)
+1894: i298 = int_is_true(i297)
guard_false(i298, descr=<Guard0x101403130>) [i10, p14, p13, p0, p1, p12, p11, None, None, None, None]
+1904: i300 = int_rshift(i291, 4)
+1904: i302 = strgetitem(p16, 177)
+1919: i304 = int_and(i302, 7)
+1930: i306 = int_eq(i304, 7)
guard_false(i306, descr=<Guard0x1014030c0>) [i10, p14, p13, p0, p1, p12, p11, None, None, None, None]
+1940: i308 = int_and(i302, 8)
+1951: i309 = int_is_true(i308)
guard_false(i309, descr=<Guard0x101403050>) [i10, p14, p13, p0, p1, p12, p11, None, None, None, None]
+1961: i311 = int_rshift(i302, 4)
+1961: i313 = strgetitem(p16, 179)
+1976: i315 = int_and(i313, 7)
+1987: guard_value(i315, 3, descr=<Guard0x101402fe0>) [i10, p14, p13, p0, p1, p12, p11, None, None, None, None]
+1997: i318 = int_and(i313, 8)
+2008: i319 = int_is_true(i318)
guard_false(i319, descr=<Guard0x101402f70>) [i10, p14, p13, p0, p1, p12, p11, None, None, None, None]
+2018: i321 = int_rshift(i313, 4)
+2029: i323 = strgetitem(p16, 180)
+2051: i325 = int_and(i323, 7)
+2062: guard_value(i325, 3, descr=<Guard0x101402f00>) [i10, p14, p13, p0, p1, p12, p11, None, None, None, None]
+2072: i328 = int_and(i323, 8)
+2083: i329 = int_is_true(i328)
guard_false(i329, descr=<Guard0x101402e90>) [i10, p14, p13, p0, p1, p12, p11, None, None, None, None]
+2093: i331 = int_rshift(i323, 4)
+2104: i333 = strgetitem(p16, 181)
+2126: i335 = int_and(i333, 7)
+2137: guard_value(i335, 3, descr=<Guard0x101402e20>) [i10, p14, p13, p0, p1, p12, p11, None, None, None, None]
+2147: i338 = int_and(i333, 8)
+2158: i339 = int_is_true(i338)
guard_false(i339, descr=<Guard0x101402db0>) [i10, p14, p13, p0, p1, p12, p11, None, None, None, None]
+2168: i341 = int_rshift(i333, 4)
+2179: i342 = int_ge(i341, i84)
guard_false(i342, descr=<Guard0x101402d40>) [i10, p14, p13, p0, p1, p12, p11, None, None, None, None]
+2192: i344 = strgetitem(p16, 183)
+2214: i346 = int_and(i344, 7)
+2225: guard_value(i346, 3, descr=<Guard0x101402cd0>) [i10, p14, p13, p0, p1, p12, p11, None, None, None, None]
+2235: i349 = int_and(i344, 8)
+2246: i350 = int_is_true(i349)
guard_false(i350, descr=<Guard0x101402c60>) [i10, p14, p13, p0, p1, p12, p11, None, None, None, None]
+2256: i352 = int_rshift(i344, 4)
+2267: i354 = strgetitem(p16, 184)
+2289: i356 = int_and(i354, 7)
+2300: guard_value(i356, 3, descr=<Guard0x101402bf0>) [i10, p14, p13, p0, p1, p12, p11, None, None, None, None]
+2310: i359 = int_and(i354, 8)
+2321: i360 = int_is_true(i359)
guard_false(i360, descr=<Guard0x101402b80>) [i10, p14, p13, p0, p1, p12, p11, None, None, None, None]
+2331: i362 = int_rshift(i354, 4)
+2342: i364 = strgetitem(p16, 185)
+2357: i366 = int_and(i364, 7)
+2368: guard_value(i366, 3, descr=<Guard0x101402b10>) [i10, p14, p13, p0, p1, p12, p11, None, None, None, None]
+2378: i369 = int_and(i364, 8)
+2389: i370 = int_is_true(i369)
guard_false(i370, descr=<Guard0x101402aa0>) [i10, p14, p13, p0, p1, p12, p11, None, None, None, None]
+2399: i372 = int_rshift(i364, 4)
+2410: i373 = int_ge(i372, i84)
guard_false(i373, descr=<Guard0x101402a30>) [i10, p14, p13, p0, p1, p12, p11, None, None, None, None]
+2423: i375 = strgetitem(p16, 187)
+2445: i377 = int_and(i375, 7)
+2456: guard_value(i377, 2, descr=<Guard0x1014029c0>) [i10, p14, p13, p0, p1, p12, p11, None, None, None, None]
+2466: i380 = int_and(i375, 8)
+2477: i381 = int_is_true(i380)
guard_false(i381, descr=<Guard0x101402950>) [i10, p14, p13, p0, p1, p12, p11, None, None, None, None]
+2487: i383 = int_rshift(i375, 4)
+2498: i385 = strgetitem(p16, 188)
+2520: i387 = int_and(i385, 7)
+2531: guard_value(i387, 3, descr=<Guard0x1014028e0>) [i10, p14, p13, p0, p1, p12, p11, None, None, None, None]
+2541: i390 = int_and(i385, 8)
+2552: i391 = int_is_true(i390)
guard_false(i391, descr=<Guard0x101402870>) [i10, p14, p13, p0, p1, p12, p11, None, None, None, None]
+2562: i393 = int_rshift(i385, 4)
+2573: i394 = int_is_zero(i383)
guard_false(i394, descr=<Guard0x101402800>) [i10, p14, p13, p0, p1, p12, p11, None, None, None, None]
+2587: i395 = int_ge(i393, i84)
guard_false(i395, descr=<Guard0x101402790>) [i10, p14, p13, p0, p1, p12, p11, None, None, None, None]
+2600: i397 = strgetitem(p16, 190)
+2622: i399 = int_and(i397, 7)
+2633: i401 = int_eq(i399, 7)
guard_false(i401, descr=<Guard0x101402720>) [i10, p14, p13, p0, p1, p12, p11, None, None, None, None]
+2643: i403 = int_and(i397, 8)
+2654: i404 = int_is_true(i403)
guard_false(i404, descr=<Guard0x1014026b0>) [i10, p14, p13, p0, p1, p12, p11, None, None, None, None]
+2664: i406 = int_rshift(i397, 4)
+2664: i408 = strgetitem(p16, 191)
+2679: i410 = int_and(i408, 7)
+2690: i412 = int_eq(i410, 7)
guard_false(i412, descr=<Guard0x101402640>) [i10, p14, p13, p0, p1, p12, p11, None, None, None, None]
+2700: i414 = int_and(i408, 8)
+2711: i415 = int_is_true(i414)
guard_false(i415, descr=<Guard0x1014025d0>) [i10, p14, p13, p0, p1, p12, p11, None, None, None, None]
+2721: i417 = int_rshift(i408, 4)
+2732: i419 = int_ge(i417, 1)
guard_true(i419, descr=<Guard0x101402560>) [i10, p14, p13, p0, p1, p12, p11, None, None, None, None]
+2742: i421 = int_sub(i417, 1)
+2753: jump(i10, p11, p12, p1, p0, p13, p14, p76, i173, i163, i183, i193, i203, i226, i216, i236, i246, i256, i279, i289, i269, i321, i331, i341, i352, i362, i372, i383, i393, p8, i421, i10, p14, p13, p12, p11, p16, descr=TargetToken(4302373056))
+3105: --end of the loop--
[7dd3ac8134] jit-log-opt-bridge}
[7dd457476d] {jit-log-opt-bridge
# bridge out of Guard 0x10077adb0 with 329 ops
[p0, p1, i2]
+59: p3 = getfield_gc_pure(p1, descr=<FieldP pyrlang.rpybeam.beam_code.CodeParser.inst_labelTable 40>)
+70: i5 = int_sub(i2, 1)
+81: i7 = int_lt(i5, 0)
guard_false(i7, descr=<Guard0x10142d280>) [p0, p1, i5, p3]
+91: p8 = getfield_gc(p3, descr=<FieldP list.items 16>)
+95: i9 = getarrayitem_gc(p8, i5, descr=<ArrayS 8>)
+100: i10 = getfield_gc(p0, descr=<FieldS interpreter.interp.BeamRunTime.inst_current_line 16>)
+111: p11 = getfield_gc(p0, descr=<FieldP interpreter.interp.BeamRunTime.inst_atoms 8>)
+115: p12 = getfield_gc(p0, descr=<FieldP interpreter.interp.BeamRunTime.inst_func_list 24>)
+119: p13 = getfield_gc(p0, descr=<FieldP interpreter.interp.BeamRunTime.inst_x_reg 32>)
+123: p14 = getfield_gc(p0, descr=<FieldP interpreter.interp.BeamRunTime.inst_y_reg 40>)
+127: guard_value(i9, 194, descr=<Guard0x10142d210>) [i10, i9, p14, p13, p0, p1, p12, p11]
debug_merge_point(0, 0, '194 TEST_HEAP')
+140: p16 = getfield_gc_pure(p1, descr=<FieldP pyrlang.rpybeam.beam_code.CodeParser.inst_str 48>)
+144: i18 = strgetitem(p16, 195)
+152: i20 = int_and(i18, 7)
+159: i22 = int_eq(i20, 7)
guard_false(i22, descr=<Guard0x10142d130>) [p0, p1, i18]
+169: i24 = int_and(i18, 8)
+176: i25 = int_is_true(i24)
guard_false(i25, descr=<Guard0x10142cfe0>) [p0, p1, i20, i18]
+186: i27 = int_rshift(i18, 4)
+186: i29 = strgetitem(p16, 196)
+194: i31 = int_and(i29, 7)
+201: i33 = int_eq(i31, 7)
guard_false(i33, descr=<Guard0x10142cf00>) [p0, p1, i29]
+211: i35 = int_and(i29, 8)
+218: i36 = int_is_true(i35)
guard_false(i36, descr=<Guard0x10142cdb0>) [p0, p1, i31, i29]
+228: i38 = int_rshift(i29, 4)
debug_merge_point(0, 0, '197 PUT_LIST')
+228: i40 = strgetitem(p16, 198)
+236: i42 = int_and(i40, 7)
+243: i44 = int_eq(i42, 7)
guard_false(i44, descr=<Guard0x10142ccd0>) [p0, p1, i40]
+253: i46 = int_and(i40, 8)
+260: i47 = int_is_true(i46)
guard_false(i47, descr=<Guard0x10142cb80>) [p0, p1, i42, i40]
+270: i49 = int_rshift(i40, 4)
+274: i51 = strgetitem(p16, 199)
+282: i53 = int_and(i51, 7)
+293: i55 = int_eq(i53, 7)
guard_false(i55, descr=<Guard0x10142caa0>) [p0, p1, i51, i42, i49]
+303: i57 = int_and(i51, 8)
+314: i58 = int_is_true(i57)
guard_false(i58, descr=<Guard0x10142c950>) [p0, p1, i53, i51, i42, i49]
+324: i60 = int_rshift(i51, 4)
+335: i62 = strgetitem(p16, 200)
+350: i64 = int_and(i62, 7)
+361: i66 = int_eq(i64, 7)
guard_false(i66, descr=<Guard0x101425830>) [p0, p1, i62, i60, i53, i42, i49]
+371: i68 = int_and(i62, 8)
+382: i69 = int_is_true(i68)
guard_false(i69, descr=<Guard0x10142c790>) [p0, p1, i64, i62, i60, i53, i42, i49]
+392: i71 = int_rshift(i62, 4)
+403: i73 = int_eq(i42, 3)
guard_true(i73, descr=<Guard0x10142c720>) [p0, p1, i49, i71, i64, i60, i53, None, None]
+413: p75 = getfield_gc(p13, descr=<FieldP interpreter.register.X_Register.inst_regs 8>)
+417: p76 = getfield_gc(p75, descr=<FieldP list.items 16>)
+428: p77 = getarrayitem_gc(p76, i49, descr=<ArrayP 8>)
+440: i79 = int_eq(i53, 3)
guard_true(i79, descr=<Guard0x10142c640>) [p0, p1, p77, i60, i71, i64, None, None, None, None]
+450: p80 = getarrayitem_gc(p76, i60, descr=<ArrayP 8>)
+462: guard_nonnull_class(p77, 4297403192, descr=<Guard0x10142c560>) [p0, p1, p80, p77, i71, i64, None, None, None, None]
+481: i83 = int_eq(i64, 3)
guard_true(i83, descr=<Guard0x10142c480>) [p0, p1, i71, p80, p77, None, None, None, None, None, None]
+491: i84 = getfield_gc(p75, descr=<FieldS list.length 8>)
+495: i85 = int_ge(i71, i84)
guard_false(i85, descr=<Guard0x10142c410>) [p0, p1, i84, i71, p13, p80, p77, None, None, None, None, None, None]
p87 = new_with_vtable(4297403368)
+597: setfield_gc(p87, p77, descr=<FieldP pyrlang.interpreter.datatypes.list.W_ListObject.inst_left 32>)
+601: setfield_gc(p87, p80, descr=<FieldP pyrlang.interpreter.datatypes.list.W_ListObject.inst_right 40>)
+651: setarrayitem_gc(p76, i71, p87, descr=<ArrayP 8>)
debug_merge_point(0, 0, '201 MOVE')
+656: i89 = strgetitem(p16, 202)
+664: i91 = int_and(i89, 7)
+671: i93 = int_eq(i91, 7)
guard_false(i93, descr=<Guard0x10142c2c0>) [p0, p1, i89]
+681: i95 = int_and(i89, 8)
+688: i96 = int_is_true(i95)
guard_false(i96, descr=<Guard0x10142c170>) [p0, p1, i91, i89]
+698: i98 = int_rshift(i89, 4)
+702: i100 = strgetitem(p16, 203)
+710: i102 = int_and(i100, 7)
+717: i104 = int_eq(i102, 7)
guard_false(i104, descr=<Guard0x10142c090>) [p0, p1, i100, i98, i91]
+727: i106 = int_and(i100, 8)
+734: i107 = int_is_true(i106)
guard_false(i107, descr=<Guard0x101425ec0>) [p0, p1, i102, i100, i98, i91]
+744: i109 = int_rshift(i100, 4)
+748: guard_value(i91, 3, descr=<Guard0x101425e50>) [p0, p1, i98, i91, i109, i102, None, None]
+758: p111 = getarrayitem_gc(p76, i98, descr=<ArrayP 8>)
+763: i113 = int_eq(i102, 3)
guard_true(i113, descr=<Guard0x101425d70>) [p0, p1, i109, p111, None, None, None, None]
+773: i114 = int_ge(i109, i84)
guard_false(i114, descr=<Guard0x101425d00>) [p0, p1, i84, i109, p111, p13, None, None, None, None]
+821: setarrayitem_gc(p76, i109, p111, descr=<ArrayP 8>)
debug_merge_point(0, 0, '204 CALL_ONLY')
+826: i116 = strgetitem(p16, 205)
+834: i118 = int_and(i116, 7)
+841: i120 = int_eq(i118, 7)
guard_false(i120, descr=<Guard0x101425bb0>) [i116, p0, p1, None, None, None, None]
+851: i122 = int_and(i116, 8)
+858: i123 = int_is_true(i122)
guard_false(i123, descr=<Guard0x101425b40>) [p0, p1, i116, None, None, None, None]
+868: i125 = int_rshift(i116, 4)
+868: i127 = strgetitem(p16, 206)
+876: i129 = int_and(i127, 7)
+883: i131 = int_eq(i129, 7)
guard_false(i131, descr=<Guard0x101425a60>) [i127, p0, p1, None, None, None, None]
+893: i133 = int_and(i127, 8)
+900: i134 = int_is_true(i133)
guard_false(i134, descr=<Guard0x1014259f0>) [p0, p1, i127, None, None, None, None]
+910: i136 = int_rshift(i127, 4)
+914: i138 = int_sub(i136, 1)
+918: i140 = int_lt(i138, 0)
guard_false(i140, descr=<Guard0x101425980>) [i138, p0, p1, p3, None, None, None, None]
+928: i141 = getarrayitem_gc(p8, i138, descr=<ArrayS 8>)
+933: guard_value(i141, 156, descr=<Guard0x101425910>) [i10, i141, p14, p13, p0, p1, p12, p11, None, None, None, None]
debug_merge_point(0, 0, '156 IS_NONEMPTY_LIST')
+946: i143 = strlen(p16)
+946: i145 = strgetitem(p16, 157)
+954: i147 = int_and(i145, 7)
+961: i149 = int_eq(i147, 7)
guard_false(i149, descr=<Guard0x10142d360>) [i10, p14, p13, p0, p1, p12, p11, None, None, None, None]
+971: i151 = int_and(i145, 8)
+978: i153 = int_ge(i151, 1)
guard_true(i153, descr=<Guard0x101450db0>) [i10, p14, p13, p0, p1, p12, p11, None, None, None, None]
+988: i155 = int_and(i145, 16)
+995: i156 = int_is_true(i155)
guard_false(i156, descr=<Guard0x101450d40>) [i10, p14, p13, p0, p1, p12, p11, None, None, None, None]
+1005: i158 = strgetitem(p16, 158)
+1013: i160 = int_and(i145, 224)
+1020: i162 = int_lshift(i160, 3)
+1024: i163 = int_or(i162, i158)
+1027: i165 = strgetitem(p16, 159)
+1035: i167 = int_and(i165, 7)
+1042: guard_value(i167, 3, descr=<Guard0x101450cd0>) [i10, p14, p13, p0, p1, p12, p11, None, None, None, None]
+1052: i170 = int_and(i165, 8)
+1059: i171 = int_is_true(i170)
guard_false(i171, descr=<Guard0x101450c60>) [i10, p14, p13, p0, p1, p12, p11, None, None, None, None]
+1069: i173 = int_rshift(i165, 4)
+1073: i175 = strgetitem(p16, 161)
+1081: i177 = int_and(i175, 7)
+1088: guard_value(i177, 3, descr=<Guard0x101450bf0>) [i10, p14, p13, p0, p1, p12, p11, None, None, None, None]
+1098: i180 = int_and(i175, 8)
+1105: i181 = int_is_true(i180)
guard_false(i181, descr=<Guard0x101450b80>) [i10, p14, p13, p0, p1, p12, p11, None, None, None, None]
+1115: i183 = int_rshift(i175, 4)
+1119: i185 = strgetitem(p16, 162)
+1127: i187 = int_and(i185, 7)
+1134: guard_value(i187, 3, descr=<Guard0x101450b10>) [i10, p14, p13, p0, p1, p12, p11, None, None, None, None]
+1144: i190 = int_and(i185, 8)
+1151: i191 = int_is_true(i190)
guard_false(i191, descr=<Guard0x101450aa0>) [i10, p14, p13, p0, p1, p12, p11, None, None, None, None]
+1161: i193 = int_rshift(i185, 4)
+1165: i195 = strgetitem(p16, 163)
+1173: i197 = int_and(i195, 7)
+1180: guard_value(i197, 3, descr=<Guard0x101450a30>) [i10, p14, p13, p0, p1, p12, p11, None, None, None, None]
+1190: i200 = int_and(i195, 8)
+1197: i201 = int_is_true(i200)
guard_false(i201, descr=<Guard0x1014509c0>) [i10, p14, p13, p0, p1, p12, p11, None, None, None, None]
+1207: i203 = int_rshift(i195, 4)
+1211: i204 = int_ge(i193, i84)
guard_false(i204, descr=<Guard0x101450950>) [i10, p14, p13, p0, p1, p12, p11, None, None, None, None]
+1220: i205 = int_ge(i203, i84)
guard_false(i205, descr=<Guard0x1014508e0>) [i10, p14, p13, p0, p1, p12, p11, None, None, None, None]
+1229: i207 = strgetitem(p16, 165)
+1237: i209 = int_and(i207, 7)
+1244: i211 = int_eq(i209, 7)
guard_false(i211, descr=<Guard0x101450870>) [i10, p14, p13, p0, p1, p12, p11, None, None, None, None]
+1254: i213 = int_and(i207, 8)
+1261: i214 = int_is_true(i213)
guard_false(i214, descr=<Guard0x101450800>) [i10, p14, p13, p0, p1, p12, p11, None, None, None, None]
+1271: i216 = int_rshift(i207, 4)
+1275: i218 = strgetitem(p16, 166)
+1283: i220 = int_and(i218, 7)
+1294: guard_value(i220, 3, descr=<Guard0x101450790>) [i10, p14, p13, p0, p1, p12, p11, None, None, None, None]
+1304: i223 = int_and(i218, 8)
+1315: i224 = int_is_true(i223)
guard_false(i224, descr=<Guard0x101450720>) [i10, p14, p13, p0, p1, p12, p11, None, None, None, None]
+1325: i226 = int_rshift(i218, 4)
+1336: i228 = strgetitem(p16, 168)
+1351: i230 = int_and(i228, 7)
+1362: guard_value(i230, 3, descr=<Guard0x1014506b0>) [i10, p14, p13, p0, p1, p12, p11, None, None, None, None]
+1372: i233 = int_and(i228, 8)
+1383: i234 = int_is_true(i233)
guard_false(i234, descr=<Guard0x101450640>) [i10, p14, p13, p0, p1, p12, p11, None, None, None, None]
+1393: i236 = int_rshift(i228, 4)
+1404: i238 = strgetitem(p16, 169)
+1419: i240 = int_and(i238, 7)
+1430: guard_value(i240, 3, descr=<Guard0x1014505d0>) [i10, p14, p13, p0, p1, p12, p11, None, None, None, None]
+1440: i243 = int_and(i238, 8)
+1451: i244 = int_is_true(i243)
guard_false(i244, descr=<Guard0x101450560>) [i10, p14, p13, p0, p1, p12, p11, None, None, None, None]
+1461: i246 = int_rshift(i238, 4)
+1472: i248 = strgetitem(p16, 170)
+1487: i250 = int_and(i248, 7)
+1498: guard_value(i250, 3, descr=<Guard0x1014504f0>) [i10, p14, p13, p0, p1, p12, p11, None, None, None, None]
+1508: i253 = int_and(i248, 8)
+1519: i254 = int_is_true(i253)
guard_false(i254, descr=<Guard0x101450480>) [i10, p14, p13, p0, p1, p12, p11, None, None, None, None]
+1529: i256 = int_rshift(i248, 4)
+1540: i257 = int_ge(i246, i84)
guard_false(i257, descr=<Guard0x101450410>) [i10, p14, p13, p0, p1, p12, p11, None, None, None, None]
+1553: i258 = int_ge(i256, i84)
guard_false(i258, descr=<Guard0x1014503a0>) [i10, p14, p13, p0, p1, p12, p11, None, None, None, None]
+1562: i260 = strgetitem(p16, 172)
+1577: i262 = int_and(i260, 7)
+1588: i264 = int_eq(i262, 7)
guard_false(i264, descr=<Guard0x101450330>) [i10, p14, p13, p0, p1, p12, p11, None, None, None, None]
+1598: i266 = int_and(i260, 8)
+1609: i267 = int_is_true(i266)
guard_false(i267, descr=<Guard0x1014502c0>) [i10, p14, p13, p0, p1, p12, p11, None, None, None, None]
+1619: i269 = int_rshift(i260, 4)
+1630: i271 = strgetitem(p16, 173)
+1645: i273 = int_and(i271, 7)
+1656: guard_value(i273, 3, descr=<Guard0x101450250>) [i10, p14, p13, p0, p1, p12, p11, None, None, None, None]
+1666: i276 = int_and(i271, 8)
+1677: i277 = int_is_true(i276)
guard_false(i277, descr=<Guard0x1014501e0>) [i10, p14, p13, p0, p1, p12, p11, None, None, None, None]
+1687: i279 = int_rshift(i271, 4)
+1698: i281 = strgetitem(p16, 174)
+1706: i283 = int_and(i281, 7)
+1717: guard_value(i283, 3, descr=<Guard0x101450170>) [i10, p14, p13, p0, p1, p12, p11, None, None, None, None]
+1727: i286 = int_and(i281, 8)
+1738: i287 = int_is_true(i286)
guard_false(i287, descr=<Guard0x101450100>) [i10, p14, p13, p0, p1, p12, p11, None, None, None, None]
+1748: i289 = int_rshift(i281, 4)
+1759: i291 = strgetitem(p16, 176)
+1774: i293 = int_and(i291, 7)
+1785: i295 = int_eq(i293, 7)
guard_false(i295, descr=<Guard0x101450090>) [i10, p14, p13, p0, p1, p12, p11, None, None, None, None]
+1795: i297 = int_and(i291, 8)
+1806: i298 = int_is_true(i297)
guard_false(i298, descr=<Guard0x101450020>) [i10, p14, p13, p0, p1, p12, p11, None, None, None, None]
+1816: i300 = int_rshift(i291, 4)
+1816: i302 = strgetitem(p16, 177)
+1824: i304 = int_and(i302, 7)
+1835: i306 = int_eq(i304, 7)
guard_false(i306, descr=<Guard0x10142df30>) [i10, p14, p13, p0, p1, p12, p11, None, None, None, None]
+1845: i308 = int_and(i302, 8)
+1856: i309 = int_is_true(i308)
guard_false(i309, descr=<Guard0x10142dec0>) [i10, p14, p13, p0, p1, p12, p11, None, None, None, None]
+1866: i311 = int_rshift(i302, 4)
+1866: i313 = strgetitem(p16, 179)
+1874: i315 = int_and(i313, 7)
+1885: guard_value(i315, 3, descr=<Guard0x10142de50>) [i10, p14, p13, p0, p1, p12, p11, None, None, None, None]
+1895: i318 = int_and(i313, 8)
+1906: i319 = int_is_true(i318)
guard_false(i319, descr=<Guard0x10142dde0>) [i10, p14, p13, p0, p1, p12, p11, None, None, None, None]
+1916: i321 = int_rshift(i313, 4)
+1927: i323 = strgetitem(p16, 180)
+1942: i325 = int_and(i323, 7)
+1953: guard_value(i325, 3, descr=<Guard0x10142dd70>) [i10, p14, p13, p0, p1, p12, p11, None, None, None, None]
+1963: i328 = int_and(i323, 8)
+1974: i329 = int_is_true(i328)
guard_false(i329, descr=<Guard0x10142dd00>) [i10, p14, p13, p0, p1, p12, p11, None, None, None, None]
+1984: i331 = int_rshift(i323, 4)
+1995: i333 = strgetitem(p16, 181)
+2010: i335 = int_and(i333, 7)
+2021: guard_value(i335, 3, descr=<Guard0x10142dc90>) [i10, p14, p13, p0, p1, p12, p11, None, None, None, None]
+2031: i338 = int_and(i333, 8)
+2042: i339 = int_is_true(i338)
guard_false(i339, descr=<Guard0x10142dc20>) [i10, p14, p13, p0, p1, p12, p11, None, None, None, None]
+2052: i341 = int_rshift(i333, 4)
+2063: i342 = int_ge(i341, i84)
guard_false(i342, descr=<Guard0x10142dbb0>) [i10, p14, p13, p0, p1, p12, p11, None, None, None, None]
+2072: i344 = strgetitem(p16, 183)
+2087: i346 = int_and(i344, 7)
+2098: guard_value(i346, 3, descr=<Guard0x10142db40>) [i10, p14, p13, p0, p1, p12, p11, None, None, None, None]
+2108: i349 = int_and(i344, 8)
+2119: i350 = int_is_true(i349)
guard_false(i350, descr=<Guard0x10142dad0>) [i10, p14, p13, p0, p1, p12, p11, None, None, None, None]
+2129: i352 = int_rshift(i344, 4)
+2140: i354 = strgetitem(p16, 184)
+2155: i356 = int_and(i354, 7)
+2166: guard_value(i356, 3, descr=<Guard0x10142da60>) [i10, p14, p13, p0, p1, p12, p11, None, None, None, None]
+2176: i359 = int_and(i354, 8)
+2187: i360 = int_is_true(i359)
guard_false(i360, descr=<Guard0x10142d9f0>) [i10, p14, p13, p0, p1, p12, p11, None, None, None, None]
+2197: i362 = int_rshift(i354, 4)
+2208: i364 = strgetitem(p16, 185)
+2223: i366 = int_and(i364, 7)
+2234: guard_value(i366, 3, descr=<Guard0x10142d980>) [i10, p14, p13, p0, p1, p12, p11, None, None, None, None]
+2244: i369 = int_and(i364, 8)
+2255: i370 = int_is_true(i369)
guard_false(i370, descr=<Guard0x10142d910>) [i10, p14, p13, p0, p1, p12, p11, None, None, None, None]
+2265: i372 = int_rshift(i364, 4)
+2276: i373 = int_ge(i372, i84)
guard_false(i373, descr=<Guard0x10142d8a0>) [i10, p14, p13, p0, p1, p12, p11, None, None, None, None]
+2285: i375 = strgetitem(p16, 187)
+2300: i377 = int_and(i375, 7)
+2311: guard_value(i377, 2, descr=<Guard0x10142d830>) [i10, p14, p13, p0, p1, p12, p11, None, None, None, None]
+2321: i380 = int_and(i375, 8)
+2332: i381 = int_is_true(i380)
guard_false(i381, descr=<Guard0x10142d7c0>) [i10, p14, p13, p0, p1, p12, p11, None, None, None, None]
+2342: i383 = int_rshift(i375, 4)
+2353: i385 = strgetitem(p16, 188)
+2368: i387 = int_and(i385, 7)
+2379: guard_value(i387, 3, descr=<Guard0x10142d750>) [i10, p14, p13, p0, p1, p12, p11, None, None, None, None]
+2389: i390 = int_and(i385, 8)
+2400: i391 = int_is_true(i390)
guard_false(i391, descr=<Guard0x10142d6e0>) [i10, p14, p13, p0, p1, p12, p11, None, None, None, None]
+2410: i393 = int_rshift(i385, 4)
+2421: i394 = int_is_zero(i383)
guard_false(i394, descr=<Guard0x10142d670>) [i10, p14, p13, p0, p1, p12, p11, None, None, None, None]
+2431: i395 = int_ge(i393, i84)
guard_false(i395, descr=<Guard0x10142d600>) [i10, p14, p13, p0, p1, p12, p11, None, None, None, None]
+2440: i397 = strgetitem(p16, 190)
+2448: i399 = int_and(i397, 7)
+2459: i401 = int_eq(i399, 7)
guard_false(i401, descr=<Guard0x10142d590>) [i10, p14, p13, p0, p1, p12, p11, None, None, None, None]
+2469: i403 = int_and(i397, 8)
+2480: i404 = int_is_true(i403)
guard_false(i404, descr=<Guard0x10142d520>) [i10, p14, p13, p0, p1, p12, p11, None, None, None, None]
+2490: i406 = int_rshift(i397, 4)
+2490: i408 = strgetitem(p16, 191)
+2498: i410 = int_and(i408, 7)
+2509: i412 = int_eq(i410, 7)
guard_false(i412, descr=<Guard0x10142d4b0>) [i10, p14, p13, p0, p1, p12, p11, None, None, None, None]
+2519: i414 = int_and(i408, 8)
+2530: i415 = int_is_true(i414)
guard_false(i415, descr=<Guard0x10142d440>) [i10, p14, p13, p0, p1, p12, p11, None, None, None, None]
+2540: i417 = int_rshift(i408, 4)
+2551: i419 = int_ge(i417, 1)
guard_true(i419, descr=<Guard0x10142d3d0>) [i10, p14, p13, p0, p1, p12, p11, None, None, None, None]
+2561: i421 = int_sub(i417, 1)
+2572: jump(i10, p11, p12, p1, p0, p13, p14, p76, i173, i163, i183, i193, i203, i226, i216, i236, i246, i256, i279, i289, i269, i321, i331, i341, i352, i362, i372, i383, i393, p8, i421, i10, p14, p13, p12, p11, p16, descr=TargetToken(4302373056))
+2893: --end of the loop--
[7dd46cf370] jit-log-opt-bridge}
[7dd4921e83] {jit-backend-counts
entry 0:581
TargetToken(4302373856):581
TargetToken(4302373056):8377
entry 1:90
TargetToken(4302374896):90
TargetToken(4302374976):8929
bridge 4302686320:184
bridge 4302810544:4317
[7dd4927e09] jit-backend-counts}
