[48bd671f801d] {jit-backend-counts
[48bd67200d6a] jit-backend-counts}
[48bd677d0b0f] {jit-log-opt-loop
# Loop 0 (3 LABEL) : loop with 118 ops
[i0, i1, i2, p3, p4, p5]
+129: p6 = getfield_gc(p4, descr=<FieldP pyrlang.interpreter.register.X_Register.inst_regs 16>)
+140: p8 = getarrayitem_gc(p6, 0, descr=<ArrayP 8>)
+144: p10 = getarrayitem_gc(p6, 1, descr=<ArrayP 8>)
+148: p12 = getarrayitem_gc(p6, 2, descr=<ArrayP 8>)
+152: p14 = getarrayitem_gc(p6, 3, descr=<ArrayP 8>)
+156: p16 = getarrayitem_gc(p6, 4, descr=<ArrayP 8>)
+160: p18 = getarrayitem_gc(p6, 5, descr=<ArrayP 8>)
+164: p20 = getarrayitem_gc(p6, 6, descr=<ArrayP 8>)
+168: p22 = getarrayitem_gc(p6, 7, descr=<ArrayP 8>)
+172: p24 = getarrayitem_gc(p6, 8, descr=<ArrayP 8>)
+176: p26 = getarrayitem_gc(p6, 9, descr=<ArrayP 8>)
+180: p28 = getarrayitem_gc(p6, 10, descr=<ArrayP 8>)
+184: p30 = getarrayitem_gc(p6, 11, descr=<ArrayP 8>)
+195: p32 = getarrayitem_gc(p6, 12, descr=<ArrayP 8>)
+206: p34 = getarrayitem_gc(p6, 13, descr=<ArrayP 8>)
+217: p36 = getarrayitem_gc(p6, 14, descr=<ArrayP 8>)
+231: p38 = getarrayitem_gc(p6, 15, descr=<ArrayP 8>)
+245: label(i0, i1, i2, p3, p4, p5, p8, p10, p12, p14, p16, p18, p20, p22, p24, p26, p28, p30, p32, p34, p36, p38, descr=TargetToken(4318371952))
debug_merge_point(0, 0, '3 LABEL')
+328: p39 = getfield_gc(p3, descr=<FieldP pyrlang.interpreter.interp.Process.inst_y_reg 80>)
debug_merge_point(0, 0, '4 IS_EQ_EXACT')
+339: p40 = getfield_gc(p3, descr=<FieldP pyrlang.interpreter.interp.Process.inst_x_reg 72>)
+343: i41 = ptr_eq(p40, p4)
guard_true(i41, descr=<Guard0x101654020>) [i2, i1, i0, p4, p3, p40, p8, p10, p12, p14, p16, p18, p20, p22, p24, p26, p28, p30, p32, p34, p36, p38]
+352: guard_class(p8, 4297729592, descr=<Guard0x101654b10>) [i2, i1, i0, p4, p3, p8, p10, p12, p14, p16, p18, p20, p22, p24, p26, p28, p30, p32, p34, p36, p38]
+364: i43 = getfield_gc_pure(p8, descr=<FieldS pyrlang.interpreter.datatypes.number.W_IntObject.inst_intval 8>)
+368: i45 = int_eq(i43, 0)
guard_false(i45, descr=<Guard0x101654aa0>) [i2, i1, i0, p4, p3, p8, p10, p12, p14, p16, p18, p20, p22, p24, p26, p28, p30, p32, p34, p36, p38]
debug_merge_point(0, 0, '7 LABEL')
debug_merge_point(0, 0, '8 ALLOCATE_ZERO')
+378: p46 = getfield_gc(p39, descr=<FieldP pyrlang.interpreter.register.Y_Register.inst_regs 8>)
+382: i47 = getfield_gc(p46, descr=<FieldS list.length 8>)
+386: i49 = int_add(i47, 1)
+390: p50 = getfield_gc(p46, descr=<FieldP list.items 16>)
+394: i51 = arraylen_gc(p50, descr=<ArrayP 8>)
+399: i52 = int_lt(i51, i49)
+410: cond_call(i52, ConstClass(_ll_list_resize_hint_really_look_inside_iff__listPtr_Signed_Bool), p46, i49, 1, descr=<Callv 0 rii EF=4>)
+478: guard_no_exception(descr=<Guard0x101654a30>) [i2, i1, i0, p4, p3, i47, p46, i49, p8, p10, p12, p14, p16, p18, p20, p22, p24, p26, p28, p30, p32, p34, p36, p38]
+498: p55 = getfield_gc(p46, descr=<FieldP list.items 16>)
p57 = new_with_vtable(4297729592)
+624: setarrayitem_gc(p55, i47, p57, descr=<ArrayP 8>)
debug_merge_point(0, 0, '9 LINE')
debug_merge_point(0, 0, '10 GC_BIF2')
+629: setfield_gc(p46, i49, descr=<FieldS list.length 8>)
+674: setfield_gc(ConstPtr(ptr58), p3, descr=<FieldP pyrlang.lib.base.BaseBIF.inst_caller 8>)
+687: i60 = int_sub_ovf(i43, 1)
guard_no_overflow(descr=<Guard0x1016549c0>) [i2, i1, i0, p4, p3, i60, p8, p10, p12, p14, p16, p18, p20, p22, p24, p26, p28, p30, p32, p34, p36, p38]
debug_merge_point(0, 0, '11 MOVE')
+697: i62 = int_add(-1, i49)
+750: setarrayitem_gc(p55, i62, p8, descr=<ArrayP 8>)
debug_merge_point(0, 0, '12 MOVE')
debug_merge_point(0, 0, '13 LINE')
debug_merge_point(0, 0, '14 CALL')
+755: i64 = int_add(i49, 1)
+759: i65 = arraylen_gc(p55, descr=<ArrayP 8>)
+764: i66 = int_lt(i65, i64)
+775: cond_call(i66, ConstClass(_ll_list_resize_hint_really_look_inside_iff__listPtr_Signed_Bool), p46, i64, 1, descr=<Callv 0 rii EF=4>)
+843: guard_no_exception(descr=<Guard0x101654950>) [i0, i2, i1, p4, p3, i49, p46, i64, p12, p14, p16, p18, p20, p22, p24, p26, p28, p30, p32, p34, p36, p38, i60]
+863: p69 = getfield_gc(p46, descr=<FieldP list.items 16>)
p71 = new_with_vtable(4297728616)
+946: setfield_gc(p71, ConstPtr(ptr72), descr=<FieldP pyrlang.interpreter.datatypes.inner.W_AddrObject.inst_cp 8>)
+960: setfield_gc(p71, 15, descr=<FieldS pyrlang.interpreter.datatypes.inner.W_AddrObject.inst_pc 16>)
+1011: setarrayitem_gc(p69, i49, p71, descr=<ArrayP 8>)
+1016: i75 = int_sub(i1, 1)
+1027: setfield_gc(p46, i64, descr=<FieldS list.length 8>)
+1031: guard_false(i2, descr=<Guard0x1016548e0>) [i0, i75, p4, p3, p12, p14, p16, p18, p20, p22, p24, p26, p28, p30, p32, p34, p36, p38, i60]
+1047: i77 = int_le(i75, 0)
guard_false(i77, descr=<Guard0x101654870>) [i0, i75, p4, p3, p12, p14, p16, p18, p20, p22, p24, p26, p28, p30, p32, p34, p36, p38, i60]
+1057: i78 = int_eq(15, i0)
guard_true(i78, descr=<Guard0x101654800>) [i0, i75, p4, p3, p12, p14, p16, p18, p20, p22, p24, p26, p28, p30, p32, p34, p36, p38, i60]
debug_merge_point(0, 0, '3 LABEL')
+1071: p79 = same_as(p3)
+1071: p80 = same_as(p39)
+1074: label(i75, p3, p4, p39, i60, p12, p14, p16, p18, p20, p22, p24, p26, p28, p30, p32, p34, p36, p38, i64, p69, p46, p80, descr=TargetToken(4318372032))
debug_merge_point(0, 0, '3 LABEL')
debug_merge_point(0, 0, '4 IS_EQ_EXACT')
+1108: i81 = int_eq(i60, 0)
guard_false(i81, descr=<Guard0x101654790>) [i75, p4, p3, p12, p14, p16, p18, p20, p22, p24, p26, p28, p30, p32, p34, p36, p38, i60]
debug_merge_point(0, 0, '7 LABEL')
debug_merge_point(0, 0, '8 ALLOCATE_ZERO')
+1118: i82 = int_add(i64, 1)
+1122: i83 = arraylen_gc(p69, descr=<ArrayP 8>)
+1127: i84 = int_lt(i83, i82)
+1138: cond_call(i84, ConstClass(_ll_list_resize_hint_really_look_inside_iff__listPtr_Signed_Bool), p46, i82, 1, descr=<Callv 0 rii EF=4>)
+1206: guard_no_exception(descr=<Guard0x101654720>) [i75, p4, p3, i64, p46, i82, p12, p14, p16, p18, p20, p22, p24, p26, p28, p30, p32, p34, p36, p38, i60]
+1226: p85 = getfield_gc(p46, descr=<FieldP list.items 16>)
p86 = new_with_vtable(4297729592)
+1359: setarrayitem_gc(p85, i64, p86, descr=<ArrayP 8>)
debug_merge_point(0, 0, '9 LINE')
debug_merge_point(0, 0, '10 GC_BIF2')
+1364: setfield_gc(p46, i82, descr=<FieldS list.length 8>)
+1409: setfield_gc(ConstPtr(ptr58), p3, descr=<FieldP pyrlang.lib.base.BaseBIF.inst_caller 8>)
+1422: i87 = int_sub_ovf(i60, 1)
guard_no_overflow(descr=<Guard0x1016546b0>) [i75, p4, p3, i87, p12, p14, p16, p18, p20, p22, p24, p26, p28, p30, p32, p34, p36, p38, i60]
debug_merge_point(0, 0, '11 MOVE')
+1435: i88 = int_add(-1, i82)
p90 = new_with_vtable(4297729592)
+1456: setfield_gc(p90, i60, descr=<FieldS pyrlang.interpreter.datatypes.number.W_IntObject.inst_intval 8>)
+1503: setarrayitem_gc(p85, i88, p90, descr=<ArrayP 8>)
debug_merge_point(0, 0, '12 MOVE')
debug_merge_point(0, 0, '13 LINE')
debug_merge_point(0, 0, '14 CALL')
+1508: i91 = int_add(i82, 1)
+1512: i92 = arraylen_gc(p85, descr=<ArrayP 8>)
+1517: i93 = int_lt(i92, i91)
+1528: cond_call(i93, ConstClass(_ll_list_resize_hint_really_look_inside_iff__listPtr_Signed_Bool), p46, i91, 1, descr=<Callv 0 rii EF=4>)
+1588: guard_no_exception(descr=<Guard0x101654640>) [i75, p4, p3, i82, p46, i91, p12, p14, p16, p18, p20, p22, p24, p26, p28, p30, p32, p34, p36, p38, i87]
+1608: p94 = getfield_gc(p46, descr=<FieldP list.items 16>)
p95 = new_with_vtable(4297728616)
+1691: setfield_gc(p95, ConstPtr(ptr72), descr=<FieldP pyrlang.interpreter.datatypes.inner.W_AddrObject.inst_cp 8>)
+1705: setfield_gc(p95, 15, descr=<FieldS pyrlang.interpreter.datatypes.inner.W_AddrObject.inst_pc 16>)
+1756: setarrayitem_gc(p94, i82, p95, descr=<ArrayP 8>)
+1761: i96 = int_sub(i75, 1)
+1772: setfield_gc(p46, i91, descr=<FieldS list.length 8>)
+1776: i97 = int_le(i96, 0)
guard_false(i97, descr=<Guard0x1016545d0>) [i96, p4, p3, p12, p14, p16, p18, p20, p22, p24, p26, p28, p30, p32, p34, p36, p38, i87]
debug_merge_point(0, 0, '3 LABEL')
+1786: jump(i96, p3, p4, p80, i87, p12, p14, p16, p18, p20, p22, p24, p26, p28, p30, p32, p34, p36, p38, i91, p94, p46, p80, descr=TargetToken(4318372032))
+1808: --end of the loop--
[48bd67878eeb] jit-log-opt-loop}
[48bd68441a9b] {jit-log-opt-loop
# Loop 1 (15 TEST_HEAP) : loop with 105 ops
[i0, i1, i2, p3, p4, p5]
+129: p6 = getfield_gc(p4, descr=<FieldP pyrlang.interpreter.register.X_Register.inst_regs 16>)
+140: p8 = getarrayitem_gc(p6, 0, descr=<ArrayP 8>)
+144: p10 = getarrayitem_gc(p6, 1, descr=<ArrayP 8>)
+148: p12 = getarrayitem_gc(p6, 2, descr=<ArrayP 8>)
+152: p14 = getarrayitem_gc(p6, 3, descr=<ArrayP 8>)
+156: p16 = getarrayitem_gc(p6, 4, descr=<ArrayP 8>)
+160: p18 = getarrayitem_gc(p6, 5, descr=<ArrayP 8>)
+164: p20 = getarrayitem_gc(p6, 6, descr=<ArrayP 8>)
+168: p22 = getarrayitem_gc(p6, 7, descr=<ArrayP 8>)
+172: p24 = getarrayitem_gc(p6, 8, descr=<ArrayP 8>)
+176: p26 = getarrayitem_gc(p6, 9, descr=<ArrayP 8>)
+180: p28 = getarrayitem_gc(p6, 10, descr=<ArrayP 8>)
+184: p30 = getarrayitem_gc(p6, 11, descr=<ArrayP 8>)
+195: p32 = getarrayitem_gc(p6, 12, descr=<ArrayP 8>)
+206: p34 = getarrayitem_gc(p6, 13, descr=<ArrayP 8>)
+217: p36 = getarrayitem_gc(p6, 14, descr=<ArrayP 8>)
+231: p38 = getarrayitem_gc(p6, 15, descr=<ArrayP 8>)
+245: label(i0, i1, i2, p3, p4, p5, p8, p10, p12, p14, p16, p18, p20, p22, p24, p26, p28, p30, p32, p34, p36, p38, descr=TargetToken(4318372752))
debug_merge_point(0, 0, '15 TEST_HEAP')
+328: p39 = getfield_gc(p3, descr=<FieldP pyrlang.interpreter.interp.Process.inst_y_reg 80>)
debug_merge_point(0, 0, '16 PUT_LIST')
+339: p40 = getfield_gc(p39, descr=<FieldP pyrlang.interpreter.register.Y_Register.inst_regs 8>)
+343: i41 = getfield_gc(p40, descr=<FieldS list.length 8>)
+347: i43 = int_add(-1, i41)
+357: p44 = getfield_gc(p40, descr=<FieldP list.items 16>)
+361: p45 = getarrayitem_gc(p44, i43, descr=<ArrayP 8>)
+366: p46 = getfield_gc(p3, descr=<FieldP pyrlang.interpreter.interp.Process.inst_x_reg 72>)
+370: i47 = ptr_eq(p46, p4)
guard_true(i47, descr=<Guard0x101654b80>) [i2, i1, i0, p4, p3, p45, p46, p8, p10, p12, p14, p16, p18, p20, p22, p24, p26, p28, p30, p32, p34, p36, p38]
+379: guard_nonnull_class(p45, 4297729592, descr=<Guard0x1016556e0>) [i2, i1, i0, p4, p3, p45, p8, p10, p12, p14, p16, p18, p20, p22, p24, p26, p28, p30, p32, p34, p36, p38]
+399: guard_nonnull_class(p8, 4297729480, descr=<Guard0x101655670>) [i2, i1, i0, p4, p3, p45, p8, p10, p12, p14, p16, p18, p20, p22, p24, p26, p28, p30, p32, p34, p36, p38]
debug_merge_point(0, 0, '17 DEALLOCATE')
+417: i51 = int_sub(i41, 1)
+421: p52 = getarrayitem_gc(p44, i51, descr=<ArrayP 8>)
+421: setarrayitem_gc(p44, i51, ConstPtr(null), descr=<ArrayP 8>)
+430: i54 = arraylen_gc(p44, descr=<ArrayP 8>)
+434: i56 = int_rshift(i54, 1)
+437: i58 = int_sub(i56, 5)
+441: i59 = int_lt(i51, i58)
+452: cond_call(i59, ConstClass(_ll_list_resize_hint_really_look_inside_iff__listPtr_Signed_Bool), p40, i51, 0, descr=<Callv 0 rii EF=4>)
+516: guard_no_exception(descr=<Guard0x101655600>) [i2, i1, i0, p4, p3, i51, p40, p10, p12, p14, p16, p18, p20, p22, p24, p26, p28, p30, p32, p34, p36, p38, p45, p8]
debug_merge_point(0, 0, '18 RETURN')
+536: setfield_gc(p40, i51, descr=<FieldS list.length 8>)
+540: i62 = int_is_zero(i51)
guard_false(i62, descr=<Guard0x101655590>) [i0, i2, i1, p4, p3, p10, p12, p14, p16, p18, p20, p22, p24, p26, p28, p30, p32, p34, p36, p38, p45, p8]
+550: i64 = int_sub(i51, 1)
+554: p65 = getfield_gc(p40, descr=<FieldP list.items 16>)
+558: p66 = getarrayitem_gc(p65, i64, descr=<ArrayP 8>)
+563: setarrayitem_gc(p65, i64, ConstPtr(null), descr=<ArrayP 8>)
+572: i68 = arraylen_gc(p65, descr=<ArrayP 8>)
+576: i70 = int_rshift(i68, 1)
+579: i72 = int_sub(i70, 5)
+583: i73 = int_lt(i64, i72)
+594: cond_call(i73, ConstClass(_ll_list_resize_hint_really_look_inside_iff__listPtr_Signed_Bool), p40, i64, 0, descr=<Callv 0 rii EF=4>)
+659: guard_no_exception(descr=<Guard0x101655520>) [i0, i2, i1, p66, p4, p3, i64, p40, p10, p12, p14, p16, p18, p20, p22, p24, p26, p28, p30, p32, p34, p36, p38, p45, p8]
+679: p76 = getfield_gc_pure(p66, descr=<FieldP pyrlang.interpreter.datatypes.inner.W_AddrObject.inst_cp 8>)
+683: i77 = getfield_gc_pure(p66, descr=<FieldS pyrlang.interpreter.datatypes.inner.W_AddrObject.inst_pc 16>)
+687: setfield_gc(p40, i64, descr=<FieldS list.length 8>)
+691: i79 = int_eq(19, i0)
guard_true(i79, descr=<Guard0x1016554b0>) [i0, i2, i1, i77, p4, p3, p76, p10, p12, p14, p16, p18, p20, p22, p24, p26, p28, p30, p32, p34, p36, p38, p45, p8]
+705: guard_value(i77, 15, descr=<Guard0x101655440>) [i2, i1, i77, p39, p4, p3, p76, p10, p12, p14, p16, p18, p20, p22, p24, p26, p28, p30, p32, p34, p36, p38, p45, p8]
+715: guard_value(p76, ConstPtr(ptr81), descr=<Guard0x1016553d0>) [i2, i1, p39, p4, p3, p76, p10, p12, p14, p16, p18, p20, p22, p24, p26, p28, p30, p32, p34, p36, p38, p45, p8]
debug_merge_point(0, 0, '15 TEST_HEAP')
+734: p82 = same_as(p39)
+737: label(i1, i2, p3, p4, p39, p45, p8, p10, p12, p14, p16, p18, p20, p22, p24, p26, p28, p30, p32, p34, p36, p38, i64, p40, p82, descr=TargetToken(4318372832))
debug_merge_point(0, 0, '15 TEST_HEAP')
debug_merge_point(0, 0, '16 PUT_LIST')
+771: i83 = int_add(-1, i64)
+781: p84 = getfield_gc(p40, descr=<FieldP list.items 16>)
+785: p85 = getarrayitem_gc(p84, i83, descr=<ArrayP 8>)
+790: guard_nonnull_class(p85, 4297729592, descr=<Guard0x101655360>) [i2, i1, p4, p3, p85, p10, p12, p14, p16, p18, p20, p22, p24, p26, p28, p30, p32, p34, p36, p38, p45, p8]
debug_merge_point(0, 0, '17 DEALLOCATE')
+808: i86 = int_sub(i64, 1)
+812: p87 = getarrayitem_gc(p84, i86, descr=<ArrayP 8>)
+812: setarrayitem_gc(p84, i86, ConstPtr(null), descr=<ArrayP 8>)
+821: i88 = arraylen_gc(p84, descr=<ArrayP 8>)
+825: i89 = int_rshift(i88, 1)
+828: i90 = int_sub(i89, 5)
+832: i91 = int_lt(i86, i90)
+843: cond_call(i91, ConstClass(_ll_list_resize_hint_really_look_inside_iff__listPtr_Signed_Bool), p40, i86, 0, descr=<Callv 0 rii EF=4>)
+907: guard_no_exception(descr=<Guard0x1016552f0>) [i2, i1, p4, p3, i86, p40, p10, p12, p14, p16, p18, p20, p22, p24, p26, p28, p30, p32, p34, p36, p38, p85, p45, p8]
debug_merge_point(0, 0, '18 RETURN')
+927: setfield_gc(p40, i86, descr=<FieldS list.length 8>)
+931: i92 = int_is_zero(i86)
guard_false(i92, descr=<Guard0x101655280>) [i2, i1, p4, p3, p10, p12, p14, p16, p18, p20, p22, p24, p26, p28, p30, p32, p34, p36, p38, p85, p45, p8]
+941: i93 = int_sub(i86, 1)
+945: p94 = getfield_gc(p40, descr=<FieldP list.items 16>)
+949: p95 = getarrayitem_gc(p94, i93, descr=<ArrayP 8>)
+954: setarrayitem_gc(p94, i93, ConstPtr(null), descr=<ArrayP 8>)
+963: i96 = arraylen_gc(p94, descr=<ArrayP 8>)
+967: i97 = int_rshift(i96, 1)
+970: i98 = int_sub(i97, 5)
+974: i99 = int_lt(i93, i98)
+985: cond_call(i99, ConstClass(_ll_list_resize_hint_really_look_inside_iff__listPtr_Signed_Bool), p40, i93, 0, descr=<Callv 0 rii EF=4>)
+1050: guard_no_exception(descr=<Guard0x101655210>) [i2, i1, p95, p4, p3, i93, p40, p10, p12, p14, p16, p18, p20, p22, p24, p26, p28, p30, p32, p34, p36, p38, p85, p45, p8]
+1070: p100 = getfield_gc_pure(p95, descr=<FieldP pyrlang.interpreter.datatypes.inner.W_AddrObject.inst_cp 8>)
+1074: i101 = getfield_gc_pure(p95, descr=<FieldS pyrlang.interpreter.datatypes.inner.W_AddrObject.inst_pc 16>)
+1078: setfield_gc(p40, i93, descr=<FieldS list.length 8>)
+1082: guard_value(i101, 15, descr=<Guard0x1016551a0>) [i2, i1, i101, p82, p4, p3, p100, p10, p12, p14, p16, p18, p20, p22, p24, p26, p28, p30, p32, p34, p36, p38, p85, p45, p8]
+1092: guard_value(p100, ConstPtr(ptr81), descr=<Guard0x101655130>) [i2, i1, p82, p4, p3, p100, p10, p12, p14, p16, p18, p20, p22, p24, p26, p28, p30, p32, p34, p36, p38, p85, p45, p8]
debug_merge_point(0, 0, '15 TEST_HEAP')
p103 = new_with_vtable(4297729480)
+1190: setfield_gc(p103, p8, descr=<FieldP pyrlang.interpreter.datatypes.list.W_ListObject.inst_right 16>)
+1194: setfield_gc(p103, p45, descr=<FieldP pyrlang.interpreter.datatypes.list.W_ListObject.inst_left 8>)
+1198: jump(i1, i2, p3, p4, p82, p85, p103, p10, p12, p14, p16, p18, p20, p22, p24, p26, p28, p30, p32, p34, p36, p38, i93, p40, p82, descr=TargetToken(4318372832))
+1223: --end of the loop--
[48bd684d94ea] jit-log-opt-loop}
[48bd6908d00d] {jit-log-opt-loop
# Loop 2 (63 LABEL) : loop with 82 ops
[i0, i1, i2, p3, p4, p5]
+129: p6 = getfield_gc(p4, descr=<FieldP pyrlang.interpreter.register.X_Register.inst_regs 16>)
+140: p8 = getarrayitem_gc(p6, 0, descr=<ArrayP 8>)
+144: p10 = getarrayitem_gc(p6, 1, descr=<ArrayP 8>)
+148: p12 = getarrayitem_gc(p6, 2, descr=<ArrayP 8>)
+152: p14 = getarrayitem_gc(p6, 3, descr=<ArrayP 8>)
+156: p16 = getarrayitem_gc(p6, 4, descr=<ArrayP 8>)
+160: p18 = getarrayitem_gc(p6, 5, descr=<ArrayP 8>)
+164: p20 = getarrayitem_gc(p6, 6, descr=<ArrayP 8>)
+168: p22 = getarrayitem_gc(p6, 7, descr=<ArrayP 8>)
+172: p24 = getarrayitem_gc(p6, 8, descr=<ArrayP 8>)
+176: p26 = getarrayitem_gc(p6, 9, descr=<ArrayP 8>)
+180: p28 = getarrayitem_gc(p6, 10, descr=<ArrayP 8>)
+184: p30 = getarrayitem_gc(p6, 11, descr=<ArrayP 8>)
+195: p32 = getarrayitem_gc(p6, 12, descr=<ArrayP 8>)
+206: p34 = getarrayitem_gc(p6, 13, descr=<ArrayP 8>)
+217: p36 = getarrayitem_gc(p6, 14, descr=<ArrayP 8>)
+231: p38 = getarrayitem_gc(p6, 15, descr=<ArrayP 8>)
+238: label(i0, i1, i2, p3, p4, p5, p8, p10, p12, p14, p16, p18, p20, p22, p24, p26, p28, p30, p32, p34, p36, p38, descr=TargetToken(4318373552))
debug_merge_point(0, 0, '63 LABEL')
+321: p39 = getfield_gc(p3, descr=<FieldP pyrlang.interpreter.interp.Process.inst_y_reg 80>)
debug_merge_point(0, 0, '64 IS_NONEMPTY_LIST')
+332: p40 = getfield_gc(p3, descr=<FieldP pyrlang.interpreter.interp.Process.inst_x_reg 72>)
+336: i41 = ptr_eq(p40, p4)
guard_true(i41, descr=<Guard0x101655750>) [i2, i1, i0, p4, p3, p40, p8, p10, p12, p14, p16, p18, p20, p22, p24, p26, p28, p30, p32, p34, p36, p38]
+349: guard_nonnull_class(p8, 4297729480, descr=<Guard0x101b7c480>) [i2, i1, i0, p4, p3, p8, p10, p12, p14, p16, p18, p20, p22, p24, p26, p28, p30, p32, p34, p36, p38]
debug_merge_point(0, 0, '65 GET_LIST')
+367: p43 = getfield_gc_pure(p8, descr=<FieldP pyrlang.interpreter.datatypes.list.W_ListObject.inst_left 8>)
+371: p44 = getfield_gc_pure(p8, descr=<FieldP pyrlang.interpreter.datatypes.list.W_ListObject.inst_right 16>)
debug_merge_point(0, 0, '66 IS_NONEMPTY_LIST')
+375: guard_nonnull_class(p44, 4297729480, descr=<Guard0x101b7c410>) [i2, i1, i0, p4, p3, p44, p8, p10, p12, p43, p18, p20, p22, p24, p26, p28, p30, p32, p34, p36, p38]
debug_merge_point(0, 0, '67 GET_LIST')
+394: p46 = getfield_gc_pure(p44, descr=<FieldP pyrlang.interpreter.datatypes.list.W_ListObject.inst_left 8>)
+398: p47 = getfield_gc_pure(p44, descr=<FieldP pyrlang.interpreter.datatypes.list.W_ListObject.inst_right 16>)
debug_merge_point(0, 0, '68 IS_LT')
+402: guard_class(p46, 4297729592, descr=<Guard0x101b7c3a0>) [i2, i1, i0, p4, p3, p46, p43, p8, p10, p12, p44, p47, p22, p24, p26, p28, p30, p32, p34, p36, p38]
+416: guard_nonnull_class(p43, 4297729592, descr=<Guard0x101b7c330>) [i2, i1, i0, p4, p3, p43, p46, p8, p10, p12, p44, p47, p22, p24, p26, p28, p30, p32, p34, p36, p38]
+436: i50 = getfield_gc_pure(p46, descr=<FieldS pyrlang.interpreter.datatypes.number.W_IntObject.inst_intval 8>)
+440: i51 = getfield_gc_pure(p43, descr=<FieldS pyrlang.interpreter.datatypes.number.W_IntObject.inst_intval 8>)
+445: i52 = int_lt(i50, i51)
guard_true(i52, descr=<Guard0x101b7c2c0>) [i2, i1, i0, p4, p3, p8, p10, p12, p43, p44, p46, p47, p22, p24, p26, p28, p30, p32, p34, p36, p38]
debug_merge_point(0, 0, '69 TEST_HEAP')
debug_merge_point(0, 0, '70 PUT_LIST')
+454: guard_nonnull_class(p47, 4297729480, descr=<Guard0x101b7c250>) [i2, i1, i0, p4, p3, p43, p47, p8, p10, p12, p44, p46, p22, p24, p26, p28, p30, p32, p34, p36, p38]
debug_merge_point(0, 0, '71 PUT_LIST')
+473: guard_nonnull_class(p10, 4297729480, descr=<Guard0x101b7c1e0>) [i2, i1, i0, p4, p3, p46, p10, p12, p43, p44, p47, p22, p24, p26, p28, p30, p32, p34, p36, p38]
debug_merge_point(0, 0, '72 MOVE')
debug_merge_point(0, 0, '73 CALL_ONLY')
+491: i56 = int_sub(i1, 1)
+502: guard_false(i2, descr=<Guard0x101b7c170>) [i56, i0, p4, p3, p43, p44, p46, p47, p22, p24, p26, p28, p30, p32, p34, p36, p38, p10]
+518: i58 = int_le(i56, 0)
guard_false(i58, descr=<Guard0x101b7c100>) [i56, i0, p4, p3, p43, p44, p46, p47, p22, p24, p26, p28, p30, p32, p34, p36, p38, p10]
debug_merge_point(0, 0, '63 LABEL')
+528: p59 = same_as(p46)
+528: p60 = same_as(p39)
+531: p61 = same_as(p47)
+531: label(i0, i56, p3, p4, p39, p43, p47, p46, p10, p44, p22, p24, p26, p28, p30, p32, p34, p36, p38, i51, p60, descr=TargetToken(4318373632))
debug_merge_point(0, 0, '63 LABEL')
debug_merge_point(0, 0, '64 IS_NONEMPTY_LIST')
debug_merge_point(0, 0, '65 GET_LIST')
debug_merge_point(0, 0, '66 IS_NONEMPTY_LIST')
debug_merge_point(0, 0, '67 GET_LIST')
+572: p62 = getfield_gc_pure(p47, descr=<FieldP pyrlang.interpreter.datatypes.list.W_ListObject.inst_left 8>)
+576: p63 = getfield_gc_pure(p47, descr=<FieldP pyrlang.interpreter.datatypes.list.W_ListObject.inst_right 16>)
debug_merge_point(0, 0, '68 IS_LT')
+580: guard_class(p62, 4297729592, descr=<Guard0x101b7c090>) [i56, i0, p4, p3, p62, p43, p47, p63, p22, p24, p26, p28, p30, p32, p34, p36, p38, p46, p10]
+593: i64 = getfield_gc_pure(p62, descr=<FieldS pyrlang.interpreter.datatypes.number.W_IntObject.inst_intval 8>)
+597: i65 = int_lt(i64, i51)
guard_true(i65, descr=<Guard0x101b7c020>) [i56, i0, p4, p3, p43, p47, p62, p63, p22, p24, p26, p28, p30, p32, p34, p36, p38, p46, p10]
debug_merge_point(0, 0, '69 TEST_HEAP')
debug_merge_point(0, 0, '70 PUT_LIST')
+606: guard_nonnull_class(p63, 4297729480, descr=<Guard0x101655f30>) [i56, i0, p4, p3, p43, p63, p47, p62, p22, p24, p26, p28, p30, p32, p34, p36, p38, p46, p10]
debug_merge_point(0, 0, '71 PUT_LIST')
debug_merge_point(0, 0, '72 MOVE')
debug_merge_point(0, 0, '73 CALL_ONLY')
+625: i66 = int_sub(i56, 1)
+629: i67 = int_le(i66, 0)
guard_false(i67, descr=<Guard0x101655ec0>) [i66, i0, p4, p3, p43, p47, p62, p63, p22, p24, p26, p28, p30, p32, p34, p36, p38, p46, p10]
debug_merge_point(0, 0, '63 LABEL')
p69 = new_with_vtable(4297729480)
+718: setfield_gc(p69, p10, descr=<FieldP pyrlang.interpreter.datatypes.list.W_ListObject.inst_right 16>)
+722: setfield_gc(p69, p46, descr=<FieldP pyrlang.interpreter.datatypes.list.W_ListObject.inst_left 8>)
+726: jump(i0, i66, p3, p4, p60, p43, p63, p62, p69, p47, p22, p24, p26, p28, p30, p32, p34, p36, p38, i51, p60, descr=TargetToken(4318373632))
+764: --end of the loop--
[48bd691042bc] jit-log-opt-loop}
[48bd69517e88] {jit-log-opt-loop
# Loop 3 (28 LABEL) : loop with 58 ops
[i0, i1, i2, p3, p4, p5]
+129: p6 = getfield_gc(p4, descr=<FieldP pyrlang.interpreter.register.X_Register.inst_regs 16>)
+140: p8 = getarrayitem_gc(p6, 0, descr=<ArrayP 8>)
+144: p10 = getarrayitem_gc(p6, 1, descr=<ArrayP 8>)
+148: p12 = getarrayitem_gc(p6, 2, descr=<ArrayP 8>)
+152: p14 = getarrayitem_gc(p6, 3, descr=<ArrayP 8>)
+156: p16 = getarrayitem_gc(p6, 4, descr=<ArrayP 8>)
+160: p18 = getarrayitem_gc(p6, 5, descr=<ArrayP 8>)
+164: p20 = getarrayitem_gc(p6, 6, descr=<ArrayP 8>)
+168: p22 = getarrayitem_gc(p6, 7, descr=<ArrayP 8>)
+172: p24 = getarrayitem_gc(p6, 8, descr=<ArrayP 8>)
+176: p26 = getarrayitem_gc(p6, 9, descr=<ArrayP 8>)
+180: p28 = getarrayitem_gc(p6, 10, descr=<ArrayP 8>)
+184: p30 = getarrayitem_gc(p6, 11, descr=<ArrayP 8>)
+195: p32 = getarrayitem_gc(p6, 12, descr=<ArrayP 8>)
+206: p34 = getarrayitem_gc(p6, 13, descr=<ArrayP 8>)
+217: p36 = getarrayitem_gc(p6, 14, descr=<ArrayP 8>)
+231: p38 = getarrayitem_gc(p6, 15, descr=<ArrayP 8>)
+245: label(i0, i1, i2, p3, p4, p5, p8, p10, p12, p14, p16, p18, p20, p22, p24, p26, p28, p30, p32, p34, p36, p38, descr=TargetToken(4318374112))
debug_merge_point(0, 0, '28 LABEL')
+321: p39 = getfield_gc(p3, descr=<FieldP pyrlang.interpreter.interp.Process.inst_y_reg 80>)
debug_merge_point(0, 0, '29 IS_NONEMPTY_LIST')
+332: p40 = getfield_gc(p3, descr=<FieldP pyrlang.interpreter.interp.Process.inst_x_reg 72>)
+336: i41 = ptr_eq(p40, p4)
guard_true(i41, descr=<Guard0x101b7c4f0>) [i2, i1, i0, p4, p3, p40, p8, p10, p12, p14, p16, p18, p20, p22, p24, p26, p28, p30, p32, p34, p36, p38]
+345: guard_nonnull_class(p8, 4297729480, descr=<Guard0x101b7ccd0>) [i2, i1, i0, p4, p3, p8, p10, p12, p14, p16, p18, p20, p22, p24, p26, p28, p30, p32, p34, p36, p38]
debug_merge_point(0, 0, '30 TEST_HEAP')
debug_merge_point(0, 0, '31 GET_LIST')
+363: p43 = getfield_gc_pure(p8, descr=<FieldP pyrlang.interpreter.datatypes.list.W_ListObject.inst_left 8>)
+367: p44 = getfield_gc_pure(p8, descr=<FieldP pyrlang.interpreter.datatypes.list.W_ListObject.inst_right 16>)
debug_merge_point(0, 0, '32 PUT_LIST')
+371: guard_nonnull_class(p43, 4297729592, descr=<Guard0x101b7cc60>) [i2, i1, i0, p4, p3, p43, p10, p44, p14, p16, p18, p20, p22, p24, p26, p28, p30, p32, p34, p36, p38]
+390: guard_nonnull_class(p10, 4297729480, descr=<Guard0x101b7cbf0>) [i2, i1, i0, p4, p3, p43, p10, p44, p14, p16, p18, p20, p22, p24, p26, p28, p30, p32, p34, p36, p38]
debug_merge_point(0, 0, '33 CALL_ONLY')
+408: i48 = int_sub(i1, 1)
+419: guard_false(i2, descr=<Guard0x101b7cb80>) [i48, i0, p4, p3, p44, p43, p14, p16, p18, p20, p22, p24, p26, p28, p30, p32, p34, p36, p38, p10]
+435: i50 = int_le(i48, 0)
guard_false(i50, descr=<Guard0x101b7cb10>) [i48, i0, p4, p3, p44, p43, p14, p16, p18, p20, p22, p24, p26, p28, p30, p32, p34, p36, p38, p10]
debug_merge_point(0, 0, '28 LABEL')
+445: p51 = same_as(p39)
+448: label(i0, i48, p3, p4, p39, p44, p43, p10, p14, p16, p18, p20, p22, p24, p26, p28, p30, p32, p34, p36, p38, p51, descr=TargetToken(4318374192))
debug_merge_point(0, 0, '28 LABEL')
debug_merge_point(0, 0, '29 IS_NONEMPTY_LIST')
+482: guard_nonnull_class(p44, 4297729480, descr=<Guard0x101b7caa0>) [i48, i0, p4, p3, p44, p43, p14, p16, p18, p20, p22, p24, p26, p28, p30, p32, p34, p36, p38, p10]
debug_merge_point(0, 0, '30 TEST_HEAP')
debug_merge_point(0, 0, '31 GET_LIST')
+501: p52 = getfield_gc_pure(p44, descr=<FieldP pyrlang.interpreter.datatypes.list.W_ListObject.inst_left 8>)
+505: p53 = getfield_gc_pure(p44, descr=<FieldP pyrlang.interpreter.datatypes.list.W_ListObject.inst_right 16>)
debug_merge_point(0, 0, '32 PUT_LIST')
+509: guard_nonnull_class(p52, 4297729592, descr=<Guard0x101b7ca30>) [i48, i0, p4, p3, p52, p53, p14, p16, p18, p20, p22, p24, p26, p28, p30, p32, p34, p36, p38, p43, p10]
debug_merge_point(0, 0, '33 CALL_ONLY')
+528: i54 = int_sub(i48, 1)
+532: i55 = int_le(i54, 0)
guard_false(i55, descr=<Guard0x101b7c9c0>) [i54, i0, p4, p3, p53, p52, p14, p16, p18, p20, p22, p24, p26, p28, p30, p32, p34, p36, p38, p43, p10]
debug_merge_point(0, 0, '28 LABEL')
p57 = new_with_vtable(4297729480)
+621: setfield_gc(p57, p10, descr=<FieldP pyrlang.interpreter.datatypes.list.W_ListObject.inst_right 16>)
+625: setfield_gc(p57, p43, descr=<FieldP pyrlang.interpreter.datatypes.list.W_ListObject.inst_left 8>)
+629: jump(i0, i54, p3, p4, p51, p53, p52, p57, p14, p16, p18, p20, p22, p24, p26, p28, p30, p32, p34, p36, p38, p51, descr=TargetToken(4318374192))
+660: --end of the loop--
[48bd695619d6] jit-log-opt-loop}
[48bd6aa56fcc] {jit-log-opt-bridge
# bridge out of Guard 0x101b7c9c0 with 4 ops
[i0, i1, p2, p3, p4, p5, p6, p7, p8, p9, p10, p11, p12, p13, p14, p15, p16, p17, p18, p19, p20]
+59: p21 = force_token()
+92: setfield_gc(p2, p21, descr=<FieldP pyrlang.interpreter.register.X_Register.vable_token 8>)
+97: guard_not_forced_2(descr=<Guard0x101b7cd40>) [p4, p5, p6, p7, p8, p9, p10, p11, p12, p13, p14, p15, p16, p17, p18, p2, p20, p19]
+139: finish(ConstPtr(ptr22), descr=<DoneWithThisFrameDescrRef object at 0x1002cfa70>)
+245: --end of the loop--
[48bd6aa685d1] jit-log-opt-bridge}
[48bd6ab19c5b] {jit-log-opt-bridge
# bridge out of Guard 0x101655ec0 with 4 ops
[i0, i1, p2, p3, p4, p5, p6, p7, p8, p9, p10, p11, p12, p13, p14, p15, p16, p17, p18]
+59: p19 = force_token()
+91: setfield_gc(p2, p19, descr=<FieldP pyrlang.interpreter.register.X_Register.vable_token 8>)
+95: guard_not_forced_2(descr=<Guard0x101b7ce20>) [p4, p5, p6, p7, p8, p9, p10, p11, p12, p13, p14, p15, p16, p2, p17, p18]
+144: finish(ConstPtr(ptr20), descr=<DoneWithThisFrameDescrRef object at 0x1002cfa70>)
+250: --end of the loop--
[48bd6ab25c3d] jit-log-opt-bridge}
[48bd6b0a4826] {jit-log-opt-bridge
# bridge out of Guard 0x101b7c2c0 with 48 ops
[i0, i1, i2, p3, p4, p5, p6, p7, p8, p9, p10, p11, p12, p13, p14, p15, p16, p17, p18, p19, p20]
+59: p21 = getfield_gc(p4, descr=<FieldP pyrlang.interpreter.interp.Process.inst_y_reg 80>)
debug_merge_point(0, 0, '74 LABEL')
debug_merge_point(0, 0, '75 TEST_HEAP')
debug_merge_point(0, 0, '76 PUT_LIST')
+63: p22 = getfield_gc(p4, descr=<FieldP pyrlang.interpreter.interp.Process.inst_x_reg 72>)
+67: i23 = ptr_eq(p22, p3)
guard_true(i23, descr=<Guard0x101b7cf00>) [i0, i1, i2, p3, p4, p22, p5, p6, p7, p8, p9, p10, p11, p12, p13, p14, p15, p16, p17, p18, p19, p20]
+80: guard_nonnull_class(p8, 4297729592, descr=<Guard0x101b7dd00>) [i0, i1, i2, p3, p4, p8, p6, p5, p7, p9, p10, p11, p12, p13, p14, p15, p16, p17, p18, p19, p20]
+100: guard_nonnull_class(p6, 4297729480, descr=<Guard0x101b7dc90>) [i0, i1, i2, p3, p4, p8, p6, p5, p7, p9, p10, p11, p12, p13, p14, p15, p16, p17, p18, p19, p20]
debug_merge_point(0, 0, '77 MOVE')
debug_merge_point(0, 0, '78 CALL_ONLY')
+118: i27 = int_sub(i1, 1)
+129: guard_false(i0, descr=<Guard0x101b7dc20>) [i27, i2, p3, p4, p9, p7, p8, p10, p11, p12, p13, p14, p15, p16, p17, p18, p19, p20, p6]
+145: i29 = int_le(i27, 0)
guard_false(i29, descr=<Guard0x101b7dbb0>) [i27, i2, p3, p4, p9, p7, p8, p10, p11, p12, p13, p14, p15, p16, p17, p18, p19, p20, p6]
debug_merge_point(0, 0, '63 LABEL')
+155: p30 = same_as(p21)
+158: label(i2, i27, p4, p3, p21, p9, p8, p6, p7, p10, p11, p12, p13, p14, p15, p16, p17, p18, p19, p20, p30, descr=TargetToken(4318374672))
debug_merge_point(0, 0, '64 IS_NONEMPTY_LIST')
+206: guard_nonnull_class(p9, 4297729480, descr=<Guard0x101b7db40>) [i27, i2, p3, p4, p9, p7, p8, p10, p11, p12, p13, p14, p15, p16, p17, p18, p19, p20, p6]
debug_merge_point(0, 0, '65 GET_LIST')
+225: p32 = getfield_gc_pure(p9, descr=<FieldP pyrlang.interpreter.datatypes.list.W_ListObject.inst_left 8>)
+229: p33 = getfield_gc_pure(p9, descr=<FieldP pyrlang.interpreter.datatypes.list.W_ListObject.inst_right 16>)
debug_merge_point(0, 0, '66 IS_NONEMPTY_LIST')
+233: guard_nonnull_class(p33, 4297729480, descr=<Guard0x101b7dad0>) [i27, i2, p3, p4, p33, p9, p7, p32, p10, p11, p12, p13, p14, p15, p16, p17, p18, p19, p20, p8, p6]
debug_merge_point(0, 0, '67 GET_LIST')
+252: p35 = getfield_gc_pure(p33, descr=<FieldP pyrlang.interpreter.datatypes.list.W_ListObject.inst_left 8>)
+256: p36 = getfield_gc_pure(p33, descr=<FieldP pyrlang.interpreter.datatypes.list.W_ListObject.inst_right 16>)
debug_merge_point(0, 0, '68 IS_LT')
+260: guard_class(p35, 4297729592, descr=<Guard0x101b7da60>) [i27, i2, p3, p4, p35, p32, p9, p7, p33, p36, p12, p13, p14, p15, p16, p17, p18, p19, p20, p8, p6]
+274: guard_nonnull_class(p32, 4297729592, descr=<Guard0x101b7d9f0>) [i27, i2, p3, p4, p32, p35, p9, p7, p33, p36, p12, p13, p14, p15, p16, p17, p18, p19, p20, p8, p6]
+293: i39 = getfield_gc_pure(p35, descr=<FieldS pyrlang.interpreter.datatypes.number.W_IntObject.inst_intval 8>)
+297: i40 = getfield_gc_pure(p32, descr=<FieldS pyrlang.interpreter.datatypes.number.W_IntObject.inst_intval 8>)
+301: i41 = int_lt(i39, i40)
guard_false(i41, descr=<Guard0x101b7d980>) [i27, i2, p3, p4, p9, p7, p32, p33, p35, p36, p12, p13, p14, p15, p16, p17, p18, p19, p20, p8, p6]
debug_merge_point(0, 0, '74 LABEL')
debug_merge_point(0, 0, '75 TEST_HEAP')
debug_merge_point(0, 0, '76 PUT_LIST')
debug_merge_point(0, 0, '77 MOVE')
debug_merge_point(0, 0, '78 CALL_ONLY')
+310: i43 = int_sub(i27, 1)
+314: i45 = int_le(i43, 0)
guard_false(i45, descr=<Guard0x101b7d910>) [i43, i2, p3, p4, p33, p7, p32, p35, p36, p12, p13, p14, p15, p16, p17, p18, p19, p20, p8, p6]
debug_merge_point(0, 0, '63 LABEL')
p47 = new_with_vtable(4297729480)
+403: setfield_gc(p47, p6, descr=<FieldP pyrlang.interpreter.datatypes.list.W_ListObject.inst_right 16>)
+407: setfield_gc(p47, p8, descr=<FieldP pyrlang.interpreter.datatypes.list.W_ListObject.inst_left 8>)
+411: jump(i2, i43, p4, p3, p30, p33, p32, p47, p7, p35, p36, p12, p13, p14, p15, p16, p17, p18, p19, p20, p30, descr=TargetToken(4318374672))
+456: --end of the loop--
[48bd6b0fe279] jit-log-opt-bridge}
[48bd770e6dc5] {jit-log-opt-bridge
# bridge out of Guard 0x101b7c480 with 51 ops
[i0, i1, i2, p3, p4, p5, p6, p7, p8, p9, p10, p11, p12, p13, p14, p15, p16, p17, p18, p19, p20]
+59: guard_nonnull_class(p5, ConstClass(W_NilObject), descr=<Guard0x101b7dd70>) [i0, i1, i2, p3, p4, p5, p6, p7, p8, p9, p10, p11, p12, p13, p14, p15, p16, p17, p18, p19, p20]
+77: p22 = getfield_gc(p4, descr=<FieldP pyrlang.interpreter.interp.Process.inst_y_reg 80>)
debug_merge_point(0, 0, '79 LABEL')
debug_merge_point(0, 0, '80 IS_NIL')
+81: p23 = getfield_gc(p4, descr=<FieldP pyrlang.interpreter.interp.Process.inst_x_reg 72>)
+85: i24 = ptr_eq(p23, p3)
guard_true(i24, descr=<Guard0x102ccac60>) [i0, i1, i2, p3, p4, p23, p5, p6, p7, p8, p9, p10, p11, p12, p13, p14, p15, p16, p17, p18, p19, p20]
debug_merge_point(0, 0, '81 IS_ATOM')
+98: guard_nonnull_class(p7, ConstClass(W_AtomObject), descr=<Guard0x102ccabf0>) [i0, i1, i2, p3, p4, p7, p5, p6, p8, p9, p10, p11, p12, p13, p14, p15, p16, p17, p18, p19, p20]
debug_merge_point(0, 0, '82 SELECT_VAL')
+124: p26 = getfield_gc(p7, descr=<FieldP pyrlang.interpreter.datatypes.atom.W_AtomObject.inst_strval 8>)
+128: i29 = call(ConstClass(ll_streq__rpy_stringPtr_rpy_stringPtr), p26, ConstPtr(ptr28), descr=<Calli 1 rr EF=0 OS=24>)
+254: guard_false(i29, descr=<Guard0x102ccab80>) [i0, i1, i2, p3, p4, p7, p5, p6, p8, p9, p10, p11, p12, p13, p14, p15, p16, p17, p18, p19, p20]
+263: i32 = call(ConstClass(ll_streq__rpy_stringPtr_rpy_stringPtr), p26, ConstPtr(ptr31), descr=<Calli 1 rr EF=0 OS=24>)
+358: guard_true(i32, descr=<Guard0x102ccab10>) [i0, i1, i2, p3, p4, p7, p5, p6, p8, p9, p10, p11, p12, p13, p14, p15, p16, p17, p18, p19, p20]
debug_merge_point(0, 0, '86 LABEL')
debug_merge_point(0, 0, '87 ALLOCATE')
debug_merge_point(0, 0, '88 MOVE')
debug_merge_point(0, 0, '89 LINE')
debug_merge_point(0, 0, '90 CALL')
+367: p33 = getfield_gc(p22, descr=<FieldP pyrlang.interpreter.register.Y_Register.inst_regs 8>)
+378: i34 = getfield_gc(p33, descr=<FieldS list.length 8>)
+382: i36 = int_add(i34, 1)
+386: p37 = getfield_gc(p33, descr=<FieldP list.items 16>)
+390: i38 = arraylen_gc(p37, descr=<ArrayP 8>)
+394: i39 = int_lt(i38, i36)
+405: cond_call(i39, ConstClass(_ll_list_resize_hint_really_look_inside_iff__listPtr_Signed_Bool), p33, i36, 1, descr=<Callv 0 rii EF=4>)
+469: guard_no_exception(descr=<Guard0x102ccaaa0>) [i2, i0, i1, p3, p4, i34, p33, i36, p6, p7, p8, p9, p10, p11, p12, p13, p14, p15, p16, p17, p18, p19, p20]
+489: p42 = getfield_gc(p33, descr=<FieldP list.items 16>)
p44 = new_with_vtable(4297728616)
+572: setfield_gc(p44, ConstPtr(ptr45), descr=<FieldP pyrlang.interpreter.datatypes.inner.W_AddrObject.inst_cp 8>)
+586: setfield_gc(p44, 91, descr=<FieldS pyrlang.interpreter.datatypes.inner.W_AddrObject.inst_pc 16>)
+635: setarrayitem_gc(p42, i34, p44, descr=<ArrayP 8>)
+640: i48 = int_sub(i1, 1)
+651: setfield_gc(p33, i36, descr=<FieldS list.length 8>)
+655: guard_false(i0, descr=<Guard0x102ccaa30>) [i2, i48, p3, p4, p6, p7, p8, p9, p10, p11, p12, p13, p14, p15, p16, p17, p18, p19, p20]
+671: i50 = int_le(i48, 0)
guard_false(i50, descr=<Guard0x102cca9c0>) [i2, i48, p3, p4, p6, p7, p8, p9, p10, p11, p12, p13, p14, p15, p16, p17, p18, p19, p20]
+681: i51 = int_eq(91, i2)
guard_false(i51, descr=<Guard0x102cca950>) [i2, i48, p3, p4, p6, p7, p8, p9, p10, p11, p12, p13, p14, p15, p16, p17, p18, p19, p20]
debug_merge_point(0, 0, '22 LABEL')
debug_merge_point(0, 0, '23 MOVE')
debug_merge_point(0, 0, '24 CALL_ONLY')
+695: i53 = int_sub(i48, 1)
+699: i55 = int_le(i53, 0)
guard_false(i55, descr=<Guard0x102cca8e0>) [i53, p3, p4, p6, p7, p8, p9, p10, p11, p12, p13, p14, p15, p16, p17, p18, p19, p20]
debug_merge_point(0, 0, '28 LABEL')
+709: p56 = same_as(p22)
+709: label(i53, p4, p3, p22, p6, p7, p8, p9, p10, p11, p12, p13, p14, p15, p16, p17, p18, p19, p20, descr=TargetToken(4318374992))
p58 = new_with_vtable(ConstClass(W_NilObject))
+808: jump(91, i53, 0, p4, p3, p22, p6, p58, p7, p8, p9, p10, p11, p12, p13, p14, p15, p16, p17, p18, p19, p20, descr=TargetToken(4318374112))
+1006: --end of the loop--
[48bd77150938] jit-log-opt-bridge}
[48bd7763cb92] {jit-log-opt-bridge
# bridge out of Guard 0x101b7caa0 with 43 ops
[i0, i1, p2, p3, p4, p5, p6, p7, p8, p9, p10, p11, p12, p13, p14, p15, p16, p17, p18, p19]
+59: guard_nonnull_class(p4, ConstClass(W_NilObject), descr=<Guard0x102ccacd0>) [i0, i1, p2, p3, p4, p5, p6, p7, p8, p9, p10, p11, p12, p13, p14, p15, p16, p17, p18, p19]
+78: p21 = getfield_gc(p3, descr=<FieldP pyrlang.interpreter.interp.Process.inst_y_reg 80>)
debug_merge_point(0, 0, '34 LABEL')
debug_merge_point(0, 0, '35 IS_NIL')
+89: p22 = getfield_gc(p3, descr=<FieldP pyrlang.interpreter.interp.Process.inst_x_reg 72>)
+93: i23 = ptr_eq(p22, p2)
guard_true(i23, descr=<Guard0x102ccbad0>) [i0, i1, p2, p3, p22, p4, p5, p6, p7, p8, p9, p10, p11, p12, p13, p14, p15, p16, p17, p18, p19]
debug_merge_point(0, 0, '36 MOVE')
debug_merge_point(0, 0, '37 RETURN')
+106: p24 = getfield_gc(p21, descr=<FieldP pyrlang.interpreter.register.Y_Register.inst_regs 8>)
+110: i25 = getfield_gc(p24, descr=<FieldS list.length 8>)
+114: i26 = int_is_zero(i25)
guard_false(i26, descr=<Guard0x102ccba60>) [i1, i0, p2, p3, p5, p6, p7, p8, p9, p10, p11, p12, p13, p14, p15, p16, p17, p18, p19]
+124: i28 = int_sub(i25, 1)
+129: p29 = getfield_gc(p24, descr=<FieldP list.items 16>)
+133: p30 = getarrayitem_gc(p29, i28, descr=<ArrayP 8>)
+138: setarrayitem_gc(p29, i28, ConstPtr(null), descr=<ArrayP 8>)
+147: i32 = arraylen_gc(p29, descr=<ArrayP 8>)
+152: i34 = int_rshift(i32, 1)
+155: i36 = int_sub(i34, 5)
+159: i37 = int_lt(i28, i36)
+170: cond_call(i37, ConstClass(_ll_list_resize_hint_really_look_inside_iff__listPtr_Signed_Bool), p24, i28, 0, descr=<Callv 0 rii EF=4>)
+230: guard_no_exception(descr=<Guard0x102ccb9f0>) [i1, i0, p30, p2, p3, i28, p24, p5, p6, p7, p8, p9, p10, p11, p12, p13, p14, p15, p16, p17, p18, p19]
+250: p40 = getfield_gc_pure(p30, descr=<FieldP pyrlang.interpreter.datatypes.inner.W_AddrObject.inst_cp 8>)
+254: i41 = getfield_gc_pure(p30, descr=<FieldS pyrlang.interpreter.datatypes.inner.W_AddrObject.inst_pc 16>)
+258: setfield_gc(p24, i28, descr=<FieldS list.length 8>)
+262: i43 = int_eq(38, i1)
guard_false(i43, descr=<Guard0x102ccb980>) [i1, i0, i41, p2, p3, p40, p5, p6, p7, p8, p9, p10, p11, p12, p13, p14, p15, p16, p17, p18, p19]
+276: guard_value(i41, 91, descr=<Guard0x102ccb910>) [i0, i41, p21, p2, p3, p40, p5, p6, p7, p8, p9, p10, p11, p12, p13, p14, p15, p16, p17, p18, p19]
+286: guard_value(p40, ConstPtr(ptr45), descr=<Guard0x102ccb8a0>) [i0, p21, p2, p3, p40, p5, p6, p7, p8, p9, p10, p11, p12, p13, p14, p15, p16, p17, p18, p19]
debug_merge_point(0, 0, '91 MOVE')
debug_merge_point(0, 0, '92 MOVE')
debug_merge_point(0, 0, '93 CALL_LAST')
debug_merge_point(0, 0, '63 LABEL')
+305: p46 = same_as(p21)
+305: label(i0, p3, p2, p21, p5, p19, p6, p7, p8, p9, p10, p11, p12, p13, p14, p15, p16, p17, p18, descr=TargetToken(4318375392))
p48 = new_with_vtable(4297729480)
p50 = new_with_vtable(ConstClass(W_NilObject))
p52 = new_with_vtable(ConstClass(W_AtomObject))
+434: setfield_gc(p48, p19, descr=<FieldP pyrlang.interpreter.datatypes.list.W_ListObject.inst_right 16>)
+438: setfield_gc(p48, p5, descr=<FieldP pyrlang.interpreter.datatypes.list.W_ListObject.inst_left 8>)
+442: setfield_gc(p52, ConstPtr(ptr53), descr=<FieldP pyrlang.interpreter.datatypes.atom.W_AtomObject.inst_strval 8>)
+456: jump(38, i0, 0, p3, p2, p21, p48, p50, p52, p6, p7, p8, p9, p10, p11, p12, p13, p14, p15, p16, p17, p18, descr=TargetToken(4318373552))
+652: --end of the loop--
[48bd7767f550] jit-log-opt-bridge}
[48bd77ad4fd8] {jit-log-opt-bridge
# bridge out of Guard 0x101b7c020 with 46 ops
[i0, i1, p2, p3, p4, p5, p6, p7, p8, p9, p10, p11, p12, p13, p14, p15, p16, p17, p18]
+59: p19 = getfield_gc(p3, descr=<FieldP pyrlang.interpreter.interp.Process.inst_y_reg 80>)
debug_merge_point(0, 0, '74 LABEL')
debug_merge_point(0, 0, '75 TEST_HEAP')
debug_merge_point(0, 0, '76 PUT_LIST')
+70: p20 = getfield_gc(p3, descr=<FieldP pyrlang.interpreter.interp.Process.inst_x_reg 72>)
+74: i21 = ptr_eq(p20, p2)
guard_true(i21, descr=<Guard0x102ccbb40>) [i0, i1, p2, p3, p20, p4, p5, p6, p7, p8, p9, p10, p11, p12, p13, p14, p15, p16, p18, p17]
+87: guard_nonnull_class(p4, 4297729592, descr=<Guard0x102ddc790>) [i0, i1, p2, p3, p4, p5, p6, p7, p8, p9, p10, p11, p12, p13, p14, p15, p16, p18, p17]
debug_merge_point(0, 0, '77 MOVE')
debug_merge_point(0, 0, '78 CALL_ONLY')
+113: i24 = int_sub(i0, 1)
+117: i26 = int_le(i24, 0)
guard_false(i26, descr=<Guard0x102ddc720>) [i24, i1, p2, p3, p5, p4, p6, p7, p8, p9, p10, p11, p12, p13, p14, p15, p16, p18, p17]
debug_merge_point(0, 0, '63 LABEL')
+127: p27 = same_as(p19)
+130: label(i1, i24, p3, p2, p19, p5, p4, p17, p18, p6, p7, p8, p9, p10, p11, p12, p13, p14, p15, p16, p27, descr=TargetToken(4318375872))
debug_merge_point(0, 0, '64 IS_NONEMPTY_LIST')
+171: guard_nonnull_class(p5, 4297729480, descr=<Guard0x102ddc6b0>) [i24, i1, p2, p3, p5, p4, p6, p7, p8, p9, p10, p11, p12, p13, p14, p15, p16, p17, p18]
debug_merge_point(0, 0, '65 GET_LIST')
+190: p29 = getfield_gc_pure(p5, descr=<FieldP pyrlang.interpreter.datatypes.list.W_ListObject.inst_left 8>)
+194: p30 = getfield_gc_pure(p5, descr=<FieldP pyrlang.interpreter.datatypes.list.W_ListObject.inst_right 16>)
debug_merge_point(0, 0, '66 IS_NONEMPTY_LIST')
+198: guard_nonnull_class(p30, 4297729480, descr=<Guard0x102ddc640>) [i24, i1, p2, p3, p30, p5, p29, p6, p7, p8, p9, p10, p11, p12, p13, p14, p15, p16, p4, p17, p18]
debug_merge_point(0, 0, '67 GET_LIST')
+217: p32 = getfield_gc_pure(p30, descr=<FieldP pyrlang.interpreter.datatypes.list.W_ListObject.inst_left 8>)
+221: p33 = getfield_gc_pure(p30, descr=<FieldP pyrlang.interpreter.datatypes.list.W_ListObject.inst_right 16>)
debug_merge_point(0, 0, '68 IS_LT')
+225: guard_class(p32, 4297729592, descr=<Guard0x102ddc5d0>) [i24, i1, p2, p3, p32, p29, p5, p30, p33, p8, p9, p10, p11, p12, p13, p14, p15, p16, p4, p17, p18]
+238: guard_nonnull_class(p29, 4297729592, descr=<Guard0x102ddc560>) [i24, i1, p2, p3, p29, p32, p5, p30, p33, p8, p9, p10, p11, p12, p13, p14, p15, p16, p4, p17, p18]
+256: i36 = getfield_gc_pure(p32, descr=<FieldS pyrlang.interpreter.datatypes.number.W_IntObject.inst_intval 8>)
+260: i37 = getfield_gc_pure(p29, descr=<FieldS pyrlang.interpreter.datatypes.number.W_IntObject.inst_intval 8>)
+264: i38 = int_lt(i36, i37)
guard_false(i38, descr=<Guard0x102ddc4f0>) [i24, i1, p2, p3, p5, p29, p30, p32, p33, p8, p9, p10, p11, p12, p13, p14, p15, p16, p4, p17, p18]
debug_merge_point(0, 0, '74 LABEL')
debug_merge_point(0, 0, '75 TEST_HEAP')
debug_merge_point(0, 0, '76 PUT_LIST')
debug_merge_point(0, 0, '77 MOVE')
debug_merge_point(0, 0, '78 CALL_ONLY')
+273: i40 = int_sub(i24, 1)
+277: i42 = int_le(i40, 0)
guard_false(i42, descr=<Guard0x102ddc480>) [i40, i1, p2, p3, p30, p29, p32, p33, p8, p9, p10, p11, p12, p13, p14, p15, p16, p4, p17, p18]
debug_merge_point(0, 0, '63 LABEL')
p44 = new_with_vtable(4297729480)
+366: setfield_gc(p44, p18, descr=<FieldP pyrlang.interpreter.datatypes.list.W_ListObject.inst_right 16>)
+370: setfield_gc(p44, p17, descr=<FieldP pyrlang.interpreter.datatypes.list.W_ListObject.inst_left 8>)
+374: jump(i1, i40, p3, p2, p27, p30, p29, p4, p44, p32, p33, p8, p9, p10, p11, p12, p13, p14, p15, p16, p27, descr=TargetToken(4318375872))
+430: --end of the loop--
[48bd77b16e94] jit-log-opt-bridge}
[48bd77f629e9] {jit-log-opt-bridge
# bridge out of Guard 0x101b7cbf0 with 17 ops
[i0, i1, i2, p3, p4, p5, p6, p7, p8, p9, p10, p11, p12, p13, p14, p15, p16, p17, p18, p19, p20]
+59: guard_nonnull_class(p6, ConstClass(W_NilObject), descr=<Guard0x102ddc800>) [i0, i1, i2, p3, p4, p5, p6, p7, p8, p9, p10, p11, p12, p13, p14, p15, p16, p17, p18, p19, p20]
+77: p22 = getfield_gc(p4, descr=<FieldP pyrlang.interpreter.interp.Process.inst_x_reg 72>)
+81: i23 = ptr_eq(p22, p3)
guard_true(i23, descr=<Guard0x102ddd050>) [i0, i1, i2, p3, p4, p22, p7, p6, p5, p8, p9, p10, p11, p12, p13, p14, p15, p16, p17, p18, p19, p20]
+90: p24 = getfield_gc(p4, descr=<FieldP pyrlang.interpreter.interp.Process.inst_y_reg 80>)
debug_merge_point(0, 0, '33 CALL_ONLY')
+94: i26 = int_sub(i1, 1)
+105: guard_false(i0, descr=<Guard0x102ddcfe0>) [i26, i2, p3, p4, p7, p5, p8, p9, p10, p11, p12, p13, p14, p15, p16, p17, p18, p19, p20, p6]
+121: i28 = int_le(i26, 0)
guard_false(i28, descr=<Guard0x102ddcf70>) [i26, i2, p3, p4, p7, p5, p8, p9, p10, p11, p12, p13, p14, p15, p16, p17, p18, p19, p20, p6]
debug_merge_point(0, 0, '28 LABEL')
+131: p29 = same_as(p24)
+131: label(i2, i26, p4, p3, p24, p7, p5, p6, p8, p9, p10, p11, p12, p13, p14, p15, p16, p17, p18, p19, p20, descr=TargetToken(4318376352))
p31 = new_with_vtable(4297729480)
+258: setfield_gc(p31, p6, descr=<FieldP pyrlang.interpreter.datatypes.list.W_ListObject.inst_right 16>)
+262: setfield_gc(p31, p5, descr=<FieldP pyrlang.interpreter.datatypes.list.W_ListObject.inst_left 8>)
+266: jump(i2, i26, 0, p4, p3, p24, p7, p31, p5, p8, p9, p10, p11, p12, p13, p14, p15, p16, p17, p18, p19, p20, descr=TargetToken(4318374112))
+314: --end of the loop--
[48bd77f8c130] jit-log-opt-bridge}
[48bd84eb8de8] {jit-log-opt-bridge
# bridge out of Guard 0x101b7c1e0 with 23 ops
[i0, i1, i2, p3, p4, p5, p6, p7, p8, p9, p10, p11, p12, p13, p14, p15, p16, p17, p18, p19]
+59: guard_nonnull_class(p6, ConstClass(W_NilObject), descr=<Guard0x102ddd0c0>) [i0, i1, i2, p3, p4, p5, p6, p7, p8, p9, p10, p11, p12, p13, p14, p15, p16, p17, p18, p19]
+77: p21 = getfield_gc(p4, descr=<FieldP pyrlang.interpreter.interp.Process.inst_x_reg 72>)
+81: i22 = ptr_eq(p21, p3)
guard_true(i22, descr=<Guard0x102dddbb0>) [i0, i1, i2, p3, p4, p21, p6, p7, p8, p9, p5, p10, p11, p12, p13, p14, p15, p16, p17, p18, p19]
+94: p23 = getfield_gc(p4, descr=<FieldP pyrlang.interpreter.interp.Process.inst_y_reg 80>)
debug_merge_point(0, 0, '72 MOVE')
debug_merge_point(0, 0, '73 CALL_ONLY')
+98: i25 = int_sub(i1, 1)
+109: guard_false(i0, descr=<Guard0x102dddb40>) [i25, i2, p3, p4, p8, p9, p5, p10, p11, p12, p13, p14, p15, p16, p17, p18, p19, p6]
+125: i27 = int_le(i25, 0)
guard_false(i27, descr=<Guard0x102dddad0>) [i25, i2, p3, p4, p8, p9, p5, p10, p11, p12, p13, p14, p15, p16, p17, p18, p19, p6]
debug_merge_point(0, 0, '63 LABEL')
+135: p28 = same_as(p23)
+135: label(i2, i25, p4, p3, p23, p8, p10, p5, p6, p9, p11, p12, p13, p14, p15, p16, p17, p18, p19, descr=TargetToken(4318376592))
p30 = new_with_vtable(4297729480)
p32 = new_with_vtable(4297729480)
+266: setfield_gc(p30, p10, descr=<FieldP pyrlang.interpreter.datatypes.list.W_ListObject.inst_right 16>)
+270: setfield_gc(p30, p8, descr=<FieldP pyrlang.interpreter.datatypes.list.W_ListObject.inst_left 8>)
p34 = new_with_vtable(ConstClass(W_AtomObject))
+285: setfield_gc(p32, p6, descr=<FieldP pyrlang.interpreter.datatypes.list.W_ListObject.inst_right 16>)
+289: setfield_gc(p32, p5, descr=<FieldP pyrlang.interpreter.datatypes.list.W_ListObject.inst_left 8>)
+293: setfield_gc(p34, ConstPtr(ptr35), descr=<FieldP pyrlang.interpreter.datatypes.atom.W_AtomObject.inst_strval 8>)
+307: jump(i2, i25, 0, p4, p3, p23, p30, p32, p34, p8, p9, p5, p10, p11, p12, p13, p14, p15, p16, p17, p18, p19, descr=TargetToken(4318373552))
+365: --end of the loop--
[48bd84ee293f] jit-log-opt-bridge}
[48bd931d0b9a] {jit-log-opt-bridge
# bridge out of Guard 0x102ddc640 with 27 ops
[i0, i1, p2, p3, p4, p5, p6, p7, p8, p9, p10, p11, p12, p13, p14, p15, p16, p17, p18, p19, p20]
+59: guard_nonnull_class(p4, ConstClass(W_NilObject), descr=<Guard0x102ddc020>) [i0, i1, p2, p3, p4, p5, p6, p7, p8, p9, p10, p11, p12, p13, p14, p15, p16, p17, p20, p19, p18]
+78: p22 = getfield_gc(p3, descr=<FieldP pyrlang.interpreter.interp.Process.inst_y_reg 80>)
debug_merge_point(0, 0, '74 LABEL')
debug_merge_point(0, 0, '75 TEST_HEAP')
debug_merge_point(0, 0, '76 PUT_LIST')
+89: p23 = getfield_gc(p3, descr=<FieldP pyrlang.interpreter.interp.Process.inst_x_reg 72>)
+93: i24 = ptr_eq(p23, p2)
guard_true(i24, descr=<Guard0x102ddc870>) [i0, i1, p2, p3, p23, p5, p6, p4, p7, p8, p9, p10, p11, p12, p13, p14, p15, p16, p17, p20, p19, p18]
+106: guard_nonnull_class(p6, 4297729592, descr=<Guard0x102ddc410>) [i0, i1, p2, p3, p6, p5, p4, p7, p8, p9, p10, p11, p12, p13, p14, p15, p16, p17, p20, p19, p18]
debug_merge_point(0, 0, '77 MOVE')
debug_merge_point(0, 0, '78 CALL_ONLY')
+124: i27 = int_sub(i0, 1)
+128: i29 = int_le(i27, 0)
guard_false(i29, descr=<Guard0x102ddc3a0>) [i27, i1, p2, p3, p4, p6, p7, p8, p9, p10, p11, p12, p13, p14, p15, p16, p17, p20, p19, p18]
debug_merge_point(0, 0, '63 LABEL')
p31 = new_with_vtable(4297729480)
p33 = new_with_vtable(4297729480)
p35 = new_with_vtable(4297729480)
+239: setfield_gc(p35, p20, descr=<FieldP pyrlang.interpreter.datatypes.list.W_ListObject.inst_right 16>)
+243: setfield_gc(p35, p19, descr=<FieldP pyrlang.interpreter.datatypes.list.W_ListObject.inst_left 8>)
+247: setfield_gc(p33, p35, descr=<FieldP pyrlang.interpreter.datatypes.list.W_ListObject.inst_right 16>)
+251: setfield_gc(p33, p18, descr=<FieldP pyrlang.interpreter.datatypes.list.W_ListObject.inst_left 8>)
p37 = new_with_vtable(ConstClass(W_AtomObject))
+274: setfield_gc(p31, p33, descr=<FieldP pyrlang.interpreter.datatypes.list.W_ListObject.inst_right 16>)
+278: setfield_gc(p31, p6, descr=<FieldP pyrlang.interpreter.datatypes.list.W_ListObject.inst_left 8>)
+282: setfield_gc(p37, ConstPtr(ptr38), descr=<FieldP pyrlang.interpreter.datatypes.atom.W_AtomObject.inst_strval 8>)
+296: jump(i1, i27, 0, p3, p2, p22, p4, p31, p37, p6, p4, p7, p8, p9, p10, p11, p12, p13, p14, p15, p16, p17, descr=TargetToken(4318373552))
+396: --end of the loop--
[48bd9321db74] jit-log-opt-bridge}
[48bdab213bea] {jit-log-opt-bridge
# bridge out of Guard 0x101b7dad0 with 22 ops
[i0, i1, p2, p3, p4, p5, p6, p7, p8, p9, p10, p11, p12, p13, p14, p15, p16, p17, p18, p19, p20]
+59: guard_nonnull_class(p4, ConstClass(W_NilObject), descr=<Guard0x102ddc8e0>) [i0, i1, p2, p3, p4, p5, p6, p7, p8, p9, p10, p11, p12, p13, p14, p15, p16, p17, p18, p19, p20]
+78: p22 = getfield_gc(p3, descr=<FieldP pyrlang.interpreter.interp.Process.inst_y_reg 80>)
debug_merge_point(0, 0, '74 LABEL')
debug_merge_point(0, 0, '75 TEST_HEAP')
debug_merge_point(0, 0, '76 PUT_LIST')
+89: p23 = getfield_gc(p3, descr=<FieldP pyrlang.interpreter.interp.Process.inst_x_reg 72>)
+93: i24 = ptr_eq(p23, p2)
guard_true(i24, descr=<Guard0x102ddcd40>) [i0, i1, p2, p3, p23, p5, p6, p7, p4, p8, p9, p10, p11, p12, p13, p14, p15, p16, p17, p18, p19, p20]
+106: guard_nonnull_class(p7, 4297729592, descr=<Guard0x102ddccd0>) [i0, i1, p2, p3, p7, p5, p6, p4, p8, p9, p10, p11, p12, p13, p14, p15, p16, p17, p18, p19, p20]
debug_merge_point(0, 0, '77 MOVE')
debug_merge_point(0, 0, '78 CALL_ONLY')
+125: i27 = int_sub(i0, 1)
+129: i29 = int_le(i27, 0)
guard_false(i29, descr=<Guard0x102ddcc60>) [i27, i1, p2, p3, p4, p6, p7, p8, p9, p10, p11, p12, p13, p14, p15, p16, p17, p18, p19, p20]
debug_merge_point(0, 0, '63 LABEL')
p31 = new_with_vtable(4297729480)
p33 = new_with_vtable(4297729480)
+229: setfield_gc(p33, p20, descr=<FieldP pyrlang.interpreter.datatypes.list.W_ListObject.inst_right 16>)
+233: setfield_gc(p33, p19, descr=<FieldP pyrlang.interpreter.datatypes.list.W_ListObject.inst_left 8>)
+237: setfield_gc(p31, p33, descr=<FieldP pyrlang.interpreter.datatypes.list.W_ListObject.inst_right 16>)
+241: setfield_gc(p31, p7, descr=<FieldP pyrlang.interpreter.datatypes.list.W_ListObject.inst_left 8>)
+245: jump(i1, i27, 0, p3, p2, p22, p4, p31, p6, p7, p4, p8, p9, p10, p11, p12, p13, p14, p15, p16, p17, p18, descr=TargetToken(4318373552))
+338: --end of the loop--
[48bdab23a3a3] jit-log-opt-bridge}
[48bdb4e0c0f9] {jit-log-opt-bridge
# bridge out of Guard 0x102ddc480 with 4 ops
[i0, i1, p2, p3, p4, p5, p6, p7, p8, p9, p10, p11, p12, p13, p14, p15, p16, p17, p18, p19]
+59: p20 = force_token()
+92: setfield_gc(p2, p20, descr=<FieldP pyrlang.interpreter.register.X_Register.vable_token 8>)
+97: guard_not_forced_2(descr=<Guard0x1052d6020>) [p4, p5, p6, p7, p8, p9, p10, p11, p12, p13, p14, p15, p16, p2, p19, p18, p17]
+153: finish(ConstPtr(ptr21), descr=<DoneWithThisFrameDescrRef object at 0x1002cfa70>)
+259: --end of the loop--
[48bdb4e20586] jit-log-opt-bridge}
[48be2c73f803] {jit-log-opt-bridge
# bridge out of Guard 0x101b7d910 with 4 ops
[i0, i1, p2, p3, p4, p5, p6, p7, p8, p9, p10, p11, p12, p13, p14, p15, p16, p17, p18, p19]
+59: p20 = force_token()
+91: setfield_gc(p2, p20, descr=<FieldP pyrlang.interpreter.register.X_Register.vable_token 8>)
+95: guard_not_forced_2(descr=<Guard0x1052d6090>) [p4, p5, p6, p7, p8, p9, p10, p11, p12, p13, p14, p15, p16, p17, p2, p19, p18]
+151: finish(ConstPtr(ptr21), descr=<DoneWithThisFrameDescrRef object at 0x1002cfa70>)
+257: --end of the loop--
[48be2c7539c8] jit-log-opt-bridge}
[48c2148db8c8] {jit-backend-counts
entry 0:41
TargetToken(4318371952):41
TargetToken(4318372032):38896
entry 1:2
TargetToken(4318372752):2
TargetToken(4318372832):38953
entry 2:201506
TargetToken(4318373552):260177
TargetToken(4318373632):199868977
entry 3:200438
TargetToken(4318374112):239977
TargetToken(4318374192):399778976
bridge 4323789248:199780
bridge 4318387904:99779
bridge 4323787456:100179
TargetToken(4318374672):180941105
bridge 4323787904:19790
TargetToken(4318374992):19769
bridge 4323789472:19793
TargetToken(4318375392):19792
bridge 4323786784:19781
TargetToken(4318375872):18948483
bridge 4323789808:19790
TargetToken(4318376352):19770
bridge 4323787232:19585
TargetToken(4318376592):19565
bridge 4343055936:379
bridge 4323793616:18935
bridge 4343055488:18772
bridge 4323793168:80807
[48c21490ae40] jit-backend-counts}
