[37edff5b8622c] {jit-summary
Tracing:      	35	0.039420
Backend:      	35	0.015423
TOTAL:      		13.528825
ops:             	16487
recorded ops:    	7634
  calls:         	0
guards:          	646
opt ops:         	3667
opt guards:      	695
forcings:        	193
abort: trace too long:	0
abort: compiling:	0
abort: vable escape:	0
abort: bad loop: 	0
abort: force quasi-immut:	0
nvirtuals:       	2861
nvholes:         	1167
nvreused:        	1169
Total # of loops:	1
Total # of bridges:	34
Freed # of loops:	0
Freed # of bridges:	0
[37edff5f3e8fe] jit-summary}
