[f02d20164c31a] {jit-backend-counts
[f02d20165c9c7] jit-backend-counts}
[f02d204d5d15e] {jit-log-opt-loop
# Loop 0 (3 label 2) : loop with 110 ops
[i0, i1, i2, p3, p4, p5]
+134: p6 = getfield_gc(p4, descr=<FieldP pyrlang.interpreter.register.X_Register.inst_regs 16>)
+145: p8 = getarrayitem_gc(p6, 0, descr=<ArrayP 8>)
+149: p10 = getarrayitem_gc(p6, 1, descr=<ArrayP 8>)
+153: p12 = getarrayitem_gc(p6, 2, descr=<ArrayP 8>)
+157: p14 = getarrayitem_gc(p6, 3, descr=<ArrayP 8>)
+161: p16 = getarrayitem_gc(p6, 4, descr=<ArrayP 8>)
+165: p18 = getarrayitem_gc(p6, 5, descr=<ArrayP 8>)
+169: p20 = getarrayitem_gc(p6, 6, descr=<ArrayP 8>)
+173: p22 = getarrayitem_gc(p6, 7, descr=<ArrayP 8>)
+177: p24 = getarrayitem_gc(p6, 8, descr=<ArrayP 8>)
+181: p26 = getarrayitem_gc(p6, 9, descr=<ArrayP 8>)
+185: p28 = getarrayitem_gc(p6, 10, descr=<ArrayP 8>)
+189: p30 = getarrayitem_gc(p6, 11, descr=<ArrayP 8>)
+193: p32 = getarrayitem_gc(p6, 12, descr=<ArrayP 8>)
+204: p34 = getarrayitem_gc(p6, 13, descr=<ArrayP 8>)
+215: p36 = getarrayitem_gc(p6, 14, descr=<ArrayP 8>)
+229: p38 = getarrayitem_gc(p6, 15, descr=<ArrayP 8>)
+243: label(i0, i1, i2, p3, p4, p5, p8, p10, p12, p14, p16, p18, p20, p22, p24, p26, p28, p30, p32, p34, p36, p38, descr=TargetToken(4302397472))
debug_merge_point(0, 0, '3 label 2')
+333: p39 = getfield_gc(p3, descr=<FieldP pyrlang.interpreter.interp.Process.inst_y_reg 80>)
debug_merge_point(0, 0, '4 is_integer L4. x(0)')
+344: p40 = getfield_gc(p3, descr=<FieldP pyrlang.interpreter.interp.Process.inst_x_reg 72>)
+348: i41 = ptr_eq(p40, p4)
guard_true(i41, descr=<Guard0x100714180>) [i2, i1, i0, p4, p3, p40, p8, p10, p12, p14, p16, p18, p20, p22, p24, p26, p28, p30, p32, p34, p36, p38]
+361: guard_nonnull_class(p8, ConstClass(W_IntObject), descr=<Guard0x100714910>) [i2, i1, i0, p4, p3, p8, p10, p12, p14, p16, p18, p20, p22, p24, p26, p28, p30, p32, p34, p36, p38]
debug_merge_point(0, 0, '5 select_val x(0). L4. [(#1. L3). (#0. L3)]')
+379: i43 = getfield_gc_pure(p8, descr=<FieldS pyrlang.interpreter.datatypes.number.W_IntObject.inst_intval 8>)
+383: i45 = int_eq(i43, 0)
guard_false(i45, descr=<Guard0x1007148b8>) [i2, i1, i0, p4, p3, p8, p10, p12, p14, p16, p18, p20, p22, p24, p26, p28, p30, p32, p34, p36, p38]
+393: i47 = int_eq(i43, 1)
guard_false(i47, descr=<Guard0x100714860>) [i2, i1, i0, p4, p3, p8, p10, p12, p14, p16, p18, p20, p22, p24, p26, p28, p30, p32, p34, p36, p38]
debug_merge_point(0, 0, '9 label 4')
debug_merge_point(0, 0, '10 allocate_zero 1. 1')
+403: i48 = getfield_gc(p39, descr=<FieldS pyrlang.interpreter.register.Y_Register.inst_val_top 40>)
+407: i50 = int_add(i48, 1)
+411: i51 = getfield_gc(p39, descr=<FieldS pyrlang.interpreter.register.Y_Register.inst_val_size 32>)
+415: setfield_gc(p39, i50, descr=<FieldS pyrlang.interpreter.register.Y_Register.inst_val_top 40>)
+419: i52 = int_ge(i50, i51)
guard_false(i52, descr=<Guard0x100714808>) [i2, i1, i0, p4, p3, i50, i51, p39, p8, p10, p12, p14, p16, p18, p20, p22, p24, p26, p28, p30, p32, p34, p36, p38]
+428: p53 = getfield_gc(p39, descr=<FieldP pyrlang.interpreter.register.Y_Register.inst_vals 48>)
+432: i55 = int_lt(i50, 0)
guard_false(i55, descr=<Guard0x1007147b0>) [i2, i1, i0, p4, p3, i50, p53, p39, p8, p10, p12, p14, p16, p18, p20, p22, p24, p26, p28, p30, p32, p34, p36, p38]
+442: setarrayitem_gc(p53, i50, ConstPtr(ptr56), descr=<ArrayP 8>)
debug_merge_point(0, 0, '11 line 2')
debug_merge_point(0, 0, '12 gc_bif2 L0. 1. 0. x(0). #0. x(1)')
+457: i58 = int_sub_ovf(i43, 1)
guard_no_overflow(descr=<Guard0x100714758>) [i2, i1, i0, p4, p3, i58, p8, p10, p12, p14, p16, p18, p20, p22, p24, p26, p28, p30, p32, p34, p36, p38]
debug_merge_point(0, 0, '13 move x(0). y(0)')
+508: setarrayitem_gc(p53, i50, p8, descr=<ArrayP 8>)
debug_merge_point(0, 0, '14 move x(1). x(0)')
debug_merge_point(0, 0, '15 line 2')
debug_merge_point(0, 0, '16 call 1. L2')
+513: i60 = int_eq(17, i0)
+529: i61 = getfield_gc(p39, descr=<FieldS pyrlang.interpreter.register.Y_Register.inst_addr_top 16>)
+533: i63 = int_add(i61, 1)
+537: i64 = getfield_gc(p39, descr=<FieldS pyrlang.interpreter.register.Y_Register.inst_addr_size 8>)
+541: setfield_gc(p39, i63, descr=<FieldS pyrlang.interpreter.register.Y_Register.inst_addr_top 16>)
+545: i65 = int_ge(i63, i64)
guard_false(i65, descr=<Guard0x100714700>) [i60, i0, i2, i1, p4, p3, i64, p39, p12, p14, p16, p18, p20, p22, p24, p26, p28, p30, p32, p34, p36, p38, i58]
+554: p66 = getfield_gc(p39, descr=<FieldP pyrlang.interpreter.register.Y_Register.inst_addrs 24>)
+558: i68 = int_lt(i63, 0)
guard_false(i68, descr=<Guard0x1007146a8>) [i60, i0, i2, i1, p4, p3, i63, p66, p12, p14, p16, p18, p20, p22, p24, p26, p28, p30, p32, p34, p36, p38, i58]
+611: setarrayitem_gc(p66, i63, ConstPtr(ptr69), descr=<ArrayP 8>)
+626: i71 = int_sub(i1, 1)
+637: guard_false(i2, descr=<Guard0x100714650>) [i60, i0, i71, p4, p3, p12, p14, p16, p18, p20, p22, p24, p26, p28, p30, p32, p34, p36, p38, i58]
+653: i73 = int_le(i71, 0)
guard_false(i73, descr=<Guard0x1007145f8>) [i60, i0, i71, p4, p3, p12, p14, p16, p18, p20, p22, p24, p26, p28, p30, p32, p34, p36, p38, i58]
+663: guard_true(i60, descr=<Guard0x1007145a0>) [i0, i71, p4, p3, p12, p14, p16, p18, p20, p22, p24, p26, p28, p30, p32, p34, p36, p38, i58]
debug_merge_point(0, 0, '3 label 2')
+672: p74 = same_as(p39)
+675: label(i71, p3, p4, p39, i58, p12, p14, p16, p18, p20, p22, p24, p26, p28, p30, p32, p34, p36, p38, i50, p74, i51, p53, i63, i64, p66, descr=TargetToken(4302397544))
debug_merge_point(0, 0, '3 label 2')
debug_merge_point(0, 0, '4 is_integer L4. x(0)')
debug_merge_point(0, 0, '5 select_val x(0). L4. [(#1. L3). (#0. L3)]')
+701: i75 = int_eq(i58, 0)
guard_false(i75, descr=<Guard0x100714548>) [i71, p4, p3, p12, p14, p16, p18, p20, p22, p24, p26, p28, p30, p32, p34, p36, p38, i58]
+711: i76 = int_eq(i58, 1)
guard_false(i76, descr=<Guard0x1007144f0>) [i71, p4, p3, p12, p14, p16, p18, p20, p22, p24, p26, p28, p30, p32, p34, p36, p38, i58]
debug_merge_point(0, 0, '9 label 4')
debug_merge_point(0, 0, '10 allocate_zero 1. 1')
+721: i77 = int_add(i50, 1)
+725: setfield_gc(p74, i77, descr=<FieldS pyrlang.interpreter.register.Y_Register.inst_val_top 40>)
+729: i78 = int_ge(i77, i51)
guard_false(i78, descr=<Guard0x100714498>) [i71, p4, p3, i77, i51, p74, p12, p14, p16, p18, p20, p22, p24, p26, p28, p30, p32, p34, p36, p38, i58]
+738: i79 = int_lt(i77, 0)
guard_false(i79, descr=<Guard0x100714440>) [i71, p4, p3, i77, p53, p74, p12, p14, p16, p18, p20, p22, p24, p26, p28, p30, p32, p34, p36, p38, i58]
+748: setarrayitem_gc(p53, i77, ConstPtr(ptr56), descr=<ArrayP 8>)
debug_merge_point(0, 0, '11 line 2')
debug_merge_point(0, 0, '12 gc_bif2 L0. 1. 0. x(0). #0. x(1)')
+763: i80 = int_sub_ovf(i58, 1)
guard_no_overflow(descr=<Guard0x1007143e8>) [i71, p4, p3, i80, p12, p14, p16, p18, p20, p22, p24, p26, p28, p30, p32, p34, p36, p38, i58]
debug_merge_point(0, 0, '13 move x(0). y(0)')
p82 = new_with_vtable(ConstClass(W_IntObject))
+862: setfield_gc(p82, i58, descr=<FieldS pyrlang.interpreter.datatypes.number.W_IntObject.inst_intval 8>)
+907: setarrayitem_gc(p53, i77, p82, descr=<ArrayP 8>)
debug_merge_point(0, 0, '14 move x(1). x(0)')
debug_merge_point(0, 0, '15 line 2')
debug_merge_point(0, 0, '16 call 1. L2')
+912: i83 = int_add(i63, 1)
+916: setfield_gc(p74, i83, descr=<FieldS pyrlang.interpreter.register.Y_Register.inst_addr_top 16>)
+920: i84 = int_ge(i83, i64)
guard_false(i84, descr=<Guard0x100714390>) [i71, p4, p3, i64, p74, p12, p14, p16, p18, p20, p22, p24, p26, p28, p30, p32, p34, p36, p38, i80]
+929: i85 = int_lt(i83, 0)
guard_false(i85, descr=<Guard0x100714338>) [i71, p4, p3, i83, p66, p12, p14, p16, p18, p20, p22, p24, p26, p28, p30, p32, p34, p36, p38, i80]
+982: setarrayitem_gc(p66, i83, ConstPtr(ptr86), descr=<ArrayP 8>)
+997: i87 = int_sub(i71, 1)
+1001: i88 = int_le(i87, 0)
guard_false(i88, descr=<Guard0x1007142e0>) [i87, p4, p3, p12, p14, p16, p18, p20, p22, p24, p26, p28, p30, p32, p34, p36, p38, i80]
debug_merge_point(0, 0, '3 label 2')
+1011: jump(i87, p3, p4, p74, i80, p12, p14, p16, p18, p20, p22, p24, p26, p28, p30, p32, p34, p36, p38, i77, p74, i51, p53, i83, i64, p66, descr=TargetToken(4302397544))
+1040: --end of the loop--
[f02d204e13309] jit-log-opt-loop}
[f02d2055ad20a] {jit-log-opt-bridge
# bridge out of Guard 0x1007144f0 with 107 ops
[i0, p1, p2, p3, p4, p5, p6, p7, p8, p9, p10, p11, p12, p13, p14, p15, p16, i17]
+59: p18 = getfield_gc(p2, descr=<FieldP pyrlang.interpreter.interp.Process.inst_y_reg 80>)
debug_merge_point(0, 0, '6 label 3')
debug_merge_point(0, 0, '7 move #0. x(0)')
+70: p19 = getfield_gc(p2, descr=<FieldP pyrlang.interpreter.interp.Process.inst_x_reg 72>)
+74: i20 = ptr_eq(p19, p1)
guard_true(i20, descr=<Guard0x100714b20>) [i0, p1, p2, p19, p3, p4, p5, p6, p7, p8, p9, p10, p11, p12, p13, p14, p15, p16, i17]
debug_merge_point(0, 0, '8 return ')
+87: i21 = getfield_gc(p18, descr=<FieldS pyrlang.interpreter.register.Y_Register.inst_addr_top 16>)
+91: i23 = int_eq(i21, -1)
guard_false(i23, descr=<Guard0x100715570>) [i0, p18, p1, p2, p3, p4, p5, p6, p7, p8, p9, p10, p11, p12, p13, p14, p15, p16, i17]
+101: p24 = getfield_gc(p18, descr=<FieldP pyrlang.interpreter.register.Y_Register.inst_addrs 24>)
+105: i26 = int_lt(i21, 0)
guard_false(i26, descr=<Guard0x100715518>) [i21, i0, p18, p24, p1, p2, p3, p4, p5, p6, p7, p8, p9, p10, p11, p12, p13, p14, p15, p16, i17]
+115: p27 = getarrayitem_gc(p24, i21, descr=<ArrayP 8>)
+120: i29 = int_sub(i21, 1)
+124: p30 = getfield_gc_pure(p27, descr=<FieldP tuple2.item0 8>)
+128: i31 = getfield_gc_pure(p27, descr=<FieldS tuple2.item1 16>)
+132: setfield_gc(p18, i29, descr=<FieldS pyrlang.interpreter.register.Y_Register.inst_addr_top 16>)
+136: guard_value(i31, 17, descr=<Guard0x1007154c0>) [i0, i31, p18, p1, p2, p30, p3, p4, p5, p6, p7, p8, p9, p10, p11, p12, p13, p14, p15, p16, i17]
+146: guard_value(p30, ConstPtr(ptr33), descr=<Guard0x100715468>) [i0, p18, p1, p2, p30, p3, p4, p5, p6, p7, p8, p9, p10, p11, p12, p13, p14, p15, p16, i17]
debug_merge_point(0, 0, '17 line 2')
debug_merge_point(0, 0, '18 gc_bif2 L0. 1. 0. y(0). #2. x(1)')
+165: i34 = getfield_gc(p18, descr=<FieldS pyrlang.interpreter.register.Y_Register.inst_val_top 40>)
+169: p35 = getfield_gc(p18, descr=<FieldP pyrlang.interpreter.register.Y_Register.inst_vals 48>)
+173: p36 = getarrayitem_gc(p35, i34, descr=<ArrayP 8>)
+178: guard_class(p36, ConstClass(W_IntObject), descr=<Guard0x100715410>) [i0, p1, p2, p36, p3, p4, p5, p6, p7, p8, p9, p10, p11, p12, p13, p14, p15, p16, i17]
+191: i38 = getfield_gc_pure(p36, descr=<FieldS pyrlang.interpreter.datatypes.number.W_IntObject.inst_intval 8>)
+195: i40 = int_sub_ovf(i38, 2)
guard_no_overflow(descr=<Guard0x1007153b8>) [i0, p1, p2, i40, p36, p3, p4, p5, p6, p7, p8, p9, p10, p11, p12, p13, p14, p15, p16, i17]
debug_merge_point(0, 0, '19 move x(0). y(0)')
+205: i42 = int_lt(i34, 0)
guard_false(i42, descr=<Guard0x100715360>) [i0, p1, p2, i34, p35, p3, p4, p5, p6, p7, p8, p9, p10, p11, p12, p13, p14, p15, p16, i40, None]
+215: setarrayitem_gc(p35, i34, ConstPtr(ptr44), descr=<ArrayP 8>)
debug_merge_point(0, 0, '20 move x(1). x(0)')
debug_merge_point(0, 0, '21 line 2')
debug_merge_point(0, 0, '22 call 1. L2')
+230: i45 = getfield_gc(p18, descr=<FieldS pyrlang.interpreter.register.Y_Register.inst_addr_size 8>)
+234: setfield_gc(p18, i21, descr=<FieldS pyrlang.interpreter.register.Y_Register.inst_addr_top 16>)
+238: i46 = int_ge(i21, i45)
guard_false(i46, descr=<Guard0x100715308>) [i0, p1, p2, i45, p18, p3, p4, p5, p6, p7, p8, p9, p10, p11, p12, p13, p14, p15, p16, i40, None]
+290: setarrayitem_gc(p24, i21, ConstPtr(ptr47), descr=<ArrayP 8>)
+305: i49 = int_sub(i0, 1)
+309: i51 = int_le(i49, 0)
guard_false(i51, descr=<Guard0x1007152b0>) [i49, p1, p2, p3, p4, p5, p6, p7, p8, p9, p10, p11, p12, p13, p14, p15, p16, i40]
debug_merge_point(0, 0, '3 label 2')
+319: p52 = same_as(p18)
+322: label(i49, p2, p1, p18, i40, p3, p4, p5, p6, p7, p8, p9, p10, p11, p12, p13, p14, p15, p16, p24, i21, p52, i29, p35, i34, i45, descr=TargetToken(4302398336))
debug_merge_point(0, 0, '4 is_integer L4. x(0)')
debug_merge_point(0, 0, '5 select_val x(0). L4. [(#1. L3). (#0. L3)]')
+349: i54 = int_eq(i40, 0)
guard_true(i54, descr=<Guard0x100715258>) [i49, p1, p2, p3, p4, p5, p6, p7, p8, p9, p10, p11, p12, p13, p14, p15, p16, i40]
debug_merge_point(0, 0, '6 label 3')
debug_merge_point(0, 0, '7 move #0. x(0)')
debug_merge_point(0, 0, '8 return ')
+359: p55 = getarrayitem_gc(p24, i21, descr=<ArrayP 8>)
+364: p56 = getfield_gc_pure(p55, descr=<FieldP tuple2.item0 8>)
+368: i57 = getfield_gc_pure(p55, descr=<FieldS tuple2.item1 16>)
+372: setfield_gc(p52, i29, descr=<FieldS pyrlang.interpreter.register.Y_Register.inst_addr_top 16>)
+376: guard_value(i57, 23, descr=<Guard0x100715200>) [i49, i57, p52, p1, p2, p56, p3, p4, p5, p6, p7, p8, p9, p10, p11, p12, p13, p14, p15, p16, None]
+386: guard_value(p56, ConstPtr(ptr59), descr=<Guard0x1007151a8>) [i49, p52, p1, p2, p56, p3, p4, p5, p6, p7, p8, p9, p10, p11, p12, p13, p14, p15, p16, None]
debug_merge_point(0, 0, '23 line 2')
debug_merge_point(0, 0, '24 gc_bif2 L0. 1. 1. y(0). x(0). x(0)')
+405: p60 = getarrayitem_gc(p35, i34, descr=<ArrayP 8>)
+410: guard_class(p60, ConstClass(W_IntObject), descr=<Guard0x100715150>) [i49, p1, p2, p60, p3, p4, p5, p6, p7, p8, p9, p10, p11, p12, p13, p14, p15, p16, None]
+424: i62 = getfield_gc_pure(p60, descr=<FieldS pyrlang.interpreter.datatypes.number.W_IntObject.inst_intval 8>)
+428: i64 = int_add_ovf(i62, 1)
guard_no_overflow(descr=<Guard0x1007150f8>) [i49, p1, p2, i64, p60, p3, p4, p5, p6, p7, p8, p9, p10, p11, p12, p13, p14, p15, p16, None]
debug_merge_point(0, 0, '25 deallocate 1')
+438: i66 = int_sub(i34, 1)
debug_merge_point(0, 0, '26 return ')
+442: setfield_gc(p52, i66, descr=<FieldS pyrlang.interpreter.register.Y_Register.inst_val_top 40>)
+446: i68 = int_eq(i29, -1)
guard_false(i68, descr=<Guard0x1007150a0>) [i49, p52, p1, p2, p3, p4, p5, p6, p7, p8, p9, p10, p11, p12, p13, p14, p15, p16, i64, None]
+456: i70 = int_lt(i29, 0)
guard_false(i70, descr=<Guard0x100715048>) [i29, i49, p52, p24, p1, p2, p3, p4, p5, p6, p7, p8, p9, p10, p11, p12, p13, p14, p15, p16, i64, None]
+466: p71 = getarrayitem_gc(p24, i29, descr=<ArrayP 8>)
+471: i73 = int_sub(i29, 1)
+475: p74 = getfield_gc_pure(p71, descr=<FieldP tuple2.item0 8>)
+479: i75 = getfield_gc_pure(p71, descr=<FieldS tuple2.item1 16>)
+483: setfield_gc(p52, i73, descr=<FieldS pyrlang.interpreter.register.Y_Register.inst_addr_top 16>)
+487: guard_value(i75, 17, descr=<Guard0x100714ff0>) [i49, i75, p52, p1, p2, p74, p3, p4, p5, p6, p7, p8, p9, p10, p11, p12, p13, p14, p15, p16, i64, None]
+497: guard_value(p74, ConstPtr(ptr77), descr=<Guard0x100714f98>) [i49, p52, p1, p2, p74, p3, p4, p5, p6, p7, p8, p9, p10, p11, p12, p13, p14, p15, p16, i64, None]
debug_merge_point(0, 0, '17 line 2')
debug_merge_point(0, 0, '18 gc_bif2 L0. 1. 0. y(0). #2. x(1)')
+516: p78 = getarrayitem_gc(p35, i66, descr=<ArrayP 8>)
+521: guard_class(p78, ConstClass(W_IntObject), descr=<Guard0x100714f40>) [i49, p1, p2, p78, p3, p4, p5, p6, p7, p8, p9, p10, p11, p12, p13, p14, p15, p16, i64, None]
+534: i80 = getfield_gc_pure(p78, descr=<FieldS pyrlang.interpreter.datatypes.number.W_IntObject.inst_intval 8>)
+538: i82 = int_sub_ovf(i80, 2)
guard_no_overflow(descr=<Guard0x100714ee8>) [i49, p1, p2, i82, p78, p3, p4, p5, p6, p7, p8, p9, p10, p11, p12, p13, p14, p15, p16, i64, None]
debug_merge_point(0, 0, '19 move x(0). y(0)')
+548: i84 = int_lt(i66, 0)
guard_false(i84, descr=<Guard0x100714e90>) [i49, p1, p2, i66, p35, p3, p4, p5, p6, p7, p8, p9, p10, p11, p12, p13, p14, p15, p16, i82, i64, None]
p86 = new_with_vtable(ConstClass(W_IntObject))
+651: setfield_gc(p86, i64, descr=<FieldS pyrlang.interpreter.datatypes.number.W_IntObject.inst_intval 8>)
+694: setarrayitem_gc(p35, i66, p86, descr=<ArrayP 8>)
debug_merge_point(0, 0, '20 move x(1). x(0)')
debug_merge_point(0, 0, '21 line 2')
debug_merge_point(0, 0, '22 call 1. L2')
+699: setfield_gc(p52, i29, descr=<FieldS pyrlang.interpreter.register.Y_Register.inst_addr_top 16>)
+703: i87 = int_ge(i29, i45)
guard_false(i87, descr=<Guard0x100714e38>) [i49, p1, p2, i45, p52, p3, p4, p5, p6, p7, p8, p9, p10, p11, p12, p13, p14, p15, p16, i82]
+759: setarrayitem_gc(p24, i29, ConstPtr(ptr88), descr=<ArrayP 8>)
+774: i90 = int_sub(i49, 1)
+778: i92 = int_le(i90, 0)
guard_false(i92, descr=<Guard0x100714de0>) [i90, p1, p2, p3, p4, p5, p6, p7, p8, p9, p10, p11, p12, p13, p14, p15, p16, i82]
debug_merge_point(0, 0, '3 label 2')
+788: jump(i90, p2, p1, p52, i82, p3, p4, p5, p6, p7, p8, p9, p10, p11, p12, p13, p14, p15, p16, p24, i29, p52, i73, p35, i66, i45, descr=TargetToken(4302398336))
+832: --end of the loop--
[f02d20564a3d9] jit-log-opt-bridge}
[f02d205ac0415] {jit-log-opt-bridge
# bridge out of Guard 0x100714860 with 49 ops
[i0, i1, i2, p3, p4, p5, p6, p7, p8, p9, p10, p11, p12, p13, p14, p15, p16, p17, p18, p19, p20]
+59: p21 = getfield_gc(p4, descr=<FieldP pyrlang.interpreter.interp.Process.inst_y_reg 80>)
debug_merge_point(0, 0, '6 label 3')
debug_merge_point(0, 0, '7 move #0. x(0)')
+63: p22 = getfield_gc(p4, descr=<FieldP pyrlang.interpreter.interp.Process.inst_x_reg 72>)
+67: i23 = ptr_eq(p22, p3)
guard_true(i23, descr=<Guard0x100715620>) [i0, i1, i2, p3, p4, p22, p5, p6, p7, p8, p9, p10, p11, p12, p13, p14, p15, p16, p17, p18, p19, p20]
debug_merge_point(0, 0, '8 return ')
+80: i24 = getfield_gc(p21, descr=<FieldS pyrlang.interpreter.register.Y_Register.inst_addr_top 16>)
+84: i26 = int_eq(i24, -1)
guard_false(i26, descr=<Guard0x100715af0>) [i2, i0, i1, p21, p3, p4, p6, p7, p8, p9, p10, p11, p12, p13, p14, p15, p16, p17, p18, p19, p20]
+94: p27 = getfield_gc(p21, descr=<FieldP pyrlang.interpreter.register.Y_Register.inst_addrs 24>)
+98: i29 = int_lt(i24, 0)
guard_false(i29, descr=<Guard0x100715a98>) [i24, i2, i0, i1, p21, p27, p3, p4, p6, p7, p8, p9, p10, p11, p12, p13, p14, p15, p16, p17, p18, p19, p20]
+108: p30 = getarrayitem_gc(p27, i24, descr=<ArrayP 8>)
+113: i32 = int_sub(i24, 1)
+117: p33 = getfield_gc_pure(p30, descr=<FieldP tuple2.item0 8>)
+121: i34 = getfield_gc_pure(p30, descr=<FieldS tuple2.item1 16>)
+125: setfield_gc(p21, i32, descr=<FieldS pyrlang.interpreter.register.Y_Register.inst_addr_top 16>)
+129: i36 = int_eq(9, i2)
guard_false(i36, descr=<Guard0x100715a40>) [i2, i0, i1, i34, p3, p4, p33, p6, p7, p8, p9, p10, p11, p12, p13, p14, p15, p16, p17, p18, p19, p20]
+143: guard_value(i34, 17, descr=<Guard0x1007159e8>) [i0, i1, i34, p21, p3, p4, p33, p6, p7, p8, p9, p10, p11, p12, p13, p14, p15, p16, p17, p18, p19, p20]
+153: guard_value(p33, ConstPtr(ptr38), descr=<Guard0x100715990>) [i0, i1, p21, p3, p4, p33, p6, p7, p8, p9, p10, p11, p12, p13, p14, p15, p16, p17, p18, p19, p20]
debug_merge_point(0, 0, '17 line 2')
debug_merge_point(0, 0, '18 gc_bif2 L0. 1. 0. y(0). #2. x(1)')
+172: i39 = getfield_gc(p21, descr=<FieldS pyrlang.interpreter.register.Y_Register.inst_val_top 40>)
+176: p40 = getfield_gc(p21, descr=<FieldP pyrlang.interpreter.register.Y_Register.inst_vals 48>)
+180: p41 = getarrayitem_gc(p40, i39, descr=<ArrayP 8>)
+185: guard_class(p41, ConstClass(W_IntObject), descr=<Guard0x100715938>) [i0, i1, p3, p4, p41, p6, p7, p8, p9, p10, p11, p12, p13, p14, p15, p16, p17, p18, p19, p20]
+199: i43 = getfield_gc_pure(p41, descr=<FieldS pyrlang.interpreter.datatypes.number.W_IntObject.inst_intval 8>)
+203: i45 = int_sub_ovf(i43, 2)
guard_no_overflow(descr=<Guard0x1007158e0>) [i0, i1, p3, p4, i45, p41, p6, p7, p8, p9, p10, p11, p12, p13, p14, p15, p16, p17, p18, p19, p20]
debug_merge_point(0, 0, '19 move x(0). y(0)')
+213: i47 = int_lt(i39, 0)
guard_false(i47, descr=<Guard0x100715888>) [i0, i1, p3, p4, i39, p40, p7, p8, p9, p10, p11, p12, p13, p14, p15, p16, p17, p18, p19, p20, i45]
+223: setarrayitem_gc(p40, i39, ConstPtr(ptr48), descr=<ArrayP 8>)
debug_merge_point(0, 0, '20 move x(1). x(0)')
debug_merge_point(0, 0, '21 line 2')
debug_merge_point(0, 0, '22 call 1. L2')
+238: i49 = getfield_gc(p21, descr=<FieldS pyrlang.interpreter.register.Y_Register.inst_addr_size 8>)
+242: setfield_gc(p21, i24, descr=<FieldS pyrlang.interpreter.register.Y_Register.inst_addr_top 16>)
+246: i50 = int_ge(i24, i49)
guard_false(i50, descr=<Guard0x100715830>) [i0, i1, p3, p4, i49, p21, p7, p8, p9, p10, p11, p12, p13, p14, p15, p16, p17, p18, p19, p20, i45]
+296: setarrayitem_gc(p27, i24, ConstPtr(ptr51), descr=<ArrayP 8>)
+311: i53 = int_sub(i1, 1)
+322: guard_false(i0, descr=<Guard0x1007157d8>) [i53, p3, p4, p7, p8, p9, p10, p11, p12, p13, p14, p15, p16, p17, p18, p19, p20, i45]
+338: i55 = int_le(i53, 0)
guard_false(i55, descr=<Guard0x100715780>) [i53, p3, p4, p7, p8, p9, p10, p11, p12, p13, p14, p15, p16, p17, p18, p19, p20, i45]
debug_merge_point(0, 0, '3 label 2')
+348: jump(i53, p4, p3, p21, i45, p7, p8, p9, p10, p11, p12, p13, p14, p15, p16, p17, p18, p19, p20, p27, i24, p21, i32, p40, i39, i49, descr=TargetToken(4302398336))
+416: --end of the loop--
[f02d205b15856] jit-log-opt-bridge}
[f02d205e438b2] {jit-log-opt-bridge
# bridge out of Guard 0x100715258 with 72 ops
[i0, p1, p2, p3, p4, p5, p6, p7, p8, p9, p10, p11, p12, p13, p14, p15, p16, i17]
+59: i19 = int_eq(i17, 1)
guard_true(i19, descr=<Guard0x100715c50>) [i0, p1, p2, p3, p4, p5, p6, p7, p8, p9, p10, p11, p12, p13, p14, p15, p16, i17]
+69: p20 = getfield_gc(p2, descr=<FieldP pyrlang.interpreter.interp.Process.inst_y_reg 80>)
debug_merge_point(0, 0, '6 label 3')
debug_merge_point(0, 0, '7 move #0. x(0)')
+80: p21 = getfield_gc(p2, descr=<FieldP pyrlang.interpreter.interp.Process.inst_x_reg 72>)
+84: i22 = ptr_eq(p21, p1)
guard_true(i22, descr=<Guard0x100762390>) [i0, p1, p2, p21, p3, p4, p5, p6, p7, p8, p9, p10, p11, p12, p13, p14, p15, p16, None]
debug_merge_point(0, 0, '8 return ')
+97: i24 = getfield_gc(p20, descr=<FieldS pyrlang.interpreter.register.Y_Register.inst_addr_top 16>)
+101: i26 = int_eq(i24, -1)
guard_false(i26, descr=<Guard0x100762338>) [i0, p20, p1, p2, p3, p4, p5, p6, p7, p8, p9, p10, p11, p12, p13, p14, p15, p16, None]
+111: p27 = getfield_gc(p20, descr=<FieldP pyrlang.interpreter.register.Y_Register.inst_addrs 24>)
+115: i29 = int_lt(i24, 0)
guard_false(i29, descr=<Guard0x1007622e0>) [i24, i0, p20, p27, p1, p2, p3, p4, p5, p6, p7, p8, p9, p10, p11, p12, p13, p14, p15, p16, None]
+125: p30 = getarrayitem_gc(p27, i24, descr=<ArrayP 8>)
+130: i32 = int_sub(i24, 1)
+134: p33 = getfield_gc_pure(p30, descr=<FieldP tuple2.item0 8>)
+139: i34 = getfield_gc_pure(p30, descr=<FieldS tuple2.item1 16>)
+144: setfield_gc(p20, i32, descr=<FieldS pyrlang.interpreter.register.Y_Register.inst_addr_top 16>)
+148: guard_value(i34, 23, descr=<Guard0x100762288>) [i0, i34, p20, p1, p2, p33, p3, p4, p5, p6, p7, p8, p9, p10, p11, p12, p13, p14, p15, p16, None]
+158: guard_value(p33, ConstPtr(ptr36), descr=<Guard0x100762230>) [i0, p20, p1, p2, p33, p3, p4, p5, p6, p7, p8, p9, p10, p11, p12, p13, p14, p15, p16, None]
debug_merge_point(0, 0, '23 line 2')
debug_merge_point(0, 0, '24 gc_bif2 L0. 1. 1. y(0). x(0). x(0)')
+177: i37 = getfield_gc(p20, descr=<FieldS pyrlang.interpreter.register.Y_Register.inst_val_top 40>)
+181: p38 = getfield_gc(p20, descr=<FieldP pyrlang.interpreter.register.Y_Register.inst_vals 48>)
+185: p39 = getarrayitem_gc(p38, i37, descr=<ArrayP 8>)
+190: guard_class(p39, ConstClass(W_IntObject), descr=<Guard0x1007621d8>) [i0, p1, p2, p39, p3, p4, p5, p6, p7, p8, p9, p10, p11, p12, p13, p14, p15, p16, None]
+204: i41 = getfield_gc_pure(p39, descr=<FieldS pyrlang.interpreter.datatypes.number.W_IntObject.inst_intval 8>)
+209: i43 = int_add_ovf(i41, 1)
guard_no_overflow(descr=<Guard0x100762180>) [i0, p1, p2, i43, p39, p3, p4, p5, p6, p7, p8, p9, p10, p11, p12, p13, p14, p15, p16, None]
debug_merge_point(0, 0, '25 deallocate 1')
+219: i45 = int_sub(i37, 1)
debug_merge_point(0, 0, '26 return ')
+223: setfield_gc(p20, i45, descr=<FieldS pyrlang.interpreter.register.Y_Register.inst_val_top 40>)
+227: i47 = int_eq(i32, -1)
guard_false(i47, descr=<Guard0x100762128>) [i0, p20, p1, p2, p3, p4, p5, p6, p7, p8, p9, p10, p11, p12, p13, p14, p15, p16, i43, None]
+237: i49 = int_lt(i32, 0)
guard_false(i49, descr=<Guard0x1007620d0>) [i32, i0, p20, p27, p1, p2, p3, p4, p5, p6, p7, p8, p9, p10, p11, p12, p13, p14, p15, p16, i43, None]
+247: p50 = getarrayitem_gc(p27, i32, descr=<ArrayP 8>)
+252: i52 = int_sub(i32, 1)
+256: p53 = getfield_gc_pure(p50, descr=<FieldP tuple2.item0 8>)
+260: i54 = getfield_gc_pure(p50, descr=<FieldS tuple2.item1 16>)
+264: setfield_gc(p20, i52, descr=<FieldS pyrlang.interpreter.register.Y_Register.inst_addr_top 16>)
+268: guard_value(i54, 17, descr=<Guard0x100762078>) [i0, i54, p20, p1, p2, p53, p3, p4, p5, p6, p7, p8, p9, p10, p11, p12, p13, p14, p15, p16, i43, None]
+278: guard_value(p53, ConstPtr(ptr56), descr=<Guard0x100762020>) [i0, p20, p1, p2, p53, p3, p4, p5, p6, p7, p8, p9, p10, p11, p12, p13, p14, p15, p16, i43, None]
debug_merge_point(0, 0, '17 line 2')
debug_merge_point(0, 0, '18 gc_bif2 L0. 1. 0. y(0). #2. x(1)')
+297: p57 = getarrayitem_gc(p38, i45, descr=<ArrayP 8>)
+302: guard_class(p57, ConstClass(W_IntObject), descr=<Guard0x100715f68>) [i0, p1, p2, p57, p3, p4, p5, p6, p7, p8, p9, p10, p11, p12, p13, p14, p15, p16, i43, None]
+314: i59 = getfield_gc_pure(p57, descr=<FieldS pyrlang.interpreter.datatypes.number.W_IntObject.inst_intval 8>)
+318: i61 = int_sub_ovf(i59, 2)
guard_no_overflow(descr=<Guard0x100715f10>) [i0, p1, p2, i61, p57, p3, p4, p5, p6, p7, p8, p9, p10, p11, p12, p13, p14, p15, p16, i43, None]
debug_merge_point(0, 0, '19 move x(0). y(0)')
+328: i63 = int_lt(i45, 0)
guard_false(i63, descr=<Guard0x100715eb8>) [i0, p1, p2, i45, p38, p3, p4, p5, p6, p7, p8, p9, p10, p11, p12, p13, p14, p15, p16, i61, i43, None]
p65 = new_with_vtable(ConstClass(W_IntObject))
+431: setfield_gc(p65, i43, descr=<FieldS pyrlang.interpreter.datatypes.number.W_IntObject.inst_intval 8>)
+483: setarrayitem_gc(p38, i45, p65, descr=<ArrayP 8>)
debug_merge_point(0, 0, '20 move x(1). x(0)')
debug_merge_point(0, 0, '21 line 2')
debug_merge_point(0, 0, '22 call 1. L2')
+488: i66 = getfield_gc(p20, descr=<FieldS pyrlang.interpreter.register.Y_Register.inst_addr_size 8>)
+492: setfield_gc(p20, i32, descr=<FieldS pyrlang.interpreter.register.Y_Register.inst_addr_top 16>)
+496: i67 = int_ge(i32, i66)
guard_false(i67, descr=<Guard0x100715e60>) [i0, p1, p2, i66, p20, p3, p4, p5, p6, p7, p8, p9, p10, p11, p12, p13, p14, p15, p16, i61]
+547: setarrayitem_gc(p27, i32, ConstPtr(ptr68), descr=<ArrayP 8>)
+562: i70 = int_sub(i0, 1)
+566: i72 = int_le(i70, 0)
guard_false(i72, descr=<Guard0x100715e08>) [i70, p1, p2, p3, p4, p5, p6, p7, p8, p9, p10, p11, p12, p13, p14, p15, p16, i61]
debug_merge_point(0, 0, '3 label 2')
+576: jump(i70, p2, p1, p20, i61, p3, p4, p5, p6, p7, p8, p9, p10, p11, p12, p13, p14, p15, p16, p27, i32, p20, i52, p38, i45, i66, descr=TargetToken(4302398336))
+640: --end of the loop--
[f02d205ea962f] jit-log-opt-bridge}
[f02d2060e370c] {jit-log-opt-loop
# Loop 1 (17 line 2) : entry bridge with 57 ops
[i0, i1, i2, p3, p4, p5]
+134: p6 = getfield_gc(p4, descr=<FieldP pyrlang.interpreter.register.X_Register.inst_regs 16>)
+145: p8 = getarrayitem_gc(p6, 0, descr=<ArrayP 8>)
+149: p10 = getarrayitem_gc(p6, 1, descr=<ArrayP 8>)
+153: p12 = getarrayitem_gc(p6, 2, descr=<ArrayP 8>)
+157: p14 = getarrayitem_gc(p6, 3, descr=<ArrayP 8>)
+161: p16 = getarrayitem_gc(p6, 4, descr=<ArrayP 8>)
+165: p18 = getarrayitem_gc(p6, 5, descr=<ArrayP 8>)
+169: p20 = getarrayitem_gc(p6, 6, descr=<ArrayP 8>)
+173: p22 = getarrayitem_gc(p6, 7, descr=<ArrayP 8>)
+177: p24 = getarrayitem_gc(p6, 8, descr=<ArrayP 8>)
+181: p26 = getarrayitem_gc(p6, 9, descr=<ArrayP 8>)
+185: p28 = getarrayitem_gc(p6, 10, descr=<ArrayP 8>)
+189: p30 = getarrayitem_gc(p6, 11, descr=<ArrayP 8>)
+193: p32 = getarrayitem_gc(p6, 12, descr=<ArrayP 8>)
+204: p34 = getarrayitem_gc(p6, 13, descr=<ArrayP 8>)
+215: p36 = getarrayitem_gc(p6, 14, descr=<ArrayP 8>)
+229: p38 = getarrayitem_gc(p6, 15, descr=<ArrayP 8>)
debug_merge_point(0, 0, '17 line 2')
+243: p39 = getfield_gc(p3, descr=<FieldP pyrlang.interpreter.interp.Process.inst_y_reg 80>)
debug_merge_point(0, 0, '18 gc_bif2 L0. 1. 0. y(0). #2. x(1)')
+261: i40 = getfield_gc(p39, descr=<FieldS pyrlang.interpreter.register.Y_Register.inst_val_top 40>)
+272: p41 = getfield_gc(p39, descr=<FieldP pyrlang.interpreter.register.Y_Register.inst_vals 48>)
+283: p42 = getarrayitem_gc(p41, i40, descr=<ArrayP 8>)
+295: guard_class(p42, ConstClass(W_IntObject), descr=<Guard0x100762498>) [i2, i1, i0, p4, p3, p42, p8, p10, p12, p14, p16, p18, p20, p22, p24, p26, p28, p30, p32, p34, p36, p38]
+308: i44 = getfield_gc_pure(p42, descr=<FieldS pyrlang.interpreter.datatypes.number.W_IntObject.inst_intval 8>)
+319: i46 = int_sub_ovf(i44, 2)
guard_no_overflow(descr=<Guard0x100762860>) [i2, i1, i0, p4, p3, i46, p42, p8, p10, p12, p14, p16, p18, p20, p22, p24, p26, p28, p30, p32, p34, p36, p38]
+329: p47 = getfield_gc(p3, descr=<FieldP pyrlang.interpreter.interp.Process.inst_x_reg 72>)
+333: i48 = ptr_eq(p47, p4)
guard_true(i48, descr=<Guard0x100762808>) [i2, i1, i0, p4, p3, p47, p8, p10, p12, p14, p16, p18, p20, p22, p24, p26, p28, p30, p32, p34, p36, p38, i46]
debug_merge_point(0, 0, '19 move x(0). y(0)')
+346: i50 = int_lt(i40, 0)
guard_false(i50, descr=<Guard0x1007627b0>) [i2, i1, i0, p4, p3, i40, p8, p41, p12, p14, p16, p18, p20, p22, p24, p26, p28, p30, p32, p34, p36, p38, i46]
+398: setarrayitem_gc(p41, i40, p8, descr=<ArrayP 8>)
debug_merge_point(0, 0, '20 move x(1). x(0)')
debug_merge_point(0, 0, '21 line 2')
debug_merge_point(0, 0, '22 call 1. L2')
+403: i52 = int_eq(23, i0)
+419: i53 = getfield_gc(p39, descr=<FieldS pyrlang.interpreter.register.Y_Register.inst_addr_top 16>)
+423: i55 = int_add(i53, 1)
+427: i56 = getfield_gc(p39, descr=<FieldS pyrlang.interpreter.register.Y_Register.inst_addr_size 8>)
+438: setfield_gc(p39, i55, descr=<FieldS pyrlang.interpreter.register.Y_Register.inst_addr_top 16>)
+442: i57 = int_ge(i55, i56)
guard_false(i57, descr=<Guard0x100762758>) [i52, i0, i2, i1, p4, p3, i56, p39, p12, p14, p16, p18, p20, p22, p24, p26, p28, p30, p32, p34, p36, p38, i46]
+451: p58 = getfield_gc(p39, descr=<FieldP pyrlang.interpreter.register.Y_Register.inst_addrs 24>)
+462: i60 = int_lt(i55, 0)
guard_false(i60, descr=<Guard0x100762700>) [i52, i0, i2, i1, p4, p3, i55, p58, p12, p14, p16, p18, p20, p22, p24, p26, p28, p30, p32, p34, p36, p38, i46]
+511: setarrayitem_gc(p58, i55, ConstPtr(ptr61), descr=<ArrayP 8>)
+526: i63 = int_sub(i1, 1)
+544: guard_false(i2, descr=<Guard0x1007626a8>) [i52, i0, i63, p4, p3, p12, p14, p16, p18, p20, p22, p24, p26, p28, p30, p32, p34, p36, p38, i46]
+567: i65 = int_le(i63, 0)
guard_false(i65, descr=<Guard0x100762650>) [i52, i0, i63, p4, p3, p12, p14, p16, p18, p20, p22, p24, p26, p28, p30, p32, p34, p36, p38, i46]
+577: guard_false(i52, descr=<Guard0x1007625f8>) [i0, i63, p4, p3, p12, p14, p16, p18, p20, p22, p24, p26, p28, p30, p32, p34, p36, p38, i46]
debug_merge_point(0, 0, '3 label 2')
+586: i67 = int_ge(i56, 1)
guard_true(i67, descr=<Guard0x1007625a0>) [i63, p39, p4, p3, p12, p14, p16, p18, p20, p22, p24, p26, p28, p30, p32, p34, p36, p38, i46]
+596: jump(i63, p3, p4, p39, i46, p12, p14, p16, p18, p20, p22, p24, p26, p28, p30, p32, p34, p36, p38, p58, i55, p39, i53, p41, i40, i56, descr=TargetToken(4302398336))
+848: --end of the loop--
[f02d2061351bb] jit-log-opt-loop}
[f02d2063c2cfe] {jit-log-opt-bridge
# bridge out of Guard 0x100715c50 with 42 ops
[i0, p1, p2, p3, p4, p5, p6, p7, p8, p9, p10, p11, p12, p13, p14, p15, p16, i17]
+59: p18 = getfield_gc(p2, descr=<FieldP pyrlang.interpreter.interp.Process.inst_y_reg 80>)
debug_merge_point(0, 0, '9 label 4')
debug_merge_point(0, 0, '10 allocate_zero 1. 1')
+70: i19 = getfield_gc(p18, descr=<FieldS pyrlang.interpreter.register.Y_Register.inst_val_top 40>)
+74: i21 = int_add(i19, 1)
+78: i22 = getfield_gc(p18, descr=<FieldS pyrlang.interpreter.register.Y_Register.inst_val_size 32>)
+82: setfield_gc(p18, i21, descr=<FieldS pyrlang.interpreter.register.Y_Register.inst_val_top 40>)
+86: i23 = int_ge(i21, i22)
guard_false(i23, descr=<Guard0x100762968>) [i0, p1, p2, i21, i22, p18, p3, p4, p5, p6, p7, p8, p9, p10, p11, p12, p13, p14, p15, p16, i17]
+95: p24 = getfield_gc(p18, descr=<FieldP pyrlang.interpreter.register.Y_Register.inst_vals 48>)
+99: i26 = int_lt(i21, 0)
guard_false(i26, descr=<Guard0x100762c80>) [i0, p1, p2, i21, p24, p18, p3, p4, p5, p6, p7, p8, p9, p10, p11, p12, p13, p14, p15, p16, i17]
+109: setarrayitem_gc(p24, i21, ConstPtr(ptr27), descr=<ArrayP 8>)
debug_merge_point(0, 0, '11 line 2')
debug_merge_point(0, 0, '12 gc_bif2 L0. 1. 0. x(0). #0. x(1)')
+124: p28 = getfield_gc(p2, descr=<FieldP pyrlang.interpreter.interp.Process.inst_x_reg 72>)
+128: i29 = ptr_eq(p28, p1)
guard_true(i29, descr=<Guard0x100762c28>) [i0, p1, p2, p28, p3, p4, p5, p6, p7, p8, p9, p10, p11, p12, p13, p14, p15, p16, i17]
+141: i31 = int_sub_ovf(i17, 1)
guard_no_overflow(descr=<Guard0x100762bd0>) [i0, p1, p2, i31, p3, p4, p5, p6, p7, p8, p9, p10, p11, p12, p13, p14, p15, p16, i17]
debug_merge_point(0, 0, '13 move x(0). y(0)')
p33 = new_with_vtable(ConstClass(W_IntObject))
+233: setfield_gc(p33, i17, descr=<FieldS pyrlang.interpreter.datatypes.number.W_IntObject.inst_intval 8>)
+278: setarrayitem_gc(p24, i21, p33, descr=<ArrayP 8>)
debug_merge_point(0, 0, '14 move x(1). x(0)')
debug_merge_point(0, 0, '15 line 2')
debug_merge_point(0, 0, '16 call 1. L2')
+283: i34 = getfield_gc(p18, descr=<FieldS pyrlang.interpreter.register.Y_Register.inst_addr_top 16>)
+287: i36 = int_add(i34, 1)
+291: i37 = getfield_gc(p18, descr=<FieldS pyrlang.interpreter.register.Y_Register.inst_addr_size 8>)
+295: setfield_gc(p18, i36, descr=<FieldS pyrlang.interpreter.register.Y_Register.inst_addr_top 16>)
+299: i38 = int_ge(i36, i37)
guard_false(i38, descr=<Guard0x100762b78>) [i0, p1, p2, i37, p18, p3, p4, p5, p6, p7, p8, p9, p10, p11, p12, p13, p14, p15, p16, i31]
+308: p39 = getfield_gc(p18, descr=<FieldP pyrlang.interpreter.register.Y_Register.inst_addrs 24>)
+312: i41 = int_lt(i36, 0)
guard_false(i41, descr=<Guard0x100762b20>) [i0, p1, p2, i36, p39, p3, p4, p5, p6, p7, p8, p9, p10, p11, p12, p13, p14, p15, p16, i31]
+361: setarrayitem_gc(p39, i36, ConstPtr(ptr42), descr=<ArrayP 8>)
+376: i44 = int_sub(i0, 1)
+380: i46 = int_le(i44, 0)
guard_false(i46, descr=<Guard0x100762ac8>) [i44, p1, p2, p3, p4, p5, p6, p7, p8, p9, p10, p11, p12, p13, p14, p15, p16, i31]
debug_merge_point(0, 0, '3 label 2')
+390: jump(i44, p2, p1, p18, i31, p3, p4, p5, p6, p7, p8, p9, p10, p11, p12, p13, p14, p15, p16, i21, p18, i22, p24, i36, i37, p39, descr=TargetToken(4302397544))
+448: --end of the loop--
[f02d206407297] jit-log-opt-bridge}
[f02d2067fdb4c] {jit-log-opt-bridge
# bridge out of Guard 0x100714ff0 with 80 ops
[i0, i1, p2, p3, p4, p5, p6, p7, p8, p9, p10, p11, p12, p13, p14, p15, p16, p17, p18, p19, i20]
+59: guard_value(i1, 23, descr=<Guard0x100762e90>) [i0, i1, p2, p3, p4, p5, p6, p7, p8, p9, p10, p11, p12, p13, p14, p15, p16, p17, p18, p19, i20]
+69: guard_value(p5, ConstPtr(ptr22), descr=<Guard0x100763728>) [i0, p2, p3, p4, p5, p6, p7, p8, p9, p10, p11, p12, p13, p14, p15, p16, p17, p18, p19, i20]
debug_merge_point(0, 0, '23 line 2')
+88: p23 = getfield_gc(p4, descr=<FieldP pyrlang.interpreter.interp.Process.inst_y_reg 80>)
debug_merge_point(0, 0, '24 gc_bif2 L0. 1. 1. y(0). x(0). x(0)')
+99: i24 = getfield_gc(p23, descr=<FieldS pyrlang.interpreter.register.Y_Register.inst_val_top 40>)
+103: p25 = getfield_gc(p23, descr=<FieldP pyrlang.interpreter.register.Y_Register.inst_vals 48>)
+107: p26 = getarrayitem_gc(p25, i24, descr=<ArrayP 8>)
+112: p27 = getfield_gc(p4, descr=<FieldP pyrlang.interpreter.interp.Process.inst_x_reg 72>)
+116: i28 = ptr_eq(p27, p3)
guard_true(i28, descr=<Guard0x1007636d0>) [i0, p3, p4, p27, p6, p7, p8, p9, p10, p11, p12, p13, p14, p15, p16, p17, p18, p19, p26, i20]
+129: guard_class(p26, ConstClass(W_IntObject), descr=<Guard0x100763678>) [i0, p3, p4, p26, p6, p7, p8, p9, p10, p11, p12, p13, p14, p15, p16, p17, p18, p19, None, i20]
+143: i31 = getfield_gc_pure(p26, descr=<FieldS pyrlang.interpreter.datatypes.number.W_IntObject.inst_intval 8>)
+148: i32 = int_add_ovf(i31, i20)
guard_no_overflow(descr=<Guard0x100763620>) [i0, p3, p4, i32, p26, p6, p7, p8, p9, p10, p11, p12, p13, p14, p15, p16, p17, p18, p19, None, i20]
debug_merge_point(0, 0, '25 deallocate 1')
+157: i34 = int_sub(i24, 1)
debug_merge_point(0, 0, '26 return ')
+161: i35 = getfield_gc(p23, descr=<FieldS pyrlang.interpreter.register.Y_Register.inst_addr_top 16>)
+165: setfield_gc(p23, i34, descr=<FieldS pyrlang.interpreter.register.Y_Register.inst_val_top 40>)
+169: i37 = int_eq(i35, -1)
guard_false(i37, descr=<Guard0x1007635c8>) [i0, p23, p3, p4, p6, p7, p8, p9, p10, p11, p12, p13, p14, p15, p16, p17, p18, p19, i32, None, None]
+179: p38 = getfield_gc(p23, descr=<FieldP pyrlang.interpreter.register.Y_Register.inst_addrs 24>)
+183: i40 = int_lt(i35, 0)
guard_false(i40, descr=<Guard0x100763570>) [i35, i0, p23, p38, p3, p4, p6, p7, p8, p9, p10, p11, p12, p13, p14, p15, p16, p17, p18, p19, i32, None, None]
+193: p41 = getarrayitem_gc(p38, i35, descr=<ArrayP 8>)
+198: i43 = int_sub(i35, 1)
+202: p44 = getfield_gc_pure(p41, descr=<FieldP tuple2.item0 8>)
+206: i45 = getfield_gc_pure(p41, descr=<FieldS tuple2.item1 16>)
+210: setfield_gc(p23, i43, descr=<FieldS pyrlang.interpreter.register.Y_Register.inst_addr_top 16>)
+214: guard_value(i45, 23, descr=<Guard0x100763518>) [i0, i45, p23, p3, p4, p44, p6, p7, p8, p9, p10, p11, p12, p13, p14, p15, p16, p17, p18, p19, i32, None, None]
+224: guard_value(p44, ConstPtr(ptr47), descr=<Guard0x1007634c0>) [i0, p23, p3, p4, p44, p6, p7, p8, p9, p10, p11, p12, p13, p14, p15, p16, p17, p18, p19, i32, None, None]
debug_merge_point(0, 0, '23 line 2')
debug_merge_point(0, 0, '24 gc_bif2 L0. 1. 1. y(0). x(0). x(0)')
+243: p48 = getarrayitem_gc(p25, i34, descr=<ArrayP 8>)
+248: guard_class(p48, ConstClass(W_IntObject), descr=<Guard0x100763468>) [i0, p3, p4, p48, p6, p7, p8, p9, p10, p11, p12, p13, p14, p15, p16, p17, p18, p19, i32, None, None]
+260: i50 = getfield_gc_pure(p48, descr=<FieldS pyrlang.interpreter.datatypes.number.W_IntObject.inst_intval 8>)
+264: i51 = int_add_ovf(i50, i32)
guard_no_overflow(descr=<Guard0x100763410>) [i0, p3, p4, i51, p48, p6, p7, p8, p9, p10, p11, p12, p13, p14, p15, p16, p17, p18, p19, i32, None, None]
debug_merge_point(0, 0, '25 deallocate 1')
+273: i53 = int_sub(i34, 1)
debug_merge_point(0, 0, '26 return ')
+277: setfield_gc(p23, i53, descr=<FieldS pyrlang.interpreter.register.Y_Register.inst_val_top 40>)
+281: i55 = int_eq(i43, -1)
guard_false(i55, descr=<Guard0x1007633b8>) [i0, p23, p3, p4, p6, p7, p8, p9, p10, p11, p12, p13, p14, p15, p16, p17, p18, p19, i51, None, None, None]
+291: i57 = int_lt(i43, 0)
guard_false(i57, descr=<Guard0x100763360>) [i43, i0, p23, p38, p3, p4, p6, p7, p8, p9, p10, p11, p12, p13, p14, p15, p16, p17, p18, p19, i51, None, None, None]
+301: p58 = getarrayitem_gc(p38, i43, descr=<ArrayP 8>)
+306: i60 = int_sub(i43, 1)
+310: p61 = getfield_gc_pure(p58, descr=<FieldP tuple2.item0 8>)
+314: i62 = getfield_gc_pure(p58, descr=<FieldS tuple2.item1 16>)
+318: setfield_gc(p23, i60, descr=<FieldS pyrlang.interpreter.register.Y_Register.inst_addr_top 16>)
+322: guard_value(i62, 17, descr=<Guard0x100763308>) [i0, i62, p23, p3, p4, p61, p6, p7, p8, p9, p10, p11, p12, p13, p14, p15, p16, p17, p18, p19, i51, None, None, None]
+332: guard_value(p61, ConstPtr(ptr64), descr=<Guard0x1007632b0>) [i0, p23, p3, p4, p61, p6, p7, p8, p9, p10, p11, p12, p13, p14, p15, p16, p17, p18, p19, i51, None, None, None]
debug_merge_point(0, 0, '17 line 2')
debug_merge_point(0, 0, '18 gc_bif2 L0. 1. 0. y(0). #2. x(1)')
+351: p65 = getarrayitem_gc(p25, i53, descr=<ArrayP 8>)
+356: guard_class(p65, ConstClass(W_IntObject), descr=<Guard0x100763258>) [i0, p3, p4, p65, p6, p7, p8, p9, p10, p11, p12, p13, p14, p15, p16, p17, p18, p19, i51, None, None, None]
+368: i67 = getfield_gc_pure(p65, descr=<FieldS pyrlang.interpreter.datatypes.number.W_IntObject.inst_intval 8>)
+372: i69 = int_sub_ovf(i67, 2)
guard_no_overflow(descr=<Guard0x100763200>) [i0, p3, p4, i69, p65, p6, p7, p8, p9, p10, p11, p12, p13, p14, p15, p16, p17, p18, p19, i51, None, None, None]
debug_merge_point(0, 0, '19 move x(0). y(0)')
+382: i71 = int_lt(i53, 0)
guard_false(i71, descr=<Guard0x1007631a8>) [i0, p3, p4, i53, p25, p6, p7, p8, p9, p10, p11, p12, p13, p14, p15, p16, p17, p18, p19, i69, i51, None, None, None]
p73 = new_with_vtable(ConstClass(W_IntObject))
+478: setfield_gc(p73, i51, descr=<FieldS pyrlang.interpreter.datatypes.number.W_IntObject.inst_intval 8>)
+524: setarrayitem_gc(p25, i53, p73, descr=<ArrayP 8>)
debug_merge_point(0, 0, '20 move x(1). x(0)')
debug_merge_point(0, 0, '21 line 2')
debug_merge_point(0, 0, '22 call 1. L2')
+529: i74 = getfield_gc(p23, descr=<FieldS pyrlang.interpreter.register.Y_Register.inst_addr_size 8>)
+533: setfield_gc(p23, i43, descr=<FieldS pyrlang.interpreter.register.Y_Register.inst_addr_top 16>)
+537: i75 = int_ge(i43, i74)
guard_false(i75, descr=<Guard0x100763150>) [i0, p3, p4, i74, p23, p6, p7, p8, p9, p10, p11, p12, p13, p14, p15, p16, p17, p18, p19, i69]
+589: setarrayitem_gc(p38, i43, ConstPtr(ptr76), descr=<ArrayP 8>)
+604: i78 = int_sub(i0, 1)
+608: i80 = int_le(i78, 0)
guard_false(i80, descr=<Guard0x1007630f8>) [i78, p3, p4, p6, p7, p8, p9, p10, p11, p12, p13, p14, p15, p16, p17, p18, p19, i69]
debug_merge_point(0, 0, '3 label 2')
+618: jump(i78, p4, p3, p23, i69, p6, p7, p8, p9, p10, p11, p12, p13, p14, p15, p16, p17, p18, p19, p38, i43, p23, i60, p25, i53, i74, descr=TargetToken(4302398336))
+672: --end of the loop--
[f02d20687794a] jit-log-opt-bridge}
[f02d206afe29b] {jit-log-opt-bridge
# bridge out of Guard 0x100762078 with 58 ops
[i0, i1, p2, p3, p4, p5, p6, p7, p8, p9, p10, p11, p12, p13, p14, p15, p16, p17, p18, p19, i20]
+59: guard_value(i1, 23, descr=<Guard0x1007638e0>) [i0, i1, p2, p3, p4, p5, p6, p7, p8, p9, p10, p11, p12, p13, p14, p15, p16, p17, p18, p19, i20]
+69: guard_value(p5, ConstPtr(ptr22), descr=<Guard0x100763eb8>) [i0, p2, p3, p4, p5, p6, p7, p8, p9, p10, p11, p12, p13, p14, p15, p16, p17, p18, p19, i20]
debug_merge_point(0, 0, '23 line 2')
+88: p23 = getfield_gc(p4, descr=<FieldP pyrlang.interpreter.interp.Process.inst_y_reg 80>)
debug_merge_point(0, 0, '24 gc_bif2 L0. 1. 1. y(0). x(0). x(0)')
+92: i24 = getfield_gc(p23, descr=<FieldS pyrlang.interpreter.register.Y_Register.inst_val_top 40>)
+96: p25 = getfield_gc(p23, descr=<FieldP pyrlang.interpreter.register.Y_Register.inst_vals 48>)
+100: p26 = getarrayitem_gc(p25, i24, descr=<ArrayP 8>)
+105: p27 = getfield_gc(p4, descr=<FieldP pyrlang.interpreter.interp.Process.inst_x_reg 72>)
+109: i28 = ptr_eq(p27, p3)
guard_true(i28, descr=<Guard0x100763e60>) [i0, p3, p4, p27, p6, p7, p8, p9, p10, p11, p12, p13, p14, p15, p16, p17, p18, p19, p26, i20]
+122: guard_class(p26, ConstClass(W_IntObject), descr=<Guard0x100763e08>) [i0, p3, p4, p26, p6, p7, p8, p9, p10, p11, p12, p13, p14, p15, p16, p17, p18, p19, None, i20]
+135: i31 = getfield_gc_pure(p26, descr=<FieldS pyrlang.interpreter.datatypes.number.W_IntObject.inst_intval 8>)
+139: i32 = int_add_ovf(i31, i20)
guard_no_overflow(descr=<Guard0x100763db0>) [i0, p3, p4, i32, p26, p6, p7, p8, p9, p10, p11, p12, p13, p14, p15, p16, p17, p18, p19, None, i20]
debug_merge_point(0, 0, '25 deallocate 1')
+148: i34 = int_sub(i24, 1)
debug_merge_point(0, 0, '26 return ')
+152: i35 = getfield_gc(p23, descr=<FieldS pyrlang.interpreter.register.Y_Register.inst_addr_top 16>)
+156: setfield_gc(p23, i34, descr=<FieldS pyrlang.interpreter.register.Y_Register.inst_val_top 40>)
+160: i37 = int_eq(i35, -1)
guard_false(i37, descr=<Guard0x100763d58>) [i0, p23, p3, p4, p6, p7, p8, p9, p10, p11, p12, p13, p14, p15, p16, p17, p18, p19, i32, None, None]
+170: p38 = getfield_gc(p23, descr=<FieldP pyrlang.interpreter.register.Y_Register.inst_addrs 24>)
+174: i40 = int_lt(i35, 0)
guard_false(i40, descr=<Guard0x100763d00>) [i35, i0, p23, p38, p3, p4, p6, p7, p8, p9, p10, p11, p12, p13, p14, p15, p16, p17, p18, p19, i32, None, None]
+184: p41 = getarrayitem_gc(p38, i35, descr=<ArrayP 8>)
+189: i43 = int_sub(i35, 1)
+193: p44 = getfield_gc_pure(p41, descr=<FieldP tuple2.item0 8>)
+198: i45 = getfield_gc_pure(p41, descr=<FieldS tuple2.item1 16>)
+203: setfield_gc(p23, i43, descr=<FieldS pyrlang.interpreter.register.Y_Register.inst_addr_top 16>)
+207: guard_value(i45, 17, descr=<Guard0x100763ca8>) [i0, i45, p23, p3, p4, p44, p6, p7, p8, p9, p10, p11, p12, p13, p14, p15, p16, p17, p18, p19, i32, None, None]
+217: guard_value(p44, ConstPtr(ptr47), descr=<Guard0x100763c50>) [i0, p23, p3, p4, p44, p6, p7, p8, p9, p10, p11, p12, p13, p14, p15, p16, p17, p18, p19, i32, None, None]
debug_merge_point(0, 0, '17 line 2')
debug_merge_point(0, 0, '18 gc_bif2 L0. 1. 0. y(0). #2. x(1)')
+236: p48 = getarrayitem_gc(p25, i34, descr=<ArrayP 8>)
+241: guard_class(p48, ConstClass(W_IntObject), descr=<Guard0x100763bf8>) [i0, p3, p4, p48, p6, p7, p8, p9, p10, p11, p12, p13, p14, p15, p16, p17, p18, p19, i32, None, None]
+254: i50 = getfield_gc_pure(p48, descr=<FieldS pyrlang.interpreter.datatypes.number.W_IntObject.inst_intval 8>)
+258: i52 = int_sub_ovf(i50, 2)
guard_no_overflow(descr=<Guard0x100763ba0>) [i0, p3, p4, i52, p48, p6, p7, p8, p9, p10, p11, p12, p13, p14, p15, p16, p17, p18, p19, i32, None, None]
debug_merge_point(0, 0, '19 move x(0). y(0)')
+268: i54 = int_lt(i34, 0)
guard_false(i54, descr=<Guard0x100763b48>) [i0, p3, p4, i34, p25, p6, p7, p8, p9, p10, p11, p12, p13, p14, p15, p16, p17, p18, p19, i52, i32, None, None]
p56 = new_with_vtable(ConstClass(W_IntObject))
+371: setfield_gc(p56, i32, descr=<FieldS pyrlang.interpreter.datatypes.number.W_IntObject.inst_intval 8>)
+431: setarrayitem_gc(p25, i34, p56, descr=<ArrayP 8>)
debug_merge_point(0, 0, '20 move x(1). x(0)')
debug_merge_point(0, 0, '21 line 2')
debug_merge_point(0, 0, '22 call 1. L2')
+436: i57 = getfield_gc(p23, descr=<FieldS pyrlang.interpreter.register.Y_Register.inst_addr_size 8>)
+440: setfield_gc(p23, i35, descr=<FieldS pyrlang.interpreter.register.Y_Register.inst_addr_top 16>)
+444: i58 = int_ge(i35, i57)
guard_false(i58, descr=<Guard0x100763af0>) [i0, p3, p4, i57, p23, p6, p7, p8, p9, p10, p11, p12, p13, p14, p15, p16, p17, p18, p19, i52]
+494: setarrayitem_gc(p38, i35, ConstPtr(ptr59), descr=<ArrayP 8>)
+509: i61 = int_sub(i0, 1)
+513: i63 = int_le(i61, 0)
guard_false(i63, descr=<Guard0x100763a98>) [i61, p3, p4, p6, p7, p8, p9, p10, p11, p12, p13, p14, p15, p16, p17, p18, p19, i52]
debug_merge_point(0, 0, '3 label 2')
+523: jump(i61, p4, p3, p23, i52, p6, p7, p8, p9, p10, p11, p12, p13, p14, p15, p16, p17, p18, p19, p38, i35, p23, i43, p25, i34, i57, descr=TargetToken(4302398336))
+592: --end of the loop--
[f02d206b5637c] jit-log-opt-bridge}
[f02d206e4ceec] {jit-log-opt-bridge
# bridge out of Guard 0x100763518 with 41 ops
[i0, i1, p2, p3, p4, p5, p6, p7, p8, p9, p10, p11, p12, p13, p14, p15, p16, p17, p18, p19, i20]
+59: guard_value(i1, 17, descr=<Guard0x100792078>) [i0, i1, p2, p3, p4, p5, p6, p7, p8, p9, p10, p11, p12, p13, p14, p15, p16, p17, p18, p19, i20]
+69: guard_value(p5, ConstPtr(ptr22), descr=<Guard0x100792440>) [i0, p2, p3, p4, p5, p6, p7, p8, p9, p10, p11, p12, p13, p14, p15, p16, p17, p18, p19, i20]
debug_merge_point(0, 0, '17 line 2')
+88: p23 = getfield_gc(p4, descr=<FieldP pyrlang.interpreter.interp.Process.inst_y_reg 80>)
debug_merge_point(0, 0, '18 gc_bif2 L0. 1. 0. y(0). #2. x(1)')
+92: i24 = getfield_gc(p23, descr=<FieldS pyrlang.interpreter.register.Y_Register.inst_val_top 40>)
+96: p25 = getfield_gc(p23, descr=<FieldP pyrlang.interpreter.register.Y_Register.inst_vals 48>)
+100: p26 = getarrayitem_gc(p25, i24, descr=<ArrayP 8>)
+105: guard_class(p26, ConstClass(W_IntObject), descr=<Guard0x1007923e8>) [i0, p3, p4, p26, p6, p7, p8, p9, p10, p11, p12, p13, p14, p15, p16, p17, p18, p19, i20]
+118: i28 = getfield_gc_pure(p26, descr=<FieldS pyrlang.interpreter.datatypes.number.W_IntObject.inst_intval 8>)
+122: i30 = int_sub_ovf(i28, 2)
guard_no_overflow(descr=<Guard0x100792390>) [i0, p3, p4, i30, p26, p6, p7, p8, p9, p10, p11, p12, p13, p14, p15, p16, p17, p18, p19, i20]
+132: p31 = getfield_gc(p4, descr=<FieldP pyrlang.interpreter.interp.Process.inst_x_reg 72>)
+136: i32 = ptr_eq(p31, p3)
guard_true(i32, descr=<Guard0x100792338>) [i0, p3, p4, p31, p6, p7, p8, p9, p10, p11, p12, p13, p14, p15, p16, p17, p18, p19, i30, i20]
debug_merge_point(0, 0, '19 move x(0). y(0)')
+149: i34 = int_lt(i24, 0)
guard_false(i34, descr=<Guard0x1007922e0>) [i0, p3, p4, i24, p25, p6, p7, p8, p9, p10, p11, p12, p13, p14, p15, p16, p17, p18, p19, i30, i20]
p36 = new_with_vtable(ConstClass(W_IntObject))
+245: setfield_gc(p36, i20, descr=<FieldS pyrlang.interpreter.datatypes.number.W_IntObject.inst_intval 8>)
+288: setarrayitem_gc(p25, i24, p36, descr=<ArrayP 8>)
debug_merge_point(0, 0, '20 move x(1). x(0)')
debug_merge_point(0, 0, '21 line 2')
debug_merge_point(0, 0, '22 call 1. L2')
+293: i37 = getfield_gc(p23, descr=<FieldS pyrlang.interpreter.register.Y_Register.inst_addr_top 16>)
+304: i39 = int_add(i37, 1)
+308: i40 = getfield_gc(p23, descr=<FieldS pyrlang.interpreter.register.Y_Register.inst_addr_size 8>)
+312: setfield_gc(p23, i39, descr=<FieldS pyrlang.interpreter.register.Y_Register.inst_addr_top 16>)
+316: i41 = int_ge(i39, i40)
guard_false(i41, descr=<Guard0x100792288>) [i0, p3, p4, i40, p23, p6, p7, p8, p9, p10, p11, p12, p13, p14, p15, p16, p17, p18, p19, i30]
+325: p42 = getfield_gc(p23, descr=<FieldP pyrlang.interpreter.register.Y_Register.inst_addrs 24>)
+329: i44 = int_lt(i39, 0)
guard_false(i44, descr=<Guard0x100792230>) [i0, p3, p4, i39, p42, p6, p7, p8, p9, p10, p11, p12, p13, p14, p15, p16, p17, p18, p19, i30]
+382: setarrayitem_gc(p42, i39, ConstPtr(ptr45), descr=<ArrayP 8>)
+397: i47 = int_sub(i0, 1)
+401: i49 = int_le(i47, 0)
guard_false(i49, descr=<Guard0x1007921d8>) [i47, p3, p4, p6, p7, p8, p9, p10, p11, p12, p13, p14, p15, p16, p17, p18, p19, i30]
debug_merge_point(0, 0, '3 label 2')
+411: i51 = int_ge(i40, 1)
guard_true(i51, descr=<Guard0x100792180>) [i47, p23, p3, p4, p6, p7, p8, p9, p10, p11, p12, p13, p14, p15, p16, p17, p18, p19, i30]
+421: jump(i47, p4, p3, p23, i30, p6, p7, p8, p9, p10, p11, p12, p13, p14, p15, p16, p17, p18, p19, p42, i39, p23, i37, p25, i24, i40, descr=TargetToken(4302398336))
+480: --end of the loop--
[f02d206e9442e] jit-log-opt-bridge}
[f02d2071a0f36] {jit-log-opt-loop
# Loop 2 (23 line 2) : loop with 79 ops
[i0, i1, i2, p3, p4, p5]
+134: p6 = getfield_gc(p4, descr=<FieldP pyrlang.interpreter.register.X_Register.inst_regs 16>)
+145: p8 = getarrayitem_gc(p6, 0, descr=<ArrayP 8>)
+149: p10 = getarrayitem_gc(p6, 1, descr=<ArrayP 8>)
+153: p12 = getarrayitem_gc(p6, 2, descr=<ArrayP 8>)
+157: p14 = getarrayitem_gc(p6, 3, descr=<ArrayP 8>)
+161: p16 = getarrayitem_gc(p6, 4, descr=<ArrayP 8>)
+165: p18 = getarrayitem_gc(p6, 5, descr=<ArrayP 8>)
+169: p20 = getarrayitem_gc(p6, 6, descr=<ArrayP 8>)
+173: p22 = getarrayitem_gc(p6, 7, descr=<ArrayP 8>)
+177: p24 = getarrayitem_gc(p6, 8, descr=<ArrayP 8>)
+181: p26 = getarrayitem_gc(p6, 9, descr=<ArrayP 8>)
+185: p28 = getarrayitem_gc(p6, 10, descr=<ArrayP 8>)
+189: p30 = getarrayitem_gc(p6, 11, descr=<ArrayP 8>)
+193: p32 = getarrayitem_gc(p6, 12, descr=<ArrayP 8>)
+204: p34 = getarrayitem_gc(p6, 13, descr=<ArrayP 8>)
+215: p36 = getarrayitem_gc(p6, 14, descr=<ArrayP 8>)
+229: p38 = getarrayitem_gc(p6, 15, descr=<ArrayP 8>)
+243: label(i0, i1, i2, p3, p4, p5, p8, p10, p12, p14, p16, p18, p20, p22, p24, p26, p28, p30, p32, p34, p36, p38, descr=TargetToken(4302401936))
debug_merge_point(0, 0, '23 line 2')
+333: p39 = getfield_gc(p3, descr=<FieldP pyrlang.interpreter.interp.Process.inst_y_reg 80>)
debug_merge_point(0, 0, '24 gc_bif2 L0. 1. 1. y(0). x(0). x(0)')
+344: i40 = getfield_gc(p39, descr=<FieldS pyrlang.interpreter.register.Y_Register.inst_val_top 40>)
+348: p41 = getfield_gc(p39, descr=<FieldP pyrlang.interpreter.register.Y_Register.inst_vals 48>)
+352: p42 = getarrayitem_gc(p41, i40, descr=<ArrayP 8>)
+357: p43 = getfield_gc(p3, descr=<FieldP pyrlang.interpreter.interp.Process.inst_x_reg 72>)
+361: i44 = ptr_eq(p43, p4)
guard_true(i44, descr=<Guard0x1007925f8>) [i2, i1, i0, p4, p3, p43, p8, p10, p12, p14, p16, p18, p20, p22, p24, p26, p28, p30, p32, p34, p36, p38, p42]
+374: guard_class(p42, ConstClass(W_IntObject), descr=<Guard0x100792bd0>) [i2, i1, i0, p4, p3, p8, p42, p10, p12, p14, p16, p18, p20, p22, p24, p26, p28, p30, p32, p34, p36, p38, None]
+386: guard_nonnull_class(p8, ConstClass(W_IntObject), descr=<Guard0x100792b78>) [i2, i1, i0, p4, p3, p8, p42, p10, p12, p14, p16, p18, p20, p22, p24, p26, p28, p30, p32, p34, p36, p38, None]
+404: i48 = getfield_gc_pure(p42, descr=<FieldS pyrlang.interpreter.datatypes.number.W_IntObject.inst_intval 8>)
+408: i49 = getfield_gc_pure(p8, descr=<FieldS pyrlang.interpreter.datatypes.number.W_IntObject.inst_intval 8>)
+412: i50 = int_add_ovf(i48, i49)
guard_no_overflow(descr=<Guard0x100792b20>) [i2, i1, i0, p4, p3, i50, p8, p42, p10, p12, p14, p16, p18, p20, p22, p24, p26, p28, p30, p32, p34, p36, p38, None]
debug_merge_point(0, 0, '25 deallocate 1')
+421: i52 = int_sub(i40, 1)
debug_merge_point(0, 0, '26 return ')
+425: i53 = getfield_gc(p39, descr=<FieldS pyrlang.interpreter.register.Y_Register.inst_addr_top 16>)
+429: setfield_gc(p39, i52, descr=<FieldS pyrlang.interpreter.register.Y_Register.inst_val_top 40>)
+433: i55 = int_eq(i53, -1)
guard_false(i55, descr=<Guard0x100792ac8>) [i0, i2, i1, p39, p4, p3, p10, p12, p14, p16, p18, p20, p22, p24, p26, p28, p30, p32, p34, p36, p38, i50, None]
+443: p56 = getfield_gc(p39, descr=<FieldP pyrlang.interpreter.register.Y_Register.inst_addrs 24>)
+447: i58 = int_lt(i53, 0)
guard_false(i58, descr=<Guard0x100792a70>) [i53, i0, i2, i1, p39, p56, p4, p3, p10, p12, p14, p16, p18, p20, p22, p24, p26, p28, p30, p32, p34, p36, p38, i50, None]
+457: p59 = getarrayitem_gc(p56, i53, descr=<ArrayP 8>)
+462: i61 = int_sub(i53, 1)
+466: p62 = getfield_gc_pure(p59, descr=<FieldP tuple2.item0 8>)
+470: i63 = getfield_gc_pure(p59, descr=<FieldS tuple2.item1 16>)
+474: setfield_gc(p39, i61, descr=<FieldS pyrlang.interpreter.register.Y_Register.inst_addr_top 16>)
+478: i65 = int_eq(27, i0)
guard_true(i65, descr=<Guard0x100792a18>) [i0, i2, i1, i63, p4, p3, p62, p10, p12, p14, p16, p18, p20, p22, p24, p26, p28, p30, p32, p34, p36, p38, i50, None]
+492: guard_value(i63, 23, descr=<Guard0x1007929c0>) [i2, i1, i63, p39, p4, p3, p62, p10, p12, p14, p16, p18, p20, p22, p24, p26, p28, p30, p32, p34, p36, p38, i50, None]
+502: guard_value(p62, ConstPtr(ptr67), descr=<Guard0x100792968>) [i2, i1, p39, p4, p3, p62, p10, p12, p14, p16, p18, p20, p22, p24, p26, p28, p30, p32, p34, p36, p38, i50, None]
debug_merge_point(0, 0, '23 line 2')
+521: p68 = same_as(p39)
+524: label(i1, i2, p3, p4, p39, i50, p10, p12, p14, p16, p18, p20, p22, p24, p26, p28, p30, p32, p34, p36, p38, p41, i52, p68, i61, p56, descr=TargetToken(4302402008))
debug_merge_point(0, 0, '23 line 2')
debug_merge_point(0, 0, '24 gc_bif2 L0. 1. 1. y(0). x(0). x(0)')
+557: p69 = getarrayitem_gc(p41, i52, descr=<ArrayP 8>)
+562: guard_class(p69, ConstClass(W_IntObject), descr=<Guard0x100792910>) [i2, i1, p4, p3, p69, p10, p12, p14, p16, p18, p20, p22, p24, p26, p28, p30, p32, p34, p36, p38, i50]
+574: i70 = getfield_gc_pure(p69, descr=<FieldS pyrlang.interpreter.datatypes.number.W_IntObject.inst_intval 8>)
+578: i71 = int_add_ovf(i70, i50)
guard_no_overflow(descr=<Guard0x1007928b8>) [i2, i1, p4, p3, i71, p69, p10, p12, p14, p16, p18, p20, p22, p24, p26, p28, p30, p32, p34, p36, p38, i50]
debug_merge_point(0, 0, '25 deallocate 1')
+587: i72 = int_sub(i52, 1)
debug_merge_point(0, 0, '26 return ')
+591: setfield_gc(p68, i72, descr=<FieldS pyrlang.interpreter.register.Y_Register.inst_val_top 40>)
+595: i73 = int_eq(i61, -1)
guard_false(i73, descr=<Guard0x100792860>) [i2, i1, p68, p4, p3, p10, p12, p14, p16, p18, p20, p22, p24, p26, p28, p30, p32, p34, p36, p38, i71, None]
+605: i74 = int_lt(i61, 0)
guard_false(i74, descr=<Guard0x100792808>) [i61, i2, i1, p68, p56, p4, p3, p10, p12, p14, p16, p18, p20, p22, p24, p26, p28, p30, p32, p34, p36, p38, i71, None]
+615: p75 = getarrayitem_gc(p56, i61, descr=<ArrayP 8>)
+620: i76 = int_sub(i61, 1)
+624: p77 = getfield_gc_pure(p75, descr=<FieldP tuple2.item0 8>)
+628: i78 = getfield_gc_pure(p75, descr=<FieldS tuple2.item1 16>)
+632: setfield_gc(p68, i76, descr=<FieldS pyrlang.interpreter.register.Y_Register.inst_addr_top 16>)
+636: guard_value(i78, 23, descr=<Guard0x1007927b0>) [i2, i1, i78, p68, p4, p3, p77, p10, p12, p14, p16, p18, p20, p22, p24, p26, p28, p30, p32, p34, p36, p38, i71, None]
+646: guard_value(p77, ConstPtr(ptr67), descr=<Guard0x100792758>) [i2, i1, p68, p4, p3, p77, p10, p12, p14, p16, p18, p20, p22, p24, p26, p28, p30, p32, p34, p36, p38, i71, None]
debug_merge_point(0, 0, '23 line 2')
+665: jump(i1, i2, p3, p4, p68, i71, p10, p12, p14, p16, p18, p20, p22, p24, p26, p28, p30, p32, p34, p36, p38, p41, i72, p68, i76, p56, descr=TargetToken(4302402008))
+688: --end of the loop--
[f02d20720c737] jit-log-opt-loop}
[f02d2076582f7] {jit-log-opt-bridge
# bridge out of Guard 0x100763308 with 35 ops
[i0, i1, p2, p3, p4, p5, p6, p7, p8, p9, p10, p11, p12, p13, p14, p15, p16, p17, p18, p19, i20]
+59: guard_value(i1, 23, descr=<Guard0x100792e90>) [i0, i1, p2, p3, p4, p5, p6, p7, p8, p9, p10, p11, p12, p13, p14, p15, p16, p17, p18, p19, i20]
+69: guard_value(p5, ConstPtr(ptr22), descr=<Guard0x1007932b0>) [i0, p2, p3, p4, p5, p6, p7, p8, p9, p10, p11, p12, p13, p14, p15, p16, p17, p18, p19, i20]
debug_merge_point(0, 0, '23 line 2')
+88: label(i0, p4, p3, p2, i20, p6, p7, p8, p9, p10, p11, p12, p13, p14, p15, p16, p17, p18, p19, descr=TargetToken(4302402296))
+125: p23 = getfield_gc(p4, descr=<FieldP pyrlang.interpreter.interp.Process.inst_y_reg 80>)
debug_merge_point(0, 0, '24 gc_bif2 L0. 1. 1. y(0). x(0). x(0)')
+129: i24 = getfield_gc(p23, descr=<FieldS pyrlang.interpreter.register.Y_Register.inst_val_top 40>)
+133: p25 = getfield_gc(p23, descr=<FieldP pyrlang.interpreter.register.Y_Register.inst_vals 48>)
+137: p26 = getarrayitem_gc(p25, i24, descr=<ArrayP 8>)
+142: p27 = getfield_gc(p4, descr=<FieldP pyrlang.interpreter.interp.Process.inst_x_reg 72>)
+146: i28 = ptr_eq(p27, p3)
guard_true(i28, descr=<Guard0x100793258>) [i0, p3, p4, p27, p6, p7, p8, p9, p10, p11, p12, p13, p14, p15, p16, p17, p18, p19, i20, p26]
+159: guard_class(p26, ConstClass(W_IntObject), descr=<Guard0x100793200>) [i0, p3, p4, p26, p6, p7, p8, p9, p10, p11, p12, p13, p14, p15, p16, p17, p18, p19, i20, None]
+171: i31 = getfield_gc_pure(p26, descr=<FieldS pyrlang.interpreter.datatypes.number.W_IntObject.inst_intval 8>)
+175: i32 = int_add_ovf(i31, i20)
guard_no_overflow(descr=<Guard0x1007931a8>) [i0, p3, p4, i32, p26, p6, p7, p8, p9, p10, p11, p12, p13, p14, p15, p16, p17, p18, p19, i20, None]
debug_merge_point(0, 0, '25 deallocate 1')
+184: i34 = int_sub(i24, 1)
debug_merge_point(0, 0, '26 return ')
+188: i35 = getfield_gc(p23, descr=<FieldS pyrlang.interpreter.register.Y_Register.inst_addr_top 16>)
+192: setfield_gc(p23, i34, descr=<FieldS pyrlang.interpreter.register.Y_Register.inst_val_top 40>)
+196: i37 = int_eq(i35, -1)
guard_false(i37, descr=<Guard0x100793150>) [i0, p23, p3, p4, p6, p7, p8, p9, p10, p11, p12, p13, p14, p15, p16, p17, p18, p19, i32, None, None]
+206: p38 = getfield_gc(p23, descr=<FieldP pyrlang.interpreter.register.Y_Register.inst_addrs 24>)
+210: i40 = int_lt(i35, 0)
guard_false(i40, descr=<Guard0x1007930f8>) [i35, i0, p23, p38, p3, p4, p6, p7, p8, p9, p10, p11, p12, p13, p14, p15, p16, p17, p18, p19, i32, None, None]
+220: p41 = getarrayitem_gc(p38, i35, descr=<ArrayP 8>)
+225: i43 = int_sub(i35, 1)
+229: p44 = getfield_gc_pure(p41, descr=<FieldP tuple2.item0 8>)
+233: i45 = getfield_gc_pure(p41, descr=<FieldS tuple2.item1 16>)
+237: setfield_gc(p23, i43, descr=<FieldS pyrlang.interpreter.register.Y_Register.inst_addr_top 16>)
+241: guard_value(i45, 23, descr=<Guard0x1007930a0>) [i0, i45, p23, p3, p4, p44, p6, p7, p8, p9, p10, p11, p12, p13, p14, p15, p16, p17, p18, p19, i32, None, None]
+251: guard_value(p44, ConstPtr(ptr47), descr=<Guard0x100793048>) [i0, p23, p3, p4, p44, p6, p7, p8, p9, p10, p11, p12, p13, p14, p15, p16, p17, p18, p19, i32, None, None]
debug_merge_point(0, 0, '23 line 2')
+270: jump(i0, p4, p3, p23, i32, p6, p7, p8, p9, p10, p11, p12, p13, p14, p15, p16, p17, p18, p19, descr=TargetToken(4302402296))
+288: --end of the loop--
[f02d207699369] jit-log-opt-bridge}
[f02d207c267f7] {jit-log-opt-bridge
# bridge out of Guard 0x100763ca8 with 35 ops
[i0, i1, p2, p3, p4, p5, p6, p7, p8, p9, p10, p11, p12, p13, p14, p15, p16, p17, p18, p19, i20]
+59: guard_value(i1, 23, descr=<Guard0x100793570>) [i0, i1, p2, p3, p4, p5, p6, p7, p8, p9, p10, p11, p12, p13, p14, p15, p16, p17, p18, p19, i20]
+69: guard_value(p5, ConstPtr(ptr22), descr=<Guard0x100793990>) [i0, p2, p3, p4, p5, p6, p7, p8, p9, p10, p11, p12, p13, p14, p15, p16, p17, p18, p19, i20]
debug_merge_point(0, 0, '23 line 2')
+88: label(i0, p4, p3, p2, i20, p6, p7, p8, p9, p10, p11, p12, p13, p14, p15, p16, p17, p18, p19, descr=TargetToken(4302402728))
+125: p23 = getfield_gc(p4, descr=<FieldP pyrlang.interpreter.interp.Process.inst_y_reg 80>)
debug_merge_point(0, 0, '24 gc_bif2 L0. 1. 1. y(0). x(0). x(0)')
+129: i24 = getfield_gc(p23, descr=<FieldS pyrlang.interpreter.register.Y_Register.inst_val_top 40>)
+133: p25 = getfield_gc(p23, descr=<FieldP pyrlang.interpreter.register.Y_Register.inst_vals 48>)
+137: p26 = getarrayitem_gc(p25, i24, descr=<ArrayP 8>)
+142: p27 = getfield_gc(p4, descr=<FieldP pyrlang.interpreter.interp.Process.inst_x_reg 72>)
+146: i28 = ptr_eq(p27, p3)
guard_true(i28, descr=<Guard0x100793938>) [i0, p3, p4, p27, p6, p7, p8, p9, p10, p11, p12, p13, p14, p15, p16, p17, p18, p19, i20, p26]
+159: guard_class(p26, ConstClass(W_IntObject), descr=<Guard0x1007938e0>) [i0, p3, p4, p26, p6, p7, p8, p9, p10, p11, p12, p13, p14, p15, p16, p17, p18, p19, i20, None]
+171: i31 = getfield_gc_pure(p26, descr=<FieldS pyrlang.interpreter.datatypes.number.W_IntObject.inst_intval 8>)
+175: i32 = int_add_ovf(i31, i20)
guard_no_overflow(descr=<Guard0x100793888>) [i0, p3, p4, i32, p26, p6, p7, p8, p9, p10, p11, p12, p13, p14, p15, p16, p17, p18, p19, i20, None]
debug_merge_point(0, 0, '25 deallocate 1')
+184: i34 = int_sub(i24, 1)
debug_merge_point(0, 0, '26 return ')
+188: i35 = getfield_gc(p23, descr=<FieldS pyrlang.interpreter.register.Y_Register.inst_addr_top 16>)
+192: setfield_gc(p23, i34, descr=<FieldS pyrlang.interpreter.register.Y_Register.inst_val_top 40>)
+196: i37 = int_eq(i35, -1)
guard_false(i37, descr=<Guard0x100793830>) [i0, p23, p3, p4, p6, p7, p8, p9, p10, p11, p12, p13, p14, p15, p16, p17, p18, p19, i32, None, None]
+206: p38 = getfield_gc(p23, descr=<FieldP pyrlang.interpreter.register.Y_Register.inst_addrs 24>)
+210: i40 = int_lt(i35, 0)
guard_false(i40, descr=<Guard0x1007937d8>) [i35, i0, p23, p38, p3, p4, p6, p7, p8, p9, p10, p11, p12, p13, p14, p15, p16, p17, p18, p19, i32, None, None]
+220: p41 = getarrayitem_gc(p38, i35, descr=<ArrayP 8>)
+225: i43 = int_sub(i35, 1)
+229: p44 = getfield_gc_pure(p41, descr=<FieldP tuple2.item0 8>)
+233: i45 = getfield_gc_pure(p41, descr=<FieldS tuple2.item1 16>)
+237: setfield_gc(p23, i43, descr=<FieldS pyrlang.interpreter.register.Y_Register.inst_addr_top 16>)
+241: guard_value(i45, 23, descr=<Guard0x100793780>) [i0, i45, p23, p3, p4, p44, p6, p7, p8, p9, p10, p11, p12, p13, p14, p15, p16, p17, p18, p19, i32, None, None]
+251: guard_value(p44, ConstPtr(ptr47), descr=<Guard0x100793728>) [i0, p23, p3, p4, p44, p6, p7, p8, p9, p10, p11, p12, p13, p14, p15, p16, p17, p18, p19, i32, None, None]
debug_merge_point(0, 0, '23 line 2')
+270: jump(i0, p4, p3, p23, i32, p6, p7, p8, p9, p10, p11, p12, p13, p14, p15, p16, p17, p18, p19, descr=TargetToken(4302402728))
+288: --end of the loop--
[f02d207c698a4] jit-log-opt-bridge}
[f02d207e6abbd] {jit-log-opt-bridge
# bridge out of Guard 0x1007930a0 with 41 ops
[i0, i1, p2, p3, p4, p5, p6, p7, p8, p9, p10, p11, p12, p13, p14, p15, p16, p17, p18, p19, i20]
+59: guard_value(i1, 17, descr=<Guard0x100793af0>) [i0, i1, p2, p3, p4, p5, p6, p7, p8, p9, p10, p11, p12, p13, p14, p15, p16, p17, p18, p19, i20]
+69: guard_value(p5, ConstPtr(ptr22), descr=<Guard0x100793eb8>) [i0, p2, p3, p4, p5, p6, p7, p8, p9, p10, p11, p12, p13, p14, p15, p16, p17, p18, p19, i20]
debug_merge_point(0, 0, '17 line 2')
+88: p23 = getfield_gc(p4, descr=<FieldP pyrlang.interpreter.interp.Process.inst_y_reg 80>)
debug_merge_point(0, 0, '18 gc_bif2 L0. 1. 0. y(0). #2. x(1)')
+92: i24 = getfield_gc(p23, descr=<FieldS pyrlang.interpreter.register.Y_Register.inst_val_top 40>)
+96: p25 = getfield_gc(p23, descr=<FieldP pyrlang.interpreter.register.Y_Register.inst_vals 48>)
+100: p26 = getarrayitem_gc(p25, i24, descr=<ArrayP 8>)
+105: guard_class(p26, ConstClass(W_IntObject), descr=<Guard0x100793e60>) [i0, p3, p4, p26, p6, p7, p8, p9, p10, p11, p12, p13, p14, p15, p16, p17, p18, p19, i20]
+119: i28 = getfield_gc_pure(p26, descr=<FieldS pyrlang.interpreter.datatypes.number.W_IntObject.inst_intval 8>)
+123: i30 = int_sub_ovf(i28, 2)
guard_no_overflow(descr=<Guard0x100793e08>) [i0, p3, p4, i30, p26, p6, p7, p8, p9, p10, p11, p12, p13, p14, p15, p16, p17, p18, p19, i20]
+133: p31 = getfield_gc(p4, descr=<FieldP pyrlang.interpreter.interp.Process.inst_x_reg 72>)
+137: i32 = ptr_eq(p31, p3)
guard_true(i32, descr=<Guard0x100793db0>) [i0, p3, p4, p31, p6, p7, p8, p9, p10, p11, p12, p13, p14, p15, p16, p17, p18, p19, i30, i20]
debug_merge_point(0, 0, '19 move x(0). y(0)')
+150: i34 = int_lt(i24, 0)
guard_false(i34, descr=<Guard0x100793d58>) [i0, p3, p4, i24, p25, p6, p7, p8, p9, p10, p11, p12, p13, p14, p15, p16, p17, p18, p19, i30, i20]
p36 = new_with_vtable(ConstClass(W_IntObject))
+246: setfield_gc(p36, i20, descr=<FieldS pyrlang.interpreter.datatypes.number.W_IntObject.inst_intval 8>)
+298: setarrayitem_gc(p25, i24, p36, descr=<ArrayP 8>)
debug_merge_point(0, 0, '20 move x(1). x(0)')
debug_merge_point(0, 0, '21 line 2')
debug_merge_point(0, 0, '22 call 1. L2')
+303: i37 = getfield_gc(p23, descr=<FieldS pyrlang.interpreter.register.Y_Register.inst_addr_top 16>)
+307: i39 = int_add(i37, 1)
+311: i40 = getfield_gc(p23, descr=<FieldS pyrlang.interpreter.register.Y_Register.inst_addr_size 8>)
+315: setfield_gc(p23, i39, descr=<FieldS pyrlang.interpreter.register.Y_Register.inst_addr_top 16>)
+319: i41 = int_ge(i39, i40)
guard_false(i41, descr=<Guard0x100793d00>) [i0, p3, p4, i40, p23, p6, p7, p8, p9, p10, p11, p12, p13, p14, p15, p16, p17, p18, p19, i30]
+328: p42 = getfield_gc(p23, descr=<FieldP pyrlang.interpreter.register.Y_Register.inst_addrs 24>)
+332: i44 = int_lt(i39, 0)
guard_false(i44, descr=<Guard0x100793ca8>) [i0, p3, p4, i39, p42, p6, p7, p8, p9, p10, p11, p12, p13, p14, p15, p16, p17, p18, p19, i30]
+383: setarrayitem_gc(p42, i39, ConstPtr(ptr45), descr=<ArrayP 8>)
+398: i47 = int_sub(i0, 1)
+409: i49 = int_le(i47, 0)
guard_false(i49, descr=<Guard0x100793c50>) [i47, p3, p4, p6, p7, p8, p9, p10, p11, p12, p13, p14, p15, p16, p17, p18, p19, i30]
debug_merge_point(0, 0, '3 label 2')
+419: i51 = int_ge(i40, 1)
guard_true(i51, descr=<Guard0x100793bf8>) [i47, p23, p3, p4, p6, p7, p8, p9, p10, p11, p12, p13, p14, p15, p16, p17, p18, p19, i30]
+429: jump(i47, p4, p3, p23, i30, p6, p7, p8, p9, p10, p11, p12, p13, p14, p15, p16, p17, p18, p19, p42, i39, p23, i37, p25, i24, i40, descr=TargetToken(4302398336))
+496: --end of the loop--
[f02d207eb0639] jit-log-opt-bridge}
[f02d208152f11] {jit-log-opt-bridge
# bridge out of Guard 0x100793780 with 41 ops
[i0, i1, p2, p3, p4, p5, p6, p7, p8, p9, p10, p11, p12, p13, p14, p15, p16, p17, p18, p19, i20]
+59: guard_value(i1, 17, descr=<Guard0x1007cc078>) [i0, i1, p2, p3, p4, p5, p6, p7, p8, p9, p10, p11, p12, p13, p14, p15, p16, p17, p18, p19, i20]
+69: guard_value(p5, ConstPtr(ptr22), descr=<Guard0x1007cc440>) [i0, p2, p3, p4, p5, p6, p7, p8, p9, p10, p11, p12, p13, p14, p15, p16, p17, p18, p19, i20]
debug_merge_point(0, 0, '17 line 2')
+88: p23 = getfield_gc(p4, descr=<FieldP pyrlang.interpreter.interp.Process.inst_y_reg 80>)
debug_merge_point(0, 0, '18 gc_bif2 L0. 1. 0. y(0). #2. x(1)')
+92: i24 = getfield_gc(p23, descr=<FieldS pyrlang.interpreter.register.Y_Register.inst_val_top 40>)
+96: p25 = getfield_gc(p23, descr=<FieldP pyrlang.interpreter.register.Y_Register.inst_vals 48>)
+100: p26 = getarrayitem_gc(p25, i24, descr=<ArrayP 8>)
+105: guard_class(p26, ConstClass(W_IntObject), descr=<Guard0x1007cc3e8>) [i0, p3, p4, p26, p6, p7, p8, p9, p10, p11, p12, p13, p14, p15, p16, p17, p18, p19, i20]
+118: i28 = getfield_gc_pure(p26, descr=<FieldS pyrlang.interpreter.datatypes.number.W_IntObject.inst_intval 8>)
+122: i30 = int_sub_ovf(i28, 2)
guard_no_overflow(descr=<Guard0x1007cc390>) [i0, p3, p4, i30, p26, p6, p7, p8, p9, p10, p11, p12, p13, p14, p15, p16, p17, p18, p19, i20]
+132: p31 = getfield_gc(p4, descr=<FieldP pyrlang.interpreter.interp.Process.inst_x_reg 72>)
+136: i32 = ptr_eq(p31, p3)
guard_true(i32, descr=<Guard0x1007cc338>) [i0, p3, p4, p31, p6, p7, p8, p9, p10, p11, p12, p13, p14, p15, p16, p17, p18, p19, i30, i20]
debug_merge_point(0, 0, '19 move x(0). y(0)')
+149: i34 = int_lt(i24, 0)
guard_false(i34, descr=<Guard0x1007cc2e0>) [i0, p3, p4, i24, p25, p6, p7, p8, p9, p10, p11, p12, p13, p14, p15, p16, p17, p18, p19, i30, i20]
p36 = new_with_vtable(ConstClass(W_IntObject))
+238: setfield_gc(p36, i20, descr=<FieldS pyrlang.interpreter.datatypes.number.W_IntObject.inst_intval 8>)
+283: setarrayitem_gc(p25, i24, p36, descr=<ArrayP 8>)
debug_merge_point(0, 0, '20 move x(1). x(0)')
debug_merge_point(0, 0, '21 line 2')
debug_merge_point(0, 0, '22 call 1. L2')
+288: i37 = getfield_gc(p23, descr=<FieldS pyrlang.interpreter.register.Y_Register.inst_addr_top 16>)
+292: i39 = int_add(i37, 1)
+296: i40 = getfield_gc(p23, descr=<FieldS pyrlang.interpreter.register.Y_Register.inst_addr_size 8>)
+300: setfield_gc(p23, i39, descr=<FieldS pyrlang.interpreter.register.Y_Register.inst_addr_top 16>)
+304: i41 = int_ge(i39, i40)
guard_false(i41, descr=<Guard0x1007cc288>) [i0, p3, p4, i40, p23, p6, p7, p8, p9, p10, p11, p12, p13, p14, p15, p16, p17, p18, p19, i30]
+313: p42 = getfield_gc(p23, descr=<FieldP pyrlang.interpreter.register.Y_Register.inst_addrs 24>)
+317: i44 = int_lt(i39, 0)
guard_false(i44, descr=<Guard0x1007cc230>) [i0, p3, p4, i39, p42, p6, p7, p8, p9, p10, p11, p12, p13, p14, p15, p16, p17, p18, p19, i30]
+368: setarrayitem_gc(p42, i39, ConstPtr(ptr45), descr=<ArrayP 8>)
+383: i47 = int_sub(i0, 1)
+394: i49 = int_le(i47, 0)
guard_false(i49, descr=<Guard0x1007cc1d8>) [i47, p3, p4, p6, p7, p8, p9, p10, p11, p12, p13, p14, p15, p16, p17, p18, p19, i30]
debug_merge_point(0, 0, '3 label 2')
+404: i51 = int_ge(i40, 1)
guard_true(i51, descr=<Guard0x1007cc180>) [i47, p23, p3, p4, p6, p7, p8, p9, p10, p11, p12, p13, p14, p15, p16, p17, p18, p19, i30]
+414: jump(i47, p4, p3, p23, i30, p6, p7, p8, p9, p10, p11, p12, p13, p14, p15, p16, p17, p18, p19, p42, i39, p23, i37, p25, i24, i40, descr=TargetToken(4302398336))
+480: --end of the loop--
[f02d20819a162] jit-log-opt-bridge}
[f02d20a29a8c2] {jit-log-opt-bridge
# bridge out of Guard 0x1007145a0 with 21 ops
[i0, i1, p2, p3, p4, p5, p6, p7, p8, p9, p10, p11, p12, p13, p14, p15, p16, p17, i18]
+59: p19 = getfield_gc(p3, descr=<FieldP pyrlang.interpreter.interp.Process.inst_y_reg 80>)
debug_merge_point(0, 0, '3 label 2')
+63: i21 = int_ge(i1, 1)
guard_true(i21, descr=<Guard0x1007cc4f0>) [i1, p19, p2, p3, p4, p5, p6, p7, p8, p9, p10, p11, p12, p13, p14, p15, p16, p17, i18]
+73: guard_nonnull(p19, descr=<Guard0x1007cc758>) [i1, p19, p2, p3, p4, p5, p6, p7, p8, p9, p10, p11, p12, p13, p14, p15, p16, p17, i18]
+82: p22 = getfield_gc(p3, descr=<FieldP pyrlang.interpreter.interp.Process.inst_x_reg 72>)
+86: i23 = ptr_eq(p22, p2)
guard_true(i23, descr=<Guard0x1007cc700>) [i1, p19, p2, p3, p4, p5, p6, p7, p8, p9, p10, p11, p12, p13, p14, p15, p16, p17, i18]
+99: i24 = getfield_gc(p19, descr=<FieldS pyrlang.interpreter.register.Y_Register.inst_val_top 40>)
+103: i26 = int_ge(i24, 0)
guard_true(i26, descr=<Guard0x1007cc6a8>) [i1, p19, p2, p3, p4, p5, p6, p7, p8, p9, p10, p11, p12, p13, p14, p15, p16, p17, i18]
+113: i27 = getfield_gc(p19, descr=<FieldS pyrlang.interpreter.register.Y_Register.inst_val_size 32>)
+117: p28 = getfield_gc(p19, descr=<FieldP pyrlang.interpreter.register.Y_Register.inst_vals 48>)
+121: guard_nonnull(p28, descr=<Guard0x1007cc650>) [i1, p19, p2, p3, p4, p5, p6, p7, p8, p9, p10, p11, p12, p13, p14, p15, p16, p17, i18]
+130: i29 = getfield_gc(p19, descr=<FieldS pyrlang.interpreter.register.Y_Register.inst_addr_top 16>)
+134: i31 = int_ge(i29, 0)
guard_true(i31, descr=<Guard0x1007cc5f8>) [i1, p19, p2, p3, p4, p5, p6, p7, p8, p9, p10, p11, p12, p13, p14, p15, p16, p17, i18]
+144: i32 = getfield_gc(p19, descr=<FieldS pyrlang.interpreter.register.Y_Register.inst_addr_size 8>)
+148: p33 = getfield_gc(p19, descr=<FieldP pyrlang.interpreter.register.Y_Register.inst_addrs 24>)
+152: guard_nonnull(p33, descr=<Guard0x1007cc5a0>) [i1, p19, p2, p3, p4, p5, p6, p7, p8, p9, p10, p11, p12, p13, p14, p15, p16, p17, i18]
+161: jump(i1, p3, p2, p19, i18, p4, p5, p6, p7, p8, p9, p10, p11, p12, p13, p14, p15, p16, p17, i24, p19, i27, p28, i29, i32, p33, descr=TargetToken(4302397544))
+224: --end of the loop--
[f02d20a2bca0d] jit-log-opt-bridge}
[f02d20a3eab0a] {jit-log-opt-bridge
# bridge out of Guard 0x1007142e0 with 4 ops
[i0, p1, p2, p3, p4, p5, p6, p7, p8, p9, p10, p11, p12, p13, p14, p15, p16, i17]
+59: p18 = force_token()
+91: setfield_gc(p1, p18, descr=<FieldP pyrlang.interpreter.register.X_Register.vable_token 8>)
+95: guard_not_forced_2(descr=<Guard0x1007cc808>) [p3, p4, p5, p6, p7, p8, p9, p10, p11, p12, p13, p14, p15, p16, p1, i17]
+109: finish(ConstPtr(ptr19), descr=<DoneWithThisFrameDescrRef object at 0x10033e018>)
+224: --end of the loop--
[f02d20a407826] jit-log-opt-bridge}
[f02d20afe6e5e] {jit-log-opt-bridge
# bridge out of Guard 0x100762ac8 with 4 ops
[i0, p1, p2, p3, p4, p5, p6, p7, p8, p9, p10, p11, p12, p13, p14, p15, p16, i17]
+59: p18 = force_token()
+89: setfield_gc(p1, p18, descr=<FieldP pyrlang.interpreter.register.X_Register.vable_token 8>)
+93: guard_not_forced_2(descr=<Guard0x1007cc910>) [p3, p4, p5, p6, p7, p8, p9, p10, p11, p12, p13, p14, p15, p16, p1, i17]
+114: finish(ConstPtr(ptr19), descr=<DoneWithThisFrameDescrRef object at 0x10033e018>)
+224: --end of the loop--
[f02d20aff23b0] jit-log-opt-bridge}
[f02d20b298fe7] {jit-log-opt-bridge
# bridge out of Guard 0x100714de0 with 4 ops
[i0, p1, p2, p3, p4, p5, p6, p7, p8, p9, p10, p11, p12, p13, p14, p15, p16, i17]
+59: p18 = force_token()
+91: setfield_gc(p1, p18, descr=<FieldP pyrlang.interpreter.register.X_Register.vable_token 8>)
+95: guard_not_forced_2(descr=<Guard0x1007cca18>) [p3, p4, p5, p6, p7, p8, p9, p10, p11, p12, p13, p14, p15, p16, p1, i17]
+109: finish(ConstPtr(ptr19), descr=<DoneWithThisFrameDescrRef object at 0x10033e018>)
+224: --end of the loop--
[f02d20b2a3d52] jit-log-opt-bridge}
[f02d20c55adfd] {jit-log-opt-bridge
# bridge out of Guard 0x1007929c0 with 42 ops
[i0, i1, i2, p3, p4, p5, p6, p7, p8, p9, p10, p11, p12, p13, p14, p15, p16, p17, p18, p19, p20, p21, i22]
+59: guard_value(i2, 17, descr=<Guard0x1007ccb78>) [i0, i1, i2, p3, p4, p5, p6, p7, p8, p9, p10, p11, p12, p13, p14, p15, p16, p17, p18, p19, p20, p21, i22]
+69: guard_value(p6, ConstPtr(ptr24), descr=<Guard0x1007ccf98>) [i0, i1, p3, p4, p5, p6, p7, p8, p9, p10, p11, p12, p13, p14, p15, p16, p17, p18, p19, p20, p21, i22]
debug_merge_point(0, 0, '17 line 2')
+88: p25 = getfield_gc(p5, descr=<FieldP pyrlang.interpreter.interp.Process.inst_y_reg 80>)
debug_merge_point(0, 0, '18 gc_bif2 L0. 1. 0. y(0). #2. x(1)')
+92: i26 = getfield_gc(p25, descr=<FieldS pyrlang.interpreter.register.Y_Register.inst_val_top 40>)
+96: p27 = getfield_gc(p25, descr=<FieldP pyrlang.interpreter.register.Y_Register.inst_vals 48>)
+100: p28 = getarrayitem_gc(p27, i26, descr=<ArrayP 8>)
+105: guard_class(p28, ConstClass(W_IntObject), descr=<Guard0x1007ccf40>) [i0, i1, p4, p5, p28, p7, p8, p9, p10, p11, p12, p13, p14, p15, p16, p17, p18, p19, p20, p21, i22]
+118: i30 = getfield_gc_pure(p28, descr=<FieldS pyrlang.interpreter.datatypes.number.W_IntObject.inst_intval 8>)
+122: i32 = int_sub_ovf(i30, 2)
guard_no_overflow(descr=<Guard0x1007ccee8>) [i0, i1, p4, p5, i32, p28, p7, p8, p9, p10, p11, p12, p13, p14, p15, p16, p17, p18, p19, p20, p21, i22]
+132: p33 = getfield_gc(p5, descr=<FieldP pyrlang.interpreter.interp.Process.inst_x_reg 72>)
+136: i34 = ptr_eq(p33, p4)
guard_true(i34, descr=<Guard0x1007cce90>) [i0, i1, p4, p5, p33, p7, p8, p9, p10, p11, p12, p13, p14, p15, p16, p17, p18, p19, p20, p21, i32, i22]
debug_merge_point(0, 0, '19 move x(0). y(0)')
+149: i36 = int_lt(i26, 0)
guard_false(i36, descr=<Guard0x1007cce38>) [i0, i1, p4, p5, i26, p27, p8, p9, p10, p11, p12, p13, p14, p15, p16, p17, p18, p19, p20, p21, i32, i22]
p38 = new_with_vtable(ConstClass(W_IntObject))
+245: setfield_gc(p38, i22, descr=<FieldS pyrlang.interpreter.datatypes.number.W_IntObject.inst_intval 8>)
+299: setarrayitem_gc(p27, i26, p38, descr=<ArrayP 8>)
debug_merge_point(0, 0, '20 move x(1). x(0)')
debug_merge_point(0, 0, '21 line 2')
debug_merge_point(0, 0, '22 call 1. L2')
+304: i39 = getfield_gc(p25, descr=<FieldS pyrlang.interpreter.register.Y_Register.inst_addr_top 16>)
+308: i41 = int_add(i39, 1)
+312: i42 = getfield_gc(p25, descr=<FieldS pyrlang.interpreter.register.Y_Register.inst_addr_size 8>)
+316: setfield_gc(p25, i41, descr=<FieldS pyrlang.interpreter.register.Y_Register.inst_addr_top 16>)
+320: i43 = int_ge(i41, i42)
guard_false(i43, descr=<Guard0x1007ccde0>) [i0, i1, p4, p5, i42, p25, p8, p9, p10, p11, p12, p13, p14, p15, p16, p17, p18, p19, p20, p21, i32]
+329: p44 = getfield_gc(p25, descr=<FieldP pyrlang.interpreter.register.Y_Register.inst_addrs 24>)
+333: i46 = int_lt(i41, 0)
guard_false(i46, descr=<Guard0x1007ccd88>) [i0, i1, p4, p5, i41, p44, p8, p9, p10, p11, p12, p13, p14, p15, p16, p17, p18, p19, p20, p21, i32]
+384: setarrayitem_gc(p44, i41, ConstPtr(ptr47), descr=<ArrayP 8>)
+399: i49 = int_sub(i1, 1)
+410: guard_false(i0, descr=<Guard0x1007ccd30>) [i49, p4, p5, p8, p9, p10, p11, p12, p13, p14, p15, p16, p17, p18, p19, p20, p21, i32]
+426: i51 = int_le(i49, 0)
guard_false(i51, descr=<Guard0x1007cccd8>) [i49, p4, p5, p8, p9, p10, p11, p12, p13, p14, p15, p16, p17, p18, p19, p20, p21, i32]
debug_merge_point(0, 0, '3 label 2')
+436: i53 = int_ge(i42, 1)
guard_true(i53, descr=<Guard0x1007ccc80>) [i49, p25, p4, p5, p8, p9, p10, p11, p12, p13, p14, p15, p16, p17, p18, p19, p20, p21, i32]
+446: jump(i49, p5, p4, p25, i32, p8, p9, p10, p11, p12, p13, p14, p15, p16, p17, p18, p19, p20, p21, p44, i41, p25, i39, p27, i26, i42, descr=TargetToken(4302398336))
+560: --end of the loop--
[f02d20c5aacf4] jit-log-opt-bridge}
[f02d20df63ae1] {jit-log-opt-bridge
# bridge out of Guard 0x1007159e8 with 4 ops
[i0, i1, i2, p3, p4, p5, p6, p7, p8, p9, p10, p11, p12, p13, p14, p15, p16, p17, p18, p19, p20, p21]
+59: guard_value(i2, 23, descr=<Guard0x1007ccff0>) [i0, i1, i2, p3, p4, p5, p6, p7, p8, p9, p10, p11, p12, p13, p14, p15, p16, p17, p18, p19, p20, p21]
+69: guard_value(p6, ConstPtr(ptr23), descr=<Guard0x1007cd0a0>) [i0, i1, p3, p4, p5, p6, p7, p8, p9, p10, p11, p12, p13, p14, p15, p16, p17, p18, p19, p20, p21]
debug_merge_point(0, 0, '23 line 2')
+88: jump(9, i1, i0, p5, p4, p3, ConstPtr(ptr25), p7, p8, p9, p10, p11, p12, p13, p14, p15, p16, p17, p18, p19, p20, p21, descr=TargetToken(4302401936))
+208: --end of the loop--
[f02d20df732c0] jit-log-opt-bridge}
[f02d2100dc1cc] {jit-log-opt-bridge
# bridge out of Guard 0x1007921d8 with 4 ops
[i0, p1, p2, p3, p4, p5, p6, p7, p8, p9, p10, p11, p12, p13, p14, p15, p16, i17]
+59: p18 = force_token()
+89: setfield_gc(p1, p18, descr=<FieldP pyrlang.interpreter.register.X_Register.vable_token 8>)
+93: guard_not_forced_2(descr=<Guard0x1007cd150>) [p3, p4, p5, p6, p7, p8, p9, p10, p11, p12, p13, p14, p15, p16, p1, i17]
+114: finish(ConstPtr(ptr19), descr=<DoneWithThisFrameDescrRef object at 0x10033e018>)
+224: --end of the loop--
[f02d2100e8aee] jit-log-opt-bridge}
[f02d210f94e87] {jit-log-opt-bridge
# bridge out of Guard 0x100792a18 with 42 ops
[i0, i1, i2, i3, p4, p5, p6, p7, p8, p9, p10, p11, p12, p13, p14, p15, p16, p17, p18, p19, p20, p21, i22]
+59: p23 = getfield_gc(p5, descr=<FieldP pyrlang.interpreter.interp.Process.inst_y_reg 80>)
+63: guard_value(i3, 17, descr=<Guard0x1007cd2b0>) [i1, i2, i3, p23, p4, p5, p6, p7, p8, p9, p10, p11, p12, p13, p14, p15, p16, p17, p18, p19, p20, p21, i22]
+73: guard_value(p6, ConstPtr(ptr25), descr=<Guard0x1007cd6d0>) [i1, i2, p23, p4, p5, p6, p7, p8, p9, p10, p11, p12, p13, p14, p15, p16, p17, p18, p19, p20, p21, i22]
debug_merge_point(0, 0, '17 line 2')
debug_merge_point(0, 0, '18 gc_bif2 L0. 1. 0. y(0). #2. x(1)')
+92: i26 = getfield_gc(p23, descr=<FieldS pyrlang.interpreter.register.Y_Register.inst_val_top 40>)
+96: p27 = getfield_gc(p23, descr=<FieldP pyrlang.interpreter.register.Y_Register.inst_vals 48>)
+100: p28 = getarrayitem_gc(p27, i26, descr=<ArrayP 8>)
+105: guard_class(p28, ConstClass(W_IntObject), descr=<Guard0x1007cd678>) [i1, i2, p4, p5, p28, p7, p8, p9, p10, p11, p12, p13, p14, p15, p16, p17, p18, p19, p20, p21, i22]
+119: i30 = getfield_gc_pure(p28, descr=<FieldS pyrlang.interpreter.datatypes.number.W_IntObject.inst_intval 8>)
+123: i32 = int_sub_ovf(i30, 2)
guard_no_overflow(descr=<Guard0x1007cd620>) [i1, i2, p4, p5, i32, p28, p7, p8, p9, p10, p11, p12, p13, p14, p15, p16, p17, p18, p19, p20, p21, i22]
+133: p33 = getfield_gc(p5, descr=<FieldP pyrlang.interpreter.interp.Process.inst_x_reg 72>)
+137: i34 = ptr_eq(p33, p4)
guard_true(i34, descr=<Guard0x1007cd5c8>) [i1, i2, p4, p5, p33, p7, p8, p9, p10, p11, p12, p13, p14, p15, p16, p17, p18, p19, p20, p21, i32, i22]
debug_merge_point(0, 0, '19 move x(0). y(0)')
+150: i36 = int_lt(i26, 0)
guard_false(i36, descr=<Guard0x1007cd570>) [i1, i2, p4, p5, i26, p27, p8, p9, p10, p11, p12, p13, p14, p15, p16, p17, p18, p19, p20, p21, i32, i22]
p38 = new_with_vtable(ConstClass(W_IntObject))
+239: setfield_gc(p38, i22, descr=<FieldS pyrlang.interpreter.datatypes.number.W_IntObject.inst_intval 8>)
+286: setarrayitem_gc(p27, i26, p38, descr=<ArrayP 8>)
debug_merge_point(0, 0, '20 move x(1). x(0)')
debug_merge_point(0, 0, '21 line 2')
debug_merge_point(0, 0, '22 call 1. L2')
+291: i39 = getfield_gc(p23, descr=<FieldS pyrlang.interpreter.register.Y_Register.inst_addr_top 16>)
+295: i41 = int_add(i39, 1)
+299: i42 = getfield_gc(p23, descr=<FieldS pyrlang.interpreter.register.Y_Register.inst_addr_size 8>)
+303: setfield_gc(p23, i41, descr=<FieldS pyrlang.interpreter.register.Y_Register.inst_addr_top 16>)
+307: i43 = int_ge(i41, i42)
guard_false(i43, descr=<Guard0x1007cd518>) [i1, i2, p4, p5, i42, p23, p8, p9, p10, p11, p12, p13, p14, p15, p16, p17, p18, p19, p20, p21, i32]
+316: p44 = getfield_gc(p23, descr=<FieldP pyrlang.interpreter.register.Y_Register.inst_addrs 24>)
+320: i46 = int_lt(i41, 0)
guard_false(i46, descr=<Guard0x1007cd4c0>) [i1, i2, p4, p5, i41, p44, p8, p9, p10, p11, p12, p13, p14, p15, p16, p17, p18, p19, p20, p21, i32]
+372: setarrayitem_gc(p44, i41, ConstPtr(ptr47), descr=<ArrayP 8>)
+387: i49 = int_sub(i2, 1)
+398: guard_false(i1, descr=<Guard0x1007cd468>) [i49, p4, p5, p8, p9, p10, p11, p12, p13, p14, p15, p16, p17, p18, p19, p20, p21, i32]
+414: i51 = int_le(i49, 0)
guard_false(i51, descr=<Guard0x1007cd410>) [i49, p4, p5, p8, p9, p10, p11, p12, p13, p14, p15, p16, p17, p18, p19, p20, p21, i32]
debug_merge_point(0, 0, '3 label 2')
+424: i53 = int_ge(i42, 1)
guard_true(i53, descr=<Guard0x1007cd3b8>) [i49, p23, p4, p5, p8, p9, p10, p11, p12, p13, p14, p15, p16, p17, p18, p19, p20, p21, i32]
+434: jump(i49, p5, p4, p23, i32, p8, p9, p10, p11, p12, p13, p14, p15, p16, p17, p18, p19, p20, p21, p44, i41, p23, i39, p27, i26, i42, descr=TargetToken(4302398336))
+544: --end of the loop--
[f02d210ff15aa] jit-log-opt-bridge}
[f02d217d5a259] {jit-log-opt-bridge
# bridge out of Guard 0x1007cd2b0 with 19 ops
[i0, i1, i2, p3, p4, p5, p6, p7, p8, p9, p10, p11, p12, p13, p14, p15, p16, p17, p18, p19, p20, p21, i22]
+59: guard_value(i2, 23, descr=<Guard0x1007cd780>) [i0, i1, i2, p3, p4, p5, p6, p7, p8, p9, p10, p11, p12, p13, p14, p15, p16, p17, p18, p19, p20, p21, i22]
+69: guard_value(p6, ConstPtr(ptr24), descr=<Guard0x1007cda98>) [i0, i1, p3, p4, p5, p6, p7, p8, p9, p10, p11, p12, p13, p14, p15, p16, p17, p18, p19, p20, p21, i22]
debug_merge_point(0, 0, '23 line 2')
+88: guard_nonnull(p5, descr=<Guard0x1007cda40>) [i0, i1, p3, p4, p5, p7, p8, p9, p10, p11, p12, p13, p14, p15, p16, p17, p18, p19, p20, p21, i22]
+97: guard_nonnull(p3, descr=<Guard0x1007cd9e8>) [i0, i1, p3, p4, p5, p7, p8, p9, p10, p11, p12, p13, p14, p15, p16, p17, p18, p19, p20, p21, i22]
+106: p25 = getfield_gc(p5, descr=<FieldP pyrlang.interpreter.interp.Process.inst_y_reg 80>)
+110: guard_nonnull(p25, descr=<Guard0x1007cd990>) [i0, i1, p3, p4, p5, p7, p8, p9, p10, p11, p12, p13, p14, p15, p16, p17, p18, p19, p20, p21, i22]
+119: i26 = getfield_gc(p25, descr=<FieldS pyrlang.interpreter.register.Y_Register.inst_val_top 40>)
+123: p27 = getfield_gc(p25, descr=<FieldP pyrlang.interpreter.register.Y_Register.inst_vals 48>)
+127: guard_nonnull(p27, descr=<Guard0x1007cd938>) [i0, i1, p3, p4, p5, p7, p8, p9, p10, p11, p12, p13, p14, p15, p16, p17, p18, p19, p20, p21, i22]
+136: p28 = getfield_gc(p5, descr=<FieldP pyrlang.interpreter.interp.Process.inst_x_reg 72>)
+140: i29 = ptr_eq(p28, p4)
guard_true(i29, descr=<Guard0x1007cd8e0>) [i0, i1, p3, p4, p5, p7, p8, p9, p10, p11, p12, p13, p14, p15, p16, p17, p18, p19, p20, p21, i22]
+153: i30 = getfield_gc(p25, descr=<FieldS pyrlang.interpreter.register.Y_Register.inst_addr_top 16>)
+157: i32 = int_ge(i30, -1)
guard_true(i32, descr=<Guard0x1007cd888>) [i0, i1, p3, p4, p5, p7, p8, p9, p10, p11, p12, p13, p14, p15, p16, p17, p18, p19, p20, p21, i22]
+167: p33 = getfield_gc(p25, descr=<FieldP pyrlang.interpreter.register.Y_Register.inst_addrs 24>)
+171: guard_nonnull(p33, descr=<Guard0x1007cd830>) [i0, i1, p3, p4, p5, p7, p8, p9, p10, p11, p12, p13, p14, p15, p16, p17, p18, p19, p20, p21, i22]
+180: jump(i1, i0, p5, p4, p3, i22, p7, p8, p9, p10, p11, p12, p13, p14, p15, p16, p17, p18, p19, p20, p21, p27, i26, p25, i30, p33, descr=TargetToken(4302402008))
+224: --end of the loop--
[f02d217da2514] jit-log-opt-bridge}
[f02d21884cd2a] {jit-log-opt-bridge
# bridge out of Guard 0x1007927b0 with 42 ops
[i0, i1, i2, p3, p4, p5, p6, p7, p8, p9, p10, p11, p12, p13, p14, p15, p16, p17, p18, p19, p20, p21, i22]
+59: guard_value(i2, 17, descr=<Guard0x1007cdba0>) [i0, i1, i2, p3, p4, p5, p6, p7, p8, p9, p10, p11, p12, p13, p14, p15, p16, p17, p18, p19, p20, p21, i22]
+69: guard_value(p6, ConstPtr(ptr24), descr=<Guard0x101a06020>) [i0, i1, p3, p4, p5, p6, p7, p8, p9, p10, p11, p12, p13, p14, p15, p16, p17, p18, p19, p20, p21, i22]
debug_merge_point(0, 0, '17 line 2')
+88: p25 = getfield_gc(p5, descr=<FieldP pyrlang.interpreter.interp.Process.inst_y_reg 80>)
debug_merge_point(0, 0, '18 gc_bif2 L0. 1. 0. y(0). #2. x(1)')
+99: i26 = getfield_gc(p25, descr=<FieldS pyrlang.interpreter.register.Y_Register.inst_val_top 40>)
+103: p27 = getfield_gc(p25, descr=<FieldP pyrlang.interpreter.register.Y_Register.inst_vals 48>)
+107: p28 = getarrayitem_gc(p27, i26, descr=<ArrayP 8>)
+112: guard_class(p28, ConstClass(W_IntObject), descr=<Guard0x1007cdf68>) [i0, i1, p4, p5, p28, p7, p8, p9, p10, p11, p12, p13, p14, p15, p16, p17, p18, p19, p20, p21, i22]
+125: i30 = getfield_gc_pure(p28, descr=<FieldS pyrlang.interpreter.datatypes.number.W_IntObject.inst_intval 8>)
+129: i32 = int_sub_ovf(i30, 2)
guard_no_overflow(descr=<Guard0x1007cdf10>) [i0, i1, p4, p5, i32, p28, p7, p8, p9, p10, p11, p12, p13, p14, p15, p16, p17, p18, p19, p20, p21, i22]
+139: p33 = getfield_gc(p5, descr=<FieldP pyrlang.interpreter.interp.Process.inst_x_reg 72>)
+143: i34 = ptr_eq(p33, p4)
guard_true(i34, descr=<Guard0x1007cdeb8>) [i0, i1, p4, p5, p33, p7, p8, p9, p10, p11, p12, p13, p14, p15, p16, p17, p18, p19, p20, p21, i32, i22]
debug_merge_point(0, 0, '19 move x(0). y(0)')
+156: i36 = int_lt(i26, 0)
guard_false(i36, descr=<Guard0x1007cde60>) [i0, i1, p4, p5, i26, p27, p8, p9, p10, p11, p12, p13, p14, p15, p16, p17, p18, p19, p20, p21, i32, i22]
p38 = new_with_vtable(ConstClass(W_IntObject))
+245: setfield_gc(p38, i22, descr=<FieldS pyrlang.interpreter.datatypes.number.W_IntObject.inst_intval 8>)
+290: setarrayitem_gc(p27, i26, p38, descr=<ArrayP 8>)
debug_merge_point(0, 0, '20 move x(1). x(0)')
debug_merge_point(0, 0, '21 line 2')
debug_merge_point(0, 0, '22 call 1. L2')
+295: i39 = getfield_gc(p25, descr=<FieldS pyrlang.interpreter.register.Y_Register.inst_addr_top 16>)
+299: i41 = int_add(i39, 1)
+303: i42 = getfield_gc(p25, descr=<FieldS pyrlang.interpreter.register.Y_Register.inst_addr_size 8>)
+307: setfield_gc(p25, i41, descr=<FieldS pyrlang.interpreter.register.Y_Register.inst_addr_top 16>)
+311: i43 = int_ge(i41, i42)
guard_false(i43, descr=<Guard0x1007cde08>) [i0, i1, p4, p5, i42, p25, p8, p9, p10, p11, p12, p13, p14, p15, p16, p17, p18, p19, p20, p21, i32]
+320: p44 = getfield_gc(p25, descr=<FieldP pyrlang.interpreter.register.Y_Register.inst_addrs 24>)
+324: i46 = int_lt(i41, 0)
guard_false(i46, descr=<Guard0x1007cddb0>) [i0, i1, p4, p5, i41, p44, p8, p9, p10, p11, p12, p13, p14, p15, p16, p17, p18, p19, p20, p21, i32]
+375: setarrayitem_gc(p44, i41, ConstPtr(ptr47), descr=<ArrayP 8>)
+390: i49 = int_sub(i1, 1)
+401: guard_false(i0, descr=<Guard0x1007cdd58>) [i49, p4, p5, p8, p9, p10, p11, p12, p13, p14, p15, p16, p17, p18, p19, p20, p21, i32]
+417: i51 = int_le(i49, 0)
guard_false(i51, descr=<Guard0x1007cdd00>) [i49, p4, p5, p8, p9, p10, p11, p12, p13, p14, p15, p16, p17, p18, p19, p20, p21, i32]
debug_merge_point(0, 0, '3 label 2')
+427: i53 = int_ge(i42, 1)
guard_true(i53, descr=<Guard0x1007cdca8>) [i49, p25, p4, p5, p8, p9, p10, p11, p12, p13, p14, p15, p16, p17, p18, p19, p20, p21, i32]
+437: jump(i49, p5, p4, p25, i32, p8, p9, p10, p11, p12, p13, p14, p15, p16, p17, p18, p19, p20, p21, p44, i41, p25, i39, p27, i26, i42, descr=TargetToken(4302398336))
+544: --end of the loop--
[f02d2188984f8] jit-log-opt-bridge}
[f02d21a955c66] {jit-log-opt-bridge
# bridge out of Guard 0x1007630f8 with 4 ops
[i0, p1, p2, p3, p4, p5, p6, p7, p8, p9, p10, p11, p12, p13, p14, p15, p16, i17]
+59: p18 = force_token()
+89: setfield_gc(p1, p18, descr=<FieldP pyrlang.interpreter.register.X_Register.vable_token 8>)
+93: guard_not_forced_2(descr=<Guard0x101a060d0>) [p3, p4, p5, p6, p7, p8, p9, p10, p11, p12, p13, p14, p15, p16, p1, i17]
+114: finish(ConstPtr(ptr19), descr=<DoneWithThisFrameDescrRef object at 0x10033e018>)
+224: --end of the loop--
[f02d21a965021] jit-log-opt-bridge}
[f02d2244d296f] {jit-log-opt-bridge
# bridge out of Guard 0x100793c50 with 4 ops
[i0, p1, p2, p3, p4, p5, p6, p7, p8, p9, p10, p11, p12, p13, p14, p15, p16, i17]
+59: p18 = force_token()
+89: setfield_gc(p1, p18, descr=<FieldP pyrlang.interpreter.register.X_Register.vable_token 8>)
+93: guard_not_forced_2(descr=<Guard0x101a061d8>) [p3, p4, p5, p6, p7, p8, p9, p10, p11, p12, p13, p14, p15, p16, p1, i17]
+114: finish(ConstPtr(ptr19), descr=<DoneWithThisFrameDescrRef object at 0x10033e018>)
+224: --end of the loop--
[f02d2244defba] jit-log-opt-bridge}
[f02d51205a804] {jit-backend-counts
entry 0:269892
TargetToken(4302397472):269892
TargetToken(4302397544):267742225
bridge 4302390512:102229346
TargetToken(4302398336):267806331
bridge 4302391392:166315
bridge 4302393944:165473830
entry 1:1529
bridge 4302396496:102291985
bridge 4302393328:39086897
bridge 4302708856:24132900
bridge 4302714136:24156824
entry 2:515
TargetToken(4302401936):63475
TargetToken(4302402008):39043
bridge 4302713608:5702502
TargetToken(4302402296):9226839
bridge 4302716072:9217302
TargetToken(4302402728):14913905
bridge 4302909600:5702302
bridge 4302911360:9217101
bridge 4302390688:101818
bridge 4302389984:101981
bridge 4302711496:63232
bridge 4302392800:63160
bridge 4302907840:125
bridge 4302395880:62960
bridge 4302905816:23847
bridge 4302907928:62760
bridge 4303147696:23897
bridge 4302907312:23880
bridge 4302713080:8983
bridge 4302912592:5495
[f02d51206c57c] jit-backend-counts}
