[f38d41adaa0f4] {jit-backend-counts
[f38d41adaf4a6] jit-backend-counts}
[f38d41c4b3edd] {jit-log-opt-loop
# Loop 0 (3 label 2) : loop with 685 ops
[i0, i1, i2, p3, p4, p5]
+134: p6 = getfield_gc(p4, descr=<FieldP pyrlang.interpreter.register.X_Register.inst_regs 16>)
+145: p8 = getarrayitem_gc(p6, 0, descr=<ArrayP 8>)
+149: p10 = getarrayitem_gc(p6, 1, descr=<ArrayP 8>)
+153: p12 = getarrayitem_gc(p6, 2, descr=<ArrayP 8>)
+157: p14 = getarrayitem_gc(p6, 3, descr=<ArrayP 8>)
+161: p16 = getarrayitem_gc(p6, 4, descr=<ArrayP 8>)
+165: p18 = getarrayitem_gc(p6, 5, descr=<ArrayP 8>)
+169: p20 = getarrayitem_gc(p6, 6, descr=<ArrayP 8>)
+173: p22 = getarrayitem_gc(p6, 7, descr=<ArrayP 8>)
+177: p24 = getarrayitem_gc(p6, 8, descr=<ArrayP 8>)
+181: p26 = getarrayitem_gc(p6, 9, descr=<ArrayP 8>)
+185: p28 = getarrayitem_gc(p6, 10, descr=<ArrayP 8>)
+189: p30 = getarrayitem_gc(p6, 11, descr=<ArrayP 8>)
+193: p32 = getarrayitem_gc(p6, 12, descr=<ArrayP 8>)
+204: p34 = getarrayitem_gc(p6, 13, descr=<ArrayP 8>)
+215: p36 = getarrayitem_gc(p6, 14, descr=<ArrayP 8>)
+229: p38 = getarrayitem_gc(p6, 15, descr=<ArrayP 8>)
+243: label(i0, i1, i2, p3, p4, p5, p8, p10, p12, p14, p16, p18, p20, p22, p24, p26, p28, p30, p32, p34, p36, p38, descr=TargetToken(4302454816))
debug_merge_point(0, 0, '3 label 2')
+333: p39 = getfield_gc(p3, descr=<FieldP pyrlang.interpreter.interp.Process.inst_y_reg 80>)
debug_merge_point(0, 0, '4 is_integer L4. x(0)')
+344: p40 = getfield_gc(p3, descr=<FieldP pyrlang.interpreter.interp.Process.inst_x_reg 72>)
+348: i41 = ptr_eq(p40, p4)
guard_true(i41, descr=<Guard0x100716910>) [i2, i1, i0, p4, p3, p40, p8, p10, p12, p14, p16, p18, p20, p22, p24, p26, p28, p30, p32, p34, p36, p38]
+361: guard_nonnull_class(p8, ConstClass(W_IntObject), descr=<Guard0x100761d58>) [i2, i1, i0, p4, p3, p8, p10, p12, p14, p16, p18, p20, p22, p24, p26, p28, p30, p32, p34, p36, p38]
debug_merge_point(0, 0, '5 select_val x(0). L4. [(#1. L3). (#0. L3)]')
+379: i43 = getfield_gc_pure(p8, descr=<FieldS pyrlang.interpreter.datatypes.number.W_IntObject.inst_intval 8>)
+383: i45 = int_eq(i43, 0)
guard_false(i45, descr=<Guard0x100761d00>) [i2, i1, i0, p4, p3, p8, p10, p12, p14, p16, p18, p20, p22, p24, p26, p28, p30, p32, p34, p36, p38]
+393: i47 = int_eq(i43, 1)
guard_true(i47, descr=<Guard0x100761ca8>) [i2, i1, i0, p4, p3, p8, p10, p12, p14, p16, p18, p20, p22, p24, p26, p28, p30, p32, p34, p36, p38]
debug_merge_point(0, 0, '6 label 3')
debug_merge_point(0, 0, '7 move #0. x(0)')
debug_merge_point(0, 0, '8 return ')
+403: i48 = getfield_gc(p39, descr=<FieldS pyrlang.interpreter.register.Y_Register.inst_addr_top 16>)
+407: i50 = int_eq(i48, -1)
guard_false(i50, descr=<Guard0x100761c50>) [i0, i2, i1, p39, p4, p3, p10, p12, p14, p16, p18, p20, p22, p24, p26, p28, p30, p32, p34, p36, p38]
+417: p51 = getfield_gc(p39, descr=<FieldP pyrlang.interpreter.register.Y_Register.inst_addrs 24>)
+421: i53 = int_lt(i48, 0)
guard_false(i53, descr=<Guard0x100761bf8>) [i48, i0, i2, i1, p39, p51, p4, p3, p10, p12, p14, p16, p18, p20, p22, p24, p26, p28, p30, p32, p34, p36, p38]
+431: p54 = getarrayitem_gc(p51, i48, descr=<ArrayP 8>)
+436: i56 = int_sub(i48, 1)
+440: p57 = getfield_gc_pure(p54, descr=<FieldP tuple2.item0 8>)
+444: i58 = getfield_gc_pure(p54, descr=<FieldS tuple2.item1 16>)
+448: setfield_gc(p39, i56, descr=<FieldS pyrlang.interpreter.register.Y_Register.inst_addr_top 16>)
+452: i60 = int_eq(9, i0)
guard_false(i60, descr=<Guard0x100761ba0>) [i0, i2, i1, i58, p4, p3, p57, p10, p12, p14, p16, p18, p20, p22, p24, p26, p28, p30, p32, p34, p36, p38]
+466: guard_value(i58, 17, descr=<Guard0x100761b48>) [i2, i1, i58, p39, p4, p3, p57, p10, p12, p14, p16, p18, p20, p22, p24, p26, p28, p30, p32, p34, p36, p38]
+476: guard_value(p57, ConstPtr(ptr62), descr=<Guard0x100761af0>) [i2, i1, p39, p4, p3, p57, p10, p12, p14, p16, p18, p20, p22, p24, p26, p28, p30, p32, p34, p36, p38]
debug_merge_point(0, 0, '17 line 2')
debug_merge_point(0, 0, '18 gc_bif2 L0. 1. 0. y(0). #2. x(1)')
+495: i63 = getfield_gc(p39, descr=<FieldS pyrlang.interpreter.register.Y_Register.inst_val_top 40>)
+499: p64 = getfield_gc(p39, descr=<FieldP pyrlang.interpreter.register.Y_Register.inst_vals 48>)
+503: p65 = getarrayitem_gc(p64, i63, descr=<ArrayP 8>)
+508: guard_class(p65, ConstClass(W_IntObject), descr=<Guard0x100761a98>) [i2, i1, p4, p3, p65, p10, p12, p14, p16, p18, p20, p22, p24, p26, p28, p30, p32, p34, p36, p38]
+520: i67 = getfield_gc_pure(p65, descr=<FieldS pyrlang.interpreter.datatypes.number.W_IntObject.inst_intval 8>)
+524: i69 = int_sub_ovf(i67, 2)
guard_no_overflow(descr=<Guard0x100761a40>) [i2, i1, p4, p3, i69, p65, p10, p12, p14, p16, p18, p20, p22, p24, p26, p28, p30, p32, p34, p36, p38]
debug_merge_point(0, 0, '19 move x(0). y(0)')
+534: i71 = int_lt(i63, 0)
guard_false(i71, descr=<Guard0x1007619e8>) [i2, i1, p4, p3, i63, p64, p12, p14, p16, p18, p20, p22, p24, p26, p28, p30, p32, p34, p36, p38, i69]
+585: setarrayitem_gc(p64, i63, ConstPtr(ptr72), descr=<ArrayP 8>)
debug_merge_point(0, 0, '20 move x(1). x(0)')
debug_merge_point(0, 0, '21 line 2')
debug_merge_point(0, 0, '22 call 1. L2')
+600: i73 = getfield_gc(p39, descr=<FieldS pyrlang.interpreter.register.Y_Register.inst_addr_size 8>)
+604: setfield_gc(p39, i48, descr=<FieldS pyrlang.interpreter.register.Y_Register.inst_addr_top 16>)
+608: i74 = int_ge(i48, i73)
guard_false(i74, descr=<Guard0x100761990>) [i2, i1, p4, p3, i73, p39, p12, p14, p16, p18, p20, p22, p24, p26, p28, p30, p32, p34, p36, p38, i69]
+656: setarrayitem_gc(p51, i48, ConstPtr(ptr75), descr=<ArrayP 8>)
+671: i77 = int_sub(i1, 1)
+682: guard_true(i2, descr=<Guard0x100761938>) [i77, p4, p3, p12, p14, p16, p18, p20, p22, p24, p26, p28, p30, p32, p34, p36, p38, i69]
debug_merge_point(0, 0, '3 label 2')
debug_merge_point(0, 0, '4 is_integer L4. x(0)')
debug_merge_point(0, 0, '5 select_val x(0). L4. [(#1. L3). (#0. L3)]')
+698: i79 = int_eq(i69, 0)
guard_true(i79, descr=<Guard0x1007618e0>) [i77, p4, p3, p12, p14, p16, p18, p20, p22, p24, p26, p28, p30, p32, p34, p36, p38, i69]
debug_merge_point(0, 0, '6 label 3')
debug_merge_point(0, 0, '7 move #0. x(0)')
debug_merge_point(0, 0, '8 return ')
+708: p80 = getarrayitem_gc(p51, i48, descr=<ArrayP 8>)
+713: p81 = getfield_gc_pure(p80, descr=<FieldP tuple2.item0 8>)
+717: i82 = getfield_gc_pure(p80, descr=<FieldS tuple2.item1 16>)
+721: setfield_gc(p39, i56, descr=<FieldS pyrlang.interpreter.register.Y_Register.inst_addr_top 16>)
+725: guard_value(i82, 23, descr=<Guard0x100761888>) [i77, i82, p39, p4, p3, p81, p12, p14, p16, p18, p20, p22, p24, p26, p28, p30, p32, p34, p36, p38, None]
+735: guard_value(p81, ConstPtr(ptr85), descr=<Guard0x100761830>) [i77, p39, p4, p3, p81, p12, p14, p16, p18, p20, p22, p24, p26, p28, p30, p32, p34, p36, p38, None]
debug_merge_point(0, 0, '23 line 2')
debug_merge_point(0, 0, '24 gc_bif2 L0. 1. 1. y(0). x(0). x(0)')
+754: p86 = getarrayitem_gc(p64, i63, descr=<ArrayP 8>)
+759: guard_class(p86, ConstClass(W_IntObject), descr=<Guard0x1007617d8>) [i77, p4, p3, p86, p12, p14, p16, p18, p20, p22, p24, p26, p28, p30, p32, p34, p36, p38, None]
+771: i88 = getfield_gc_pure(p86, descr=<FieldS pyrlang.interpreter.datatypes.number.W_IntObject.inst_intval 8>)
+775: i90 = int_add_ovf(i88, 1)
guard_no_overflow(descr=<Guard0x100761780>) [i77, p4, p3, i90, p86, p12, p14, p16, p18, p20, p22, p24, p26, p28, p30, p32, p34, p36, p38, None]
debug_merge_point(0, 0, '25 deallocate 1')
+785: i92 = int_sub(i63, 1)
debug_merge_point(0, 0, '26 return ')
+789: setfield_gc(p39, i92, descr=<FieldS pyrlang.interpreter.register.Y_Register.inst_val_top 40>)
+793: i94 = int_eq(i56, -1)
guard_false(i94, descr=<Guard0x100761728>) [i77, p39, p4, p3, p12, p14, p16, p18, p20, p22, p24, p26, p28, p30, p32, p34, p36, p38, i90, None]
+803: i96 = int_lt(i56, 0)
guard_false(i96, descr=<Guard0x1007616d0>) [i56, i77, p39, p51, p4, p3, p12, p14, p16, p18, p20, p22, p24, p26, p28, p30, p32, p34, p36, p38, i90, None]
+813: p97 = getarrayitem_gc(p51, i56, descr=<ArrayP 8>)
+818: i99 = int_sub(i56, 1)
+822: p100 = getfield_gc_pure(p97, descr=<FieldP tuple2.item0 8>)
+826: i101 = getfield_gc_pure(p97, descr=<FieldS tuple2.item1 16>)
+830: setfield_gc(p39, i99, descr=<FieldS pyrlang.interpreter.register.Y_Register.inst_addr_top 16>)
+834: guard_value(i101, 17, descr=<Guard0x100761678>) [i77, i101, p39, p4, p3, p100, p12, p14, p16, p18, p20, p22, p24, p26, p28, p30, p32, p34, p36, p38, i90, None]
+844: guard_value(p100, ConstPtr(ptr103), descr=<Guard0x100761620>) [i77, p39, p4, p3, p100, p12, p14, p16, p18, p20, p22, p24, p26, p28, p30, p32, p34, p36, p38, i90, None]
debug_merge_point(0, 0, '17 line 2')
debug_merge_point(0, 0, '18 gc_bif2 L0. 1. 0. y(0). #2. x(1)')
+863: p104 = getarrayitem_gc(p64, i92, descr=<ArrayP 8>)
+868: guard_class(p104, ConstClass(W_IntObject), descr=<Guard0x1007615c8>) [i77, p4, p3, p104, p12, p14, p16, p18, p20, p22, p24, p26, p28, p30, p32, p34, p36, p38, i90, None]
+880: i106 = getfield_gc_pure(p104, descr=<FieldS pyrlang.interpreter.datatypes.number.W_IntObject.inst_intval 8>)
+884: i108 = int_sub_ovf(i106, 2)
guard_no_overflow(descr=<Guard0x100761570>) [i77, p4, p3, i108, p104, p12, p14, p16, p18, p20, p22, p24, p26, p28, p30, p32, p34, p36, p38, i90, None]
debug_merge_point(0, 0, '19 move x(0). y(0)')
+894: i110 = int_lt(i92, 0)
guard_false(i110, descr=<Guard0x100761518>) [i77, p4, p3, i92, p64, p12, p14, p16, p18, p20, p22, p24, p26, p28, p30, p32, p34, p36, p38, i108, i90, None]
p112 = new_with_vtable(ConstClass(W_IntObject))
+997: setfield_gc(p112, i90, descr=<FieldS pyrlang.interpreter.datatypes.number.W_IntObject.inst_intval 8>)
+1049: setarrayitem_gc(p64, i92, p112, descr=<ArrayP 8>)
debug_merge_point(0, 0, '20 move x(1). x(0)')
debug_merge_point(0, 0, '21 line 2')
debug_merge_point(0, 0, '22 call 1. L2')
+1054: setfield_gc(p39, i56, descr=<FieldS pyrlang.interpreter.register.Y_Register.inst_addr_top 16>)
+1058: i113 = int_ge(i56, i73)
guard_false(i113, descr=<Guard0x1007614c0>) [i77, p4, p3, i73, p39, p12, p14, p16, p18, p20, p22, p24, p26, p28, p30, p32, p34, p36, p38, i108]
+1106: setarrayitem_gc(p51, i56, ConstPtr(ptr114), descr=<ArrayP 8>)
+1121: i116 = int_sub(i77, 1)
debug_merge_point(0, 0, '3 label 2')
debug_merge_point(0, 0, '4 is_integer L4. x(0)')
debug_merge_point(0, 0, '5 select_val x(0). L4. [(#1. L3). (#0. L3)]')
+1126: i118 = int_eq(i108, 0)
guard_false(i118, descr=<Guard0x100761468>) [i116, p4, p3, p12, p14, p16, p18, p20, p22, p24, p26, p28, p30, p32, p34, p36, p38, i108]
+1140: i120 = int_eq(i108, 1)
guard_true(i120, descr=<Guard0x100761410>) [i116, p4, p3, p12, p14, p16, p18, p20, p22, p24, p26, p28, p30, p32, p34, p36, p38, i108]
debug_merge_point(0, 0, '6 label 3')
debug_merge_point(0, 0, '7 move #0. x(0)')
debug_merge_point(0, 0, '8 return ')
+1154: p121 = getarrayitem_gc(p51, i56, descr=<ArrayP 8>)
+1159: p122 = getfield_gc_pure(p121, descr=<FieldP tuple2.item0 8>)
+1164: i123 = getfield_gc_pure(p121, descr=<FieldS tuple2.item1 16>)
+1169: setfield_gc(p39, i99, descr=<FieldS pyrlang.interpreter.register.Y_Register.inst_addr_top 16>)
+1173: guard_value(i123, 23, descr=<Guard0x1007613b8>) [i116, i123, p39, p4, p3, p122, p12, p14, p16, p18, p20, p22, p24, p26, p28, p30, p32, p34, p36, p38, None]
+1183: guard_value(p122, ConstPtr(ptr125), descr=<Guard0x100761360>) [i116, p39, p4, p3, p122, p12, p14, p16, p18, p20, p22, p24, p26, p28, p30, p32, p34, p36, p38, None]
debug_merge_point(0, 0, '23 line 2')
debug_merge_point(0, 0, '24 gc_bif2 L0. 1. 1. y(0). x(0). x(0)')
+1202: p126 = getarrayitem_gc(p64, i92, descr=<ArrayP 8>)
+1207: guard_class(p126, ConstClass(W_IntObject), descr=<Guard0x100761308>) [i116, p4, p3, p126, p12, p14, p16, p18, p20, p22, p24, p26, p28, p30, p32, p34, p36, p38, None]
+1219: i128 = getfield_gc_pure(p126, descr=<FieldS pyrlang.interpreter.datatypes.number.W_IntObject.inst_intval 8>)
+1223: i130 = int_add_ovf(i128, 1)
guard_no_overflow(descr=<Guard0x1007612b0>) [i116, p4, p3, i130, p126, p12, p14, p16, p18, p20, p22, p24, p26, p28, p30, p32, p34, p36, p38, None]
debug_merge_point(0, 0, '25 deallocate 1')
+1233: i132 = int_sub(i92, 1)
debug_merge_point(0, 0, '26 return ')
+1237: setfield_gc(p39, i132, descr=<FieldS pyrlang.interpreter.register.Y_Register.inst_val_top 40>)
+1241: i134 = int_eq(i99, -1)
guard_false(i134, descr=<Guard0x100761258>) [i116, p39, p4, p3, p12, p14, p16, p18, p20, p22, p24, p26, p28, p30, p32, p34, p36, p38, i130, None]
+1251: i136 = int_lt(i99, 0)
guard_false(i136, descr=<Guard0x100761200>) [i99, i116, p39, p51, p4, p3, p12, p14, p16, p18, p20, p22, p24, p26, p28, p30, p32, p34, p36, p38, i130, None]
+1261: p137 = getarrayitem_gc(p51, i99, descr=<ArrayP 8>)
+1266: i139 = int_sub(i99, 1)
+1270: p140 = getfield_gc_pure(p137, descr=<FieldP tuple2.item0 8>)
+1282: i141 = getfield_gc_pure(p137, descr=<FieldS tuple2.item1 16>)
+1294: setfield_gc(p39, i139, descr=<FieldS pyrlang.interpreter.register.Y_Register.inst_addr_top 16>)
+1298: guard_value(i141, 17, descr=<Guard0x1007611a8>) [i116, i141, p39, p4, p3, p140, p12, p14, p16, p18, p20, p22, p24, p26, p28, p30, p32, p34, p36, p38, i130, None]
+1308: guard_value(p140, ConstPtr(ptr143), descr=<Guard0x100761150>) [i116, p39, p4, p3, p140, p12, p14, p16, p18, p20, p22, p24, p26, p28, p30, p32, p34, p36, p38, i130, None]
debug_merge_point(0, 0, '17 line 2')
debug_merge_point(0, 0, '18 gc_bif2 L0. 1. 0. y(0). #2. x(1)')
+1327: p144 = getarrayitem_gc(p64, i132, descr=<ArrayP 8>)
+1339: guard_class(p144, ConstClass(W_IntObject), descr=<Guard0x1007610f8>) [i116, p4, p3, p144, p12, p14, p16, p18, p20, p22, p24, p26, p28, p30, p32, p34, p36, p38, i130, None]
+1352: i146 = getfield_gc_pure(p144, descr=<FieldS pyrlang.interpreter.datatypes.number.W_IntObject.inst_intval 8>)
+1356: i148 = int_sub_ovf(i146, 2)
guard_no_overflow(descr=<Guard0x1007610a0>) [i116, p4, p3, i148, p144, p12, p14, p16, p18, p20, p22, p24, p26, p28, p30, p32, p34, p36, p38, i130, None]
debug_merge_point(0, 0, '19 move x(0). y(0)')
+1366: i150 = int_lt(i132, 0)
guard_false(i150, descr=<Guard0x100761048>) [i116, p4, p3, i132, p64, p12, p14, p16, p18, p20, p22, p24, p26, p28, p30, p32, p34, p36, p38, i148, i130, None]
p152 = new_with_vtable(ConstClass(W_IntObject))
+1387: setfield_gc(p152, i130, descr=<FieldS pyrlang.interpreter.datatypes.number.W_IntObject.inst_intval 8>)
+1430: setarrayitem_gc(p64, i132, p152, descr=<ArrayP 8>)
debug_merge_point(0, 0, '20 move x(1). x(0)')
debug_merge_point(0, 0, '21 line 2')
debug_merge_point(0, 0, '22 call 1. L2')
+1435: setfield_gc(p39, i99, descr=<FieldS pyrlang.interpreter.register.Y_Register.inst_addr_top 16>)
+1439: i153 = int_ge(i99, i73)
guard_false(i153, descr=<Guard0x100760ff0>) [i116, p4, p3, i73, p39, p12, p14, p16, p18, p20, p22, p24, p26, p28, p30, p32, p34, p36, p38, i148]
+1496: setarrayitem_gc(p51, i99, ConstPtr(ptr154), descr=<ArrayP 8>)
+1511: i156 = int_sub(i116, 1)
debug_merge_point(0, 0, '3 label 2')
debug_merge_point(0, 0, '4 is_integer L4. x(0)')
debug_merge_point(0, 0, '5 select_val x(0). L4. [(#1. L3). (#0. L3)]')
+1515: i158 = int_eq(i148, 0)
guard_false(i158, descr=<Guard0x100760f98>) [i156, p4, p3, p12, p14, p16, p18, p20, p22, p24, p26, p28, p30, p32, p34, p36, p38, i148]
+1525: i160 = int_eq(i148, 1)
guard_false(i160, descr=<Guard0x100760f40>) [i156, p4, p3, p12, p14, p16, p18, p20, p22, p24, p26, p28, p30, p32, p34, p36, p38, i148]
debug_merge_point(0, 0, '9 label 4')
debug_merge_point(0, 0, '10 allocate_zero 1. 1')
+1535: i161 = getfield_gc(p39, descr=<FieldS pyrlang.interpreter.register.Y_Register.inst_val_size 32>)
+1539: setfield_gc(p39, i92, descr=<FieldS pyrlang.interpreter.register.Y_Register.inst_val_top 40>)
+1543: i162 = int_ge(i92, i161)
guard_false(i162, descr=<Guard0x100760ee8>) [i156, p4, p3, i92, i161, p39, p12, p14, p16, p18, p20, p22, p24, p26, p28, p30, p32, p34, p36, p38, i148]
+1552: setarrayitem_gc(p64, i92, ConstPtr(ptr163), descr=<ArrayP 8>)
debug_merge_point(0, 0, '11 line 2')
debug_merge_point(0, 0, '12 gc_bif2 L0. 1. 0. x(0). #0. x(1)')
+1567: i165 = int_sub_ovf(i148, 1)
guard_no_overflow(descr=<Guard0x100760e90>) [i156, p4, p3, i165, p12, p14, p16, p18, p20, p22, p24, p26, p28, p30, p32, p34, p36, p38, i148]
debug_merge_point(0, 0, '13 move x(0). y(0)')
p167 = new_with_vtable(ConstClass(W_IntObject))
+1602: setfield_gc(p167, i148, descr=<FieldS pyrlang.interpreter.datatypes.number.W_IntObject.inst_intval 8>)
+1652: setarrayitem_gc(p64, i92, p167, descr=<ArrayP 8>)
debug_merge_point(0, 0, '14 move x(1). x(0)')
debug_merge_point(0, 0, '15 line 2')
debug_merge_point(0, 0, '16 call 1. L2')
+1698: setarrayitem_gc(p51, i56, ConstPtr(ptr168), descr=<ArrayP 8>)
+1713: i170 = int_sub(i156, 1)
debug_merge_point(0, 0, '3 label 2')
debug_merge_point(0, 0, '4 is_integer L4. x(0)')
debug_merge_point(0, 0, '5 select_val x(0). L4. [(#1. L3). (#0. L3)]')
+1717: setfield_gc(p39, i56, descr=<FieldS pyrlang.interpreter.register.Y_Register.inst_addr_top 16>)
+1721: i172 = int_eq(i165, 0)
guard_false(i172, descr=<Guard0x100760e38>) [i170, p4, p3, p12, p14, p16, p18, p20, p22, p24, p26, p28, p30, p32, p34, p36, p38, i165]
+1731: i174 = int_eq(i165, 1)
guard_true(i174, descr=<Guard0x100760de0>) [i170, p4, p3, p12, p14, p16, p18, p20, p22, p24, p26, p28, p30, p32, p34, p36, p38, i165]
debug_merge_point(0, 0, '6 label 3')
debug_merge_point(0, 0, '7 move #0. x(0)')
debug_merge_point(0, 0, '8 return ')
+1741: p175 = getarrayitem_gc(p51, i56, descr=<ArrayP 8>)
+1746: p176 = getfield_gc_pure(p175, descr=<FieldP tuple2.item0 8>)
+1751: i177 = getfield_gc_pure(p175, descr=<FieldS tuple2.item1 16>)
+1763: setfield_gc(p39, i99, descr=<FieldS pyrlang.interpreter.register.Y_Register.inst_addr_top 16>)
+1774: guard_value(i177, 17, descr=<Guard0x100760d88>) [i170, i177, p39, p4, p3, p176, p12, p14, p16, p18, p20, p22, p24, p26, p28, p30, p32, p34, p36, p38, None]
+1784: guard_value(p176, ConstPtr(ptr179), descr=<Guard0x100760d30>) [i170, p39, p4, p3, p176, p12, p14, p16, p18, p20, p22, p24, p26, p28, p30, p32, p34, p36, p38, None]
debug_merge_point(0, 0, '17 line 2')
debug_merge_point(0, 0, '18 gc_bif2 L0. 1. 0. y(0). #2. x(1)')
+1803: p180 = getarrayitem_gc(p64, i92, descr=<ArrayP 8>)
+1808: guard_class(p180, ConstClass(W_IntObject), descr=<Guard0x100760cd8>) [i170, p4, p3, p180, p12, p14, p16, p18, p20, p22, p24, p26, p28, p30, p32, p34, p36, p38, None]
+1820: i182 = getfield_gc_pure(p180, descr=<FieldS pyrlang.interpreter.datatypes.number.W_IntObject.inst_intval 8>)
+1824: i184 = int_sub_ovf(i182, 2)
guard_no_overflow(descr=<Guard0x100760c80>) [i170, p4, p3, i184, p180, p12, p14, p16, p18, p20, p22, p24, p26, p28, p30, p32, p34, p36, p38, None]
debug_merge_point(0, 0, '19 move x(0). y(0)')
+1873: setarrayitem_gc(p64, i92, ConstPtr(ptr185), descr=<ArrayP 8>)
debug_merge_point(0, 0, '20 move x(1). x(0)')
debug_merge_point(0, 0, '21 line 2')
debug_merge_point(0, 0, '22 call 1. L2')
+1929: setarrayitem_gc(p51, i56, ConstPtr(ptr186), descr=<ArrayP 8>)
+1944: i188 = int_sub(i170, 1)
debug_merge_point(0, 0, '3 label 2')
debug_merge_point(0, 0, '4 is_integer L4. x(0)')
debug_merge_point(0, 0, '5 select_val x(0). L4. [(#1. L3). (#0. L3)]')
+1948: setfield_gc(p39, i56, descr=<FieldS pyrlang.interpreter.register.Y_Register.inst_addr_top 16>)
+1952: i190 = int_eq(i184, 0)
guard_true(i190, descr=<Guard0x100760c28>) [i188, p4, p3, p12, p14, p16, p18, p20, p22, p24, p26, p28, p30, p32, p34, p36, p38, i184]
debug_merge_point(0, 0, '6 label 3')
debug_merge_point(0, 0, '7 move #0. x(0)')
debug_merge_point(0, 0, '8 return ')
+1962: p191 = getarrayitem_gc(p51, i56, descr=<ArrayP 8>)
+1967: p192 = getfield_gc_pure(p191, descr=<FieldP tuple2.item0 8>)
+1971: i193 = getfield_gc_pure(p191, descr=<FieldS tuple2.item1 16>)
+1982: setfield_gc(p39, i99, descr=<FieldS pyrlang.interpreter.register.Y_Register.inst_addr_top 16>)
+1986: guard_value(i193, 23, descr=<Guard0x100760bd0>) [i188, i193, p39, p4, p3, p192, p12, p14, p16, p18, p20, p22, p24, p26, p28, p30, p32, p34, p36, p38, None]
+1996: guard_value(p192, ConstPtr(ptr195), descr=<Guard0x100760b78>) [i188, p39, p4, p3, p192, p12, p14, p16, p18, p20, p22, p24, p26, p28, p30, p32, p34, p36, p38, None]
debug_merge_point(0, 0, '23 line 2')
debug_merge_point(0, 0, '24 gc_bif2 L0. 1. 1. y(0). x(0). x(0)')
+2015: p196 = getarrayitem_gc(p64, i92, descr=<ArrayP 8>)
+2020: guard_class(p196, ConstClass(W_IntObject), descr=<Guard0x100760b20>) [i188, p4, p3, p196, p12, p14, p16, p18, p20, p22, p24, p26, p28, p30, p32, p34, p36, p38, None]
+2033: i198 = getfield_gc_pure(p196, descr=<FieldS pyrlang.interpreter.datatypes.number.W_IntObject.inst_intval 8>)
+2037: i200 = int_add_ovf(i198, 1)
guard_no_overflow(descr=<Guard0x100760ac8>) [i188, p4, p3, i200, p196, p12, p14, p16, p18, p20, p22, p24, p26, p28, p30, p32, p34, p36, p38, None]
debug_merge_point(0, 0, '25 deallocate 1')
debug_merge_point(0, 0, '26 return ')
+2047: p201 = getarrayitem_gc(p51, i99, descr=<ArrayP 8>)
+2052: p202 = getfield_gc_pure(p201, descr=<FieldP tuple2.item0 8>)
+2056: i203 = getfield_gc_pure(p201, descr=<FieldS tuple2.item1 16>)
+2067: setfield_gc(p39, i139, descr=<FieldS pyrlang.interpreter.register.Y_Register.inst_addr_top 16>)
+2078: setfield_gc(p39, i132, descr=<FieldS pyrlang.interpreter.register.Y_Register.inst_val_top 40>)
+2089: guard_value(i203, 23, descr=<Guard0x100760a70>) [i188, i203, p39, p4, p3, p202, p12, p14, p16, p18, p20, p22, p24, p26, p28, p30, p32, p34, p36, p38, i200, None]
+2099: guard_value(p202, ConstPtr(ptr205), descr=<Guard0x100760a18>) [i188, p39, p4, p3, p202, p12, p14, p16, p18, p20, p22, p24, p26, p28, p30, p32, p34, p36, p38, i200, None]
debug_merge_point(0, 0, '23 line 2')
debug_merge_point(0, 0, '24 gc_bif2 L0. 1. 1. y(0). x(0). x(0)')
+2118: p206 = getarrayitem_gc(p64, i132, descr=<ArrayP 8>)
+2130: guard_class(p206, ConstClass(W_IntObject), descr=<Guard0x1007609c0>) [i188, p4, p3, p206, p12, p14, p16, p18, p20, p22, p24, p26, p28, p30, p32, p34, p36, p38, i200, None]
+2143: i208 = getfield_gc_pure(p206, descr=<FieldS pyrlang.interpreter.datatypes.number.W_IntObject.inst_intval 8>)
+2147: i209 = int_add_ovf(i208, i200)
guard_no_overflow(descr=<Guard0x100760968>) [i188, p4, p3, i209, p206, p12, p14, p16, p18, p20, p22, p24, p26, p28, p30, p32, p34, p36, p38, i200, None]
debug_merge_point(0, 0, '25 deallocate 1')
+2156: i211 = int_sub(i132, 1)
debug_merge_point(0, 0, '26 return ')
+2160: setfield_gc(p39, i211, descr=<FieldS pyrlang.interpreter.register.Y_Register.inst_val_top 40>)
+2164: i213 = int_eq(i139, -1)
guard_false(i213, descr=<Guard0x100760910>) [i188, p39, p4, p3, p12, p14, p16, p18, p20, p22, p24, p26, p28, p30, p32, p34, p36, p38, i209, None, None]
+2174: i215 = int_lt(i139, 0)
guard_false(i215, descr=<Guard0x1007608b8>) [i139, i188, p39, p51, p4, p3, p12, p14, p16, p18, p20, p22, p24, p26, p28, p30, p32, p34, p36, p38, i209, None, None]
+2184: p216 = getarrayitem_gc(p51, i139, descr=<ArrayP 8>)
+2203: i218 = int_sub(i139, 1)
+2207: p219 = getfield_gc_pure(p216, descr=<FieldP tuple2.item0 8>)
+2211: i220 = getfield_gc_pure(p216, descr=<FieldS tuple2.item1 16>)
+2215: setfield_gc(p39, i218, descr=<FieldS pyrlang.interpreter.register.Y_Register.inst_addr_top 16>)
+2219: guard_value(i220, 17, descr=<Guard0x100760860>) [i188, i220, p39, p4, p3, p219, p12, p14, p16, p18, p20, p22, p24, p26, p28, p30, p32, p34, p36, p38, i209, None, None]
+2229: guard_value(p219, ConstPtr(ptr222), descr=<Guard0x100760808>) [i188, p39, p4, p3, p219, p12, p14, p16, p18, p20, p22, p24, p26, p28, p30, p32, p34, p36, p38, i209, None, None]
debug_merge_point(0, 0, '17 line 2')
debug_merge_point(0, 0, '18 gc_bif2 L0. 1. 0. y(0). #2. x(1)')
+2248: p223 = getarrayitem_gc(p64, i211, descr=<ArrayP 8>)
+2253: guard_class(p223, ConstClass(W_IntObject), descr=<Guard0x1007607b0>) [i188, p4, p3, p223, p12, p14, p16, p18, p20, p22, p24, p26, p28, p30, p32, p34, p36, p38, i209, None, None]
+2266: i225 = getfield_gc_pure(p223, descr=<FieldS pyrlang.interpreter.datatypes.number.W_IntObject.inst_intval 8>)
+2270: i227 = int_sub_ovf(i225, 2)
guard_no_overflow(descr=<Guard0x100760758>) [i188, p4, p3, i227, p223, p12, p14, p16, p18, p20, p22, p24, p26, p28, p30, p32, p34, p36, p38, i209, None, None]
debug_merge_point(0, 0, '19 move x(0). y(0)')
+2280: i229 = int_lt(i211, 0)
guard_false(i229, descr=<Guard0x100760700>) [i188, p4, p3, i211, p64, p12, p14, p16, p18, p20, p22, p24, p26, p28, p30, p32, p34, p36, p38, i227, i209, None, None]
p231 = new_with_vtable(ConstClass(W_IntObject))
+2301: setfield_gc(p231, i209, descr=<FieldS pyrlang.interpreter.datatypes.number.W_IntObject.inst_intval 8>)
+2347: setarrayitem_gc(p64, i211, p231, descr=<ArrayP 8>)
debug_merge_point(0, 0, '20 move x(1). x(0)')
debug_merge_point(0, 0, '21 line 2')
debug_merge_point(0, 0, '22 call 1. L2')
+2352: setfield_gc(p39, i139, descr=<FieldS pyrlang.interpreter.register.Y_Register.inst_addr_top 16>)
+2363: i232 = int_ge(i139, i73)
guard_false(i232, descr=<Guard0x1007606a8>) [i188, p4, p3, i73, p39, p12, p14, p16, p18, p20, p22, p24, p26, p28, p30, p32, p34, p36, p38, i227]
+2417: setarrayitem_gc(p51, i139, ConstPtr(ptr233), descr=<ArrayP 8>)
+2432: i235 = int_sub(i188, 1)
debug_merge_point(0, 0, '3 label 2')
debug_merge_point(0, 0, '4 is_integer L4. x(0)')
debug_merge_point(0, 0, '5 select_val x(0). L4. [(#1. L3). (#0. L3)]')
+2436: i237 = int_eq(i227, 0)
guard_false(i237, descr=<Guard0x100760650>) [i235, p4, p3, p12, p14, p16, p18, p20, p22, p24, p26, p28, p30, p32, p34, p36, p38, i227]
+2446: i239 = int_eq(i227, 1)
guard_false(i239, descr=<Guard0x1007605f8>) [i235, p4, p3, p12, p14, p16, p18, p20, p22, p24, p26, p28, p30, p32, p34, p36, p38, i227]
debug_merge_point(0, 0, '9 label 4')
debug_merge_point(0, 0, '10 allocate_zero 1. 1')
+2456: setfield_gc(p39, i132, descr=<FieldS pyrlang.interpreter.register.Y_Register.inst_val_top 40>)
+2467: i240 = int_ge(i132, i161)
guard_false(i240, descr=<Guard0x1007605a0>) [i235, p4, p3, i132, i161, p39, p12, p14, p16, p18, p20, p22, p24, p26, p28, p30, p32, p34, p36, p38, i227]
+2480: setarrayitem_gc(p64, i132, ConstPtr(ptr163), descr=<ArrayP 8>)
debug_merge_point(0, 0, '11 line 2')
debug_merge_point(0, 0, '12 gc_bif2 L0. 1. 0. x(0). #0. x(1)')
+2495: i242 = int_sub_ovf(i227, 1)
guard_no_overflow(descr=<Guard0x100760548>) [i235, p4, p3, i242, p12, p14, p16, p18, p20, p22, p24, p26, p28, p30, p32, p34, p36, p38, i227]
debug_merge_point(0, 0, '13 move x(0). y(0)')
p244 = new_with_vtable(ConstClass(W_IntObject))
+2520: setfield_gc(p244, i227, descr=<FieldS pyrlang.interpreter.datatypes.number.W_IntObject.inst_intval 8>)
+2570: setarrayitem_gc(p64, i132, p244, descr=<ArrayP 8>)
debug_merge_point(0, 0, '14 move x(1). x(0)')
debug_merge_point(0, 0, '15 line 2')
debug_merge_point(0, 0, '16 call 1. L2')
+2623: setarrayitem_gc(p51, i99, ConstPtr(ptr245), descr=<ArrayP 8>)
+2638: i247 = int_sub(i235, 1)
debug_merge_point(0, 0, '3 label 2')
debug_merge_point(0, 0, '4 is_integer L4. x(0)')
debug_merge_point(0, 0, '5 select_val x(0). L4. [(#1. L3). (#0. L3)]')
+2649: setfield_gc(p39, i99, descr=<FieldS pyrlang.interpreter.register.Y_Register.inst_addr_top 16>)
+2653: i249 = int_eq(i242, 0)
guard_false(i249, descr=<Guard0x1007604f0>) [i247, p4, p3, p12, p14, p16, p18, p20, p22, p24, p26, p28, p30, p32, p34, p36, p38, i242]
+2663: i251 = int_eq(i242, 1)
guard_false(i251, descr=<Guard0x100760498>) [i247, p4, p3, p12, p14, p16, p18, p20, p22, p24, p26, p28, p30, p32, p34, p36, p38, i242]
debug_merge_point(0, 0, '9 label 4')
debug_merge_point(0, 0, '10 allocate_zero 1. 1')
+2673: setarrayitem_gc(p64, i92, ConstPtr(ptr163), descr=<ArrayP 8>)
debug_merge_point(0, 0, '11 line 2')
debug_merge_point(0, 0, '12 gc_bif2 L0. 1. 0. x(0). #0. x(1)')
+2688: setfield_gc(p39, i92, descr=<FieldS pyrlang.interpreter.register.Y_Register.inst_val_top 40>)
+2692: i253 = int_sub_ovf(i242, 1)
guard_no_overflow(descr=<Guard0x100760440>) [i247, p4, p3, i253, p12, p14, p16, p18, p20, p22, p24, p26, p28, p30, p32, p34, p36, p38, i242]
debug_merge_point(0, 0, '13 move x(0). y(0)')
p255 = new_with_vtable(ConstClass(W_IntObject))
+2716: setfield_gc(p255, i242, descr=<FieldS pyrlang.interpreter.datatypes.number.W_IntObject.inst_intval 8>)
+2759: setarrayitem_gc(p64, i92, p255, descr=<ArrayP 8>)
debug_merge_point(0, 0, '14 move x(1). x(0)')
debug_merge_point(0, 0, '15 line 2')
debug_merge_point(0, 0, '16 call 1. L2')
+2812: setarrayitem_gc(p51, i56, ConstPtr(ptr256), descr=<ArrayP 8>)
+2827: i258 = int_sub(i247, 1)
debug_merge_point(0, 0, '3 label 2')
+2831: setfield_gc(p39, i56, descr=<FieldS pyrlang.interpreter.register.Y_Register.inst_addr_top 16>)
+2835: p259 = same_as(p39)
+2838: label(i258, p3, p4, p39, i253, p12, p14, p16, p18, p20, p22, p24, p26, p28, p30, p32, p34, p36, p38, p51, i56, p259, i99, p64, i92, i139, i132, i218, i211, i73, i161, descr=TargetToken(4302454888))
debug_merge_point(0, 0, '3 label 2')
debug_merge_point(0, 0, '4 is_integer L4. x(0)')
debug_merge_point(0, 0, '5 select_val x(0). L4. [(#1. L3). (#0. L3)]')
+2861: i260 = int_eq(i253, 0)
guard_false(i260, descr=<Guard0x1007603e8>) [i258, p4, p3, p12, p14, p16, p18, p20, p22, p24, p26, p28, p30, p32, p34, p36, p38, i253]
+2871: i261 = int_eq(i253, 1)
guard_true(i261, descr=<Guard0x100760390>) [i258, p4, p3, p12, p14, p16, p18, p20, p22, p24, p26, p28, p30, p32, p34, p36, p38, i253]
debug_merge_point(0, 0, '6 label 3')
debug_merge_point(0, 0, '7 move #0. x(0)')
debug_merge_point(0, 0, '8 return ')
+2881: p262 = getarrayitem_gc(p51, i56, descr=<ArrayP 8>)
+2886: p263 = getfield_gc_pure(p262, descr=<FieldP tuple2.item0 8>)
+2890: i264 = getfield_gc_pure(p262, descr=<FieldS tuple2.item1 16>)
+2894: setfield_gc(p259, i99, descr=<FieldS pyrlang.interpreter.register.Y_Register.inst_addr_top 16>)
+2898: guard_value(i264, 17, descr=<Guard0x100760338>) [i258, i264, p259, p4, p3, p263, p12, p14, p16, p18, p20, p22, p24, p26, p28, p30, p32, p34, p36, p38, None]
+2908: guard_value(p263, ConstPtr(ptr62), descr=<Guard0x1007602e0>) [i258, p259, p4, p3, p263, p12, p14, p16, p18, p20, p22, p24, p26, p28, p30, p32, p34, p36, p38, None]
debug_merge_point(0, 0, '17 line 2')
debug_merge_point(0, 0, '18 gc_bif2 L0. 1. 0. y(0). #2. x(1)')
+2927: p265 = getarrayitem_gc(p64, i92, descr=<ArrayP 8>)
+2932: guard_class(p265, ConstClass(W_IntObject), descr=<Guard0x100760288>) [i258, p4, p3, p265, p12, p14, p16, p18, p20, p22, p24, p26, p28, p30, p32, p34, p36, p38, None]
+2945: i266 = getfield_gc_pure(p265, descr=<FieldS pyrlang.interpreter.datatypes.number.W_IntObject.inst_intval 8>)
+2949: i267 = int_sub_ovf(i266, 2)
guard_no_overflow(descr=<Guard0x100760230>) [i258, p4, p3, i267, p265, p12, p14, p16, p18, p20, p22, p24, p26, p28, p30, p32, p34, p36, p38, None]
debug_merge_point(0, 0, '19 move x(0). y(0)')
+2998: setarrayitem_gc(p64, i92, ConstPtr(ptr72), descr=<ArrayP 8>)
debug_merge_point(0, 0, '20 move x(1). x(0)')
debug_merge_point(0, 0, '21 line 2')
debug_merge_point(0, 0, '22 call 1. L2')
+3054: setarrayitem_gc(p51, i56, ConstPtr(ptr268), descr=<ArrayP 8>)
+3069: i269 = int_sub(i258, 1)
debug_merge_point(0, 0, '3 label 2')
debug_merge_point(0, 0, '4 is_integer L4. x(0)')
debug_merge_point(0, 0, '5 select_val x(0). L4. [(#1. L3). (#0. L3)]')
+3073: setfield_gc(p259, i56, descr=<FieldS pyrlang.interpreter.register.Y_Register.inst_addr_top 16>)
+3077: i270 = int_eq(i267, 0)
guard_true(i270, descr=<Guard0x1007601d8>) [i269, p4, p3, p12, p14, p16, p18, p20, p22, p24, p26, p28, p30, p32, p34, p36, p38, i267]
debug_merge_point(0, 0, '6 label 3')
debug_merge_point(0, 0, '7 move #0. x(0)')
debug_merge_point(0, 0, '8 return ')
+3087: p271 = getarrayitem_gc(p51, i56, descr=<ArrayP 8>)
+3092: p272 = getfield_gc_pure(p271, descr=<FieldP tuple2.item0 8>)
+3096: i273 = getfield_gc_pure(p271, descr=<FieldS tuple2.item1 16>)
+3100: setfield_gc(p259, i99, descr=<FieldS pyrlang.interpreter.register.Y_Register.inst_addr_top 16>)
+3104: guard_value(i273, 23, descr=<Guard0x100760180>) [i269, i273, p259, p4, p3, p272, p12, p14, p16, p18, p20, p22, p24, p26, p28, p30, p32, p34, p36, p38, None]
+3114: guard_value(p272, ConstPtr(ptr85), descr=<Guard0x100760128>) [i269, p259, p4, p3, p272, p12, p14, p16, p18, p20, p22, p24, p26, p28, p30, p32, p34, p36, p38, None]
debug_merge_point(0, 0, '23 line 2')
debug_merge_point(0, 0, '24 gc_bif2 L0. 1. 1. y(0). x(0). x(0)')
+3133: p274 = getarrayitem_gc(p64, i92, descr=<ArrayP 8>)
+3138: guard_class(p274, ConstClass(W_IntObject), descr=<Guard0x1007600d0>) [i269, p4, p3, p274, p12, p14, p16, p18, p20, p22, p24, p26, p28, p30, p32, p34, p36, p38, None]
+3150: i275 = getfield_gc_pure(p274, descr=<FieldS pyrlang.interpreter.datatypes.number.W_IntObject.inst_intval 8>)
+3154: i276 = int_add_ovf(i275, 1)
guard_no_overflow(descr=<Guard0x100760078>) [i269, p4, p3, i276, p274, p12, p14, p16, p18, p20, p22, p24, p26, p28, p30, p32, p34, p36, p38, None]
debug_merge_point(0, 0, '25 deallocate 1')
debug_merge_point(0, 0, '26 return ')
+3164: p277 = getarrayitem_gc(p51, i99, descr=<ArrayP 8>)
+3169: p278 = getfield_gc_pure(p277, descr=<FieldP tuple2.item0 8>)
+3173: i279 = getfield_gc_pure(p277, descr=<FieldS tuple2.item1 16>)
+3177: setfield_gc(p259, i139, descr=<FieldS pyrlang.interpreter.register.Y_Register.inst_addr_top 16>)
+3181: setfield_gc(p259, i132, descr=<FieldS pyrlang.interpreter.register.Y_Register.inst_val_top 40>)
+3185: guard_value(i279, 17, descr=<Guard0x100760020>) [i269, i279, p259, p4, p3, p278, p12, p14, p16, p18, p20, p22, p24, p26, p28, p30, p32, p34, p36, p38, i276, None]
+3195: guard_value(p278, ConstPtr(ptr103), descr=<Guard0x100717f68>) [i269, p259, p4, p3, p278, p12, p14, p16, p18, p20, p22, p24, p26, p28, p30, p32, p34, p36, p38, i276, None]
debug_merge_point(0, 0, '17 line 2')
debug_merge_point(0, 0, '18 gc_bif2 L0. 1. 0. y(0). #2. x(1)')
+3214: p280 = getarrayitem_gc(p64, i132, descr=<ArrayP 8>)
+3219: guard_class(p280, ConstClass(W_IntObject), descr=<Guard0x100717f10>) [i269, p4, p3, p280, p12, p14, p16, p18, p20, p22, p24, p26, p28, p30, p32, p34, p36, p38, i276, None]
+3231: i281 = getfield_gc_pure(p280, descr=<FieldS pyrlang.interpreter.datatypes.number.W_IntObject.inst_intval 8>)
+3235: i282 = int_sub_ovf(i281, 2)
guard_no_overflow(descr=<Guard0x100717eb8>) [i269, p4, p3, i282, p280, p12, p14, p16, p18, p20, p22, p24, p26, p28, p30, p32, p34, p36, p38, i276, None]
debug_merge_point(0, 0, '19 move x(0). y(0)')
p283 = new_with_vtable(ConstClass(W_IntObject))
+3338: setfield_gc(p283, i276, descr=<FieldS pyrlang.interpreter.datatypes.number.W_IntObject.inst_intval 8>)
+3397: setarrayitem_gc(p64, i132, p283, descr=<ArrayP 8>)
debug_merge_point(0, 0, '20 move x(1). x(0)')
debug_merge_point(0, 0, '21 line 2')
debug_merge_point(0, 0, '22 call 1. L2')
+3443: setarrayitem_gc(p51, i99, ConstPtr(ptr284), descr=<ArrayP 8>)
+3458: i285 = int_sub(i269, 1)
debug_merge_point(0, 0, '3 label 2')
debug_merge_point(0, 0, '4 is_integer L4. x(0)')
debug_merge_point(0, 0, '5 select_val x(0). L4. [(#1. L3). (#0. L3)]')
+3462: setfield_gc(p259, i99, descr=<FieldS pyrlang.interpreter.register.Y_Register.inst_addr_top 16>)
+3466: i286 = int_eq(i282, 0)
guard_false(i286, descr=<Guard0x100717e60>) [i285, p4, p3, p12, p14, p16, p18, p20, p22, p24, p26, p28, p30, p32, p34, p36, p38, i282]
+3476: i287 = int_eq(i282, 1)
guard_true(i287, descr=<Guard0x100717e08>) [i285, p4, p3, p12, p14, p16, p18, p20, p22, p24, p26, p28, p30, p32, p34, p36, p38, i282]
debug_merge_point(0, 0, '6 label 3')
debug_merge_point(0, 0, '7 move #0. x(0)')
debug_merge_point(0, 0, '8 return ')
+3486: p288 = getarrayitem_gc(p51, i99, descr=<ArrayP 8>)
+3491: p289 = getfield_gc_pure(p288, descr=<FieldP tuple2.item0 8>)
+3495: i290 = getfield_gc_pure(p288, descr=<FieldS tuple2.item1 16>)
+3499: setfield_gc(p259, i139, descr=<FieldS pyrlang.interpreter.register.Y_Register.inst_addr_top 16>)
+3503: guard_value(i290, 23, descr=<Guard0x100717db0>) [i285, i290, p259, p4, p3, p289, p12, p14, p16, p18, p20, p22, p24, p26, p28, p30, p32, p34, p36, p38, None]
+3513: guard_value(p289, ConstPtr(ptr125), descr=<Guard0x100717d58>) [i285, p259, p4, p3, p289, p12, p14, p16, p18, p20, p22, p24, p26, p28, p30, p32, p34, p36, p38, None]
debug_merge_point(0, 0, '23 line 2')
debug_merge_point(0, 0, '24 gc_bif2 L0. 1. 1. y(0). x(0). x(0)')
+3532: p291 = getarrayitem_gc(p64, i132, descr=<ArrayP 8>)
+3537: guard_class(p291, ConstClass(W_IntObject), descr=<Guard0x100717d00>) [i285, p4, p3, p291, p12, p14, p16, p18, p20, p22, p24, p26, p28, p30, p32, p34, p36, p38, None]
+3550: i292 = getfield_gc_pure(p291, descr=<FieldS pyrlang.interpreter.datatypes.number.W_IntObject.inst_intval 8>)
+3554: i293 = int_add_ovf(i292, 1)
guard_no_overflow(descr=<Guard0x100717ca8>) [i285, p4, p3, i293, p291, p12, p14, p16, p18, p20, p22, p24, p26, p28, p30, p32, p34, p36, p38, None]
debug_merge_point(0, 0, '25 deallocate 1')
debug_merge_point(0, 0, '26 return ')
+3564: p294 = getarrayitem_gc(p51, i139, descr=<ArrayP 8>)
+3569: p295 = getfield_gc_pure(p294, descr=<FieldP tuple2.item0 8>)
+3573: i296 = getfield_gc_pure(p294, descr=<FieldS tuple2.item1 16>)
+3577: setfield_gc(p259, i218, descr=<FieldS pyrlang.interpreter.register.Y_Register.inst_addr_top 16>)
+3581: setfield_gc(p259, i211, descr=<FieldS pyrlang.interpreter.register.Y_Register.inst_val_top 40>)
+3592: guard_value(i296, 17, descr=<Guard0x100717c50>) [i285, i296, p259, p4, p3, p295, p12, p14, p16, p18, p20, p22, p24, p26, p28, p30, p32, p34, p36, p38, i293, None]
+3602: guard_value(p295, ConstPtr(ptr143), descr=<Guard0x100717bf8>) [i285, p259, p4, p3, p295, p12, p14, p16, p18, p20, p22, p24, p26, p28, p30, p32, p34, p36, p38, i293, None]
debug_merge_point(0, 0, '17 line 2')
debug_merge_point(0, 0, '18 gc_bif2 L0. 1. 0. y(0). #2. x(1)')
+3621: p297 = getarrayitem_gc(p64, i211, descr=<ArrayP 8>)
+3626: guard_class(p297, ConstClass(W_IntObject), descr=<Guard0x100717ba0>) [i285, p4, p3, p297, p12, p14, p16, p18, p20, p22, p24, p26, p28, p30, p32, p34, p36, p38, i293, None]
+3640: i298 = getfield_gc_pure(p297, descr=<FieldS pyrlang.interpreter.datatypes.number.W_IntObject.inst_intval 8>)
+3644: i299 = int_sub_ovf(i298, 2)
guard_no_overflow(descr=<Guard0x100717b48>) [i285, p4, p3, i299, p297, p12, p14, p16, p18, p20, p22, p24, p26, p28, p30, p32, p34, p36, p38, i293, None]
debug_merge_point(0, 0, '19 move x(0). y(0)')
p300 = new_with_vtable(ConstClass(W_IntObject))
+3666: setfield_gc(p300, i293, descr=<FieldS pyrlang.interpreter.datatypes.number.W_IntObject.inst_intval 8>)
+3711: setarrayitem_gc(p64, i211, p300, descr=<ArrayP 8>)
debug_merge_point(0, 0, '20 move x(1). x(0)')
debug_merge_point(0, 0, '21 line 2')
debug_merge_point(0, 0, '22 call 1. L2')
+3757: setarrayitem_gc(p51, i139, ConstPtr(ptr301), descr=<ArrayP 8>)
+3772: i302 = int_sub(i285, 1)
debug_merge_point(0, 0, '3 label 2')
debug_merge_point(0, 0, '4 is_integer L4. x(0)')
debug_merge_point(0, 0, '5 select_val x(0). L4. [(#1. L3). (#0. L3)]')
+3776: setfield_gc(p259, i139, descr=<FieldS pyrlang.interpreter.register.Y_Register.inst_addr_top 16>)
+3780: i303 = int_eq(i299, 0)
guard_false(i303, descr=<Guard0x100717af0>) [i302, p4, p3, p12, p14, p16, p18, p20, p22, p24, p26, p28, p30, p32, p34, p36, p38, i299]
+3790: i304 = int_eq(i299, 1)
guard_false(i304, descr=<Guard0x100717a98>) [i302, p4, p3, p12, p14, p16, p18, p20, p22, p24, p26, p28, p30, p32, p34, p36, p38, i299]
debug_merge_point(0, 0, '9 label 4')
debug_merge_point(0, 0, '10 allocate_zero 1. 1')
+3800: setarrayitem_gc(p64, i132, ConstPtr(ptr163), descr=<ArrayP 8>)
debug_merge_point(0, 0, '11 line 2')
debug_merge_point(0, 0, '12 gc_bif2 L0. 1. 0. x(0). #0. x(1)')
+3815: setfield_gc(p259, i132, descr=<FieldS pyrlang.interpreter.register.Y_Register.inst_val_top 40>)
+3819: i305 = int_sub_ovf(i299, 1)
guard_no_overflow(descr=<Guard0x100717a40>) [i302, p4, p3, i305, p12, p14, p16, p18, p20, p22, p24, p26, p28, p30, p32, p34, p36, p38, i299]
debug_merge_point(0, 0, '13 move x(0). y(0)')
p306 = new_with_vtable(ConstClass(W_IntObject))
+3843: setfield_gc(p306, i299, descr=<FieldS pyrlang.interpreter.datatypes.number.W_IntObject.inst_intval 8>)
+3888: setarrayitem_gc(p64, i132, p306, descr=<ArrayP 8>)
debug_merge_point(0, 0, '14 move x(1). x(0)')
debug_merge_point(0, 0, '15 line 2')
debug_merge_point(0, 0, '16 call 1. L2')
+3934: setarrayitem_gc(p51, i99, ConstPtr(ptr307), descr=<ArrayP 8>)
+3949: i308 = int_sub(i302, 1)
debug_merge_point(0, 0, '3 label 2')
debug_merge_point(0, 0, '4 is_integer L4. x(0)')
debug_merge_point(0, 0, '5 select_val x(0). L4. [(#1. L3). (#0. L3)]')
+3953: setfield_gc(p259, i99, descr=<FieldS pyrlang.interpreter.register.Y_Register.inst_addr_top 16>)
+3957: i309 = int_eq(i305, 0)
guard_false(i309, descr=<Guard0x1007179e8>) [i308, p4, p3, p12, p14, p16, p18, p20, p22, p24, p26, p28, p30, p32, p34, p36, p38, i305]
+3967: i310 = int_eq(i305, 1)
guard_true(i310, descr=<Guard0x100717990>) [i308, p4, p3, p12, p14, p16, p18, p20, p22, p24, p26, p28, p30, p32, p34, p36, p38, i305]
debug_merge_point(0, 0, '6 label 3')
debug_merge_point(0, 0, '7 move #0. x(0)')
debug_merge_point(0, 0, '8 return ')
+3977: p311 = getarrayitem_gc(p51, i99, descr=<ArrayP 8>)
+3982: p312 = getfield_gc_pure(p311, descr=<FieldP tuple2.item0 8>)
+3986: i313 = getfield_gc_pure(p311, descr=<FieldS tuple2.item1 16>)
+3990: setfield_gc(p259, i139, descr=<FieldS pyrlang.interpreter.register.Y_Register.inst_addr_top 16>)
+3994: guard_value(i313, 17, descr=<Guard0x100717938>) [i308, i313, p259, p4, p3, p312, p12, p14, p16, p18, p20, p22, p24, p26, p28, p30, p32, p34, p36, p38, None]
+4004: guard_value(p312, ConstPtr(ptr179), descr=<Guard0x1007178e0>) [i308, p259, p4, p3, p312, p12, p14, p16, p18, p20, p22, p24, p26, p28, p30, p32, p34, p36, p38, None]
debug_merge_point(0, 0, '17 line 2')
debug_merge_point(0, 0, '18 gc_bif2 L0. 1. 0. y(0). #2. x(1)')
+4023: p314 = getarrayitem_gc(p64, i132, descr=<ArrayP 8>)
+4028: guard_class(p314, ConstClass(W_IntObject), descr=<Guard0x100717888>) [i308, p4, p3, p314, p12, p14, p16, p18, p20, p22, p24, p26, p28, p30, p32, p34, p36, p38, None]
+4040: i315 = getfield_gc_pure(p314, descr=<FieldS pyrlang.interpreter.datatypes.number.W_IntObject.inst_intval 8>)
+4044: i316 = int_sub_ovf(i315, 2)
guard_no_overflow(descr=<Guard0x100717830>) [i308, p4, p3, i316, p314, p12, p14, p16, p18, p20, p22, p24, p26, p28, p30, p32, p34, p36, p38, None]
debug_merge_point(0, 0, '19 move x(0). y(0)')
+4095: setarrayitem_gc(p64, i132, ConstPtr(ptr185), descr=<ArrayP 8>)
debug_merge_point(0, 0, '20 move x(1). x(0)')
debug_merge_point(0, 0, '21 line 2')
debug_merge_point(0, 0, '22 call 1. L2')
+4151: setarrayitem_gc(p51, i99, ConstPtr(ptr317), descr=<ArrayP 8>)
+4166: i318 = int_sub(i308, 1)
debug_merge_point(0, 0, '3 label 2')
debug_merge_point(0, 0, '4 is_integer L4. x(0)')
debug_merge_point(0, 0, '5 select_val x(0). L4. [(#1. L3). (#0. L3)]')
+4170: setfield_gc(p259, i99, descr=<FieldS pyrlang.interpreter.register.Y_Register.inst_addr_top 16>)
+4174: i319 = int_eq(i316, 0)
guard_true(i319, descr=<Guard0x1007177d8>) [i318, p4, p3, p12, p14, p16, p18, p20, p22, p24, p26, p28, p30, p32, p34, p36, p38, i316]
debug_merge_point(0, 0, '6 label 3')
debug_merge_point(0, 0, '7 move #0. x(0)')
debug_merge_point(0, 0, '8 return ')
+4184: p320 = getarrayitem_gc(p51, i99, descr=<ArrayP 8>)
+4189: p321 = getfield_gc_pure(p320, descr=<FieldP tuple2.item0 8>)
+4193: i322 = getfield_gc_pure(p320, descr=<FieldS tuple2.item1 16>)
+4197: setfield_gc(p259, i139, descr=<FieldS pyrlang.interpreter.register.Y_Register.inst_addr_top 16>)
+4201: guard_value(i322, 23, descr=<Guard0x100717780>) [i318, i322, p259, p4, p3, p321, p12, p14, p16, p18, p20, p22, p24, p26, p28, p30, p32, p34, p36, p38, None]
+4211: guard_value(p321, ConstPtr(ptr195), descr=<Guard0x100717728>) [i318, p259, p4, p3, p321, p12, p14, p16, p18, p20, p22, p24, p26, p28, p30, p32, p34, p36, p38, None]
debug_merge_point(0, 0, '23 line 2')
debug_merge_point(0, 0, '24 gc_bif2 L0. 1. 1. y(0). x(0). x(0)')
+4230: p323 = getarrayitem_gc(p64, i132, descr=<ArrayP 8>)
+4235: guard_class(p323, ConstClass(W_IntObject), descr=<Guard0x1007176d0>) [i318, p4, p3, p323, p12, p14, p16, p18, p20, p22, p24, p26, p28, p30, p32, p34, p36, p38, None]
+4247: i324 = getfield_gc_pure(p323, descr=<FieldS pyrlang.interpreter.datatypes.number.W_IntObject.inst_intval 8>)
+4251: i325 = int_add_ovf(i324, 1)
guard_no_overflow(descr=<Guard0x100717678>) [i318, p4, p3, i325, p323, p12, p14, p16, p18, p20, p22, p24, p26, p28, p30, p32, p34, p36, p38, None]
debug_merge_point(0, 0, '25 deallocate 1')
debug_merge_point(0, 0, '26 return ')
+4261: p326 = getarrayitem_gc(p51, i139, descr=<ArrayP 8>)
+4266: p327 = getfield_gc_pure(p326, descr=<FieldP tuple2.item0 8>)
+4270: i328 = getfield_gc_pure(p326, descr=<FieldS tuple2.item1 16>)
+4281: setfield_gc(p259, i218, descr=<FieldS pyrlang.interpreter.register.Y_Register.inst_addr_top 16>)
+4292: setfield_gc(p259, i211, descr=<FieldS pyrlang.interpreter.register.Y_Register.inst_val_top 40>)
+4296: guard_value(i328, 23, descr=<Guard0x100717620>) [i318, i328, p259, p4, p3, p327, p12, p14, p16, p18, p20, p22, p24, p26, p28, p30, p32, p34, p36, p38, i325, None]
+4306: guard_value(p327, ConstPtr(ptr205), descr=<Guard0x1007175c8>) [i318, p259, p4, p3, p327, p12, p14, p16, p18, p20, p22, p24, p26, p28, p30, p32, p34, p36, p38, i325, None]
debug_merge_point(0, 0, '23 line 2')
debug_merge_point(0, 0, '24 gc_bif2 L0. 1. 1. y(0). x(0). x(0)')
+4325: p329 = getarrayitem_gc(p64, i211, descr=<ArrayP 8>)
+4330: guard_class(p329, ConstClass(W_IntObject), descr=<Guard0x100717570>) [i318, p4, p3, p329, p12, p14, p16, p18, p20, p22, p24, p26, p28, p30, p32, p34, p36, p38, i325, None]
+4344: i330 = getfield_gc_pure(p329, descr=<FieldS pyrlang.interpreter.datatypes.number.W_IntObject.inst_intval 8>)
+4348: i331 = int_add_ovf(i330, i325)
guard_no_overflow(descr=<Guard0x100717518>) [i318, p4, p3, i331, p329, p12, p14, p16, p18, p20, p22, p24, p26, p28, p30, p32, p34, p36, p38, i325, None]
debug_merge_point(0, 0, '25 deallocate 1')
+4357: i332 = int_sub(i211, 1)
debug_merge_point(0, 0, '26 return ')
+4361: setfield_gc(p259, i332, descr=<FieldS pyrlang.interpreter.register.Y_Register.inst_val_top 40>)
+4365: i333 = int_eq(i218, -1)
guard_false(i333, descr=<Guard0x1007174c0>) [i318, p259, p4, p3, p12, p14, p16, p18, p20, p22, p24, p26, p28, p30, p32, p34, p36, p38, i331, None, None]
+4375: i334 = int_lt(i218, 0)
guard_false(i334, descr=<Guard0x100717468>) [i218, i318, p259, p51, p4, p3, p12, p14, p16, p18, p20, p22, p24, p26, p28, p30, p32, p34, p36, p38, i331, None, None]
+4385: p335 = getarrayitem_gc(p51, i218, descr=<ArrayP 8>)
+4390: i336 = int_sub(i218, 1)
+4401: p337 = getfield_gc_pure(p335, descr=<FieldP tuple2.item0 8>)
+4412: i338 = getfield_gc_pure(p335, descr=<FieldS tuple2.item1 16>)
+4423: setfield_gc(p259, i336, descr=<FieldS pyrlang.interpreter.register.Y_Register.inst_addr_top 16>)
+4427: guard_value(i338, 17, descr=<Guard0x100717410>) [i318, i338, p259, p4, p3, p337, p12, p14, p16, p18, p20, p22, p24, p26, p28, p30, p32, p34, p36, p38, i331, None, None]
+4437: guard_value(p337, ConstPtr(ptr222), descr=<Guard0x1007173b8>) [i318, p259, p4, p3, p337, p12, p14, p16, p18, p20, p22, p24, p26, p28, p30, p32, p34, p36, p38, i331, None, None]
debug_merge_point(0, 0, '17 line 2')
debug_merge_point(0, 0, '18 gc_bif2 L0. 1. 0. y(0). #2. x(1)')
+4456: p339 = getarrayitem_gc(p64, i332, descr=<ArrayP 8>)
+4461: guard_class(p339, ConstClass(W_IntObject), descr=<Guard0x100717360>) [i318, p4, p3, p339, p12, p14, p16, p18, p20, p22, p24, p26, p28, p30, p32, p34, p36, p38, i331, None, None]
+4474: i340 = getfield_gc_pure(p339, descr=<FieldS pyrlang.interpreter.datatypes.number.W_IntObject.inst_intval 8>)
+4478: i341 = int_sub_ovf(i340, 2)
guard_no_overflow(descr=<Guard0x100717308>) [i318, p4, p3, i341, p339, p12, p14, p16, p18, p20, p22, p24, p26, p28, p30, p32, p34, p36, p38, i331, None, None]
debug_merge_point(0, 0, '19 move x(0). y(0)')
+4488: i342 = int_lt(i332, 0)
guard_false(i342, descr=<Guard0x1007172b0>) [i318, p4, p3, i332, p64, p12, p14, p16, p18, p20, p22, p24, p26, p28, p30, p32, p34, p36, p38, i341, i331, None, None]
p343 = new_with_vtable(ConstClass(W_IntObject))
+4509: setfield_gc(p343, i331, descr=<FieldS pyrlang.interpreter.datatypes.number.W_IntObject.inst_intval 8>)
+4554: setarrayitem_gc(p64, i332, p343, descr=<ArrayP 8>)
debug_merge_point(0, 0, '20 move x(1). x(0)')
debug_merge_point(0, 0, '21 line 2')
debug_merge_point(0, 0, '22 call 1. L2')
+4559: setfield_gc(p259, i218, descr=<FieldS pyrlang.interpreter.register.Y_Register.inst_addr_top 16>)
+4563: i344 = int_ge(i218, i73)
guard_false(i344, descr=<Guard0x100717258>) [i318, p4, p3, i73, p259, p12, p14, p16, p18, p20, p22, p24, p26, p28, p30, p32, p34, p36, p38, i341]
+4626: setarrayitem_gc(p51, i218, ConstPtr(ptr345), descr=<ArrayP 8>)
+4641: i346 = int_sub(i318, 1)
debug_merge_point(0, 0, '3 label 2')
debug_merge_point(0, 0, '4 is_integer L4. x(0)')
debug_merge_point(0, 0, '5 select_val x(0). L4. [(#1. L3). (#0. L3)]')
+4645: i347 = int_eq(i341, 0)
guard_false(i347, descr=<Guard0x100717200>) [i346, p4, p3, p12, p14, p16, p18, p20, p22, p24, p26, p28, p30, p32, p34, p36, p38, i341]
+4655: i348 = int_eq(i341, 1)
guard_false(i348, descr=<Guard0x1007171a8>) [i346, p4, p3, p12, p14, p16, p18, p20, p22, p24, p26, p28, p30, p32, p34, p36, p38, i341]
debug_merge_point(0, 0, '9 label 4')
debug_merge_point(0, 0, '10 allocate_zero 1. 1')
+4665: setfield_gc(p259, i211, descr=<FieldS pyrlang.interpreter.register.Y_Register.inst_val_top 40>)
+4669: i349 = int_ge(i211, i161)
guard_false(i349, descr=<Guard0x100717150>) [i346, p4, p3, i211, i161, p259, p12, p14, p16, p18, p20, p22, p24, p26, p28, p30, p32, p34, p36, p38, i341]
+4682: setarrayitem_gc(p64, i211, ConstPtr(ptr163), descr=<ArrayP 8>)
debug_merge_point(0, 0, '11 line 2')
debug_merge_point(0, 0, '12 gc_bif2 L0. 1. 0. x(0). #0. x(1)')
+4697: i350 = int_sub_ovf(i341, 1)
guard_no_overflow(descr=<Guard0x1007170f8>) [i346, p4, p3, i350, p12, p14, p16, p18, p20, p22, p24, p26, p28, p30, p32, p34, p36, p38, i341]
debug_merge_point(0, 0, '13 move x(0). y(0)')
p351 = new_with_vtable(ConstClass(W_IntObject))
+4722: setfield_gc(p351, i341, descr=<FieldS pyrlang.interpreter.datatypes.number.W_IntObject.inst_intval 8>)
+4767: setarrayitem_gc(p64, i211, p351, descr=<ArrayP 8>)
debug_merge_point(0, 0, '14 move x(1). x(0)')
debug_merge_point(0, 0, '15 line 2')
debug_merge_point(0, 0, '16 call 1. L2')
+4822: setarrayitem_gc(p51, i139, ConstPtr(ptr352), descr=<ArrayP 8>)
+4837: i353 = int_sub(i346, 1)
debug_merge_point(0, 0, '3 label 2')
debug_merge_point(0, 0, '4 is_integer L4. x(0)')
debug_merge_point(0, 0, '5 select_val x(0). L4. [(#1. L3). (#0. L3)]')
+4841: setfield_gc(p259, i139, descr=<FieldS pyrlang.interpreter.register.Y_Register.inst_addr_top 16>)
+4845: i354 = int_eq(i350, 0)
guard_false(i354, descr=<Guard0x1007170a0>) [i353, p4, p3, p12, p14, p16, p18, p20, p22, p24, p26, p28, p30, p32, p34, p36, p38, i350]
+4855: i355 = int_eq(i350, 1)
guard_false(i355, descr=<Guard0x100717048>) [i353, p4, p3, p12, p14, p16, p18, p20, p22, p24, p26, p28, p30, p32, p34, p36, p38, i350]
debug_merge_point(0, 0, '9 label 4')
debug_merge_point(0, 0, '10 allocate_zero 1. 1')
+4865: setarrayitem_gc(p64, i132, ConstPtr(ptr163), descr=<ArrayP 8>)
debug_merge_point(0, 0, '11 line 2')
debug_merge_point(0, 0, '12 gc_bif2 L0. 1. 0. x(0). #0. x(1)')
+4880: setfield_gc(p259, i132, descr=<FieldS pyrlang.interpreter.register.Y_Register.inst_val_top 40>)
+4884: i356 = int_sub_ovf(i350, 1)
guard_no_overflow(descr=<Guard0x100716ff0>) [i353, p4, p3, i356, p12, p14, p16, p18, p20, p22, p24, p26, p28, p30, p32, p34, p36, p38, i350]
debug_merge_point(0, 0, '13 move x(0). y(0)')
p357 = new_with_vtable(ConstClass(W_IntObject))
+4915: setfield_gc(p357, i350, descr=<FieldS pyrlang.interpreter.datatypes.number.W_IntObject.inst_intval 8>)
+4960: setarrayitem_gc(p64, i132, p357, descr=<ArrayP 8>)
debug_merge_point(0, 0, '14 move x(1). x(0)')
debug_merge_point(0, 0, '15 line 2')
debug_merge_point(0, 0, '16 call 1. L2')
+5015: setarrayitem_gc(p51, i99, ConstPtr(ptr358), descr=<ArrayP 8>)
+5030: i359 = int_sub(i353, 1)
debug_merge_point(0, 0, '3 label 2')
+5034: setfield_gc(p259, i99, descr=<FieldS pyrlang.interpreter.register.Y_Register.inst_addr_top 16>)
+5045: jump(i359, p3, p4, p259, i356, p12, p14, p16, p18, p20, p22, p24, p26, p28, p30, p32, p34, p36, p38, p51, i99, p259, i139, p64, i132, i218, i211, i336, i332, i73, i161, descr=TargetToken(4302454888))
+5104: --end of the loop--
[f38d41c7fd9be] jit-log-opt-loop}
[f38d41cbc782b] {jit-log-opt-bridge
# bridge out of Guard 0x100761ca8 with 60 ops
[i0, i1, i2, p3, p4, p5, p6, p7, p8, p9, p10, p11, p12, p13, p14, p15, p16, p17, p18, p19, p20]
+59: p21 = getfield_gc(p4, descr=<FieldP pyrlang.interpreter.interp.Process.inst_y_reg 80>)
debug_merge_point(0, 0, '9 label 4')
debug_merge_point(0, 0, '10 allocate_zero 1. 1')
+63: i22 = getfield_gc(p21, descr=<FieldS pyrlang.interpreter.register.Y_Register.inst_val_top 40>)
+67: i24 = int_add(i22, 1)
+71: i25 = getfield_gc(p21, descr=<FieldS pyrlang.interpreter.register.Y_Register.inst_val_size 32>)
+75: setfield_gc(p21, i24, descr=<FieldS pyrlang.interpreter.register.Y_Register.inst_val_top 40>)
+79: i26 = int_ge(i24, i25)
guard_false(i26, descr=<Guard0x100761e08>) [i0, i1, i2, p3, p4, i24, i25, p21, p5, p6, p7, p8, p9, p10, p11, p12, p13, p14, p15, p16, p17, p18, p19, p20]
+88: p27 = getfield_gc(p21, descr=<FieldP pyrlang.interpreter.register.Y_Register.inst_vals 48>)
+92: i29 = int_lt(i24, 0)
guard_false(i29, descr=<Guard0x10076c498>) [i0, i1, i2, p3, p4, i24, p27, p21, p5, p6, p7, p8, p9, p10, p11, p12, p13, p14, p15, p16, p17, p18, p19, p20]
+102: setarrayitem_gc(p27, i24, ConstPtr(ptr30), descr=<ArrayP 8>)
debug_merge_point(0, 0, '11 line 2')
debug_merge_point(0, 0, '12 gc_bif2 L0. 1. 0. x(0). #0. x(1)')
+117: p31 = getfield_gc(p4, descr=<FieldP pyrlang.interpreter.interp.Process.inst_x_reg 72>)
+121: i32 = ptr_eq(p31, p3)
guard_true(i32, descr=<Guard0x10076c440>) [i0, i1, i2, p3, p4, p31, p5, p6, p7, p8, p9, p10, p11, p12, p13, p14, p15, p16, p17, p18, p19, p20]
+134: guard_class(p5, ConstClass(W_IntObject), descr=<Guard0x10076c3e8>) [i0, i1, i2, p3, p4, p5, p6, p7, p8, p9, p10, p11, p12, p13, p14, p15, p16, p17, p18, p19, p20]
+146: i34 = getfield_gc_pure(p5, descr=<FieldS pyrlang.interpreter.datatypes.number.W_IntObject.inst_intval 8>)
+150: i36 = int_sub_ovf(i34, 1)
guard_no_overflow(descr=<Guard0x10076c390>) [i0, i1, i2, p3, p4, i36, p5, p6, p7, p8, p9, p10, p11, p12, p13, p14, p15, p16, p17, p18, p19, p20]
debug_merge_point(0, 0, '13 move x(0). y(0)')
+201: setarrayitem_gc(p27, i24, p5, descr=<ArrayP 8>)
debug_merge_point(0, 0, '14 move x(1). x(0)')
debug_merge_point(0, 0, '15 line 2')
debug_merge_point(0, 0, '16 call 1. L2')
+206: i38 = int_eq(17, i2)
+222: i39 = getfield_gc(p21, descr=<FieldS pyrlang.interpreter.register.Y_Register.inst_addr_top 16>)
+226: i41 = int_add(i39, 1)
+230: i42 = getfield_gc(p21, descr=<FieldS pyrlang.interpreter.register.Y_Register.inst_addr_size 8>)
+234: setfield_gc(p21, i41, descr=<FieldS pyrlang.interpreter.register.Y_Register.inst_addr_top 16>)
+238: i43 = int_ge(i41, i42)
guard_false(i43, descr=<Guard0x10076c338>) [i38, i2, i0, i1, p3, p4, i42, p21, p7, p8, p9, p10, p11, p12, p13, p14, p15, p16, p17, p18, p19, p20, i36]
+247: p44 = getfield_gc(p21, descr=<FieldP pyrlang.interpreter.register.Y_Register.inst_addrs 24>)
+251: i46 = int_lt(i41, 0)
guard_false(i46, descr=<Guard0x10076c2e0>) [i38, i2, i0, i1, p3, p4, i41, p44, p7, p8, p9, p10, p11, p12, p13, p14, p15, p16, p17, p18, p19, p20, i36]
+300: setarrayitem_gc(p44, i41, ConstPtr(ptr47), descr=<ArrayP 8>)
+315: i49 = int_sub(i1, 1)
+326: guard_true(i0, descr=<Guard0x10076c288>) [i38, i2, i49, p3, p4, p7, p8, p9, p10, p11, p12, p13, p14, p15, p16, p17, p18, p19, p20, i36]
+349: guard_true(i38, descr=<Guard0x10076c230>) [i2, i49, p3, p4, p7, p8, p9, p10, p11, p12, p13, p14, p15, p16, p17, p18, p19, p20, i36]
debug_merge_point(0, 0, '3 label 2')
+358: i51 = int_ge(i41, 2)
guard_true(i51, descr=<Guard0x10076c1d8>) [i49, p21, p3, p4, p7, p8, p9, p10, p11, p12, p13, p14, p15, p16, p17, p18, p19, p20, i36]
+368: i53 = int_ge(i24, 2)
guard_true(i53, descr=<Guard0x10076c180>) [i49, p21, p3, p4, p7, p8, p9, p10, p11, p12, p13, p14, p15, p16, p17, p18, p19, p20, i36]
+378: i55 = int_ge(i42, 1)
guard_true(i55, descr=<Guard0x10076c128>) [i49, p21, p3, p4, p7, p8, p9, p10, p11, p12, p13, p14, p15, p16, p17, p18, p19, p20, i36]
+388: i57 = int_sub(i39, 1)
+392: i58 = int_ge(i39, i42)
guard_false(i58, descr=<Guard0x10076c0d0>) [i49, p21, p3, p4, p7, p8, p9, p10, p11, p12, p13, p14, p15, p16, p17, p18, p19, p20, i36]
+401: i60 = int_sub(i22, 1)
+405: i62 = int_sub(i57, 1)
+416: i63 = int_ge(i57, i42)
guard_false(i63, descr=<Guard0x10076c078>) [i49, p21, p3, p4, p7, p8, p9, p10, p11, p12, p13, p14, p15, p16, p17, p18, p19, p20, i36]
+425: i65 = int_ge(i25, 2)
guard_true(i65, descr=<Guard0x10076c020>) [i49, p21, p3, p4, p7, p8, p9, p10, p11, p12, p13, p14, p15, p16, p17, p18, p19, p20, i36]
+435: i66 = int_ge(i22, i25)
guard_false(i66, descr=<Guard0x100761f68>) [i49, p21, p3, p4, p7, p8, p9, p10, p11, p12, p13, p14, p15, p16, p17, p18, p19, p20, i36]
+444: jump(i49, p4, p3, p21, i36, p7, p8, p9, p10, p11, p12, p13, p14, p15, p16, p17, p18, p19, p20, p44, i41, p21, i39, p27, i24, i57, i22, i62, i60, i42, i25, descr=TargetToken(4302454888))
+528: --end of the loop--
[f38d41cc2c364] jit-log-opt-bridge}
[f38d41d01ae83] {jit-log-opt-bridge
# bridge out of Guard 0x100760390 with 57 ops
[i0, p1, p2, p3, p4, p5, p6, p7, p8, p9, p10, p11, p12, p13, p14, p15, p16, i17]
+59: p18 = getfield_gc(p2, descr=<FieldP pyrlang.interpreter.interp.Process.inst_y_reg 80>)
debug_merge_point(0, 0, '9 label 4')
debug_merge_point(0, 0, '10 allocate_zero 1. 1')
+70: i19 = getfield_gc(p18, descr=<FieldS pyrlang.interpreter.register.Y_Register.inst_val_top 40>)
+74: i21 = int_add(i19, 1)
+78: i22 = getfield_gc(p18, descr=<FieldS pyrlang.interpreter.register.Y_Register.inst_val_size 32>)
+82: setfield_gc(p18, i21, descr=<FieldS pyrlang.interpreter.register.Y_Register.inst_val_top 40>)
+86: i23 = int_ge(i21, i22)
guard_false(i23, descr=<Guard0x10076c5a0>) [i0, p1, p2, i21, i22, p18, p3, p4, p5, p6, p7, p8, p9, p10, p11, p12, p13, p14, p15, p16, i17]
+95: p24 = getfield_gc(p18, descr=<FieldP pyrlang.interpreter.register.Y_Register.inst_vals 48>)
+99: i26 = int_lt(i21, 0)
guard_false(i26, descr=<Guard0x10076cac8>) [i0, p1, p2, i21, p24, p18, p3, p4, p5, p6, p7, p8, p9, p10, p11, p12, p13, p14, p15, p16, i17]
+109: setarrayitem_gc(p24, i21, ConstPtr(ptr27), descr=<ArrayP 8>)
debug_merge_point(0, 0, '11 line 2')
debug_merge_point(0, 0, '12 gc_bif2 L0. 1. 0. x(0). #0. x(1)')
+124: p28 = getfield_gc(p2, descr=<FieldP pyrlang.interpreter.interp.Process.inst_x_reg 72>)
+128: i29 = ptr_eq(p28, p1)
guard_true(i29, descr=<Guard0x10076ca70>) [i0, p1, p2, p28, p3, p4, p5, p6, p7, p8, p9, p10, p11, p12, p13, p14, p15, p16, i17]
+141: i31 = int_sub_ovf(i17, 1)
guard_no_overflow(descr=<Guard0x10076ca18>) [i0, p1, p2, i31, p3, p4, p5, p6, p7, p8, p9, p10, p11, p12, p13, p14, p15, p16, i17]
debug_merge_point(0, 0, '13 move x(0). y(0)')
p33 = new_with_vtable(ConstClass(W_IntObject))
+233: setfield_gc(p33, i17, descr=<FieldS pyrlang.interpreter.datatypes.number.W_IntObject.inst_intval 8>)
+278: setarrayitem_gc(p24, i21, p33, descr=<ArrayP 8>)
debug_merge_point(0, 0, '14 move x(1). x(0)')
debug_merge_point(0, 0, '15 line 2')
debug_merge_point(0, 0, '16 call 1. L2')
+283: i34 = getfield_gc(p18, descr=<FieldS pyrlang.interpreter.register.Y_Register.inst_addr_top 16>)
+287: i36 = int_add(i34, 1)
+291: i37 = getfield_gc(p18, descr=<FieldS pyrlang.interpreter.register.Y_Register.inst_addr_size 8>)
+295: setfield_gc(p18, i36, descr=<FieldS pyrlang.interpreter.register.Y_Register.inst_addr_top 16>)
+299: i38 = int_ge(i36, i37)
guard_false(i38, descr=<Guard0x10076c9c0>) [i0, p1, p2, i37, p18, p3, p4, p5, p6, p7, p8, p9, p10, p11, p12, p13, p14, p15, p16, i31]
+308: p39 = getfield_gc(p18, descr=<FieldP pyrlang.interpreter.register.Y_Register.inst_addrs 24>)
+312: i41 = int_lt(i36, 0)
guard_false(i41, descr=<Guard0x10076c968>) [i0, p1, p2, i36, p39, p3, p4, p5, p6, p7, p8, p9, p10, p11, p12, p13, p14, p15, p16, i31]
+361: setarrayitem_gc(p39, i36, ConstPtr(ptr42), descr=<ArrayP 8>)
+376: i44 = int_sub(i0, 1)
debug_merge_point(0, 0, '3 label 2')
+380: i46 = int_ge(i36, 2)
guard_true(i46, descr=<Guard0x10076c910>) [i44, p18, p1, p2, p3, p4, p5, p6, p7, p8, p9, p10, p11, p12, p13, p14, p15, p16, i31]
+390: i48 = int_ge(i21, 2)
guard_true(i48, descr=<Guard0x10076c8b8>) [i44, p18, p1, p2, p3, p4, p5, p6, p7, p8, p9, p10, p11, p12, p13, p14, p15, p16, i31]
+400: i50 = int_ge(i37, 1)
guard_true(i50, descr=<Guard0x10076c860>) [i44, p18, p1, p2, p3, p4, p5, p6, p7, p8, p9, p10, p11, p12, p13, p14, p15, p16, i31]
+410: i52 = int_sub(i34, 1)
+414: i53 = int_ge(i34, i37)
guard_false(i53, descr=<Guard0x10076c808>) [i44, p18, p1, p2, p3, p4, p5, p6, p7, p8, p9, p10, p11, p12, p13, p14, p15, p16, i31]
+423: i55 = int_sub(i19, 1)
+427: i57 = int_sub(i52, 1)
+438: i58 = int_ge(i52, i37)
guard_false(i58, descr=<Guard0x10076c7b0>) [i44, p18, p1, p2, p3, p4, p5, p6, p7, p8, p9, p10, p11, p12, p13, p14, p15, p16, i31]
+447: i60 = int_ge(i22, 2)
guard_true(i60, descr=<Guard0x10076c758>) [i44, p18, p1, p2, p3, p4, p5, p6, p7, p8, p9, p10, p11, p12, p13, p14, p15, p16, i31]
+457: i61 = int_ge(i19, i22)
guard_false(i61, descr=<Guard0x10076c700>) [i44, p18, p1, p2, p3, p4, p5, p6, p7, p8, p9, p10, p11, p12, p13, p14, p15, p16, i31]
+466: jump(i44, p2, p1, p18, i31, p3, p4, p5, p6, p7, p8, p9, p10, p11, p12, p13, p14, p15, p16, p39, i36, p18, i34, p24, i21, i52, i19, i57, i55, i37, i22, descr=TargetToken(4302454888))
+560: --end of the loop--
[f38d41d06c6c6] jit-log-opt-bridge}
[f38d41d363802] {jit-log-opt-loop
# Loop 1 (23 line 2) : loop with 77 ops
[i0, i1, i2, p3, p4, p5]
+134: p6 = getfield_gc(p4, descr=<FieldP pyrlang.interpreter.register.X_Register.inst_regs 16>)
+145: p8 = getarrayitem_gc(p6, 0, descr=<ArrayP 8>)
+149: p10 = getarrayitem_gc(p6, 1, descr=<ArrayP 8>)
+153: p12 = getarrayitem_gc(p6, 2, descr=<ArrayP 8>)
+157: p14 = getarrayitem_gc(p6, 3, descr=<ArrayP 8>)
+161: p16 = getarrayitem_gc(p6, 4, descr=<ArrayP 8>)
+165: p18 = getarrayitem_gc(p6, 5, descr=<ArrayP 8>)
+169: p20 = getarrayitem_gc(p6, 6, descr=<ArrayP 8>)
+173: p22 = getarrayitem_gc(p6, 7, descr=<ArrayP 8>)
+177: p24 = getarrayitem_gc(p6, 8, descr=<ArrayP 8>)
+181: p26 = getarrayitem_gc(p6, 9, descr=<ArrayP 8>)
+185: p28 = getarrayitem_gc(p6, 10, descr=<ArrayP 8>)
+189: p30 = getarrayitem_gc(p6, 11, descr=<ArrayP 8>)
+193: p32 = getarrayitem_gc(p6, 12, descr=<ArrayP 8>)
+204: p34 = getarrayitem_gc(p6, 13, descr=<ArrayP 8>)
+215: p36 = getarrayitem_gc(p6, 14, descr=<ArrayP 8>)
+229: p38 = getarrayitem_gc(p6, 15, descr=<ArrayP 8>)
+243: label(i0, i1, i2, p3, p4, p5, p8, p10, p12, p14, p16, p18, p20, p22, p24, p26, p28, p30, p32, p34, p36, p38, descr=TargetToken(4302459208))
+333: p39 = getfield_gc(p3, descr=<FieldP pyrlang.interpreter.interp.Process.inst_y_reg 80>)
debug_merge_point(0, 0, '24 gc_bif2 L0. 1. 1. y(0). x(0). x(0)')
+344: i40 = getfield_gc(p39, descr=<FieldS pyrlang.interpreter.register.Y_Register.inst_val_top 40>)
+348: p41 = getfield_gc(p39, descr=<FieldP pyrlang.interpreter.register.Y_Register.inst_vals 48>)
+352: p42 = getarrayitem_gc(p41, i40, descr=<ArrayP 8>)
+357: p43 = getfield_gc(p3, descr=<FieldP pyrlang.interpreter.interp.Process.inst_x_reg 72>)
+361: i44 = ptr_eq(p43, p4)
guard_true(i44, descr=<Guard0x10076cc80>) [i2, i1, i0, p4, p3, p43, p8, p10, p12, p14, p16, p18, p20, p22, p24, p26, p28, p30, p32, p34, p36, p38, p42]
+374: guard_class(p42, ConstClass(W_IntObject), descr=<Guard0x10076d308>) [i2, i1, i0, p4, p3, p8, p42, p10, p12, p14, p16, p18, p20, p22, p24, p26, p28, p30, p32, p34, p36, p38, None]
+386: guard_nonnull_class(p8, ConstClass(W_IntObject), descr=<Guard0x10076d2b0>) [i2, i1, i0, p4, p3, p8, p42, p10, p12, p14, p16, p18, p20, p22, p24, p26, p28, p30, p32, p34, p36, p38, None]
+404: i48 = getfield_gc_pure(p42, descr=<FieldS pyrlang.interpreter.datatypes.number.W_IntObject.inst_intval 8>)
+408: i49 = getfield_gc_pure(p8, descr=<FieldS pyrlang.interpreter.datatypes.number.W_IntObject.inst_intval 8>)
+412: i50 = int_add_ovf(i48, i49)
guard_no_overflow(descr=<Guard0x10076d258>) [i2, i1, i0, p4, p3, i50, p8, p42, p10, p12, p14, p16, p18, p20, p22, p24, p26, p28, p30, p32, p34, p36, p38, None]
debug_merge_point(0, 0, '25 deallocate 1')
+421: i52 = int_sub(i40, 1)
debug_merge_point(0, 0, '26 return ')
+425: i53 = getfield_gc(p39, descr=<FieldS pyrlang.interpreter.register.Y_Register.inst_addr_top 16>)
+429: setfield_gc(p39, i52, descr=<FieldS pyrlang.interpreter.register.Y_Register.inst_val_top 40>)
+433: i55 = int_eq(i53, -1)
guard_false(i55, descr=<Guard0x10076d200>) [i0, i2, i1, p39, p4, p3, p10, p12, p14, p16, p18, p20, p22, p24, p26, p28, p30, p32, p34, p36, p38, i50, None]
+443: p56 = getfield_gc(p39, descr=<FieldP pyrlang.interpreter.register.Y_Register.inst_addrs 24>)
+447: i58 = int_lt(i53, 0)
guard_false(i58, descr=<Guard0x10076d1a8>) [i53, i0, i2, i1, p39, p56, p4, p3, p10, p12, p14, p16, p18, p20, p22, p24, p26, p28, p30, p32, p34, p36, p38, i50, None]
+457: p59 = getarrayitem_gc(p56, i53, descr=<ArrayP 8>)
+462: i61 = int_sub(i53, 1)
+466: p62 = getfield_gc_pure(p59, descr=<FieldP tuple2.item0 8>)
+470: i63 = getfield_gc_pure(p59, descr=<FieldS tuple2.item1 16>)
+474: setfield_gc(p39, i61, descr=<FieldS pyrlang.interpreter.register.Y_Register.inst_addr_top 16>)
+478: i65 = int_eq(27, i0)
guard_true(i65, descr=<Guard0x10076d150>) [i0, i2, i1, i63, p4, p3, p62, p10, p12, p14, p16, p18, p20, p22, p24, p26, p28, p30, p32, p34, p36, p38, i50, None]
+492: guard_value(i63, 23, descr=<Guard0x10076d0f8>) [i2, i1, i63, p39, p4, p3, p62, p10, p12, p14, p16, p18, p20, p22, p24, p26, p28, p30, p32, p34, p36, p38, i50, None]
+502: guard_value(p62, ConstPtr(ptr67), descr=<Guard0x10076d0a0>) [i2, i1, p39, p4, p3, p62, p10, p12, p14, p16, p18, p20, p22, p24, p26, p28, p30, p32, p34, p36, p38, i50, None]
debug_merge_point(0, 0, '23 line 2')
+521: p68 = same_as(p39)
+524: label(i1, i2, p3, p4, p39, i50, p10, p12, p14, p16, p18, p20, p22, p24, p26, p28, p30, p32, p34, p36, p38, p41, i52, p68, i61, p56, descr=TargetToken(4302459280))
debug_merge_point(0, 0, '24 gc_bif2 L0. 1. 1. y(0). x(0). x(0)')
+557: p69 = getarrayitem_gc(p41, i52, descr=<ArrayP 8>)
+562: guard_class(p69, ConstClass(W_IntObject), descr=<Guard0x10076d048>) [i2, i1, p4, p3, p69, p10, p12, p14, p16, p18, p20, p22, p24, p26, p28, p30, p32, p34, p36, p38, i50]
+574: i70 = getfield_gc_pure(p69, descr=<FieldS pyrlang.interpreter.datatypes.number.W_IntObject.inst_intval 8>)
+578: i71 = int_add_ovf(i70, i50)
guard_no_overflow(descr=<Guard0x10076cff0>) [i2, i1, p4, p3, i71, p69, p10, p12, p14, p16, p18, p20, p22, p24, p26, p28, p30, p32, p34, p36, p38, i50]
debug_merge_point(0, 0, '25 deallocate 1')
+587: i72 = int_sub(i52, 1)
debug_merge_point(0, 0, '26 return ')
+591: setfield_gc(p68, i72, descr=<FieldS pyrlang.interpreter.register.Y_Register.inst_val_top 40>)
+595: i73 = int_eq(i61, -1)
guard_false(i73, descr=<Guard0x10076cf98>) [i2, i1, p68, p4, p3, p10, p12, p14, p16, p18, p20, p22, p24, p26, p28, p30, p32, p34, p36, p38, i71, None]
+605: i74 = int_lt(i61, 0)
guard_false(i74, descr=<Guard0x10076cf40>) [i61, i2, i1, p68, p56, p4, p3, p10, p12, p14, p16, p18, p20, p22, p24, p26, p28, p30, p32, p34, p36, p38, i71, None]
+615: p75 = getarrayitem_gc(p56, i61, descr=<ArrayP 8>)
+620: i76 = int_sub(i61, 1)
+624: p77 = getfield_gc_pure(p75, descr=<FieldP tuple2.item0 8>)
+628: i78 = getfield_gc_pure(p75, descr=<FieldS tuple2.item1 16>)
+632: setfield_gc(p68, i76, descr=<FieldS pyrlang.interpreter.register.Y_Register.inst_addr_top 16>)
+636: guard_value(i78, 23, descr=<Guard0x10076cee8>) [i2, i1, i78, p68, p4, p3, p77, p10, p12, p14, p16, p18, p20, p22, p24, p26, p28, p30, p32, p34, p36, p38, i71, None]
+646: guard_value(p77, ConstPtr(ptr67), descr=<Guard0x10076ce90>) [i2, i1, p68, p4, p3, p77, p10, p12, p14, p16, p18, p20, p22, p24, p26, p28, p30, p32, p34, p36, p38, i71, None]
debug_merge_point(0, 0, '23 line 2')
+665: jump(i1, i2, p3, p4, p68, i71, p10, p12, p14, p16, p18, p20, p22, p24, p26, p28, p30, p32, p34, p36, p38, p41, i72, p68, i76, p56, descr=TargetToken(4302459280))
+688: --end of the loop--
[f38d41d3cc3a2] jit-log-opt-loop}
[f38d41da5c5b7] {jit-log-opt-loop
# Loop 2 (17 line 2) : entry bridge with 55 ops
[i0, i1, i2, p3, p4, p5]
+134: p6 = getfield_gc(p4, descr=<FieldP pyrlang.interpreter.register.X_Register.inst_regs 16>)
+145: p8 = getarrayitem_gc(p6, 0, descr=<ArrayP 8>)
+149: p10 = getarrayitem_gc(p6, 1, descr=<ArrayP 8>)
+153: p12 = getarrayitem_gc(p6, 2, descr=<ArrayP 8>)
+157: p14 = getarrayitem_gc(p6, 3, descr=<ArrayP 8>)
+161: p16 = getarrayitem_gc(p6, 4, descr=<ArrayP 8>)
+165: p18 = getarrayitem_gc(p6, 5, descr=<ArrayP 8>)
+169: p20 = getarrayitem_gc(p6, 6, descr=<ArrayP 8>)
+173: p22 = getarrayitem_gc(p6, 7, descr=<ArrayP 8>)
+177: p24 = getarrayitem_gc(p6, 8, descr=<ArrayP 8>)
+181: p26 = getarrayitem_gc(p6, 9, descr=<ArrayP 8>)
+185: p28 = getarrayitem_gc(p6, 10, descr=<ArrayP 8>)
+189: p30 = getarrayitem_gc(p6, 11, descr=<ArrayP 8>)
+193: p32 = getarrayitem_gc(p6, 12, descr=<ArrayP 8>)
+204: p34 = getarrayitem_gc(p6, 13, descr=<ArrayP 8>)
+215: p36 = getarrayitem_gc(p6, 14, descr=<ArrayP 8>)
+229: p38 = getarrayitem_gc(p6, 15, descr=<ArrayP 8>)
debug_merge_point(0, 0, '17 line 2')
+243: p39 = getfield_gc(p3, descr=<FieldP pyrlang.interpreter.interp.Process.inst_y_reg 80>)
debug_merge_point(0, 0, '18 gc_bif2 L0. 1. 0. y(0). #2. x(1)')
+261: i40 = getfield_gc(p39, descr=<FieldS pyrlang.interpreter.register.Y_Register.inst_val_top 40>)
+272: p41 = getfield_gc(p39, descr=<FieldP pyrlang.interpreter.register.Y_Register.inst_vals 48>)
+283: p42 = getarrayitem_gc(p41, i40, descr=<ArrayP 8>)
+295: guard_class(p42, ConstClass(W_IntObject), descr=<Guard0x10076d570>) [i2, i1, i0, p4, p3, p42, p8, p10, p12, p14, p16, p18, p20, p22, p24, p26, p28, p30, p32, p34, p36, p38]
+308: i44 = getfield_gc_pure(p42, descr=<FieldS pyrlang.interpreter.datatypes.number.W_IntObject.inst_intval 8>)
+319: i46 = int_sub_ovf(i44, 2)
guard_no_overflow(descr=<Guard0x10076d888>) [i2, i1, i0, p4, p3, i46, p42, p8, p10, p12, p14, p16, p18, p20, p22, p24, p26, p28, p30, p32, p34, p36, p38]
+329: p47 = getfield_gc(p3, descr=<FieldP pyrlang.interpreter.interp.Process.inst_x_reg 72>)
+333: i48 = ptr_eq(p47, p4)
guard_true(i48, descr=<Guard0x10076d830>) [i2, i1, i0, p4, p3, p47, p8, p10, p12, p14, p16, p18, p20, p22, p24, p26, p28, p30, p32, p34, p36, p38, i46]
debug_merge_point(0, 0, '19 move x(0). y(0)')
+346: i50 = int_lt(i40, 0)
guard_false(i50, descr=<Guard0x10076d7d8>) [i2, i1, i0, p4, p3, i40, p8, p41, p12, p14, p16, p18, p20, p22, p24, p26, p28, p30, p32, p34, p36, p38, i46]
+398: setarrayitem_gc(p41, i40, p8, descr=<ArrayP 8>)
debug_merge_point(0, 0, '20 move x(1). x(0)')
debug_merge_point(0, 0, '21 line 2')
debug_merge_point(0, 0, '22 call 1. L2')
+403: i52 = int_eq(23, i0)
+419: i53 = getfield_gc(p39, descr=<FieldS pyrlang.interpreter.register.Y_Register.inst_addr_top 16>)
+423: i55 = int_add(i53, 1)
+428: i56 = getfield_gc(p39, descr=<FieldS pyrlang.interpreter.register.Y_Register.inst_addr_size 8>)
+432: setfield_gc(p39, i55, descr=<FieldS pyrlang.interpreter.register.Y_Register.inst_addr_top 16>)
+436: i57 = int_ge(i55, i56)
guard_false(i57, descr=<Guard0x10076d780>) [i52, i0, i2, i1, p4, p3, i56, p39, p12, p14, p16, p18, p20, p22, p24, p26, p28, p30, p32, p34, p36, p38, i46]
+445: p58 = getfield_gc(p39, descr=<FieldP pyrlang.interpreter.register.Y_Register.inst_addrs 24>)
+449: i60 = int_lt(i55, 0)
guard_false(i60, descr=<Guard0x10076d728>) [i52, i0, i2, i1, p4, p3, i55, p58, p12, p14, p16, p18, p20, p22, p24, p26, p28, p30, p32, p34, p36, p38, i46]
+502: setarrayitem_gc(p58, i55, ConstPtr(ptr61), descr=<ArrayP 8>)
+517: i63 = int_sub(i1, 1)
+528: guard_true(i2, descr=<Guard0x10076d6d0>) [i52, i0, i63, p4, p3, p12, p14, p16, p18, p20, p22, p24, p26, p28, p30, p32, p34, p36, p38, i46]
+544: guard_false(i52, descr=<Guard0x10076d678>) [i0, i63, p4, p3, p12, p14, p16, p18, p20, p22, p24, p26, p28, p30, p32, p34, p36, p38, i46]
debug_merge_point(0, 0, '3 label 2')
p65 = new_with_vtable(ConstClass(W_IntObject))
+639: setfield_gc(p65, i46, descr=<FieldS pyrlang.interpreter.datatypes.number.W_IntObject.inst_intval 8>)
+643: jump(23, i63, 1, p3, p4, p39, p65, p65, p12, p14, p16, p18, p20, p22, p24, p26, p28, p30, p32, p34, p36, p38, descr=TargetToken(4302454816))
+880: --end of the loop--
[f38d41daab856] jit-log-opt-loop}
[f38d41df28f7f] {jit-log-opt-bridge
# bridge out of Guard 0x100717410 with 35 ops
[i0, i1, p2, p3, p4, p5, p6, p7, p8, p9, p10, p11, p12, p13, p14, p15, p16, p17, p18, p19, i20]
+59: guard_value(i1, 23, descr=<Guard0x10076db48>) [i0, i1, p2, p3, p4, p5, p6, p7, p8, p9, p10, p11, p12, p13, p14, p15, p16, p17, p18, p19, i20]
+69: guard_value(p5, ConstPtr(ptr22), descr=<Guard0x10076df68>) [i0, p2, p3, p4, p5, p6, p7, p8, p9, p10, p11, p12, p13, p14, p15, p16, p17, p18, p19, i20]
debug_merge_point(0, 0, '23 line 2')
+88: label(i0, p4, p3, p2, i20, p6, p7, p8, p9, p10, p11, p12, p13, p14, p15, p16, p17, p18, p19, descr=TargetToken(4302460000))
+125: p23 = getfield_gc(p4, descr=<FieldP pyrlang.interpreter.interp.Process.inst_y_reg 80>)
debug_merge_point(0, 0, '24 gc_bif2 L0. 1. 1. y(0). x(0). x(0)')
+136: i24 = getfield_gc(p23, descr=<FieldS pyrlang.interpreter.register.Y_Register.inst_val_top 40>)
+140: p25 = getfield_gc(p23, descr=<FieldP pyrlang.interpreter.register.Y_Register.inst_vals 48>)
+144: p26 = getarrayitem_gc(p25, i24, descr=<ArrayP 8>)
+149: p27 = getfield_gc(p4, descr=<FieldP pyrlang.interpreter.interp.Process.inst_x_reg 72>)
+153: i28 = ptr_eq(p27, p3)
guard_true(i28, descr=<Guard0x10076df10>) [i0, p3, p4, p27, p6, p7, p8, p9, p10, p11, p12, p13, p14, p15, p16, p17, p18, p19, i20, p26]
+166: guard_class(p26, ConstClass(W_IntObject), descr=<Guard0x10076deb8>) [i0, p3, p4, p26, p6, p7, p8, p9, p10, p11, p12, p13, p14, p15, p16, p17, p18, p19, i20, None]
+179: i31 = getfield_gc_pure(p26, descr=<FieldS pyrlang.interpreter.datatypes.number.W_IntObject.inst_intval 8>)
+183: i32 = int_add_ovf(i31, i20)
guard_no_overflow(descr=<Guard0x10076de60>) [i0, p3, p4, i32, p26, p6, p7, p8, p9, p10, p11, p12, p13, p14, p15, p16, p17, p18, p19, i20, None]
debug_merge_point(0, 0, '25 deallocate 1')
+192: i34 = int_sub(i24, 1)
debug_merge_point(0, 0, '26 return ')
+196: i35 = getfield_gc(p23, descr=<FieldS pyrlang.interpreter.register.Y_Register.inst_addr_top 16>)
+200: setfield_gc(p23, i34, descr=<FieldS pyrlang.interpreter.register.Y_Register.inst_val_top 40>)
+204: i37 = int_eq(i35, -1)
guard_false(i37, descr=<Guard0x10076de08>) [i0, p23, p3, p4, p6, p7, p8, p9, p10, p11, p12, p13, p14, p15, p16, p17, p18, p19, i32, None, None]
+214: p38 = getfield_gc(p23, descr=<FieldP pyrlang.interpreter.register.Y_Register.inst_addrs 24>)
+218: i40 = int_lt(i35, 0)
guard_false(i40, descr=<Guard0x10076ddb0>) [i35, i0, p23, p38, p3, p4, p6, p7, p8, p9, p10, p11, p12, p13, p14, p15, p16, p17, p18, p19, i32, None, None]
+228: p41 = getarrayitem_gc(p38, i35, descr=<ArrayP 8>)
+233: i43 = int_sub(i35, 1)
+237: p44 = getfield_gc_pure(p41, descr=<FieldP tuple2.item0 8>)
+241: i45 = getfield_gc_pure(p41, descr=<FieldS tuple2.item1 16>)
+245: setfield_gc(p23, i43, descr=<FieldS pyrlang.interpreter.register.Y_Register.inst_addr_top 16>)
+249: guard_value(i45, 23, descr=<Guard0x10076dd58>) [i0, i45, p23, p3, p4, p44, p6, p7, p8, p9, p10, p11, p12, p13, p14, p15, p16, p17, p18, p19, i32, None, None]
+259: guard_value(p44, ConstPtr(ptr47), descr=<Guard0x10076dd00>) [i0, p23, p3, p4, p44, p6, p7, p8, p9, p10, p11, p12, p13, p14, p15, p16, p17, p18, p19, i32, None, None]
debug_merge_point(0, 0, '23 line 2')
+278: jump(i0, p4, p3, p23, i32, p6, p7, p8, p9, p10, p11, p12, p13, p14, p15, p16, p17, p18, p19, descr=TargetToken(4302460000))
+304: --end of the loop--
[f38d41df6b6ed] jit-log-opt-bridge}
[f38d41e17ce25] {jit-log-opt-bridge
# bridge out of Guard 0x10076d0f8 with 40 ops
[i0, i1, i2, p3, p4, p5, p6, p7, p8, p9, p10, p11, p12, p13, p14, p15, p16, p17, p18, p19, p20, p21, i22]
+59: guard_value(i2, 17, descr=<Guard0x1018b60d0>) [i0, i1, i2, p3, p4, p5, p6, p7, p8, p9, p10, p11, p12, p13, p14, p15, p16, p17, p18, p19, p20, p21, i22]
+69: guard_value(p6, ConstPtr(ptr24), descr=<Guard0x1018b6440>) [i0, i1, p3, p4, p5, p6, p7, p8, p9, p10, p11, p12, p13, p14, p15, p16, p17, p18, p19, p20, p21, i22]
debug_merge_point(0, 0, '17 line 2')
+88: p25 = getfield_gc(p5, descr=<FieldP pyrlang.interpreter.interp.Process.inst_y_reg 80>)
debug_merge_point(0, 0, '18 gc_bif2 L0. 1. 0. y(0). #2. x(1)')
+92: i26 = getfield_gc(p25, descr=<FieldS pyrlang.interpreter.register.Y_Register.inst_val_top 40>)
+96: p27 = getfield_gc(p25, descr=<FieldP pyrlang.interpreter.register.Y_Register.inst_vals 48>)
+100: p28 = getarrayitem_gc(p27, i26, descr=<ArrayP 8>)
+105: guard_class(p28, ConstClass(W_IntObject), descr=<Guard0x1018b63e8>) [i0, i1, p4, p5, p28, p7, p8, p9, p10, p11, p12, p13, p14, p15, p16, p17, p18, p19, p20, p21, i22]
+118: i30 = getfield_gc_pure(p28, descr=<FieldS pyrlang.interpreter.datatypes.number.W_IntObject.inst_intval 8>)
+122: i32 = int_sub_ovf(i30, 2)
guard_no_overflow(descr=<Guard0x1018b6390>) [i0, i1, p4, p5, i32, p28, p7, p8, p9, p10, p11, p12, p13, p14, p15, p16, p17, p18, p19, p20, p21, i22]
+132: p33 = getfield_gc(p5, descr=<FieldP pyrlang.interpreter.interp.Process.inst_x_reg 72>)
+136: i34 = ptr_eq(p33, p4)
guard_true(i34, descr=<Guard0x1018b6338>) [i0, i1, p4, p5, p33, p7, p8, p9, p10, p11, p12, p13, p14, p15, p16, p17, p18, p19, p20, p21, i32, i22]
debug_merge_point(0, 0, '19 move x(0). y(0)')
+149: i36 = int_lt(i26, 0)
guard_false(i36, descr=<Guard0x1018b62e0>) [i0, i1, p4, p5, i26, p27, p8, p9, p10, p11, p12, p13, p14, p15, p16, p17, p18, p19, p20, p21, i32, i22]
p38 = new_with_vtable(ConstClass(W_IntObject))
+245: setfield_gc(p38, i22, descr=<FieldS pyrlang.interpreter.datatypes.number.W_IntObject.inst_intval 8>)
+299: setarrayitem_gc(p27, i26, p38, descr=<ArrayP 8>)
debug_merge_point(0, 0, '20 move x(1). x(0)')
debug_merge_point(0, 0, '21 line 2')
debug_merge_point(0, 0, '22 call 1. L2')
+304: i39 = getfield_gc(p25, descr=<FieldS pyrlang.interpreter.register.Y_Register.inst_addr_top 16>)
+308: i41 = int_add(i39, 1)
+312: i42 = getfield_gc(p25, descr=<FieldS pyrlang.interpreter.register.Y_Register.inst_addr_size 8>)
+316: setfield_gc(p25, i41, descr=<FieldS pyrlang.interpreter.register.Y_Register.inst_addr_top 16>)
+320: i43 = int_ge(i41, i42)
guard_false(i43, descr=<Guard0x1018b6288>) [i0, i1, p4, p5, i42, p25, p8, p9, p10, p11, p12, p13, p14, p15, p16, p17, p18, p19, p20, p21, i32]
+329: p44 = getfield_gc(p25, descr=<FieldP pyrlang.interpreter.register.Y_Register.inst_addrs 24>)
+333: i46 = int_lt(i41, 0)
guard_false(i46, descr=<Guard0x1018b6230>) [i0, i1, p4, p5, i41, p44, p8, p9, p10, p11, p12, p13, p14, p15, p16, p17, p18, p19, p20, p21, i32]
+384: setarrayitem_gc(p44, i41, ConstPtr(ptr47), descr=<ArrayP 8>)
+399: i49 = int_sub(i1, 1)
+410: guard_true(i0, descr=<Guard0x1018b61d8>) [i49, p4, p5, p8, p9, p10, p11, p12, p13, p14, p15, p16, p17, p18, p19, p20, p21, i32]
debug_merge_point(0, 0, '3 label 2')
p51 = new_with_vtable(ConstClass(W_IntObject))
+437: setfield_gc(p51, i32, descr=<FieldS pyrlang.interpreter.datatypes.number.W_IntObject.inst_intval 8>)
+441: jump(23, i49, 1, p5, p4, p25, p51, p51, p8, p9, p10, p11, p12, p13, p14, p15, p16, p17, p18, p19, p20, p21, descr=TargetToken(4302454816))
+576: --end of the loop--
[f38d41e1c336b] jit-log-opt-bridge}
[f38d41e30f92f] {jit-log-opt-bridge
# bridge out of Guard 0x10076c230 with 36 ops
[i0, i1, p2, p3, p4, p5, p6, p7, p8, p9, p10, p11, p12, p13, p14, p15, p16, p17, i18]
+59: p19 = getfield_gc(p3, descr=<FieldP pyrlang.interpreter.interp.Process.inst_y_reg 80>)
debug_merge_point(0, 0, '3 label 2')
+70: guard_nonnull(p19, descr=<Guard0x1018b64f0>) [i1, p19, p2, p3, p4, p5, p6, p7, p8, p9, p10, p11, p12, p13, p14, p15, p16, p17, i18]
+79: p20 = getfield_gc(p3, descr=<FieldP pyrlang.interpreter.interp.Process.inst_x_reg 72>)
+83: i21 = ptr_eq(p20, p2)
guard_true(i21, descr=<Guard0x1018b6910>) [i1, p19, p2, p3, p4, p5, p6, p7, p8, p9, p10, p11, p12, p13, p14, p15, p16, p17, i18]
+96: i22 = getfield_gc(p19, descr=<FieldS pyrlang.interpreter.register.Y_Register.inst_addr_top 16>)
+100: i24 = int_ge(i22, 2)
guard_true(i24, descr=<Guard0x1018b68b8>) [i1, p19, p2, p3, p4, p5, p6, p7, p8, p9, p10, p11, p12, p13, p14, p15, p16, p17, i18]
+110: p25 = getfield_gc(p19, descr=<FieldP pyrlang.interpreter.register.Y_Register.inst_addrs 24>)
+114: guard_nonnull(p25, descr=<Guard0x1018b6860>) [i1, p19, p2, p3, p4, p5, p6, p7, p8, p9, p10, p11, p12, p13, p14, p15, p16, p17, i18]
+123: i27 = int_sub(i22, 1)
+127: i28 = getfield_gc(p19, descr=<FieldS pyrlang.interpreter.register.Y_Register.inst_val_top 40>)
+131: i30 = int_ge(i28, 2)
guard_true(i30, descr=<Guard0x1018b6808>) [i1, p19, p2, p3, p4, p5, p6, p7, p8, p9, p10, p11, p12, p13, p14, p15, p16, p17, i18]
+141: p31 = getfield_gc(p19, descr=<FieldP pyrlang.interpreter.register.Y_Register.inst_vals 48>)
+145: guard_nonnull(p31, descr=<Guard0x1018b67b0>) [i1, p19, p2, p3, p4, p5, p6, p7, p8, p9, p10, p11, p12, p13, p14, p15, p16, p17, i18]
+154: i32 = getfield_gc(p19, descr=<FieldS pyrlang.interpreter.register.Y_Register.inst_addr_size 8>)
+158: i34 = int_ge(i32, 1)
guard_true(i34, descr=<Guard0x1018b6758>) [i1, p19, p2, p3, p4, p5, p6, p7, p8, p9, p10, p11, p12, p13, p14, p15, p16, p17, i18]
+168: i35 = int_ge(i22, i32)
guard_false(i35, descr=<Guard0x1018b6700>) [i1, p19, p2, p3, p4, p5, p6, p7, p8, p9, p10, p11, p12, p13, p14, p15, p16, p17, i18]
+177: i37 = int_sub(i28, 1)
+181: i39 = int_sub(i27, 1)
+185: i40 = int_ge(i27, i32)
guard_false(i40, descr=<Guard0x1018b66a8>) [i1, p19, p2, p3, p4, p5, p6, p7, p8, p9, p10, p11, p12, p13, p14, p15, p16, p17, i18]
+194: i42 = int_sub(i37, 1)
+198: i44 = int_sub(i39, 1)
+209: i45 = int_ge(i39, i32)
guard_false(i45, descr=<Guard0x1018b6650>) [i1, p19, p2, p3, p4, p5, p6, p7, p8, p9, p10, p11, p12, p13, p14, p15, p16, p17, i18]
+218: i46 = getfield_gc(p19, descr=<FieldS pyrlang.interpreter.register.Y_Register.inst_val_size 32>)
+229: i48 = int_ge(i46, 2)
guard_true(i48, descr=<Guard0x1018b65f8>) [i1, p19, p2, p3, p4, p5, p6, p7, p8, p9, p10, p11, p12, p13, p14, p15, p16, p17, i18]
+239: i49 = int_ge(i37, i46)
guard_false(i49, descr=<Guard0x1018b65a0>) [i1, p19, p2, p3, p4, p5, p6, p7, p8, p9, p10, p11, p12, p13, p14, p15, p16, p17, i18]
+248: jump(i1, p3, p2, p19, i18, p4, p5, p6, p7, p8, p9, p10, p11, p12, p13, p14, p15, p16, p17, p25, i22, p19, i27, p31, i28, i39, i37, i44, i42, i32, i46, descr=TargetToken(4302454888))
+336: --end of the loop--
[f38d41e34ac26] jit-log-opt-bridge}
[f38d41e68b904] {jit-log-opt-bridge
# bridge out of Guard 0x100717c50 with 8 ops
[i0, i1, p2, p3, p4, p5, p6, p7, p8, p9, p10, p11, p12, p13, p14, p15, p16, p17, p18, p19, i20]
+59: guard_value(i1, 23, descr=<Guard0x1018b6ac8>) [i0, i1, p2, p3, p4, p5, p6, p7, p8, p9, p10, p11, p12, p13, p14, p15, p16, p17, p18, p19, i20]
+69: guard_value(p5, ConstPtr(ptr22), descr=<Guard0x1018b6b78>) [i0, p2, p3, p4, p5, p6, p7, p8, p9, p10, p11, p12, p13, p14, p15, p16, p17, p18, p19, i20]
debug_merge_point(0, 0, '23 line 2')
p24 = new_with_vtable(ConstClass(W_IntObject))
p26 = new_with_vtable(ConstClass(W_IntObject))
+178: setfield_gc(p24, i20, descr=<FieldS pyrlang.interpreter.datatypes.number.W_IntObject.inst_intval 8>)
+182: setfield_gc(p26, 1, descr=<FieldS pyrlang.interpreter.datatypes.number.W_IntObject.inst_intval 8>)
+190: jump(27, i0, 1, p4, p3, p2, p24, p26, p6, p7, p8, p9, p10, p11, p12, p13, p14, p15, p16, p17, p18, p19, descr=TargetToken(4302459208))
+320: --end of the loop--
[f38d41e69e431] jit-log-opt-bridge}
[f38d41e82118c] {jit-log-opt-bridge
# bridge out of Guard 0x10076dd58 with 39 ops
[i0, i1, p2, p3, p4, p5, p6, p7, p8, p9, p10, p11, p12, p13, p14, p15, p16, p17, p18, p19, i20]
+59: guard_value(i1, 17, descr=<Guard0x1018b6cd8>) [i0, i1, p2, p3, p4, p5, p6, p7, p8, p9, p10, p11, p12, p13, p14, p15, p16, p17, p18, p19, i20]
+69: guard_value(p5, ConstPtr(ptr22), descr=<Guard0x1018b6ff0>) [i0, p2, p3, p4, p5, p6, p7, p8, p9, p10, p11, p12, p13, p14, p15, p16, p17, p18, p19, i20]
debug_merge_point(0, 0, '17 line 2')
+88: p23 = getfield_gc(p4, descr=<FieldP pyrlang.interpreter.interp.Process.inst_y_reg 80>)
debug_merge_point(0, 0, '18 gc_bif2 L0. 1. 0. y(0). #2. x(1)')
+92: i24 = getfield_gc(p23, descr=<FieldS pyrlang.interpreter.register.Y_Register.inst_val_top 40>)
+96: p25 = getfield_gc(p23, descr=<FieldP pyrlang.interpreter.register.Y_Register.inst_vals 48>)
+100: p26 = getarrayitem_gc(p25, i24, descr=<ArrayP 8>)
+105: guard_class(p26, ConstClass(W_IntObject), descr=<Guard0x1018b6f98>) [i0, p3, p4, p26, p6, p7, p8, p9, p10, p11, p12, p13, p14, p15, p16, p17, p18, p19, i20]
+118: i28 = getfield_gc_pure(p26, descr=<FieldS pyrlang.interpreter.datatypes.number.W_IntObject.inst_intval 8>)
+122: i30 = int_sub_ovf(i28, 2)
guard_no_overflow(descr=<Guard0x1018b6f40>) [i0, p3, p4, i30, p26, p6, p7, p8, p9, p10, p11, p12, p13, p14, p15, p16, p17, p18, p19, i20]
+132: p31 = getfield_gc(p4, descr=<FieldP pyrlang.interpreter.interp.Process.inst_x_reg 72>)
+136: i32 = ptr_eq(p31, p3)
guard_true(i32, descr=<Guard0x1018b6ee8>) [i0, p3, p4, p31, p6, p7, p8, p9, p10, p11, p12, p13, p14, p15, p16, p17, p18, p19, i30, i20]
debug_merge_point(0, 0, '19 move x(0). y(0)')
+149: i34 = int_lt(i24, 0)
guard_false(i34, descr=<Guard0x1018b6e90>) [i0, p3, p4, i24, p25, p6, p7, p8, p9, p10, p11, p12, p13, p14, p15, p16, p17, p18, p19, i30, i20]
p36 = new_with_vtable(ConstClass(W_IntObject))
+238: setfield_gc(p36, i20, descr=<FieldS pyrlang.interpreter.datatypes.number.W_IntObject.inst_intval 8>)
+284: setarrayitem_gc(p25, i24, p36, descr=<ArrayP 8>)
debug_merge_point(0, 0, '20 move x(1). x(0)')
debug_merge_point(0, 0, '21 line 2')
debug_merge_point(0, 0, '22 call 1. L2')
+289: i37 = getfield_gc(p23, descr=<FieldS pyrlang.interpreter.register.Y_Register.inst_addr_top 16>)
+293: i39 = int_add(i37, 1)
+297: i40 = getfield_gc(p23, descr=<FieldS pyrlang.interpreter.register.Y_Register.inst_addr_size 8>)
+301: setfield_gc(p23, i39, descr=<FieldS pyrlang.interpreter.register.Y_Register.inst_addr_top 16>)
+305: i41 = int_ge(i39, i40)
guard_false(i41, descr=<Guard0x1018b6e38>) [i0, p3, p4, i40, p23, p6, p7, p8, p9, p10, p11, p12, p13, p14, p15, p16, p17, p18, p19, i30]
+314: p42 = getfield_gc(p23, descr=<FieldP pyrlang.interpreter.register.Y_Register.inst_addrs 24>)
+318: i44 = int_lt(i39, 0)
guard_false(i44, descr=<Guard0x1018b6de0>) [i0, p3, p4, i39, p42, p6, p7, p8, p9, p10, p11, p12, p13, p14, p15, p16, p17, p18, p19, i30]
+367: setarrayitem_gc(p42, i39, ConstPtr(ptr45), descr=<ArrayP 8>)
+382: i47 = int_sub(i0, 1)
debug_merge_point(0, 0, '3 label 2')
p49 = new_with_vtable(ConstClass(W_IntObject))
+404: setfield_gc(p49, i30, descr=<FieldS pyrlang.interpreter.datatypes.number.W_IntObject.inst_intval 8>)
+408: jump(23, i47, 1, p4, p3, p23, p49, p49, p6, p7, p8, p9, p10, p11, p12, p13, p14, p15, p16, p17, p18, p19, descr=TargetToken(4302454816))
+480: --end of the loop--
[f38d41e865efd] jit-log-opt-bridge}
[f38d41ea4c70b] {jit-log-opt-bridge
# bridge out of Guard 0x10076cee8 with 40 ops
[i0, i1, i2, p3, p4, p5, p6, p7, p8, p9, p10, p11, p12, p13, p14, p15, p16, p17, p18, p19, p20, p21, i22]
+59: guard_value(i2, 17, descr=<Guard0x1018b70f8>) [i0, i1, i2, p3, p4, p5, p6, p7, p8, p9, p10, p11, p12, p13, p14, p15, p16, p17, p18, p19, p20, p21, i22]
+69: guard_value(p6, ConstPtr(ptr24), descr=<Guard0x1018b7468>) [i0, i1, p3, p4, p5, p6, p7, p8, p9, p10, p11, p12, p13, p14, p15, p16, p17, p18, p19, p20, p21, i22]
debug_merge_point(0, 0, '17 line 2')
+88: p25 = getfield_gc(p5, descr=<FieldP pyrlang.interpreter.interp.Process.inst_y_reg 80>)
debug_merge_point(0, 0, '18 gc_bif2 L0. 1. 0. y(0). #2. x(1)')
+99: i26 = getfield_gc(p25, descr=<FieldS pyrlang.interpreter.register.Y_Register.inst_val_top 40>)
+103: p27 = getfield_gc(p25, descr=<FieldP pyrlang.interpreter.register.Y_Register.inst_vals 48>)
+107: p28 = getarrayitem_gc(p27, i26, descr=<ArrayP 8>)
+112: guard_class(p28, ConstClass(W_IntObject), descr=<Guard0x1018b7410>) [i0, i1, p4, p5, p28, p7, p8, p9, p10, p11, p12, p13, p14, p15, p16, p17, p18, p19, p20, p21, i22]
+125: i30 = getfield_gc_pure(p28, descr=<FieldS pyrlang.interpreter.datatypes.number.W_IntObject.inst_intval 8>)
+129: i32 = int_sub_ovf(i30, 2)
guard_no_overflow(descr=<Guard0x1018b73b8>) [i0, i1, p4, p5, i32, p28, p7, p8, p9, p10, p11, p12, p13, p14, p15, p16, p17, p18, p19, p20, p21, i22]
+139: p33 = getfield_gc(p5, descr=<FieldP pyrlang.interpreter.interp.Process.inst_x_reg 72>)
+143: i34 = ptr_eq(p33, p4)
guard_true(i34, descr=<Guard0x1018b7360>) [i0, i1, p4, p5, p33, p7, p8, p9, p10, p11, p12, p13, p14, p15, p16, p17, p18, p19, p20, p21, i32, i22]
debug_merge_point(0, 0, '19 move x(0). y(0)')
+156: i36 = int_lt(i26, 0)
guard_false(i36, descr=<Guard0x1018b7308>) [i0, i1, p4, p5, i26, p27, p8, p9, p10, p11, p12, p13, p14, p15, p16, p17, p18, p19, p20, p21, i32, i22]
p38 = new_with_vtable(ConstClass(W_IntObject))
+245: setfield_gc(p38, i22, descr=<FieldS pyrlang.interpreter.datatypes.number.W_IntObject.inst_intval 8>)
+290: setarrayitem_gc(p27, i26, p38, descr=<ArrayP 8>)
debug_merge_point(0, 0, '20 move x(1). x(0)')
debug_merge_point(0, 0, '21 line 2')
debug_merge_point(0, 0, '22 call 1. L2')
+295: i39 = getfield_gc(p25, descr=<FieldS pyrlang.interpreter.register.Y_Register.inst_addr_top 16>)
+299: i41 = int_add(i39, 1)
+304: i42 = getfield_gc(p25, descr=<FieldS pyrlang.interpreter.register.Y_Register.inst_addr_size 8>)
+308: setfield_gc(p25, i41, descr=<FieldS pyrlang.interpreter.register.Y_Register.inst_addr_top 16>)
+312: i43 = int_ge(i41, i42)
guard_false(i43, descr=<Guard0x1018b72b0>) [i0, i1, p4, p5, i42, p25, p8, p9, p10, p11, p12, p13, p14, p15, p16, p17, p18, p19, p20, p21, i32]
+321: p44 = getfield_gc(p25, descr=<FieldP pyrlang.interpreter.register.Y_Register.inst_addrs 24>)
+325: i46 = int_lt(i41, 0)
guard_false(i46, descr=<Guard0x1018b7258>) [i0, i1, p4, p5, i41, p44, p8, p9, p10, p11, p12, p13, p14, p15, p16, p17, p18, p19, p20, p21, i32]
+378: setarrayitem_gc(p44, i41, ConstPtr(ptr47), descr=<ArrayP 8>)
+393: i49 = int_sub(i1, 1)
+404: guard_true(i0, descr=<Guard0x1018b7200>) [i49, p4, p5, p8, p9, p10, p11, p12, p13, p14, p15, p16, p17, p18, p19, p20, p21, i32]
debug_merge_point(0, 0, '3 label 2')
p51 = new_with_vtable(ConstClass(W_IntObject))
+432: setfield_gc(p51, i32, descr=<FieldS pyrlang.interpreter.datatypes.number.W_IntObject.inst_intval 8>)
+437: jump(23, i49, 1, p5, p4, p25, p51, p51, p8, p9, p10, p11, p12, p13, p14, p15, p16, p17, p18, p19, p20, p21, descr=TargetToken(4302454816))
+560: --end of the loop--
[f38d41ea94e68] jit-log-opt-bridge}
[f38d482c3fad4] {jit-backend-counts
entry 0:1885
TargetToken(4302454816):5703249
TargetToken(4302454888):29856052
bridge 4302707880:5702894
bridge 4302701456:20628929
entry 1:427
TargetToken(4302459208):3523851
TargetToken(4302459280):2177860
entry 2:341
bridge 4302402576:2177783
TargetToken(4302460000):3523728
bridge 4302754040:2177655
bridge 4302750256:5701164
bridge 4302404688:3523424
bridge 4302757208:2177583
bridge 4302753512:1345785
[f38d482c4be81] jit-backend-counts}
