[9b36eb2e2ad24] {jit-backend-counts
[9b36eb2e30406] jit-backend-counts}
[9b36eb35c1f11] {jit-log-opt-loop
# Loop 0 (23 line 2) : loop with 77 ops
[i0, i1, i2, p3, p4, p5]
+134: p6 = getfield_gc(p4, descr=<FieldP pyrlang.interpreter.register.X_Register.inst_regs 16>)
+145: p8 = getarrayitem_gc(p6, 0, descr=<ArrayP 8>)
+149: p10 = getarrayitem_gc(p6, 1, descr=<ArrayP 8>)
+153: p12 = getarrayitem_gc(p6, 2, descr=<ArrayP 8>)
+157: p14 = getarrayitem_gc(p6, 3, descr=<ArrayP 8>)
+161: p16 = getarrayitem_gc(p6, 4, descr=<ArrayP 8>)
+165: p18 = getarrayitem_gc(p6, 5, descr=<ArrayP 8>)
+169: p20 = getarrayitem_gc(p6, 6, descr=<ArrayP 8>)
+173: p22 = getarrayitem_gc(p6, 7, descr=<ArrayP 8>)
+177: p24 = getarrayitem_gc(p6, 8, descr=<ArrayP 8>)
+181: p26 = getarrayitem_gc(p6, 9, descr=<ArrayP 8>)
+185: p28 = getarrayitem_gc(p6, 10, descr=<ArrayP 8>)
+189: p30 = getarrayitem_gc(p6, 11, descr=<ArrayP 8>)
+193: p32 = getarrayitem_gc(p6, 12, descr=<ArrayP 8>)
+204: p34 = getarrayitem_gc(p6, 13, descr=<ArrayP 8>)
+215: p36 = getarrayitem_gc(p6, 14, descr=<ArrayP 8>)
+229: p38 = getarrayitem_gc(p6, 15, descr=<ArrayP 8>)
+243: label(i0, i1, i2, p3, p4, p5, p8, p10, p12, p14, p16, p18, p20, p22, p24, p26, p28, p30, p32, p34, p36, p38, descr=TargetToken(4302413856))
+333: p39 = getfield_gc(p3, descr=<FieldP pyrlang.interpreter.interp.Process.inst_y_reg 80>)
debug_merge_point(0, 0, '24 gc_bif2 L0. 1. 1. y(0). x(0). x(0)')
+344: i40 = getfield_gc(p39, descr=<FieldS pyrlang.interpreter.register.Y_Register.inst_val_top 40>)
+348: p41 = getfield_gc(p39, descr=<FieldP pyrlang.interpreter.register.Y_Register.inst_vals 48>)
+352: p42 = getarrayitem_gc(p41, i40, descr=<ArrayP 8>)
+357: p43 = getfield_gc(p3, descr=<FieldP pyrlang.interpreter.interp.Process.inst_x_reg 72>)
+361: i44 = ptr_eq(p43, p4)
guard_true(i44, descr=<Guard0x100716180>) [i2, i1, i0, p4, p3, p43, p8, p10, p12, p14, p16, p18, p20, p22, p24, p26, p28, p30, p32, p34, p36, p38, p42]
+374: guard_class(p42, ConstClass(W_IntObject), descr=<Guard0x100716c80>) [i2, i1, i0, p4, p3, p8, p42, p10, p12, p14, p16, p18, p20, p22, p24, p26, p28, p30, p32, p34, p36, p38, None]
+386: guard_nonnull_class(p8, ConstClass(W_IntObject), descr=<Guard0x100716c28>) [i2, i1, i0, p4, p3, p8, p42, p10, p12, p14, p16, p18, p20, p22, p24, p26, p28, p30, p32, p34, p36, p38, None]
+404: i48 = getfield_gc_pure(p42, descr=<FieldS pyrlang.interpreter.datatypes.number.W_IntObject.inst_intval 8>)
+408: i49 = getfield_gc_pure(p8, descr=<FieldS pyrlang.interpreter.datatypes.number.W_IntObject.inst_intval 8>)
+412: i50 = int_add_ovf(i48, i49)
guard_no_overflow(descr=<Guard0x100716bd0>) [i2, i1, i0, p4, p3, i50, p8, p42, p10, p12, p14, p16, p18, p20, p22, p24, p26, p28, p30, p32, p34, p36, p38, None]
debug_merge_point(0, 0, '25 deallocate 1')
+421: i52 = int_sub(i40, 1)
debug_merge_point(0, 0, '26 return ')
+425: i53 = getfield_gc(p39, descr=<FieldS pyrlang.interpreter.register.Y_Register.inst_addr_top 16>)
+429: setfield_gc(p39, i52, descr=<FieldS pyrlang.interpreter.register.Y_Register.inst_val_top 40>)
+433: i55 = int_eq(i53, -1)
guard_false(i55, descr=<Guard0x100716b78>) [i0, i2, i1, p39, p4, p3, p10, p12, p14, p16, p18, p20, p22, p24, p26, p28, p30, p32, p34, p36, p38, i50, None]
+443: p56 = getfield_gc(p39, descr=<FieldP pyrlang.interpreter.register.Y_Register.inst_addrs 24>)
+447: i58 = int_lt(i53, 0)
guard_false(i58, descr=<Guard0x100716b20>) [i53, i0, i2, i1, p39, p56, p4, p3, p10, p12, p14, p16, p18, p20, p22, p24, p26, p28, p30, p32, p34, p36, p38, i50, None]
+457: p59 = getarrayitem_gc(p56, i53, descr=<ArrayP 8>)
+462: i61 = int_sub(i53, 1)
+466: p62 = getfield_gc_pure(p59, descr=<FieldP tuple2.item0 8>)
+470: i63 = getfield_gc_pure(p59, descr=<FieldS tuple2.item1 16>)
+474: setfield_gc(p39, i61, descr=<FieldS pyrlang.interpreter.register.Y_Register.inst_addr_top 16>)
+478: i65 = int_eq(27, i0)
guard_true(i65, descr=<Guard0x100716ac8>) [i0, i2, i1, i63, p4, p3, p62, p10, p12, p14, p16, p18, p20, p22, p24, p26, p28, p30, p32, p34, p36, p38, i50, None]
+492: guard_value(i63, 23, descr=<Guard0x100716a70>) [i2, i1, i63, p39, p4, p3, p62, p10, p12, p14, p16, p18, p20, p22, p24, p26, p28, p30, p32, p34, p36, p38, i50, None]
+502: guard_value(p62, ConstPtr(ptr67), descr=<Guard0x100716a18>) [i2, i1, p39, p4, p3, p62, p10, p12, p14, p16, p18, p20, p22, p24, p26, p28, p30, p32, p34, p36, p38, i50, None]
debug_merge_point(0, 0, '23 line 2')
+521: p68 = same_as(p39)
+524: label(i1, i2, p3, p4, p39, i50, p10, p12, p14, p16, p18, p20, p22, p24, p26, p28, p30, p32, p34, p36, p38, p41, i52, p68, i61, p56, descr=TargetToken(4302413928))
debug_merge_point(0, 0, '24 gc_bif2 L0. 1. 1. y(0). x(0). x(0)')
+557: p69 = getarrayitem_gc(p41, i52, descr=<ArrayP 8>)
+562: guard_class(p69, ConstClass(W_IntObject), descr=<Guard0x1007169c0>) [i2, i1, p4, p3, p69, p10, p12, p14, p16, p18, p20, p22, p24, p26, p28, p30, p32, p34, p36, p38, i50]
+574: i70 = getfield_gc_pure(p69, descr=<FieldS pyrlang.interpreter.datatypes.number.W_IntObject.inst_intval 8>)
+578: i71 = int_add_ovf(i70, i50)
guard_no_overflow(descr=<Guard0x100716968>) [i2, i1, p4, p3, i71, p69, p10, p12, p14, p16, p18, p20, p22, p24, p26, p28, p30, p32, p34, p36, p38, i50]
debug_merge_point(0, 0, '25 deallocate 1')
+587: i72 = int_sub(i52, 1)
debug_merge_point(0, 0, '26 return ')
+591: setfield_gc(p68, i72, descr=<FieldS pyrlang.interpreter.register.Y_Register.inst_val_top 40>)
+595: i73 = int_eq(i61, -1)
guard_false(i73, descr=<Guard0x100716910>) [i2, i1, p68, p4, p3, p10, p12, p14, p16, p18, p20, p22, p24, p26, p28, p30, p32, p34, p36, p38, i71, None]
+605: i74 = int_lt(i61, 0)
guard_false(i74, descr=<Guard0x1007168b8>) [i61, i2, i1, p68, p56, p4, p3, p10, p12, p14, p16, p18, p20, p22, p24, p26, p28, p30, p32, p34, p36, p38, i71, None]
+615: p75 = getarrayitem_gc(p56, i61, descr=<ArrayP 8>)
+620: i76 = int_sub(i61, 1)
+624: p77 = getfield_gc_pure(p75, descr=<FieldP tuple2.item0 8>)
+628: i78 = getfield_gc_pure(p75, descr=<FieldS tuple2.item1 16>)
+632: setfield_gc(p68, i76, descr=<FieldS pyrlang.interpreter.register.Y_Register.inst_addr_top 16>)
+636: guard_value(i78, 23, descr=<Guard0x100716860>) [i2, i1, i78, p68, p4, p3, p77, p10, p12, p14, p16, p18, p20, p22, p24, p26, p28, p30, p32, p34, p36, p38, i71, None]
+646: guard_value(p77, ConstPtr(ptr67), descr=<Guard0x100716808>) [i2, i1, p68, p4, p3, p77, p10, p12, p14, p16, p18, p20, p22, p24, p26, p28, p30, p32, p34, p36, p38, i71, None]
debug_merge_point(0, 0, '23 line 2')
+665: jump(i1, i2, p3, p4, p68, i71, p10, p12, p14, p16, p18, p20, p22, p24, p26, p28, p30, p32, p34, p36, p38, p41, i72, p68, i76, p56, descr=TargetToken(4302413928))
+688: --end of the loop--
[9b36eb3655d2c] jit-log-opt-loop}
[9b36eb3c76a2a] {jit-log-opt-loop
# Loop 1 (3 label 2) : loop with 106 ops
[i0, i1, i2, p3, p4, p5]
+134: p6 = getfield_gc(p4, descr=<FieldP pyrlang.interpreter.register.X_Register.inst_regs 16>)
+145: p8 = getarrayitem_gc(p6, 0, descr=<ArrayP 8>)
+149: p10 = getarrayitem_gc(p6, 1, descr=<ArrayP 8>)
+153: p12 = getarrayitem_gc(p6, 2, descr=<ArrayP 8>)
+157: p14 = getarrayitem_gc(p6, 3, descr=<ArrayP 8>)
+161: p16 = getarrayitem_gc(p6, 4, descr=<ArrayP 8>)
+165: p18 = getarrayitem_gc(p6, 5, descr=<ArrayP 8>)
+169: p20 = getarrayitem_gc(p6, 6, descr=<ArrayP 8>)
+173: p22 = getarrayitem_gc(p6, 7, descr=<ArrayP 8>)
+177: p24 = getarrayitem_gc(p6, 8, descr=<ArrayP 8>)
+181: p26 = getarrayitem_gc(p6, 9, descr=<ArrayP 8>)
+185: p28 = getarrayitem_gc(p6, 10, descr=<ArrayP 8>)
+189: p30 = getarrayitem_gc(p6, 11, descr=<ArrayP 8>)
+193: p32 = getarrayitem_gc(p6, 12, descr=<ArrayP 8>)
+204: p34 = getarrayitem_gc(p6, 13, descr=<ArrayP 8>)
+215: p36 = getarrayitem_gc(p6, 14, descr=<ArrayP 8>)
+229: p38 = getarrayitem_gc(p6, 15, descr=<ArrayP 8>)
+243: label(i0, i1, i2, p3, p4, p5, p8, p10, p12, p14, p16, p18, p20, p22, p24, p26, p28, p30, p32, p34, p36, p38, descr=TargetToken(4302416448))
debug_merge_point(0, 0, '3 label 2')
+333: p39 = getfield_gc(p3, descr=<FieldP pyrlang.interpreter.interp.Process.inst_y_reg 80>)
debug_merge_point(0, 0, '4 is_integer L4. x(0)')
+344: p40 = getfield_gc(p3, descr=<FieldP pyrlang.interpreter.interp.Process.inst_x_reg 72>)
+348: i41 = ptr_eq(p40, p4)
guard_true(i41, descr=<Guard0x100716e38>) [i2, i1, i0, p4, p3, p40, p8, p10, p12, p14, p16, p18, p20, p22, p24, p26, p28, p30, p32, p34, p36, p38]
+361: guard_nonnull_class(p8, ConstClass(W_IntObject), descr=<Guard0x1007174c0>) [i2, i1, i0, p4, p3, p8, p10, p12, p14, p16, p18, p20, p22, p24, p26, p28, p30, p32, p34, p36, p38]
debug_merge_point(0, 0, '5 select_val x(0). L4. [(#1. L3). (#0. L3)]')
+379: i43 = getfield_gc_pure(p8, descr=<FieldS pyrlang.interpreter.datatypes.number.W_IntObject.inst_intval 8>)
+383: i45 = int_eq(i43, 0)
guard_false(i45, descr=<Guard0x100717468>) [i2, i1, i0, p4, p3, p8, p10, p12, p14, p16, p18, p20, p22, p24, p26, p28, p30, p32, p34, p36, p38]
+393: i47 = int_eq(i43, 1)
guard_false(i47, descr=<Guard0x100717410>) [i2, i1, i0, p4, p3, p8, p10, p12, p14, p16, p18, p20, p22, p24, p26, p28, p30, p32, p34, p36, p38]
debug_merge_point(0, 0, '9 label 4')
debug_merge_point(0, 0, '10 allocate_zero 1. 1')
+403: i48 = getfield_gc(p39, descr=<FieldS pyrlang.interpreter.register.Y_Register.inst_val_top 40>)
+407: i50 = int_add(i48, 1)
+411: i51 = getfield_gc(p39, descr=<FieldS pyrlang.interpreter.register.Y_Register.inst_val_size 32>)
+415: setfield_gc(p39, i50, descr=<FieldS pyrlang.interpreter.register.Y_Register.inst_val_top 40>)
+419: i52 = int_ge(i50, i51)
guard_false(i52, descr=<Guard0x1007173b8>) [i2, i1, i0, p4, p3, i50, i51, p39, p8, p10, p12, p14, p16, p18, p20, p22, p24, p26, p28, p30, p32, p34, p36, p38]
+428: p53 = getfield_gc(p39, descr=<FieldP pyrlang.interpreter.register.Y_Register.inst_vals 48>)
+432: i55 = int_lt(i50, 0)
guard_false(i55, descr=<Guard0x100717360>) [i2, i1, i0, p4, p3, i50, p53, p39, p8, p10, p12, p14, p16, p18, p20, p22, p24, p26, p28, p30, p32, p34, p36, p38]
+442: setarrayitem_gc(p53, i50, ConstPtr(ptr56), descr=<ArrayP 8>)
debug_merge_point(0, 0, '11 line 2')
debug_merge_point(0, 0, '12 gc_bif2 L0. 1. 0. x(0). #0. x(1)')
+457: i58 = int_sub_ovf(i43, 1)
guard_no_overflow(descr=<Guard0x100717308>) [i2, i1, i0, p4, p3, i58, p8, p10, p12, p14, p16, p18, p20, p22, p24, p26, p28, p30, p32, p34, p36, p38]
debug_merge_point(0, 0, '13 move x(0). y(0)')
+508: setarrayitem_gc(p53, i50, p8, descr=<ArrayP 8>)
debug_merge_point(0, 0, '14 move x(1). x(0)')
debug_merge_point(0, 0, '15 line 2')
debug_merge_point(0, 0, '16 call 1. L2')
+513: i60 = int_eq(17, i0)
+529: i61 = getfield_gc(p39, descr=<FieldS pyrlang.interpreter.register.Y_Register.inst_addr_top 16>)
+533: i63 = int_add(i61, 1)
+537: i64 = getfield_gc(p39, descr=<FieldS pyrlang.interpreter.register.Y_Register.inst_addr_size 8>)
+541: setfield_gc(p39, i63, descr=<FieldS pyrlang.interpreter.register.Y_Register.inst_addr_top 16>)
+545: i65 = int_ge(i63, i64)
guard_false(i65, descr=<Guard0x1007172b0>) [i60, i0, i2, i1, p4, p3, i64, p39, p12, p14, p16, p18, p20, p22, p24, p26, p28, p30, p32, p34, p36, p38, i58]
+554: p66 = getfield_gc(p39, descr=<FieldP pyrlang.interpreter.register.Y_Register.inst_addrs 24>)
+558: i68 = int_lt(i63, 0)
guard_false(i68, descr=<Guard0x100717258>) [i60, i0, i2, i1, p4, p3, i63, p66, p12, p14, p16, p18, p20, p22, p24, p26, p28, p30, p32, p34, p36, p38, i58]
+611: setarrayitem_gc(p66, i63, ConstPtr(ptr69), descr=<ArrayP 8>)
+626: i71 = int_sub(i1, 1)
+637: guard_true(i2, descr=<Guard0x100717200>) [i60, i0, i71, p4, p3, p12, p14, p16, p18, p20, p22, p24, p26, p28, p30, p32, p34, p36, p38, i58]
+653: guard_true(i60, descr=<Guard0x1007171a8>) [i0, i71, p4, p3, p12, p14, p16, p18, p20, p22, p24, p26, p28, p30, p32, p34, p36, p38, i58]
debug_merge_point(0, 0, '3 label 2')
+662: p72 = same_as(p39)
+665: label(i71, p3, p4, p39, i58, p12, p14, p16, p18, p20, p22, p24, p26, p28, p30, p32, p34, p36, p38, i50, p72, i51, p53, i63, i64, p66, descr=TargetToken(4302416520))
debug_merge_point(0, 0, '3 label 2')
debug_merge_point(0, 0, '4 is_integer L4. x(0)')
debug_merge_point(0, 0, '5 select_val x(0). L4. [(#1. L3). (#0. L3)]')
+685: i73 = int_eq(i58, 0)
guard_false(i73, descr=<Guard0x100717150>) [i71, p4, p3, p12, p14, p16, p18, p20, p22, p24, p26, p28, p30, p32, p34, p36, p38, i58]
+695: i74 = int_eq(i58, 1)
guard_false(i74, descr=<Guard0x1007170f8>) [i71, p4, p3, p12, p14, p16, p18, p20, p22, p24, p26, p28, p30, p32, p34, p36, p38, i58]
debug_merge_point(0, 0, '9 label 4')
debug_merge_point(0, 0, '10 allocate_zero 1. 1')
+705: i75 = int_add(i50, 1)
+709: setfield_gc(p72, i75, descr=<FieldS pyrlang.interpreter.register.Y_Register.inst_val_top 40>)
+713: i76 = int_ge(i75, i51)
guard_false(i76, descr=<Guard0x1007170a0>) [i71, p4, p3, i75, i51, p72, p12, p14, p16, p18, p20, p22, p24, p26, p28, p30, p32, p34, p36, p38, i58]
+722: i77 = int_lt(i75, 0)
guard_false(i77, descr=<Guard0x100717048>) [i71, p4, p3, i75, p53, p72, p12, p14, p16, p18, p20, p22, p24, p26, p28, p30, p32, p34, p36, p38, i58]
+732: setarrayitem_gc(p53, i75, ConstPtr(ptr56), descr=<ArrayP 8>)
debug_merge_point(0, 0, '11 line 2')
debug_merge_point(0, 0, '12 gc_bif2 L0. 1. 0. x(0). #0. x(1)')
+747: i78 = int_sub_ovf(i58, 1)
guard_no_overflow(descr=<Guard0x100716ff0>) [i71, p4, p3, i78, p12, p14, p16, p18, p20, p22, p24, p26, p28, p30, p32, p34, p36, p38, i58]
debug_merge_point(0, 0, '13 move x(0). y(0)')
p80 = new_with_vtable(ConstClass(W_IntObject))
+846: setfield_gc(p80, i58, descr=<FieldS pyrlang.interpreter.datatypes.number.W_IntObject.inst_intval 8>)
+891: setarrayitem_gc(p53, i75, p80, descr=<ArrayP 8>)
debug_merge_point(0, 0, '14 move x(1). x(0)')
debug_merge_point(0, 0, '15 line 2')
debug_merge_point(0, 0, '16 call 1. L2')
+896: i81 = int_add(i63, 1)
+900: setfield_gc(p72, i81, descr=<FieldS pyrlang.interpreter.register.Y_Register.inst_addr_top 16>)
+904: i82 = int_ge(i81, i64)
guard_false(i82, descr=<Guard0x100716f98>) [i71, p4, p3, i64, p72, p12, p14, p16, p18, p20, p22, p24, p26, p28, p30, p32, p34, p36, p38, i78]
+913: i83 = int_lt(i81, 0)
guard_false(i83, descr=<Guard0x100716f40>) [i71, p4, p3, i81, p66, p12, p14, p16, p18, p20, p22, p24, p26, p28, p30, p32, p34, p36, p38, i78]
+966: setarrayitem_gc(p66, i81, ConstPtr(ptr84), descr=<ArrayP 8>)
+981: i85 = int_sub(i71, 1)
debug_merge_point(0, 0, '3 label 2')
+985: jump(i85, p3, p4, p72, i78, p12, p14, p16, p18, p20, p22, p24, p26, p28, p30, p32, p34, p36, p38, i75, p72, i51, p53, i81, i64, p66, descr=TargetToken(4302416520))
+1024: --end of the loop--
[9b36eb3d16b2e] jit-log-opt-loop}
[9b36eb44968eb] {jit-log-opt-bridge
# bridge out of Guard 0x1007170f8 with 103 ops
[i0, p1, p2, p3, p4, p5, p6, p7, p8, p9, p10, p11, p12, p13, p14, p15, p16, i17]
+59: p18 = getfield_gc(p2, descr=<FieldP pyrlang.interpreter.interp.Process.inst_y_reg 80>)
debug_merge_point(0, 0, '6 label 3')
debug_merge_point(0, 0, '7 move #0. x(0)')
+70: p19 = getfield_gc(p2, descr=<FieldP pyrlang.interpreter.interp.Process.inst_x_reg 72>)
+74: i20 = ptr_eq(p19, p1)
guard_true(i20, descr=<Guard0x1007176d0>) [i0, p1, p2, p19, p3, p4, p5, p6, p7, p8, p9, p10, p11, p12, p13, p14, p15, p16, i17]
debug_merge_point(0, 0, '8 return ')
+87: i21 = getfield_gc(p18, descr=<FieldS pyrlang.interpreter.register.Y_Register.inst_addr_top 16>)
+91: i23 = int_eq(i21, -1)
guard_false(i23, descr=<Guard0x10076e128>) [i0, p18, p1, p2, p3, p4, p5, p6, p7, p8, p9, p10, p11, p12, p13, p14, p15, p16, i17]
+101: p24 = getfield_gc(p18, descr=<FieldP pyrlang.interpreter.register.Y_Register.inst_addrs 24>)
+105: i26 = int_lt(i21, 0)
guard_false(i26, descr=<Guard0x10076e0d0>) [i21, i0, p18, p24, p1, p2, p3, p4, p5, p6, p7, p8, p9, p10, p11, p12, p13, p14, p15, p16, i17]
+115: p27 = getarrayitem_gc(p24, i21, descr=<ArrayP 8>)
+120: i29 = int_sub(i21, 1)
+124: p30 = getfield_gc_pure(p27, descr=<FieldP tuple2.item0 8>)
+128: i31 = getfield_gc_pure(p27, descr=<FieldS tuple2.item1 16>)
+132: setfield_gc(p18, i29, descr=<FieldS pyrlang.interpreter.register.Y_Register.inst_addr_top 16>)
+136: guard_value(i31, 17, descr=<Guard0x10076e078>) [i0, i31, p18, p1, p2, p30, p3, p4, p5, p6, p7, p8, p9, p10, p11, p12, p13, p14, p15, p16, i17]
+146: guard_value(p30, ConstPtr(ptr33), descr=<Guard0x10076e020>) [i0, p18, p1, p2, p30, p3, p4, p5, p6, p7, p8, p9, p10, p11, p12, p13, p14, p15, p16, i17]
debug_merge_point(0, 0, '17 line 2')
debug_merge_point(0, 0, '18 gc_bif2 L0. 1. 0. y(0). #2. x(1)')
+165: i34 = getfield_gc(p18, descr=<FieldS pyrlang.interpreter.register.Y_Register.inst_val_top 40>)
+169: p35 = getfield_gc(p18, descr=<FieldP pyrlang.interpreter.register.Y_Register.inst_vals 48>)
+173: p36 = getarrayitem_gc(p35, i34, descr=<ArrayP 8>)
+178: guard_class(p36, ConstClass(W_IntObject), descr=<Guard0x100717f68>) [i0, p1, p2, p36, p3, p4, p5, p6, p7, p8, p9, p10, p11, p12, p13, p14, p15, p16, i17]
+191: i38 = getfield_gc_pure(p36, descr=<FieldS pyrlang.interpreter.datatypes.number.W_IntObject.inst_intval 8>)
+195: i40 = int_sub_ovf(i38, 2)
guard_no_overflow(descr=<Guard0x100717f10>) [i0, p1, p2, i40, p36, p3, p4, p5, p6, p7, p8, p9, p10, p11, p12, p13, p14, p15, p16, i17]
debug_merge_point(0, 0, '19 move x(0). y(0)')
+205: i42 = int_lt(i34, 0)
guard_false(i42, descr=<Guard0x100717eb8>) [i0, p1, p2, i34, p35, p3, p4, p5, p6, p7, p8, p9, p10, p11, p12, p13, p14, p15, p16, i40, None]
+215: setarrayitem_gc(p35, i34, ConstPtr(ptr44), descr=<ArrayP 8>)
debug_merge_point(0, 0, '20 move x(1). x(0)')
debug_merge_point(0, 0, '21 line 2')
debug_merge_point(0, 0, '22 call 1. L2')
+230: i45 = getfield_gc(p18, descr=<FieldS pyrlang.interpreter.register.Y_Register.inst_addr_size 8>)
+234: setfield_gc(p18, i21, descr=<FieldS pyrlang.interpreter.register.Y_Register.inst_addr_top 16>)
+238: i46 = int_ge(i21, i45)
guard_false(i46, descr=<Guard0x100717e60>) [i0, p1, p2, i45, p18, p3, p4, p5, p6, p7, p8, p9, p10, p11, p12, p13, p14, p15, p16, i40, None]
+290: setarrayitem_gc(p24, i21, ConstPtr(ptr47), descr=<ArrayP 8>)
+305: i49 = int_sub(i0, 1)
debug_merge_point(0, 0, '3 label 2')
+309: p50 = same_as(p18)
+312: label(i49, p2, p1, p18, i40, p3, p4, p5, p6, p7, p8, p9, p10, p11, p12, p13, p14, p15, p16, p24, i21, p50, i29, p35, i34, i45, descr=TargetToken(4302417312))
debug_merge_point(0, 0, '4 is_integer L4. x(0)')
debug_merge_point(0, 0, '5 select_val x(0). L4. [(#1. L3). (#0. L3)]')
+333: i52 = int_eq(i40, 0)
guard_true(i52, descr=<Guard0x100717e08>) [i49, p1, p2, p3, p4, p5, p6, p7, p8, p9, p10, p11, p12, p13, p14, p15, p16, i40]
debug_merge_point(0, 0, '6 label 3')
debug_merge_point(0, 0, '7 move #0. x(0)')
debug_merge_point(0, 0, '8 return ')
+343: p53 = getarrayitem_gc(p24, i21, descr=<ArrayP 8>)
+348: p54 = getfield_gc_pure(p53, descr=<FieldP tuple2.item0 8>)
+352: i55 = getfield_gc_pure(p53, descr=<FieldS tuple2.item1 16>)
+356: setfield_gc(p50, i29, descr=<FieldS pyrlang.interpreter.register.Y_Register.inst_addr_top 16>)
+360: guard_value(i55, 23, descr=<Guard0x100717db0>) [i49, i55, p50, p1, p2, p54, p3, p4, p5, p6, p7, p8, p9, p10, p11, p12, p13, p14, p15, p16, None]
+370: guard_value(p54, ConstPtr(ptr57), descr=<Guard0x100717d58>) [i49, p50, p1, p2, p54, p3, p4, p5, p6, p7, p8, p9, p10, p11, p12, p13, p14, p15, p16, None]
debug_merge_point(0, 0, '23 line 2')
debug_merge_point(0, 0, '24 gc_bif2 L0. 1. 1. y(0). x(0). x(0)')
+389: p58 = getarrayitem_gc(p35, i34, descr=<ArrayP 8>)
+394: guard_class(p58, ConstClass(W_IntObject), descr=<Guard0x100717d00>) [i49, p1, p2, p58, p3, p4, p5, p6, p7, p8, p9, p10, p11, p12, p13, p14, p15, p16, None]
+408: i60 = getfield_gc_pure(p58, descr=<FieldS pyrlang.interpreter.datatypes.number.W_IntObject.inst_intval 8>)
+412: i62 = int_add_ovf(i60, 1)
guard_no_overflow(descr=<Guard0x100717ca8>) [i49, p1, p2, i62, p58, p3, p4, p5, p6, p7, p8, p9, p10, p11, p12, p13, p14, p15, p16, None]
debug_merge_point(0, 0, '25 deallocate 1')
+422: i64 = int_sub(i34, 1)
debug_merge_point(0, 0, '26 return ')
+426: setfield_gc(p50, i64, descr=<FieldS pyrlang.interpreter.register.Y_Register.inst_val_top 40>)
+430: i66 = int_eq(i29, -1)
guard_false(i66, descr=<Guard0x100717c50>) [i49, p50, p1, p2, p3, p4, p5, p6, p7, p8, p9, p10, p11, p12, p13, p14, p15, p16, i62, None]
+440: i68 = int_lt(i29, 0)
guard_false(i68, descr=<Guard0x100717bf8>) [i29, i49, p50, p24, p1, p2, p3, p4, p5, p6, p7, p8, p9, p10, p11, p12, p13, p14, p15, p16, i62, None]
+450: p69 = getarrayitem_gc(p24, i29, descr=<ArrayP 8>)
+455: i71 = int_sub(i29, 1)
+459: p72 = getfield_gc_pure(p69, descr=<FieldP tuple2.item0 8>)
+463: i73 = getfield_gc_pure(p69, descr=<FieldS tuple2.item1 16>)
+467: setfield_gc(p50, i71, descr=<FieldS pyrlang.interpreter.register.Y_Register.inst_addr_top 16>)
+471: guard_value(i73, 17, descr=<Guard0x100717ba0>) [i49, i73, p50, p1, p2, p72, p3, p4, p5, p6, p7, p8, p9, p10, p11, p12, p13, p14, p15, p16, i62, None]
+481: guard_value(p72, ConstPtr(ptr75), descr=<Guard0x100717b48>) [i49, p50, p1, p2, p72, p3, p4, p5, p6, p7, p8, p9, p10, p11, p12, p13, p14, p15, p16, i62, None]
debug_merge_point(0, 0, '17 line 2')
debug_merge_point(0, 0, '18 gc_bif2 L0. 1. 0. y(0). #2. x(1)')
+500: p76 = getarrayitem_gc(p35, i64, descr=<ArrayP 8>)
+505: guard_class(p76, ConstClass(W_IntObject), descr=<Guard0x100717af0>) [i49, p1, p2, p76, p3, p4, p5, p6, p7, p8, p9, p10, p11, p12, p13, p14, p15, p16, i62, None]
+518: i78 = getfield_gc_pure(p76, descr=<FieldS pyrlang.interpreter.datatypes.number.W_IntObject.inst_intval 8>)
+522: i80 = int_sub_ovf(i78, 2)
guard_no_overflow(descr=<Guard0x100717a98>) [i49, p1, p2, i80, p76, p3, p4, p5, p6, p7, p8, p9, p10, p11, p12, p13, p14, p15, p16, i62, None]
debug_merge_point(0, 0, '19 move x(0). y(0)')
+532: i82 = int_lt(i64, 0)
guard_false(i82, descr=<Guard0x100717a40>) [i49, p1, p2, i64, p35, p3, p4, p5, p6, p7, p8, p9, p10, p11, p12, p13, p14, p15, p16, i80, i62, None]
p84 = new_with_vtable(ConstClass(W_IntObject))
+635: setfield_gc(p84, i62, descr=<FieldS pyrlang.interpreter.datatypes.number.W_IntObject.inst_intval 8>)
+678: setarrayitem_gc(p35, i64, p84, descr=<ArrayP 8>)
debug_merge_point(0, 0, '20 move x(1). x(0)')
debug_merge_point(0, 0, '21 line 2')
debug_merge_point(0, 0, '22 call 1. L2')
+683: setfield_gc(p50, i29, descr=<FieldS pyrlang.interpreter.register.Y_Register.inst_addr_top 16>)
+687: i85 = int_ge(i29, i45)
guard_false(i85, descr=<Guard0x1007179e8>) [i49, p1, p2, i45, p50, p3, p4, p5, p6, p7, p8, p9, p10, p11, p12, p13, p14, p15, p16, i80]
+743: setarrayitem_gc(p24, i29, ConstPtr(ptr86), descr=<ArrayP 8>)
+758: i88 = int_sub(i49, 1)
debug_merge_point(0, 0, '3 label 2')
+762: jump(i88, p2, p1, p50, i80, p3, p4, p5, p6, p7, p8, p9, p10, p11, p12, p13, p14, p15, p16, p24, i29, p50, i71, p35, i64, i45, descr=TargetToken(4302417312))
+800: --end of the loop--
[9b36eb4539756] jit-log-opt-bridge}
[9b36eb484db04] {jit-log-opt-bridge
# bridge out of Guard 0x100716a70 with 40 ops
[i0, i1, i2, p3, p4, p5, p6, p7, p8, p9, p10, p11, p12, p13, p14, p15, p16, p17, p18, p19, p20, p21, i22]
+59: guard_value(i2, 17, descr=<Guard0x10076e230>) [i0, i1, i2, p3, p4, p5, p6, p7, p8, p9, p10, p11, p12, p13, p14, p15, p16, p17, p18, p19, p20, p21, i22]
+69: guard_value(p6, ConstPtr(ptr24), descr=<Guard0x10076e5f8>) [i0, i1, p3, p4, p5, p6, p7, p8, p9, p10, p11, p12, p13, p14, p15, p16, p17, p18, p19, p20, p21, i22]
debug_merge_point(0, 0, '17 line 2')
+88: p25 = getfield_gc(p5, descr=<FieldP pyrlang.interpreter.interp.Process.inst_y_reg 80>)
debug_merge_point(0, 0, '18 gc_bif2 L0. 1. 0. y(0). #2. x(1)')
+92: i26 = getfield_gc(p25, descr=<FieldS pyrlang.interpreter.register.Y_Register.inst_val_top 40>)
+96: p27 = getfield_gc(p25, descr=<FieldP pyrlang.interpreter.register.Y_Register.inst_vals 48>)
+100: p28 = getarrayitem_gc(p27, i26, descr=<ArrayP 8>)
+105: guard_class(p28, ConstClass(W_IntObject), descr=<Guard0x10076e5a0>) [i0, i1, p4, p5, p28, p7, p8, p9, p10, p11, p12, p13, p14, p15, p16, p17, p18, p19, p20, p21, i22]
+118: i30 = getfield_gc_pure(p28, descr=<FieldS pyrlang.interpreter.datatypes.number.W_IntObject.inst_intval 8>)
+122: i32 = int_sub_ovf(i30, 2)
guard_no_overflow(descr=<Guard0x10076e548>) [i0, i1, p4, p5, i32, p28, p7, p8, p9, p10, p11, p12, p13, p14, p15, p16, p17, p18, p19, p20, p21, i22]
+132: p33 = getfield_gc(p5, descr=<FieldP pyrlang.interpreter.interp.Process.inst_x_reg 72>)
+136: i34 = ptr_eq(p33, p4)
guard_true(i34, descr=<Guard0x10076e4f0>) [i0, i1, p4, p5, p33, p7, p8, p9, p10, p11, p12, p13, p14, p15, p16, p17, p18, p19, p20, p21, i32, i22]
debug_merge_point(0, 0, '19 move x(0). y(0)')
+149: i36 = int_lt(i26, 0)
guard_false(i36, descr=<Guard0x10076e498>) [i0, i1, p4, p5, i26, p27, p8, p9, p10, p11, p12, p13, p14, p15, p16, p17, p18, p19, p20, p21, i32, i22]
p38 = new_with_vtable(ConstClass(W_IntObject))
+245: setfield_gc(p38, i22, descr=<FieldS pyrlang.interpreter.datatypes.number.W_IntObject.inst_intval 8>)
+299: setarrayitem_gc(p27, i26, p38, descr=<ArrayP 8>)
debug_merge_point(0, 0, '20 move x(1). x(0)')
debug_merge_point(0, 0, '21 line 2')
debug_merge_point(0, 0, '22 call 1. L2')
+304: i39 = getfield_gc(p25, descr=<FieldS pyrlang.interpreter.register.Y_Register.inst_addr_top 16>)
+308: i41 = int_add(i39, 1)
+312: i42 = getfield_gc(p25, descr=<FieldS pyrlang.interpreter.register.Y_Register.inst_addr_size 8>)
+316: setfield_gc(p25, i41, descr=<FieldS pyrlang.interpreter.register.Y_Register.inst_addr_top 16>)
+320: i43 = int_ge(i41, i42)
guard_false(i43, descr=<Guard0x10076e440>) [i0, i1, p4, p5, i42, p25, p8, p9, p10, p11, p12, p13, p14, p15, p16, p17, p18, p19, p20, p21, i32]
+329: p44 = getfield_gc(p25, descr=<FieldP pyrlang.interpreter.register.Y_Register.inst_addrs 24>)
+333: i46 = int_lt(i41, 0)
guard_false(i46, descr=<Guard0x10076e3e8>) [i0, i1, p4, p5, i41, p44, p8, p9, p10, p11, p12, p13, p14, p15, p16, p17, p18, p19, p20, p21, i32]
+384: setarrayitem_gc(p44, i41, ConstPtr(ptr47), descr=<ArrayP 8>)
+399: i49 = int_sub(i1, 1)
+410: guard_true(i0, descr=<Guard0x10076e390>) [i49, p4, p5, p8, p9, p10, p11, p12, p13, p14, p15, p16, p17, p18, p19, p20, p21, i32]
debug_merge_point(0, 0, '3 label 2')
+426: i51 = int_ge(i42, 1)
guard_true(i51, descr=<Guard0x10076e338>) [i49, p25, p4, p5, p8, p9, p10, p11, p12, p13, p14, p15, p16, p17, p18, p19, p20, p21, i32]
+436: jump(i49, p5, p4, p25, i32, p8, p9, p10, p11, p12, p13, p14, p15, p16, p17, p18, p19, p20, p21, p44, i41, p25, i39, p27, i26, i42, descr=TargetToken(4302417312))
+544: --end of the loop--
[9b36eb489cba6] jit-log-opt-bridge}
[9b36eb4afefac] {jit-log-opt-bridge
# bridge out of Guard 0x100717410 with 47 ops
[i0, i1, i2, p3, p4, p5, p6, p7, p8, p9, p10, p11, p12, p13, p14, p15, p16, p17, p18, p19, p20]
+59: p21 = getfield_gc(p4, descr=<FieldP pyrlang.interpreter.interp.Process.inst_y_reg 80>)
debug_merge_point(0, 0, '6 label 3')
debug_merge_point(0, 0, '7 move #0. x(0)')
+63: p22 = getfield_gc(p4, descr=<FieldP pyrlang.interpreter.interp.Process.inst_x_reg 72>)
+67: i23 = ptr_eq(p22, p3)
guard_true(i23, descr=<Guard0x10076e6a8>) [i0, i1, i2, p3, p4, p22, p5, p6, p7, p8, p9, p10, p11, p12, p13, p14, p15, p16, p17, p18, p19, p20]
debug_merge_point(0, 0, '8 return ')
+80: i24 = getfield_gc(p21, descr=<FieldS pyrlang.interpreter.register.Y_Register.inst_addr_top 16>)
+84: i26 = int_eq(i24, -1)
guard_false(i26, descr=<Guard0x10076eb20>) [i2, i0, i1, p21, p3, p4, p6, p7, p8, p9, p10, p11, p12, p13, p14, p15, p16, p17, p18, p19, p20]
+94: p27 = getfield_gc(p21, descr=<FieldP pyrlang.interpreter.register.Y_Register.inst_addrs 24>)
+98: i29 = int_lt(i24, 0)
guard_false(i29, descr=<Guard0x10076eac8>) [i24, i2, i0, i1, p21, p27, p3, p4, p6, p7, p8, p9, p10, p11, p12, p13, p14, p15, p16, p17, p18, p19, p20]
+108: p30 = getarrayitem_gc(p27, i24, descr=<ArrayP 8>)
+113: i32 = int_sub(i24, 1)
+117: p33 = getfield_gc_pure(p30, descr=<FieldP tuple2.item0 8>)
+121: i34 = getfield_gc_pure(p30, descr=<FieldS tuple2.item1 16>)
+125: setfield_gc(p21, i32, descr=<FieldS pyrlang.interpreter.register.Y_Register.inst_addr_top 16>)
+129: i36 = int_eq(9, i2)
guard_false(i36, descr=<Guard0x10076ea70>) [i2, i0, i1, i34, p3, p4, p33, p6, p7, p8, p9, p10, p11, p12, p13, p14, p15, p16, p17, p18, p19, p20]
+143: guard_value(i34, 17, descr=<Guard0x10076ea18>) [i0, i1, i34, p21, p3, p4, p33, p6, p7, p8, p9, p10, p11, p12, p13, p14, p15, p16, p17, p18, p19, p20]
+153: guard_value(p33, ConstPtr(ptr38), descr=<Guard0x10076e9c0>) [i0, i1, p21, p3, p4, p33, p6, p7, p8, p9, p10, p11, p12, p13, p14, p15, p16, p17, p18, p19, p20]
debug_merge_point(0, 0, '17 line 2')
debug_merge_point(0, 0, '18 gc_bif2 L0. 1. 0. y(0). #2. x(1)')
+172: i39 = getfield_gc(p21, descr=<FieldS pyrlang.interpreter.register.Y_Register.inst_val_top 40>)
+176: p40 = getfield_gc(p21, descr=<FieldP pyrlang.interpreter.register.Y_Register.inst_vals 48>)
+180: p41 = getarrayitem_gc(p40, i39, descr=<ArrayP 8>)
+185: guard_class(p41, ConstClass(W_IntObject), descr=<Guard0x10076e968>) [i0, i1, p3, p4, p41, p6, p7, p8, p9, p10, p11, p12, p13, p14, p15, p16, p17, p18, p19, p20]
+199: i43 = getfield_gc_pure(p41, descr=<FieldS pyrlang.interpreter.datatypes.number.W_IntObject.inst_intval 8>)
+203: i45 = int_sub_ovf(i43, 2)
guard_no_overflow(descr=<Guard0x10076e910>) [i0, i1, p3, p4, i45, p41, p6, p7, p8, p9, p10, p11, p12, p13, p14, p15, p16, p17, p18, p19, p20]
debug_merge_point(0, 0, '19 move x(0). y(0)')
+213: i47 = int_lt(i39, 0)
guard_false(i47, descr=<Guard0x10076e8b8>) [i0, i1, p3, p4, i39, p40, p7, p8, p9, p10, p11, p12, p13, p14, p15, p16, p17, p18, p19, p20, i45]
+223: setarrayitem_gc(p40, i39, ConstPtr(ptr48), descr=<ArrayP 8>)
debug_merge_point(0, 0, '20 move x(1). x(0)')
debug_merge_point(0, 0, '21 line 2')
debug_merge_point(0, 0, '22 call 1. L2')
+238: i49 = getfield_gc(p21, descr=<FieldS pyrlang.interpreter.register.Y_Register.inst_addr_size 8>)
+242: setfield_gc(p21, i24, descr=<FieldS pyrlang.interpreter.register.Y_Register.inst_addr_top 16>)
+246: i50 = int_ge(i24, i49)
guard_false(i50, descr=<Guard0x10076e860>) [i0, i1, p3, p4, i49, p21, p7, p8, p9, p10, p11, p12, p13, p14, p15, p16, p17, p18, p19, p20, i45]
+296: setarrayitem_gc(p27, i24, ConstPtr(ptr51), descr=<ArrayP 8>)
+311: i53 = int_sub(i1, 1)
+322: guard_true(i0, descr=<Guard0x10076e808>) [i53, p3, p4, p7, p8, p9, p10, p11, p12, p13, p14, p15, p16, p17, p18, p19, p20, i45]
debug_merge_point(0, 0, '3 label 2')
+338: jump(i53, p4, p3, p21, i45, p7, p8, p9, p10, p11, p12, p13, p14, p15, p16, p17, p18, p19, p20, p27, i24, p21, i32, p40, i39, i49, descr=TargetToken(4302417312))
+400: --end of the loop--
[9b36eb4b53382] jit-log-opt-bridge}
[9b36eb4e55a22] {jit-log-opt-bridge
# bridge out of Guard 0x100717e08 with 28 ops
[i0, p1, p2, p3, p4, p5, p6, p7, p8, p9, p10, p11, p12, p13, p14, p15, p16, i17]
+59: i19 = int_eq(i17, 1)
guard_true(i19, descr=<Guard0x10076ecd8>) [i0, p1, p2, p3, p4, p5, p6, p7, p8, p9, p10, p11, p12, p13, p14, p15, p16, i17]
+69: p20 = getfield_gc(p2, descr=<FieldP pyrlang.interpreter.interp.Process.inst_y_reg 80>)
debug_merge_point(0, 0, '6 label 3')
debug_merge_point(0, 0, '7 move #0. x(0)')
+80: p21 = getfield_gc(p2, descr=<FieldP pyrlang.interpreter.interp.Process.inst_x_reg 72>)
+84: i22 = ptr_eq(p21, p1)
guard_true(i22, descr=<Guard0x10076f048>) [i0, p1, p2, p21, p3, p4, p5, p6, p7, p8, p9, p10, p11, p12, p13, p14, p15, p16, None]
debug_merge_point(0, 0, '8 return ')
+97: i24 = getfield_gc(p20, descr=<FieldS pyrlang.interpreter.register.Y_Register.inst_addr_top 16>)
+101: i26 = int_eq(i24, -1)
guard_false(i26, descr=<Guard0x10076eff0>) [i0, p20, p1, p2, p3, p4, p5, p6, p7, p8, p9, p10, p11, p12, p13, p14, p15, p16, None]
+111: p27 = getfield_gc(p20, descr=<FieldP pyrlang.interpreter.register.Y_Register.inst_addrs 24>)
+115: i29 = int_lt(i24, 0)
guard_false(i29, descr=<Guard0x10076ef98>) [i24, i0, p20, p27, p1, p2, p3, p4, p5, p6, p7, p8, p9, p10, p11, p12, p13, p14, p15, p16, None]
+125: p30 = getarrayitem_gc(p27, i24, descr=<ArrayP 8>)
+130: i32 = int_sub(i24, 1)
+134: p33 = getfield_gc_pure(p30, descr=<FieldP tuple2.item0 8>)
+139: i34 = getfield_gc_pure(p30, descr=<FieldS tuple2.item1 16>)
+144: setfield_gc(p20, i32, descr=<FieldS pyrlang.interpreter.register.Y_Register.inst_addr_top 16>)
+148: guard_value(i34, 23, descr=<Guard0x10076ef40>) [i0, i34, p20, p1, p2, p33, p3, p4, p5, p6, p7, p8, p9, p10, p11, p12, p13, p14, p15, p16, None]
+158: guard_value(p33, ConstPtr(ptr36), descr=<Guard0x10076eee8>) [i0, p20, p1, p2, p33, p3, p4, p5, p6, p7, p8, p9, p10, p11, p12, p13, p14, p15, p16, None]
debug_merge_point(0, 0, '23 line 2')
+177: p37 = same_as(p20)
+177: label(i0, p2, p1, p20, p3, p4, p5, p6, p7, p8, p9, p10, p11, p12, p13, p14, p15, p16, descr=TargetToken(4302418896))
p39 = new_with_vtable(ConstClass(W_IntObject))
+284: setfield_gc(p39, 1, descr=<FieldS pyrlang.interpreter.datatypes.number.W_IntObject.inst_intval 8>)
+292: jump(9, i0, 1, p2, p1, p20, ConstPtr(ptr43), p39, p3, p4, p5, p6, p7, p8, p9, p10, p11, p12, p13, p14, p15, p16, descr=TargetToken(4302413856))
+416: --end of the loop--
[9b36eb4e91a55] jit-log-opt-bridge}
[9b36eb51853d3] {jit-log-opt-loop
# Loop 2 (17 line 2) : entry bridge with 55 ops
[i0, i1, i2, p3, p4, p5]
+134: p6 = getfield_gc(p4, descr=<FieldP pyrlang.interpreter.register.X_Register.inst_regs 16>)
+145: p8 = getarrayitem_gc(p6, 0, descr=<ArrayP 8>)
+149: p10 = getarrayitem_gc(p6, 1, descr=<ArrayP 8>)
+153: p12 = getarrayitem_gc(p6, 2, descr=<ArrayP 8>)
+157: p14 = getarrayitem_gc(p6, 3, descr=<ArrayP 8>)
+161: p16 = getarrayitem_gc(p6, 4, descr=<ArrayP 8>)
+165: p18 = getarrayitem_gc(p6, 5, descr=<ArrayP 8>)
+169: p20 = getarrayitem_gc(p6, 6, descr=<ArrayP 8>)
+173: p22 = getarrayitem_gc(p6, 7, descr=<ArrayP 8>)
+177: p24 = getarrayitem_gc(p6, 8, descr=<ArrayP 8>)
+181: p26 = getarrayitem_gc(p6, 9, descr=<ArrayP 8>)
+185: p28 = getarrayitem_gc(p6, 10, descr=<ArrayP 8>)
+189: p30 = getarrayitem_gc(p6, 11, descr=<ArrayP 8>)
+193: p32 = getarrayitem_gc(p6, 12, descr=<ArrayP 8>)
+204: p34 = getarrayitem_gc(p6, 13, descr=<ArrayP 8>)
+215: p36 = getarrayitem_gc(p6, 14, descr=<ArrayP 8>)
+229: p38 = getarrayitem_gc(p6, 15, descr=<ArrayP 8>)
debug_merge_point(0, 0, '17 line 2')
+243: p39 = getfield_gc(p3, descr=<FieldP pyrlang.interpreter.interp.Process.inst_y_reg 80>)
debug_merge_point(0, 0, '18 gc_bif2 L0. 1. 0. y(0). #2. x(1)')
+261: i40 = getfield_gc(p39, descr=<FieldS pyrlang.interpreter.register.Y_Register.inst_val_top 40>)
+272: p41 = getfield_gc(p39, descr=<FieldP pyrlang.interpreter.register.Y_Register.inst_vals 48>)
+283: p42 = getarrayitem_gc(p41, i40, descr=<ArrayP 8>)
+295: guard_class(p42, ConstClass(W_IntObject), descr=<Guard0x10076f150>) [i2, i1, i0, p4, p3, p42, p8, p10, p12, p14, p16, p18, p20, p22, p24, p26, p28, p30, p32, p34, p36, p38]
+308: i44 = getfield_gc_pure(p42, descr=<FieldS pyrlang.interpreter.datatypes.number.W_IntObject.inst_intval 8>)
+319: i46 = int_sub_ovf(i44, 2)
guard_no_overflow(descr=<Guard0x10076f4c0>) [i2, i1, i0, p4, p3, i46, p42, p8, p10, p12, p14, p16, p18, p20, p22, p24, p26, p28, p30, p32, p34, p36, p38]
+329: p47 = getfield_gc(p3, descr=<FieldP pyrlang.interpreter.interp.Process.inst_x_reg 72>)
+333: i48 = ptr_eq(p47, p4)
guard_true(i48, descr=<Guard0x10076f468>) [i2, i1, i0, p4, p3, p47, p8, p10, p12, p14, p16, p18, p20, p22, p24, p26, p28, p30, p32, p34, p36, p38, i46]
debug_merge_point(0, 0, '19 move x(0). y(0)')
+346: i50 = int_lt(i40, 0)
guard_false(i50, descr=<Guard0x10076f410>) [i2, i1, i0, p4, p3, i40, p8, p41, p12, p14, p16, p18, p20, p22, p24, p26, p28, p30, p32, p34, p36, p38, i46]
+398: setarrayitem_gc(p41, i40, p8, descr=<ArrayP 8>)
debug_merge_point(0, 0, '20 move x(1). x(0)')
debug_merge_point(0, 0, '21 line 2')
debug_merge_point(0, 0, '22 call 1. L2')
+403: i52 = int_eq(23, i0)
+419: i53 = getfield_gc(p39, descr=<FieldS pyrlang.interpreter.register.Y_Register.inst_addr_top 16>)
+423: i55 = int_add(i53, 1)
+427: i56 = getfield_gc(p39, descr=<FieldS pyrlang.interpreter.register.Y_Register.inst_addr_size 8>)
+438: setfield_gc(p39, i55, descr=<FieldS pyrlang.interpreter.register.Y_Register.inst_addr_top 16>)
+442: i57 = int_ge(i55, i56)
guard_false(i57, descr=<Guard0x10076f3b8>) [i52, i0, i2, i1, p4, p3, i56, p39, p12, p14, p16, p18, p20, p22, p24, p26, p28, p30, p32, p34, p36, p38, i46]
+451: p58 = getfield_gc(p39, descr=<FieldP pyrlang.interpreter.register.Y_Register.inst_addrs 24>)
+462: i60 = int_lt(i55, 0)
guard_false(i60, descr=<Guard0x10076f360>) [i52, i0, i2, i1, p4, p3, i55, p58, p12, p14, p16, p18, p20, p22, p24, p26, p28, p30, p32, p34, p36, p38, i46]
+511: setarrayitem_gc(p58, i55, ConstPtr(ptr61), descr=<ArrayP 8>)
+526: i63 = int_sub(i1, 1)
+544: guard_true(i2, descr=<Guard0x10076f308>) [i52, i0, i63, p4, p3, p12, p14, p16, p18, p20, p22, p24, p26, p28, p30, p32, p34, p36, p38, i46]
+567: guard_false(i52, descr=<Guard0x10076f2b0>) [i0, i63, p4, p3, p12, p14, p16, p18, p20, p22, p24, p26, p28, p30, p32, p34, p36, p38, i46]
debug_merge_point(0, 0, '3 label 2')
+576: i65 = int_ge(i56, 1)
guard_true(i65, descr=<Guard0x10076f258>) [i63, p39, p4, p3, p12, p14, p16, p18, p20, p22, p24, p26, p28, p30, p32, p34, p36, p38, i46]
+586: jump(i63, p3, p4, p39, i46, p12, p14, p16, p18, p20, p22, p24, p26, p28, p30, p32, p34, p36, p38, p58, i55, p39, i53, p41, i40, i56, descr=TargetToken(4302417312))
+832: --end of the loop--
[9b36eb51dbf8d] jit-log-opt-loop}
[9b36eb53470be] {jit-log-opt-bridge
# bridge out of Guard 0x100716ac8 with 17 ops
[i0, i1, i2, i3, p4, p5, p6, p7, p8, p9, p10, p11, p12, p13, p14, p15, p16, p17, p18, p19, p20, p21, i22]
+59: p23 = getfield_gc(p5, descr=<FieldP pyrlang.interpreter.interp.Process.inst_y_reg 80>)
+63: guard_value(i3, 23, descr=<Guard0x10076f570>) [i1, i2, i3, p23, p4, p5, p6, p7, p8, p9, p10, p11, p12, p13, p14, p15, p16, p17, p18, p19, p20, p21, i22]
+73: guard_value(p6, ConstPtr(ptr25), descr=<Guard0x10076f7d8>) [i1, i2, p23, p4, p5, p6, p7, p8, p9, p10, p11, p12, p13, p14, p15, p16, p17, p18, p19, p20, p21, i22]
debug_merge_point(0, 0, '23 line 2')
+92: guard_nonnull(p23, descr=<Guard0x10076f780>) [i1, i2, p23, p4, p5, p7, p8, p9, p10, p11, p12, p13, p14, p15, p16, p17, p18, p19, p20, p21, i22]
+101: i26 = getfield_gc(p23, descr=<FieldS pyrlang.interpreter.register.Y_Register.inst_val_top 40>)
+105: p27 = getfield_gc(p23, descr=<FieldP pyrlang.interpreter.register.Y_Register.inst_vals 48>)
+109: guard_nonnull(p27, descr=<Guard0x10076f728>) [i1, i2, p23, p4, p5, p7, p8, p9, p10, p11, p12, p13, p14, p15, p16, p17, p18, p19, p20, p21, i22]
+118: p28 = getfield_gc(p5, descr=<FieldP pyrlang.interpreter.interp.Process.inst_x_reg 72>)
+122: i29 = ptr_eq(p28, p4)
guard_true(i29, descr=<Guard0x10076f6d0>) [i1, i2, p23, p4, p5, p7, p8, p9, p10, p11, p12, p13, p14, p15, p16, p17, p18, p19, p20, p21, i22]
+135: i30 = getfield_gc(p23, descr=<FieldS pyrlang.interpreter.register.Y_Register.inst_addr_top 16>)
+139: i32 = int_ge(i30, -1)
guard_true(i32, descr=<Guard0x10076f678>) [i1, i2, p23, p4, p5, p7, p8, p9, p10, p11, p12, p13, p14, p15, p16, p17, p18, p19, p20, p21, i22]
+149: p33 = getfield_gc(p23, descr=<FieldP pyrlang.interpreter.register.Y_Register.inst_addrs 24>)
+153: guard_nonnull(p33, descr=<Guard0x10076f620>) [i1, i2, p23, p4, p5, p7, p8, p9, p10, p11, p12, p13, p14, p15, p16, p17, p18, p19, p20, p21, i22]
+162: jump(i2, i1, p5, p4, p23, i22, p7, p8, p9, p10, p11, p12, p13, p14, p15, p16, p17, p18, p19, p20, p21, p27, i26, p23, i30, p33, descr=TargetToken(4302413928))
+208: --end of the loop--
[9b36eb5365ee5] jit-log-opt-bridge}
[9b36eb559caf5] {jit-log-opt-bridge
# bridge out of Guard 0x100716860 with 40 ops
[i0, i1, i2, p3, p4, p5, p6, p7, p8, p9, p10, p11, p12, p13, p14, p15, p16, p17, p18, p19, p20, p21, i22]
+59: guard_value(i2, 17, descr=<Guard0x10076f8e0>) [i0, i1, i2, p3, p4, p5, p6, p7, p8, p9, p10, p11, p12, p13, p14, p15, p16, p17, p18, p19, p20, p21, i22]
+69: guard_value(p6, ConstPtr(ptr24), descr=<Guard0x10076fca8>) [i0, i1, p3, p4, p5, p6, p7, p8, p9, p10, p11, p12, p13, p14, p15, p16, p17, p18, p19, p20, p21, i22]
debug_merge_point(0, 0, '17 line 2')
+88: p25 = getfield_gc(p5, descr=<FieldP pyrlang.interpreter.interp.Process.inst_y_reg 80>)
debug_merge_point(0, 0, '18 gc_bif2 L0. 1. 0. y(0). #2. x(1)')
+99: i26 = getfield_gc(p25, descr=<FieldS pyrlang.interpreter.register.Y_Register.inst_val_top 40>)
+103: p27 = getfield_gc(p25, descr=<FieldP pyrlang.interpreter.register.Y_Register.inst_vals 48>)
+107: p28 = getarrayitem_gc(p27, i26, descr=<ArrayP 8>)
+112: guard_class(p28, ConstClass(W_IntObject), descr=<Guard0x10076fc50>) [i0, i1, p4, p5, p28, p7, p8, p9, p10, p11, p12, p13, p14, p15, p16, p17, p18, p19, p20, p21, i22]
+125: i30 = getfield_gc_pure(p28, descr=<FieldS pyrlang.interpreter.datatypes.number.W_IntObject.inst_intval 8>)
+129: i32 = int_sub_ovf(i30, 2)
guard_no_overflow(descr=<Guard0x10076fbf8>) [i0, i1, p4, p5, i32, p28, p7, p8, p9, p10, p11, p12, p13, p14, p15, p16, p17, p18, p19, p20, p21, i22]
+139: p33 = getfield_gc(p5, descr=<FieldP pyrlang.interpreter.interp.Process.inst_x_reg 72>)
+143: i34 = ptr_eq(p33, p4)
guard_true(i34, descr=<Guard0x10076fba0>) [i0, i1, p4, p5, p33, p7, p8, p9, p10, p11, p12, p13, p14, p15, p16, p17, p18, p19, p20, p21, i32, i22]
debug_merge_point(0, 0, '19 move x(0). y(0)')
+156: i36 = int_lt(i26, 0)
guard_false(i36, descr=<Guard0x10076fb48>) [i0, i1, p4, p5, i26, p27, p8, p9, p10, p11, p12, p13, p14, p15, p16, p17, p18, p19, p20, p21, i32, i22]
p38 = new_with_vtable(ConstClass(W_IntObject))
+245: setfield_gc(p38, i22, descr=<FieldS pyrlang.interpreter.datatypes.number.W_IntObject.inst_intval 8>)
+290: setarrayitem_gc(p27, i26, p38, descr=<ArrayP 8>)
debug_merge_point(0, 0, '20 move x(1). x(0)')
debug_merge_point(0, 0, '21 line 2')
debug_merge_point(0, 0, '22 call 1. L2')
+295: i39 = getfield_gc(p25, descr=<FieldS pyrlang.interpreter.register.Y_Register.inst_addr_top 16>)
+299: i41 = int_add(i39, 1)
+303: i42 = getfield_gc(p25, descr=<FieldS pyrlang.interpreter.register.Y_Register.inst_addr_size 8>)
+307: setfield_gc(p25, i41, descr=<FieldS pyrlang.interpreter.register.Y_Register.inst_addr_top 16>)
+311: i43 = int_ge(i41, i42)
guard_false(i43, descr=<Guard0x10076faf0>) [i0, i1, p4, p5, i42, p25, p8, p9, p10, p11, p12, p13, p14, p15, p16, p17, p18, p19, p20, p21, i32]
+320: p44 = getfield_gc(p25, descr=<FieldP pyrlang.interpreter.register.Y_Register.inst_addrs 24>)
+324: i46 = int_lt(i41, 0)
guard_false(i46, descr=<Guard0x10076fa98>) [i0, i1, p4, p5, i41, p44, p8, p9, p10, p11, p12, p13, p14, p15, p16, p17, p18, p19, p20, p21, i32]
+375: setarrayitem_gc(p44, i41, ConstPtr(ptr47), descr=<ArrayP 8>)
+390: i49 = int_sub(i1, 1)
+401: guard_true(i0, descr=<Guard0x10076fa40>) [i49, p4, p5, p8, p9, p10, p11, p12, p13, p14, p15, p16, p17, p18, p19, p20, p21, i32]
debug_merge_point(0, 0, '3 label 2')
+417: i51 = int_ge(i42, 1)
guard_true(i51, descr=<Guard0x10076f9e8>) [i49, p25, p4, p5, p8, p9, p10, p11, p12, p13, p14, p15, p16, p17, p18, p19, p20, p21, i32]
+427: jump(i49, p5, p4, p25, i32, p8, p9, p10, p11, p12, p13, p14, p15, p16, p17, p18, p19, p20, p21, p44, i41, p25, i39, p27, i26, i42, descr=TargetToken(4302417312))
+544: --end of the loop--
[9b36eb55e5643] jit-log-opt-bridge}
[9b36eb58062f3] {jit-log-opt-bridge
# bridge out of Guard 0x10076ecd8 with 40 ops
[i0, p1, p2, p3, p4, p5, p6, p7, p8, p9, p10, p11, p12, p13, p14, p15, p16, i17]
+59: p18 = getfield_gc(p2, descr=<FieldP pyrlang.interpreter.interp.Process.inst_y_reg 80>)
debug_merge_point(0, 0, '9 label 4')
debug_merge_point(0, 0, '10 allocate_zero 1. 1')
+70: i19 = getfield_gc(p18, descr=<FieldS pyrlang.interpreter.register.Y_Register.inst_val_top 40>)
+74: i21 = int_add(i19, 1)
+78: i22 = getfield_gc(p18, descr=<FieldS pyrlang.interpreter.register.Y_Register.inst_val_size 32>)
+82: setfield_gc(p18, i21, descr=<FieldS pyrlang.interpreter.register.Y_Register.inst_val_top 40>)
+86: i23 = int_ge(i21, i22)
guard_false(i23, descr=<Guard0x10076fdb0>) [i0, p1, p2, i21, i22, p18, p3, p4, p5, p6, p7, p8, p9, p10, p11, p12, p13, p14, p15, p16, i17]
+95: p24 = getfield_gc(p18, descr=<FieldP pyrlang.interpreter.register.Y_Register.inst_vals 48>)
+99: i26 = int_lt(i21, 0)
guard_false(i26, descr=<Guard0x1007a80d0>) [i0, p1, p2, i21, p24, p18, p3, p4, p5, p6, p7, p8, p9, p10, p11, p12, p13, p14, p15, p16, i17]
+109: setarrayitem_gc(p24, i21, ConstPtr(ptr27), descr=<ArrayP 8>)
debug_merge_point(0, 0, '11 line 2')
debug_merge_point(0, 0, '12 gc_bif2 L0. 1. 0. x(0). #0. x(1)')
+124: p28 = getfield_gc(p2, descr=<FieldP pyrlang.interpreter.interp.Process.inst_x_reg 72>)
+128: i29 = ptr_eq(p28, p1)
guard_true(i29, descr=<Guard0x1007a8078>) [i0, p1, p2, p28, p3, p4, p5, p6, p7, p8, p9, p10, p11, p12, p13, p14, p15, p16, i17]
+141: i31 = int_sub_ovf(i17, 1)
guard_no_overflow(descr=<Guard0x1007a8020>) [i0, p1, p2, i31, p3, p4, p5, p6, p7, p8, p9, p10, p11, p12, p13, p14, p15, p16, i17]
debug_merge_point(0, 0, '13 move x(0). y(0)')
p33 = new_with_vtable(ConstClass(W_IntObject))
+233: setfield_gc(p33, i17, descr=<FieldS pyrlang.interpreter.datatypes.number.W_IntObject.inst_intval 8>)
+278: setarrayitem_gc(p24, i21, p33, descr=<ArrayP 8>)
debug_merge_point(0, 0, '14 move x(1). x(0)')
debug_merge_point(0, 0, '15 line 2')
debug_merge_point(0, 0, '16 call 1. L2')
+283: i34 = getfield_gc(p18, descr=<FieldS pyrlang.interpreter.register.Y_Register.inst_addr_top 16>)
+287: i36 = int_add(i34, 1)
+291: i37 = getfield_gc(p18, descr=<FieldS pyrlang.interpreter.register.Y_Register.inst_addr_size 8>)
+295: setfield_gc(p18, i36, descr=<FieldS pyrlang.interpreter.register.Y_Register.inst_addr_top 16>)
+299: i38 = int_ge(i36, i37)
guard_false(i38, descr=<Guard0x10076ff68>) [i0, p1, p2, i37, p18, p3, p4, p5, p6, p7, p8, p9, p10, p11, p12, p13, p14, p15, p16, i31]
+308: p39 = getfield_gc(p18, descr=<FieldP pyrlang.interpreter.register.Y_Register.inst_addrs 24>)
+312: i41 = int_lt(i36, 0)
guard_false(i41, descr=<Guard0x10076ff10>) [i0, p1, p2, i36, p39, p3, p4, p5, p6, p7, p8, p9, p10, p11, p12, p13, p14, p15, p16, i31]
+361: setarrayitem_gc(p39, i36, ConstPtr(ptr42), descr=<ArrayP 8>)
+376: i44 = int_sub(i0, 1)
debug_merge_point(0, 0, '3 label 2')
+380: jump(i44, p2, p1, p18, i31, p3, p4, p5, p6, p7, p8, p9, p10, p11, p12, p13, p14, p15, p16, i21, p18, i22, p24, i36, i37, p39, descr=TargetToken(4302416520))
+448: --end of the loop--
[9b36eb5848b2b] jit-log-opt-bridge}
[9b36eb5a7610f] {jit-log-opt-bridge
# bridge out of Guard 0x10076f570 with 40 ops
[i0, i1, i2, p3, p4, p5, p6, p7, p8, p9, p10, p11, p12, p13, p14, p15, p16, p17, p18, p19, p20, p21, i22]
+59: guard_value(i2, 17, descr=<Guard0x1007a81d8>) [i0, i1, i2, p3, p4, p5, p6, p7, p8, p9, p10, p11, p12, p13, p14, p15, p16, p17, p18, p19, p20, p21, i22]
+69: guard_value(p6, ConstPtr(ptr24), descr=<Guard0x1007a85a0>) [i0, i1, p3, p4, p5, p6, p7, p8, p9, p10, p11, p12, p13, p14, p15, p16, p17, p18, p19, p20, p21, i22]
debug_merge_point(0, 0, '17 line 2')
+88: p25 = getfield_gc(p5, descr=<FieldP pyrlang.interpreter.interp.Process.inst_y_reg 80>)
debug_merge_point(0, 0, '18 gc_bif2 L0. 1. 0. y(0). #2. x(1)')
+92: i26 = getfield_gc(p25, descr=<FieldS pyrlang.interpreter.register.Y_Register.inst_val_top 40>)
+96: p27 = getfield_gc(p25, descr=<FieldP pyrlang.interpreter.register.Y_Register.inst_vals 48>)
+100: p28 = getarrayitem_gc(p27, i26, descr=<ArrayP 8>)
+105: guard_class(p28, ConstClass(W_IntObject), descr=<Guard0x1007a8548>) [i0, i1, p4, p5, p28, p7, p8, p9, p10, p11, p12, p13, p14, p15, p16, p17, p18, p19, p20, p21, i22]
+119: i30 = getfield_gc_pure(p28, descr=<FieldS pyrlang.interpreter.datatypes.number.W_IntObject.inst_intval 8>)
+123: i32 = int_sub_ovf(i30, 2)
guard_no_overflow(descr=<Guard0x1007a84f0>) [i0, i1, p4, p5, i32, p28, p7, p8, p9, p10, p11, p12, p13, p14, p15, p16, p17, p18, p19, p20, p21, i22]
+133: p33 = getfield_gc(p5, descr=<FieldP pyrlang.interpreter.interp.Process.inst_x_reg 72>)
+137: i34 = ptr_eq(p33, p4)
guard_true(i34, descr=<Guard0x1007a8498>) [i0, i1, p4, p5, p33, p7, p8, p9, p10, p11, p12, p13, p14, p15, p16, p17, p18, p19, p20, p21, i32, i22]
debug_merge_point(0, 0, '19 move x(0). y(0)')
+150: i36 = int_lt(i26, 0)
guard_false(i36, descr=<Guard0x1007a8440>) [i0, i1, p4, p5, i26, p27, p8, p9, p10, p11, p12, p13, p14, p15, p16, p17, p18, p19, p20, p21, i32, i22]
p38 = new_with_vtable(ConstClass(W_IntObject))
+239: setfield_gc(p38, i22, descr=<FieldS pyrlang.interpreter.datatypes.number.W_IntObject.inst_intval 8>)
+286: setarrayitem_gc(p27, i26, p38, descr=<ArrayP 8>)
debug_merge_point(0, 0, '20 move x(1). x(0)')
debug_merge_point(0, 0, '21 line 2')
debug_merge_point(0, 0, '22 call 1. L2')
+291: i39 = getfield_gc(p25, descr=<FieldS pyrlang.interpreter.register.Y_Register.inst_addr_top 16>)
+295: i41 = int_add(i39, 1)
+299: i42 = getfield_gc(p25, descr=<FieldS pyrlang.interpreter.register.Y_Register.inst_addr_size 8>)
+303: setfield_gc(p25, i41, descr=<FieldS pyrlang.interpreter.register.Y_Register.inst_addr_top 16>)
+307: i43 = int_ge(i41, i42)
guard_false(i43, descr=<Guard0x1007a83e8>) [i0, i1, p4, p5, i42, p25, p8, p9, p10, p11, p12, p13, p14, p15, p16, p17, p18, p19, p20, p21, i32]
+316: p44 = getfield_gc(p25, descr=<FieldP pyrlang.interpreter.register.Y_Register.inst_addrs 24>)
+320: i46 = int_lt(i41, 0)
guard_false(i46, descr=<Guard0x1007a8390>) [i0, i1, p4, p5, i41, p44, p8, p9, p10, p11, p12, p13, p14, p15, p16, p17, p18, p19, p20, p21, i32]
+372: setarrayitem_gc(p44, i41, ConstPtr(ptr47), descr=<ArrayP 8>)
+387: i49 = int_sub(i1, 1)
+398: guard_true(i0, descr=<Guard0x1007a8338>) [i49, p4, p5, p8, p9, p10, p11, p12, p13, p14, p15, p16, p17, p18, p19, p20, p21, i32]
debug_merge_point(0, 0, '3 label 2')
+414: i51 = int_ge(i42, 1)
guard_true(i51, descr=<Guard0x1007a82e0>) [i49, p25, p4, p5, p8, p9, p10, p11, p12, p13, p14, p15, p16, p17, p18, p19, p20, p21, i32]
+424: jump(i49, p5, p4, p25, i32, p8, p9, p10, p11, p12, p13, p14, p15, p16, p17, p18, p19, p20, p21, p44, i41, p25, i39, p27, i26, i42, descr=TargetToken(4302417312))
+528: --end of the loop--
[9b36eb5abf8f8] jit-log-opt-bridge}
[9b36eb605305b] {jit-log-opt-bridge
# bridge out of Guard 0x100717ba0 with 35 ops
[i0, i1, p2, p3, p4, p5, p6, p7, p8, p9, p10, p11, p12, p13, p14, p15, p16, p17, p18, p19, i20]
+59: guard_value(i1, 23, descr=<Guard0x1007a8910>) [i0, i1, p2, p3, p4, p5, p6, p7, p8, p9, p10, p11, p12, p13, p14, p15, p16, p17, p18, p19, i20]
+69: guard_value(p5, ConstPtr(ptr22), descr=<Guard0x1007a8d30>) [i0, p2, p3, p4, p5, p6, p7, p8, p9, p10, p11, p12, p13, p14, p15, p16, p17, p18, p19, i20]
debug_merge_point(0, 0, '23 line 2')
+88: label(i0, p4, p3, p2, i20, p6, p7, p8, p9, p10, p11, p12, p13, p14, p15, p16, p17, p18, p19, descr=TargetToken(4302420840))
+125: p23 = getfield_gc(p4, descr=<FieldP pyrlang.interpreter.interp.Process.inst_y_reg 80>)
debug_merge_point(0, 0, '24 gc_bif2 L0. 1. 1. y(0). x(0). x(0)')
+136: i24 = getfield_gc(p23, descr=<FieldS pyrlang.interpreter.register.Y_Register.inst_val_top 40>)
+140: p25 = getfield_gc(p23, descr=<FieldP pyrlang.interpreter.register.Y_Register.inst_vals 48>)
+144: p26 = getarrayitem_gc(p25, i24, descr=<ArrayP 8>)
+149: p27 = getfield_gc(p4, descr=<FieldP pyrlang.interpreter.interp.Process.inst_x_reg 72>)
+153: i28 = ptr_eq(p27, p3)
guard_true(i28, descr=<Guard0x1007a8cd8>) [i0, p3, p4, p27, p6, p7, p8, p9, p10, p11, p12, p13, p14, p15, p16, p17, p18, p19, i20, p26]
+166: guard_class(p26, ConstClass(W_IntObject), descr=<Guard0x1007a8c80>) [i0, p3, p4, p26, p6, p7, p8, p9, p10, p11, p12, p13, p14, p15, p16, p17, p18, p19, i20, None]
+180: i31 = getfield_gc_pure(p26, descr=<FieldS pyrlang.interpreter.datatypes.number.W_IntObject.inst_intval 8>)
+184: i32 = int_add_ovf(i31, i20)
guard_no_overflow(descr=<Guard0x1007a8c28>) [i0, p3, p4, i32, p26, p6, p7, p8, p9, p10, p11, p12, p13, p14, p15, p16, p17, p18, p19, i20, None]
debug_merge_point(0, 0, '25 deallocate 1')
+193: i34 = int_sub(i24, 1)
debug_merge_point(0, 0, '26 return ')
+197: i35 = getfield_gc(p23, descr=<FieldS pyrlang.interpreter.register.Y_Register.inst_addr_top 16>)
+201: setfield_gc(p23, i34, descr=<FieldS pyrlang.interpreter.register.Y_Register.inst_val_top 40>)
+205: i37 = int_eq(i35, -1)
guard_false(i37, descr=<Guard0x1007a8bd0>) [i0, p23, p3, p4, p6, p7, p8, p9, p10, p11, p12, p13, p14, p15, p16, p17, p18, p19, i32, None, None]
+215: p38 = getfield_gc(p23, descr=<FieldP pyrlang.interpreter.register.Y_Register.inst_addrs 24>)
+219: i40 = int_lt(i35, 0)
guard_false(i40, descr=<Guard0x1007a8b78>) [i35, i0, p23, p38, p3, p4, p6, p7, p8, p9, p10, p11, p12, p13, p14, p15, p16, p17, p18, p19, i32, None, None]
+229: p41 = getarrayitem_gc(p38, i35, descr=<ArrayP 8>)
+234: i43 = int_sub(i35, 1)
+238: p44 = getfield_gc_pure(p41, descr=<FieldP tuple2.item0 8>)
+242: i45 = getfield_gc_pure(p41, descr=<FieldS tuple2.item1 16>)
+246: setfield_gc(p23, i43, descr=<FieldS pyrlang.interpreter.register.Y_Register.inst_addr_top 16>)
+250: guard_value(i45, 23, descr=<Guard0x1007a8b20>) [i0, i45, p23, p3, p4, p44, p6, p7, p8, p9, p10, p11, p12, p13, p14, p15, p16, p17, p18, p19, i32, None, None]
+260: guard_value(p44, ConstPtr(ptr47), descr=<Guard0x1007a8ac8>) [i0, p23, p3, p4, p44, p6, p7, p8, p9, p10, p11, p12, p13, p14, p15, p16, p17, p18, p19, i32, None, None]
debug_merge_point(0, 0, '23 line 2')
+279: jump(i0, p4, p3, p23, i32, p6, p7, p8, p9, p10, p11, p12, p13, p14, p15, p16, p17, p18, p19, descr=TargetToken(4302420840))
+304: --end of the loop--
[9b36eb6097bc5] jit-log-opt-bridge}
[9b36eb630cc10] {jit-log-opt-bridge
# bridge out of Guard 0x1007a8b20 with 39 ops
[i0, i1, p2, p3, p4, p5, p6, p7, p8, p9, p10, p11, p12, p13, p14, p15, p16, p17, p18, p19, i20]
+59: guard_value(i1, 17, descr=<Guard0x1007a8e90>) [i0, i1, p2, p3, p4, p5, p6, p7, p8, p9, p10, p11, p12, p13, p14, p15, p16, p17, p18, p19, i20]
+69: guard_value(p5, ConstPtr(ptr22), descr=<Guard0x1007a9200>) [i0, p2, p3, p4, p5, p6, p7, p8, p9, p10, p11, p12, p13, p14, p15, p16, p17, p18, p19, i20]
debug_merge_point(0, 0, '17 line 2')
+88: p23 = getfield_gc(p4, descr=<FieldP pyrlang.interpreter.interp.Process.inst_y_reg 80>)
debug_merge_point(0, 0, '18 gc_bif2 L0. 1. 0. y(0). #2. x(1)')
+92: i24 = getfield_gc(p23, descr=<FieldS pyrlang.interpreter.register.Y_Register.inst_val_top 40>)
+96: p25 = getfield_gc(p23, descr=<FieldP pyrlang.interpreter.register.Y_Register.inst_vals 48>)
+100: p26 = getarrayitem_gc(p25, i24, descr=<ArrayP 8>)
+105: guard_class(p26, ConstClass(W_IntObject), descr=<Guard0x1007a91a8>) [i0, p3, p4, p26, p6, p7, p8, p9, p10, p11, p12, p13, p14, p15, p16, p17, p18, p19, i20]
+118: i28 = getfield_gc_pure(p26, descr=<FieldS pyrlang.interpreter.datatypes.number.W_IntObject.inst_intval 8>)
+122: i30 = int_sub_ovf(i28, 2)
guard_no_overflow(descr=<Guard0x1007a9150>) [i0, p3, p4, i30, p26, p6, p7, p8, p9, p10, p11, p12, p13, p14, p15, p16, p17, p18, p19, i20]
+132: p31 = getfield_gc(p4, descr=<FieldP pyrlang.interpreter.interp.Process.inst_x_reg 72>)
+136: i32 = ptr_eq(p31, p3)
guard_true(i32, descr=<Guard0x1007a90f8>) [i0, p3, p4, p31, p6, p7, p8, p9, p10, p11, p12, p13, p14, p15, p16, p17, p18, p19, i30, i20]
debug_merge_point(0, 0, '19 move x(0). y(0)')
+149: i34 = int_lt(i24, 0)
guard_false(i34, descr=<Guard0x1007a90a0>) [i0, p3, p4, i24, p25, p6, p7, p8, p9, p10, p11, p12, p13, p14, p15, p16, p17, p18, p19, i30, i20]
p36 = new_with_vtable(ConstClass(W_IntObject))
+245: setfield_gc(p36, i20, descr=<FieldS pyrlang.interpreter.datatypes.number.W_IntObject.inst_intval 8>)
+299: setarrayitem_gc(p25, i24, p36, descr=<ArrayP 8>)
debug_merge_point(0, 0, '20 move x(1). x(0)')
debug_merge_point(0, 0, '21 line 2')
debug_merge_point(0, 0, '22 call 1. L2')
+304: i37 = getfield_gc(p23, descr=<FieldS pyrlang.interpreter.register.Y_Register.inst_addr_top 16>)
+308: i39 = int_add(i37, 1)
+312: i40 = getfield_gc(p23, descr=<FieldS pyrlang.interpreter.register.Y_Register.inst_addr_size 8>)
+316: setfield_gc(p23, i39, descr=<FieldS pyrlang.interpreter.register.Y_Register.inst_addr_top 16>)
+320: i41 = int_ge(i39, i40)
guard_false(i41, descr=<Guard0x1007a9048>) [i0, p3, p4, i40, p23, p6, p7, p8, p9, p10, p11, p12, p13, p14, p15, p16, p17, p18, p19, i30]
+329: p42 = getfield_gc(p23, descr=<FieldP pyrlang.interpreter.register.Y_Register.inst_addrs 24>)
+333: i44 = int_lt(i39, 0)
guard_false(i44, descr=<Guard0x1007a8ff0>) [i0, p3, p4, i39, p42, p6, p7, p8, p9, p10, p11, p12, p13, p14, p15, p16, p17, p18, p19, i30]
+384: setarrayitem_gc(p42, i39, ConstPtr(ptr45), descr=<ArrayP 8>)
+399: i47 = int_sub(i0, 1)
debug_merge_point(0, 0, '3 label 2')
+410: i49 = int_ge(i40, 1)
guard_true(i49, descr=<Guard0x1007a8f98>) [i47, p23, p3, p4, p6, p7, p8, p9, p10, p11, p12, p13, p14, p15, p16, p17, p18, p19, i30]
+420: jump(i47, p4, p3, p23, i30, p6, p7, p8, p9, p10, p11, p12, p13, p14, p15, p16, p17, p18, p19, p42, i39, p23, i37, p25, i24, i40, descr=TargetToken(4302417312))
+480: --end of the loop--
[9b36eb63479c8] jit-log-opt-bridge}
[9b3743121a7e8] {jit-backend-counts
entry 0:756
TargetToken(4302413856):102333553
TargetToken(4302413928):63245484
entry 1:1140
TargetToken(4302416448):1140
TargetToken(4302416520):433488125
bridge 4302401784:165577506
TargetToken(4302417312):433488041
bridge 4302400112:264
bridge 4302402576:285
bridge 4302405128:267910050
TargetToken(4302418896):102332797
entry 2:527
bridge 4302400200:102332590
bridge 4302399584:39087650
bridge 4302761176:165577051
bridge 4302763376:63244819
bridge 4302404512:63244219
TargetToken(4302420840):102331298
bridge 4302998304:63244018
[9b3743123d34c] jit-backend-counts}
