[f636fc4ce7b58] {jit-backend-counts
[f636fc4ced671] jit-backend-counts}
[f636fc6707c60] {jit-log-opt-loop
# Loop 0 (3 label 2) : loop with 737 ops
[i0, i1, i2, p3, p4, p5]
+134: p6 = getfield_gc(p4, descr=<FieldP pyrlang.interpreter.register.X_Register.inst_regs 16>)
+145: p8 = getarrayitem_gc(p6, 0, descr=<ArrayP 8>)
+149: p10 = getarrayitem_gc(p6, 1, descr=<ArrayP 8>)
+153: p12 = getarrayitem_gc(p6, 2, descr=<ArrayP 8>)
+157: p14 = getarrayitem_gc(p6, 3, descr=<ArrayP 8>)
+161: p16 = getarrayitem_gc(p6, 4, descr=<ArrayP 8>)
+165: p18 = getarrayitem_gc(p6, 5, descr=<ArrayP 8>)
+169: p20 = getarrayitem_gc(p6, 6, descr=<ArrayP 8>)
+173: p22 = getarrayitem_gc(p6, 7, descr=<ArrayP 8>)
+177: p24 = getarrayitem_gc(p6, 8, descr=<ArrayP 8>)
+181: p26 = getarrayitem_gc(p6, 9, descr=<ArrayP 8>)
+185: p28 = getarrayitem_gc(p6, 10, descr=<ArrayP 8>)
+189: p30 = getarrayitem_gc(p6, 11, descr=<ArrayP 8>)
+193: p32 = getarrayitem_gc(p6, 12, descr=<ArrayP 8>)
+204: p34 = getarrayitem_gc(p6, 13, descr=<ArrayP 8>)
+215: p36 = getarrayitem_gc(p6, 14, descr=<ArrayP 8>)
+229: p38 = getarrayitem_gc(p6, 15, descr=<ArrayP 8>)
+243: label(i0, i1, i2, p3, p4, p5, p8, p10, p12, p14, p16, p18, p20, p22, p24, p26, p28, p30, p32, p34, p36, p38, descr=TargetToken(4302454816))
debug_merge_point(0, 0, '3 label 2')
+333: p39 = getfield_gc(p3, descr=<FieldP pyrlang.interpreter.interp.Process.inst_y_reg 80>)
debug_merge_point(0, 0, '4 is_integer L4. x(0)')
+344: p40 = getfield_gc(p3, descr=<FieldP pyrlang.interpreter.interp.Process.inst_x_reg 72>)
+348: i41 = ptr_eq(p40, p4)
guard_true(i41, descr=<Guard0x1007169c0>) [i2, i1, i0, p4, p3, p40, p8, p10, p12, p14, p16, p18, p20, p22, p24, p26, p28, p30, p32, p34, p36, p38]
+361: guard_nonnull_class(p8, ConstClass(W_IntObject), descr=<Guard0x100768498>) [i2, i1, i0, p4, p3, p8, p10, p12, p14, p16, p18, p20, p22, p24, p26, p28, p30, p32, p34, p36, p38]
debug_merge_point(0, 0, '5 select_val x(0). L4. [(#1. L3). (#0. L3)]')
+379: i43 = getfield_gc_pure(p8, descr=<FieldS pyrlang.interpreter.datatypes.number.W_IntObject.inst_intval 8>)
+383: i45 = int_eq(i43, 0)
guard_false(i45, descr=<Guard0x100768440>) [i2, i1, i0, p4, p3, p8, p10, p12, p14, p16, p18, p20, p22, p24, p26, p28, p30, p32, p34, p36, p38]
+393: i47 = int_eq(i43, 1)
guard_true(i47, descr=<Guard0x1007683e8>) [i2, i1, i0, p4, p3, p8, p10, p12, p14, p16, p18, p20, p22, p24, p26, p28, p30, p32, p34, p36, p38]
debug_merge_point(0, 0, '6 label 3')
debug_merge_point(0, 0, '7 move #0. x(0)')
debug_merge_point(0, 0, '8 return ')
+403: i48 = getfield_gc(p39, descr=<FieldS pyrlang.interpreter.register.Y_Register.inst_addr_top 16>)
+407: i50 = int_eq(i48, -1)
guard_false(i50, descr=<Guard0x100768390>) [i0, i2, i1, p39, p4, p3, p10, p12, p14, p16, p18, p20, p22, p24, p26, p28, p30, p32, p34, p36, p38]
+417: p51 = getfield_gc(p39, descr=<FieldP pyrlang.interpreter.register.Y_Register.inst_addrs 24>)
+421: i53 = int_lt(i48, 0)
guard_false(i53, descr=<Guard0x100768338>) [i48, i0, i2, i1, p39, p51, p4, p3, p10, p12, p14, p16, p18, p20, p22, p24, p26, p28, p30, p32, p34, p36, p38]
+431: p54 = getarrayitem_gc(p51, i48, descr=<ArrayP 8>)
+436: i56 = int_sub(i48, 1)
+440: p57 = getfield_gc_pure(p54, descr=<FieldP tuple2.item0 8>)
+444: i58 = getfield_gc_pure(p54, descr=<FieldS tuple2.item1 16>)
+448: setfield_gc(p39, i56, descr=<FieldS pyrlang.interpreter.register.Y_Register.inst_addr_top 16>)
+452: i60 = int_eq(9, i0)
guard_false(i60, descr=<Guard0x1007682e0>) [i0, i2, i1, i58, p4, p3, p57, p10, p12, p14, p16, p18, p20, p22, p24, p26, p28, p30, p32, p34, p36, p38]
+466: guard_value(i58, 17, descr=<Guard0x100768288>) [i2, i1, i58, p39, p4, p3, p57, p10, p12, p14, p16, p18, p20, p22, p24, p26, p28, p30, p32, p34, p36, p38]
+476: guard_value(p57, ConstPtr(ptr62), descr=<Guard0x100768230>) [i2, i1, p39, p4, p3, p57, p10, p12, p14, p16, p18, p20, p22, p24, p26, p28, p30, p32, p34, p36, p38]
debug_merge_point(0, 0, '17 line 2')
debug_merge_point(0, 0, '18 gc_bif2 L0. 1. 0. y(0). #2. x(1)')
+495: i63 = getfield_gc(p39, descr=<FieldS pyrlang.interpreter.register.Y_Register.inst_val_top 40>)
+499: p64 = getfield_gc(p39, descr=<FieldP pyrlang.interpreter.register.Y_Register.inst_vals 48>)
+503: p65 = getarrayitem_gc(p64, i63, descr=<ArrayP 8>)
+508: guard_class(p65, ConstClass(W_IntObject), descr=<Guard0x1007681d8>) [i2, i1, p4, p3, p65, p10, p12, p14, p16, p18, p20, p22, p24, p26, p28, p30, p32, p34, p36, p38]
+520: i67 = getfield_gc_pure(p65, descr=<FieldS pyrlang.interpreter.datatypes.number.W_IntObject.inst_intval 8>)
+524: i69 = int_sub_ovf(i67, 2)
guard_no_overflow(descr=<Guard0x100768180>) [i2, i1, p4, p3, i69, p65, p10, p12, p14, p16, p18, p20, p22, p24, p26, p28, p30, p32, p34, p36, p38]
debug_merge_point(0, 0, '19 move x(0). y(0)')
+534: i71 = int_lt(i63, 0)
guard_false(i71, descr=<Guard0x100768128>) [i2, i1, p4, p3, i63, p64, p12, p14, p16, p18, p20, p22, p24, p26, p28, p30, p32, p34, p36, p38, i69]
+585: setarrayitem_gc(p64, i63, ConstPtr(ptr72), descr=<ArrayP 8>)
debug_merge_point(0, 0, '20 move x(1). x(0)')
debug_merge_point(0, 0, '21 line 2')
debug_merge_point(0, 0, '22 call 1. L2')
+600: i73 = getfield_gc(p39, descr=<FieldS pyrlang.interpreter.register.Y_Register.inst_addr_size 8>)
+604: setfield_gc(p39, i48, descr=<FieldS pyrlang.interpreter.register.Y_Register.inst_addr_top 16>)
+608: i74 = int_ge(i48, i73)
guard_false(i74, descr=<Guard0x1007680d0>) [i2, i1, p4, p3, i73, p39, p12, p14, p16, p18, p20, p22, p24, p26, p28, p30, p32, p34, p36, p38, i69]
+656: setarrayitem_gc(p51, i48, ConstPtr(ptr75), descr=<ArrayP 8>)
+671: i77 = int_sub(i1, 1)
+682: guard_true(i2, descr=<Guard0x100768078>) [i77, p4, p3, p12, p14, p16, p18, p20, p22, p24, p26, p28, p30, p32, p34, p36, p38, i69]
debug_merge_point(0, 0, '3 label 2')
debug_merge_point(0, 0, '4 is_integer L4. x(0)')
debug_merge_point(0, 0, '5 select_val x(0). L4. [(#1. L3). (#0. L3)]')
+698: i79 = int_eq(i69, 0)
guard_true(i79, descr=<Guard0x100768020>) [i77, p4, p3, p12, p14, p16, p18, p20, p22, p24, p26, p28, p30, p32, p34, p36, p38, i69]
debug_merge_point(0, 0, '6 label 3')
debug_merge_point(0, 0, '7 move #0. x(0)')
debug_merge_point(0, 0, '8 return ')
+708: p80 = getarrayitem_gc(p51, i48, descr=<ArrayP 8>)
+713: p81 = getfield_gc_pure(p80, descr=<FieldP tuple2.item0 8>)
+717: i82 = getfield_gc_pure(p80, descr=<FieldS tuple2.item1 16>)
+721: setfield_gc(p39, i56, descr=<FieldS pyrlang.interpreter.register.Y_Register.inst_addr_top 16>)
+725: guard_value(i82, 23, descr=<Guard0x100763f68>) [i77, i82, p39, p4, p3, p81, p12, p14, p16, p18, p20, p22, p24, p26, p28, p30, p32, p34, p36, p38, None]
+735: guard_value(p81, ConstPtr(ptr85), descr=<Guard0x100763f10>) [i77, p39, p4, p3, p81, p12, p14, p16, p18, p20, p22, p24, p26, p28, p30, p32, p34, p36, p38, None]
debug_merge_point(0, 0, '23 line 2')
debug_merge_point(0, 0, '24 gc_bif2 L0. 1. 1. y(0). x(0). x(0)')
+754: p86 = getarrayitem_gc(p64, i63, descr=<ArrayP 8>)
+759: guard_class(p86, ConstClass(W_IntObject), descr=<Guard0x100763eb8>) [i77, p4, p3, p86, p12, p14, p16, p18, p20, p22, p24, p26, p28, p30, p32, p34, p36, p38, None]
+771: i88 = getfield_gc_pure(p86, descr=<FieldS pyrlang.interpreter.datatypes.number.W_IntObject.inst_intval 8>)
+775: i90 = int_add_ovf(i88, 1)
guard_no_overflow(descr=<Guard0x100763e60>) [i77, p4, p3, i90, p86, p12, p14, p16, p18, p20, p22, p24, p26, p28, p30, p32, p34, p36, p38, None]
debug_merge_point(0, 0, '25 deallocate 1')
+785: i92 = int_sub(i63, 1)
debug_merge_point(0, 0, '26 return ')
+789: setfield_gc(p39, i92, descr=<FieldS pyrlang.interpreter.register.Y_Register.inst_val_top 40>)
+793: i94 = int_eq(i56, -1)
guard_false(i94, descr=<Guard0x100763e08>) [i77, p39, p4, p3, p12, p14, p16, p18, p20, p22, p24, p26, p28, p30, p32, p34, p36, p38, i90, None]
+803: i96 = int_lt(i56, 0)
guard_false(i96, descr=<Guard0x100763db0>) [i56, i77, p39, p51, p4, p3, p12, p14, p16, p18, p20, p22, p24, p26, p28, p30, p32, p34, p36, p38, i90, None]
+813: p97 = getarrayitem_gc(p51, i56, descr=<ArrayP 8>)
+818: i99 = int_sub(i56, 1)
+822: p100 = getfield_gc_pure(p97, descr=<FieldP tuple2.item0 8>)
+826: i101 = getfield_gc_pure(p97, descr=<FieldS tuple2.item1 16>)
+830: setfield_gc(p39, i99, descr=<FieldS pyrlang.interpreter.register.Y_Register.inst_addr_top 16>)
+834: guard_value(i101, 17, descr=<Guard0x100763d58>) [i77, i101, p39, p4, p3, p100, p12, p14, p16, p18, p20, p22, p24, p26, p28, p30, p32, p34, p36, p38, i90, None]
+844: guard_value(p100, ConstPtr(ptr103), descr=<Guard0x100763d00>) [i77, p39, p4, p3, p100, p12, p14, p16, p18, p20, p22, p24, p26, p28, p30, p32, p34, p36, p38, i90, None]
debug_merge_point(0, 0, '17 line 2')
debug_merge_point(0, 0, '18 gc_bif2 L0. 1. 0. y(0). #2. x(1)')
+863: p104 = getarrayitem_gc(p64, i92, descr=<ArrayP 8>)
+868: guard_class(p104, ConstClass(W_IntObject), descr=<Guard0x100763ca8>) [i77, p4, p3, p104, p12, p14, p16, p18, p20, p22, p24, p26, p28, p30, p32, p34, p36, p38, i90, None]
+880: i106 = getfield_gc_pure(p104, descr=<FieldS pyrlang.interpreter.datatypes.number.W_IntObject.inst_intval 8>)
+884: i108 = int_sub_ovf(i106, 2)
guard_no_overflow(descr=<Guard0x100763c50>) [i77, p4, p3, i108, p104, p12, p14, p16, p18, p20, p22, p24, p26, p28, p30, p32, p34, p36, p38, i90, None]
debug_merge_point(0, 0, '19 move x(0). y(0)')
+894: i110 = int_lt(i92, 0)
guard_false(i110, descr=<Guard0x100763bf8>) [i77, p4, p3, i92, p64, p12, p14, p16, p18, p20, p22, p24, p26, p28, p30, p32, p34, p36, p38, i108, i90, None]
p112 = new_with_vtable(ConstClass(W_IntObject))
+997: setfield_gc(p112, i90, descr=<FieldS pyrlang.interpreter.datatypes.number.W_IntObject.inst_intval 8>)
+1049: setarrayitem_gc(p64, i92, p112, descr=<ArrayP 8>)
debug_merge_point(0, 0, '20 move x(1). x(0)')
debug_merge_point(0, 0, '21 line 2')
debug_merge_point(0, 0, '22 call 1. L2')
+1054: setfield_gc(p39, i56, descr=<FieldS pyrlang.interpreter.register.Y_Register.inst_addr_top 16>)
+1058: i113 = int_ge(i56, i73)
guard_false(i113, descr=<Guard0x100763ba0>) [i77, p4, p3, i73, p39, p12, p14, p16, p18, p20, p22, p24, p26, p28, p30, p32, p34, p36, p38, i108]
+1106: setarrayitem_gc(p51, i56, ConstPtr(ptr114), descr=<ArrayP 8>)
+1121: i116 = int_sub(i77, 1)
debug_merge_point(0, 0, '3 label 2')
debug_merge_point(0, 0, '4 is_integer L4. x(0)')
debug_merge_point(0, 0, '5 select_val x(0). L4. [(#1. L3). (#0. L3)]')
+1126: i118 = int_eq(i108, 0)
guard_false(i118, descr=<Guard0x100763b48>) [i116, p4, p3, p12, p14, p16, p18, p20, p22, p24, p26, p28, p30, p32, p34, p36, p38, i108]
+1140: i120 = int_eq(i108, 1)
guard_true(i120, descr=<Guard0x100763af0>) [i116, p4, p3, p12, p14, p16, p18, p20, p22, p24, p26, p28, p30, p32, p34, p36, p38, i108]
debug_merge_point(0, 0, '6 label 3')
debug_merge_point(0, 0, '7 move #0. x(0)')
debug_merge_point(0, 0, '8 return ')
+1154: p121 = getarrayitem_gc(p51, i56, descr=<ArrayP 8>)
+1159: p122 = getfield_gc_pure(p121, descr=<FieldP tuple2.item0 8>)
+1164: i123 = getfield_gc_pure(p121, descr=<FieldS tuple2.item1 16>)
+1169: setfield_gc(p39, i99, descr=<FieldS pyrlang.interpreter.register.Y_Register.inst_addr_top 16>)
+1173: guard_value(i123, 23, descr=<Guard0x100763a98>) [i116, i123, p39, p4, p3, p122, p12, p14, p16, p18, p20, p22, p24, p26, p28, p30, p32, p34, p36, p38, None]
+1183: guard_value(p122, ConstPtr(ptr125), descr=<Guard0x100763a40>) [i116, p39, p4, p3, p122, p12, p14, p16, p18, p20, p22, p24, p26, p28, p30, p32, p34, p36, p38, None]
debug_merge_point(0, 0, '23 line 2')
debug_merge_point(0, 0, '24 gc_bif2 L0. 1. 1. y(0). x(0). x(0)')
+1202: p126 = getarrayitem_gc(p64, i92, descr=<ArrayP 8>)
+1207: guard_class(p126, ConstClass(W_IntObject), descr=<Guard0x1007639e8>) [i116, p4, p3, p126, p12, p14, p16, p18, p20, p22, p24, p26, p28, p30, p32, p34, p36, p38, None]
+1219: i128 = getfield_gc_pure(p126, descr=<FieldS pyrlang.interpreter.datatypes.number.W_IntObject.inst_intval 8>)
+1223: i130 = int_add_ovf(i128, 1)
guard_no_overflow(descr=<Guard0x100763990>) [i116, p4, p3, i130, p126, p12, p14, p16, p18, p20, p22, p24, p26, p28, p30, p32, p34, p36, p38, None]
debug_merge_point(0, 0, '25 deallocate 1')
+1233: i132 = int_sub(i92, 1)
debug_merge_point(0, 0, '26 return ')
+1237: setfield_gc(p39, i132, descr=<FieldS pyrlang.interpreter.register.Y_Register.inst_val_top 40>)
+1241: i134 = int_eq(i99, -1)
guard_false(i134, descr=<Guard0x100763938>) [i116, p39, p4, p3, p12, p14, p16, p18, p20, p22, p24, p26, p28, p30, p32, p34, p36, p38, i130, None]
+1251: i136 = int_lt(i99, 0)
guard_false(i136, descr=<Guard0x1007638e0>) [i99, i116, p39, p51, p4, p3, p12, p14, p16, p18, p20, p22, p24, p26, p28, p30, p32, p34, p36, p38, i130, None]
+1261: p137 = getarrayitem_gc(p51, i99, descr=<ArrayP 8>)
+1266: i139 = int_sub(i99, 1)
+1270: p140 = getfield_gc_pure(p137, descr=<FieldP tuple2.item0 8>)
+1282: i141 = getfield_gc_pure(p137, descr=<FieldS tuple2.item1 16>)
+1294: setfield_gc(p39, i139, descr=<FieldS pyrlang.interpreter.register.Y_Register.inst_addr_top 16>)
+1298: guard_value(i141, 17, descr=<Guard0x100763888>) [i116, i141, p39, p4, p3, p140, p12, p14, p16, p18, p20, p22, p24, p26, p28, p30, p32, p34, p36, p38, i130, None]
+1308: guard_value(p140, ConstPtr(ptr143), descr=<Guard0x100763830>) [i116, p39, p4, p3, p140, p12, p14, p16, p18, p20, p22, p24, p26, p28, p30, p32, p34, p36, p38, i130, None]
debug_merge_point(0, 0, '17 line 2')
debug_merge_point(0, 0, '18 gc_bif2 L0. 1. 0. y(0). #2. x(1)')
+1327: p144 = getarrayitem_gc(p64, i132, descr=<ArrayP 8>)
+1339: guard_class(p144, ConstClass(W_IntObject), descr=<Guard0x1007637d8>) [i116, p4, p3, p144, p12, p14, p16, p18, p20, p22, p24, p26, p28, p30, p32, p34, p36, p38, i130, None]
+1352: i146 = getfield_gc_pure(p144, descr=<FieldS pyrlang.interpreter.datatypes.number.W_IntObject.inst_intval 8>)
+1356: i148 = int_sub_ovf(i146, 2)
guard_no_overflow(descr=<Guard0x100763780>) [i116, p4, p3, i148, p144, p12, p14, p16, p18, p20, p22, p24, p26, p28, p30, p32, p34, p36, p38, i130, None]
debug_merge_point(0, 0, '19 move x(0). y(0)')
+1366: i150 = int_lt(i132, 0)
guard_false(i150, descr=<Guard0x100763728>) [i116, p4, p3, i132, p64, p12, p14, p16, p18, p20, p22, p24, p26, p28, p30, p32, p34, p36, p38, i148, i130, None]
p152 = new_with_vtable(ConstClass(W_IntObject))
+1387: setfield_gc(p152, i130, descr=<FieldS pyrlang.interpreter.datatypes.number.W_IntObject.inst_intval 8>)
+1430: setarrayitem_gc(p64, i132, p152, descr=<ArrayP 8>)
debug_merge_point(0, 0, '20 move x(1). x(0)')
debug_merge_point(0, 0, '21 line 2')
debug_merge_point(0, 0, '22 call 1. L2')
+1435: setfield_gc(p39, i99, descr=<FieldS pyrlang.interpreter.register.Y_Register.inst_addr_top 16>)
+1439: i153 = int_ge(i99, i73)
guard_false(i153, descr=<Guard0x1007636d0>) [i116, p4, p3, i73, p39, p12, p14, p16, p18, p20, p22, p24, p26, p28, p30, p32, p34, p36, p38, i148]
+1496: setarrayitem_gc(p51, i99, ConstPtr(ptr154), descr=<ArrayP 8>)
+1511: i156 = int_sub(i116, 1)
debug_merge_point(0, 0, '3 label 2')
debug_merge_point(0, 0, '4 is_integer L4. x(0)')
debug_merge_point(0, 0, '5 select_val x(0). L4. [(#1. L3). (#0. L3)]')
+1515: i158 = int_eq(i148, 0)
guard_false(i158, descr=<Guard0x100763678>) [i156, p4, p3, p12, p14, p16, p18, p20, p22, p24, p26, p28, p30, p32, p34, p36, p38, i148]
+1525: i160 = int_eq(i148, 1)
guard_false(i160, descr=<Guard0x100763620>) [i156, p4, p3, p12, p14, p16, p18, p20, p22, p24, p26, p28, p30, p32, p34, p36, p38, i148]
debug_merge_point(0, 0, '9 label 4')
debug_merge_point(0, 0, '10 allocate_zero 1. 1')
+1535: i161 = getfield_gc(p39, descr=<FieldS pyrlang.interpreter.register.Y_Register.inst_val_size 32>)
+1539: setfield_gc(p39, i92, descr=<FieldS pyrlang.interpreter.register.Y_Register.inst_val_top 40>)
+1543: i162 = int_ge(i92, i161)
guard_false(i162, descr=<Guard0x1007635c8>) [i156, p4, p3, i92, i161, p39, p12, p14, p16, p18, p20, p22, p24, p26, p28, p30, p32, p34, p36, p38, i148]
+1552: setarrayitem_gc(p64, i92, ConstPtr(ptr163), descr=<ArrayP 8>)
debug_merge_point(0, 0, '11 line 2')
debug_merge_point(0, 0, '12 gc_bif2 L0. 1. 0. x(0). #0. x(1)')
+1567: i165 = int_sub_ovf(i148, 1)
guard_no_overflow(descr=<Guard0x100763570>) [i156, p4, p3, i165, p12, p14, p16, p18, p20, p22, p24, p26, p28, p30, p32, p34, p36, p38, i148]
debug_merge_point(0, 0, '13 move x(0). y(0)')
p167 = new_with_vtable(ConstClass(W_IntObject))
+1602: setfield_gc(p167, i148, descr=<FieldS pyrlang.interpreter.datatypes.number.W_IntObject.inst_intval 8>)
+1652: setarrayitem_gc(p64, i92, p167, descr=<ArrayP 8>)
debug_merge_point(0, 0, '14 move x(1). x(0)')
debug_merge_point(0, 0, '15 line 2')
debug_merge_point(0, 0, '16 call 1. L2')
+1698: setarrayitem_gc(p51, i56, ConstPtr(ptr168), descr=<ArrayP 8>)
+1713: i170 = int_sub(i156, 1)
debug_merge_point(0, 0, '3 label 2')
debug_merge_point(0, 0, '4 is_integer L4. x(0)')
debug_merge_point(0, 0, '5 select_val x(0). L4. [(#1. L3). (#0. L3)]')
+1717: setfield_gc(p39, i56, descr=<FieldS pyrlang.interpreter.register.Y_Register.inst_addr_top 16>)
+1721: i172 = int_eq(i165, 0)
guard_false(i172, descr=<Guard0x100763518>) [i170, p4, p3, p12, p14, p16, p18, p20, p22, p24, p26, p28, p30, p32, p34, p36, p38, i165]
+1731: i174 = int_eq(i165, 1)
guard_true(i174, descr=<Guard0x1007634c0>) [i170, p4, p3, p12, p14, p16, p18, p20, p22, p24, p26, p28, p30, p32, p34, p36, p38, i165]
debug_merge_point(0, 0, '6 label 3')
debug_merge_point(0, 0, '7 move #0. x(0)')
debug_merge_point(0, 0, '8 return ')
+1741: p175 = getarrayitem_gc(p51, i56, descr=<ArrayP 8>)
+1746: p176 = getfield_gc_pure(p175, descr=<FieldP tuple2.item0 8>)
+1751: i177 = getfield_gc_pure(p175, descr=<FieldS tuple2.item1 16>)
+1756: setfield_gc(p39, i99, descr=<FieldS pyrlang.interpreter.register.Y_Register.inst_addr_top 16>)
+1760: guard_value(i177, 17, descr=<Guard0x100763468>) [i170, i177, p39, p4, p3, p176, p12, p14, p16, p18, p20, p22, p24, p26, p28, p30, p32, p34, p36, p38, None]
+1770: guard_value(p176, ConstPtr(ptr179), descr=<Guard0x100763410>) [i170, p39, p4, p3, p176, p12, p14, p16, p18, p20, p22, p24, p26, p28, p30, p32, p34, p36, p38, None]
debug_merge_point(0, 0, '17 line 2')
debug_merge_point(0, 0, '18 gc_bif2 L0. 1. 0. y(0). #2. x(1)')
+1789: p180 = getarrayitem_gc(p64, i92, descr=<ArrayP 8>)
+1801: guard_class(p180, ConstClass(W_IntObject), descr=<Guard0x1007633b8>) [i170, p4, p3, p180, p12, p14, p16, p18, p20, p22, p24, p26, p28, p30, p32, p34, p36, p38, None]
+1813: i182 = getfield_gc_pure(p180, descr=<FieldS pyrlang.interpreter.datatypes.number.W_IntObject.inst_intval 8>)
+1817: i184 = int_sub_ovf(i182, 2)
guard_no_overflow(descr=<Guard0x100763360>) [i170, p4, p3, i184, p180, p12, p14, p16, p18, p20, p22, p24, p26, p28, p30, p32, p34, p36, p38, None]
debug_merge_point(0, 0, '19 move x(0). y(0)')
+1866: setarrayitem_gc(p64, i92, ConstPtr(ptr185), descr=<ArrayP 8>)
debug_merge_point(0, 0, '20 move x(1). x(0)')
debug_merge_point(0, 0, '21 line 2')
debug_merge_point(0, 0, '22 call 1. L2')
+1922: setarrayitem_gc(p51, i56, ConstPtr(ptr186), descr=<ArrayP 8>)
+1937: i188 = int_sub(i170, 1)
debug_merge_point(0, 0, '3 label 2')
debug_merge_point(0, 0, '4 is_integer L4. x(0)')
debug_merge_point(0, 0, '5 select_val x(0). L4. [(#1. L3). (#0. L3)]')
+1941: setfield_gc(p39, i56, descr=<FieldS pyrlang.interpreter.register.Y_Register.inst_addr_top 16>)
+1945: i190 = int_eq(i184, 0)
guard_true(i190, descr=<Guard0x100763308>) [i188, p4, p3, p12, p14, p16, p18, p20, p22, p24, p26, p28, p30, p32, p34, p36, p38, i184]
debug_merge_point(0, 0, '6 label 3')
debug_merge_point(0, 0, '7 move #0. x(0)')
debug_merge_point(0, 0, '8 return ')
+1955: p191 = getarrayitem_gc(p51, i56, descr=<ArrayP 8>)
+1960: p192 = getfield_gc_pure(p191, descr=<FieldP tuple2.item0 8>)
+1965: i193 = getfield_gc_pure(p191, descr=<FieldS tuple2.item1 16>)
+1970: setfield_gc(p39, i99, descr=<FieldS pyrlang.interpreter.register.Y_Register.inst_addr_top 16>)
+1974: guard_value(i193, 23, descr=<Guard0x1007632b0>) [i188, i193, p39, p4, p3, p192, p12, p14, p16, p18, p20, p22, p24, p26, p28, p30, p32, p34, p36, p38, None]
+1984: guard_value(p192, ConstPtr(ptr195), descr=<Guard0x100763258>) [i188, p39, p4, p3, p192, p12, p14, p16, p18, p20, p22, p24, p26, p28, p30, p32, p34, p36, p38, None]
debug_merge_point(0, 0, '23 line 2')
debug_merge_point(0, 0, '24 gc_bif2 L0. 1. 1. y(0). x(0). x(0)')
+2003: p196 = getarrayitem_gc(p64, i92, descr=<ArrayP 8>)
+2008: guard_class(p196, ConstClass(W_IntObject), descr=<Guard0x100763200>) [i188, p4, p3, p196, p12, p14, p16, p18, p20, p22, p24, p26, p28, p30, p32, p34, p36, p38, None]
+2020: i198 = getfield_gc_pure(p196, descr=<FieldS pyrlang.interpreter.datatypes.number.W_IntObject.inst_intval 8>)
+2024: i200 = int_add_ovf(i198, 1)
guard_no_overflow(descr=<Guard0x1007631a8>) [i188, p4, p3, i200, p196, p12, p14, p16, p18, p20, p22, p24, p26, p28, p30, p32, p34, p36, p38, None]
debug_merge_point(0, 0, '25 deallocate 1')
debug_merge_point(0, 0, '26 return ')
+2034: p201 = getarrayitem_gc(p51, i99, descr=<ArrayP 8>)
+2039: p202 = getfield_gc_pure(p201, descr=<FieldP tuple2.item0 8>)
+2043: i203 = getfield_gc_pure(p201, descr=<FieldS tuple2.item1 16>)
+2047: setfield_gc(p39, i139, descr=<FieldS pyrlang.interpreter.register.Y_Register.inst_addr_top 16>)
+2051: setfield_gc(p39, i132, descr=<FieldS pyrlang.interpreter.register.Y_Register.inst_val_top 40>)
+2055: guard_value(i203, 23, descr=<Guard0x100763150>) [i188, i203, p39, p4, p3, p202, p12, p14, p16, p18, p20, p22, p24, p26, p28, p30, p32, p34, p36, p38, i200, None]
+2065: guard_value(p202, ConstPtr(ptr205), descr=<Guard0x1007630f8>) [i188, p39, p4, p3, p202, p12, p14, p16, p18, p20, p22, p24, p26, p28, p30, p32, p34, p36, p38, i200, None]
debug_merge_point(0, 0, '23 line 2')
debug_merge_point(0, 0, '24 gc_bif2 L0. 1. 1. y(0). x(0). x(0)')
+2084: p206 = getarrayitem_gc(p64, i132, descr=<ArrayP 8>)
+2089: guard_class(p206, ConstClass(W_IntObject), descr=<Guard0x1007630a0>) [i188, p4, p3, p206, p12, p14, p16, p18, p20, p22, p24, p26, p28, p30, p32, p34, p36, p38, i200, None]
+2102: i208 = getfield_gc_pure(p206, descr=<FieldS pyrlang.interpreter.datatypes.number.W_IntObject.inst_intval 8>)
+2106: i209 = int_add_ovf(i208, i200)
guard_no_overflow(descr=<Guard0x100763048>) [i188, p4, p3, i209, p206, p12, p14, p16, p18, p20, p22, p24, p26, p28, p30, p32, p34, p36, p38, i200, None]
debug_merge_point(0, 0, '25 deallocate 1')
+2115: i211 = int_sub(i132, 1)
debug_merge_point(0, 0, '26 return ')
+2119: setfield_gc(p39, i211, descr=<FieldS pyrlang.interpreter.register.Y_Register.inst_val_top 40>)
+2123: i213 = int_eq(i139, -1)
guard_false(i213, descr=<Guard0x100762ff0>) [i188, p39, p4, p3, p12, p14, p16, p18, p20, p22, p24, p26, p28, p30, p32, p34, p36, p38, i209, None, None]
+2133: i215 = int_lt(i139, 0)
guard_false(i215, descr=<Guard0x100762f98>) [i139, i188, p39, p51, p4, p3, p12, p14, p16, p18, p20, p22, p24, p26, p28, p30, p32, p34, p36, p38, i209, None, None]
+2143: p216 = getarrayitem_gc(p51, i139, descr=<ArrayP 8>)
+2148: i218 = int_sub(i139, 1)
+2152: p219 = getfield_gc_pure(p216, descr=<FieldP tuple2.item0 8>)
+2156: i220 = getfield_gc_pure(p216, descr=<FieldS tuple2.item1 16>)
+2167: setfield_gc(p39, i218, descr=<FieldS pyrlang.interpreter.register.Y_Register.inst_addr_top 16>)
+2171: guard_value(i220, 23, descr=<Guard0x100762f40>) [i188, i220, p39, p4, p3, p219, p12, p14, p16, p18, p20, p22, p24, p26, p28, p30, p32, p34, p36, p38, i209, None, None]
+2181: guard_value(p219, ConstPtr(ptr222), descr=<Guard0x100762ee8>) [i188, p39, p4, p3, p219, p12, p14, p16, p18, p20, p22, p24, p26, p28, p30, p32, p34, p36, p38, i209, None, None]
debug_merge_point(0, 0, '23 line 2')
debug_merge_point(0, 0, '24 gc_bif2 L0. 1. 1. y(0). x(0). x(0)')
+2200: p223 = getarrayitem_gc(p64, i211, descr=<ArrayP 8>)
+2205: guard_class(p223, ConstClass(W_IntObject), descr=<Guard0x100762e90>) [i188, p4, p3, p223, p12, p14, p16, p18, p20, p22, p24, p26, p28, p30, p32, p34, p36, p38, i209, None, None]
+2218: i225 = getfield_gc_pure(p223, descr=<FieldS pyrlang.interpreter.datatypes.number.W_IntObject.inst_intval 8>)
+2222: i226 = int_add_ovf(i225, i209)
guard_no_overflow(descr=<Guard0x100762e38>) [i188, p4, p3, i226, p223, p12, p14, p16, p18, p20, p22, p24, p26, p28, p30, p32, p34, p36, p38, i209, None, None]
debug_merge_point(0, 0, '25 deallocate 1')
+2231: i228 = int_sub(i211, 1)
debug_merge_point(0, 0, '26 return ')
+2235: setfield_gc(p39, i228, descr=<FieldS pyrlang.interpreter.register.Y_Register.inst_val_top 40>)
+2239: i230 = int_eq(i218, -1)
guard_false(i230, descr=<Guard0x100762de0>) [i188, p39, p4, p3, p12, p14, p16, p18, p20, p22, p24, p26, p28, p30, p32, p34, p36, p38, i226, None, None, None]
+2249: i232 = int_lt(i218, 0)
guard_false(i232, descr=<Guard0x100762d88>) [i218, i188, p39, p51, p4, p3, p12, p14, p16, p18, p20, p22, p24, p26, p28, p30, p32, p34, p36, p38, i226, None, None, None]
+2259: p233 = getarrayitem_gc(p51, i218, descr=<ArrayP 8>)
+2271: i235 = int_sub(i218, 1)
+2275: p236 = getfield_gc_pure(p233, descr=<FieldP tuple2.item0 8>)
+2286: i237 = getfield_gc_pure(p233, descr=<FieldS tuple2.item1 16>)
+2297: setfield_gc(p39, i235, descr=<FieldS pyrlang.interpreter.register.Y_Register.inst_addr_top 16>)
+2301: guard_value(i237, 17, descr=<Guard0x100762d30>) [i188, i237, p39, p4, p3, p236, p12, p14, p16, p18, p20, p22, p24, p26, p28, p30, p32, p34, p36, p38, i226, None, None, None]
+2311: guard_value(p236, ConstPtr(ptr239), descr=<Guard0x100762cd8>) [i188, p39, p4, p3, p236, p12, p14, p16, p18, p20, p22, p24, p26, p28, p30, p32, p34, p36, p38, i226, None, None, None]
debug_merge_point(0, 0, '17 line 2')
debug_merge_point(0, 0, '18 gc_bif2 L0. 1. 0. y(0). #2. x(1)')
+2330: p240 = getarrayitem_gc(p64, i228, descr=<ArrayP 8>)
+2349: guard_class(p240, ConstClass(W_IntObject), descr=<Guard0x100762c80>) [i188, p4, p3, p240, p12, p14, p16, p18, p20, p22, p24, p26, p28, p30, p32, p34, p36, p38, i226, None, None, None]
+2362: i242 = getfield_gc_pure(p240, descr=<FieldS pyrlang.interpreter.datatypes.number.W_IntObject.inst_intval 8>)
+2366: i244 = int_sub_ovf(i242, 2)
guard_no_overflow(descr=<Guard0x100762c28>) [i188, p4, p3, i244, p240, p12, p14, p16, p18, p20, p22, p24, p26, p28, p30, p32, p34, p36, p38, i226, None, None, None]
debug_merge_point(0, 0, '19 move x(0). y(0)')
+2376: i246 = int_lt(i228, 0)
guard_false(i246, descr=<Guard0x100762bd0>) [i188, p4, p3, i228, p64, p12, p14, p16, p18, p20, p22, p24, p26, p28, p30, p32, p34, p36, p38, i244, i226, None, None, None]
p248 = new_with_vtable(ConstClass(W_IntObject))
+2397: setfield_gc(p248, i226, descr=<FieldS pyrlang.interpreter.datatypes.number.W_IntObject.inst_intval 8>)
+2440: setarrayitem_gc(p64, i228, p248, descr=<ArrayP 8>)
debug_merge_point(0, 0, '20 move x(1). x(0)')
debug_merge_point(0, 0, '21 line 2')
debug_merge_point(0, 0, '22 call 1. L2')
+2445: setfield_gc(p39, i218, descr=<FieldS pyrlang.interpreter.register.Y_Register.inst_addr_top 16>)
+2456: i249 = int_ge(i218, i73)
guard_false(i249, descr=<Guard0x100762b78>) [i188, p4, p3, i73, p39, p12, p14, p16, p18, p20, p22, p24, p26, p28, p30, p32, p34, p36, p38, i244]
+2515: setarrayitem_gc(p51, i218, ConstPtr(ptr250), descr=<ArrayP 8>)
+2530: i252 = int_sub(i188, 1)
debug_merge_point(0, 0, '3 label 2')
debug_merge_point(0, 0, '4 is_integer L4. x(0)')
debug_merge_point(0, 0, '5 select_val x(0). L4. [(#1. L3). (#0. L3)]')
+2541: i254 = int_eq(i244, 0)
guard_false(i254, descr=<Guard0x100762b20>) [i252, p4, p3, p12, p14, p16, p18, p20, p22, p24, p26, p28, p30, p32, p34, p36, p38, i244]
+2551: i256 = int_eq(i244, 1)
guard_false(i256, descr=<Guard0x100762ac8>) [i252, p4, p3, p12, p14, p16, p18, p20, p22, p24, p26, p28, p30, p32, p34, p36, p38, i244]
debug_merge_point(0, 0, '9 label 4')
debug_merge_point(0, 0, '10 allocate_zero 1. 1')
+2561: setfield_gc(p39, i211, descr=<FieldS pyrlang.interpreter.register.Y_Register.inst_val_top 40>)
+2565: i257 = int_ge(i211, i161)
guard_false(i257, descr=<Guard0x100762a70>) [i252, p4, p3, i211, i161, p39, p12, p14, p16, p18, p20, p22, p24, p26, p28, p30, p32, p34, p36, p38, i244]
+2578: setarrayitem_gc(p64, i211, ConstPtr(ptr163), descr=<ArrayP 8>)
debug_merge_point(0, 0, '11 line 2')
debug_merge_point(0, 0, '12 gc_bif2 L0. 1. 0. x(0). #0. x(1)')
+2593: i259 = int_sub_ovf(i244, 1)
guard_no_overflow(descr=<Guard0x100762a18>) [i252, p4, p3, i259, p12, p14, p16, p18, p20, p22, p24, p26, p28, p30, p32, p34, p36, p38, i244]
debug_merge_point(0, 0, '13 move x(0). y(0)')
p261 = new_with_vtable(ConstClass(W_IntObject))
+2617: setfield_gc(p261, i244, descr=<FieldS pyrlang.interpreter.datatypes.number.W_IntObject.inst_intval 8>)
+2667: setarrayitem_gc(p64, i211, p261, descr=<ArrayP 8>)
debug_merge_point(0, 0, '14 move x(1). x(0)')
debug_merge_point(0, 0, '15 line 2')
debug_merge_point(0, 0, '16 call 1. L2')
+2672: setfield_gc(p39, i139, descr=<FieldS pyrlang.interpreter.register.Y_Register.inst_addr_top 16>)
+2676: i262 = int_ge(i139, i73)
guard_false(i262, descr=<Guard0x1007629c0>) [i252, p4, p3, i73, p39, p12, p14, p16, p18, p20, p22, p24, p26, p28, p30, p32, p34, p36, p38, i259]
+2728: setarrayitem_gc(p51, i139, ConstPtr(ptr263), descr=<ArrayP 8>)
+2743: i265 = int_sub(i252, 1)
debug_merge_point(0, 0, '3 label 2')
debug_merge_point(0, 0, '4 is_integer L4. x(0)')
debug_merge_point(0, 0, '5 select_val x(0). L4. [(#1. L3). (#0. L3)]')
+2747: i267 = int_eq(i259, 0)
guard_false(i267, descr=<Guard0x100762968>) [i265, p4, p3, p12, p14, p16, p18, p20, p22, p24, p26, p28, p30, p32, p34, p36, p38, i259]
+2757: i269 = int_eq(i259, 1)
guard_false(i269, descr=<Guard0x100762910>) [i265, p4, p3, p12, p14, p16, p18, p20, p22, p24, p26, p28, p30, p32, p34, p36, p38, i259]
debug_merge_point(0, 0, '9 label 4')
debug_merge_point(0, 0, '10 allocate_zero 1. 1')
+2767: setfield_gc(p39, i132, descr=<FieldS pyrlang.interpreter.register.Y_Register.inst_val_top 40>)
+2771: i270 = int_ge(i132, i161)
guard_false(i270, descr=<Guard0x1007628b8>) [i265, p4, p3, i132, i161, p39, p12, p14, p16, p18, p20, p22, p24, p26, p28, p30, p32, p34, p36, p38, i259]
+2784: setarrayitem_gc(p64, i132, ConstPtr(ptr163), descr=<ArrayP 8>)
debug_merge_point(0, 0, '11 line 2')
debug_merge_point(0, 0, '12 gc_bif2 L0. 1. 0. x(0). #0. x(1)')
+2799: i272 = int_sub_ovf(i259, 1)
guard_no_overflow(descr=<Guard0x100762860>) [i265, p4, p3, i272, p12, p14, p16, p18, p20, p22, p24, p26, p28, p30, p32, p34, p36, p38, i259]
debug_merge_point(0, 0, '13 move x(0). y(0)')
p274 = new_with_vtable(ConstClass(W_IntObject))
+2824: setfield_gc(p274, i259, descr=<FieldS pyrlang.interpreter.datatypes.number.W_IntObject.inst_intval 8>)
+2868: setarrayitem_gc(p64, i132, p274, descr=<ArrayP 8>)
debug_merge_point(0, 0, '14 move x(1). x(0)')
debug_merge_point(0, 0, '15 line 2')
debug_merge_point(0, 0, '16 call 1. L2')
+2912: setarrayitem_gc(p51, i99, ConstPtr(ptr275), descr=<ArrayP 8>)
+2927: i277 = int_sub(i265, 1)
debug_merge_point(0, 0, '3 label 2')
+2931: setfield_gc(p39, i99, descr=<FieldS pyrlang.interpreter.register.Y_Register.inst_addr_top 16>)
+2935: p278 = same_as(p39)
+2938: label(i277, p3, p4, p39, i272, p12, p14, p16, p18, p20, p22, p24, p26, p28, p30, p32, p34, p36, p38, p51, i99, p278, i139, p64, i132, i218, i211, i235, i228, i73, i161, descr=TargetToken(4302454888))
debug_merge_point(0, 0, '3 label 2')
debug_merge_point(0, 0, '4 is_integer L4. x(0)')
debug_merge_point(0, 0, '5 select_val x(0). L4. [(#1. L3). (#0. L3)]')
+2973: i279 = int_eq(i272, 0)
guard_false(i279, descr=<Guard0x100762808>) [i277, p4, p3, p12, p14, p16, p18, p20, p22, p24, p26, p28, p30, p32, p34, p36, p38, i272]
+2983: i280 = int_eq(i272, 1)
guard_true(i280, descr=<Guard0x1007627b0>) [i277, p4, p3, p12, p14, p16, p18, p20, p22, p24, p26, p28, p30, p32, p34, p36, p38, i272]
debug_merge_point(0, 0, '6 label 3')
debug_merge_point(0, 0, '7 move #0. x(0)')
debug_merge_point(0, 0, '8 return ')
+2993: p281 = getarrayitem_gc(p51, i99, descr=<ArrayP 8>)
+2998: p282 = getfield_gc_pure(p281, descr=<FieldP tuple2.item0 8>)
+3002: i283 = getfield_gc_pure(p281, descr=<FieldS tuple2.item1 16>)
+3006: setfield_gc(p278, i139, descr=<FieldS pyrlang.interpreter.register.Y_Register.inst_addr_top 16>)
+3010: guard_value(i283, 17, descr=<Guard0x100762758>) [i277, i283, p278, p4, p3, p282, p12, p14, p16, p18, p20, p22, p24, p26, p28, p30, p32, p34, p36, p38, None]
+3020: guard_value(p282, ConstPtr(ptr62), descr=<Guard0x100762700>) [i277, p278, p4, p3, p282, p12, p14, p16, p18, p20, p22, p24, p26, p28, p30, p32, p34, p36, p38, None]
debug_merge_point(0, 0, '17 line 2')
debug_merge_point(0, 0, '18 gc_bif2 L0. 1. 0. y(0). #2. x(1)')
+3039: p284 = getarrayitem_gc(p64, i132, descr=<ArrayP 8>)
+3044: guard_class(p284, ConstClass(W_IntObject), descr=<Guard0x1007626a8>) [i277, p4, p3, p284, p12, p14, p16, p18, p20, p22, p24, p26, p28, p30, p32, p34, p36, p38, None]
+3057: i285 = getfield_gc_pure(p284, descr=<FieldS pyrlang.interpreter.datatypes.number.W_IntObject.inst_intval 8>)
+3061: i286 = int_sub_ovf(i285, 2)
guard_no_overflow(descr=<Guard0x100762650>) [i277, p4, p3, i286, p284, p12, p14, p16, p18, p20, p22, p24, p26, p28, p30, p32, p34, p36, p38, None]
debug_merge_point(0, 0, '19 move x(0). y(0)')
+3110: setarrayitem_gc(p64, i132, ConstPtr(ptr72), descr=<ArrayP 8>)
debug_merge_point(0, 0, '20 move x(1). x(0)')
debug_merge_point(0, 0, '21 line 2')
debug_merge_point(0, 0, '22 call 1. L2')
+3164: setarrayitem_gc(p51, i99, ConstPtr(ptr287), descr=<ArrayP 8>)
+3179: i288 = int_sub(i277, 1)
debug_merge_point(0, 0, '3 label 2')
debug_merge_point(0, 0, '4 is_integer L4. x(0)')
debug_merge_point(0, 0, '5 select_val x(0). L4. [(#1. L3). (#0. L3)]')
+3184: setfield_gc(p278, i99, descr=<FieldS pyrlang.interpreter.register.Y_Register.inst_addr_top 16>)
+3188: i289 = int_eq(i286, 0)
guard_true(i289, descr=<Guard0x1007625f8>) [i288, p4, p3, p12, p14, p16, p18, p20, p22, p24, p26, p28, p30, p32, p34, p36, p38, i286]
debug_merge_point(0, 0, '6 label 3')
debug_merge_point(0, 0, '7 move #0. x(0)')
debug_merge_point(0, 0, '8 return ')
+3198: p290 = getarrayitem_gc(p51, i99, descr=<ArrayP 8>)
+3203: p291 = getfield_gc_pure(p290, descr=<FieldP tuple2.item0 8>)
+3207: i292 = getfield_gc_pure(p290, descr=<FieldS tuple2.item1 16>)
+3211: setfield_gc(p278, i139, descr=<FieldS pyrlang.interpreter.register.Y_Register.inst_addr_top 16>)
+3215: guard_value(i292, 23, descr=<Guard0x1007625a0>) [i288, i292, p278, p4, p3, p291, p12, p14, p16, p18, p20, p22, p24, p26, p28, p30, p32, p34, p36, p38, None]
+3225: guard_value(p291, ConstPtr(ptr85), descr=<Guard0x100762548>) [i288, p278, p4, p3, p291, p12, p14, p16, p18, p20, p22, p24, p26, p28, p30, p32, p34, p36, p38, None]
debug_merge_point(0, 0, '23 line 2')
debug_merge_point(0, 0, '24 gc_bif2 L0. 1. 1. y(0). x(0). x(0)')
+3244: p293 = getarrayitem_gc(p64, i132, descr=<ArrayP 8>)
+3249: guard_class(p293, ConstClass(W_IntObject), descr=<Guard0x1007624f0>) [i288, p4, p3, p293, p12, p14, p16, p18, p20, p22, p24, p26, p28, p30, p32, p34, p36, p38, None]
+3263: i294 = getfield_gc_pure(p293, descr=<FieldS pyrlang.interpreter.datatypes.number.W_IntObject.inst_intval 8>)
+3267: i295 = int_add_ovf(i294, 1)
guard_no_overflow(descr=<Guard0x100762498>) [i288, p4, p3, i295, p293, p12, p14, p16, p18, p20, p22, p24, p26, p28, p30, p32, p34, p36, p38, None]
debug_merge_point(0, 0, '25 deallocate 1')
debug_merge_point(0, 0, '26 return ')
+3277: p296 = getarrayitem_gc(p51, i139, descr=<ArrayP 8>)
+3282: p297 = getfield_gc_pure(p296, descr=<FieldP tuple2.item0 8>)
+3286: i298 = getfield_gc_pure(p296, descr=<FieldS tuple2.item1 16>)
+3290: setfield_gc(p278, i218, descr=<FieldS pyrlang.interpreter.register.Y_Register.inst_addr_top 16>)
+3294: setfield_gc(p278, i211, descr=<FieldS pyrlang.interpreter.register.Y_Register.inst_val_top 40>)
+3298: guard_value(i298, 17, descr=<Guard0x100762440>) [i288, i298, p278, p4, p3, p297, p12, p14, p16, p18, p20, p22, p24, p26, p28, p30, p32, p34, p36, p38, i295, None]
+3308: guard_value(p297, ConstPtr(ptr103), descr=<Guard0x1007623e8>) [i288, p278, p4, p3, p297, p12, p14, p16, p18, p20, p22, p24, p26, p28, p30, p32, p34, p36, p38, i295, None]
debug_merge_point(0, 0, '17 line 2')
debug_merge_point(0, 0, '18 gc_bif2 L0. 1. 0. y(0). #2. x(1)')
+3327: p299 = getarrayitem_gc(p64, i211, descr=<ArrayP 8>)
+3332: guard_class(p299, ConstClass(W_IntObject), descr=<Guard0x100762390>) [i288, p4, p3, p299, p12, p14, p16, p18, p20, p22, p24, p26, p28, p30, p32, p34, p36, p38, i295, None]
+3346: i300 = getfield_gc_pure(p299, descr=<FieldS pyrlang.interpreter.datatypes.number.W_IntObject.inst_intval 8>)
+3351: i301 = int_sub_ovf(i300, 2)
guard_no_overflow(descr=<Guard0x100762338>) [i288, p4, p3, i301, p299, p12, p14, p16, p18, p20, p22, p24, p26, p28, p30, p32, p34, p36, p38, i295, None]
debug_merge_point(0, 0, '19 move x(0). y(0)')
p302 = new_with_vtable(ConstClass(W_IntObject))
+3454: setfield_gc(p302, i295, descr=<FieldS pyrlang.interpreter.datatypes.number.W_IntObject.inst_intval 8>)
+3497: setarrayitem_gc(p64, i211, p302, descr=<ArrayP 8>)
debug_merge_point(0, 0, '20 move x(1). x(0)')
debug_merge_point(0, 0, '21 line 2')
debug_merge_point(0, 0, '22 call 1. L2')
+3541: setarrayitem_gc(p51, i139, ConstPtr(ptr303), descr=<ArrayP 8>)
+3556: i304 = int_sub(i288, 1)
debug_merge_point(0, 0, '3 label 2')
debug_merge_point(0, 0, '4 is_integer L4. x(0)')
debug_merge_point(0, 0, '5 select_val x(0). L4. [(#1. L3). (#0. L3)]')
+3560: setfield_gc(p278, i139, descr=<FieldS pyrlang.interpreter.register.Y_Register.inst_addr_top 16>)
+3564: i305 = int_eq(i301, 0)
guard_false(i305, descr=<Guard0x1007622e0>) [i304, p4, p3, p12, p14, p16, p18, p20, p22, p24, p26, p28, p30, p32, p34, p36, p38, i301]
+3578: i306 = int_eq(i301, 1)
guard_true(i306, descr=<Guard0x100762288>) [i304, p4, p3, p12, p14, p16, p18, p20, p22, p24, p26, p28, p30, p32, p34, p36, p38, i301]
debug_merge_point(0, 0, '6 label 3')
debug_merge_point(0, 0, '7 move #0. x(0)')
debug_merge_point(0, 0, '8 return ')
+3592: p307 = getarrayitem_gc(p51, i139, descr=<ArrayP 8>)
+3597: p308 = getfield_gc_pure(p307, descr=<FieldP tuple2.item0 8>)
+3601: i309 = getfield_gc_pure(p307, descr=<FieldS tuple2.item1 16>)
+3605: setfield_gc(p278, i218, descr=<FieldS pyrlang.interpreter.register.Y_Register.inst_addr_top 16>)
+3616: guard_value(i309, 23, descr=<Guard0x100762230>) [i304, i309, p278, p4, p3, p308, p12, p14, p16, p18, p20, p22, p24, p26, p28, p30, p32, p34, p36, p38, None]
+3626: guard_value(p308, ConstPtr(ptr125), descr=<Guard0x1007621d8>) [i304, p278, p4, p3, p308, p12, p14, p16, p18, p20, p22, p24, p26, p28, p30, p32, p34, p36, p38, None]
debug_merge_point(0, 0, '23 line 2')
debug_merge_point(0, 0, '24 gc_bif2 L0. 1. 1. y(0). x(0). x(0)')
+3645: p310 = getarrayitem_gc(p64, i211, descr=<ArrayP 8>)
+3650: guard_class(p310, ConstClass(W_IntObject), descr=<Guard0x100762180>) [i304, p4, p3, p310, p12, p14, p16, p18, p20, p22, p24, p26, p28, p30, p32, p34, p36, p38, None]
+3662: i311 = getfield_gc_pure(p310, descr=<FieldS pyrlang.interpreter.datatypes.number.W_IntObject.inst_intval 8>)
+3666: i312 = int_add_ovf(i311, 1)
guard_no_overflow(descr=<Guard0x100762128>) [i304, p4, p3, i312, p310, p12, p14, p16, p18, p20, p22, p24, p26, p28, p30, p32, p34, p36, p38, None]
debug_merge_point(0, 0, '25 deallocate 1')
debug_merge_point(0, 0, '26 return ')
+3676: p313 = getarrayitem_gc(p51, i218, descr=<ArrayP 8>)
+3681: p314 = getfield_gc_pure(p313, descr=<FieldP tuple2.item0 8>)
+3685: i315 = getfield_gc_pure(p313, descr=<FieldS tuple2.item1 16>)
+3689: setfield_gc(p278, i235, descr=<FieldS pyrlang.interpreter.register.Y_Register.inst_addr_top 16>)
+3700: setfield_gc(p278, i228, descr=<FieldS pyrlang.interpreter.register.Y_Register.inst_val_top 40>)
+3711: guard_value(i315, 17, descr=<Guard0x1007620d0>) [i304, i315, p278, p4, p3, p314, p12, p14, p16, p18, p20, p22, p24, p26, p28, p30, p32, p34, p36, p38, i312, None]
+3721: guard_value(p314, ConstPtr(ptr143), descr=<Guard0x100762078>) [i304, p278, p4, p3, p314, p12, p14, p16, p18, p20, p22, p24, p26, p28, p30, p32, p34, p36, p38, i312, None]
debug_merge_point(0, 0, '17 line 2')
debug_merge_point(0, 0, '18 gc_bif2 L0. 1. 0. y(0). #2. x(1)')
+3740: p316 = getarrayitem_gc(p64, i228, descr=<ArrayP 8>)
+3745: guard_class(p316, ConstClass(W_IntObject), descr=<Guard0x100762020>) [i304, p4, p3, p316, p12, p14, p16, p18, p20, p22, p24, p26, p28, p30, p32, p34, p36, p38, i312, None]
+3759: i317 = getfield_gc_pure(p316, descr=<FieldS pyrlang.interpreter.datatypes.number.W_IntObject.inst_intval 8>)
+3763: i318 = int_sub_ovf(i317, 2)
guard_no_overflow(descr=<Guard0x100717f68>) [i304, p4, p3, i318, p316, p12, p14, p16, p18, p20, p22, p24, p26, p28, p30, p32, p34, p36, p38, i312, None]
debug_merge_point(0, 0, '19 move x(0). y(0)')
p319 = new_with_vtable(ConstClass(W_IntObject))
+3785: setfield_gc(p319, i312, descr=<FieldS pyrlang.interpreter.datatypes.number.W_IntObject.inst_intval 8>)
+3828: setarrayitem_gc(p64, i228, p319, descr=<ArrayP 8>)
debug_merge_point(0, 0, '20 move x(1). x(0)')
debug_merge_point(0, 0, '21 line 2')
debug_merge_point(0, 0, '22 call 1. L2')
+3872: setarrayitem_gc(p51, i218, ConstPtr(ptr320), descr=<ArrayP 8>)
+3887: i321 = int_sub(i304, 1)
debug_merge_point(0, 0, '3 label 2')
debug_merge_point(0, 0, '4 is_integer L4. x(0)')
debug_merge_point(0, 0, '5 select_val x(0). L4. [(#1. L3). (#0. L3)]')
+3891: setfield_gc(p278, i218, descr=<FieldS pyrlang.interpreter.register.Y_Register.inst_addr_top 16>)
+3895: i322 = int_eq(i318, 0)
guard_false(i322, descr=<Guard0x100717f10>) [i321, p4, p3, p12, p14, p16, p18, p20, p22, p24, p26, p28, p30, p32, p34, p36, p38, i318]
+3905: i323 = int_eq(i318, 1)
guard_false(i323, descr=<Guard0x100717eb8>) [i321, p4, p3, p12, p14, p16, p18, p20, p22, p24, p26, p28, p30, p32, p34, p36, p38, i318]
debug_merge_point(0, 0, '9 label 4')
debug_merge_point(0, 0, '10 allocate_zero 1. 1')
+3915: setarrayitem_gc(p64, i211, ConstPtr(ptr163), descr=<ArrayP 8>)
debug_merge_point(0, 0, '11 line 2')
debug_merge_point(0, 0, '12 gc_bif2 L0. 1. 0. x(0). #0. x(1)')
+3930: setfield_gc(p278, i211, descr=<FieldS pyrlang.interpreter.register.Y_Register.inst_val_top 40>)
+3934: i324 = int_sub_ovf(i318, 1)
guard_no_overflow(descr=<Guard0x100717e60>) [i321, p4, p3, i324, p12, p14, p16, p18, p20, p22, p24, p26, p28, p30, p32, p34, p36, p38, i318]
debug_merge_point(0, 0, '13 move x(0). y(0)')
p325 = new_with_vtable(ConstClass(W_IntObject))
+3958: setfield_gc(p325, i318, descr=<FieldS pyrlang.interpreter.datatypes.number.W_IntObject.inst_intval 8>)
+4001: setarrayitem_gc(p64, i211, p325, descr=<ArrayP 8>)
debug_merge_point(0, 0, '14 move x(1). x(0)')
debug_merge_point(0, 0, '15 line 2')
debug_merge_point(0, 0, '16 call 1. L2')
+4045: setarrayitem_gc(p51, i139, ConstPtr(ptr326), descr=<ArrayP 8>)
+4060: i327 = int_sub(i321, 1)
debug_merge_point(0, 0, '3 label 2')
debug_merge_point(0, 0, '4 is_integer L4. x(0)')
debug_merge_point(0, 0, '5 select_val x(0). L4. [(#1. L3). (#0. L3)]')
+4065: setfield_gc(p278, i139, descr=<FieldS pyrlang.interpreter.register.Y_Register.inst_addr_top 16>)
+4069: i328 = int_eq(i324, 0)
guard_false(i328, descr=<Guard0x100717e08>) [i327, p4, p3, p12, p14, p16, p18, p20, p22, p24, p26, p28, p30, p32, p34, p36, p38, i324]
+4079: i329 = int_eq(i324, 1)
guard_true(i329, descr=<Guard0x100717db0>) [i327, p4, p3, p12, p14, p16, p18, p20, p22, p24, p26, p28, p30, p32, p34, p36, p38, i324]
debug_merge_point(0, 0, '6 label 3')
debug_merge_point(0, 0, '7 move #0. x(0)')
debug_merge_point(0, 0, '8 return ')
+4089: p330 = getarrayitem_gc(p51, i139, descr=<ArrayP 8>)
+4094: p331 = getfield_gc_pure(p330, descr=<FieldP tuple2.item0 8>)
+4098: i332 = getfield_gc_pure(p330, descr=<FieldS tuple2.item1 16>)
+4102: setfield_gc(p278, i218, descr=<FieldS pyrlang.interpreter.register.Y_Register.inst_addr_top 16>)
+4106: guard_value(i332, 17, descr=<Guard0x100717d58>) [i327, i332, p278, p4, p3, p331, p12, p14, p16, p18, p20, p22, p24, p26, p28, p30, p32, p34, p36, p38, None]
+4116: guard_value(p331, ConstPtr(ptr179), descr=<Guard0x100717d00>) [i327, p278, p4, p3, p331, p12, p14, p16, p18, p20, p22, p24, p26, p28, p30, p32, p34, p36, p38, None]
debug_merge_point(0, 0, '17 line 2')
debug_merge_point(0, 0, '18 gc_bif2 L0. 1. 0. y(0). #2. x(1)')
+4135: p333 = getarrayitem_gc(p64, i211, descr=<ArrayP 8>)
+4140: guard_class(p333, ConstClass(W_IntObject), descr=<Guard0x100717ca8>) [i327, p4, p3, p333, p12, p14, p16, p18, p20, p22, p24, p26, p28, p30, p32, p34, p36, p38, None]
+4154: i334 = getfield_gc_pure(p333, descr=<FieldS pyrlang.interpreter.datatypes.number.W_IntObject.inst_intval 8>)
+4159: i335 = int_sub_ovf(i334, 2)
guard_no_overflow(descr=<Guard0x100717c50>) [i327, p4, p3, i335, p333, p12, p14, p16, p18, p20, p22, p24, p26, p28, p30, p32, p34, p36, p38, None]
debug_merge_point(0, 0, '19 move x(0). y(0)')
+4208: setarrayitem_gc(p64, i211, ConstPtr(ptr185), descr=<ArrayP 8>)
debug_merge_point(0, 0, '20 move x(1). x(0)')
debug_merge_point(0, 0, '21 line 2')
debug_merge_point(0, 0, '22 call 1. L2')
+4262: setarrayitem_gc(p51, i139, ConstPtr(ptr336), descr=<ArrayP 8>)
+4277: i337 = int_sub(i327, 1)
debug_merge_point(0, 0, '3 label 2')
debug_merge_point(0, 0, '4 is_integer L4. x(0)')
debug_merge_point(0, 0, '5 select_val x(0). L4. [(#1. L3). (#0. L3)]')
+4281: setfield_gc(p278, i139, descr=<FieldS pyrlang.interpreter.register.Y_Register.inst_addr_top 16>)
+4285: i338 = int_eq(i335, 0)
guard_true(i338, descr=<Guard0x100717bf8>) [i337, p4, p3, p12, p14, p16, p18, p20, p22, p24, p26, p28, p30, p32, p34, p36, p38, i335]
debug_merge_point(0, 0, '6 label 3')
debug_merge_point(0, 0, '7 move #0. x(0)')
debug_merge_point(0, 0, '8 return ')
+4295: p339 = getarrayitem_gc(p51, i139, descr=<ArrayP 8>)
+4300: p340 = getfield_gc_pure(p339, descr=<FieldP tuple2.item0 8>)
+4304: i341 = getfield_gc_pure(p339, descr=<FieldS tuple2.item1 16>)
+4308: setfield_gc(p278, i218, descr=<FieldS pyrlang.interpreter.register.Y_Register.inst_addr_top 16>)
+4312: guard_value(i341, 23, descr=<Guard0x100717ba0>) [i337, i341, p278, p4, p3, p340, p12, p14, p16, p18, p20, p22, p24, p26, p28, p30, p32, p34, p36, p38, None]
+4322: guard_value(p340, ConstPtr(ptr195), descr=<Guard0x100717b48>) [i337, p278, p4, p3, p340, p12, p14, p16, p18, p20, p22, p24, p26, p28, p30, p32, p34, p36, p38, None]
debug_merge_point(0, 0, '23 line 2')
debug_merge_point(0, 0, '24 gc_bif2 L0. 1. 1. y(0). x(0). x(0)')
+4341: p342 = getarrayitem_gc(p64, i211, descr=<ArrayP 8>)
+4346: guard_class(p342, ConstClass(W_IntObject), descr=<Guard0x100717af0>) [i337, p4, p3, p342, p12, p14, p16, p18, p20, p22, p24, p26, p28, p30, p32, p34, p36, p38, None]
+4359: i343 = getfield_gc_pure(p342, descr=<FieldS pyrlang.interpreter.datatypes.number.W_IntObject.inst_intval 8>)
+4363: i344 = int_add_ovf(i343, 1)
guard_no_overflow(descr=<Guard0x100717a98>) [i337, p4, p3, i344, p342, p12, p14, p16, p18, p20, p22, p24, p26, p28, p30, p32, p34, p36, p38, None]
debug_merge_point(0, 0, '25 deallocate 1')
debug_merge_point(0, 0, '26 return ')
+4373: p345 = getarrayitem_gc(p51, i218, descr=<ArrayP 8>)
+4378: p346 = getfield_gc_pure(p345, descr=<FieldP tuple2.item0 8>)
+4382: i347 = getfield_gc_pure(p345, descr=<FieldS tuple2.item1 16>)
+4386: setfield_gc(p278, i235, descr=<FieldS pyrlang.interpreter.register.Y_Register.inst_addr_top 16>)
+4390: setfield_gc(p278, i228, descr=<FieldS pyrlang.interpreter.register.Y_Register.inst_val_top 40>)
+4394: guard_value(i347, 23, descr=<Guard0x100717a40>) [i337, i347, p278, p4, p3, p346, p12, p14, p16, p18, p20, p22, p24, p26, p28, p30, p32, p34, p36, p38, i344, None]
+4404: guard_value(p346, ConstPtr(ptr205), descr=<Guard0x1007179e8>) [i337, p278, p4, p3, p346, p12, p14, p16, p18, p20, p22, p24, p26, p28, p30, p32, p34, p36, p38, i344, None]
debug_merge_point(0, 0, '23 line 2')
debug_merge_point(0, 0, '24 gc_bif2 L0. 1. 1. y(0). x(0). x(0)')
+4423: p348 = getarrayitem_gc(p64, i228, descr=<ArrayP 8>)
+4428: guard_class(p348, ConstClass(W_IntObject), descr=<Guard0x100717990>) [i337, p4, p3, p348, p12, p14, p16, p18, p20, p22, p24, p26, p28, p30, p32, p34, p36, p38, i344, None]
+4440: i349 = getfield_gc_pure(p348, descr=<FieldS pyrlang.interpreter.datatypes.number.W_IntObject.inst_intval 8>)
+4444: i350 = int_add_ovf(i349, i344)
guard_no_overflow(descr=<Guard0x100717938>) [i337, p4, p3, i350, p348, p12, p14, p16, p18, p20, p22, p24, p26, p28, p30, p32, p34, p36, p38, i344, None]
debug_merge_point(0, 0, '25 deallocate 1')
+4453: i351 = int_sub(i228, 1)
debug_merge_point(0, 0, '26 return ')
+4457: setfield_gc(p278, i351, descr=<FieldS pyrlang.interpreter.register.Y_Register.inst_val_top 40>)
+4461: i352 = int_eq(i235, -1)
guard_false(i352, descr=<Guard0x1007178e0>) [i337, p278, p4, p3, p12, p14, p16, p18, p20, p22, p24, p26, p28, p30, p32, p34, p36, p38, i350, None, None]
+4471: i353 = int_lt(i235, 0)
guard_false(i353, descr=<Guard0x100717888>) [i235, i337, p278, p51, p4, p3, p12, p14, p16, p18, p20, p22, p24, p26, p28, p30, p32, p34, p36, p38, i350, None, None]
+4481: p354 = getarrayitem_gc(p51, i235, descr=<ArrayP 8>)
+4486: i355 = int_sub(i235, 1)
+4490: p356 = getfield_gc_pure(p354, descr=<FieldP tuple2.item0 8>)
+4494: i357 = getfield_gc_pure(p354, descr=<FieldS tuple2.item1 16>)
+4505: setfield_gc(p278, i355, descr=<FieldS pyrlang.interpreter.register.Y_Register.inst_addr_top 16>)
+4509: guard_value(i357, 23, descr=<Guard0x100717830>) [i337, i357, p278, p4, p3, p356, p12, p14, p16, p18, p20, p22, p24, p26, p28, p30, p32, p34, p36, p38, i350, None, None]
+4519: guard_value(p356, ConstPtr(ptr222), descr=<Guard0x1007177d8>) [i337, p278, p4, p3, p356, p12, p14, p16, p18, p20, p22, p24, p26, p28, p30, p32, p34, p36, p38, i350, None, None]
debug_merge_point(0, 0, '23 line 2')
debug_merge_point(0, 0, '24 gc_bif2 L0. 1. 1. y(0). x(0). x(0)')
+4538: p358 = getarrayitem_gc(p64, i351, descr=<ArrayP 8>)
+4543: guard_class(p358, ConstClass(W_IntObject), descr=<Guard0x100717780>) [i337, p4, p3, p358, p12, p14, p16, p18, p20, p22, p24, p26, p28, p30, p32, p34, p36, p38, i350, None, None]
+4556: i359 = getfield_gc_pure(p358, descr=<FieldS pyrlang.interpreter.datatypes.number.W_IntObject.inst_intval 8>)
+4560: i360 = int_add_ovf(i359, i350)
guard_no_overflow(descr=<Guard0x100717728>) [i337, p4, p3, i360, p358, p12, p14, p16, p18, p20, p22, p24, p26, p28, p30, p32, p34, p36, p38, i350, None, None]
debug_merge_point(0, 0, '25 deallocate 1')
+4569: i361 = int_sub(i351, 1)
debug_merge_point(0, 0, '26 return ')
+4573: setfield_gc(p278, i361, descr=<FieldS pyrlang.interpreter.register.Y_Register.inst_val_top 40>)
+4577: i362 = int_eq(i355, -1)
guard_false(i362, descr=<Guard0x1007176d0>) [i337, p278, p4, p3, p12, p14, p16, p18, p20, p22, p24, p26, p28, p30, p32, p34, p36, p38, i360, None, None, None]
+4587: i363 = int_lt(i355, 0)
guard_false(i363, descr=<Guard0x100717678>) [i355, i337, p278, p51, p4, p3, p12, p14, p16, p18, p20, p22, p24, p26, p28, p30, p32, p34, p36, p38, i360, None, None, None]
+4597: p364 = getarrayitem_gc(p51, i355, descr=<ArrayP 8>)
+4609: i365 = int_sub(i355, 1)
+4620: p366 = getfield_gc_pure(p364, descr=<FieldP tuple2.item0 8>)
+4631: i367 = getfield_gc_pure(p364, descr=<FieldS tuple2.item1 16>)
+4635: setfield_gc(p278, i365, descr=<FieldS pyrlang.interpreter.register.Y_Register.inst_addr_top 16>)
+4646: guard_value(i367, 17, descr=<Guard0x100717620>) [i337, i367, p278, p4, p3, p366, p12, p14, p16, p18, p20, p22, p24, p26, p28, p30, p32, p34, p36, p38, i360, None, None, None]
+4656: guard_value(p366, ConstPtr(ptr239), descr=<Guard0x1007175c8>) [i337, p278, p4, p3, p366, p12, p14, p16, p18, p20, p22, p24, p26, p28, p30, p32, p34, p36, p38, i360, None, None, None]
debug_merge_point(0, 0, '17 line 2')
debug_merge_point(0, 0, '18 gc_bif2 L0. 1. 0. y(0). #2. x(1)')
+4675: p368 = getarrayitem_gc(p64, i361, descr=<ArrayP 8>)
+4687: guard_class(p368, ConstClass(W_IntObject), descr=<Guard0x100717570>) [i337, p4, p3, p368, p12, p14, p16, p18, p20, p22, p24, p26, p28, p30, p32, p34, p36, p38, i360, None, None, None]
+4700: i369 = getfield_gc_pure(p368, descr=<FieldS pyrlang.interpreter.datatypes.number.W_IntObject.inst_intval 8>)
+4704: i370 = int_sub_ovf(i369, 2)
guard_no_overflow(descr=<Guard0x100717518>) [i337, p4, p3, i370, p368, p12, p14, p16, p18, p20, p22, p24, p26, p28, p30, p32, p34, p36, p38, i360, None, None, None]
debug_merge_point(0, 0, '19 move x(0). y(0)')
+4714: i371 = int_lt(i361, 0)
guard_false(i371, descr=<Guard0x1007174c0>) [i337, p4, p3, i361, p64, p12, p14, p16, p18, p20, p22, p24, p26, p28, p30, p32, p34, p36, p38, i370, i360, None, None, None]
p372 = new_with_vtable(ConstClass(W_IntObject))
+4735: setfield_gc(p372, i360, descr=<FieldS pyrlang.interpreter.datatypes.number.W_IntObject.inst_intval 8>)
+4780: setarrayitem_gc(p64, i361, p372, descr=<ArrayP 8>)
debug_merge_point(0, 0, '20 move x(1). x(0)')
debug_merge_point(0, 0, '21 line 2')
debug_merge_point(0, 0, '22 call 1. L2')
+4785: setfield_gc(p278, i355, descr=<FieldS pyrlang.interpreter.register.Y_Register.inst_addr_top 16>)
+4789: i373 = int_ge(i355, i73)
guard_false(i373, descr=<Guard0x100717468>) [i337, p4, p3, i73, p278, p12, p14, p16, p18, p20, p22, p24, p26, p28, p30, p32, p34, p36, p38, i370]
+4843: setarrayitem_gc(p51, i355, ConstPtr(ptr374), descr=<ArrayP 8>)
+4858: i375 = int_sub(i337, 1)
debug_merge_point(0, 0, '3 label 2')
debug_merge_point(0, 0, '4 is_integer L4. x(0)')
debug_merge_point(0, 0, '5 select_val x(0). L4. [(#1. L3). (#0. L3)]')
+4863: i376 = int_eq(i370, 0)
guard_false(i376, descr=<Guard0x100717410>) [i375, p4, p3, p12, p14, p16, p18, p20, p22, p24, p26, p28, p30, p32, p34, p36, p38, i370]
+4873: i377 = int_eq(i370, 1)
guard_false(i377, descr=<Guard0x1007173b8>) [i375, p4, p3, p12, p14, p16, p18, p20, p22, p24, p26, p28, p30, p32, p34, p36, p38, i370]
debug_merge_point(0, 0, '9 label 4')
debug_merge_point(0, 0, '10 allocate_zero 1. 1')
+4883: setfield_gc(p278, i351, descr=<FieldS pyrlang.interpreter.register.Y_Register.inst_val_top 40>)
+4887: i378 = int_ge(i351, i161)
guard_false(i378, descr=<Guard0x100717360>) [i375, p4, p3, i351, i161, p278, p12, p14, p16, p18, p20, p22, p24, p26, p28, p30, p32, p34, p36, p38, i370]
+4900: setarrayitem_gc(p64, i351, ConstPtr(ptr163), descr=<ArrayP 8>)
debug_merge_point(0, 0, '11 line 2')
debug_merge_point(0, 0, '12 gc_bif2 L0. 1. 0. x(0). #0. x(1)')
+4915: i379 = int_sub_ovf(i370, 1)
guard_no_overflow(descr=<Guard0x100717308>) [i375, p4, p3, i379, p12, p14, p16, p18, p20, p22, p24, p26, p28, p30, p32, p34, p36, p38, i370]
debug_merge_point(0, 0, '13 move x(0). y(0)')
p380 = new_with_vtable(ConstClass(W_IntObject))
+4939: setfield_gc(p380, i370, descr=<FieldS pyrlang.interpreter.datatypes.number.W_IntObject.inst_intval 8>)
+4984: setarrayitem_gc(p64, i351, p380, descr=<ArrayP 8>)
debug_merge_point(0, 0, '14 move x(1). x(0)')
debug_merge_point(0, 0, '15 line 2')
debug_merge_point(0, 0, '16 call 1. L2')
+4989: setfield_gc(p278, i235, descr=<FieldS pyrlang.interpreter.register.Y_Register.inst_addr_top 16>)
+5000: i381 = int_ge(i235, i73)
guard_false(i381, descr=<Guard0x1007172b0>) [i375, p4, p3, i73, p278, p12, p14, p16, p18, p20, p22, p24, p26, p28, p30, p32, p34, p36, p38, i379]
+5054: setarrayitem_gc(p51, i235, ConstPtr(ptr382), descr=<ArrayP 8>)
+5069: i383 = int_sub(i375, 1)
debug_merge_point(0, 0, '3 label 2')
debug_merge_point(0, 0, '4 is_integer L4. x(0)')
debug_merge_point(0, 0, '5 select_val x(0). L4. [(#1. L3). (#0. L3)]')
+5073: i384 = int_eq(i379, 0)
guard_false(i384, descr=<Guard0x100717258>) [i383, p4, p3, p12, p14, p16, p18, p20, p22, p24, p26, p28, p30, p32, p34, p36, p38, i379]
+5083: i385 = int_eq(i379, 1)
guard_false(i385, descr=<Guard0x100717200>) [i383, p4, p3, p12, p14, p16, p18, p20, p22, p24, p26, p28, p30, p32, p34, p36, p38, i379]
debug_merge_point(0, 0, '9 label 4')
debug_merge_point(0, 0, '10 allocate_zero 1. 1')
+5093: setfield_gc(p278, i228, descr=<FieldS pyrlang.interpreter.register.Y_Register.inst_val_top 40>)
+5097: i386 = int_ge(i228, i161)
guard_false(i386, descr=<Guard0x1007171a8>) [i383, p4, p3, i228, i161, p278, p12, p14, p16, p18, p20, p22, p24, p26, p28, p30, p32, p34, p36, p38, i379]
+5110: setarrayitem_gc(p64, i228, ConstPtr(ptr163), descr=<ArrayP 8>)
debug_merge_point(0, 0, '11 line 2')
debug_merge_point(0, 0, '12 gc_bif2 L0. 1. 0. x(0). #0. x(1)')
+5125: i387 = int_sub_ovf(i379, 1)
guard_no_overflow(descr=<Guard0x100717150>) [i383, p4, p3, i387, p12, p14, p16, p18, p20, p22, p24, p26, p28, p30, p32, p34, p36, p38, i379]
debug_merge_point(0, 0, '13 move x(0). y(0)')
p388 = new_with_vtable(ConstClass(W_IntObject))
+5149: setfield_gc(p388, i379, descr=<FieldS pyrlang.interpreter.datatypes.number.W_IntObject.inst_intval 8>)
+5201: setarrayitem_gc(p64, i228, p388, descr=<ArrayP 8>)
debug_merge_point(0, 0, '14 move x(1). x(0)')
debug_merge_point(0, 0, '15 line 2')
debug_merge_point(0, 0, '16 call 1. L2')
+5254: setarrayitem_gc(p51, i218, ConstPtr(ptr389), descr=<ArrayP 8>)
+5269: i390 = int_sub(i383, 1)
debug_merge_point(0, 0, '3 label 2')
+5273: setfield_gc(p278, i218, descr=<FieldS pyrlang.interpreter.register.Y_Register.inst_addr_top 16>)
+5277: jump(i390, p3, p4, p278, i387, p12, p14, p16, p18, p20, p22, p24, p26, p28, p30, p32, p34, p36, p38, p51, i218, p278, i235, p64, i228, i355, i351, i365, i361, i73, i161, descr=TargetToken(4302454888))
+5344: --end of the loop--
[f636fc6a7230e] jit-log-opt-loop}
[f636fc6e91696] {jit-log-opt-bridge
# bridge out of Guard 0x1007683e8 with 60 ops
[i0, i1, i2, p3, p4, p5, p6, p7, p8, p9, p10, p11, p12, p13, p14, p15, p16, p17, p18, p19, p20]
+59: p21 = getfield_gc(p4, descr=<FieldP pyrlang.interpreter.interp.Process.inst_y_reg 80>)
debug_merge_point(0, 0, '9 label 4')
debug_merge_point(0, 0, '10 allocate_zero 1. 1')
+63: i22 = getfield_gc(p21, descr=<FieldS pyrlang.interpreter.register.Y_Register.inst_val_top 40>)
+67: i24 = int_add(i22, 1)
+71: i25 = getfield_gc(p21, descr=<FieldS pyrlang.interpreter.register.Y_Register.inst_val_size 32>)
+75: setfield_gc(p21, i24, descr=<FieldS pyrlang.interpreter.register.Y_Register.inst_val_top 40>)
+79: i26 = int_ge(i24, i25)
guard_false(i26, descr=<Guard0x100768548>) [i0, i1, i2, p3, p4, i24, i25, p21, p5, p6, p7, p8, p9, p10, p11, p12, p13, p14, p15, p16, p17, p18, p19, p20]
+88: p27 = getfield_gc(p21, descr=<FieldP pyrlang.interpreter.register.Y_Register.inst_vals 48>)
+92: i29 = int_lt(i24, 0)
guard_false(i29, descr=<Guard0x100768b78>) [i0, i1, i2, p3, p4, i24, p27, p21, p5, p6, p7, p8, p9, p10, p11, p12, p13, p14, p15, p16, p17, p18, p19, p20]
+102: setarrayitem_gc(p27, i24, ConstPtr(ptr30), descr=<ArrayP 8>)
debug_merge_point(0, 0, '11 line 2')
debug_merge_point(0, 0, '12 gc_bif2 L0. 1. 0. x(0). #0. x(1)')
+117: p31 = getfield_gc(p4, descr=<FieldP pyrlang.interpreter.interp.Process.inst_x_reg 72>)
+121: i32 = ptr_eq(p31, p3)
guard_true(i32, descr=<Guard0x100768b20>) [i0, i1, i2, p3, p4, p31, p5, p6, p7, p8, p9, p10, p11, p12, p13, p14, p15, p16, p17, p18, p19, p20]
+134: guard_class(p5, ConstClass(W_IntObject), descr=<Guard0x100768ac8>) [i0, i1, i2, p3, p4, p5, p6, p7, p8, p9, p10, p11, p12, p13, p14, p15, p16, p17, p18, p19, p20]
+146: i34 = getfield_gc_pure(p5, descr=<FieldS pyrlang.interpreter.datatypes.number.W_IntObject.inst_intval 8>)
+150: i36 = int_sub_ovf(i34, 1)
guard_no_overflow(descr=<Guard0x100768a70>) [i0, i1, i2, p3, p4, i36, p5, p6, p7, p8, p9, p10, p11, p12, p13, p14, p15, p16, p17, p18, p19, p20]
debug_merge_point(0, 0, '13 move x(0). y(0)')
+201: setarrayitem_gc(p27, i24, p5, descr=<ArrayP 8>)
debug_merge_point(0, 0, '14 move x(1). x(0)')
debug_merge_point(0, 0, '15 line 2')
debug_merge_point(0, 0, '16 call 1. L2')
+206: i38 = int_eq(17, i2)
+222: i39 = getfield_gc(p21, descr=<FieldS pyrlang.interpreter.register.Y_Register.inst_addr_top 16>)
+226: i41 = int_add(i39, 1)
+230: i42 = getfield_gc(p21, descr=<FieldS pyrlang.interpreter.register.Y_Register.inst_addr_size 8>)
+234: setfield_gc(p21, i41, descr=<FieldS pyrlang.interpreter.register.Y_Register.inst_addr_top 16>)
+238: i43 = int_ge(i41, i42)
guard_false(i43, descr=<Guard0x100768a18>) [i38, i2, i0, i1, p3, p4, i42, p21, p7, p8, p9, p10, p11, p12, p13, p14, p15, p16, p17, p18, p19, p20, i36]
+247: p44 = getfield_gc(p21, descr=<FieldP pyrlang.interpreter.register.Y_Register.inst_addrs 24>)
+251: i46 = int_lt(i41, 0)
guard_false(i46, descr=<Guard0x1007689c0>) [i38, i2, i0, i1, p3, p4, i41, p44, p7, p8, p9, p10, p11, p12, p13, p14, p15, p16, p17, p18, p19, p20, i36]
+300: setarrayitem_gc(p44, i41, ConstPtr(ptr47), descr=<ArrayP 8>)
+315: i49 = int_sub(i1, 1)
+326: guard_true(i0, descr=<Guard0x100768968>) [i38, i2, i49, p3, p4, p7, p8, p9, p10, p11, p12, p13, p14, p15, p16, p17, p18, p19, p20, i36]
+349: guard_true(i38, descr=<Guard0x100768910>) [i2, i49, p3, p4, p7, p8, p9, p10, p11, p12, p13, p14, p15, p16, p17, p18, p19, p20, i36]
debug_merge_point(0, 0, '3 label 2')
+358: i51 = int_ge(i41, 2)
guard_true(i51, descr=<Guard0x1007688b8>) [i49, p21, p3, p4, p7, p8, p9, p10, p11, p12, p13, p14, p15, p16, p17, p18, p19, p20, i36]
+368: i53 = int_ge(i24, 2)
guard_true(i53, descr=<Guard0x100768860>) [i49, p21, p3, p4, p7, p8, p9, p10, p11, p12, p13, p14, p15, p16, p17, p18, p19, p20, i36]
+378: i55 = int_ge(i42, 2)
guard_true(i55, descr=<Guard0x100768808>) [i49, p21, p3, p4, p7, p8, p9, p10, p11, p12, p13, p14, p15, p16, p17, p18, p19, p20, i36]
+388: i57 = int_sub(i39, 1)
+392: i58 = int_ge(i39, i42)
guard_false(i58, descr=<Guard0x1007687b0>) [i49, p21, p3, p4, p7, p8, p9, p10, p11, p12, p13, p14, p15, p16, p17, p18, p19, p20, i36]
+401: i60 = int_sub(i22, 1)
+405: i62 = int_sub(i57, 1)
+416: i63 = int_ge(i57, i42)
guard_false(i63, descr=<Guard0x100768758>) [i49, p21, p3, p4, p7, p8, p9, p10, p11, p12, p13, p14, p15, p16, p17, p18, p19, p20, i36]
+425: i65 = int_ge(i25, 3)
guard_true(i65, descr=<Guard0x100768700>) [i49, p21, p3, p4, p7, p8, p9, p10, p11, p12, p13, p14, p15, p16, p17, p18, p19, p20, i36]
+435: i66 = int_ge(i22, i25)
guard_false(i66, descr=<Guard0x1007686a8>) [i49, p21, p3, p4, p7, p8, p9, p10, p11, p12, p13, p14, p15, p16, p17, p18, p19, p20, i36]
+444: jump(i49, p4, p3, p21, i36, p7, p8, p9, p10, p11, p12, p13, p14, p15, p16, p17, p18, p19, p20, p44, i41, p21, i39, p27, i24, i57, i22, i62, i60, i42, i25, descr=TargetToken(4302454888))
+544: --end of the loop--
[f636fc6ef0fc4] jit-log-opt-bridge}
[f636fc72dd999] {jit-log-opt-bridge
# bridge out of Guard 0x1007627b0 with 57 ops
[i0, p1, p2, p3, p4, p5, p6, p7, p8, p9, p10, p11, p12, p13, p14, p15, p16, i17]
+59: p18 = getfield_gc(p2, descr=<FieldP pyrlang.interpreter.interp.Process.inst_y_reg 80>)
debug_merge_point(0, 0, '9 label 4')
debug_merge_point(0, 0, '10 allocate_zero 1. 1')
+70: i19 = getfield_gc(p18, descr=<FieldS pyrlang.interpreter.register.Y_Register.inst_val_top 40>)
+74: i21 = int_add(i19, 1)
+78: i22 = getfield_gc(p18, descr=<FieldS pyrlang.interpreter.register.Y_Register.inst_val_size 32>)
+82: setfield_gc(p18, i21, descr=<FieldS pyrlang.interpreter.register.Y_Register.inst_val_top 40>)
+86: i23 = int_ge(i21, i22)
guard_false(i23, descr=<Guard0x100768c80>) [i0, p1, p2, i21, i22, p18, p3, p4, p5, p6, p7, p8, p9, p10, p11, p12, p13, p14, p15, p16, i17]
+95: p24 = getfield_gc(p18, descr=<FieldP pyrlang.interpreter.register.Y_Register.inst_vals 48>)
+99: i26 = int_lt(i21, 0)
guard_false(i26, descr=<Guard0x1007691a8>) [i0, p1, p2, i21, p24, p18, p3, p4, p5, p6, p7, p8, p9, p10, p11, p12, p13, p14, p15, p16, i17]
+109: setarrayitem_gc(p24, i21, ConstPtr(ptr27), descr=<ArrayP 8>)
debug_merge_point(0, 0, '11 line 2')
debug_merge_point(0, 0, '12 gc_bif2 L0. 1. 0. x(0). #0. x(1)')
+124: p28 = getfield_gc(p2, descr=<FieldP pyrlang.interpreter.interp.Process.inst_x_reg 72>)
+128: i29 = ptr_eq(p28, p1)
guard_true(i29, descr=<Guard0x100769150>) [i0, p1, p2, p28, p3, p4, p5, p6, p7, p8, p9, p10, p11, p12, p13, p14, p15, p16, i17]
+141: i31 = int_sub_ovf(i17, 1)
guard_no_overflow(descr=<Guard0x1007690f8>) [i0, p1, p2, i31, p3, p4, p5, p6, p7, p8, p9, p10, p11, p12, p13, p14, p15, p16, i17]
debug_merge_point(0, 0, '13 move x(0). y(0)')
p33 = new_with_vtable(ConstClass(W_IntObject))
+240: setfield_gc(p33, i17, descr=<FieldS pyrlang.interpreter.datatypes.number.W_IntObject.inst_intval 8>)
+290: setarrayitem_gc(p24, i21, p33, descr=<ArrayP 8>)
debug_merge_point(0, 0, '14 move x(1). x(0)')
debug_merge_point(0, 0, '15 line 2')
debug_merge_point(0, 0, '16 call 1. L2')
+295: i34 = getfield_gc(p18, descr=<FieldS pyrlang.interpreter.register.Y_Register.inst_addr_top 16>)
+299: i36 = int_add(i34, 1)
+303: i37 = getfield_gc(p18, descr=<FieldS pyrlang.interpreter.register.Y_Register.inst_addr_size 8>)
+307: setfield_gc(p18, i36, descr=<FieldS pyrlang.interpreter.register.Y_Register.inst_addr_top 16>)
+311: i38 = int_ge(i36, i37)
guard_false(i38, descr=<Guard0x1007690a0>) [i0, p1, p2, i37, p18, p3, p4, p5, p6, p7, p8, p9, p10, p11, p12, p13, p14, p15, p16, i31]
+320: p39 = getfield_gc(p18, descr=<FieldP pyrlang.interpreter.register.Y_Register.inst_addrs 24>)
+324: i41 = int_lt(i36, 0)
guard_false(i41, descr=<Guard0x100769048>) [i0, p1, p2, i36, p39, p3, p4, p5, p6, p7, p8, p9, p10, p11, p12, p13, p14, p15, p16, i31]
+373: setarrayitem_gc(p39, i36, ConstPtr(ptr42), descr=<ArrayP 8>)
+388: i44 = int_sub(i0, 1)
debug_merge_point(0, 0, '3 label 2')
+393: i46 = int_ge(i36, 2)
guard_true(i46, descr=<Guard0x100768ff0>) [i44, p18, p1, p2, p3, p4, p5, p6, p7, p8, p9, p10, p11, p12, p13, p14, p15, p16, i31]
+403: i48 = int_ge(i21, 2)
guard_true(i48, descr=<Guard0x100768f98>) [i44, p18, p1, p2, p3, p4, p5, p6, p7, p8, p9, p10, p11, p12, p13, p14, p15, p16, i31]
+413: i50 = int_ge(i37, 2)
guard_true(i50, descr=<Guard0x100768f40>) [i44, p18, p1, p2, p3, p4, p5, p6, p7, p8, p9, p10, p11, p12, p13, p14, p15, p16, i31]
+423: i52 = int_sub(i34, 1)
+427: i53 = int_ge(i34, i37)
guard_false(i53, descr=<Guard0x100768ee8>) [i44, p18, p1, p2, p3, p4, p5, p6, p7, p8, p9, p10, p11, p12, p13, p14, p15, p16, i31]
+436: i55 = int_sub(i19, 1)
+440: i57 = int_sub(i52, 1)
+452: i58 = int_ge(i52, i37)
guard_false(i58, descr=<Guard0x100768e90>) [i44, p18, p1, p2, p3, p4, p5, p6, p7, p8, p9, p10, p11, p12, p13, p14, p15, p16, i31]
+461: i60 = int_ge(i22, 3)
guard_true(i60, descr=<Guard0x100768e38>) [i44, p18, p1, p2, p3, p4, p5, p6, p7, p8, p9, p10, p11, p12, p13, p14, p15, p16, i31]
+471: i61 = int_ge(i19, i22)
guard_false(i61, descr=<Guard0x100768de0>) [i44, p18, p1, p2, p3, p4, p5, p6, p7, p8, p9, p10, p11, p12, p13, p14, p15, p16, i31]
+480: jump(i44, p2, p1, p18, i31, p3, p4, p5, p6, p7, p8, p9, p10, p11, p12, p13, p14, p15, p16, p39, i36, p18, i34, p24, i21, i52, i19, i57, i55, i37, i22, descr=TargetToken(4302454888))
+576: --end of the loop--
[f636fc732f3fd] jit-log-opt-bridge}
[f636fc7630321] {jit-log-opt-loop
# Loop 1 (23 line 2) : loop with 77 ops
[i0, i1, i2, p3, p4, p5]
+134: p6 = getfield_gc(p4, descr=<FieldP pyrlang.interpreter.register.X_Register.inst_regs 16>)
+145: p8 = getarrayitem_gc(p6, 0, descr=<ArrayP 8>)
+149: p10 = getarrayitem_gc(p6, 1, descr=<ArrayP 8>)
+153: p12 = getarrayitem_gc(p6, 2, descr=<ArrayP 8>)
+157: p14 = getarrayitem_gc(p6, 3, descr=<ArrayP 8>)
+161: p16 = getarrayitem_gc(p6, 4, descr=<ArrayP 8>)
+165: p18 = getarrayitem_gc(p6, 5, descr=<ArrayP 8>)
+169: p20 = getarrayitem_gc(p6, 6, descr=<ArrayP 8>)
+173: p22 = getarrayitem_gc(p6, 7, descr=<ArrayP 8>)
+177: p24 = getarrayitem_gc(p6, 8, descr=<ArrayP 8>)
+181: p26 = getarrayitem_gc(p6, 9, descr=<ArrayP 8>)
+185: p28 = getarrayitem_gc(p6, 10, descr=<ArrayP 8>)
+189: p30 = getarrayitem_gc(p6, 11, descr=<ArrayP 8>)
+193: p32 = getarrayitem_gc(p6, 12, descr=<ArrayP 8>)
+204: p34 = getarrayitem_gc(p6, 13, descr=<ArrayP 8>)
+215: p36 = getarrayitem_gc(p6, 14, descr=<ArrayP 8>)
+229: p38 = getarrayitem_gc(p6, 15, descr=<ArrayP 8>)
+243: label(i0, i1, i2, p3, p4, p5, p8, p10, p12, p14, p16, p18, p20, p22, p24, p26, p28, p30, p32, p34, p36, p38, descr=TargetToken(4302459280))
+333: p39 = getfield_gc(p3, descr=<FieldP pyrlang.interpreter.interp.Process.inst_y_reg 80>)
debug_merge_point(0, 0, '24 gc_bif2 L0. 1. 1. y(0). x(0). x(0)')
+344: i40 = getfield_gc(p39, descr=<FieldS pyrlang.interpreter.register.Y_Register.inst_val_top 40>)
+348: p41 = getfield_gc(p39, descr=<FieldP pyrlang.interpreter.register.Y_Register.inst_vals 48>)
+352: p42 = getarrayitem_gc(p41, i40, descr=<ArrayP 8>)
+357: p43 = getfield_gc(p3, descr=<FieldP pyrlang.interpreter.interp.Process.inst_x_reg 72>)
+361: i44 = ptr_eq(p43, p4)
guard_true(i44, descr=<Guard0x100769360>) [i2, i1, i0, p4, p3, p43, p8, p10, p12, p14, p16, p18, p20, p22, p24, p26, p28, p30, p32, p34, p36, p38, p42]
+374: guard_class(p42, ConstClass(W_IntObject), descr=<Guard0x1007699e8>) [i2, i1, i0, p4, p3, p8, p42, p10, p12, p14, p16, p18, p20, p22, p24, p26, p28, p30, p32, p34, p36, p38, None]
+386: guard_nonnull_class(p8, ConstClass(W_IntObject), descr=<Guard0x100769990>) [i2, i1, i0, p4, p3, p8, p42, p10, p12, p14, p16, p18, p20, p22, p24, p26, p28, p30, p32, p34, p36, p38, None]
+404: i48 = getfield_gc_pure(p42, descr=<FieldS pyrlang.interpreter.datatypes.number.W_IntObject.inst_intval 8>)
+408: i49 = getfield_gc_pure(p8, descr=<FieldS pyrlang.interpreter.datatypes.number.W_IntObject.inst_intval 8>)
+412: i50 = int_add_ovf(i48, i49)
guard_no_overflow(descr=<Guard0x100769938>) [i2, i1, i0, p4, p3, i50, p8, p42, p10, p12, p14, p16, p18, p20, p22, p24, p26, p28, p30, p32, p34, p36, p38, None]
debug_merge_point(0, 0, '25 deallocate 1')
+421: i52 = int_sub(i40, 1)
debug_merge_point(0, 0, '26 return ')
+425: i53 = getfield_gc(p39, descr=<FieldS pyrlang.interpreter.register.Y_Register.inst_addr_top 16>)
+429: setfield_gc(p39, i52, descr=<FieldS pyrlang.interpreter.register.Y_Register.inst_val_top 40>)
+433: i55 = int_eq(i53, -1)
guard_false(i55, descr=<Guard0x1007698e0>) [i0, i2, i1, p39, p4, p3, p10, p12, p14, p16, p18, p20, p22, p24, p26, p28, p30, p32, p34, p36, p38, i50, None]
+443: p56 = getfield_gc(p39, descr=<FieldP pyrlang.interpreter.register.Y_Register.inst_addrs 24>)
+447: i58 = int_lt(i53, 0)
guard_false(i58, descr=<Guard0x100769888>) [i53, i0, i2, i1, p39, p56, p4, p3, p10, p12, p14, p16, p18, p20, p22, p24, p26, p28, p30, p32, p34, p36, p38, i50, None]
+457: p59 = getarrayitem_gc(p56, i53, descr=<ArrayP 8>)
+462: i61 = int_sub(i53, 1)
+466: p62 = getfield_gc_pure(p59, descr=<FieldP tuple2.item0 8>)
+470: i63 = getfield_gc_pure(p59, descr=<FieldS tuple2.item1 16>)
+474: setfield_gc(p39, i61, descr=<FieldS pyrlang.interpreter.register.Y_Register.inst_addr_top 16>)
+478: i65 = int_eq(27, i0)
guard_true(i65, descr=<Guard0x100769830>) [i0, i2, i1, i63, p4, p3, p62, p10, p12, p14, p16, p18, p20, p22, p24, p26, p28, p30, p32, p34, p36, p38, i50, None]
+492: guard_value(i63, 23, descr=<Guard0x1007697d8>) [i2, i1, i63, p39, p4, p3, p62, p10, p12, p14, p16, p18, p20, p22, p24, p26, p28, p30, p32, p34, p36, p38, i50, None]
+502: guard_value(p62, ConstPtr(ptr67), descr=<Guard0x100769780>) [i2, i1, p39, p4, p3, p62, p10, p12, p14, p16, p18, p20, p22, p24, p26, p28, p30, p32, p34, p36, p38, i50, None]
debug_merge_point(0, 0, '23 line 2')
+521: p68 = same_as(p39)
+524: label(i1, i2, p3, p4, p39, i50, p10, p12, p14, p16, p18, p20, p22, p24, p26, p28, p30, p32, p34, p36, p38, p41, i52, p68, i61, p56, descr=TargetToken(4302459352))
debug_merge_point(0, 0, '24 gc_bif2 L0. 1. 1. y(0). x(0). x(0)')
+557: p69 = getarrayitem_gc(p41, i52, descr=<ArrayP 8>)
+562: guard_class(p69, ConstClass(W_IntObject), descr=<Guard0x100769728>) [i2, i1, p4, p3, p69, p10, p12, p14, p16, p18, p20, p22, p24, p26, p28, p30, p32, p34, p36, p38, i50]
+574: i70 = getfield_gc_pure(p69, descr=<FieldS pyrlang.interpreter.datatypes.number.W_IntObject.inst_intval 8>)
+578: i71 = int_add_ovf(i70, i50)
guard_no_overflow(descr=<Guard0x1007696d0>) [i2, i1, p4, p3, i71, p69, p10, p12, p14, p16, p18, p20, p22, p24, p26, p28, p30, p32, p34, p36, p38, i50]
debug_merge_point(0, 0, '25 deallocate 1')
+587: i72 = int_sub(i52, 1)
debug_merge_point(0, 0, '26 return ')
+591: setfield_gc(p68, i72, descr=<FieldS pyrlang.interpreter.register.Y_Register.inst_val_top 40>)
+595: i73 = int_eq(i61, -1)
guard_false(i73, descr=<Guard0x100769678>) [i2, i1, p68, p4, p3, p10, p12, p14, p16, p18, p20, p22, p24, p26, p28, p30, p32, p34, p36, p38, i71, None]
+605: i74 = int_lt(i61, 0)
guard_false(i74, descr=<Guard0x100769620>) [i61, i2, i1, p68, p56, p4, p3, p10, p12, p14, p16, p18, p20, p22, p24, p26, p28, p30, p32, p34, p36, p38, i71, None]
+615: p75 = getarrayitem_gc(p56, i61, descr=<ArrayP 8>)
+620: i76 = int_sub(i61, 1)
+624: p77 = getfield_gc_pure(p75, descr=<FieldP tuple2.item0 8>)
+628: i78 = getfield_gc_pure(p75, descr=<FieldS tuple2.item1 16>)
+632: setfield_gc(p68, i76, descr=<FieldS pyrlang.interpreter.register.Y_Register.inst_addr_top 16>)
+636: guard_value(i78, 23, descr=<Guard0x1007695c8>) [i2, i1, i78, p68, p4, p3, p77, p10, p12, p14, p16, p18, p20, p22, p24, p26, p28, p30, p32, p34, p36, p38, i71, None]
+646: guard_value(p77, ConstPtr(ptr67), descr=<Guard0x100769570>) [i2, i1, p68, p4, p3, p77, p10, p12, p14, p16, p18, p20, p22, p24, p26, p28, p30, p32, p34, p36, p38, i71, None]
debug_merge_point(0, 0, '23 line 2')
+665: jump(i1, i2, p3, p4, p68, i71, p10, p12, p14, p16, p18, p20, p22, p24, p26, p28, p30, p32, p34, p36, p38, p41, i72, p68, i76, p56, descr=TargetToken(4302459352))
+688: --end of the loop--
[f636fc769af7f] jit-log-opt-loop}
[f636fc7907bda] {jit-log-opt-bridge
# bridge out of Guard 0x100717830 with 39 ops
[i0, i1, p2, p3, p4, p5, p6, p7, p8, p9, p10, p11, p12, p13, p14, p15, p16, p17, p18, p19, i20]
+59: guard_value(i1, 17, descr=<Guard0x100769b48>) [i0, i1, p2, p3, p4, p5, p6, p7, p8, p9, p10, p11, p12, p13, p14, p15, p16, p17, p18, p19, i20]
+69: guard_value(p5, ConstPtr(ptr22), descr=<Guard0x100769e60>) [i0, p2, p3, p4, p5, p6, p7, p8, p9, p10, p11, p12, p13, p14, p15, p16, p17, p18, p19, i20]
debug_merge_point(0, 0, '17 line 2')
+88: p23 = getfield_gc(p4, descr=<FieldP pyrlang.interpreter.interp.Process.inst_y_reg 80>)
debug_merge_point(0, 0, '18 gc_bif2 L0. 1. 0. y(0). #2. x(1)')
+99: i24 = getfield_gc(p23, descr=<FieldS pyrlang.interpreter.register.Y_Register.inst_val_top 40>)
+103: p25 = getfield_gc(p23, descr=<FieldP pyrlang.interpreter.register.Y_Register.inst_vals 48>)
+107: p26 = getarrayitem_gc(p25, i24, descr=<ArrayP 8>)
+112: guard_class(p26, ConstClass(W_IntObject), descr=<Guard0x100769e08>) [i0, p3, p4, p26, p6, p7, p8, p9, p10, p11, p12, p13, p14, p15, p16, p17, p18, p19, i20]
+125: i28 = getfield_gc_pure(p26, descr=<FieldS pyrlang.interpreter.datatypes.number.W_IntObject.inst_intval 8>)
+129: i30 = int_sub_ovf(i28, 2)
guard_no_overflow(descr=<Guard0x100769db0>) [i0, p3, p4, i30, p26, p6, p7, p8, p9, p10, p11, p12, p13, p14, p15, p16, p17, p18, p19, i20]
+139: p31 = getfield_gc(p4, descr=<FieldP pyrlang.interpreter.interp.Process.inst_x_reg 72>)
+143: i32 = ptr_eq(p31, p3)
guard_true(i32, descr=<Guard0x100769d58>) [i0, p3, p4, p31, p6, p7, p8, p9, p10, p11, p12, p13, p14, p15, p16, p17, p18, p19, i30, i20]
debug_merge_point(0, 0, '19 move x(0). y(0)')
+156: i34 = int_lt(i24, 0)
guard_false(i34, descr=<Guard0x100769d00>) [i0, p3, p4, i24, p25, p6, p7, p8, p9, p10, p11, p12, p13, p14, p15, p16, p17, p18, p19, i30, i20]
p36 = new_with_vtable(ConstClass(W_IntObject))
+245: setfield_gc(p36, i20, descr=<FieldS pyrlang.interpreter.datatypes.number.W_IntObject.inst_intval 8>)
+290: setarrayitem_gc(p25, i24, p36, descr=<ArrayP 8>)
debug_merge_point(0, 0, '20 move x(1). x(0)')
debug_merge_point(0, 0, '21 line 2')
debug_merge_point(0, 0, '22 call 1. L2')
+295: i37 = getfield_gc(p23, descr=<FieldS pyrlang.interpreter.register.Y_Register.inst_addr_top 16>)
+299: i39 = int_add(i37, 1)
+303: i40 = getfield_gc(p23, descr=<FieldS pyrlang.interpreter.register.Y_Register.inst_addr_size 8>)
+307: setfield_gc(p23, i39, descr=<FieldS pyrlang.interpreter.register.Y_Register.inst_addr_top 16>)
+311: i41 = int_ge(i39, i40)
guard_false(i41, descr=<Guard0x100769ca8>) [i0, p3, p4, i40, p23, p6, p7, p8, p9, p10, p11, p12, p13, p14, p15, p16, p17, p18, p19, i30]
+320: p42 = getfield_gc(p23, descr=<FieldP pyrlang.interpreter.register.Y_Register.inst_addrs 24>)
+324: i44 = int_lt(i39, 0)
guard_false(i44, descr=<Guard0x100769c50>) [i0, p3, p4, i39, p42, p6, p7, p8, p9, p10, p11, p12, p13, p14, p15, p16, p17, p18, p19, i30]
+373: setarrayitem_gc(p42, i39, ConstPtr(ptr45), descr=<ArrayP 8>)
+388: i47 = int_sub(i0, 1)
debug_merge_point(0, 0, '3 label 2')
p49 = new_with_vtable(ConstClass(W_IntObject))
+405: setfield_gc(p49, i30, descr=<FieldS pyrlang.interpreter.datatypes.number.W_IntObject.inst_intval 8>)
+410: jump(23, i47, 1, p4, p3, p23, p49, p49, p6, p7, p8, p9, p10, p11, p12, p13, p14, p15, p16, p17, p18, p19, descr=TargetToken(4302454816))
+480: --end of the loop--
[f636fc794cd99] jit-log-opt-bridge}
[f636fc7d9b48a] {jit-log-opt-bridge
# bridge out of Guard 0x100768910 with 36 ops
[i0, i1, p2, p3, p4, p5, p6, p7, p8, p9, p10, p11, p12, p13, p14, p15, p16, p17, i18]
+59: p19 = getfield_gc(p3, descr=<FieldP pyrlang.interpreter.interp.Process.inst_y_reg 80>)
debug_merge_point(0, 0, '3 label 2')
+70: guard_nonnull(p19, descr=<Guard0x101a2e020>) [i1, p19, p2, p3, p4, p5, p6, p7, p8, p9, p10, p11, p12, p13, p14, p15, p16, p17, i18]
+79: p20 = getfield_gc(p3, descr=<FieldP pyrlang.interpreter.interp.Process.inst_x_reg 72>)
+83: i21 = ptr_eq(p20, p2)
guard_true(i21, descr=<Guard0x101a2e440>) [i1, p19, p2, p3, p4, p5, p6, p7, p8, p9, p10, p11, p12, p13, p14, p15, p16, p17, i18]
+96: i22 = getfield_gc(p19, descr=<FieldS pyrlang.interpreter.register.Y_Register.inst_addr_top 16>)
+100: i24 = int_ge(i22, 2)
guard_true(i24, descr=<Guard0x101a2e3e8>) [i1, p19, p2, p3, p4, p5, p6, p7, p8, p9, p10, p11, p12, p13, p14, p15, p16, p17, i18]
+110: p25 = getfield_gc(p19, descr=<FieldP pyrlang.interpreter.register.Y_Register.inst_addrs 24>)
+114: guard_nonnull(p25, descr=<Guard0x101a2e390>) [i1, p19, p2, p3, p4, p5, p6, p7, p8, p9, p10, p11, p12, p13, p14, p15, p16, p17, i18]
+123: i27 = int_sub(i22, 1)
+127: i28 = getfield_gc(p19, descr=<FieldS pyrlang.interpreter.register.Y_Register.inst_val_top 40>)
+131: i30 = int_ge(i28, 2)
guard_true(i30, descr=<Guard0x101a2e338>) [i1, p19, p2, p3, p4, p5, p6, p7, p8, p9, p10, p11, p12, p13, p14, p15, p16, p17, i18]
+141: p31 = getfield_gc(p19, descr=<FieldP pyrlang.interpreter.register.Y_Register.inst_vals 48>)
+145: guard_nonnull(p31, descr=<Guard0x101a2e2e0>) [i1, p19, p2, p3, p4, p5, p6, p7, p8, p9, p10, p11, p12, p13, p14, p15, p16, p17, i18]
+154: i32 = getfield_gc(p19, descr=<FieldS pyrlang.interpreter.register.Y_Register.inst_addr_size 8>)
+158: i34 = int_ge(i32, 2)
guard_true(i34, descr=<Guard0x101a2e288>) [i1, p19, p2, p3, p4, p5, p6, p7, p8, p9, p10, p11, p12, p13, p14, p15, p16, p17, i18]
+168: i35 = int_ge(i22, i32)
guard_false(i35, descr=<Guard0x101a2e230>) [i1, p19, p2, p3, p4, p5, p6, p7, p8, p9, p10, p11, p12, p13, p14, p15, p16, p17, i18]
+177: i37 = int_sub(i28, 1)
+181: i39 = int_sub(i27, 1)
+185: i40 = int_ge(i27, i32)
guard_false(i40, descr=<Guard0x101a2e1d8>) [i1, p19, p2, p3, p4, p5, p6, p7, p8, p9, p10, p11, p12, p13, p14, p15, p16, p17, i18]
+194: i42 = int_sub(i37, 1)
+198: i44 = int_sub(i39, 1)
+209: i45 = int_ge(i39, i32)
guard_false(i45, descr=<Guard0x101a2e180>) [i1, p19, p2, p3, p4, p5, p6, p7, p8, p9, p10, p11, p12, p13, p14, p15, p16, p17, i18]
+218: i46 = getfield_gc(p19, descr=<FieldS pyrlang.interpreter.register.Y_Register.inst_val_size 32>)
+229: i48 = int_ge(i46, 3)
guard_true(i48, descr=<Guard0x101a2e128>) [i1, p19, p2, p3, p4, p5, p6, p7, p8, p9, p10, p11, p12, p13, p14, p15, p16, p17, i18]
+239: i49 = int_ge(i37, i46)
guard_false(i49, descr=<Guard0x101a2e0d0>) [i1, p19, p2, p3, p4, p5, p6, p7, p8, p9, p10, p11, p12, p13, p14, p15, p16, p17, i18]
+248: jump(i1, p3, p2, p19, i18, p4, p5, p6, p7, p8, p9, p10, p11, p12, p13, p14, p15, p16, p17, p25, i22, p19, i27, p31, i28, i39, i37, i44, i42, i32, i46, descr=TargetToken(4302454888))
+336: --end of the loop--
[f636fc7dd7d02] jit-log-opt-bridge}
[f636fc825bb96] {jit-log-opt-loop
# Loop 2 (17 line 2) : entry bridge with 55 ops
[i0, i1, i2, p3, p4, p5]
+134: p6 = getfield_gc(p4, descr=<FieldP pyrlang.interpreter.register.X_Register.inst_regs 16>)
+145: p8 = getarrayitem_gc(p6, 0, descr=<ArrayP 8>)
+149: p10 = getarrayitem_gc(p6, 1, descr=<ArrayP 8>)
+153: p12 = getarrayitem_gc(p6, 2, descr=<ArrayP 8>)
+157: p14 = getarrayitem_gc(p6, 3, descr=<ArrayP 8>)
+161: p16 = getarrayitem_gc(p6, 4, descr=<ArrayP 8>)
+165: p18 = getarrayitem_gc(p6, 5, descr=<ArrayP 8>)
+169: p20 = getarrayitem_gc(p6, 6, descr=<ArrayP 8>)
+173: p22 = getarrayitem_gc(p6, 7, descr=<ArrayP 8>)
+177: p24 = getarrayitem_gc(p6, 8, descr=<ArrayP 8>)
+181: p26 = getarrayitem_gc(p6, 9, descr=<ArrayP 8>)
+185: p28 = getarrayitem_gc(p6, 10, descr=<ArrayP 8>)
+189: p30 = getarrayitem_gc(p6, 11, descr=<ArrayP 8>)
+193: p32 = getarrayitem_gc(p6, 12, descr=<ArrayP 8>)
+204: p34 = getarrayitem_gc(p6, 13, descr=<ArrayP 8>)
+215: p36 = getarrayitem_gc(p6, 14, descr=<ArrayP 8>)
+229: p38 = getarrayitem_gc(p6, 15, descr=<ArrayP 8>)
debug_merge_point(0, 0, '17 line 2')
+243: p39 = getfield_gc(p3, descr=<FieldP pyrlang.interpreter.interp.Process.inst_y_reg 80>)
debug_merge_point(0, 0, '18 gc_bif2 L0. 1. 0. y(0). #2. x(1)')
+261: i40 = getfield_gc(p39, descr=<FieldS pyrlang.interpreter.register.Y_Register.inst_val_top 40>)
+272: p41 = getfield_gc(p39, descr=<FieldP pyrlang.interpreter.register.Y_Register.inst_vals 48>)
+283: p42 = getarrayitem_gc(p41, i40, descr=<ArrayP 8>)
+295: guard_class(p42, ConstClass(W_IntObject), descr=<Guard0x101a2e5f8>) [i2, i1, i0, p4, p3, p42, p8, p10, p12, p14, p16, p18, p20, p22, p24, p26, p28, p30, p32, p34, p36, p38]
+308: i44 = getfield_gc_pure(p42, descr=<FieldS pyrlang.interpreter.datatypes.number.W_IntObject.inst_intval 8>)
+319: i46 = int_sub_ovf(i44, 2)
guard_no_overflow(descr=<Guard0x101a2e910>) [i2, i1, i0, p4, p3, i46, p42, p8, p10, p12, p14, p16, p18, p20, p22, p24, p26, p28, p30, p32, p34, p36, p38]
+329: p47 = getfield_gc(p3, descr=<FieldP pyrlang.interpreter.interp.Process.inst_x_reg 72>)
+333: i48 = ptr_eq(p47, p4)
guard_true(i48, descr=<Guard0x101a2e8b8>) [i2, i1, i0, p4, p3, p47, p8, p10, p12, p14, p16, p18, p20, p22, p24, p26, p28, p30, p32, p34, p36, p38, i46]
debug_merge_point(0, 0, '19 move x(0). y(0)')
+346: i50 = int_lt(i40, 0)
guard_false(i50, descr=<Guard0x101a2e860>) [i2, i1, i0, p4, p3, i40, p8, p41, p12, p14, p16, p18, p20, p22, p24, p26, p28, p30, p32, p34, p36, p38, i46]
+398: setarrayitem_gc(p41, i40, p8, descr=<ArrayP 8>)
debug_merge_point(0, 0, '20 move x(1). x(0)')
debug_merge_point(0, 0, '21 line 2')
debug_merge_point(0, 0, '22 call 1. L2')
+403: i52 = int_eq(23, i0)
+419: i53 = getfield_gc(p39, descr=<FieldS pyrlang.interpreter.register.Y_Register.inst_addr_top 16>)
+423: i55 = int_add(i53, 1)
+428: i56 = getfield_gc(p39, descr=<FieldS pyrlang.interpreter.register.Y_Register.inst_addr_size 8>)
+432: setfield_gc(p39, i55, descr=<FieldS pyrlang.interpreter.register.Y_Register.inst_addr_top 16>)
+436: i57 = int_ge(i55, i56)
guard_false(i57, descr=<Guard0x101a2e808>) [i52, i0, i2, i1, p4, p3, i56, p39, p12, p14, p16, p18, p20, p22, p24, p26, p28, p30, p32, p34, p36, p38, i46]
+445: p58 = getfield_gc(p39, descr=<FieldP pyrlang.interpreter.register.Y_Register.inst_addrs 24>)
+449: i60 = int_lt(i55, 0)
guard_false(i60, descr=<Guard0x101a2e7b0>) [i52, i0, i2, i1, p4, p3, i55, p58, p12, p14, p16, p18, p20, p22, p24, p26, p28, p30, p32, p34, p36, p38, i46]
+502: setarrayitem_gc(p58, i55, ConstPtr(ptr61), descr=<ArrayP 8>)
+517: i63 = int_sub(i1, 1)
+528: guard_true(i2, descr=<Guard0x101a2e758>) [i52, i0, i63, p4, p3, p12, p14, p16, p18, p20, p22, p24, p26, p28, p30, p32, p34, p36, p38, i46]
+544: guard_false(i52, descr=<Guard0x101a2e700>) [i0, i63, p4, p3, p12, p14, p16, p18, p20, p22, p24, p26, p28, p30, p32, p34, p36, p38, i46]
debug_merge_point(0, 0, '3 label 2')
p65 = new_with_vtable(ConstClass(W_IntObject))
+639: setfield_gc(p65, i46, descr=<FieldS pyrlang.interpreter.datatypes.number.W_IntObject.inst_intval 8>)
+643: jump(23, i63, 1, p3, p4, p39, p65, p65, p12, p14, p16, p18, p20, p22, p24, p26, p28, p30, p32, p34, p36, p38, descr=TargetToken(4302454816))
+880: --end of the loop--
[f636fc82a9867] jit-log-opt-loop}
[f636fc854d90e] {jit-log-opt-bridge
# bridge out of Guard 0x1007620d0 with 35 ops
[i0, i1, p2, p3, p4, p5, p6, p7, p8, p9, p10, p11, p12, p13, p14, p15, p16, p17, p18, p19, i20]
+59: guard_value(i1, 23, descr=<Guard0x101a2eb20>) [i0, i1, p2, p3, p4, p5, p6, p7, p8, p9, p10, p11, p12, p13, p14, p15, p16, p17, p18, p19, i20]
+69: guard_value(p5, ConstPtr(ptr22), descr=<Guard0x101a2ef40>) [i0, p2, p3, p4, p5, p6, p7, p8, p9, p10, p11, p12, p13, p14, p15, p16, p17, p18, p19, i20]
debug_merge_point(0, 0, '23 line 2')
+88: label(i0, p4, p3, p2, i20, p6, p7, p8, p9, p10, p11, p12, p13, p14, p15, p16, p17, p18, p19, descr=TargetToken(4302460504))
+125: p23 = getfield_gc(p4, descr=<FieldP pyrlang.interpreter.interp.Process.inst_y_reg 80>)
debug_merge_point(0, 0, '24 gc_bif2 L0. 1. 1. y(0). x(0). x(0)')
+136: i24 = getfield_gc(p23, descr=<FieldS pyrlang.interpreter.register.Y_Register.inst_val_top 40>)
+140: p25 = getfield_gc(p23, descr=<FieldP pyrlang.interpreter.register.Y_Register.inst_vals 48>)
+144: p26 = getarrayitem_gc(p25, i24, descr=<ArrayP 8>)
+149: p27 = getfield_gc(p4, descr=<FieldP pyrlang.interpreter.interp.Process.inst_x_reg 72>)
+153: i28 = ptr_eq(p27, p3)
guard_true(i28, descr=<Guard0x101a2eee8>) [i0, p3, p4, p27, p6, p7, p8, p9, p10, p11, p12, p13, p14, p15, p16, p17, p18, p19, i20, p26]
+166: guard_class(p26, ConstClass(W_IntObject), descr=<Guard0x101a2ee90>) [i0, p3, p4, p26, p6, p7, p8, p9, p10, p11, p12, p13, p14, p15, p16, p17, p18, p19, i20, None]
+179: i31 = getfield_gc_pure(p26, descr=<FieldS pyrlang.interpreter.datatypes.number.W_IntObject.inst_intval 8>)
+183: i32 = int_add_ovf(i31, i20)
guard_no_overflow(descr=<Guard0x101a2ee38>) [i0, p3, p4, i32, p26, p6, p7, p8, p9, p10, p11, p12, p13, p14, p15, p16, p17, p18, p19, i20, None]
debug_merge_point(0, 0, '25 deallocate 1')
+192: i34 = int_sub(i24, 1)
debug_merge_point(0, 0, '26 return ')
+196: i35 = getfield_gc(p23, descr=<FieldS pyrlang.interpreter.register.Y_Register.inst_addr_top 16>)
+200: setfield_gc(p23, i34, descr=<FieldS pyrlang.interpreter.register.Y_Register.inst_val_top 40>)
+204: i37 = int_eq(i35, -1)
guard_false(i37, descr=<Guard0x101a2ede0>) [i0, p23, p3, p4, p6, p7, p8, p9, p10, p11, p12, p13, p14, p15, p16, p17, p18, p19, i32, None, None]
+214: p38 = getfield_gc(p23, descr=<FieldP pyrlang.interpreter.register.Y_Register.inst_addrs 24>)
+218: i40 = int_lt(i35, 0)
guard_false(i40, descr=<Guard0x101a2ed88>) [i35, i0, p23, p38, p3, p4, p6, p7, p8, p9, p10, p11, p12, p13, p14, p15, p16, p17, p18, p19, i32, None, None]
+228: p41 = getarrayitem_gc(p38, i35, descr=<ArrayP 8>)
+233: i43 = int_sub(i35, 1)
+237: p44 = getfield_gc_pure(p41, descr=<FieldP tuple2.item0 8>)
+241: i45 = getfield_gc_pure(p41, descr=<FieldS tuple2.item1 16>)
+245: setfield_gc(p23, i43, descr=<FieldS pyrlang.interpreter.register.Y_Register.inst_addr_top 16>)
+249: guard_value(i45, 23, descr=<Guard0x101a2ed30>) [i0, i45, p23, p3, p4, p44, p6, p7, p8, p9, p10, p11, p12, p13, p14, p15, p16, p17, p18, p19, i32, None, None]
+259: guard_value(p44, ConstPtr(ptr47), descr=<Guard0x101a2ecd8>) [i0, p23, p3, p4, p44, p6, p7, p8, p9, p10, p11, p12, p13, p14, p15, p16, p17, p18, p19, i32, None, None]
debug_merge_point(0, 0, '23 line 2')
+278: jump(i0, p4, p3, p23, i32, p6, p7, p8, p9, p10, p11, p12, p13, p14, p15, p16, p17, p18, p19, descr=TargetToken(4302460504))
+304: --end of the loop--
[f636fc85914a3] jit-log-opt-bridge}
[f636fc88e3f3a] {jit-log-opt-bridge
# bridge out of Guard 0x1007697d8 with 40 ops
[i0, i1, i2, p3, p4, p5, p6, p7, p8, p9, p10, p11, p12, p13, p14, p15, p16, p17, p18, p19, p20, p21, i22]
+59: guard_value(i2, 17, descr=<Guard0x101a2f0f8>) [i0, i1, i2, p3, p4, p5, p6, p7, p8, p9, p10, p11, p12, p13, p14, p15, p16, p17, p18, p19, p20, p21, i22]
+69: guard_value(p6, ConstPtr(ptr24), descr=<Guard0x101a2f468>) [i0, i1, p3, p4, p5, p6, p7, p8, p9, p10, p11, p12, p13, p14, p15, p16, p17, p18, p19, p20, p21, i22]
debug_merge_point(0, 0, '17 line 2')
+88: p25 = getfield_gc(p5, descr=<FieldP pyrlang.interpreter.interp.Process.inst_y_reg 80>)
debug_merge_point(0, 0, '18 gc_bif2 L0. 1. 0. y(0). #2. x(1)')
+92: i26 = getfield_gc(p25, descr=<FieldS pyrlang.interpreter.register.Y_Register.inst_val_top 40>)
+96: p27 = getfield_gc(p25, descr=<FieldP pyrlang.interpreter.register.Y_Register.inst_vals 48>)
+100: p28 = getarrayitem_gc(p27, i26, descr=<ArrayP 8>)
+105: guard_class(p28, ConstClass(W_IntObject), descr=<Guard0x101a2f410>) [i0, i1, p4, p5, p28, p7, p8, p9, p10, p11, p12, p13, p14, p15, p16, p17, p18, p19, p20, p21, i22]
+118: i30 = getfield_gc_pure(p28, descr=<FieldS pyrlang.interpreter.datatypes.number.W_IntObject.inst_intval 8>)
+122: i32 = int_sub_ovf(i30, 2)
guard_no_overflow(descr=<Guard0x101a2f3b8>) [i0, i1, p4, p5, i32, p28, p7, p8, p9, p10, p11, p12, p13, p14, p15, p16, p17, p18, p19, p20, p21, i22]
+132: p33 = getfield_gc(p5, descr=<FieldP pyrlang.interpreter.interp.Process.inst_x_reg 72>)
+136: i34 = ptr_eq(p33, p4)
guard_true(i34, descr=<Guard0x101a2f360>) [i0, i1, p4, p5, p33, p7, p8, p9, p10, p11, p12, p13, p14, p15, p16, p17, p18, p19, p20, p21, i32, i22]
debug_merge_point(0, 0, '19 move x(0). y(0)')
+149: i36 = int_lt(i26, 0)
guard_false(i36, descr=<Guard0x101a2f308>) [i0, i1, p4, p5, i26, p27, p8, p9, p10, p11, p12, p13, p14, p15, p16, p17, p18, p19, p20, p21, i32, i22]
p38 = new_with_vtable(ConstClass(W_IntObject))
+245: setfield_gc(p38, i22, descr=<FieldS pyrlang.interpreter.datatypes.number.W_IntObject.inst_intval 8>)
+299: setarrayitem_gc(p27, i26, p38, descr=<ArrayP 8>)
debug_merge_point(0, 0, '20 move x(1). x(0)')
debug_merge_point(0, 0, '21 line 2')
debug_merge_point(0, 0, '22 call 1. L2')
+304: i39 = getfield_gc(p25, descr=<FieldS pyrlang.interpreter.register.Y_Register.inst_addr_top 16>)
+308: i41 = int_add(i39, 1)
+312: i42 = getfield_gc(p25, descr=<FieldS pyrlang.interpreter.register.Y_Register.inst_addr_size 8>)
+316: setfield_gc(p25, i41, descr=<FieldS pyrlang.interpreter.register.Y_Register.inst_addr_top 16>)
+320: i43 = int_ge(i41, i42)
guard_false(i43, descr=<Guard0x101a2f2b0>) [i0, i1, p4, p5, i42, p25, p8, p9, p10, p11, p12, p13, p14, p15, p16, p17, p18, p19, p20, p21, i32]
+329: p44 = getfield_gc(p25, descr=<FieldP pyrlang.interpreter.register.Y_Register.inst_addrs 24>)
+333: i46 = int_lt(i41, 0)
guard_false(i46, descr=<Guard0x101a2f258>) [i0, i1, p4, p5, i41, p44, p8, p9, p10, p11, p12, p13, p14, p15, p16, p17, p18, p19, p20, p21, i32]
+384: setarrayitem_gc(p44, i41, ConstPtr(ptr47), descr=<ArrayP 8>)
+399: i49 = int_sub(i1, 1)
+410: guard_true(i0, descr=<Guard0x101a2f200>) [i49, p4, p5, p8, p9, p10, p11, p12, p13, p14, p15, p16, p17, p18, p19, p20, p21, i32]
debug_merge_point(0, 0, '3 label 2')
p51 = new_with_vtable(ConstClass(W_IntObject))
+437: setfield_gc(p51, i32, descr=<FieldS pyrlang.interpreter.datatypes.number.W_IntObject.inst_intval 8>)
+441: jump(23, i49, 1, p5, p4, p25, p51, p51, p8, p9, p10, p11, p12, p13, p14, p15, p16, p17, p18, p19, p20, p21, descr=TargetToken(4302454816))
+576: --end of the loop--
[f636fc892b8d3] jit-log-opt-bridge}
[f636fc8b0445c] {jit-log-opt-bridge
# bridge out of Guard 0x101a2ed30 with 39 ops
[i0, i1, p2, p3, p4, p5, p6, p7, p8, p9, p10, p11, p12, p13, p14, p15, p16, p17, p18, p19, i20]
+59: guard_value(i1, 17, descr=<Guard0x101a2f5c8>) [i0, i1, p2, p3, p4, p5, p6, p7, p8, p9, p10, p11, p12, p13, p14, p15, p16, p17, p18, p19, i20]
+69: guard_value(p5, ConstPtr(ptr22), descr=<Guard0x101a2f8e0>) [i0, p2, p3, p4, p5, p6, p7, p8, p9, p10, p11, p12, p13, p14, p15, p16, p17, p18, p19, i20]
debug_merge_point(0, 0, '17 line 2')
+88: p23 = getfield_gc(p4, descr=<FieldP pyrlang.interpreter.interp.Process.inst_y_reg 80>)
debug_merge_point(0, 0, '18 gc_bif2 L0. 1. 0. y(0). #2. x(1)')
+92: i24 = getfield_gc(p23, descr=<FieldS pyrlang.interpreter.register.Y_Register.inst_val_top 40>)
+96: p25 = getfield_gc(p23, descr=<FieldP pyrlang.interpreter.register.Y_Register.inst_vals 48>)
+100: p26 = getarrayitem_gc(p25, i24, descr=<ArrayP 8>)
+105: guard_class(p26, ConstClass(W_IntObject), descr=<Guard0x101a2f888>) [i0, p3, p4, p26, p6, p7, p8, p9, p10, p11, p12, p13, p14, p15, p16, p17, p18, p19, i20]
+119: i28 = getfield_gc_pure(p26, descr=<FieldS pyrlang.interpreter.datatypes.number.W_IntObject.inst_intval 8>)
+124: i30 = int_sub_ovf(i28, 2)
guard_no_overflow(descr=<Guard0x101a2f830>) [i0, p3, p4, i30, p26, p6, p7, p8, p9, p10, p11, p12, p13, p14, p15, p16, p17, p18, p19, i20]
+134: p31 = getfield_gc(p4, descr=<FieldP pyrlang.interpreter.interp.Process.inst_x_reg 72>)
+138: i32 = ptr_eq(p31, p3)
guard_true(i32, descr=<Guard0x101a2f7d8>) [i0, p3, p4, p31, p6, p7, p8, p9, p10, p11, p12, p13, p14, p15, p16, p17, p18, p19, i30, i20]
debug_merge_point(0, 0, '19 move x(0). y(0)')
+151: i34 = int_lt(i24, 0)
guard_false(i34, descr=<Guard0x101a2f780>) [i0, p3, p4, i24, p25, p6, p7, p8, p9, p10, p11, p12, p13, p14, p15, p16, p17, p18, p19, i30, i20]
p36 = new_with_vtable(ConstClass(W_IntObject))
+240: setfield_gc(p36, i20, descr=<FieldS pyrlang.interpreter.datatypes.number.W_IntObject.inst_intval 8>)
+285: setarrayitem_gc(p25, i24, p36, descr=<ArrayP 8>)
debug_merge_point(0, 0, '20 move x(1). x(0)')
debug_merge_point(0, 0, '21 line 2')
debug_merge_point(0, 0, '22 call 1. L2')
+290: i37 = getfield_gc(p23, descr=<FieldS pyrlang.interpreter.register.Y_Register.inst_addr_top 16>)
+294: i39 = int_add(i37, 1)
+298: i40 = getfield_gc(p23, descr=<FieldS pyrlang.interpreter.register.Y_Register.inst_addr_size 8>)
+302: setfield_gc(p23, i39, descr=<FieldS pyrlang.interpreter.register.Y_Register.inst_addr_top 16>)
+306: i41 = int_ge(i39, i40)
guard_false(i41, descr=<Guard0x101a2f728>) [i0, p3, p4, i40, p23, p6, p7, p8, p9, p10, p11, p12, p13, p14, p15, p16, p17, p18, p19, i30]
+315: p42 = getfield_gc(p23, descr=<FieldP pyrlang.interpreter.register.Y_Register.inst_addrs 24>)
+319: i44 = int_lt(i39, 0)
guard_false(i44, descr=<Guard0x101a2f6d0>) [i0, p3, p4, i39, p42, p6, p7, p8, p9, p10, p11, p12, p13, p14, p15, p16, p17, p18, p19, i30]
+368: setarrayitem_gc(p42, i39, ConstPtr(ptr45), descr=<ArrayP 8>)
+383: i47 = int_sub(i0, 1)
debug_merge_point(0, 0, '3 label 2')
p49 = new_with_vtable(ConstClass(W_IntObject))
+405: setfield_gc(p49, i30, descr=<FieldS pyrlang.interpreter.datatypes.number.W_IntObject.inst_intval 8>)
+409: jump(23, i47, 1, p4, p3, p23, p49, p49, p6, p7, p8, p9, p10, p11, p12, p13, p14, p15, p16, p17, p18, p19, descr=TargetToken(4302454816))
+480: --end of the loop--
[f636fc8b472c5] jit-log-opt-bridge}
[f636fc8f3dee8] {jit-log-opt-bridge
# bridge out of Guard 0x100717620 with 8 ops
[i0, i1, p2, p3, p4, p5, p6, p7, p8, p9, p10, p11, p12, p13, p14, p15, p16, p17, p18, p19, i20]
+59: guard_value(i1, 23, descr=<Guard0x101a2fa98>) [i0, i1, p2, p3, p4, p5, p6, p7, p8, p9, p10, p11, p12, p13, p14, p15, p16, p17, p18, p19, i20]
+69: guard_value(p5, ConstPtr(ptr22), descr=<Guard0x101a2fb48>) [i0, p2, p3, p4, p5, p6, p7, p8, p9, p10, p11, p12, p13, p14, p15, p16, p17, p18, p19, i20]
debug_merge_point(0, 0, '23 line 2')
p24 = new_with_vtable(ConstClass(W_IntObject))
p26 = new_with_vtable(ConstClass(W_IntObject))
+178: setfield_gc(p24, i20, descr=<FieldS pyrlang.interpreter.datatypes.number.W_IntObject.inst_intval 8>)
+182: setfield_gc(p26, 0, descr=<FieldS pyrlang.interpreter.datatypes.number.W_IntObject.inst_intval 8>)
+190: jump(27, i0, 1, p4, p3, p2, p24, p26, p6, p7, p8, p9, p10, p11, p12, p13, p14, p15, p16, p17, p18, p19, descr=TargetToken(4302459280))
+320: --end of the loop--
[f636fc8f508fa] jit-log-opt-bridge}
[f636fc91010ae] {jit-log-opt-bridge
# bridge out of Guard 0x1007695c8 with 40 ops
[i0, i1, i2, p3, p4, p5, p6, p7, p8, p9, p10, p11, p12, p13, p14, p15, p16, p17, p18, p19, p20, p21, i22]
+59: guard_value(i2, 17, descr=<Guard0x101a2fc50>) [i0, i1, i2, p3, p4, p5, p6, p7, p8, p9, p10, p11, p12, p13, p14, p15, p16, p17, p18, p19, p20, p21, i22]
+69: guard_value(p6, ConstPtr(ptr24), descr=<Guard0x101a68020>) [i0, i1, p3, p4, p5, p6, p7, p8, p9, p10, p11, p12, p13, p14, p15, p16, p17, p18, p19, p20, p21, i22]
debug_merge_point(0, 0, '17 line 2')
+88: p25 = getfield_gc(p5, descr=<FieldP pyrlang.interpreter.interp.Process.inst_y_reg 80>)
debug_merge_point(0, 0, '18 gc_bif2 L0. 1. 0. y(0). #2. x(1)')
+99: i26 = getfield_gc(p25, descr=<FieldS pyrlang.interpreter.register.Y_Register.inst_val_top 40>)
+103: p27 = getfield_gc(p25, descr=<FieldP pyrlang.interpreter.register.Y_Register.inst_vals 48>)
+107: p28 = getarrayitem_gc(p27, i26, descr=<ArrayP 8>)
+112: guard_class(p28, ConstClass(W_IntObject), descr=<Guard0x101a2ff68>) [i0, i1, p4, p5, p28, p7, p8, p9, p10, p11, p12, p13, p14, p15, p16, p17, p18, p19, p20, p21, i22]
+125: i30 = getfield_gc_pure(p28, descr=<FieldS pyrlang.interpreter.datatypes.number.W_IntObject.inst_intval 8>)
+129: i32 = int_sub_ovf(i30, 2)
guard_no_overflow(descr=<Guard0x101a2ff10>) [i0, i1, p4, p5, i32, p28, p7, p8, p9, p10, p11, p12, p13, p14, p15, p16, p17, p18, p19, p20, p21, i22]
+139: p33 = getfield_gc(p5, descr=<FieldP pyrlang.interpreter.interp.Process.inst_x_reg 72>)
+143: i34 = ptr_eq(p33, p4)
guard_true(i34, descr=<Guard0x101a2feb8>) [i0, i1, p4, p5, p33, p7, p8, p9, p10, p11, p12, p13, p14, p15, p16, p17, p18, p19, p20, p21, i32, i22]
debug_merge_point(0, 0, '19 move x(0). y(0)')
+156: i36 = int_lt(i26, 0)
guard_false(i36, descr=<Guard0x101a2fe60>) [i0, i1, p4, p5, i26, p27, p8, p9, p10, p11, p12, p13, p14, p15, p16, p17, p18, p19, p20, p21, i32, i22]
p38 = new_with_vtable(ConstClass(W_IntObject))
+245: setfield_gc(p38, i22, descr=<FieldS pyrlang.interpreter.datatypes.number.W_IntObject.inst_intval 8>)
+290: setarrayitem_gc(p27, i26, p38, descr=<ArrayP 8>)
debug_merge_point(0, 0, '20 move x(1). x(0)')
debug_merge_point(0, 0, '21 line 2')
debug_merge_point(0, 0, '22 call 1. L2')
+295: i39 = getfield_gc(p25, descr=<FieldS pyrlang.interpreter.register.Y_Register.inst_addr_top 16>)
+299: i41 = int_add(i39, 1)
+304: i42 = getfield_gc(p25, descr=<FieldS pyrlang.interpreter.register.Y_Register.inst_addr_size 8>)
+308: setfield_gc(p25, i41, descr=<FieldS pyrlang.interpreter.register.Y_Register.inst_addr_top 16>)
+312: i43 = int_ge(i41, i42)
guard_false(i43, descr=<Guard0x101a2fe08>) [i0, i1, p4, p5, i42, p25, p8, p9, p10, p11, p12, p13, p14, p15, p16, p17, p18, p19, p20, p21, i32]
+321: p44 = getfield_gc(p25, descr=<FieldP pyrlang.interpreter.register.Y_Register.inst_addrs 24>)
+325: i46 = int_lt(i41, 0)
guard_false(i46, descr=<Guard0x101a2fdb0>) [i0, i1, p4, p5, i41, p44, p8, p9, p10, p11, p12, p13, p14, p15, p16, p17, p18, p19, p20, p21, i32]
+378: setarrayitem_gc(p44, i41, ConstPtr(ptr47), descr=<ArrayP 8>)
+393: i49 = int_sub(i1, 1)
+404: guard_true(i0, descr=<Guard0x101a2fd58>) [i49, p4, p5, p8, p9, p10, p11, p12, p13, p14, p15, p16, p17, p18, p19, p20, p21, i32]
debug_merge_point(0, 0, '3 label 2')
p51 = new_with_vtable(ConstClass(W_IntObject))
+432: setfield_gc(p51, i32, descr=<FieldS pyrlang.interpreter.datatypes.number.W_IntObject.inst_intval 8>)
+437: jump(23, i49, 1, p5, p4, p25, p51, p51, p8, p9, p10, p11, p12, p13, p14, p15, p16, p17, p18, p19, p20, p21, descr=TargetToken(4302454816))
+560: --end of the loop--
[f636fc9147a68] jit-log-opt-bridge}
[f636fe3856e89] {jit-backend-counts
entry 0:2162
TargetToken(4302454816):1860767
TargetToken(4302454888):7558086
bridge 4302734312:1859977
bridge 4302710704:5380557
entry 1:479
TargetToken(4302459280):196243
TargetToken(4302459352):121286
bridge 4302403632:831612
bridge 4302735632:1858405
entry 2:353
bridge 4302708944:831009
TargetToken(4302460504):1344602
bridge 4302739416:121079
bridge 4322422064:830809
bridge 4302403104:195764
bridge 4302738888:74752
[f636fe3863bc1] jit-backend-counts}
