[1a6f036d75ed41] {jit-backend-counts
[1a6f036d763ed2] jit-backend-counts}
[1a6f036ddda88a] {jit-log-opt-loop
# Loop 0 (3 label 2) : loop with 116 ops
[i0, i1, i2, p3, p4, p5]
+134: p6 = getfield_gc(p4, descr=<FieldP pyrlang.interpreter.register.X_Register.inst_regs 16>)
+145: p8 = getarrayitem_gc(p6, 0, descr=<ArrayP 8>)
+149: p10 = getarrayitem_gc(p6, 1, descr=<ArrayP 8>)
+153: p12 = getarrayitem_gc(p6, 2, descr=<ArrayP 8>)
+157: p14 = getarrayitem_gc(p6, 3, descr=<ArrayP 8>)
+161: p16 = getarrayitem_gc(p6, 4, descr=<ArrayP 8>)
+165: p18 = getarrayitem_gc(p6, 5, descr=<ArrayP 8>)
+169: p20 = getarrayitem_gc(p6, 6, descr=<ArrayP 8>)
+173: p22 = getarrayitem_gc(p6, 7, descr=<ArrayP 8>)
+177: p24 = getarrayitem_gc(p6, 8, descr=<ArrayP 8>)
+181: p26 = getarrayitem_gc(p6, 9, descr=<ArrayP 8>)
+185: p28 = getarrayitem_gc(p6, 10, descr=<ArrayP 8>)
+189: p30 = getarrayitem_gc(p6, 11, descr=<ArrayP 8>)
+193: p32 = getarrayitem_gc(p6, 12, descr=<ArrayP 8>)
+204: p34 = getarrayitem_gc(p6, 13, descr=<ArrayP 8>)
+215: p36 = getarrayitem_gc(p6, 14, descr=<ArrayP 8>)
+229: p38 = getarrayitem_gc(p6, 15, descr=<ArrayP 8>)
+243: label(i0, i1, i2, p3, p4, p5, p8, p10, p12, p14, p16, p18, p20, p22, p24, p26, p28, p30, p32, p34, p36, p38, descr=TargetToken(4302389280))
debug_merge_point(0, 0, '3 label 2')
+333: p39 = getfield_gc(p3, descr=<FieldP pyrlang.interpreter.interp.Process.inst_y_reg 80>)
debug_merge_point(0, 0, '4 is_lt L3. x(0). #0')
+344: p40 = getfield_gc(p3, descr=<FieldP pyrlang.interpreter.interp.Process.inst_x_reg 72>)
+348: i41 = ptr_eq(p40, p4)
guard_true(i41, descr=<Guard0x100712180>) [i2, i1, i0, p4, p3, p40, p8, p10, p12, p14, p16, p18, p20, p22, p24, p26, p28, p30, p32, p34, p36, p38]
+361: guard_class(p8, ConstClass(W_IntObject), descr=<Guard0x100712860>) [i2, i1, i0, p4, p3, p8, p10, p12, p14, p16, p18, p20, p22, p24, p26, p28, p30, p32, p34, p36, p38]
+373: i43 = getfield_gc_pure(p8, descr=<FieldS pyrlang.interpreter.datatypes.number.W_IntObject.inst_intval 8>)
+377: i45 = int_lt(i43, 0)
guard_false(i45, descr=<Guard0x100712808>) [i2, i1, i0, p4, p3, p8, p10, p12, p14, p16, p18, p20, p22, p24, p26, p28, p30, p32, p34, p36, p38]
debug_merge_point(0, 0, '7 label 3')
debug_merge_point(0, 0, '8 is_eq_exact L4. x(0). #0')
+387: i47 = int_eq(i43, 0)
guard_false(i47, descr=<Guard0x1007127b0>) [i2, i1, i0, p4, p3, p8, p10, p12, p14, p16, p18, p20, p22, p24, p26, p28, p30, p32, p34, p36, p38]
debug_merge_point(0, 0, '11 label 4')
debug_merge_point(0, 0, '12 allocate_zero 2. 1')
+397: i48 = getfield_gc(p39, descr=<FieldS pyrlang.interpreter.register.Y_Register.inst_val_top 40>)
+401: i50 = int_add(i48, 2)
+405: i51 = getfield_gc(p39, descr=<FieldS pyrlang.interpreter.register.Y_Register.inst_val_size 32>)
+409: setfield_gc(p39, i50, descr=<FieldS pyrlang.interpreter.register.Y_Register.inst_val_top 40>)
+413: i52 = int_ge(i50, i51)
guard_false(i52, descr=<Guard0x100712758>) [i2, i1, i0, p4, p3, i50, i51, p39, p8, p10, p12, p14, p16, p18, p20, p22, p24, p26, p28, p30, p32, p34, p36, p38]
+422: p53 = getfield_gc(p39, descr=<FieldP pyrlang.interpreter.register.Y_Register.inst_vals 48>)
+426: i55 = int_lt(i50, 0)
guard_false(i55, descr=<Guard0x100712700>) [i2, i1, i0, p4, p3, i50, p53, p39, p8, p10, p12, p14, p16, p18, p20, p22, p24, p26, p28, p30, p32, p34, p36, p38]
+436: setarrayitem_gc(p53, i50, ConstPtr(ptr56), descr=<ArrayP 8>)
+451: i58 = int_sub(i50, 1)
+455: i60 = int_lt(i58, 0)
guard_false(i60, descr=<Guard0x1007126a8>) [i2, i1, i0, p4, p3, i58, p53, p39, p8, p10, p12, p14, p16, p18, p20, p22, p24, p26, p28, p30, p32, p34, p36, p38]
+465: setarrayitem_gc(p53, i58, ConstPtr(ptr56), descr=<ArrayP 8>)
+480: i62 = int_sub(i58, 1)
debug_merge_point(0, 0, '13 line 2')
debug_merge_point(0, 0, '14 gc_bif2 L0. 1. 0. x(0). #1. x(1)')
+480: i64 = int_sub(i43, 1)
debug_merge_point(0, 0, '15 move x(0). y(1)')
+525: setarrayitem_gc(p53, i58, p8, descr=<ArrayP 8>)
debug_merge_point(0, 0, '16 move x(1). x(0)')
debug_merge_point(0, 0, '17 line 2')
debug_merge_point(0, 0, '18 call 1. L2')
+530: i66 = int_eq(19, i0)
+546: i67 = getfield_gc(p39, descr=<FieldS pyrlang.interpreter.register.Y_Register.inst_addr_top 16>)
+550: i69 = int_add(i67, 1)
+554: i70 = getfield_gc(p39, descr=<FieldS pyrlang.interpreter.register.Y_Register.inst_addr_size 8>)
+558: setfield_gc(p39, i69, descr=<FieldS pyrlang.interpreter.register.Y_Register.inst_addr_top 16>)
+562: i71 = int_ge(i69, i70)
guard_false(i71, descr=<Guard0x100712650>) [i66, i0, i2, i1, p4, p3, i70, p39, p12, p14, p16, p18, p20, p22, p24, p26, p28, p30, p32, p34, p36, p38, i64]
+571: p72 = getfield_gc(p39, descr=<FieldP pyrlang.interpreter.register.Y_Register.inst_addrs 24>)
+575: i74 = int_lt(i69, 0)
guard_false(i74, descr=<Guard0x1007125f8>) [i66, i0, i2, i1, p4, p3, i69, p72, p12, p14, p16, p18, p20, p22, p24, p26, p28, p30, p32, p34, p36, p38, i64]
+628: setarrayitem_gc(p72, i69, ConstPtr(ptr75), descr=<ArrayP 8>)
+643: i77 = int_sub(i1, 1)
+654: guard_true(i2, descr=<Guard0x1007125a0>) [i66, i0, i77, p4, p3, p12, p14, p16, p18, p20, p22, p24, p26, p28, p30, p32, p34, p36, p38, i64]
+670: guard_true(i66, descr=<Guard0x100712548>) [i0, i77, p4, p3, p12, p14, p16, p18, p20, p22, p24, p26, p28, p30, p32, p34, p36, p38, i64]
debug_merge_point(0, 0, '3 label 2')
+679: p78 = same_as(p39)
+682: label(i77, p3, p4, p39, i64, p12, p14, p16, p18, p20, p22, p24, p26, p28, p30, p32, p34, p36, p38, i50, p78, i51, p53, i69, i70, p72, descr=TargetToken(4302389352))
debug_merge_point(0, 0, '3 label 2')
debug_merge_point(0, 0, '4 is_lt L3. x(0). #0')
+717: i79 = int_lt(i64, 0)
guard_false(i79, descr=<Guard0x1007124f0>) [i77, p4, p3, p12, p14, p16, p18, p20, p22, p24, p26, p28, p30, p32, p34, p36, p38, i64]
debug_merge_point(0, 0, '7 label 3')
debug_merge_point(0, 0, '8 is_eq_exact L4. x(0). #0')
+727: i80 = int_eq(i64, 0)
guard_false(i80, descr=<Guard0x100712498>) [i77, p4, p3, p12, p14, p16, p18, p20, p22, p24, p26, p28, p30, p32, p34, p36, p38, i64]
debug_merge_point(0, 0, '11 label 4')
debug_merge_point(0, 0, '12 allocate_zero 2. 1')
+737: i81 = int_add(i50, 2)
+741: setfield_gc(p78, i81, descr=<FieldS pyrlang.interpreter.register.Y_Register.inst_val_top 40>)
+745: i82 = int_ge(i81, i51)
guard_false(i82, descr=<Guard0x100712440>) [i77, p4, p3, i81, i51, p78, p12, p14, p16, p18, p20, p22, p24, p26, p28, p30, p32, p34, p36, p38, i64]
+754: i83 = int_lt(i81, 0)
guard_false(i83, descr=<Guard0x1007123e8>) [i77, p4, p3, i81, p53, p78, p12, p14, p16, p18, p20, p22, p24, p26, p28, p30, p32, p34, p36, p38, i64]
+764: setarrayitem_gc(p53, i81, ConstPtr(ptr56), descr=<ArrayP 8>)
+779: i84 = int_sub(i81, 1)
+783: i85 = int_lt(i84, 0)
guard_false(i85, descr=<Guard0x100712390>) [i77, p4, p3, i84, p53, p78, p12, p14, p16, p18, p20, p22, p24, p26, p28, p30, p32, p34, p36, p38, i64]
+793: setarrayitem_gc(p53, i84, ConstPtr(ptr56), descr=<ArrayP 8>)
+808: i86 = int_sub(i84, 1)
debug_merge_point(0, 0, '13 line 2')
debug_merge_point(0, 0, '14 gc_bif2 L0. 1. 0. x(0). #1. x(1)')
+808: i87 = int_sub(i64, 1)
debug_merge_point(0, 0, '15 move x(0). y(1)')
p89 = new_with_vtable(ConstClass(W_IntObject))
+898: setfield_gc(p89, i64, descr=<FieldS pyrlang.interpreter.datatypes.number.W_IntObject.inst_intval 8>)
+943: setarrayitem_gc(p53, i84, p89, descr=<ArrayP 8>)
debug_merge_point(0, 0, '16 move x(1). x(0)')
debug_merge_point(0, 0, '17 line 2')
debug_merge_point(0, 0, '18 call 1. L2')
+948: i90 = int_add(i69, 1)
+959: setfield_gc(p78, i90, descr=<FieldS pyrlang.interpreter.register.Y_Register.inst_addr_top 16>)
+963: i91 = int_ge(i90, i70)
guard_false(i91, descr=<Guard0x100712338>) [i77, p4, p3, i70, p78, p12, p14, p16, p18, p20, p22, p24, p26, p28, p30, p32, p34, p36, p38, i87]
+972: i92 = int_lt(i90, 0)
guard_false(i92, descr=<Guard0x1007122e0>) [i77, p4, p3, i90, p72, p12, p14, p16, p18, p20, p22, p24, p26, p28, p30, p32, p34, p36, p38, i87]
+1025: setarrayitem_gc(p72, i90, ConstPtr(ptr93), descr=<ArrayP 8>)
+1040: i94 = int_sub(i77, 1)
debug_merge_point(0, 0, '3 label 2')
+1044: jump(i94, p3, p4, p78, i87, p12, p14, p16, p18, p20, p22, p24, p26, p28, p30, p32, p34, p36, p38, i81, p78, i51, p53, i90, i70, p72, descr=TargetToken(4302389352))
+1072: --end of the loop--
[1a6f036de86d0e] jit-log-opt-loop}
[1a6f036e6464ce] {jit-log-opt-bridge
# bridge out of Guard 0x100712498 with 48 ops
[i0, p1, p2, p3, p4, p5, p6, p7, p8, p9, p10, p11, p12, p13, p14, p15, p16, i17]
+59: p18 = getfield_gc(p2, descr=<FieldP pyrlang.interpreter.interp.Process.inst_y_reg 80>)
debug_merge_point(0, 0, '9 move #1. x(0)')
+70: p19 = getfield_gc(p2, descr=<FieldP pyrlang.interpreter.interp.Process.inst_x_reg 72>)
+74: i20 = ptr_eq(p19, p1)
guard_true(i20, descr=<Guard0x100712ac8>) [i0, p1, p2, p19, p3, p4, p5, p6, p7, p8, p9, p10, p11, p12, p13, p14, p15, p16, i17]
debug_merge_point(0, 0, '10 return ')
+87: i21 = getfield_gc(p18, descr=<FieldS pyrlang.interpreter.register.Y_Register.inst_addr_top 16>)
+91: i23 = int_eq(i21, -1)
guard_false(i23, descr=<Guard0x100712f98>) [i0, p18, p1, p2, p3, p4, p5, p6, p7, p8, p9, p10, p11, p12, p13, p14, p15, p16, i17]
+101: p24 = getfield_gc(p18, descr=<FieldP pyrlang.interpreter.register.Y_Register.inst_addrs 24>)
+105: i26 = int_lt(i21, 0)
guard_false(i26, descr=<Guard0x100712f40>) [i21, i0, p18, p24, p1, p2, p3, p4, p5, p6, p7, p8, p9, p10, p11, p12, p13, p14, p15, p16, i17]
+115: p27 = getarrayitem_gc(p24, i21, descr=<ArrayP 8>)
+120: i29 = int_sub(i21, 1)
+125: p30 = getfield_gc_pure(p27, descr=<FieldP tuple2.item0 8>)
+129: i31 = getfield_gc_pure(p27, descr=<FieldS tuple2.item1 16>)
+133: setfield_gc(p18, i29, descr=<FieldS pyrlang.interpreter.register.Y_Register.inst_addr_top 16>)
+137: guard_value(i31, 19, descr=<Guard0x100712ee8>) [i0, i31, p18, p1, p2, p30, p3, p4, p5, p6, p7, p8, p9, p10, p11, p12, p13, p14, p15, p16, i17]
+147: guard_value(p30, ConstPtr(ptr33), descr=<Guard0x100712e90>) [i0, p18, p1, p2, p30, p3, p4, p5, p6, p7, p8, p9, p10, p11, p12, p13, p14, p15, p16, i17]
debug_merge_point(0, 0, '19 line 2')
debug_merge_point(0, 0, '20 gc_bif2 L0. 1. 0. y(1). #2. x(1)')
+166: i34 = getfield_gc(p18, descr=<FieldS pyrlang.interpreter.register.Y_Register.inst_val_top 40>)
+170: i36 = int_sub(i34, 1)
+174: p37 = getfield_gc(p18, descr=<FieldP pyrlang.interpreter.register.Y_Register.inst_vals 48>)
+178: p38 = getarrayitem_gc(p37, i36, descr=<ArrayP 8>)
+183: guard_class(p38, ConstClass(W_IntObject), descr=<Guard0x100712e38>) [i0, p1, p2, p38, p3, p4, p5, p6, p7, p8, p9, p10, p11, p12, p13, p14, p15, p16, i17]
+196: i40 = getfield_gc_pure(p38, descr=<FieldS pyrlang.interpreter.datatypes.number.W_IntObject.inst_intval 8>)
+200: i42 = int_sub_ovf(i40, 2)
guard_no_overflow(descr=<Guard0x100712de0>) [i0, p1, p2, i42, p38, p3, p4, p5, p6, p7, p8, p9, p10, p11, p12, p13, p14, p15, p16, i17]
debug_merge_point(0, 0, '21 move x(0). y(0)')
+210: i44 = int_lt(i34, 0)
guard_false(i44, descr=<Guard0x100712d88>) [i0, p1, p2, i34, p37, p3, p4, p5, p6, p7, p8, p9, p10, p11, p12, p13, p14, p15, p16, i42, None]
+220: setarrayitem_gc(p37, i34, ConstPtr(ptr46), descr=<ArrayP 8>)
debug_merge_point(0, 0, '22 move x(1). x(0)')
debug_merge_point(0, 0, '23 line 2')
debug_merge_point(0, 0, '24 call 1. L2')
+235: i47 = getfield_gc(p18, descr=<FieldS pyrlang.interpreter.register.Y_Register.inst_addr_size 8>)
+239: setfield_gc(p18, i21, descr=<FieldS pyrlang.interpreter.register.Y_Register.inst_addr_top 16>)
+243: i48 = int_ge(i21, i47)
guard_false(i48, descr=<Guard0x100712d30>) [i0, p1, p2, i47, p18, p3, p4, p5, p6, p7, p8, p9, p10, p11, p12, p13, p14, p15, p16, i42, None]
+293: setarrayitem_gc(p24, i21, ConstPtr(ptr49), descr=<ArrayP 8>)
+308: i51 = int_sub(i0, 1)
debug_merge_point(0, 0, '3 label 2')
+312: p52 = same_as(p18)
+312: label(i51, p2, p1, p18, i42, p3, p4, p5, p6, p7, p8, p9, p10, p11, p12, p13, p14, p15, p16, descr=TargetToken(4302389784))
p54 = new_with_vtable(ConstClass(W_IntObject))
+428: setfield_gc(p54, i42, descr=<FieldS pyrlang.interpreter.datatypes.number.W_IntObject.inst_intval 8>)
+432: jump(25, i51, 1, p2, p1, p18, p54, p54, p3, p4, p5, p6, p7, p8, p9, p10, p11, p12, p13, p14, p15, p16, descr=TargetToken(4302389280))
+480: --end of the loop--
[1a6f036e68635e] jit-log-opt-bridge}
[1a6f036e8cd2b8] {jit-log-opt-bridge
# bridge out of Guard 0x1007127b0 with 47 ops
[i0, i1, i2, p3, p4, p5, p6, p7, p8, p9, p10, p11, p12, p13, p14, p15, p16, p17, p18, p19, p20]
+59: p21 = getfield_gc(p4, descr=<FieldP pyrlang.interpreter.interp.Process.inst_y_reg 80>)
debug_merge_point(0, 0, '9 move #1. x(0)')
+63: p22 = getfield_gc(p4, descr=<FieldP pyrlang.interpreter.interp.Process.inst_x_reg 72>)
+67: i23 = ptr_eq(p22, p3)
guard_true(i23, descr=<Guard0x100713048>) [i0, i1, i2, p3, p4, p22, p5, p6, p7, p8, p9, p10, p11, p12, p13, p14, p15, p16, p17, p18, p19, p20]
debug_merge_point(0, 0, '10 return ')
+80: i24 = getfield_gc(p21, descr=<FieldS pyrlang.interpreter.register.Y_Register.inst_addr_top 16>)
+84: i26 = int_eq(i24, -1)
guard_false(i26, descr=<Guard0x1007134c0>) [i2, i0, i1, p21, p3, p4, p6, p7, p8, p9, p10, p11, p12, p13, p14, p15, p16, p17, p18, p19, p20]
+94: p27 = getfield_gc(p21, descr=<FieldP pyrlang.interpreter.register.Y_Register.inst_addrs 24>)
+98: i29 = int_lt(i24, 0)
guard_false(i29, descr=<Guard0x100713468>) [i24, i2, i0, i1, p21, p27, p3, p4, p6, p7, p8, p9, p10, p11, p12, p13, p14, p15, p16, p17, p18, p19, p20]
+108: p30 = getarrayitem_gc(p27, i24, descr=<ArrayP 8>)
+113: i32 = int_sub(i24, 1)
+117: p33 = getfield_gc_pure(p30, descr=<FieldP tuple2.item0 8>)
+121: i34 = getfield_gc_pure(p30, descr=<FieldS tuple2.item1 16>)
+125: setfield_gc(p21, i32, descr=<FieldS pyrlang.interpreter.register.Y_Register.inst_addr_top 16>)
+129: i36 = int_eq(11, i2)
guard_false(i36, descr=<Guard0x100713410>) [i2, i0, i1, i34, p3, p4, p33, p6, p7, p8, p9, p10, p11, p12, p13, p14, p15, p16, p17, p18, p19, p20]
+143: guard_value(i34, 19, descr=<Guard0x1007133b8>) [i0, i1, i34, p21, p3, p4, p33, p6, p7, p8, p9, p10, p11, p12, p13, p14, p15, p16, p17, p18, p19, p20]
+153: guard_value(p33, ConstPtr(ptr38), descr=<Guard0x100713360>) [i0, i1, p21, p3, p4, p33, p6, p7, p8, p9, p10, p11, p12, p13, p14, p15, p16, p17, p18, p19, p20]
debug_merge_point(0, 0, '19 line 2')
debug_merge_point(0, 0, '20 gc_bif2 L0. 1. 0. y(1). #2. x(1)')
+172: i39 = getfield_gc(p21, descr=<FieldS pyrlang.interpreter.register.Y_Register.inst_val_top 40>)
+176: i41 = int_sub(i39, 1)
+180: p42 = getfield_gc(p21, descr=<FieldP pyrlang.interpreter.register.Y_Register.inst_vals 48>)
+184: p43 = getarrayitem_gc(p42, i41, descr=<ArrayP 8>)
+189: guard_class(p43, ConstClass(W_IntObject), descr=<Guard0x100713308>) [i0, i1, p3, p4, p43, p6, p7, p8, p9, p10, p11, p12, p13, p14, p15, p16, p17, p18, p19, p20]
+203: i45 = getfield_gc_pure(p43, descr=<FieldS pyrlang.interpreter.datatypes.number.W_IntObject.inst_intval 8>)
+207: i47 = int_sub_ovf(i45, 2)
guard_no_overflow(descr=<Guard0x1007132b0>) [i0, i1, p3, p4, i47, p43, p6, p7, p8, p9, p10, p11, p12, p13, p14, p15, p16, p17, p18, p19, p20]
debug_merge_point(0, 0, '21 move x(0). y(0)')
+217: i49 = int_lt(i39, 0)
guard_false(i49, descr=<Guard0x100713258>) [i0, i1, p3, p4, i39, p42, p7, p8, p9, p10, p11, p12, p13, p14, p15, p16, p17, p18, p19, p20, i47]
+227: setarrayitem_gc(p42, i39, ConstPtr(ptr50), descr=<ArrayP 8>)
debug_merge_point(0, 0, '22 move x(1). x(0)')
debug_merge_point(0, 0, '23 line 2')
debug_merge_point(0, 0, '24 call 1. L2')
+242: i51 = getfield_gc(p21, descr=<FieldS pyrlang.interpreter.register.Y_Register.inst_addr_size 8>)
+246: setfield_gc(p21, i24, descr=<FieldS pyrlang.interpreter.register.Y_Register.inst_addr_top 16>)
+250: i52 = int_ge(i24, i51)
guard_false(i52, descr=<Guard0x100713200>) [i0, i1, p3, p4, i51, p21, p7, p8, p9, p10, p11, p12, p13, p14, p15, p16, p17, p18, p19, p20, i47]
+300: setarrayitem_gc(p27, i24, ConstPtr(ptr53), descr=<ArrayP 8>)
+315: i55 = int_sub(i1, 1)
+326: guard_true(i0, descr=<Guard0x1007131a8>) [i55, p3, p4, p7, p8, p9, p10, p11, p12, p13, p14, p15, p16, p17, p18, p19, p20, i47]
debug_merge_point(0, 0, '3 label 2')
+342: jump(i55, p4, p3, p21, i47, p7, p8, p9, p10, p11, p12, p13, p14, p15, p16, p17, p18, p19, p20, descr=TargetToken(4302389784))
+384: --end of the loop--
[1a6f036e9184e6] jit-log-opt-bridge}
[1a6f036ef15377] {jit-log-opt-bridge
# bridge out of Guard 0x100712808 with 112 ops
[i0, i1, i2, p3, p4, p5, p6, p7, p8, p9, p10, p11, p12, p13, p14, p15, p16, p17, p18, p19, p20]
+59: p21 = getfield_gc(p4, descr=<FieldP pyrlang.interpreter.interp.Process.inst_y_reg 80>)
debug_merge_point(0, 0, '5 move #0. x(0)')
+63: p22 = getfield_gc(p4, descr=<FieldP pyrlang.interpreter.interp.Process.inst_x_reg 72>)
+67: i23 = ptr_eq(p22, p3)
guard_true(i23, descr=<Guard0x1007136d0>) [i0, i1, i2, p3, p4, p22, p5, p6, p7, p8, p9, p10, p11, p12, p13, p14, p15, p16, p17, p18, p19, p20]
debug_merge_point(0, 0, '6 return ')
+80: i24 = getfield_gc(p21, descr=<FieldS pyrlang.interpreter.register.Y_Register.inst_addr_top 16>)
+84: i26 = int_eq(i24, -1)
guard_false(i26, descr=<Guard0x100764180>) [i2, i0, i1, p21, p3, p4, p6, p7, p8, p9, p10, p11, p12, p13, p14, p15, p16, p17, p18, p19, p20]
+94: p27 = getfield_gc(p21, descr=<FieldP pyrlang.interpreter.register.Y_Register.inst_addrs 24>)
+98: i29 = int_lt(i24, 0)
guard_false(i29, descr=<Guard0x100764128>) [i24, i2, i0, i1, p21, p27, p3, p4, p6, p7, p8, p9, p10, p11, p12, p13, p14, p15, p16, p17, p18, p19, p20]
+108: p30 = getarrayitem_gc(p27, i24, descr=<ArrayP 8>)
+113: i32 = int_sub(i24, 1)
+117: p33 = getfield_gc_pure(p30, descr=<FieldP tuple2.item0 8>)
+121: i34 = getfield_gc_pure(p30, descr=<FieldS tuple2.item1 16>)
+125: setfield_gc(p21, i32, descr=<FieldS pyrlang.interpreter.register.Y_Register.inst_addr_top 16>)
+129: i36 = int_eq(7, i2)
guard_false(i36, descr=<Guard0x1007640d0>) [i2, i0, i1, i34, p3, p4, p33, p6, p7, p8, p9, p10, p11, p12, p13, p14, p15, p16, p17, p18, p19, p20]
+143: guard_value(i34, 25, descr=<Guard0x100764078>) [i0, i1, i34, p21, p3, p4, p33, p6, p7, p8, p9, p10, p11, p12, p13, p14, p15, p16, p17, p18, p19, p20]
+153: guard_value(p33, ConstPtr(ptr38), descr=<Guard0x100764020>) [i0, i1, p21, p3, p4, p33, p6, p7, p8, p9, p10, p11, p12, p13, p14, p15, p16, p17, p18, p19, p20]
debug_merge_point(0, 0, '25 line 2')
debug_merge_point(0, 0, '26 gc_bif2 L0. 1. 1. y(0). x(0). x(0)')
+172: i39 = getfield_gc(p21, descr=<FieldS pyrlang.interpreter.register.Y_Register.inst_val_top 40>)
+176: p40 = getfield_gc(p21, descr=<FieldP pyrlang.interpreter.register.Y_Register.inst_vals 48>)
+180: p41 = getarrayitem_gc(p40, i39, descr=<ArrayP 8>)
+185: guard_class(p41, ConstClass(W_IntObject), descr=<Guard0x100713f68>) [i0, i1, p3, p4, p41, p6, p7, p8, p9, p10, p11, p12, p13, p14, p15, p16, p17, p18, p19, p20]
+199: i43 = getfield_gc_pure(p41, descr=<FieldS pyrlang.interpreter.datatypes.number.W_IntObject.inst_intval 8>)
debug_merge_point(0, 0, '27 line 2')
debug_merge_point(0, 0, '28 gc_bif2 L0. 1. 0. y(1). #3. x(1)')
+203: i45 = int_sub(i39, 1)
+207: p46 = getarrayitem_gc(p40, i45, descr=<ArrayP 8>)
+212: guard_class(p46, ConstClass(W_IntObject), descr=<Guard0x100713f10>) [i0, i1, p3, p4, p46, p6, p7, p8, p9, p10, p11, p12, p13, p14, p15, p16, p17, p18, p19, p20, i43]
+225: i48 = getfield_gc_pure(p46, descr=<FieldS pyrlang.interpreter.datatypes.number.W_IntObject.inst_intval 8>)
+229: i50 = int_sub_ovf(i48, 3)
guard_no_overflow(descr=<Guard0x100713eb8>) [i0, i1, p3, p4, i50, p46, p6, p7, p8, p9, p10, p11, p12, p13, p14, p15, p16, p17, p18, p19, p20, i43]
debug_merge_point(0, 0, '29 move x(0). y(1)')
+239: i52 = int_lt(i45, 0)
guard_false(i52, descr=<Guard0x100713e60>) [i0, i1, p3, p4, i45, p40, p7, p8, p9, p10, p11, p12, p13, p14, p15, p16, p17, p18, p19, p20, i50, i43]
p54 = new_with_vtable(ConstClass(W_IntObject))
+335: setfield_gc(p54, i43, descr=<FieldS pyrlang.interpreter.datatypes.number.W_IntObject.inst_intval 8>)
+387: setarrayitem_gc(p40, i45, p54, descr=<ArrayP 8>)
debug_merge_point(0, 0, '30 trim 1. 1')
debug_merge_point(0, 0, '31 move x(1). x(0)')
debug_merge_point(0, 0, '32 line 2')
debug_merge_point(0, 0, '33 call 1. L2')
+392: i55 = getfield_gc(p21, descr=<FieldS pyrlang.interpreter.register.Y_Register.inst_addr_size 8>)
+396: setfield_gc(p21, i24, descr=<FieldS pyrlang.interpreter.register.Y_Register.inst_addr_top 16>)
+400: setfield_gc(p21, i45, descr=<FieldS pyrlang.interpreter.register.Y_Register.inst_val_top 40>)
+404: i56 = int_ge(i24, i55)
guard_false(i56, descr=<Guard0x100713e08>) [i0, i1, p3, p4, i55, p21, p7, p8, p9, p10, p11, p12, p13, p14, p15, p16, p17, p18, p19, p20, i50]
+454: setarrayitem_gc(p27, i24, ConstPtr(ptr57), descr=<ArrayP 8>)
+469: i59 = int_sub(i1, 1)
+480: guard_true(i0, descr=<Guard0x100713db0>) [i59, p3, p4, p7, p8, p9, p10, p11, p12, p13, p14, p15, p16, p17, p18, p19, p20, i50]
debug_merge_point(0, 0, '3 label 2')
+496: p60 = same_as(p21)
+499: label(i59, p4, p3, p21, i50, p7, p8, p9, p10, p11, p12, p13, p14, p15, p16, p17, p18, p19, p20, p27, i24, p60, i32, p40, i45, i55, descr=TargetToken(4302390936))
debug_merge_point(0, 0, '4 is_lt L3. x(0). #0')
+541: i62 = int_lt(i50, 0)
guard_true(i62, descr=<Guard0x100713d58>) [i59, p3, p4, p7, p8, p9, p10, p11, p12, p13, p14, p15, p16, p17, p18, p19, p20, i50]
debug_merge_point(0, 0, '5 move #0. x(0)')
debug_merge_point(0, 0, '6 return ')
+551: p63 = getarrayitem_gc(p27, i24, descr=<ArrayP 8>)
+556: p64 = getfield_gc_pure(p63, descr=<FieldP tuple2.item0 8>)
+560: i65 = getfield_gc_pure(p63, descr=<FieldS tuple2.item1 16>)
+564: setfield_gc(p60, i32, descr=<FieldS pyrlang.interpreter.register.Y_Register.inst_addr_top 16>)
+568: guard_value(i65, 34, descr=<Guard0x100713d00>) [i59, i65, p60, p3, p4, p64, p7, p8, p9, p10, p11, p12, p13, p14, p15, p16, p17, p18, p19, p20, i50]
+578: guard_value(p64, ConstPtr(ptr67), descr=<Guard0x100713ca8>) [i59, p60, p3, p4, p64, p7, p8, p9, p10, p11, p12, p13, p14, p15, p16, p17, p18, p19, p20, i50]
debug_merge_point(0, 0, '34 line 2')
debug_merge_point(0, 0, '35 gc_bif2 L0. 1. 1. y(0). x(0). x(0)')
+597: p68 = getarrayitem_gc(p40, i45, descr=<ArrayP 8>)
+602: guard_class(p68, ConstClass(W_IntObject), descr=<Guard0x100713c50>) [i59, p3, p4, p68, p7, p8, p9, p10, p11, p12, p13, p14, p15, p16, p17, p18, p19, p20, i50]
+614: i70 = getfield_gc_pure(p68, descr=<FieldS pyrlang.interpreter.datatypes.number.W_IntObject.inst_intval 8>)
debug_merge_point(0, 0, '36 deallocate 1')
+618: i72 = int_sub(i45, 1)
debug_merge_point(0, 0, '37 return ')
+622: setfield_gc(p60, i72, descr=<FieldS pyrlang.interpreter.register.Y_Register.inst_val_top 40>)
+626: i74 = int_eq(i32, -1)
guard_false(i74, descr=<Guard0x100713bf8>) [i59, p60, p3, p4, p7, p8, p9, p10, p11, p12, p13, p14, p15, p16, p17, p18, p19, p20, i70, i50]
+636: i76 = int_lt(i32, 0)
guard_false(i76, descr=<Guard0x100713ba0>) [i32, i59, p60, p27, p3, p4, p7, p8, p9, p10, p11, p12, p13, p14, p15, p16, p17, p18, p19, p20, i70, i50]
+646: p77 = getarrayitem_gc(p27, i32, descr=<ArrayP 8>)
+651: i79 = int_sub(i32, 1)
+656: p80 = getfield_gc_pure(p77, descr=<FieldP tuple2.item0 8>)
+660: i81 = getfield_gc_pure(p77, descr=<FieldS tuple2.item1 16>)
+664: setfield_gc(p60, i79, descr=<FieldS pyrlang.interpreter.register.Y_Register.inst_addr_top 16>)
+668: guard_value(i81, 19, descr=<Guard0x100713b48>) [i59, i81, p60, p3, p4, p80, p7, p8, p9, p10, p11, p12, p13, p14, p15, p16, p17, p18, p19, p20, i70, i50]
+678: guard_value(p80, ConstPtr(ptr83), descr=<Guard0x100713af0>) [i59, p60, p3, p4, p80, p7, p8, p9, p10, p11, p12, p13, p14, p15, p16, p17, p18, p19, p20, i70, i50]
debug_merge_point(0, 0, '19 line 2')
debug_merge_point(0, 0, '20 gc_bif2 L0. 1. 0. y(1). #2. x(1)')
+697: i85 = int_sub(i72, 1)
+701: p86 = getarrayitem_gc(p40, i85, descr=<ArrayP 8>)
+706: guard_class(p86, ConstClass(W_IntObject), descr=<Guard0x100713a98>) [i59, p3, p4, p86, p7, p8, p9, p10, p11, p12, p13, p14, p15, p16, p17, p18, p19, p20, i70, i50]
+718: i88 = getfield_gc_pure(p86, descr=<FieldS pyrlang.interpreter.datatypes.number.W_IntObject.inst_intval 8>)
+722: i90 = int_sub_ovf(i88, 2)
guard_no_overflow(descr=<Guard0x100713a40>) [i59, p3, p4, i90, p86, p7, p8, p9, p10, p11, p12, p13, p14, p15, p16, p17, p18, p19, p20, i70, i50]
debug_merge_point(0, 0, '21 move x(0). y(0)')
+732: i92 = int_lt(i72, 0)
guard_false(i92, descr=<Guard0x1007139e8>) [i59, p3, p4, i72, p40, p7, p8, p9, p10, p11, p12, p13, p14, p15, p16, p17, p18, p19, p20, i90, i70, None]
p95 = new_with_vtable(ConstClass(W_IntObject))
+835: setfield_gc(p95, i70, descr=<FieldS pyrlang.interpreter.datatypes.number.W_IntObject.inst_intval 8>)
+880: setarrayitem_gc(p40, i72, p95, descr=<ArrayP 8>)
debug_merge_point(0, 0, '22 move x(1). x(0)')
debug_merge_point(0, 0, '23 line 2')
debug_merge_point(0, 0, '24 call 1. L2')
+885: setfield_gc(p60, i32, descr=<FieldS pyrlang.interpreter.register.Y_Register.inst_addr_top 16>)
+889: i96 = int_ge(i32, i55)
guard_false(i96, descr=<Guard0x100713990>) [i59, p3, p4, i55, p60, p7, p8, p9, p10, p11, p12, p13, p14, p15, p16, p17, p18, p19, p20, i90]
+943: setarrayitem_gc(p27, i32, ConstPtr(ptr97), descr=<ArrayP 8>)
+958: i99 = int_sub(i59, 1)
debug_merge_point(0, 0, '3 label 2')
+969: jump(i99, p4, p3, p60, i90, p7, p8, p9, p10, p11, p12, p13, p14, p15, p16, p17, p18, p19, p20, descr=TargetToken(4302389784))
+1008: --end of the loop--
[1a6f036efbbe10] jit-log-opt-bridge}
[1a6f036f33d906] {jit-log-opt-bridge
# bridge out of Guard 0x1007133b8 with 50 ops
[i0, i1, i2, p3, p4, p5, p6, p7, p8, p9, p10, p11, p12, p13, p14, p15, p16, p17, p18, p19, p20, p21]
+59: guard_value(i2, 25, descr=<Guard0x100764288>) [i0, i1, i2, p3, p4, p5, p6, p7, p8, p9, p10, p11, p12, p13, p14, p15, p16, p17, p18, p19, p20, p21]
+69: guard_value(p6, ConstPtr(ptr23), descr=<Guard0x100764758>) [i0, i1, p3, p4, p5, p6, p7, p8, p9, p10, p11, p12, p13, p14, p15, p16, p17, p18, p19, p20, p21]
debug_merge_point(0, 0, '25 line 2')
+88: p24 = getfield_gc(p5, descr=<FieldP pyrlang.interpreter.interp.Process.inst_y_reg 80>)
debug_merge_point(0, 0, '26 gc_bif2 L0. 1. 1. y(0). x(0). x(0)')
+92: i25 = getfield_gc(p24, descr=<FieldS pyrlang.interpreter.register.Y_Register.inst_val_top 40>)
+96: p26 = getfield_gc(p24, descr=<FieldP pyrlang.interpreter.register.Y_Register.inst_vals 48>)
+100: p27 = getarrayitem_gc(p26, i25, descr=<ArrayP 8>)
+105: p28 = getfield_gc(p5, descr=<FieldP pyrlang.interpreter.interp.Process.inst_x_reg 72>)
+109: i29 = ptr_eq(p28, p4)
guard_true(i29, descr=<Guard0x100764700>) [i0, i1, p4, p5, p28, p7, p8, p9, p10, p11, p12, p13, p14, p15, p16, p17, p18, p19, p20, p21, p27]
+122: guard_class(p27, ConstClass(W_IntObject), descr=<Guard0x1007646a8>) [i0, i1, p4, p5, p27, p7, p8, p9, p10, p11, p12, p13, p14, p15, p16, p17, p18, p19, p20, p21, None]
+135: i32 = getfield_gc_pure(p27, descr=<FieldS pyrlang.interpreter.datatypes.number.W_IntObject.inst_intval 8>)
+139: i34 = int_add_ovf(i32, 1)
guard_no_overflow(descr=<Guard0x100764650>) [i0, i1, p4, p5, i34, p27, p7, p8, p9, p10, p11, p12, p13, p14, p15, p16, p17, p18, p19, p20, p21, None]
debug_merge_point(0, 0, '27 line 2')
debug_merge_point(0, 0, '28 gc_bif2 L0. 1. 0. y(1). #3. x(1)')
+149: i36 = int_sub(i25, 1)
+153: p37 = getarrayitem_gc(p26, i36, descr=<ArrayP 8>)
+158: guard_class(p37, ConstClass(W_IntObject), descr=<Guard0x1007645f8>) [i0, i1, p4, p5, p37, p7, p8, p9, p10, p11, p12, p13, p14, p15, p16, p17, p18, p19, p20, p21, i34, None]
+171: i39 = getfield_gc_pure(p37, descr=<FieldS pyrlang.interpreter.datatypes.number.W_IntObject.inst_intval 8>)
+175: i41 = int_sub_ovf(i39, 3)
guard_no_overflow(descr=<Guard0x1007645a0>) [i0, i1, p4, p5, i41, p37, p7, p8, p9, p10, p11, p12, p13, p14, p15, p16, p17, p18, p19, p20, p21, i34, None]
debug_merge_point(0, 0, '29 move x(0). y(1)')
+185: i43 = int_lt(i36, 0)
guard_false(i43, descr=<Guard0x100764548>) [i0, i1, p4, p5, i36, p26, p8, p9, p10, p11, p12, p13, p14, p15, p16, p17, p18, p19, p20, p21, i41, i34, None]
p45 = new_with_vtable(ConstClass(W_IntObject))
+274: setfield_gc(p45, i34, descr=<FieldS pyrlang.interpreter.datatypes.number.W_IntObject.inst_intval 8>)
+319: setarrayitem_gc(p26, i36, p45, descr=<ArrayP 8>)
debug_merge_point(0, 0, '30 trim 1. 1')
debug_merge_point(0, 0, '31 move x(1). x(0)')
debug_merge_point(0, 0, '32 line 2')
debug_merge_point(0, 0, '33 call 1. L2')
+324: i46 = getfield_gc(p24, descr=<FieldS pyrlang.interpreter.register.Y_Register.inst_addr_top 16>)
+328: i48 = int_add(i46, 1)
+332: i49 = getfield_gc(p24, descr=<FieldS pyrlang.interpreter.register.Y_Register.inst_addr_size 8>)
+336: setfield_gc(p24, i36, descr=<FieldS pyrlang.interpreter.register.Y_Register.inst_val_top 40>)
+340: setfield_gc(p24, i48, descr=<FieldS pyrlang.interpreter.register.Y_Register.inst_addr_top 16>)
+344: i50 = int_ge(i48, i49)
guard_false(i50, descr=<Guard0x1007644f0>) [i0, i1, p4, p5, i49, p24, p8, p9, p10, p11, p12, p13, p14, p15, p16, p17, p18, p19, p20, p21, i41]
+353: p51 = getfield_gc(p24, descr=<FieldP pyrlang.interpreter.register.Y_Register.inst_addrs 24>)
+357: i53 = int_lt(i48, 0)
guard_false(i53, descr=<Guard0x100764498>) [i0, i1, p4, p5, i48, p51, p8, p9, p10, p11, p12, p13, p14, p15, p16, p17, p18, p19, p20, p21, i41]
+408: setarrayitem_gc(p51, i48, ConstPtr(ptr54), descr=<ArrayP 8>)
+423: i56 = int_sub(i1, 1)
+434: guard_true(i0, descr=<Guard0x100764440>) [i56, p4, p5, p8, p9, p10, p11, p12, p13, p14, p15, p16, p17, p18, p19, p20, p21, i41]
debug_merge_point(0, 0, '3 label 2')
+450: i58 = int_ge(i49, 1)
guard_true(i58, descr=<Guard0x1007643e8>) [i56, p24, p4, p5, p8, p9, p10, p11, p12, p13, p14, p15, p16, p17, p18, p19, p20, p21, i41]
+460: jump(i56, p5, p4, p24, i41, p8, p9, p10, p11, p12, p13, p14, p15, p16, p17, p18, p19, p20, p21, p51, i48, p24, i46, p26, i36, i49, descr=TargetToken(4302390936))
+512: --end of the loop--
[1a6f036f38e5b2] jit-log-opt-bridge}
[1a6f036f6eb866] {jit-log-opt-bridge
# bridge out of Guard 0x100712548 with 21 ops
[i0, i1, p2, p3, p4, p5, p6, p7, p8, p9, p10, p11, p12, p13, p14, p15, p16, p17, i18]
+59: p19 = getfield_gc(p3, descr=<FieldP pyrlang.interpreter.interp.Process.inst_y_reg 80>)
debug_merge_point(0, 0, '3 label 2')
+63: guard_nonnull(p19, descr=<Guard0x100764808>) [i1, p19, p2, p3, p4, p5, p6, p7, p8, p9, p10, p11, p12, p13, p14, p15, p16, p17, i18]
+72: i21 = int_ge(i18, -1)
guard_true(i21, descr=<Guard0x100764a70>) [i1, p19, p2, p3, p4, p5, p6, p7, p8, p9, p10, p11, p12, p13, p14, p15, p16, p17, i18]
+82: p22 = getfield_gc(p3, descr=<FieldP pyrlang.interpreter.interp.Process.inst_x_reg 72>)
+86: i23 = ptr_eq(p22, p2)
guard_true(i23, descr=<Guard0x100764a18>) [i1, p19, p2, p3, p4, p5, p6, p7, p8, p9, p10, p11, p12, p13, p14, p15, p16, p17, i18]
+99: i24 = getfield_gc(p19, descr=<FieldS pyrlang.interpreter.register.Y_Register.inst_val_top 40>)
+103: i26 = int_ge(i24, 1)
guard_true(i26, descr=<Guard0x1007649c0>) [i1, p19, p2, p3, p4, p5, p6, p7, p8, p9, p10, p11, p12, p13, p14, p15, p16, p17, i18]
+113: i27 = getfield_gc(p19, descr=<FieldS pyrlang.interpreter.register.Y_Register.inst_val_size 32>)
+117: p28 = getfield_gc(p19, descr=<FieldP pyrlang.interpreter.register.Y_Register.inst_vals 48>)
+121: guard_nonnull(p28, descr=<Guard0x100764968>) [i1, p19, p2, p3, p4, p5, p6, p7, p8, p9, p10, p11, p12, p13, p14, p15, p16, p17, i18]
+130: i29 = getfield_gc(p19, descr=<FieldS pyrlang.interpreter.register.Y_Register.inst_addr_top 16>)
+134: i31 = int_ge(i29, 0)
guard_true(i31, descr=<Guard0x100764910>) [i1, p19, p2, p3, p4, p5, p6, p7, p8, p9, p10, p11, p12, p13, p14, p15, p16, p17, i18]
+144: i32 = getfield_gc(p19, descr=<FieldS pyrlang.interpreter.register.Y_Register.inst_addr_size 8>)
+148: p33 = getfield_gc(p19, descr=<FieldP pyrlang.interpreter.register.Y_Register.inst_addrs 24>)
+152: guard_nonnull(p33, descr=<Guard0x1007648b8>) [i1, p19, p2, p3, p4, p5, p6, p7, p8, p9, p10, p11, p12, p13, p14, p15, p16, p17, i18]
+161: jump(i1, p3, p2, p19, i18, p4, p5, p6, p7, p8, p9, p10, p11, p12, p13, p14, p15, p16, p17, i24, p19, i27, p28, i29, i32, p33, descr=TargetToken(4302389352))
+208: --end of the loop--
[1a6f036f70aee8] jit-log-opt-bridge}
[1a6f036f9aed0f] {jit-log-opt-bridge
# bridge out of Guard 0x100713b48 with 49 ops
[i0, i1, p2, p3, p4, p5, p6, p7, p8, p9, p10, p11, p12, p13, p14, p15, p16, p17, p18, p19, i20, i21]
+59: guard_value(i1, 25, descr=<Guard0x100764c28>) [i0, i1, p2, p3, p4, p5, p6, p7, p8, p9, p10, p11, p12, p13, p14, p15, p16, p17, p18, p19, i21, i20]
+69: guard_value(p5, ConstPtr(ptr23), descr=<Guard0x1007650a0>) [i0, p2, p3, p4, p5, p6, p7, p8, p9, p10, p11, p12, p13, p14, p15, p16, p17, p18, p19, i21, i20]
debug_merge_point(0, 0, '25 line 2')
+88: p24 = getfield_gc(p4, descr=<FieldP pyrlang.interpreter.interp.Process.inst_y_reg 80>)
debug_merge_point(0, 0, '26 gc_bif2 L0. 1. 1. y(0). x(0). x(0)')
+99: i25 = getfield_gc(p24, descr=<FieldS pyrlang.interpreter.register.Y_Register.inst_val_top 40>)
+103: p26 = getfield_gc(p24, descr=<FieldP pyrlang.interpreter.register.Y_Register.inst_vals 48>)
+107: p27 = getarrayitem_gc(p26, i25, descr=<ArrayP 8>)
+112: p28 = getfield_gc(p4, descr=<FieldP pyrlang.interpreter.interp.Process.inst_x_reg 72>)
+116: i29 = ptr_eq(p28, p3)
guard_true(i29, descr=<Guard0x100765048>) [i0, p3, p4, p28, p6, p7, p8, p9, p10, p11, p12, p13, p14, p15, p16, p17, p18, p19, p27, i21, i20]
+129: guard_class(p27, ConstClass(W_IntObject), descr=<Guard0x100764ff0>) [i0, p3, p4, p27, p6, p7, p8, p9, p10, p11, p12, p13, p14, p15, p16, p17, p18, p19, None, i21, i20]
+142: i32 = getfield_gc_pure(p27, descr=<FieldS pyrlang.interpreter.datatypes.number.W_IntObject.inst_intval 8>)
+146: i33 = int_add_ovf(i32, i20)
guard_no_overflow(descr=<Guard0x100764f98>) [i0, p3, p4, i33, p27, p6, p7, p8, p9, p10, p11, p12, p13, p14, p15, p16, p17, p18, p19, None, i21, i20]
debug_merge_point(0, 0, '27 line 2')
debug_merge_point(0, 0, '28 gc_bif2 L0. 1. 0. y(1). #3. x(1)')
+155: i35 = int_sub(i25, 1)
+159: p36 = getarrayitem_gc(p26, i35, descr=<ArrayP 8>)
+164: guard_class(p36, ConstClass(W_IntObject), descr=<Guard0x100764f40>) [i0, p3, p4, p36, p6, p7, p8, p9, p10, p11, p12, p13, p14, p15, p16, p17, p18, p19, i33, None, i21, None]
+176: i38 = getfield_gc_pure(p36, descr=<FieldS pyrlang.interpreter.datatypes.number.W_IntObject.inst_intval 8>)
+180: i40 = int_sub_ovf(i38, 3)
guard_no_overflow(descr=<Guard0x100764ee8>) [i0, p3, p4, i40, p36, p6, p7, p8, p9, p10, p11, p12, p13, p14, p15, p16, p17, p18, p19, i33, None, i21, None]
debug_merge_point(0, 0, '29 move x(0). y(1)')
+190: i42 = int_lt(i35, 0)
guard_false(i42, descr=<Guard0x100764e90>) [i0, p3, p4, i35, p26, p6, p7, p8, p9, p10, p11, p12, p13, p14, p15, p16, p17, p18, p19, i40, i33, None, None, None]
p44 = new_with_vtable(ConstClass(W_IntObject))
+286: setfield_gc(p44, i33, descr=<FieldS pyrlang.interpreter.datatypes.number.W_IntObject.inst_intval 8>)
+331: setarrayitem_gc(p26, i35, p44, descr=<ArrayP 8>)
debug_merge_point(0, 0, '30 trim 1. 1')
debug_merge_point(0, 0, '31 move x(1). x(0)')
debug_merge_point(0, 0, '32 line 2')
debug_merge_point(0, 0, '33 call 1. L2')
+336: i45 = getfield_gc(p24, descr=<FieldS pyrlang.interpreter.register.Y_Register.inst_addr_top 16>)
+340: i47 = int_add(i45, 1)
+344: i48 = getfield_gc(p24, descr=<FieldS pyrlang.interpreter.register.Y_Register.inst_addr_size 8>)
+348: setfield_gc(p24, i35, descr=<FieldS pyrlang.interpreter.register.Y_Register.inst_val_top 40>)
+352: setfield_gc(p24, i47, descr=<FieldS pyrlang.interpreter.register.Y_Register.inst_addr_top 16>)
+356: i49 = int_ge(i47, i48)
guard_false(i49, descr=<Guard0x100764e38>) [i0, p3, p4, i48, p24, p6, p7, p8, p9, p10, p11, p12, p13, p14, p15, p16, p17, p18, p19, i40]
+365: p50 = getfield_gc(p24, descr=<FieldP pyrlang.interpreter.register.Y_Register.inst_addrs 24>)
+369: i52 = int_lt(i47, 0)
guard_false(i52, descr=<Guard0x100764de0>) [i0, p3, p4, i47, p50, p6, p7, p8, p9, p10, p11, p12, p13, p14, p15, p16, p17, p18, p19, i40]
+418: setarrayitem_gc(p50, i47, ConstPtr(ptr53), descr=<ArrayP 8>)
+433: i55 = int_sub(i0, 1)
debug_merge_point(0, 0, '3 label 2')
+444: i57 = int_ge(i48, 1)
guard_true(i57, descr=<Guard0x100764d88>) [i55, p24, p3, p4, p6, p7, p8, p9, p10, p11, p12, p13, p14, p15, p16, p17, p18, p19, i40]
+454: jump(i55, p4, p3, p24, i40, p6, p7, p8, p9, p10, p11, p12, p13, p14, p15, p16, p17, p18, p19, p50, i47, p24, i45, p26, i35, i48, descr=TargetToken(4302390936))
+512: --end of the loop--
[1a6f036f9fe434] jit-log-opt-bridge}
[1a6f036fe9b457] {jit-log-opt-loop
# Loop 1 (34 line 2) : loop with 77 ops
[i0, i1, i2, p3, p4, p5]
+134: p6 = getfield_gc(p4, descr=<FieldP pyrlang.interpreter.register.X_Register.inst_regs 16>)
+145: p8 = getarrayitem_gc(p6, 0, descr=<ArrayP 8>)
+149: p10 = getarrayitem_gc(p6, 1, descr=<ArrayP 8>)
+153: p12 = getarrayitem_gc(p6, 2, descr=<ArrayP 8>)
+157: p14 = getarrayitem_gc(p6, 3, descr=<ArrayP 8>)
+161: p16 = getarrayitem_gc(p6, 4, descr=<ArrayP 8>)
+165: p18 = getarrayitem_gc(p6, 5, descr=<ArrayP 8>)
+169: p20 = getarrayitem_gc(p6, 6, descr=<ArrayP 8>)
+173: p22 = getarrayitem_gc(p6, 7, descr=<ArrayP 8>)
+177: p24 = getarrayitem_gc(p6, 8, descr=<ArrayP 8>)
+181: p26 = getarrayitem_gc(p6, 9, descr=<ArrayP 8>)
+185: p28 = getarrayitem_gc(p6, 10, descr=<ArrayP 8>)
+189: p30 = getarrayitem_gc(p6, 11, descr=<ArrayP 8>)
+193: p32 = getarrayitem_gc(p6, 12, descr=<ArrayP 8>)
+204: p34 = getarrayitem_gc(p6, 13, descr=<ArrayP 8>)
+215: p36 = getarrayitem_gc(p6, 14, descr=<ArrayP 8>)
+229: p38 = getarrayitem_gc(p6, 15, descr=<ArrayP 8>)
+243: label(i0, i1, i2, p3, p4, p5, p8, p10, p12, p14, p16, p18, p20, p22, p24, p26, p28, p30, p32, p34, p36, p38, descr=TargetToken(4302392664))
+333: p39 = getfield_gc(p3, descr=<FieldP pyrlang.interpreter.interp.Process.inst_y_reg 80>)
debug_merge_point(0, 0, '35 gc_bif2 L0. 1. 1. y(0). x(0). x(0)')
+344: i40 = getfield_gc(p39, descr=<FieldS pyrlang.interpreter.register.Y_Register.inst_val_top 40>)
+348: p41 = getfield_gc(p39, descr=<FieldP pyrlang.interpreter.register.Y_Register.inst_vals 48>)
+352: p42 = getarrayitem_gc(p41, i40, descr=<ArrayP 8>)
+357: p43 = getfield_gc(p3, descr=<FieldP pyrlang.interpreter.interp.Process.inst_x_reg 72>)
+361: i44 = ptr_eq(p43, p4)
guard_true(i44, descr=<Guard0x100765258>) [i2, i1, i0, p4, p3, p43, p8, p10, p12, p14, p16, p18, p20, p22, p24, p26, p28, p30, p32, p34, p36, p38, p42]
+374: guard_class(p42, ConstClass(W_IntObject), descr=<Guard0x100765938>) [i2, i1, i0, p4, p3, p8, p42, p10, p12, p14, p16, p18, p20, p22, p24, p26, p28, p30, p32, p34, p36, p38, None]
+386: guard_nonnull_class(p8, ConstClass(W_IntObject), descr=<Guard0x1007658e0>) [i2, i1, i0, p4, p3, p8, p42, p10, p12, p14, p16, p18, p20, p22, p24, p26, p28, p30, p32, p34, p36, p38, None]
+404: i48 = getfield_gc_pure(p42, descr=<FieldS pyrlang.interpreter.datatypes.number.W_IntObject.inst_intval 8>)
+408: i49 = getfield_gc_pure(p8, descr=<FieldS pyrlang.interpreter.datatypes.number.W_IntObject.inst_intval 8>)
+412: i50 = int_add_ovf(i48, i49)
guard_no_overflow(descr=<Guard0x100765888>) [i2, i1, i0, p4, p3, i50, p8, p42, p10, p12, p14, p16, p18, p20, p22, p24, p26, p28, p30, p32, p34, p36, p38, None]
debug_merge_point(0, 0, '36 deallocate 1')
+421: i52 = int_sub(i40, 1)
debug_merge_point(0, 0, '37 return ')
+425: i53 = getfield_gc(p39, descr=<FieldS pyrlang.interpreter.register.Y_Register.inst_addr_top 16>)
+429: setfield_gc(p39, i52, descr=<FieldS pyrlang.interpreter.register.Y_Register.inst_val_top 40>)
+433: i55 = int_eq(i53, -1)
guard_false(i55, descr=<Guard0x100765830>) [i0, i2, i1, p39, p4, p3, p10, p12, p14, p16, p18, p20, p22, p24, p26, p28, p30, p32, p34, p36, p38, i50, None]
+443: p56 = getfield_gc(p39, descr=<FieldP pyrlang.interpreter.register.Y_Register.inst_addrs 24>)
+447: i58 = int_lt(i53, 0)
guard_false(i58, descr=<Guard0x1007657d8>) [i53, i0, i2, i1, p39, p56, p4, p3, p10, p12, p14, p16, p18, p20, p22, p24, p26, p28, p30, p32, p34, p36, p38, i50, None]
+457: p59 = getarrayitem_gc(p56, i53, descr=<ArrayP 8>)
+462: i61 = int_sub(i53, 1)
+466: p62 = getfield_gc_pure(p59, descr=<FieldP tuple2.item0 8>)
+470: i63 = getfield_gc_pure(p59, descr=<FieldS tuple2.item1 16>)
+474: setfield_gc(p39, i61, descr=<FieldS pyrlang.interpreter.register.Y_Register.inst_addr_top 16>)
+478: i65 = int_eq(38, i0)
guard_true(i65, descr=<Guard0x100765780>) [i0, i2, i1, i63, p4, p3, p62, p10, p12, p14, p16, p18, p20, p22, p24, p26, p28, p30, p32, p34, p36, p38, i50, None]
+492: guard_value(i63, 34, descr=<Guard0x100765728>) [i2, i1, i63, p39, p4, p3, p62, p10, p12, p14, p16, p18, p20, p22, p24, p26, p28, p30, p32, p34, p36, p38, i50, None]
+502: guard_value(p62, ConstPtr(ptr67), descr=<Guard0x1007656d0>) [i2, i1, p39, p4, p3, p62, p10, p12, p14, p16, p18, p20, p22, p24, p26, p28, p30, p32, p34, p36, p38, i50, None]
debug_merge_point(0, 0, '34 line 2')
+521: p68 = same_as(p39)
+524: label(i1, i2, p3, p4, p39, i50, p10, p12, p14, p16, p18, p20, p22, p24, p26, p28, p30, p32, p34, p36, p38, p41, i52, p68, i61, p56, descr=TargetToken(4302392736))
debug_merge_point(0, 0, '35 gc_bif2 L0. 1. 1. y(0). x(0). x(0)')
+557: p69 = getarrayitem_gc(p41, i52, descr=<ArrayP 8>)
+562: guard_class(p69, ConstClass(W_IntObject), descr=<Guard0x100765678>) [i2, i1, p4, p3, p69, p10, p12, p14, p16, p18, p20, p22, p24, p26, p28, p30, p32, p34, p36, p38, i50]
+574: i70 = getfield_gc_pure(p69, descr=<FieldS pyrlang.interpreter.datatypes.number.W_IntObject.inst_intval 8>)
+578: i71 = int_add_ovf(i70, i50)
guard_no_overflow(descr=<Guard0x100765620>) [i2, i1, p4, p3, i71, p69, p10, p12, p14, p16, p18, p20, p22, p24, p26, p28, p30, p32, p34, p36, p38, i50]
debug_merge_point(0, 0, '36 deallocate 1')
+587: i72 = int_sub(i52, 1)
debug_merge_point(0, 0, '37 return ')
+591: setfield_gc(p68, i72, descr=<FieldS pyrlang.interpreter.register.Y_Register.inst_val_top 40>)
+595: i73 = int_eq(i61, -1)
guard_false(i73, descr=<Guard0x1007655c8>) [i2, i1, p68, p4, p3, p10, p12, p14, p16, p18, p20, p22, p24, p26, p28, p30, p32, p34, p36, p38, i71, None]
+605: i74 = int_lt(i61, 0)
guard_false(i74, descr=<Guard0x100765570>) [i61, i2, i1, p68, p56, p4, p3, p10, p12, p14, p16, p18, p20, p22, p24, p26, p28, p30, p32, p34, p36, p38, i71, None]
+615: p75 = getarrayitem_gc(p56, i61, descr=<ArrayP 8>)
+620: i76 = int_sub(i61, 1)
+624: p77 = getfield_gc_pure(p75, descr=<FieldP tuple2.item0 8>)
+628: i78 = getfield_gc_pure(p75, descr=<FieldS tuple2.item1 16>)
+632: setfield_gc(p68, i76, descr=<FieldS pyrlang.interpreter.register.Y_Register.inst_addr_top 16>)
+636: guard_value(i78, 34, descr=<Guard0x100765518>) [i2, i1, i78, p68, p4, p3, p77, p10, p12, p14, p16, p18, p20, p22, p24, p26, p28, p30, p32, p34, p36, p38, i71, None]
+646: guard_value(p77, ConstPtr(ptr67), descr=<Guard0x1007654c0>) [i2, i1, p68, p4, p3, p77, p10, p12, p14, p16, p18, p20, p22, p24, p26, p28, p30, p32, p34, p36, p38, i71, None]
debug_merge_point(0, 0, '34 line 2')
+665: jump(i1, i2, p3, p4, p68, i71, p10, p12, p14, p16, p18, p20, p22, p24, p26, p28, p30, p32, p34, p36, p38, p41, i72, p68, i76, p56, descr=TargetToken(4302392736))
+688: --end of the loop--
[1a6f036ff0ef30] jit-log-opt-loop}
[1a6f0370d58061] {jit-log-opt-bridge
# bridge out of Guard 0x100713d58 with 51 ops
[i0, p1, p2, p3, p4, p5, p6, p7, p8, p9, p10, p11, p12, p13, p14, p15, p16, i17]
+59: p18 = getfield_gc(p2, descr=<FieldP pyrlang.interpreter.interp.Process.inst_y_reg 80>)
debug_merge_point(0, 0, '7 label 3')
debug_merge_point(0, 0, '8 is_eq_exact L4. x(0). #0')
+70: p19 = getfield_gc(p2, descr=<FieldP pyrlang.interpreter.interp.Process.inst_x_reg 72>)
+74: i20 = ptr_eq(p19, p1)
guard_true(i20, descr=<Guard0x100765b48>) [i0, p1, p2, p19, p3, p4, p5, p6, p7, p8, p9, p10, p11, p12, p13, p14, p15, p16, i17]
+87: i22 = int_eq(i17, 0)
guard_false(i22, descr=<Guard0x100765eb8>) [i0, p1, p2, p3, p4, p5, p6, p7, p8, p9, p10, p11, p12, p13, p14, p15, p16, i17]
debug_merge_point(0, 0, '11 label 4')
debug_merge_point(0, 0, '12 allocate_zero 2. 1')
+97: i23 = getfield_gc(p18, descr=<FieldS pyrlang.interpreter.register.Y_Register.inst_val_top 40>)
+101: i25 = int_add(i23, 2)
+105: i26 = getfield_gc(p18, descr=<FieldS pyrlang.interpreter.register.Y_Register.inst_val_size 32>)
+109: setfield_gc(p18, i25, descr=<FieldS pyrlang.interpreter.register.Y_Register.inst_val_top 40>)
+113: i27 = int_ge(i25, i26)
guard_false(i27, descr=<Guard0x100765e60>) [i0, p1, p2, i25, i26, p18, p3, p4, p5, p6, p7, p8, p9, p10, p11, p12, p13, p14, p15, p16, i17]
+122: p28 = getfield_gc(p18, descr=<FieldP pyrlang.interpreter.register.Y_Register.inst_vals 48>)
+126: i30 = int_lt(i25, 0)
guard_false(i30, descr=<Guard0x100765e08>) [i0, p1, p2, i25, p28, p18, p3, p4, p5, p6, p7, p8, p9, p10, p11, p12, p13, p14, p15, p16, i17]
+136: setarrayitem_gc(p28, i25, ConstPtr(ptr31), descr=<ArrayP 8>)
+151: i33 = int_sub(i25, 1)
+156: i35 = int_lt(i33, 0)
guard_false(i35, descr=<Guard0x100765db0>) [i0, p1, p2, i33, p28, p18, p3, p4, p5, p6, p7, p8, p9, p10, p11, p12, p13, p14, p15, p16, i17]
+166: setarrayitem_gc(p28, i33, ConstPtr(ptr31), descr=<ArrayP 8>)
+181: i37 = int_sub(i33, 1)
debug_merge_point(0, 0, '13 line 2')
debug_merge_point(0, 0, '14 gc_bif2 L0. 1. 0. x(0). #1. x(1)')
+181: i39 = int_sub_ovf(i17, 1)
guard_no_overflow(descr=<Guard0x100765d58>) [i0, p1, p2, i39, p3, p4, p5, p6, p7, p8, p9, p10, p11, p12, p13, p14, p15, p16, i17]
debug_merge_point(0, 0, '15 move x(0). y(1)')
p41 = new_with_vtable(ConstClass(W_IntObject))
+280: setfield_gc(p41, i17, descr=<FieldS pyrlang.interpreter.datatypes.number.W_IntObject.inst_intval 8>)
+325: setarrayitem_gc(p28, i33, p41, descr=<ArrayP 8>)
debug_merge_point(0, 0, '16 move x(1). x(0)')
debug_merge_point(0, 0, '17 line 2')
debug_merge_point(0, 0, '18 call 1. L2')
+330: i42 = getfield_gc(p18, descr=<FieldS pyrlang.interpreter.register.Y_Register.inst_addr_top 16>)
+334: i44 = int_add(i42, 1)
+338: i45 = getfield_gc(p18, descr=<FieldS pyrlang.interpreter.register.Y_Register.inst_addr_size 8>)
+342: setfield_gc(p18, i44, descr=<FieldS pyrlang.interpreter.register.Y_Register.inst_addr_top 16>)
+346: i46 = int_ge(i44, i45)
guard_false(i46, descr=<Guard0x100765d00>) [i0, p1, p2, i45, p18, p3, p4, p5, p6, p7, p8, p9, p10, p11, p12, p13, p14, p15, p16, i39]
+355: p47 = getfield_gc(p18, descr=<FieldP pyrlang.interpreter.register.Y_Register.inst_addrs 24>)
+359: i49 = int_lt(i44, 0)
guard_false(i49, descr=<Guard0x100765ca8>) [i0, p1, p2, i44, p47, p3, p4, p5, p6, p7, p8, p9, p10, p11, p12, p13, p14, p15, p16, i39]
+410: setarrayitem_gc(p47, i44, ConstPtr(ptr50), descr=<ArrayP 8>)
+425: i52 = int_sub(i0, 1)
debug_merge_point(0, 0, '3 label 2')
+436: i54 = int_ge(i39, -1)
guard_true(i54, descr=<Guard0x100765c50>) [i52, p18, p1, p2, p3, p4, p5, p6, p7, p8, p9, p10, p11, p12, p13, p14, p15, p16, i39]
+446: jump(i52, p2, p1, p18, i39, p3, p4, p5, p6, p7, p8, p9, p10, p11, p12, p13, p14, p15, p16, i25, p18, i26, p28, i44, i45, p47, descr=TargetToken(4302389352))
+512: --end of the loop--
[1a6f0370dab6f1] jit-log-opt-bridge}
[1a6f03711db93f] {jit-log-opt-loop
# Loop 2 (19 line 2) : entry bridge with 54 ops
[i0, i1, i2, p3, p4, p5]
+134: p6 = getfield_gc(p4, descr=<FieldP pyrlang.interpreter.register.X_Register.inst_regs 16>)
+145: p8 = getarrayitem_gc(p6, 0, descr=<ArrayP 8>)
+149: p10 = getarrayitem_gc(p6, 1, descr=<ArrayP 8>)
+153: p12 = getarrayitem_gc(p6, 2, descr=<ArrayP 8>)
+157: p14 = getarrayitem_gc(p6, 3, descr=<ArrayP 8>)
+161: p16 = getarrayitem_gc(p6, 4, descr=<ArrayP 8>)
+165: p18 = getarrayitem_gc(p6, 5, descr=<ArrayP 8>)
+169: p20 = getarrayitem_gc(p6, 6, descr=<ArrayP 8>)
+173: p22 = getarrayitem_gc(p6, 7, descr=<ArrayP 8>)
+177: p24 = getarrayitem_gc(p6, 8, descr=<ArrayP 8>)
+181: p26 = getarrayitem_gc(p6, 9, descr=<ArrayP 8>)
+185: p28 = getarrayitem_gc(p6, 10, descr=<ArrayP 8>)
+189: p30 = getarrayitem_gc(p6, 11, descr=<ArrayP 8>)
+193: p32 = getarrayitem_gc(p6, 12, descr=<ArrayP 8>)
+204: p34 = getarrayitem_gc(p6, 13, descr=<ArrayP 8>)
+215: p36 = getarrayitem_gc(p6, 14, descr=<ArrayP 8>)
+229: p38 = getarrayitem_gc(p6, 15, descr=<ArrayP 8>)
debug_merge_point(0, 0, '19 line 2')
+243: p39 = getfield_gc(p3, descr=<FieldP pyrlang.interpreter.interp.Process.inst_y_reg 80>)
debug_merge_point(0, 0, '20 gc_bif2 L0. 1. 0. y(1). #2. x(1)')
+261: i40 = getfield_gc(p39, descr=<FieldS pyrlang.interpreter.register.Y_Register.inst_val_top 40>)
+272: i42 = int_sub(i40, 1)
+284: p43 = getfield_gc(p39, descr=<FieldP pyrlang.interpreter.register.Y_Register.inst_vals 48>)
+295: p44 = getarrayitem_gc(p43, i42, descr=<ArrayP 8>)
+307: guard_class(p44, ConstClass(W_IntObject), descr=<Guard0x1007a20d0>) [i2, i1, i0, p4, p3, p44, p8, p10, p12, p14, p16, p18, p20, p22, p24, p26, p28, p30, p32, p34, p36, p38]
+320: i46 = getfield_gc_pure(p44, descr=<FieldS pyrlang.interpreter.datatypes.number.W_IntObject.inst_intval 8>)
+324: i48 = int_sub_ovf(i46, 2)
guard_no_overflow(descr=<Guard0x1007a23e8>) [i2, i1, i0, p4, p3, i48, p44, p8, p10, p12, p14, p16, p18, p20, p22, p24, p26, p28, p30, p32, p34, p36, p38]
+334: p49 = getfield_gc(p3, descr=<FieldP pyrlang.interpreter.interp.Process.inst_x_reg 72>)
+338: i50 = ptr_eq(p49, p4)
guard_true(i50, descr=<Guard0x1007a2390>) [i2, i1, i0, p4, p3, p49, p8, p10, p12, p14, p16, p18, p20, p22, p24, p26, p28, p30, p32, p34, p36, p38, i48]
debug_merge_point(0, 0, '21 move x(0). y(0)')
+351: i52 = int_lt(i40, 0)
guard_false(i52, descr=<Guard0x1007a2338>) [i2, i1, i0, p4, p3, i40, p8, p43, p12, p14, p16, p18, p20, p22, p24, p26, p28, p30, p32, p34, p36, p38, i48]
+402: setarrayitem_gc(p43, i40, p8, descr=<ArrayP 8>)
debug_merge_point(0, 0, '22 move x(1). x(0)')
debug_merge_point(0, 0, '23 line 2')
debug_merge_point(0, 0, '24 call 1. L2')
+407: i54 = int_eq(25, i0)
+423: i55 = getfield_gc(p39, descr=<FieldS pyrlang.interpreter.register.Y_Register.inst_addr_top 16>)
+427: i57 = int_add(i55, 1)
+432: i58 = getfield_gc(p39, descr=<FieldS pyrlang.interpreter.register.Y_Register.inst_addr_size 8>)
+436: setfield_gc(p39, i57, descr=<FieldS pyrlang.interpreter.register.Y_Register.inst_addr_top 16>)
+440: i59 = int_ge(i57, i58)
guard_false(i59, descr=<Guard0x1007a22e0>) [i54, i0, i2, i1, p4, p3, i58, p39, p12, p14, p16, p18, p20, p22, p24, p26, p28, p30, p32, p34, p36, p38, i48]
+449: p60 = getfield_gc(p39, descr=<FieldP pyrlang.interpreter.register.Y_Register.inst_addrs 24>)
+453: i62 = int_lt(i57, 0)
guard_false(i62, descr=<Guard0x1007a2288>) [i54, i0, i2, i1, p4, p3, i57, p60, p12, p14, p16, p18, p20, p22, p24, p26, p28, p30, p32, p34, p36, p38, i48]
+506: setarrayitem_gc(p60, i57, ConstPtr(ptr63), descr=<ArrayP 8>)
+521: i65 = int_sub(i1, 1)
+532: guard_true(i2, descr=<Guard0x1007a2230>) [i54, i0, i65, p4, p3, p12, p14, p16, p18, p20, p22, p24, p26, p28, p30, p32, p34, p36, p38, i48]
+548: guard_false(i54, descr=<Guard0x1007a21d8>) [i0, i65, p4, p3, p12, p14, p16, p18, p20, p22, p24, p26, p28, p30, p32, p34, p36, p38, i48]
debug_merge_point(0, 0, '3 label 2')
+557: jump(i65, p3, p4, p39, i48, p12, p14, p16, p18, p20, p22, p24, p26, p28, p30, p32, p34, p36, p38, descr=TargetToken(4302389784))
+768: --end of the loop--
[1a6f037122d28e] jit-log-opt-loop}
[1a6f03715941a4] {jit-log-opt-bridge
# bridge out of Guard 0x100764c28 with 8 ops
[i0, i1, p2, p3, p4, p5, p6, p7, p8, p9, p10, p11, p12, p13, p14, p15, p16, p17, p18, p19, i20, i21]
+59: guard_value(i1, 34, descr=<Guard0x1007a2548>) [i0, i1, p2, p3, p4, p5, p6, p7, p8, p9, p10, p11, p12, p13, p14, p15, p16, p17, p18, p19, i20, i21]
+69: guard_value(p5, ConstPtr(ptr23), descr=<Guard0x1007a25f8>) [i0, p2, p3, p4, p5, p6, p7, p8, p9, p10, p11, p12, p13, p14, p15, p16, p17, p18, p19, i20, i21]
debug_merge_point(0, 0, '34 line 2')
p25 = new_with_vtable(ConstClass(W_IntObject))
p27 = new_with_vtable(ConstClass(W_IntObject))
+185: setfield_gc(p25, i21, descr=<FieldS pyrlang.interpreter.datatypes.number.W_IntObject.inst_intval 8>)
+189: setfield_gc(p27, i20, descr=<FieldS pyrlang.interpreter.datatypes.number.W_IntObject.inst_intval 8>)
+193: jump(38, i0, 1, p4, p3, p2, p25, p27, p6, p7, p8, p9, p10, p11, p12, p13, p14, p15, p16, p17, p18, p19, descr=TargetToken(4302392664))
+304: --end of the loop--
[1a6f03715a7f4b] jit-log-opt-bridge}
[1a6f0371841e83] {jit-log-opt-bridge
# bridge out of Guard 0x100765eb8 with 23 ops
[i0, p1, p2, p3, p4, p5, p6, p7, p8, p9, p10, p11, p12, p13, p14, p15, p16, i17]
+59: p18 = getfield_gc(p2, descr=<FieldP pyrlang.interpreter.interp.Process.inst_y_reg 80>)
debug_merge_point(0, 0, '9 move #1. x(0)')
+63: p19 = getfield_gc(p2, descr=<FieldP pyrlang.interpreter.interp.Process.inst_x_reg 72>)
+67: i20 = ptr_eq(p19, p1)
guard_true(i20, descr=<Guard0x1007a26a8>) [i0, p1, p2, p19, p3, p4, p5, p6, p7, p8, p9, p10, p11, p12, p13, p14, p15, p16, i17]
debug_merge_point(0, 0, '10 return ')
+80: i21 = getfield_gc(p18, descr=<FieldS pyrlang.interpreter.register.Y_Register.inst_addr_top 16>)
+84: i23 = int_eq(i21, -1)
guard_false(i23, descr=<Guard0x1007a28b8>) [i0, p18, p1, p2, p3, p4, p5, p6, p7, p8, p9, p10, p11, p12, p13, p14, p15, p16, i17]
+94: p24 = getfield_gc(p18, descr=<FieldP pyrlang.interpreter.register.Y_Register.inst_addrs 24>)
+98: i26 = int_lt(i21, 0)
guard_false(i26, descr=<Guard0x1007a2860>) [i21, i0, p18, p24, p1, p2, p3, p4, p5, p6, p7, p8, p9, p10, p11, p12, p13, p14, p15, p16, i17]
+108: p27 = getarrayitem_gc(p24, i21, descr=<ArrayP 8>)
+113: i29 = int_sub(i21, 1)
+117: p30 = getfield_gc_pure(p27, descr=<FieldP tuple2.item0 8>)
+121: i31 = getfield_gc_pure(p27, descr=<FieldS tuple2.item1 16>)
+125: setfield_gc(p18, i29, descr=<FieldS pyrlang.interpreter.register.Y_Register.inst_addr_top 16>)
+129: guard_value(i31, 34, descr=<Guard0x1007a2808>) [i0, i31, p18, p1, p2, p30, p3, p4, p5, p6, p7, p8, p9, p10, p11, p12, p13, p14, p15, p16, i17]
+139: guard_value(p30, ConstPtr(ptr33), descr=<Guard0x1007a27b0>) [i0, p18, p1, p2, p30, p3, p4, p5, p6, p7, p8, p9, p10, p11, p12, p13, p14, p15, p16, i17]
debug_merge_point(0, 0, '34 line 2')
p35 = new_with_vtable(ConstClass(W_IntObject))
+244: setfield_gc(p35, i17, descr=<FieldS pyrlang.interpreter.datatypes.number.W_IntObject.inst_intval 8>)
+248: jump(11, i0, 1, p2, p1, p18, ConstPtr(ptr38), p35, p3, p4, p5, p6, p7, p8, p9, p10, p11, p12, p13, p14, p15, p16, descr=TargetToken(4302392664))
+384: --end of the loop--
[1a6f0371873221] jit-log-opt-bridge}
[1a6f0371b235e6] {jit-log-opt-bridge
# bridge out of Guard 0x100765728 with 39 ops
[i0, i1, i2, p3, p4, p5, p6, p7, p8, p9, p10, p11, p12, p13, p14, p15, p16, p17, p18, p19, p20, p21, i22]
+59: guard_value(i2, 19, descr=<Guard0x1007a29c0>) [i0, i1, i2, p3, p4, p5, p6, p7, p8, p9, p10, p11, p12, p13, p14, p15, p16, p17, p18, p19, p20, p21, i22]
+69: guard_value(p6, ConstPtr(ptr24), descr=<Guard0x1007a2d30>) [i0, i1, p3, p4, p5, p6, p7, p8, p9, p10, p11, p12, p13, p14, p15, p16, p17, p18, p19, p20, p21, i22]
debug_merge_point(0, 0, '19 line 2')
+88: p25 = getfield_gc(p5, descr=<FieldP pyrlang.interpreter.interp.Process.inst_y_reg 80>)
debug_merge_point(0, 0, '20 gc_bif2 L0. 1. 0. y(1). #2. x(1)')
+92: i26 = getfield_gc(p25, descr=<FieldS pyrlang.interpreter.register.Y_Register.inst_val_top 40>)
+96: i28 = int_sub(i26, 1)
+100: p29 = getfield_gc(p25, descr=<FieldP pyrlang.interpreter.register.Y_Register.inst_vals 48>)
+104: p30 = getarrayitem_gc(p29, i28, descr=<ArrayP 8>)
+109: guard_class(p30, ConstClass(W_IntObject), descr=<Guard0x1007a2cd8>) [i0, i1, p4, p5, p30, p7, p8, p9, p10, p11, p12, p13, p14, p15, p16, p17, p18, p19, p20, p21, i22]
+123: i32 = getfield_gc_pure(p30, descr=<FieldS pyrlang.interpreter.datatypes.number.W_IntObject.inst_intval 8>)
+127: i34 = int_sub_ovf(i32, 2)
guard_no_overflow(descr=<Guard0x1007a2c80>) [i0, i1, p4, p5, i34, p30, p7, p8, p9, p10, p11, p12, p13, p14, p15, p16, p17, p18, p19, p20, p21, i22]
+137: p35 = getfield_gc(p5, descr=<FieldP pyrlang.interpreter.interp.Process.inst_x_reg 72>)
+141: i36 = ptr_eq(p35, p4)
guard_true(i36, descr=<Guard0x1007a2c28>) [i0, i1, p4, p5, p35, p7, p8, p9, p10, p11, p12, p13, p14, p15, p16, p17, p18, p19, p20, p21, i34, i22]
debug_merge_point(0, 0, '21 move x(0). y(0)')
+154: i38 = int_lt(i26, 0)
guard_false(i38, descr=<Guard0x1007a2bd0>) [i0, i1, p4, p5, i26, p29, p8, p9, p10, p11, p12, p13, p14, p15, p16, p17, p18, p19, p20, p21, i34, i22]
p40 = new_with_vtable(ConstClass(W_IntObject))
+250: setfield_gc(p40, i22, descr=<FieldS pyrlang.interpreter.datatypes.number.W_IntObject.inst_intval 8>)
+302: setarrayitem_gc(p29, i26, p40, descr=<ArrayP 8>)
debug_merge_point(0, 0, '22 move x(1). x(0)')
debug_merge_point(0, 0, '23 line 2')
debug_merge_point(0, 0, '24 call 1. L2')
+307: i41 = getfield_gc(p25, descr=<FieldS pyrlang.interpreter.register.Y_Register.inst_addr_top 16>)
+311: i43 = int_add(i41, 1)
+315: i44 = getfield_gc(p25, descr=<FieldS pyrlang.interpreter.register.Y_Register.inst_addr_size 8>)
+319: setfield_gc(p25, i43, descr=<FieldS pyrlang.interpreter.register.Y_Register.inst_addr_top 16>)
+323: i45 = int_ge(i43, i44)
guard_false(i45, descr=<Guard0x1007a2b78>) [i0, i1, p4, p5, i44, p25, p8, p9, p10, p11, p12, p13, p14, p15, p16, p17, p18, p19, p20, p21, i34]
+332: p46 = getfield_gc(p25, descr=<FieldP pyrlang.interpreter.register.Y_Register.inst_addrs 24>)
+336: i48 = int_lt(i43, 0)
guard_false(i48, descr=<Guard0x1007a2b20>) [i0, i1, p4, p5, i43, p46, p8, p9, p10, p11, p12, p13, p14, p15, p16, p17, p18, p19, p20, p21, i34]
+385: setarrayitem_gc(p46, i43, ConstPtr(ptr49), descr=<ArrayP 8>)
+400: i51 = int_sub(i1, 1)
+411: guard_true(i0, descr=<Guard0x1007a2ac8>) [i51, p4, p5, p8, p9, p10, p11, p12, p13, p14, p15, p16, p17, p18, p19, p20, p21, i34]
debug_merge_point(0, 0, '3 label 2')
+427: jump(i51, p5, p4, p25, i34, p8, p9, p10, p11, p12, p13, p14, p15, p16, p17, p18, p19, p20, p21, descr=TargetToken(4302389784))
+528: --end of the loop--
[1a6f0371b68bff] jit-log-opt-bridge}
[1a6f0371d5e3d7] {jit-log-opt-bridge
# bridge out of Guard 0x100765780 with 39 ops
[i0, i1, i2, i3, p4, p5, p6, p7, p8, p9, p10, p11, p12, p13, p14, p15, p16, p17, p18, p19, p20, p21, i22]
+59: p23 = getfield_gc(p5, descr=<FieldP pyrlang.interpreter.interp.Process.inst_y_reg 80>)
+63: guard_value(i3, 19, descr=<Guard0x1007a2e38>) [i1, i2, i3, p23, p4, p5, p6, p7, p8, p9, p10, p11, p12, p13, p14, p15, p16, p17, p18, p19, p20, p21, i22]
+73: guard_value(p6, ConstPtr(ptr25), descr=<Guard0x1007a31a8>) [i1, i2, p23, p4, p5, p6, p7, p8, p9, p10, p11, p12, p13, p14, p15, p16, p17, p18, p19, p20, p21, i22]
debug_merge_point(0, 0, '19 line 2')
debug_merge_point(0, 0, '20 gc_bif2 L0. 1. 0. y(1). #2. x(1)')
+92: i26 = getfield_gc(p23, descr=<FieldS pyrlang.interpreter.register.Y_Register.inst_val_top 40>)
+96: i28 = int_sub(i26, 1)
+100: p29 = getfield_gc(p23, descr=<FieldP pyrlang.interpreter.register.Y_Register.inst_vals 48>)
+104: p30 = getarrayitem_gc(p29, i28, descr=<ArrayP 8>)
+109: guard_class(p30, ConstClass(W_IntObject), descr=<Guard0x1007a3150>) [i1, i2, p4, p5, p30, p7, p8, p9, p10, p11, p12, p13, p14, p15, p16, p17, p18, p19, p20, p21, i22]
+122: i32 = getfield_gc_pure(p30, descr=<FieldS pyrlang.interpreter.datatypes.number.W_IntObject.inst_intval 8>)
+126: i34 = int_sub_ovf(i32, 2)
guard_no_overflow(descr=<Guard0x1007a30f8>) [i1, i2, p4, p5, i34, p30, p7, p8, p9, p10, p11, p12, p13, p14, p15, p16, p17, p18, p19, p20, p21, i22]
+136: p35 = getfield_gc(p5, descr=<FieldP pyrlang.interpreter.interp.Process.inst_x_reg 72>)
+140: i36 = ptr_eq(p35, p4)
guard_true(i36, descr=<Guard0x1007a30a0>) [i1, i2, p4, p5, p35, p7, p8, p9, p10, p11, p12, p13, p14, p15, p16, p17, p18, p19, p20, p21, i34, i22]
debug_merge_point(0, 0, '21 move x(0). y(0)')
+153: i38 = int_lt(i26, 0)
guard_false(i38, descr=<Guard0x1007a3048>) [i1, i2, p4, p5, i26, p29, p8, p9, p10, p11, p12, p13, p14, p15, p16, p17, p18, p19, p20, p21, i34, i22]
p40 = new_with_vtable(ConstClass(W_IntObject))
+242: setfield_gc(p40, i22, descr=<FieldS pyrlang.interpreter.datatypes.number.W_IntObject.inst_intval 8>)
+288: setarrayitem_gc(p29, i26, p40, descr=<ArrayP 8>)
debug_merge_point(0, 0, '22 move x(1). x(0)')
debug_merge_point(0, 0, '23 line 2')
debug_merge_point(0, 0, '24 call 1. L2')
+293: i41 = getfield_gc(p23, descr=<FieldS pyrlang.interpreter.register.Y_Register.inst_addr_top 16>)
+297: i43 = int_add(i41, 1)
+301: i44 = getfield_gc(p23, descr=<FieldS pyrlang.interpreter.register.Y_Register.inst_addr_size 8>)
+305: setfield_gc(p23, i43, descr=<FieldS pyrlang.interpreter.register.Y_Register.inst_addr_top 16>)
+309: i45 = int_ge(i43, i44)
guard_false(i45, descr=<Guard0x1007a2ff0>) [i1, i2, p4, p5, i44, p23, p8, p9, p10, p11, p12, p13, p14, p15, p16, p17, p18, p19, p20, p21, i34]
+318: p46 = getfield_gc(p23, descr=<FieldP pyrlang.interpreter.register.Y_Register.inst_addrs 24>)
+322: i48 = int_lt(i43, 0)
guard_false(i48, descr=<Guard0x1007a2f98>) [i1, i2, p4, p5, i43, p46, p8, p9, p10, p11, p12, p13, p14, p15, p16, p17, p18, p19, p20, p21, i34]
+371: setarrayitem_gc(p46, i43, ConstPtr(ptr49), descr=<ArrayP 8>)
+386: i51 = int_sub(i2, 1)
+397: guard_true(i1, descr=<Guard0x1007a2f40>) [i51, p4, p5, p8, p9, p10, p11, p12, p13, p14, p15, p16, p17, p18, p19, p20, p21, i34]
debug_merge_point(0, 0, '3 label 2')
+413: jump(i51, p5, p4, p23, i34, p8, p9, p10, p11, p12, p13, p14, p15, p16, p17, p18, p19, p20, p21, descr=TargetToken(4302389784))
+512: --end of the loop--
[1a6f0371dac23d] jit-log-opt-bridge}
[1a6f03722edba6] {jit-log-opt-bridge
# bridge out of Guard 0x1007a2e38 with 50 ops
[i0, i1, i2, p3, p4, p5, p6, p7, p8, p9, p10, p11, p12, p13, p14, p15, p16, p17, p18, p19, p20, p21, i22]
+59: guard_value(i2, 25, descr=<Guard0x1007a3308>) [i0, i1, i2, p3, p4, p5, p6, p7, p8, p9, p10, p11, p12, p13, p14, p15, p16, p17, p18, p19, p20, p21, i22]
+69: guard_value(p6, ConstPtr(ptr24), descr=<Guard0x1007a37d8>) [i0, i1, p3, p4, p5, p6, p7, p8, p9, p10, p11, p12, p13, p14, p15, p16, p17, p18, p19, p20, p21, i22]
debug_merge_point(0, 0, '25 line 2')
+88: p25 = getfield_gc(p5, descr=<FieldP pyrlang.interpreter.interp.Process.inst_y_reg 80>)
debug_merge_point(0, 0, '26 gc_bif2 L0. 1. 1. y(0). x(0). x(0)')
+92: i26 = getfield_gc(p25, descr=<FieldS pyrlang.interpreter.register.Y_Register.inst_val_top 40>)
+96: p27 = getfield_gc(p25, descr=<FieldP pyrlang.interpreter.register.Y_Register.inst_vals 48>)
+100: p28 = getarrayitem_gc(p27, i26, descr=<ArrayP 8>)
+105: p29 = getfield_gc(p5, descr=<FieldP pyrlang.interpreter.interp.Process.inst_x_reg 72>)
+109: i30 = ptr_eq(p29, p4)
guard_true(i30, descr=<Guard0x1007a3780>) [i0, i1, p4, p5, p29, p7, p8, p9, p10, p11, p12, p13, p14, p15, p16, p17, p18, p19, p20, p21, p28, i22]
+122: guard_class(p28, ConstClass(W_IntObject), descr=<Guard0x1007a3728>) [i0, i1, p4, p5, p28, p7, p8, p9, p10, p11, p12, p13, p14, p15, p16, p17, p18, p19, p20, p21, None, i22]
+136: i33 = getfield_gc_pure(p28, descr=<FieldS pyrlang.interpreter.datatypes.number.W_IntObject.inst_intval 8>)
+140: i34 = int_add_ovf(i33, i22)
guard_no_overflow(descr=<Guard0x1007a36d0>) [i0, i1, p4, p5, i34, p28, p7, p8, p9, p10, p11, p12, p13, p14, p15, p16, p17, p18, p19, p20, p21, None, i22]
debug_merge_point(0, 0, '27 line 2')
debug_merge_point(0, 0, '28 gc_bif2 L0. 1. 0. y(1). #3. x(1)')
+149: i36 = int_sub(i26, 1)
+153: p37 = getarrayitem_gc(p27, i36, descr=<ArrayP 8>)
+158: guard_class(p37, ConstClass(W_IntObject), descr=<Guard0x1007a3678>) [i0, i1, p4, p5, p37, p7, p8, p9, p10, p11, p12, p13, p14, p15, p16, p17, p18, p19, p20, p21, i34, None, None]
+171: i39 = getfield_gc_pure(p37, descr=<FieldS pyrlang.interpreter.datatypes.number.W_IntObject.inst_intval 8>)
+175: i41 = int_sub_ovf(i39, 3)
guard_no_overflow(descr=<Guard0x1007a3620>) [i0, i1, p4, p5, i41, p37, p7, p8, p9, p10, p11, p12, p13, p14, p15, p16, p17, p18, p19, p20, p21, i34, None, None]
debug_merge_point(0, 0, '29 move x(0). y(1)')
+185: i43 = int_lt(i36, 0)
guard_false(i43, descr=<Guard0x1007a35c8>) [i0, i1, p4, p5, i36, p27, p8, p9, p10, p11, p12, p13, p14, p15, p16, p17, p18, p19, p20, p21, i41, i34, None, None]
p45 = new_with_vtable(ConstClass(W_IntObject))
+274: setfield_gc(p45, i34, descr=<FieldS pyrlang.interpreter.datatypes.number.W_IntObject.inst_intval 8>)
+321: setarrayitem_gc(p27, i36, p45, descr=<ArrayP 8>)
debug_merge_point(0, 0, '30 trim 1. 1')
debug_merge_point(0, 0, '31 move x(1). x(0)')
debug_merge_point(0, 0, '32 line 2')
debug_merge_point(0, 0, '33 call 1. L2')
+326: i46 = getfield_gc(p25, descr=<FieldS pyrlang.interpreter.register.Y_Register.inst_addr_top 16>)
+330: i48 = int_add(i46, 1)
+334: i49 = getfield_gc(p25, descr=<FieldS pyrlang.interpreter.register.Y_Register.inst_addr_size 8>)
+338: setfield_gc(p25, i36, descr=<FieldS pyrlang.interpreter.register.Y_Register.inst_val_top 40>)
+342: setfield_gc(p25, i48, descr=<FieldS pyrlang.interpreter.register.Y_Register.inst_addr_top 16>)
+346: i50 = int_ge(i48, i49)
guard_false(i50, descr=<Guard0x1007a3570>) [i0, i1, p4, p5, i49, p25, p8, p9, p10, p11, p12, p13, p14, p15, p16, p17, p18, p19, p20, p21, i41]
+355: p51 = getfield_gc(p25, descr=<FieldP pyrlang.interpreter.register.Y_Register.inst_addrs 24>)
+359: i53 = int_lt(i48, 0)
guard_false(i53, descr=<Guard0x1007a3518>) [i0, i1, p4, p5, i48, p51, p8, p9, p10, p11, p12, p13, p14, p15, p16, p17, p18, p19, p20, p21, i41]
+410: setarrayitem_gc(p51, i48, ConstPtr(ptr54), descr=<ArrayP 8>)
+425: i56 = int_sub(i1, 1)
+436: guard_true(i0, descr=<Guard0x1007a34c0>) [i56, p4, p5, p8, p9, p10, p11, p12, p13, p14, p15, p16, p17, p18, p19, p20, p21, i41]
debug_merge_point(0, 0, '3 label 2')
+452: i58 = int_ge(i49, 1)
guard_true(i58, descr=<Guard0x1007a3468>) [i56, p25, p4, p5, p8, p9, p10, p11, p12, p13, p14, p15, p16, p17, p18, p19, p20, p21, i41]
+462: jump(i56, p5, p4, p25, i41, p8, p9, p10, p11, p12, p13, p14, p15, p16, p17, p18, p19, p20, p21, p51, i48, p25, i46, p27, i36, i49, descr=TargetToken(4302390936))
+576: --end of the loop--
[1a6f0372349157] jit-log-opt-bridge}
[1a6f0372570112] {jit-log-opt-bridge
# bridge out of Guard 0x1007a29c0 with 50 ops
[i0, i1, i2, p3, p4, p5, p6, p7, p8, p9, p10, p11, p12, p13, p14, p15, p16, p17, p18, p19, p20, p21, i22]
+59: guard_value(i2, 25, descr=<Guard0x1007a3938>) [i0, i1, i2, p3, p4, p5, p6, p7, p8, p9, p10, p11, p12, p13, p14, p15, p16, p17, p18, p19, p20, p21, i22]
+69: guard_value(p6, ConstPtr(ptr24), descr=<Guard0x1007a3e08>) [i0, i1, p3, p4, p5, p6, p7, p8, p9, p10, p11, p12, p13, p14, p15, p16, p17, p18, p19, p20, p21, i22]
debug_merge_point(0, 0, '25 line 2')
+88: p25 = getfield_gc(p5, descr=<FieldP pyrlang.interpreter.interp.Process.inst_y_reg 80>)
debug_merge_point(0, 0, '26 gc_bif2 L0. 1. 1. y(0). x(0). x(0)')
+92: i26 = getfield_gc(p25, descr=<FieldS pyrlang.interpreter.register.Y_Register.inst_val_top 40>)
+96: p27 = getfield_gc(p25, descr=<FieldP pyrlang.interpreter.register.Y_Register.inst_vals 48>)
+100: p28 = getarrayitem_gc(p27, i26, descr=<ArrayP 8>)
+105: p29 = getfield_gc(p5, descr=<FieldP pyrlang.interpreter.interp.Process.inst_x_reg 72>)
+109: i30 = ptr_eq(p29, p4)
guard_true(i30, descr=<Guard0x1007a3db0>) [i0, i1, p4, p5, p29, p7, p8, p9, p10, p11, p12, p13, p14, p15, p16, p17, p18, p19, p20, p21, p28, i22]
+122: guard_class(p28, ConstClass(W_IntObject), descr=<Guard0x1007a3d58>) [i0, i1, p4, p5, p28, p7, p8, p9, p10, p11, p12, p13, p14, p15, p16, p17, p18, p19, p20, p21, None, i22]
+135: i33 = getfield_gc_pure(p28, descr=<FieldS pyrlang.interpreter.datatypes.number.W_IntObject.inst_intval 8>)
+139: i34 = int_add_ovf(i33, i22)
guard_no_overflow(descr=<Guard0x1007a3d00>) [i0, i1, p4, p5, i34, p28, p7, p8, p9, p10, p11, p12, p13, p14, p15, p16, p17, p18, p19, p20, p21, None, i22]
debug_merge_point(0, 0, '27 line 2')
debug_merge_point(0, 0, '28 gc_bif2 L0. 1. 0. y(1). #3. x(1)')
+148: i36 = int_sub(i26, 1)
+152: p37 = getarrayitem_gc(p27, i36, descr=<ArrayP 8>)
+157: guard_class(p37, ConstClass(W_IntObject), descr=<Guard0x1007a3ca8>) [i0, i1, p4, p5, p37, p7, p8, p9, p10, p11, p12, p13, p14, p15, p16, p17, p18, p19, p20, p21, i34, None, None]
+169: i39 = getfield_gc_pure(p37, descr=<FieldS pyrlang.interpreter.datatypes.number.W_IntObject.inst_intval 8>)
+173: i41 = int_sub_ovf(i39, 3)
guard_no_overflow(descr=<Guard0x1007a3c50>) [i0, i1, p4, p5, i41, p37, p7, p8, p9, p10, p11, p12, p13, p14, p15, p16, p17, p18, p19, p20, p21, i34, None, None]
debug_merge_point(0, 0, '29 move x(0). y(1)')
+183: i43 = int_lt(i36, 0)
guard_false(i43, descr=<Guard0x1007a3bf8>) [i0, i1, p4, p5, i36, p27, p8, p9, p10, p11, p12, p13, p14, p15, p16, p17, p18, p19, p20, p21, i41, i34, None, None]
p45 = new_with_vtable(ConstClass(W_IntObject))
+272: setfield_gc(p45, i34, descr=<FieldS pyrlang.interpreter.datatypes.number.W_IntObject.inst_intval 8>)
+319: setarrayitem_gc(p27, i36, p45, descr=<ArrayP 8>)
debug_merge_point(0, 0, '30 trim 1. 1')
debug_merge_point(0, 0, '31 move x(1). x(0)')
debug_merge_point(0, 0, '32 line 2')
debug_merge_point(0, 0, '33 call 1. L2')
+324: i46 = getfield_gc(p25, descr=<FieldS pyrlang.interpreter.register.Y_Register.inst_addr_top 16>)
+328: i48 = int_add(i46, 1)
+332: i49 = getfield_gc(p25, descr=<FieldS pyrlang.interpreter.register.Y_Register.inst_addr_size 8>)
+336: setfield_gc(p25, i36, descr=<FieldS pyrlang.interpreter.register.Y_Register.inst_val_top 40>)
+340: setfield_gc(p25, i48, descr=<FieldS pyrlang.interpreter.register.Y_Register.inst_addr_top 16>)
+344: i50 = int_ge(i48, i49)
guard_false(i50, descr=<Guard0x1007a3ba0>) [i0, i1, p4, p5, i49, p25, p8, p9, p10, p11, p12, p13, p14, p15, p16, p17, p18, p19, p20, p21, i41]
+353: p51 = getfield_gc(p25, descr=<FieldP pyrlang.interpreter.register.Y_Register.inst_addrs 24>)
+357: i53 = int_lt(i48, 0)
guard_false(i53, descr=<Guard0x1007a3b48>) [i0, i1, p4, p5, i48, p51, p8, p9, p10, p11, p12, p13, p14, p15, p16, p17, p18, p19, p20, p21, i41]
+408: setarrayitem_gc(p51, i48, ConstPtr(ptr54), descr=<ArrayP 8>)
+423: i56 = int_sub(i1, 1)
+434: guard_true(i0, descr=<Guard0x1007a3af0>) [i56, p4, p5, p8, p9, p10, p11, p12, p13, p14, p15, p16, p17, p18, p19, p20, p21, i41]
debug_merge_point(0, 0, '3 label 2')
+450: i58 = int_ge(i49, 1)
guard_true(i58, descr=<Guard0x1007a3a98>) [i56, p25, p4, p5, p8, p9, p10, p11, p12, p13, p14, p15, p16, p17, p18, p19, p20, p21, i41]
+460: jump(i56, p5, p4, p25, i41, p8, p9, p10, p11, p12, p13, p14, p15, p16, p17, p18, p19, p20, p21, p51, i48, p25, i46, p27, i36, i49, descr=TargetToken(4302390936))
+576: --end of the loop--
[1a6f03725bfb83] jit-log-opt-bridge}
[1a6f037297320c] {jit-log-opt-bridge
# bridge out of Guard 0x100765518 with 39 ops
[i0, i1, i2, p3, p4, p5, p6, p7, p8, p9, p10, p11, p12, p13, p14, p15, p16, p17, p18, p19, p20, p21, i22]
+59: guard_value(i2, 19, descr=<Guard0x1007a3f10>) [i0, i1, i2, p3, p4, p5, p6, p7, p8, p9, p10, p11, p12, p13, p14, p15, p16, p17, p18, p19, p20, p21, i22]
+69: guard_value(p6, ConstPtr(ptr24), descr=<Guard0x1007de2e0>) [i0, i1, p3, p4, p5, p6, p7, p8, p9, p10, p11, p12, p13, p14, p15, p16, p17, p18, p19, p20, p21, i22]
debug_merge_point(0, 0, '19 line 2')
+88: p25 = getfield_gc(p5, descr=<FieldP pyrlang.interpreter.interp.Process.inst_y_reg 80>)
debug_merge_point(0, 0, '20 gc_bif2 L0. 1. 0. y(1). #2. x(1)')
+99: i26 = getfield_gc(p25, descr=<FieldS pyrlang.interpreter.register.Y_Register.inst_val_top 40>)
+103: i28 = int_sub(i26, 1)
+108: p29 = getfield_gc(p25, descr=<FieldP pyrlang.interpreter.register.Y_Register.inst_vals 48>)
+112: p30 = getarrayitem_gc(p29, i28, descr=<ArrayP 8>)
+117: guard_class(p30, ConstClass(W_IntObject), descr=<Guard0x1007de288>) [i0, i1, p4, p5, p30, p7, p8, p9, p10, p11, p12, p13, p14, p15, p16, p17, p18, p19, p20, p21, i22]
+130: i32 = getfield_gc_pure(p30, descr=<FieldS pyrlang.interpreter.datatypes.number.W_IntObject.inst_intval 8>)
+134: i34 = int_sub_ovf(i32, 2)
guard_no_overflow(descr=<Guard0x1007de230>) [i0, i1, p4, p5, i34, p30, p7, p8, p9, p10, p11, p12, p13, p14, p15, p16, p17, p18, p19, p20, p21, i22]
+144: p35 = getfield_gc(p5, descr=<FieldP pyrlang.interpreter.interp.Process.inst_x_reg 72>)
+148: i36 = ptr_eq(p35, p4)
guard_true(i36, descr=<Guard0x1007de1d8>) [i0, i1, p4, p5, p35, p7, p8, p9, p10, p11, p12, p13, p14, p15, p16, p17, p18, p19, p20, p21, i34, i22]
debug_merge_point(0, 0, '21 move x(0). y(0)')
+161: i38 = int_lt(i26, 0)
guard_false(i38, descr=<Guard0x1007de180>) [i0, i1, p4, p5, i26, p29, p8, p9, p10, p11, p12, p13, p14, p15, p16, p17, p18, p19, p20, p21, i34, i22]
p40 = new_with_vtable(ConstClass(W_IntObject))
+250: setfield_gc(p40, i22, descr=<FieldS pyrlang.interpreter.datatypes.number.W_IntObject.inst_intval 8>)
+295: setarrayitem_gc(p29, i26, p40, descr=<ArrayP 8>)
debug_merge_point(0, 0, '22 move x(1). x(0)')
debug_merge_point(0, 0, '23 line 2')
debug_merge_point(0, 0, '24 call 1. L2')
+300: i41 = getfield_gc(p25, descr=<FieldS pyrlang.interpreter.register.Y_Register.inst_addr_top 16>)
+304: i43 = int_add(i41, 1)
+308: i44 = getfield_gc(p25, descr=<FieldS pyrlang.interpreter.register.Y_Register.inst_addr_size 8>)
+312: setfield_gc(p25, i43, descr=<FieldS pyrlang.interpreter.register.Y_Register.inst_addr_top 16>)
+316: i45 = int_ge(i43, i44)
guard_false(i45, descr=<Guard0x1007de128>) [i0, i1, p4, p5, i44, p25, p8, p9, p10, p11, p12, p13, p14, p15, p16, p17, p18, p19, p20, p21, i34]
+325: p46 = getfield_gc(p25, descr=<FieldP pyrlang.interpreter.register.Y_Register.inst_addrs 24>)
+329: i48 = int_lt(i43, 0)
guard_false(i48, descr=<Guard0x1007de0d0>) [i0, i1, p4, p5, i43, p46, p8, p9, p10, p11, p12, p13, p14, p15, p16, p17, p18, p19, p20, p21, i34]
+378: setarrayitem_gc(p46, i43, ConstPtr(ptr49), descr=<ArrayP 8>)
+393: i51 = int_sub(i1, 1)
+404: guard_true(i0, descr=<Guard0x1007de078>) [i51, p4, p5, p8, p9, p10, p11, p12, p13, p14, p15, p16, p17, p18, p19, p20, p21, i34]
debug_merge_point(0, 0, '3 label 2')
+420: jump(i51, p5, p4, p25, i34, p8, p9, p10, p11, p12, p13, p14, p15, p16, p17, p18, p19, p20, p21, descr=TargetToken(4302389784))
+528: --end of the loop--
[1a6f03729aadf7] jit-log-opt-bridge}
[1a6f0372ad2115] {jit-log-opt-bridge
# bridge out of Guard 0x1007a3308 with 19 ops
[i0, i1, i2, p3, p4, p5, p6, p7, p8, p9, p10, p11, p12, p13, p14, p15, p16, p17, p18, p19, p20, p21, i22]
+59: guard_value(i2, 34, descr=<Guard0x1007de390>) [i0, i1, i2, p3, p4, p5, p6, p7, p8, p9, p10, p11, p12, p13, p14, p15, p16, p17, p18, p19, p20, p21, i22]
+69: guard_value(p6, ConstPtr(ptr24), descr=<Guard0x1007de6a8>) [i0, i1, p3, p4, p5, p6, p7, p8, p9, p10, p11, p12, p13, p14, p15, p16, p17, p18, p19, p20, p21, i22]
debug_merge_point(0, 0, '34 line 2')
+88: guard_nonnull(p5, descr=<Guard0x1007de650>) [i0, i1, p3, p4, p5, p7, p8, p9, p10, p11, p12, p13, p14, p15, p16, p17, p18, p19, p20, p21, i22]
+97: guard_nonnull(p3, descr=<Guard0x1007de5f8>) [i0, i1, p3, p4, p5, p7, p8, p9, p10, p11, p12, p13, p14, p15, p16, p17, p18, p19, p20, p21, i22]
+106: p25 = getfield_gc(p5, descr=<FieldP pyrlang.interpreter.interp.Process.inst_y_reg 80>)
+110: guard_nonnull(p25, descr=<Guard0x1007de5a0>) [i0, i1, p3, p4, p5, p7, p8, p9, p10, p11, p12, p13, p14, p15, p16, p17, p18, p19, p20, p21, i22]
+119: i26 = getfield_gc(p25, descr=<FieldS pyrlang.interpreter.register.Y_Register.inst_val_top 40>)
+123: p27 = getfield_gc(p25, descr=<FieldP pyrlang.interpreter.register.Y_Register.inst_vals 48>)
+127: guard_nonnull(p27, descr=<Guard0x1007de548>) [i0, i1, p3, p4, p5, p7, p8, p9, p10, p11, p12, p13, p14, p15, p16, p17, p18, p19, p20, p21, i22]
+136: p28 = getfield_gc(p5, descr=<FieldP pyrlang.interpreter.interp.Process.inst_x_reg 72>)
+140: i29 = ptr_eq(p28, p4)
guard_true(i29, descr=<Guard0x1007de4f0>) [i0, i1, p3, p4, p5, p7, p8, p9, p10, p11, p12, p13, p14, p15, p16, p17, p18, p19, p20, p21, i22]
+153: i30 = getfield_gc(p25, descr=<FieldS pyrlang.interpreter.register.Y_Register.inst_addr_top 16>)
+157: i32 = int_ge(i30, -1)
guard_true(i32, descr=<Guard0x1007de498>) [i0, i1, p3, p4, p5, p7, p8, p9, p10, p11, p12, p13, p14, p15, p16, p17, p18, p19, p20, p21, i22]
+167: p33 = getfield_gc(p25, descr=<FieldP pyrlang.interpreter.register.Y_Register.inst_addrs 24>)
+171: guard_nonnull(p33, descr=<Guard0x1007de440>) [i0, i1, p3, p4, p5, p7, p8, p9, p10, p11, p12, p13, p14, p15, p16, p17, p18, p19, p20, p21, i22]
+180: jump(i1, i0, p5, p4, p3, i22, p7, p8, p9, p10, p11, p12, p13, p14, p15, p16, p17, p18, p19, p20, p21, p27, i26, p25, i30, p33, descr=TargetToken(4302392736))
+224: --end of the loop--
[1a6f0372af2882] jit-log-opt-bridge}
[1a6f0372f13b75] {jit-log-opt-bridge
# bridge out of Guard 0x1007a3f10 with 50 ops
[i0, i1, i2, p3, p4, p5, p6, p7, p8, p9, p10, p11, p12, p13, p14, p15, p16, p17, p18, p19, p20, p21, i22]
+59: guard_value(i2, 25, descr=<Guard0x1007de808>) [i0, i1, i2, p3, p4, p5, p6, p7, p8, p9, p10, p11, p12, p13, p14, p15, p16, p17, p18, p19, p20, p21, i22]
+69: guard_value(p6, ConstPtr(ptr24), descr=<Guard0x1007decd8>) [i0, i1, p3, p4, p5, p6, p7, p8, p9, p10, p11, p12, p13, p14, p15, p16, p17, p18, p19, p20, p21, i22]
debug_merge_point(0, 0, '25 line 2')
+88: p25 = getfield_gc(p5, descr=<FieldP pyrlang.interpreter.interp.Process.inst_y_reg 80>)
debug_merge_point(0, 0, '26 gc_bif2 L0. 1. 1. y(0). x(0). x(0)')
+99: i26 = getfield_gc(p25, descr=<FieldS pyrlang.interpreter.register.Y_Register.inst_val_top 40>)
+103: p27 = getfield_gc(p25, descr=<FieldP pyrlang.interpreter.register.Y_Register.inst_vals 48>)
+107: p28 = getarrayitem_gc(p27, i26, descr=<ArrayP 8>)
+112: p29 = getfield_gc(p5, descr=<FieldP pyrlang.interpreter.interp.Process.inst_x_reg 72>)
+116: i30 = ptr_eq(p29, p4)
guard_true(i30, descr=<Guard0x1007dec80>) [i0, i1, p4, p5, p29, p7, p8, p9, p10, p11, p12, p13, p14, p15, p16, p17, p18, p19, p20, p21, p28, i22]
+129: guard_class(p28, ConstClass(W_IntObject), descr=<Guard0x1007dec28>) [i0, i1, p4, p5, p28, p7, p8, p9, p10, p11, p12, p13, p14, p15, p16, p17, p18, p19, p20, p21, None, i22]
+142: i33 = getfield_gc_pure(p28, descr=<FieldS pyrlang.interpreter.datatypes.number.W_IntObject.inst_intval 8>)
+146: i34 = int_add_ovf(i33, i22)
guard_no_overflow(descr=<Guard0x1007debd0>) [i0, i1, p4, p5, i34, p28, p7, p8, p9, p10, p11, p12, p13, p14, p15, p16, p17, p18, p19, p20, p21, None, i22]
debug_merge_point(0, 0, '27 line 2')
debug_merge_point(0, 0, '28 gc_bif2 L0. 1. 0. y(1). #3. x(1)')
+155: i36 = int_sub(i26, 1)
+160: p37 = getarrayitem_gc(p27, i36, descr=<ArrayP 8>)
+165: guard_class(p37, ConstClass(W_IntObject), descr=<Guard0x1007deb78>) [i0, i1, p4, p5, p37, p7, p8, p9, p10, p11, p12, p13, p14, p15, p16, p17, p18, p19, p20, p21, i34, None, None]
+179: i39 = getfield_gc_pure(p37, descr=<FieldS pyrlang.interpreter.datatypes.number.W_IntObject.inst_intval 8>)
+184: i41 = int_sub_ovf(i39, 3)
guard_no_overflow(descr=<Guard0x1007deb20>) [i0, i1, p4, p5, i41, p37, p7, p8, p9, p10, p11, p12, p13, p14, p15, p16, p17, p18, p19, p20, p21, i34, None, None]
debug_merge_point(0, 0, '29 move x(0). y(1)')
+194: i43 = int_lt(i36, 0)
guard_false(i43, descr=<Guard0x1007deac8>) [i0, i1, p4, p5, i36, p27, p8, p9, p10, p11, p12, p13, p14, p15, p16, p17, p18, p19, p20, p21, i41, i34, None, None]
p45 = new_with_vtable(ConstClass(W_IntObject))
+283: setfield_gc(p45, i34, descr=<FieldS pyrlang.interpreter.datatypes.number.W_IntObject.inst_intval 8>)
+328: setarrayitem_gc(p27, i36, p45, descr=<ArrayP 8>)
debug_merge_point(0, 0, '30 trim 1. 1')
debug_merge_point(0, 0, '31 move x(1). x(0)')
debug_merge_point(0, 0, '32 line 2')
debug_merge_point(0, 0, '33 call 1. L2')
+333: i46 = getfield_gc(p25, descr=<FieldS pyrlang.interpreter.register.Y_Register.inst_addr_top 16>)
+337: i48 = int_add(i46, 1)
+341: i49 = getfield_gc(p25, descr=<FieldS pyrlang.interpreter.register.Y_Register.inst_addr_size 8>)
+345: setfield_gc(p25, i36, descr=<FieldS pyrlang.interpreter.register.Y_Register.inst_val_top 40>)
+349: setfield_gc(p25, i48, descr=<FieldS pyrlang.interpreter.register.Y_Register.inst_addr_top 16>)
+353: i50 = int_ge(i48, i49)
guard_false(i50, descr=<Guard0x1007dea70>) [i0, i1, p4, p5, i49, p25, p8, p9, p10, p11, p12, p13, p14, p15, p16, p17, p18, p19, p20, p21, i41]
+362: p51 = getfield_gc(p25, descr=<FieldP pyrlang.interpreter.register.Y_Register.inst_addrs 24>)
+366: i53 = int_lt(i48, 0)
guard_false(i53, descr=<Guard0x1007dea18>) [i0, i1, p4, p5, i48, p51, p8, p9, p10, p11, p12, p13, p14, p15, p16, p17, p18, p19, p20, p21, i41]
+419: setarrayitem_gc(p51, i48, ConstPtr(ptr54), descr=<ArrayP 8>)
+434: i56 = int_sub(i1, 1)
+445: guard_true(i0, descr=<Guard0x1007de9c0>) [i56, p4, p5, p8, p9, p10, p11, p12, p13, p14, p15, p16, p17, p18, p19, p20, p21, i41]
debug_merge_point(0, 0, '3 label 2')
+461: i58 = int_ge(i49, 1)
guard_true(i58, descr=<Guard0x1007de968>) [i56, p25, p4, p5, p8, p9, p10, p11, p12, p13, p14, p15, p16, p17, p18, p19, p20, p21, i41]
+471: jump(i56, p5, p4, p25, i41, p8, p9, p10, p11, p12, p13, p14, p15, p16, p17, p18, p19, p20, p21, p51, i48, p25, i46, p27, i36, i49, descr=TargetToken(4302390936))
+592: --end of the loop--
[1a6f0372f670e9] jit-log-opt-bridge}
[1a6f0c048ec87a] {jit-backend-counts
entry 0:4368
TargetToken(4302389280):398842889
TargetToken(4302389352):398833543
bridge 4302382232:181993348
TargetToken(4302389784):398838521
bridge 4302383024:98950667
bridge 4302383112:181994783
TargetToken(4302390936):398837810
bridge 4302386104:98948832
bridge 4302382408:117894306
bridge 4302388040:128196913
entry 1:182
TargetToken(4302392664):98946728
TargetToken(4302392736):18946695
bridge 4302388568:117893195
entry 2:270
bridge 4302720040:45150465
bridge 4302724792:53796081
bridge 4302722856:37894027
bridge 4302722944:53795881
bridge 4302974520:24547343
bridge 4302973376:13346119
bridge 4302722328:15901397
bridge 4302975752:8645402
bridge 4302978832:5600291
[1a6f0c048fad62] jit-backend-counts}
