[157c2edbb32e94] {jit-backend-counts
[157c2edbb3820b] jit-backend-counts}
[157c2edccb2e56] {jit-log-opt-loop
# Loop 0 (3 label 2) : loop with 491 ops
[i0, i1, i2, p3, p4, p5]
+134: p6 = getfield_gc(p4, descr=<FieldP pyrlang.interpreter.register.X_Register.inst_regs 16>)
+145: p8 = getarrayitem_gc(p6, 0, descr=<ArrayP 8>)
+149: p10 = getarrayitem_gc(p6, 1, descr=<ArrayP 8>)
+153: p12 = getarrayitem_gc(p6, 2, descr=<ArrayP 8>)
+157: p14 = getarrayitem_gc(p6, 3, descr=<ArrayP 8>)
+161: p16 = getarrayitem_gc(p6, 4, descr=<ArrayP 8>)
+165: p18 = getarrayitem_gc(p6, 5, descr=<ArrayP 8>)
+169: p20 = getarrayitem_gc(p6, 6, descr=<ArrayP 8>)
+173: p22 = getarrayitem_gc(p6, 7, descr=<ArrayP 8>)
+177: p24 = getarrayitem_gc(p6, 8, descr=<ArrayP 8>)
+181: p26 = getarrayitem_gc(p6, 9, descr=<ArrayP 8>)
+185: p28 = getarrayitem_gc(p6, 10, descr=<ArrayP 8>)
+189: p30 = getarrayitem_gc(p6, 11, descr=<ArrayP 8>)
+193: p32 = getarrayitem_gc(p6, 12, descr=<ArrayP 8>)
+204: p34 = getarrayitem_gc(p6, 13, descr=<ArrayP 8>)
+215: p36 = getarrayitem_gc(p6, 14, descr=<ArrayP 8>)
+229: p38 = getarrayitem_gc(p6, 15, descr=<ArrayP 8>)
+243: label(i0, i1, i2, p3, p4, p5, p8, p10, p12, p14, p16, p18, p20, p22, p24, p26, p28, p30, p32, p34, p36, p38, descr=TargetToken(4302430240))
debug_merge_point(0, 0, '3 label 2')
+333: p39 = getfield_gc(p3, descr=<FieldP pyrlang.interpreter.interp.Process.inst_y_reg 80>)
debug_merge_point(0, 0, '4 is_lt L3. x(0). #0')
+344: p40 = getfield_gc(p3, descr=<FieldP pyrlang.interpreter.interp.Process.inst_x_reg 72>)
+348: i41 = ptr_eq(p40, p4)
guard_true(i41, descr=<Guard0x100712700>) [i2, i1, i0, p4, p3, p40, p8, p10, p12, p14, p16, p18, p20, p22, p24, p26, p28, p30, p32, p34, p36, p38]
+361: guard_class(p8, ConstClass(W_IntObject), descr=<Guard0x10074ce90>) [i2, i1, i0, p4, p3, p8, p10, p12, p14, p16, p18, p20, p22, p24, p26, p28, p30, p32, p34, p36, p38]
+373: i43 = getfield_gc_pure(p8, descr=<FieldS pyrlang.interpreter.datatypes.number.W_IntObject.inst_intval 8>)
+377: i45 = int_lt(i43, 2)
guard_true(i45, descr=<Guard0x10074ce38>) [i2, i1, i0, p4, p3, p8, p10, p12, p14, p16, p18, p20, p22, p24, p26, p28, p30, p32, p34, p36, p38]
debug_merge_point(0, 0, '5 move #1. x(0)')
debug_merge_point(0, 0, '6 return ')
+387: i46 = getfield_gc(p39, descr=<FieldS pyrlang.interpreter.register.Y_Register.inst_addr_top 16>)
+391: i48 = int_eq(i46, -1)
guard_false(i48, descr=<Guard0x10074cde0>) [i0, i2, i1, p39, p4, p3, p10, p12, p14, p16, p18, p20, p22, p24, p26, p28, p30, p32, p34, p36, p38]
+401: p49 = getfield_gc(p39, descr=<FieldP pyrlang.interpreter.register.Y_Register.inst_addrs 24>)
+405: i51 = int_lt(i46, 0)
guard_false(i51, descr=<Guard0x10074cd88>) [i46, i0, i2, i1, p39, p49, p4, p3, p10, p12, p14, p16, p18, p20, p22, p24, p26, p28, p30, p32, p34, p36, p38]
+415: p52 = getarrayitem_gc(p49, i46, descr=<ArrayP 8>)
+420: i54 = int_sub(i46, 1)
+424: p55 = getfield_gc_pure(p52, descr=<FieldP tuple2.item0 8>)
+428: i56 = getfield_gc_pure(p52, descr=<FieldS tuple2.item1 16>)
+432: setfield_gc(p39, i54, descr=<FieldS pyrlang.interpreter.register.Y_Register.inst_addr_top 16>)
+436: i58 = int_eq(7, i0)
guard_false(i58, descr=<Guard0x10074cd30>) [i0, i2, i1, i56, p4, p3, p55, p10, p12, p14, p16, p18, p20, p22, p24, p26, p28, p30, p32, p34, p36, p38]
+450: guard_value(i56, 15, descr=<Guard0x10074ccd8>) [i2, i1, i56, p39, p4, p3, p55, p10, p12, p14, p16, p18, p20, p22, p24, p26, p28, p30, p32, p34, p36, p38]
+460: guard_value(p55, ConstPtr(ptr60), descr=<Guard0x10074cc80>) [i2, i1, p39, p4, p3, p55, p10, p12, p14, p16, p18, p20, p22, p24, p26, p28, p30, p32, p34, p36, p38]
debug_merge_point(0, 0, '15 line 2')
debug_merge_point(0, 0, '16 gc_bif2 L0. 1. 0. y(0). #0. x(1)')
+479: i61 = getfield_gc(p39, descr=<FieldS pyrlang.interpreter.register.Y_Register.inst_val_top 40>)
+483: p62 = getfield_gc(p39, descr=<FieldP pyrlang.interpreter.register.Y_Register.inst_vals 48>)
+487: p63 = getarrayitem_gc(p62, i61, descr=<ArrayP 8>)
+492: guard_class(p63, ConstClass(W_IntObject), descr=<Guard0x10074cc28>) [i2, i1, p4, p3, p63, p10, p12, p14, p16, p18, p20, p22, p24, p26, p28, p30, p32, p34, p36, p38]
+504: i65 = getfield_gc_pure(p63, descr=<FieldS pyrlang.interpreter.datatypes.number.W_IntObject.inst_intval 8>)
+508: i67 = int_sub_ovf(i65, 2)
guard_no_overflow(descr=<Guard0x10074cbd0>) [i2, i1, p4, p3, i67, p63, p10, p12, p14, p16, p18, p20, p22, p24, p26, p28, p30, p32, p34, p36, p38]
debug_merge_point(0, 0, '17 move x(0). y(0)')
+518: i69 = int_lt(i61, 0)
guard_false(i69, descr=<Guard0x10074cb78>) [i2, i1, p4, p3, i61, p62, p12, p14, p16, p18, p20, p22, p24, p26, p28, p30, p32, p34, p36, p38, i67]
+569: setarrayitem_gc(p62, i61, ConstPtr(ptr70), descr=<ArrayP 8>)
debug_merge_point(0, 0, '18 move x(1). x(0)')
debug_merge_point(0, 0, '19 line 2')
debug_merge_point(0, 0, '20 call 1. L2')
+584: i71 = getfield_gc(p39, descr=<FieldS pyrlang.interpreter.register.Y_Register.inst_addr_size 8>)
+588: setfield_gc(p39, i46, descr=<FieldS pyrlang.interpreter.register.Y_Register.inst_addr_top 16>)
+592: i72 = int_ge(i46, i71)
guard_false(i72, descr=<Guard0x10074cb20>) [i2, i1, p4, p3, i71, p39, p12, p14, p16, p18, p20, p22, p24, p26, p28, p30, p32, p34, p36, p38, i67]
+640: setarrayitem_gc(p49, i46, ConstPtr(ptr73), descr=<ArrayP 8>)
+655: i75 = int_sub(i1, 1)
+666: guard_true(i2, descr=<Guard0x10074cac8>) [i75, p4, p3, p12, p14, p16, p18, p20, p22, p24, p26, p28, p30, p32, p34, p36, p38, i67]
debug_merge_point(0, 0, '3 label 2')
debug_merge_point(0, 0, '4 is_lt L3. x(0). #0')
+682: i77 = int_lt(i67, 2)
guard_true(i77, descr=<Guard0x10074ca70>) [i75, p4, p3, p12, p14, p16, p18, p20, p22, p24, p26, p28, p30, p32, p34, p36, p38, i67]
debug_merge_point(0, 0, '5 move #1. x(0)')
debug_merge_point(0, 0, '6 return ')
+692: p78 = getarrayitem_gc(p49, i46, descr=<ArrayP 8>)
+697: p79 = getfield_gc_pure(p78, descr=<FieldP tuple2.item0 8>)
+701: i80 = getfield_gc_pure(p78, descr=<FieldS tuple2.item1 16>)
+705: setfield_gc(p39, i54, descr=<FieldS pyrlang.interpreter.register.Y_Register.inst_addr_top 16>)
+709: guard_value(i80, 21, descr=<Guard0x10074ca18>) [i75, i80, p39, p4, p3, p79, p12, p14, p16, p18, p20, p22, p24, p26, p28, p30, p32, p34, p36, p38, i67]
+719: guard_value(p79, ConstPtr(ptr82), descr=<Guard0x10074c9c0>) [i75, p39, p4, p3, p79, p12, p14, p16, p18, p20, p22, p24, p26, p28, p30, p32, p34, p36, p38, i67]
debug_merge_point(0, 0, '21 line 2')
debug_merge_point(0, 0, '22 gc_bif2 L0. 1. 1. y(0). x(0). x(0)')
+738: p83 = getarrayitem_gc(p62, i61, descr=<ArrayP 8>)
+743: guard_class(p83, ConstClass(W_IntObject), descr=<Guard0x10074c968>) [i75, p4, p3, p83, p12, p14, p16, p18, p20, p22, p24, p26, p28, p30, p32, p34, p36, p38, i67]
+755: i85 = getfield_gc_pure(p83, descr=<FieldS pyrlang.interpreter.datatypes.number.W_IntObject.inst_intval 8>)
+759: i87 = int_add_ovf(i85, 1)
guard_no_overflow(descr=<Guard0x10074c910>) [i75, p4, p3, i87, p83, p12, p14, p16, p18, p20, p22, p24, p26, p28, p30, p32, p34, p36, p38, i67]
debug_merge_point(0, 0, '23 deallocate 1')
+769: i89 = int_sub(i61, 1)
debug_merge_point(0, 0, '24 return ')
+773: setfield_gc(p39, i89, descr=<FieldS pyrlang.interpreter.register.Y_Register.inst_val_top 40>)
+777: i91 = int_eq(i54, -1)
guard_false(i91, descr=<Guard0x10074c8b8>) [i75, p39, p4, p3, p12, p14, p16, p18, p20, p22, p24, p26, p28, p30, p32, p34, p36, p38, i87, i67]
+787: i93 = int_lt(i54, 0)
guard_false(i93, descr=<Guard0x10074c860>) [i54, i75, p39, p49, p4, p3, p12, p14, p16, p18, p20, p22, p24, p26, p28, p30, p32, p34, p36, p38, i87, i67]
+797: p94 = getarrayitem_gc(p49, i54, descr=<ArrayP 8>)
+802: i96 = int_sub(i54, 1)
+806: p97 = getfield_gc_pure(p94, descr=<FieldP tuple2.item0 8>)
+810: i98 = getfield_gc_pure(p94, descr=<FieldS tuple2.item1 16>)
+814: setfield_gc(p39, i96, descr=<FieldS pyrlang.interpreter.register.Y_Register.inst_addr_top 16>)
+818: guard_value(i98, 15, descr=<Guard0x10074c808>) [i75, i98, p39, p4, p3, p97, p12, p14, p16, p18, p20, p22, p24, p26, p28, p30, p32, p34, p36, p38, i87, i67]
+828: guard_value(p97, ConstPtr(ptr100), descr=<Guard0x10074c7b0>) [i75, p39, p4, p3, p97, p12, p14, p16, p18, p20, p22, p24, p26, p28, p30, p32, p34, p36, p38, i87, i67]
debug_merge_point(0, 0, '15 line 2')
debug_merge_point(0, 0, '16 gc_bif2 L0. 1. 0. y(0). #0. x(1)')
+847: p101 = getarrayitem_gc(p62, i89, descr=<ArrayP 8>)
+852: guard_class(p101, ConstClass(W_IntObject), descr=<Guard0x10074c758>) [i75, p4, p3, p101, p12, p14, p16, p18, p20, p22, p24, p26, p28, p30, p32, p34, p36, p38, i87, i67]
+864: i103 = getfield_gc_pure(p101, descr=<FieldS pyrlang.interpreter.datatypes.number.W_IntObject.inst_intval 8>)
+868: i105 = int_sub_ovf(i103, 2)
guard_no_overflow(descr=<Guard0x10074c700>) [i75, p4, p3, i105, p101, p12, p14, p16, p18, p20, p22, p24, p26, p28, p30, p32, p34, p36, p38, i87, i67]
debug_merge_point(0, 0, '17 move x(0). y(0)')
+878: i107 = int_lt(i89, 0)
guard_false(i107, descr=<Guard0x10074c6a8>) [i75, p4, p3, i89, p62, p12, p14, p16, p18, p20, p22, p24, p26, p28, p30, p32, p34, p36, p38, i105, i87, None]
p110 = new_with_vtable(ConstClass(W_IntObject))
+974: setfield_gc(p110, i87, descr=<FieldS pyrlang.interpreter.datatypes.number.W_IntObject.inst_intval 8>)
+1026: setarrayitem_gc(p62, i89, p110, descr=<ArrayP 8>)
debug_merge_point(0, 0, '18 move x(1). x(0)')
debug_merge_point(0, 0, '19 line 2')
debug_merge_point(0, 0, '20 call 1. L2')
+1031: setfield_gc(p39, i54, descr=<FieldS pyrlang.interpreter.register.Y_Register.inst_addr_top 16>)
+1035: i111 = int_ge(i54, i71)
guard_false(i111, descr=<Guard0x10074c650>) [i75, p4, p3, i71, p39, p12, p14, p16, p18, p20, p22, p24, p26, p28, p30, p32, p34, p36, p38, i105]
+1083: setarrayitem_gc(p49, i54, ConstPtr(ptr112), descr=<ArrayP 8>)
+1098: i114 = int_sub(i75, 1)
debug_merge_point(0, 0, '3 label 2')
debug_merge_point(0, 0, '4 is_lt L3. x(0). #0')
+1103: i116 = int_lt(i105, 2)
guard_true(i116, descr=<Guard0x10074c5f8>) [i114, p4, p3, p12, p14, p16, p18, p20, p22, p24, p26, p28, p30, p32, p34, p36, p38, i105]
debug_merge_point(0, 0, '5 move #1. x(0)')
debug_merge_point(0, 0, '6 return ')
+1113: p117 = getarrayitem_gc(p49, i54, descr=<ArrayP 8>)
+1118: p118 = getfield_gc_pure(p117, descr=<FieldP tuple2.item0 8>)
+1123: i119 = getfield_gc_pure(p117, descr=<FieldS tuple2.item1 16>)
+1128: setfield_gc(p39, i96, descr=<FieldS pyrlang.interpreter.register.Y_Register.inst_addr_top 16>)
+1132: guard_value(i119, 21, descr=<Guard0x10074c5a0>) [i114, i119, p39, p4, p3, p118, p12, p14, p16, p18, p20, p22, p24, p26, p28, p30, p32, p34, p36, p38, i105]
+1142: guard_value(p118, ConstPtr(ptr121), descr=<Guard0x10074c548>) [i114, p39, p4, p3, p118, p12, p14, p16, p18, p20, p22, p24, p26, p28, p30, p32, p34, p36, p38, i105]
debug_merge_point(0, 0, '21 line 2')
debug_merge_point(0, 0, '22 gc_bif2 L0. 1. 1. y(0). x(0). x(0)')
+1161: p122 = getarrayitem_gc(p62, i89, descr=<ArrayP 8>)
+1166: guard_class(p122, ConstClass(W_IntObject), descr=<Guard0x10074c4f0>) [i114, p4, p3, p122, p12, p14, p16, p18, p20, p22, p24, p26, p28, p30, p32, p34, p36, p38, i105]
+1178: i124 = getfield_gc_pure(p122, descr=<FieldS pyrlang.interpreter.datatypes.number.W_IntObject.inst_intval 8>)
+1182: i126 = int_add_ovf(i124, 1)
guard_no_overflow(descr=<Guard0x10074c498>) [i114, p4, p3, i126, p122, p12, p14, p16, p18, p20, p22, p24, p26, p28, p30, p32, p34, p36, p38, i105]
debug_merge_point(0, 0, '23 deallocate 1')
+1192: i128 = int_sub(i89, 1)
debug_merge_point(0, 0, '24 return ')
+1196: setfield_gc(p39, i128, descr=<FieldS pyrlang.interpreter.register.Y_Register.inst_val_top 40>)
+1200: i130 = int_eq(i96, -1)
guard_false(i130, descr=<Guard0x10074c440>) [i114, p39, p4, p3, p12, p14, p16, p18, p20, p22, p24, p26, p28, p30, p32, p34, p36, p38, i126, i105]
+1210: i132 = int_lt(i96, 0)
guard_false(i132, descr=<Guard0x10074c3e8>) [i96, i114, p39, p49, p4, p3, p12, p14, p16, p18, p20, p22, p24, p26, p28, p30, p32, p34, p36, p38, i126, i105]
+1220: p133 = getarrayitem_gc(p49, i96, descr=<ArrayP 8>)
+1225: i135 = int_sub(i96, 1)
+1229: p136 = getfield_gc_pure(p133, descr=<FieldP tuple2.item0 8>)
+1233: i137 = getfield_gc_pure(p133, descr=<FieldS tuple2.item1 16>)
+1244: setfield_gc(p39, i135, descr=<FieldS pyrlang.interpreter.register.Y_Register.inst_addr_top 16>)
+1248: guard_value(i137, 21, descr=<Guard0x10074c390>) [i114, i137, p39, p4, p3, p136, p12, p14, p16, p18, p20, p22, p24, p26, p28, p30, p32, p34, p36, p38, i126, i105]
+1258: guard_value(p136, ConstPtr(ptr139), descr=<Guard0x10074c338>) [i114, p39, p4, p3, p136, p12, p14, p16, p18, p20, p22, p24, p26, p28, p30, p32, p34, p36, p38, i126, i105]
debug_merge_point(0, 0, '21 line 2')
debug_merge_point(0, 0, '22 gc_bif2 L0. 1. 1. y(0). x(0). x(0)')
+1277: p140 = getarrayitem_gc(p62, i128, descr=<ArrayP 8>)
+1282: guard_class(p140, ConstClass(W_IntObject), descr=<Guard0x10074c2e0>) [i114, p4, p3, p140, p12, p14, p16, p18, p20, p22, p24, p26, p28, p30, p32, p34, p36, p38, i126, i105]
+1295: i142 = getfield_gc_pure(p140, descr=<FieldS pyrlang.interpreter.datatypes.number.W_IntObject.inst_intval 8>)
+1299: i143 = int_add_ovf(i142, i126)
guard_no_overflow(descr=<Guard0x10074c288>) [i114, p4, p3, i143, p140, p12, p14, p16, p18, p20, p22, p24, p26, p28, p30, p32, p34, p36, p38, i126, i105]
debug_merge_point(0, 0, '23 deallocate 1')
+1308: i145 = int_sub(i128, 1)
debug_merge_point(0, 0, '24 return ')
+1312: setfield_gc(p39, i145, descr=<FieldS pyrlang.interpreter.register.Y_Register.inst_val_top 40>)
+1316: i147 = int_eq(i135, -1)
guard_false(i147, descr=<Guard0x10074c230>) [i114, p39, p4, p3, p12, p14, p16, p18, p20, p22, p24, p26, p28, p30, p32, p34, p36, p38, i143, None, i105]
+1326: i149 = int_lt(i135, 0)
guard_false(i149, descr=<Guard0x10074c1d8>) [i135, i114, p39, p49, p4, p3, p12, p14, p16, p18, p20, p22, p24, p26, p28, p30, p32, p34, p36, p38, i143, None, i105]
+1336: p150 = getarrayitem_gc(p49, i135, descr=<ArrayP 8>)
+1348: i152 = int_sub(i135, 1)
+1360: p153 = getfield_gc_pure(p150, descr=<FieldP tuple2.item0 8>)
+1371: i154 = getfield_gc_pure(p150, descr=<FieldS tuple2.item1 16>)
+1375: setfield_gc(p39, i152, descr=<FieldS pyrlang.interpreter.register.Y_Register.inst_addr_top 16>)
+1379: guard_value(i154, 21, descr=<Guard0x10074c180>) [i114, i154, p39, p4, p3, p153, p12, p14, p16, p18, p20, p22, p24, p26, p28, p30, p32, p34, p36, p38, i143, None, i105]
+1389: guard_value(p153, ConstPtr(ptr156), descr=<Guard0x10074c128>) [i114, p39, p4, p3, p153, p12, p14, p16, p18, p20, p22, p24, p26, p28, p30, p32, p34, p36, p38, i143, None, i105]
debug_merge_point(0, 0, '21 line 2')
debug_merge_point(0, 0, '22 gc_bif2 L0. 1. 1. y(0). x(0). x(0)')
+1408: p157 = getarrayitem_gc(p62, i145, descr=<ArrayP 8>)
+1420: guard_class(p157, ConstClass(W_IntObject), descr=<Guard0x10074c0d0>) [i114, p4, p3, p157, p12, p14, p16, p18, p20, p22, p24, p26, p28, p30, p32, p34, p36, p38, i143, None, i105]
+1433: i159 = getfield_gc_pure(p157, descr=<FieldS pyrlang.interpreter.datatypes.number.W_IntObject.inst_intval 8>)
+1437: i160 = int_add_ovf(i159, i143)
guard_no_overflow(descr=<Guard0x10074c078>) [i114, p4, p3, i160, p157, p12, p14, p16, p18, p20, p22, p24, p26, p28, p30, p32, p34, p36, p38, i143, None, i105]
debug_merge_point(0, 0, '23 deallocate 1')
+1446: i162 = int_sub(i145, 1)
debug_merge_point(0, 0, '24 return ')
+1450: setfield_gc(p39, i162, descr=<FieldS pyrlang.interpreter.register.Y_Register.inst_val_top 40>)
+1454: i164 = int_eq(i152, -1)
guard_false(i164, descr=<Guard0x10074c020>) [i114, p39, p4, p3, p12, p14, p16, p18, p20, p22, p24, p26, p28, p30, p32, p34, p36, p38, i160, None, None, i105]
+1464: i166 = int_lt(i152, 0)
guard_false(i166, descr=<Guard0x100713f68>) [i152, i114, p39, p49, p4, p3, p12, p14, p16, p18, p20, p22, p24, p26, p28, p30, p32, p34, p36, p38, i160, None, None, i105]
+1474: p167 = getarrayitem_gc(p49, i152, descr=<ArrayP 8>)
+1493: i169 = int_sub(i152, 1)
+1504: p170 = getfield_gc_pure(p167, descr=<FieldP tuple2.item0 8>)
+1515: i171 = getfield_gc_pure(p167, descr=<FieldS tuple2.item1 16>)
+1519: setfield_gc(p39, i169, descr=<FieldS pyrlang.interpreter.register.Y_Register.inst_addr_top 16>)
+1523: guard_value(i171, 15, descr=<Guard0x100713f10>) [i114, i171, p39, p4, p3, p170, p12, p14, p16, p18, p20, p22, p24, p26, p28, p30, p32, p34, p36, p38, i160, None, None, i105]
+1533: guard_value(p170, ConstPtr(ptr173), descr=<Guard0x100713eb8>) [i114, p39, p4, p3, p170, p12, p14, p16, p18, p20, p22, p24, p26, p28, p30, p32, p34, p36, p38, i160, None, None, i105]
debug_merge_point(0, 0, '15 line 2')
debug_merge_point(0, 0, '16 gc_bif2 L0. 1. 0. y(0). #0. x(1)')
+1552: p174 = getarrayitem_gc(p62, i162, descr=<ArrayP 8>)
+1571: guard_class(p174, ConstClass(W_IntObject), descr=<Guard0x100713e60>) [i114, p4, p3, p174, p12, p14, p16, p18, p20, p22, p24, p26, p28, p30, p32, p34, p36, p38, i160, None, None, i105]
+1584: i176 = getfield_gc_pure(p174, descr=<FieldS pyrlang.interpreter.datatypes.number.W_IntObject.inst_intval 8>)
+1595: i178 = int_sub_ovf(i176, 2)
guard_no_overflow(descr=<Guard0x100713e08>) [i114, p4, p3, i178, p174, p12, p14, p16, p18, p20, p22, p24, p26, p28, p30, p32, p34, p36, p38, i160, None, None, i105]
debug_merge_point(0, 0, '17 move x(0). y(0)')
+1605: i180 = int_lt(i162, 0)
guard_false(i180, descr=<Guard0x100713db0>) [i114, p4, p3, i162, p62, p12, p14, p16, p18, p20, p22, p24, p26, p28, p30, p32, p34, p36, p38, i178, i160, None, None, None]
p182 = new_with_vtable(ConstClass(W_IntObject))
+1626: setfield_gc(p182, i160, descr=<FieldS pyrlang.interpreter.datatypes.number.W_IntObject.inst_intval 8>)
+1669: setarrayitem_gc(p62, i162, p182, descr=<ArrayP 8>)
debug_merge_point(0, 0, '18 move x(1). x(0)')
debug_merge_point(0, 0, '19 line 2')
debug_merge_point(0, 0, '20 call 1. L2')
+1674: setfield_gc(p39, i152, descr=<FieldS pyrlang.interpreter.register.Y_Register.inst_addr_top 16>)
+1685: i183 = int_ge(i152, i71)
guard_false(i183, descr=<Guard0x100713d58>) [i114, p4, p3, i71, p39, p12, p14, p16, p18, p20, p22, p24, p26, p28, p30, p32, p34, p36, p38, i178]
+1744: setarrayitem_gc(p49, i152, ConstPtr(ptr184), descr=<ArrayP 8>)
+1759: i186 = int_sub(i114, 1)
debug_merge_point(0, 0, '3 label 2')
debug_merge_point(0, 0, '4 is_lt L3. x(0). #0')
+1763: i188 = int_lt(i178, 2)
guard_false(i188, descr=<Guard0x100713d00>) [i186, p4, p3, p12, p14, p16, p18, p20, p22, p24, p26, p28, p30, p32, p34, p36, p38, i178]
debug_merge_point(0, 0, '7 label 3')
debug_merge_point(0, 0, '8 allocate_zero 1. 1')
+1773: i189 = getfield_gc(p39, descr=<FieldS pyrlang.interpreter.register.Y_Register.inst_val_size 32>)
+1777: setfield_gc(p39, i145, descr=<FieldS pyrlang.interpreter.register.Y_Register.inst_val_top 40>)
+1781: i190 = int_ge(i145, i189)
guard_false(i190, descr=<Guard0x100713ca8>) [i186, p4, p3, i145, i189, p39, p12, p14, p16, p18, p20, p22, p24, p26, p28, p30, p32, p34, p36, p38, i178]
+1790: setarrayitem_gc(p62, i145, ConstPtr(ptr191), descr=<ArrayP 8>)
debug_merge_point(0, 0, '9 line 2')
debug_merge_point(0, 0, '10 gc_bif2 L0. 1. 0. x(0). #1. x(1)')
+1805: i193 = int_sub(i178, 1)
debug_merge_point(0, 0, '11 move x(0). y(0)')
p195 = new_with_vtable(ConstClass(W_IntObject))
+1820: setfield_gc(p195, i178, descr=<FieldS pyrlang.interpreter.datatypes.number.W_IntObject.inst_intval 8>)
+1870: setarrayitem_gc(p62, i145, p195, descr=<ArrayP 8>)
debug_merge_point(0, 0, '12 move x(1). x(0)')
debug_merge_point(0, 0, '13 line 2')
debug_merge_point(0, 0, '14 call 1. L2')
+1875: setfield_gc(p39, i135, descr=<FieldS pyrlang.interpreter.register.Y_Register.inst_addr_top 16>)
+1879: i196 = int_ge(i135, i71)
guard_false(i196, descr=<Guard0x100713c50>) [i186, p4, p3, i71, p39, p12, p14, p16, p18, p20, p22, p24, p26, p28, p30, p32, p34, p36, p38, i193]
+1931: setarrayitem_gc(p49, i135, ConstPtr(ptr197), descr=<ArrayP 8>)
+1946: i199 = int_sub(i186, 1)
debug_merge_point(0, 0, '3 label 2')
debug_merge_point(0, 0, '4 is_lt L3. x(0). #0')
+1950: i201 = int_lt(i193, 2)
guard_false(i201, descr=<Guard0x100713bf8>) [i199, p4, p3, p12, p14, p16, p18, p20, p22, p24, p26, p28, p30, p32, p34, p36, p38, i193]
debug_merge_point(0, 0, '7 label 3')
debug_merge_point(0, 0, '8 allocate_zero 1. 1')
+1960: setfield_gc(p39, i128, descr=<FieldS pyrlang.interpreter.register.Y_Register.inst_val_top 40>)
+1964: i202 = int_ge(i128, i189)
guard_false(i202, descr=<Guard0x100713ba0>) [i199, p4, p3, i128, i189, p39, p12, p14, p16, p18, p20, p22, p24, p26, p28, p30, p32, p34, p36, p38, i193]
+1973: setarrayitem_gc(p62, i128, ConstPtr(ptr191), descr=<ArrayP 8>)
debug_merge_point(0, 0, '9 line 2')
debug_merge_point(0, 0, '10 gc_bif2 L0. 1. 0. x(0). #1. x(1)')
+1988: i204 = int_sub(i193, 1)
debug_merge_point(0, 0, '11 move x(0). y(0)')
p206 = new_with_vtable(ConstClass(W_IntObject))
+2003: setfield_gc(p206, i193, descr=<FieldS pyrlang.interpreter.datatypes.number.W_IntObject.inst_intval 8>)
+2046: setarrayitem_gc(p62, i128, p206, descr=<ArrayP 8>)
debug_merge_point(0, 0, '12 move x(1). x(0)')
debug_merge_point(0, 0, '13 line 2')
debug_merge_point(0, 0, '14 call 1. L2')
+2051: setfield_gc(p39, i96, descr=<FieldS pyrlang.interpreter.register.Y_Register.inst_addr_top 16>)
+2055: i207 = int_ge(i96, i71)
guard_false(i207, descr=<Guard0x100713b48>) [i199, p4, p3, i71, p39, p12, p14, p16, p18, p20, p22, p24, p26, p28, p30, p32, p34, p36, p38, i204]
+2107: setarrayitem_gc(p49, i96, ConstPtr(ptr208), descr=<ArrayP 8>)
+2122: i210 = int_sub(i199, 1)
debug_merge_point(0, 0, '3 label 2')
+2126: p211 = same_as(p39)
+2129: label(i210, p3, p4, p39, i204, p12, p14, p16, p18, p20, p22, p24, p26, p28, p30, p32, p34, p36, p38, p49, i96, p211, i135, p62, i128, i152, i145, i169, i162, i71, i189, descr=TargetToken(4302430312))
debug_merge_point(0, 0, '3 label 2')
debug_merge_point(0, 0, '4 is_lt L3. x(0). #0')
+2157: i212 = int_lt(i204, 2)
guard_true(i212, descr=<Guard0x100713af0>) [i210, p4, p3, p12, p14, p16, p18, p20, p22, p24, p26, p28, p30, p32, p34, p36, p38, i204]
debug_merge_point(0, 0, '5 move #1. x(0)')
debug_merge_point(0, 0, '6 return ')
+2167: p213 = getarrayitem_gc(p49, i96, descr=<ArrayP 8>)
+2172: p214 = getfield_gc_pure(p213, descr=<FieldP tuple2.item0 8>)
+2176: i215 = getfield_gc_pure(p213, descr=<FieldS tuple2.item1 16>)
+2180: setfield_gc(p211, i135, descr=<FieldS pyrlang.interpreter.register.Y_Register.inst_addr_top 16>)
+2184: guard_value(i215, 15, descr=<Guard0x100713a98>) [i210, i215, p211, p4, p3, p214, p12, p14, p16, p18, p20, p22, p24, p26, p28, p30, p32, p34, p36, p38, None]
+2194: guard_value(p214, ConstPtr(ptr60), descr=<Guard0x100713a40>) [i210, p211, p4, p3, p214, p12, p14, p16, p18, p20, p22, p24, p26, p28, p30, p32, p34, p36, p38, None]
debug_merge_point(0, 0, '15 line 2')
debug_merge_point(0, 0, '16 gc_bif2 L0. 1. 0. y(0). #0. x(1)')
+2213: p216 = getarrayitem_gc(p62, i128, descr=<ArrayP 8>)
+2218: guard_class(p216, ConstClass(W_IntObject), descr=<Guard0x1007139e8>) [i210, p4, p3, p216, p12, p14, p16, p18, p20, p22, p24, p26, p28, p30, p32, p34, p36, p38, None]
+2231: i217 = getfield_gc_pure(p216, descr=<FieldS pyrlang.interpreter.datatypes.number.W_IntObject.inst_intval 8>)
+2235: i218 = int_sub_ovf(i217, 2)
guard_no_overflow(descr=<Guard0x100713990>) [i210, p4, p3, i218, p216, p12, p14, p16, p18, p20, p22, p24, p26, p28, p30, p32, p34, p36, p38, None]
debug_merge_point(0, 0, '17 move x(0). y(0)')
+2284: setarrayitem_gc(p62, i128, ConstPtr(ptr70), descr=<ArrayP 8>)
debug_merge_point(0, 0, '18 move x(1). x(0)')
debug_merge_point(0, 0, '19 line 2')
debug_merge_point(0, 0, '20 call 1. L2')
+2338: setarrayitem_gc(p49, i96, ConstPtr(ptr219), descr=<ArrayP 8>)
+2353: i220 = int_sub(i210, 1)
debug_merge_point(0, 0, '3 label 2')
debug_merge_point(0, 0, '4 is_lt L3. x(0). #0')
+2357: setfield_gc(p211, i96, descr=<FieldS pyrlang.interpreter.register.Y_Register.inst_addr_top 16>)
+2361: i221 = int_lt(i218, 2)
guard_true(i221, descr=<Guard0x100713938>) [i220, p4, p3, p12, p14, p16, p18, p20, p22, p24, p26, p28, p30, p32, p34, p36, p38, i218]
debug_merge_point(0, 0, '5 move #1. x(0)')
debug_merge_point(0, 0, '6 return ')
+2371: p222 = getarrayitem_gc(p49, i96, descr=<ArrayP 8>)
+2376: p223 = getfield_gc_pure(p222, descr=<FieldP tuple2.item0 8>)
+2380: i224 = getfield_gc_pure(p222, descr=<FieldS tuple2.item1 16>)
+2384: setfield_gc(p211, i135, descr=<FieldS pyrlang.interpreter.register.Y_Register.inst_addr_top 16>)
+2388: guard_value(i224, 21, descr=<Guard0x1007138e0>) [i220, i224, p211, p4, p3, p223, p12, p14, p16, p18, p20, p22, p24, p26, p28, p30, p32, p34, p36, p38, i218]
+2398: guard_value(p223, ConstPtr(ptr82), descr=<Guard0x100713888>) [i220, p211, p4, p3, p223, p12, p14, p16, p18, p20, p22, p24, p26, p28, p30, p32, p34, p36, p38, i218]
debug_merge_point(0, 0, '21 line 2')
debug_merge_point(0, 0, '22 gc_bif2 L0. 1. 1. y(0). x(0). x(0)')
+2417: p225 = getarrayitem_gc(p62, i128, descr=<ArrayP 8>)
+2422: guard_class(p225, ConstClass(W_IntObject), descr=<Guard0x100713830>) [i220, p4, p3, p225, p12, p14, p16, p18, p20, p22, p24, p26, p28, p30, p32, p34, p36, p38, i218]
+2435: i226 = getfield_gc_pure(p225, descr=<FieldS pyrlang.interpreter.datatypes.number.W_IntObject.inst_intval 8>)
+2439: i227 = int_add_ovf(i226, 1)
guard_no_overflow(descr=<Guard0x1007137d8>) [i220, p4, p3, i227, p225, p12, p14, p16, p18, p20, p22, p24, p26, p28, p30, p32, p34, p36, p38, i218]
debug_merge_point(0, 0, '23 deallocate 1')
debug_merge_point(0, 0, '24 return ')
+2449: p228 = getarrayitem_gc(p49, i135, descr=<ArrayP 8>)
+2454: p229 = getfield_gc_pure(p228, descr=<FieldP tuple2.item0 8>)
+2458: i230 = getfield_gc_pure(p228, descr=<FieldS tuple2.item1 16>)
+2462: setfield_gc(p211, i152, descr=<FieldS pyrlang.interpreter.register.Y_Register.inst_addr_top 16>)
+2473: setfield_gc(p211, i145, descr=<FieldS pyrlang.interpreter.register.Y_Register.inst_val_top 40>)
+2477: guard_value(i230, 15, descr=<Guard0x100713780>) [i220, i230, p211, p4, p3, p229, p12, p14, p16, p18, p20, p22, p24, p26, p28, p30, p32, p34, p36, p38, i227, i218]
+2487: guard_value(p229, ConstPtr(ptr100), descr=<Guard0x100713728>) [i220, p211, p4, p3, p229, p12, p14, p16, p18, p20, p22, p24, p26, p28, p30, p32, p34, p36, p38, i227, i218]
debug_merge_point(0, 0, '15 line 2')
debug_merge_point(0, 0, '16 gc_bif2 L0. 1. 0. y(0). #0. x(1)')
+2506: p231 = getarrayitem_gc(p62, i145, descr=<ArrayP 8>)
+2511: guard_class(p231, ConstClass(W_IntObject), descr=<Guard0x1007136d0>) [i220, p4, p3, p231, p12, p14, p16, p18, p20, p22, p24, p26, p28, p30, p32, p34, p36, p38, i227, i218]
+2524: i232 = getfield_gc_pure(p231, descr=<FieldS pyrlang.interpreter.datatypes.number.W_IntObject.inst_intval 8>)
+2528: i233 = int_sub_ovf(i232, 2)
guard_no_overflow(descr=<Guard0x100713678>) [i220, p4, p3, i233, p231, p12, p14, p16, p18, p20, p22, p24, p26, p28, p30, p32, p34, p36, p38, i227, i218]
debug_merge_point(0, 0, '17 move x(0). y(0)')
p234 = new_with_vtable(ConstClass(W_IntObject))
+2631: setfield_gc(p234, i227, descr=<FieldS pyrlang.interpreter.datatypes.number.W_IntObject.inst_intval 8>)
+2674: setarrayitem_gc(p62, i145, p234, descr=<ArrayP 8>)
debug_merge_point(0, 0, '18 move x(1). x(0)')
debug_merge_point(0, 0, '19 line 2')
debug_merge_point(0, 0, '20 call 1. L2')
+2725: setarrayitem_gc(p49, i135, ConstPtr(ptr235), descr=<ArrayP 8>)
+2740: i236 = int_sub(i220, 1)
debug_merge_point(0, 0, '3 label 2')
debug_merge_point(0, 0, '4 is_lt L3. x(0). #0')
+2744: setfield_gc(p211, i135, descr=<FieldS pyrlang.interpreter.register.Y_Register.inst_addr_top 16>)
+2748: i237 = int_lt(i233, 2)
guard_true(i237, descr=<Guard0x100713620>) [i236, p4, p3, p12, p14, p16, p18, p20, p22, p24, p26, p28, p30, p32, p34, p36, p38, i233]
debug_merge_point(0, 0, '5 move #1. x(0)')
debug_merge_point(0, 0, '6 return ')
+2758: p238 = getarrayitem_gc(p49, i135, descr=<ArrayP 8>)
+2763: p239 = getfield_gc_pure(p238, descr=<FieldP tuple2.item0 8>)
+2767: i240 = getfield_gc_pure(p238, descr=<FieldS tuple2.item1 16>)
+2771: setfield_gc(p211, i152, descr=<FieldS pyrlang.interpreter.register.Y_Register.inst_addr_top 16>)
+2775: guard_value(i240, 21, descr=<Guard0x1007135c8>) [i236, i240, p211, p4, p3, p239, p12, p14, p16, p18, p20, p22, p24, p26, p28, p30, p32, p34, p36, p38, i233]
+2785: guard_value(p239, ConstPtr(ptr121), descr=<Guard0x100713570>) [i236, p211, p4, p3, p239, p12, p14, p16, p18, p20, p22, p24, p26, p28, p30, p32, p34, p36, p38, i233]
debug_merge_point(0, 0, '21 line 2')
debug_merge_point(0, 0, '22 gc_bif2 L0. 1. 1. y(0). x(0). x(0)')
+2804: p241 = getarrayitem_gc(p62, i145, descr=<ArrayP 8>)
+2809: guard_class(p241, ConstClass(W_IntObject), descr=<Guard0x100713518>) [i236, p4, p3, p241, p12, p14, p16, p18, p20, p22, p24, p26, p28, p30, p32, p34, p36, p38, i233]
+2823: i242 = getfield_gc_pure(p241, descr=<FieldS pyrlang.interpreter.datatypes.number.W_IntObject.inst_intval 8>)
+2828: i243 = int_add_ovf(i242, 1)
guard_no_overflow(descr=<Guard0x1007134c0>) [i236, p4, p3, i243, p241, p12, p14, p16, p18, p20, p22, p24, p26, p28, p30, p32, p34, p36, p38, i233]
debug_merge_point(0, 0, '23 deallocate 1')
debug_merge_point(0, 0, '24 return ')
+2838: p244 = getarrayitem_gc(p49, i152, descr=<ArrayP 8>)
+2843: p245 = getfield_gc_pure(p244, descr=<FieldP tuple2.item0 8>)
+2848: i246 = getfield_gc_pure(p244, descr=<FieldS tuple2.item1 16>)
+2853: setfield_gc(p211, i169, descr=<FieldS pyrlang.interpreter.register.Y_Register.inst_addr_top 16>)
+2864: setfield_gc(p211, i162, descr=<FieldS pyrlang.interpreter.register.Y_Register.inst_val_top 40>)
+2875: guard_value(i246, 21, descr=<Guard0x100713468>) [i236, i246, p211, p4, p3, p245, p12, p14, p16, p18, p20, p22, p24, p26, p28, p30, p32, p34, p36, p38, i243, i233]
+2885: guard_value(p245, ConstPtr(ptr139), descr=<Guard0x100713410>) [i236, p211, p4, p3, p245, p12, p14, p16, p18, p20, p22, p24, p26, p28, p30, p32, p34, p36, p38, i243, i233]
debug_merge_point(0, 0, '21 line 2')
debug_merge_point(0, 0, '22 gc_bif2 L0. 1. 1. y(0). x(0). x(0)')
+2904: p247 = getarrayitem_gc(p62, i162, descr=<ArrayP 8>)
+2909: guard_class(p247, ConstClass(W_IntObject), descr=<Guard0x1007133b8>) [i236, p4, p3, p247, p12, p14, p16, p18, p20, p22, p24, p26, p28, p30, p32, p34, p36, p38, i243, i233]
+2921: i248 = getfield_gc_pure(p247, descr=<FieldS pyrlang.interpreter.datatypes.number.W_IntObject.inst_intval 8>)
+2925: i249 = int_add_ovf(i248, i243)
guard_no_overflow(descr=<Guard0x100713360>) [i236, p4, p3, i249, p247, p12, p14, p16, p18, p20, p22, p24, p26, p28, p30, p32, p34, p36, p38, i243, i233]
debug_merge_point(0, 0, '23 deallocate 1')
+2934: i250 = int_sub(i162, 1)
debug_merge_point(0, 0, '24 return ')
+2938: setfield_gc(p211, i250, descr=<FieldS pyrlang.interpreter.register.Y_Register.inst_val_top 40>)
+2942: i251 = int_eq(i169, -1)
guard_false(i251, descr=<Guard0x100713308>) [i236, p211, p4, p3, p12, p14, p16, p18, p20, p22, p24, p26, p28, p30, p32, p34, p36, p38, i249, None, i233]
+2952: i252 = int_lt(i169, 0)
guard_false(i252, descr=<Guard0x1007132b0>) [i169, i236, p211, p49, p4, p3, p12, p14, p16, p18, p20, p22, p24, p26, p28, p30, p32, p34, p36, p38, i249, None, i233]
+2962: p253 = getarrayitem_gc(p49, i169, descr=<ArrayP 8>)
+2967: i254 = int_sub(i169, 1)
+2972: p255 = getfield_gc_pure(p253, descr=<FieldP tuple2.item0 8>)
+2983: i256 = getfield_gc_pure(p253, descr=<FieldS tuple2.item1 16>)
+2994: setfield_gc(p211, i254, descr=<FieldS pyrlang.interpreter.register.Y_Register.inst_addr_top 16>)
+3005: guard_value(i256, 21, descr=<Guard0x100713258>) [i236, i256, p211, p4, p3, p255, p12, p14, p16, p18, p20, p22, p24, p26, p28, p30, p32, p34, p36, p38, i249, None, i233]
+3015: guard_value(p255, ConstPtr(ptr156), descr=<Guard0x100713200>) [i236, p211, p4, p3, p255, p12, p14, p16, p18, p20, p22, p24, p26, p28, p30, p32, p34, p36, p38, i249, None, i233]
debug_merge_point(0, 0, '21 line 2')
debug_merge_point(0, 0, '22 gc_bif2 L0. 1. 1. y(0). x(0). x(0)')
+3034: p257 = getarrayitem_gc(p62, i250, descr=<ArrayP 8>)
+3046: guard_class(p257, ConstClass(W_IntObject), descr=<Guard0x1007131a8>) [i236, p4, p3, p257, p12, p14, p16, p18, p20, p22, p24, p26, p28, p30, p32, p34, p36, p38, i249, None, i233]
+3059: i258 = getfield_gc_pure(p257, descr=<FieldS pyrlang.interpreter.datatypes.number.W_IntObject.inst_intval 8>)
+3063: i259 = int_add_ovf(i258, i249)
guard_no_overflow(descr=<Guard0x100713150>) [i236, p4, p3, i259, p257, p12, p14, p16, p18, p20, p22, p24, p26, p28, p30, p32, p34, p36, p38, i249, None, i233]
debug_merge_point(0, 0, '23 deallocate 1')
+3072: i260 = int_sub(i250, 1)
debug_merge_point(0, 0, '24 return ')
+3076: setfield_gc(p211, i260, descr=<FieldS pyrlang.interpreter.register.Y_Register.inst_val_top 40>)
+3080: i261 = int_eq(i254, -1)
guard_false(i261, descr=<Guard0x1007130f8>) [i236, p211, p4, p3, p12, p14, p16, p18, p20, p22, p24, p26, p28, p30, p32, p34, p36, p38, i259, None, None, i233]
+3090: i262 = int_lt(i254, 0)
guard_false(i262, descr=<Guard0x1007130a0>) [i254, i236, p211, p49, p4, p3, p12, p14, p16, p18, p20, p22, p24, p26, p28, p30, p32, p34, p36, p38, i259, None, None, i233]
+3100: p263 = getarrayitem_gc(p49, i254, descr=<ArrayP 8>)
+3105: i264 = int_sub(i254, 1)
+3109: p265 = getfield_gc_pure(p263, descr=<FieldP tuple2.item0 8>)
+3113: i266 = getfield_gc_pure(p263, descr=<FieldS tuple2.item1 16>)
+3117: setfield_gc(p211, i264, descr=<FieldS pyrlang.interpreter.register.Y_Register.inst_addr_top 16>)
+3121: guard_value(i266, 15, descr=<Guard0x100713048>) [i236, i266, p211, p4, p3, p265, p12, p14, p16, p18, p20, p22, p24, p26, p28, p30, p32, p34, p36, p38, i259, None, None, i233]
+3131: guard_value(p265, ConstPtr(ptr173), descr=<Guard0x100712ff0>) [i236, p211, p4, p3, p265, p12, p14, p16, p18, p20, p22, p24, p26, p28, p30, p32, p34, p36, p38, i259, None, None, i233]
debug_merge_point(0, 0, '15 line 2')
debug_merge_point(0, 0, '16 gc_bif2 L0. 1. 0. y(0). #0. x(1)')
+3150: p267 = getarrayitem_gc(p62, i260, descr=<ArrayP 8>)
+3155: guard_class(p267, ConstClass(W_IntObject), descr=<Guard0x100712f98>) [i236, p4, p3, p267, p12, p14, p16, p18, p20, p22, p24, p26, p28, p30, p32, p34, p36, p38, i259, None, None, i233]
+3169: i268 = getfield_gc_pure(p267, descr=<FieldS pyrlang.interpreter.datatypes.number.W_IntObject.inst_intval 8>)
+3174: i269 = int_sub_ovf(i268, 2)
guard_no_overflow(descr=<Guard0x100712f40>) [i236, p4, p3, i269, p267, p12, p14, p16, p18, p20, p22, p24, p26, p28, p30, p32, p34, p36, p38, i259, None, None, i233]
debug_merge_point(0, 0, '17 move x(0). y(0)')
+3184: i270 = int_lt(i260, 0)
guard_false(i270, descr=<Guard0x100712ee8>) [i236, p4, p3, i260, p62, p12, p14, p16, p18, p20, p22, p24, p26, p28, p30, p32, p34, p36, p38, i269, i259, None, None, None]
p271 = new_with_vtable(ConstClass(W_IntObject))
+3205: setfield_gc(p271, i259, descr=<FieldS pyrlang.interpreter.datatypes.number.W_IntObject.inst_intval 8>)
+3248: setarrayitem_gc(p62, i260, p271, descr=<ArrayP 8>)
debug_merge_point(0, 0, '18 move x(1). x(0)')
debug_merge_point(0, 0, '19 line 2')
debug_merge_point(0, 0, '20 call 1. L2')
+3253: setfield_gc(p211, i254, descr=<FieldS pyrlang.interpreter.register.Y_Register.inst_addr_top 16>)
+3257: i272 = int_ge(i254, i71)
guard_false(i272, descr=<Guard0x100712e90>) [i236, p4, p3, i71, p211, p12, p14, p16, p18, p20, p22, p24, p26, p28, p30, p32, p34, p36, p38, i269]
+3318: setarrayitem_gc(p49, i254, ConstPtr(ptr273), descr=<ArrayP 8>)
+3333: i274 = int_sub(i236, 1)
debug_merge_point(0, 0, '3 label 2')
debug_merge_point(0, 0, '4 is_lt L3. x(0). #0')
+3337: i275 = int_lt(i269, 2)
guard_false(i275, descr=<Guard0x100712e38>) [i274, p4, p3, p12, p14, p16, p18, p20, p22, p24, p26, p28, p30, p32, p34, p36, p38, i269]
debug_merge_point(0, 0, '7 label 3')
debug_merge_point(0, 0, '8 allocate_zero 1. 1')
+3347: setfield_gc(p211, i250, descr=<FieldS pyrlang.interpreter.register.Y_Register.inst_val_top 40>)
+3351: i276 = int_ge(i250, i189)
guard_false(i276, descr=<Guard0x100712de0>) [i274, p4, p3, i250, i189, p211, p12, p14, p16, p18, p20, p22, p24, p26, p28, p30, p32, p34, p36, p38, i269]
+3364: setarrayitem_gc(p62, i250, ConstPtr(ptr191), descr=<ArrayP 8>)
debug_merge_point(0, 0, '9 line 2')
debug_merge_point(0, 0, '10 gc_bif2 L0. 1. 0. x(0). #1. x(1)')
+3379: i277 = int_sub(i269, 1)
debug_merge_point(0, 0, '11 move x(0). y(0)')
p278 = new_with_vtable(ConstClass(W_IntObject))
+3395: setfield_gc(p278, i269, descr=<FieldS pyrlang.interpreter.datatypes.number.W_IntObject.inst_intval 8>)
+3439: setarrayitem_gc(p62, i250, p278, descr=<ArrayP 8>)
debug_merge_point(0, 0, '12 move x(1). x(0)')
debug_merge_point(0, 0, '13 line 2')
debug_merge_point(0, 0, '14 call 1. L2')
+3444: setfield_gc(p211, i169, descr=<FieldS pyrlang.interpreter.register.Y_Register.inst_addr_top 16>)
+3455: i279 = int_ge(i169, i71)
guard_false(i279, descr=<Guard0x100712d88>) [i274, p4, p3, i71, p211, p12, p14, p16, p18, p20, p22, p24, p26, p28, p30, p32, p34, p36, p38, i277]
+3509: setarrayitem_gc(p49, i169, ConstPtr(ptr280), descr=<ArrayP 8>)
+3524: i281 = int_sub(i274, 1)
debug_merge_point(0, 0, '3 label 2')
debug_merge_point(0, 0, '4 is_lt L3. x(0). #0')
+3528: i282 = int_lt(i277, 2)
guard_false(i282, descr=<Guard0x100712d30>) [i281, p4, p3, p12, p14, p16, p18, p20, p22, p24, p26, p28, p30, p32, p34, p36, p38, i277]
debug_merge_point(0, 0, '7 label 3')
debug_merge_point(0, 0, '8 allocate_zero 1. 1')
+3538: setfield_gc(p211, i162, descr=<FieldS pyrlang.interpreter.register.Y_Register.inst_val_top 40>)
+3549: i283 = int_ge(i162, i189)
guard_false(i283, descr=<Guard0x100712cd8>) [i281, p4, p3, i162, i189, p211, p12, p14, p16, p18, p20, p22, p24, p26, p28, p30, p32, p34, p36, p38, i277]
+3562: setarrayitem_gc(p62, i162, ConstPtr(ptr191), descr=<ArrayP 8>)
debug_merge_point(0, 0, '9 line 2')
debug_merge_point(0, 0, '10 gc_bif2 L0. 1. 0. x(0). #1. x(1)')
+3577: i284 = int_sub(i277, 1)
debug_merge_point(0, 0, '11 move x(0). y(0)')
p285 = new_with_vtable(ConstClass(W_IntObject))
+3601: setfield_gc(p285, i277, descr=<FieldS pyrlang.interpreter.datatypes.number.W_IntObject.inst_intval 8>)
+3644: setarrayitem_gc(p62, i162, p285, descr=<ArrayP 8>)
debug_merge_point(0, 0, '12 move x(1). x(0)')
debug_merge_point(0, 0, '13 line 2')
debug_merge_point(0, 0, '14 call 1. L2')
+3697: setarrayitem_gc(p49, i152, ConstPtr(ptr286), descr=<ArrayP 8>)
+3712: i287 = int_sub(i281, 1)
debug_merge_point(0, 0, '3 label 2')
+3716: setfield_gc(p211, i152, descr=<FieldS pyrlang.interpreter.register.Y_Register.inst_addr_top 16>)
+3720: jump(i287, p3, p4, p211, i284, p12, p14, p16, p18, p20, p22, p24, p26, p28, p30, p32, p34, p36, p38, p49, i152, p211, i169, p62, i162, i254, i250, i264, i260, i71, i189, descr=TargetToken(4302430312))
+3792: --end of the loop--
[157c2edcf346ab] jit-log-opt-loop}
[157c2edd33bab3] {jit-log-opt-bridge
# bridge out of Guard 0x10074ce38 with 60 ops
[i0, i1, i2, p3, p4, p5, p6, p7, p8, p9, p10, p11, p12, p13, p14, p15, p16, p17, p18, p19, p20]
+59: p21 = getfield_gc(p4, descr=<FieldP pyrlang.interpreter.interp.Process.inst_y_reg 80>)
debug_merge_point(0, 0, '7 label 3')
debug_merge_point(0, 0, '8 allocate_zero 1. 1')
+63: i22 = getfield_gc(p21, descr=<FieldS pyrlang.interpreter.register.Y_Register.inst_val_top 40>)
+67: i24 = int_add(i22, 1)
+71: i25 = getfield_gc(p21, descr=<FieldS pyrlang.interpreter.register.Y_Register.inst_val_size 32>)
+75: setfield_gc(p21, i24, descr=<FieldS pyrlang.interpreter.register.Y_Register.inst_val_top 40>)
+79: i26 = int_ge(i24, i25)
guard_false(i26, descr=<Guard0x10074cf40>) [i0, i1, i2, p3, p4, i24, i25, p21, p5, p6, p7, p8, p9, p10, p11, p12, p13, p14, p15, p16, p17, p18, p19, p20]
+88: p27 = getfield_gc(p21, descr=<FieldP pyrlang.interpreter.register.Y_Register.inst_vals 48>)
+92: i29 = int_lt(i24, 0)
guard_false(i29, descr=<Guard0x10074d570>) [i0, i1, i2, p3, p4, i24, p27, p21, p5, p6, p7, p8, p9, p10, p11, p12, p13, p14, p15, p16, p17, p18, p19, p20]
+102: setarrayitem_gc(p27, i24, ConstPtr(ptr30), descr=<ArrayP 8>)
debug_merge_point(0, 0, '9 line 2')
debug_merge_point(0, 0, '10 gc_bif2 L0. 1. 0. x(0). #1. x(1)')
+117: p31 = getfield_gc(p4, descr=<FieldP pyrlang.interpreter.interp.Process.inst_x_reg 72>)
+121: i32 = ptr_eq(p31, p3)
guard_true(i32, descr=<Guard0x10074d518>) [i0, i1, i2, p3, p4, p31, p5, p6, p7, p8, p9, p10, p11, p12, p13, p14, p15, p16, p17, p18, p19, p20]
+134: guard_class(p5, ConstClass(W_IntObject), descr=<Guard0x10074d4c0>) [i0, i1, i2, p3, p4, p5, p6, p7, p8, p9, p10, p11, p12, p13, p14, p15, p16, p17, p18, p19, p20]
+146: i34 = getfield_gc_pure(p5, descr=<FieldS pyrlang.interpreter.datatypes.number.W_IntObject.inst_intval 8>)
+150: i36 = int_sub_ovf(i34, 1)
guard_no_overflow(descr=<Guard0x10074d468>) [i0, i1, i2, p3, p4, i36, p5, p6, p7, p8, p9, p10, p11, p12, p13, p14, p15, p16, p17, p18, p19, p20]
debug_merge_point(0, 0, '11 move x(0). y(0)')
+201: setarrayitem_gc(p27, i24, p5, descr=<ArrayP 8>)
debug_merge_point(0, 0, '12 move x(1). x(0)')
debug_merge_point(0, 0, '13 line 2')
debug_merge_point(0, 0, '14 call 1. L2')
+206: i38 = int_eq(15, i2)
+222: i39 = getfield_gc(p21, descr=<FieldS pyrlang.interpreter.register.Y_Register.inst_addr_top 16>)
+226: i41 = int_add(i39, 1)
+230: i42 = getfield_gc(p21, descr=<FieldS pyrlang.interpreter.register.Y_Register.inst_addr_size 8>)
+234: setfield_gc(p21, i41, descr=<FieldS pyrlang.interpreter.register.Y_Register.inst_addr_top 16>)
+238: i43 = int_ge(i41, i42)
guard_false(i43, descr=<Guard0x10074d410>) [i38, i2, i0, i1, p3, p4, i42, p21, p7, p8, p9, p10, p11, p12, p13, p14, p15, p16, p17, p18, p19, p20, i36]
+247: p44 = getfield_gc(p21, descr=<FieldP pyrlang.interpreter.register.Y_Register.inst_addrs 24>)
+251: i46 = int_lt(i41, 0)
guard_false(i46, descr=<Guard0x10074d3b8>) [i38, i2, i0, i1, p3, p4, i41, p44, p7, p8, p9, p10, p11, p12, p13, p14, p15, p16, p17, p18, p19, p20, i36]
+300: setarrayitem_gc(p44, i41, ConstPtr(ptr47), descr=<ArrayP 8>)
+315: i49 = int_sub(i1, 1)
+326: guard_true(i0, descr=<Guard0x10074d360>) [i38, i2, i49, p3, p4, p7, p8, p9, p10, p11, p12, p13, p14, p15, p16, p17, p18, p19, p20, i36]
+349: guard_true(i38, descr=<Guard0x10074d308>) [i2, i49, p3, p4, p7, p8, p9, p10, p11, p12, p13, p14, p15, p16, p17, p18, p19, p20, i36]
debug_merge_point(0, 0, '3 label 2')
+358: i51 = int_ge(i36, 1)
guard_true(i51, descr=<Guard0x10074d2b0>) [i49, p21, p3, p4, p7, p8, p9, p10, p11, p12, p13, p14, p15, p16, p17, p18, p19, p20, i36]
+368: i53 = int_ge(i41, 2)
guard_true(i53, descr=<Guard0x10074d258>) [i49, p21, p3, p4, p7, p8, p9, p10, p11, p12, p13, p14, p15, p16, p17, p18, p19, p20, i36]
+378: i55 = int_ge(i24, 2)
guard_true(i55, descr=<Guard0x10074d200>) [i49, p21, p3, p4, p7, p8, p9, p10, p11, p12, p13, p14, p15, p16, p17, p18, p19, p20, i36]
+388: i57 = int_ge(i42, 3)
guard_true(i57, descr=<Guard0x10074d1a8>) [i49, p21, p3, p4, p7, p8, p9, p10, p11, p12, p13, p14, p15, p16, p17, p18, p19, p20, i36]
+398: i59 = int_sub(i39, 1)
+402: i60 = int_ge(i39, i42)
guard_false(i60, descr=<Guard0x10074d150>) [i49, p21, p3, p4, p7, p8, p9, p10, p11, p12, p13, p14, p15, p16, p17, p18, p19, p20, i36]
+411: i62 = int_sub(i22, 1)
+415: i64 = int_sub(i59, 1)
+426: i66 = int_ge(i25, 3)
guard_true(i66, descr=<Guard0x10074d0f8>) [i49, p21, p3, p4, p7, p8, p9, p10, p11, p12, p13, p14, p15, p16, p17, p18, p19, p20, i36]
+436: i67 = int_ge(i59, i42)
guard_false(i67, descr=<Guard0x10074d0a0>) [i49, p21, p3, p4, p7, p8, p9, p10, p11, p12, p13, p14, p15, p16, p17, p18, p19, p20, i36]
+445: jump(i49, p4, p3, p21, i36, p7, p8, p9, p10, p11, p12, p13, p14, p15, p16, p17, p18, p19, p20, p44, i41, p21, i39, p27, i24, i59, i22, i64, i62, i42, i25, descr=TargetToken(4302430312))
+544: --end of the loop--
[157c2edd3966a4] jit-log-opt-bridge}
[157c2edd7a7341] {jit-log-opt-bridge
# bridge out of Guard 0x100713af0 with 57 ops
[i0, p1, p2, p3, p4, p5, p6, p7, p8, p9, p10, p11, p12, p13, p14, p15, p16, i17]
+59: p18 = getfield_gc(p2, descr=<FieldP pyrlang.interpreter.interp.Process.inst_y_reg 80>)
debug_merge_point(0, 0, '7 label 3')
debug_merge_point(0, 0, '8 allocate_zero 1. 1')
+70: i19 = getfield_gc(p18, descr=<FieldS pyrlang.interpreter.register.Y_Register.inst_val_top 40>)
+74: i21 = int_add(i19, 1)
+79: i22 = getfield_gc(p18, descr=<FieldS pyrlang.interpreter.register.Y_Register.inst_val_size 32>)
+83: setfield_gc(p18, i21, descr=<FieldS pyrlang.interpreter.register.Y_Register.inst_val_top 40>)
+87: i23 = int_ge(i21, i22)
guard_false(i23, descr=<Guard0x10074d678>) [i0, p1, p2, i21, i22, p18, p3, p4, p5, p6, p7, p8, p9, p10, p11, p12, p13, p14, p15, p16, i17]
+96: p24 = getfield_gc(p18, descr=<FieldP pyrlang.interpreter.register.Y_Register.inst_vals 48>)
+100: i26 = int_lt(i21, 0)
guard_false(i26, descr=<Guard0x10074dba0>) [i0, p1, p2, i21, p24, p18, p3, p4, p5, p6, p7, p8, p9, p10, p11, p12, p13, p14, p15, p16, i17]
+110: setarrayitem_gc(p24, i21, ConstPtr(ptr27), descr=<ArrayP 8>)
debug_merge_point(0, 0, '9 line 2')
debug_merge_point(0, 0, '10 gc_bif2 L0. 1. 0. x(0). #1. x(1)')
+125: p28 = getfield_gc(p2, descr=<FieldP pyrlang.interpreter.interp.Process.inst_x_reg 72>)
+129: i29 = ptr_eq(p28, p1)
guard_true(i29, descr=<Guard0x10074db48>) [i0, p1, p2, p28, p3, p4, p5, p6, p7, p8, p9, p10, p11, p12, p13, p14, p15, p16, i17]
+142: i31 = int_sub_ovf(i17, 1)
guard_no_overflow(descr=<Guard0x10074daf0>) [i0, p1, p2, i31, p3, p4, p5, p6, p7, p8, p9, p10, p11, p12, p13, p14, p15, p16, i17]
debug_merge_point(0, 0, '11 move x(0). y(0)')
p33 = new_with_vtable(ConstClass(W_IntObject))
+241: setfield_gc(p33, i17, descr=<FieldS pyrlang.interpreter.datatypes.number.W_IntObject.inst_intval 8>)
+293: setarrayitem_gc(p24, i21, p33, descr=<ArrayP 8>)
debug_merge_point(0, 0, '12 move x(1). x(0)')
debug_merge_point(0, 0, '13 line 2')
debug_merge_point(0, 0, '14 call 1. L2')
+298: i34 = getfield_gc(p18, descr=<FieldS pyrlang.interpreter.register.Y_Register.inst_addr_top 16>)
+302: i36 = int_add(i34, 1)
+306: i37 = getfield_gc(p18, descr=<FieldS pyrlang.interpreter.register.Y_Register.inst_addr_size 8>)
+310: setfield_gc(p18, i36, descr=<FieldS pyrlang.interpreter.register.Y_Register.inst_addr_top 16>)
+314: i38 = int_ge(i36, i37)
guard_false(i38, descr=<Guard0x10074da98>) [i0, p1, p2, i37, p18, p3, p4, p5, p6, p7, p8, p9, p10, p11, p12, p13, p14, p15, p16, i31]
+323: p39 = getfield_gc(p18, descr=<FieldP pyrlang.interpreter.register.Y_Register.inst_addrs 24>)
+327: i41 = int_lt(i36, 0)
guard_false(i41, descr=<Guard0x10074da40>) [i0, p1, p2, i36, p39, p3, p4, p5, p6, p7, p8, p9, p10, p11, p12, p13, p14, p15, p16, i31]
+376: setarrayitem_gc(p39, i36, ConstPtr(ptr42), descr=<ArrayP 8>)
+391: i44 = int_sub(i0, 1)
debug_merge_point(0, 0, '3 label 2')
+395: i46 = int_ge(i31, 1)
guard_true(i46, descr=<Guard0x10074d9e8>) [i44, p18, p1, p2, p3, p4, p5, p6, p7, p8, p9, p10, p11, p12, p13, p14, p15, p16, i31]
+405: i48 = int_ge(i36, 2)
guard_true(i48, descr=<Guard0x10074d990>) [i44, p18, p1, p2, p3, p4, p5, p6, p7, p8, p9, p10, p11, p12, p13, p14, p15, p16, i31]
+415: i50 = int_ge(i21, 2)
guard_true(i50, descr=<Guard0x10074d938>) [i44, p18, p1, p2, p3, p4, p5, p6, p7, p8, p9, p10, p11, p12, p13, p14, p15, p16, i31]
+425: i52 = int_ge(i37, 3)
guard_true(i52, descr=<Guard0x10074d8e0>) [i44, p18, p1, p2, p3, p4, p5, p6, p7, p8, p9, p10, p11, p12, p13, p14, p15, p16, i31]
+435: i54 = int_sub(i34, 1)
+439: i55 = int_ge(i34, i37)
guard_false(i55, descr=<Guard0x10074d888>) [i44, p18, p1, p2, p3, p4, p5, p6, p7, p8, p9, p10, p11, p12, p13, p14, p15, p16, i31]
+448: i57 = int_sub(i19, 1)
+453: i59 = int_sub(i54, 1)
+464: i61 = int_ge(i22, 3)
guard_true(i61, descr=<Guard0x10074d830>) [i44, p18, p1, p2, p3, p4, p5, p6, p7, p8, p9, p10, p11, p12, p13, p14, p15, p16, i31]
+474: i62 = int_ge(i54, i37)
guard_false(i62, descr=<Guard0x10074d7d8>) [i44, p18, p1, p2, p3, p4, p5, p6, p7, p8, p9, p10, p11, p12, p13, p14, p15, p16, i31]
+483: jump(i44, p2, p1, p18, i31, p3, p4, p5, p6, p7, p8, p9, p10, p11, p12, p13, p14, p15, p16, p39, i36, p18, i34, p24, i21, i54, i19, i59, i57, i37, i22, descr=TargetToken(4302430312))
+576: --end of the loop--
[157c2edd7f9ea5] jit-log-opt-bridge}
[157c2edda78d55] {jit-log-opt-bridge
# bridge out of Guard 0x100713468 with 39 ops
[i0, i1, p2, p3, p4, p5, p6, p7, p8, p9, p10, p11, p12, p13, p14, p15, p16, p17, p18, p19, i20, i21]
+59: guard_value(i1, 15, descr=<Guard0x10074dd00>) [i0, i1, p2, p3, p4, p5, p6, p7, p8, p9, p10, p11, p12, p13, p14, p15, p16, p17, p18, p19, i21, i20]
+69: guard_value(p5, ConstPtr(ptr23), descr=<Guard0x100778078>) [i0, p2, p3, p4, p5, p6, p7, p8, p9, p10, p11, p12, p13, p14, p15, p16, p17, p18, p19, i21, i20]
debug_merge_point(0, 0, '15 line 2')
+88: p24 = getfield_gc(p4, descr=<FieldP pyrlang.interpreter.interp.Process.inst_y_reg 80>)
debug_merge_point(0, 0, '16 gc_bif2 L0. 1. 0. y(0). #0. x(1)')
+99: i25 = getfield_gc(p24, descr=<FieldS pyrlang.interpreter.register.Y_Register.inst_val_top 40>)
+103: p26 = getfield_gc(p24, descr=<FieldP pyrlang.interpreter.register.Y_Register.inst_vals 48>)
+107: p27 = getarrayitem_gc(p26, i25, descr=<ArrayP 8>)
+112: guard_class(p27, ConstClass(W_IntObject), descr=<Guard0x100778020>) [i0, p3, p4, p27, p6, p7, p8, p9, p10, p11, p12, p13, p14, p15, p16, p17, p18, p19, i21, i20]
+125: i29 = getfield_gc_pure(p27, descr=<FieldS pyrlang.interpreter.datatypes.number.W_IntObject.inst_intval 8>)
+129: i31 = int_sub_ovf(i29, 2)
guard_no_overflow(descr=<Guard0x10074df68>) [i0, p3, p4, i31, p27, p6, p7, p8, p9, p10, p11, p12, p13, p14, p15, p16, p17, p18, p19, i21, i20]
+139: p32 = getfield_gc(p4, descr=<FieldP pyrlang.interpreter.interp.Process.inst_x_reg 72>)
+143: i33 = ptr_eq(p32, p3)
guard_true(i33, descr=<Guard0x10074df10>) [i0, p3, p4, p32, p6, p7, p8, p9, p10, p11, p12, p13, p14, p15, p16, p17, p18, p19, i31, i21, i20]
debug_merge_point(0, 0, '17 move x(0). y(0)')
+156: i35 = int_lt(i25, 0)
guard_false(i35, descr=<Guard0x10074deb8>) [i0, p3, p4, i25, p26, p6, p7, p8, p9, p10, p11, p12, p13, p14, p15, p16, p17, p18, p19, i31, None, i20]
p38 = new_with_vtable(ConstClass(W_IntObject))
+252: setfield_gc(p38, i20, descr=<FieldS pyrlang.interpreter.datatypes.number.W_IntObject.inst_intval 8>)
+297: setarrayitem_gc(p26, i25, p38, descr=<ArrayP 8>)
debug_merge_point(0, 0, '18 move x(1). x(0)')
debug_merge_point(0, 0, '19 line 2')
debug_merge_point(0, 0, '20 call 1. L2')
+302: i39 = getfield_gc(p24, descr=<FieldS pyrlang.interpreter.register.Y_Register.inst_addr_top 16>)
+306: i41 = int_add(i39, 1)
+310: i42 = getfield_gc(p24, descr=<FieldS pyrlang.interpreter.register.Y_Register.inst_addr_size 8>)
+314: setfield_gc(p24, i41, descr=<FieldS pyrlang.interpreter.register.Y_Register.inst_addr_top 16>)
+318: i43 = int_ge(i41, i42)
guard_false(i43, descr=<Guard0x10074de60>) [i0, p3, p4, i42, p24, p6, p7, p8, p9, p10, p11, p12, p13, p14, p15, p16, p17, p18, p19, i31]
+327: p44 = getfield_gc(p24, descr=<FieldP pyrlang.interpreter.register.Y_Register.inst_addrs 24>)
+331: i46 = int_lt(i41, 0)
guard_false(i46, descr=<Guard0x10074de08>) [i0, p3, p4, i41, p44, p6, p7, p8, p9, p10, p11, p12, p13, p14, p15, p16, p17, p18, p19, i31]
+382: setarrayitem_gc(p44, i41, ConstPtr(ptr47), descr=<ArrayP 8>)
+397: i49 = int_sub(i0, 1)
debug_merge_point(0, 0, '3 label 2')
p51 = new_with_vtable(ConstClass(W_IntObject))
+419: setfield_gc(p51, i31, descr=<FieldS pyrlang.interpreter.datatypes.number.W_IntObject.inst_intval 8>)
+423: jump(21, i49, 1, p4, p3, p24, p51, p51, p6, p7, p8, p9, p10, p11, p12, p13, p14, p15, p16, p17, p18, p19, descr=TargetToken(4302430240))
+496: --end of the loop--
[157c2eddabdc46] jit-log-opt-bridge}
[157c2eddd78d9a] {jit-log-opt-bridge
# bridge out of Guard 0x10074c180 with 39 ops
[i0, i1, p2, p3, p4, p5, p6, p7, p8, p9, p10, p11, p12, p13, p14, p15, p16, p17, p18, p19, i20, i21]
+59: guard_value(i1, 15, descr=<Guard0x1007781d8>) [i0, i1, p2, p3, p4, p5, p6, p7, p8, p9, p10, p11, p12, p13, p14, p15, p16, p17, p18, p19, i21, i20]
+69: guard_value(p5, ConstPtr(ptr23), descr=<Guard0x1007784f0>) [i0, p2, p3, p4, p5, p6, p7, p8, p9, p10, p11, p12, p13, p14, p15, p16, p17, p18, p19, i21, i20]
debug_merge_point(0, 0, '15 line 2')
+88: p24 = getfield_gc(p4, descr=<FieldP pyrlang.interpreter.interp.Process.inst_y_reg 80>)
debug_merge_point(0, 0, '16 gc_bif2 L0. 1. 0. y(0). #0. x(1)')
+99: i25 = getfield_gc(p24, descr=<FieldS pyrlang.interpreter.register.Y_Register.inst_val_top 40>)
+103: p26 = getfield_gc(p24, descr=<FieldP pyrlang.interpreter.register.Y_Register.inst_vals 48>)
+107: p27 = getarrayitem_gc(p26, i25, descr=<ArrayP 8>)
+112: guard_class(p27, ConstClass(W_IntObject), descr=<Guard0x100778498>) [i0, p3, p4, p27, p6, p7, p8, p9, p10, p11, p12, p13, p14, p15, p16, p17, p18, p19, i21, i20]
+126: i29 = getfield_gc_pure(p27, descr=<FieldS pyrlang.interpreter.datatypes.number.W_IntObject.inst_intval 8>)
+130: i31 = int_sub_ovf(i29, 2)
guard_no_overflow(descr=<Guard0x100778440>) [i0, p3, p4, i31, p27, p6, p7, p8, p9, p10, p11, p12, p13, p14, p15, p16, p17, p18, p19, i21, i20]
+140: p32 = getfield_gc(p4, descr=<FieldP pyrlang.interpreter.interp.Process.inst_x_reg 72>)
+144: i33 = ptr_eq(p32, p3)
guard_true(i33, descr=<Guard0x1007783e8>) [i0, p3, p4, p32, p6, p7, p8, p9, p10, p11, p12, p13, p14, p15, p16, p17, p18, p19, i31, i21, i20]
debug_merge_point(0, 0, '17 move x(0). y(0)')
+157: i35 = int_lt(i25, 0)
guard_false(i35, descr=<Guard0x100778390>) [i0, p3, p4, i25, p26, p6, p7, p8, p9, p10, p11, p12, p13, p14, p15, p16, p17, p18, p19, i31, None, i20]
p38 = new_with_vtable(ConstClass(W_IntObject))
+253: setfield_gc(p38, i20, descr=<FieldS pyrlang.interpreter.datatypes.number.W_IntObject.inst_intval 8>)
+298: setarrayitem_gc(p26, i25, p38, descr=<ArrayP 8>)
debug_merge_point(0, 0, '18 move x(1). x(0)')
debug_merge_point(0, 0, '19 line 2')
debug_merge_point(0, 0, '20 call 1. L2')
+303: i39 = getfield_gc(p24, descr=<FieldS pyrlang.interpreter.register.Y_Register.inst_addr_top 16>)
+307: i41 = int_add(i39, 1)
+311: i42 = getfield_gc(p24, descr=<FieldS pyrlang.interpreter.register.Y_Register.inst_addr_size 8>)
+315: setfield_gc(p24, i41, descr=<FieldS pyrlang.interpreter.register.Y_Register.inst_addr_top 16>)
+319: i43 = int_ge(i41, i42)
guard_false(i43, descr=<Guard0x100778338>) [i0, p3, p4, i42, p24, p6, p7, p8, p9, p10, p11, p12, p13, p14, p15, p16, p17, p18, p19, i31]
+328: p44 = getfield_gc(p24, descr=<FieldP pyrlang.interpreter.register.Y_Register.inst_addrs 24>)
+332: i46 = int_lt(i41, 0)
guard_false(i46, descr=<Guard0x1007782e0>) [i0, p3, p4, i41, p44, p6, p7, p8, p9, p10, p11, p12, p13, p14, p15, p16, p17, p18, p19, i31]
+383: setarrayitem_gc(p44, i41, ConstPtr(ptr47), descr=<ArrayP 8>)
+398: i49 = int_sub(i0, 1)
debug_merge_point(0, 0, '3 label 2')
p51 = new_with_vtable(ConstClass(W_IntObject))
+420: setfield_gc(p51, i31, descr=<FieldS pyrlang.interpreter.datatypes.number.W_IntObject.inst_intval 8>)
+424: jump(21, i49, 1, p4, p3, p24, p51, p51, p6, p7, p8, p9, p10, p11, p12, p13, p14, p15, p16, p17, p18, p19, descr=TargetToken(4302430240))
+496: --end of the loop--
[157c2edddbe7d4] jit-log-opt-bridge}
[157c2eddf3fc5c] {jit-log-opt-bridge
# bridge out of Guard 0x10074d308 with 36 ops
[i0, i1, p2, p3, p4, p5, p6, p7, p8, p9, p10, p11, p12, p13, p14, p15, p16, p17, i18]
+59: p19 = getfield_gc(p3, descr=<FieldP pyrlang.interpreter.interp.Process.inst_y_reg 80>)
debug_merge_point(0, 0, '3 label 2')
+70: guard_nonnull(p19, descr=<Guard0x1007785a0>) [i1, p19, p2, p3, p4, p5, p6, p7, p8, p9, p10, p11, p12, p13, p14, p15, p16, p17, i18]
+79: i21 = int_ge(i18, 1)
guard_true(i21, descr=<Guard0x1007789c0>) [i1, p19, p2, p3, p4, p5, p6, p7, p8, p9, p10, p11, p12, p13, p14, p15, p16, p17, i18]
+89: p22 = getfield_gc(p3, descr=<FieldP pyrlang.interpreter.interp.Process.inst_x_reg 72>)
+93: i23 = ptr_eq(p22, p2)
guard_true(i23, descr=<Guard0x100778968>) [i1, p19, p2, p3, p4, p5, p6, p7, p8, p9, p10, p11, p12, p13, p14, p15, p16, p17, i18]
+106: i24 = getfield_gc(p19, descr=<FieldS pyrlang.interpreter.register.Y_Register.inst_addr_top 16>)
+110: i26 = int_ge(i24, 2)
guard_true(i26, descr=<Guard0x100778910>) [i1, p19, p2, p3, p4, p5, p6, p7, p8, p9, p10, p11, p12, p13, p14, p15, p16, p17, i18]
+120: p27 = getfield_gc(p19, descr=<FieldP pyrlang.interpreter.register.Y_Register.inst_addrs 24>)
+124: guard_nonnull(p27, descr=<Guard0x1007788b8>) [i1, p19, p2, p3, p4, p5, p6, p7, p8, p9, p10, p11, p12, p13, p14, p15, p16, p17, i18]
+133: i29 = int_sub(i24, 1)
+137: i30 = getfield_gc(p19, descr=<FieldS pyrlang.interpreter.register.Y_Register.inst_val_top 40>)
+141: i32 = int_ge(i30, 2)
guard_true(i32, descr=<Guard0x100778860>) [i1, p19, p2, p3, p4, p5, p6, p7, p8, p9, p10, p11, p12, p13, p14, p15, p16, p17, i18]
+151: p33 = getfield_gc(p19, descr=<FieldP pyrlang.interpreter.register.Y_Register.inst_vals 48>)
+155: guard_nonnull(p33, descr=<Guard0x100778808>) [i1, p19, p2, p3, p4, p5, p6, p7, p8, p9, p10, p11, p12, p13, p14, p15, p16, p17, i18]
+164: i34 = getfield_gc(p19, descr=<FieldS pyrlang.interpreter.register.Y_Register.inst_addr_size 8>)
+168: i36 = int_ge(i34, 3)
guard_true(i36, descr=<Guard0x1007787b0>) [i1, p19, p2, p3, p4, p5, p6, p7, p8, p9, p10, p11, p12, p13, p14, p15, p16, p17, i18]
+178: i37 = int_ge(i24, i34)
guard_false(i37, descr=<Guard0x100778758>) [i1, p19, p2, p3, p4, p5, p6, p7, p8, p9, p10, p11, p12, p13, p14, p15, p16, p17, i18]
+187: i39 = int_sub(i30, 1)
+191: i41 = int_sub(i29, 1)
+195: i42 = int_ge(i29, i34)
guard_false(i42, descr=<Guard0x100778700>) [i1, p19, p2, p3, p4, p5, p6, p7, p8, p9, p10, p11, p12, p13, p14, p15, p16, p17, i18]
+204: i44 = int_sub(i39, 1)
+208: i46 = int_sub(i41, 1)
+219: i47 = getfield_gc(p19, descr=<FieldS pyrlang.interpreter.register.Y_Register.inst_val_size 32>)
+230: i49 = int_ge(i47, 3)
guard_true(i49, descr=<Guard0x1007786a8>) [i1, p19, p2, p3, p4, p5, p6, p7, p8, p9, p10, p11, p12, p13, p14, p15, p16, p17, i18]
+240: i50 = int_ge(i41, i34)
guard_false(i50, descr=<Guard0x100778650>) [i1, p19, p2, p3, p4, p5, p6, p7, p8, p9, p10, p11, p12, p13, p14, p15, p16, p17, i18]
+249: jump(i1, p3, p2, p19, i18, p4, p5, p6, p7, p8, p9, p10, p11, p12, p13, p14, p15, p16, p17, p27, i24, p19, i29, p33, i30, i41, i39, i46, i44, i34, i47, descr=TargetToken(4302430312))
+352: --end of the loop--
[157c2eddf7edb4] jit-log-opt-bridge}
[157c2ede179b26] {jit-log-opt-loop
# Loop 1 (15 line 2) : entry bridge with 55 ops
[i0, i1, i2, p3, p4, p5]
+134: p6 = getfield_gc(p4, descr=<FieldP pyrlang.interpreter.register.X_Register.inst_regs 16>)
+145: p8 = getarrayitem_gc(p6, 0, descr=<ArrayP 8>)
+149: p10 = getarrayitem_gc(p6, 1, descr=<ArrayP 8>)
+153: p12 = getarrayitem_gc(p6, 2, descr=<ArrayP 8>)
+157: p14 = getarrayitem_gc(p6, 3, descr=<ArrayP 8>)
+161: p16 = getarrayitem_gc(p6, 4, descr=<ArrayP 8>)
+165: p18 = getarrayitem_gc(p6, 5, descr=<ArrayP 8>)
+169: p20 = getarrayitem_gc(p6, 6, descr=<ArrayP 8>)
+173: p22 = getarrayitem_gc(p6, 7, descr=<ArrayP 8>)
+177: p24 = getarrayitem_gc(p6, 8, descr=<ArrayP 8>)
+181: p26 = getarrayitem_gc(p6, 9, descr=<ArrayP 8>)
+185: p28 = getarrayitem_gc(p6, 10, descr=<ArrayP 8>)
+189: p30 = getarrayitem_gc(p6, 11, descr=<ArrayP 8>)
+193: p32 = getarrayitem_gc(p6, 12, descr=<ArrayP 8>)
+204: p34 = getarrayitem_gc(p6, 13, descr=<ArrayP 8>)
+215: p36 = getarrayitem_gc(p6, 14, descr=<ArrayP 8>)
+229: p38 = getarrayitem_gc(p6, 15, descr=<ArrayP 8>)
debug_merge_point(0, 0, '15 line 2')
+243: p39 = getfield_gc(p3, descr=<FieldP pyrlang.interpreter.interp.Process.inst_y_reg 80>)
debug_merge_point(0, 0, '16 gc_bif2 L0. 1. 0. y(0). #0. x(1)')
+261: i40 = getfield_gc(p39, descr=<FieldS pyrlang.interpreter.register.Y_Register.inst_val_top 40>)
+272: p41 = getfield_gc(p39, descr=<FieldP pyrlang.interpreter.register.Y_Register.inst_vals 48>)
+283: p42 = getarrayitem_gc(p41, i40, descr=<ArrayP 8>)
+295: guard_class(p42, ConstClass(W_IntObject), descr=<Guard0x100778ac8>) [i2, i1, i0, p4, p3, p42, p8, p10, p12, p14, p16, p18, p20, p22, p24, p26, p28, p30, p32, p34, p36, p38]
+308: i44 = getfield_gc_pure(p42, descr=<FieldS pyrlang.interpreter.datatypes.number.W_IntObject.inst_intval 8>)
+319: i46 = int_sub_ovf(i44, 2)
guard_no_overflow(descr=<Guard0x100778de0>) [i2, i1, i0, p4, p3, i46, p42, p8, p10, p12, p14, p16, p18, p20, p22, p24, p26, p28, p30, p32, p34, p36, p38]
+329: p47 = getfield_gc(p3, descr=<FieldP pyrlang.interpreter.interp.Process.inst_x_reg 72>)
+333: i48 = ptr_eq(p47, p4)
guard_true(i48, descr=<Guard0x100778d88>) [i2, i1, i0, p4, p3, p47, p8, p10, p12, p14, p16, p18, p20, p22, p24, p26, p28, p30, p32, p34, p36, p38, i46]
debug_merge_point(0, 0, '17 move x(0). y(0)')
+346: i50 = int_lt(i40, 0)
guard_false(i50, descr=<Guard0x100778d30>) [i2, i1, i0, p4, p3, i40, p8, p41, p12, p14, p16, p18, p20, p22, p24, p26, p28, p30, p32, p34, p36, p38, i46]
+398: setarrayitem_gc(p41, i40, p8, descr=<ArrayP 8>)
debug_merge_point(0, 0, '18 move x(1). x(0)')
debug_merge_point(0, 0, '19 line 2')
debug_merge_point(0, 0, '20 call 1. L2')
+403: i52 = int_eq(21, i0)
+419: i53 = getfield_gc(p39, descr=<FieldS pyrlang.interpreter.register.Y_Register.inst_addr_top 16>)
+423: i55 = int_add(i53, 1)
+428: i56 = getfield_gc(p39, descr=<FieldS pyrlang.interpreter.register.Y_Register.inst_addr_size 8>)
+432: setfield_gc(p39, i55, descr=<FieldS pyrlang.interpreter.register.Y_Register.inst_addr_top 16>)
+436: i57 = int_ge(i55, i56)
guard_false(i57, descr=<Guard0x100778cd8>) [i52, i0, i2, i1, p4, p3, i56, p39, p12, p14, p16, p18, p20, p22, p24, p26, p28, p30, p32, p34, p36, p38, i46]
+445: p58 = getfield_gc(p39, descr=<FieldP pyrlang.interpreter.register.Y_Register.inst_addrs 24>)
+449: i60 = int_lt(i55, 0)
guard_false(i60, descr=<Guard0x100778c80>) [i52, i0, i2, i1, p4, p3, i55, p58, p12, p14, p16, p18, p20, p22, p24, p26, p28, p30, p32, p34, p36, p38, i46]
+502: setarrayitem_gc(p58, i55, ConstPtr(ptr61), descr=<ArrayP 8>)
+517: i63 = int_sub(i1, 1)
+528: guard_true(i2, descr=<Guard0x100778c28>) [i52, i0, i63, p4, p3, p12, p14, p16, p18, p20, p22, p24, p26, p28, p30, p32, p34, p36, p38, i46]
+544: guard_false(i52, descr=<Guard0x100778bd0>) [i0, i63, p4, p3, p12, p14, p16, p18, p20, p22, p24, p26, p28, p30, p32, p34, p36, p38, i46]
debug_merge_point(0, 0, '3 label 2')
p65 = new_with_vtable(ConstClass(W_IntObject))
+639: setfield_gc(p65, i46, descr=<FieldS pyrlang.interpreter.datatypes.number.W_IntObject.inst_intval 8>)
+643: jump(21, i63, 1, p3, p4, p39, p65, p65, p12, p14, p16, p18, p20, p22, p24, p26, p28, p30, p32, p34, p36, p38, descr=TargetToken(4302430240))
+880: --end of the loop--
[157c2ede1d2da2] jit-log-opt-loop}
[157c2ede4d6048] {jit-log-opt-bridge
# bridge out of Guard 0x100713780 with 58 ops
[i0, i1, p2, p3, p4, p5, p6, p7, p8, p9, p10, p11, p12, p13, p14, p15, p16, p17, p18, p19, i20, i21]
+59: guard_value(i1, 21, descr=<Guard0x100778f98>) [i0, i1, p2, p3, p4, p5, p6, p7, p8, p9, p10, p11, p12, p13, p14, p15, p16, p17, p18, p19, i21, i20]
+69: guard_value(p5, ConstPtr(ptr23), descr=<Guard0x100779518>) [i0, p2, p3, p4, p5, p6, p7, p8, p9, p10, p11, p12, p13, p14, p15, p16, p17, p18, p19, i21, i20]
debug_merge_point(0, 0, '21 line 2')
+88: p24 = getfield_gc(p4, descr=<FieldP pyrlang.interpreter.interp.Process.inst_y_reg 80>)
debug_merge_point(0, 0, '22 gc_bif2 L0. 1. 1. y(0). x(0). x(0)')
+99: i25 = getfield_gc(p24, descr=<FieldS pyrlang.interpreter.register.Y_Register.inst_val_top 40>)
+103: p26 = getfield_gc(p24, descr=<FieldP pyrlang.interpreter.register.Y_Register.inst_vals 48>)
+107: p27 = getarrayitem_gc(p26, i25, descr=<ArrayP 8>)
+112: p28 = getfield_gc(p4, descr=<FieldP pyrlang.interpreter.interp.Process.inst_x_reg 72>)
+116: i29 = ptr_eq(p28, p3)
guard_true(i29, descr=<Guard0x1007794c0>) [i0, p3, p4, p28, p6, p7, p8, p9, p10, p11, p12, p13, p14, p15, p16, p17, p18, p19, p27, i21, i20]
+129: guard_class(p27, ConstClass(W_IntObject), descr=<Guard0x100779468>) [i0, p3, p4, p27, p6, p7, p8, p9, p10, p11, p12, p13, p14, p15, p16, p17, p18, p19, None, i21, i20]
+143: i32 = getfield_gc_pure(p27, descr=<FieldS pyrlang.interpreter.datatypes.number.W_IntObject.inst_intval 8>)
+147: i33 = int_add_ovf(i32, i20)
guard_no_overflow(descr=<Guard0x100779410>) [i0, p3, p4, i33, p27, p6, p7, p8, p9, p10, p11, p12, p13, p14, p15, p16, p17, p18, p19, None, i21, i20]
debug_merge_point(0, 0, '23 deallocate 1')
+156: i35 = int_sub(i25, 1)
debug_merge_point(0, 0, '24 return ')
+160: i36 = getfield_gc(p24, descr=<FieldS pyrlang.interpreter.register.Y_Register.inst_addr_top 16>)
+164: setfield_gc(p24, i35, descr=<FieldS pyrlang.interpreter.register.Y_Register.inst_val_top 40>)
+168: i38 = int_eq(i36, -1)
guard_false(i38, descr=<Guard0x1007793b8>) [i0, p24, p3, p4, p6, p7, p8, p9, p10, p11, p12, p13, p14, p15, p16, p17, p18, p19, i33, None, i21, None]
+178: p39 = getfield_gc(p24, descr=<FieldP pyrlang.interpreter.register.Y_Register.inst_addrs 24>)
+182: i41 = int_lt(i36, 0)
guard_false(i41, descr=<Guard0x100779360>) [i36, i0, p24, p39, p3, p4, p6, p7, p8, p9, p10, p11, p12, p13, p14, p15, p16, p17, p18, p19, i33, None, i21, None]
+192: p42 = getarrayitem_gc(p39, i36, descr=<ArrayP 8>)
+197: i44 = int_sub(i36, 1)
+201: p45 = getfield_gc_pure(p42, descr=<FieldP tuple2.item0 8>)
+205: i46 = getfield_gc_pure(p42, descr=<FieldS tuple2.item1 16>)
+209: setfield_gc(p24, i44, descr=<FieldS pyrlang.interpreter.register.Y_Register.inst_addr_top 16>)
+213: guard_value(i46, 15, descr=<Guard0x100779308>) [i0, i46, p24, p3, p4, p45, p6, p7, p8, p9, p10, p11, p12, p13, p14, p15, p16, p17, p18, p19, i33, None, i21, None]
+223: guard_value(p45, ConstPtr(ptr48), descr=<Guard0x1007792b0>) [i0, p24, p3, p4, p45, p6, p7, p8, p9, p10, p11, p12, p13, p14, p15, p16, p17, p18, p19, i33, None, i21, None]
debug_merge_point(0, 0, '15 line 2')
debug_merge_point(0, 0, '16 gc_bif2 L0. 1. 0. y(0). #0. x(1)')
+242: p49 = getarrayitem_gc(p26, i35, descr=<ArrayP 8>)
+247: guard_class(p49, ConstClass(W_IntObject), descr=<Guard0x100779258>) [i0, p3, p4, p49, p6, p7, p8, p9, p10, p11, p12, p13, p14, p15, p16, p17, p18, p19, i33, None, i21, None]
+259: i51 = getfield_gc_pure(p49, descr=<FieldS pyrlang.interpreter.datatypes.number.W_IntObject.inst_intval 8>)
+263: i53 = int_sub_ovf(i51, 2)
guard_no_overflow(descr=<Guard0x100779200>) [i0, p3, p4, i53, p49, p6, p7, p8, p9, p10, p11, p12, p13, p14, p15, p16, p17, p18, p19, i33, None, i21, None]
debug_merge_point(0, 0, '17 move x(0). y(0)')
+273: i55 = int_lt(i35, 0)
guard_false(i55, descr=<Guard0x1007791a8>) [i0, p3, p4, i35, p26, p6, p7, p8, p9, p10, p11, p12, p13, p14, p15, p16, p17, p18, p19, i53, i33, None, None, None]
p57 = new_with_vtable(ConstClass(W_IntObject))
+369: setfield_gc(p57, i33, descr=<FieldS pyrlang.interpreter.datatypes.number.W_IntObject.inst_intval 8>)
+414: setarrayitem_gc(p26, i35, p57, descr=<ArrayP 8>)
debug_merge_point(0, 0, '18 move x(1). x(0)')
debug_merge_point(0, 0, '19 line 2')
debug_merge_point(0, 0, '20 call 1. L2')
+419: i58 = getfield_gc(p24, descr=<FieldS pyrlang.interpreter.register.Y_Register.inst_addr_size 8>)
+423: setfield_gc(p24, i36, descr=<FieldS pyrlang.interpreter.register.Y_Register.inst_addr_top 16>)
+427: i59 = int_ge(i36, i58)
guard_false(i59, descr=<Guard0x100779150>) [i0, p3, p4, i58, p24, p6, p7, p8, p9, p10, p11, p12, p13, p14, p15, p16, p17, p18, p19, i53]
+478: setarrayitem_gc(p39, i36, ConstPtr(ptr60), descr=<ArrayP 8>)
+493: i62 = int_sub(i0, 1)
debug_merge_point(0, 0, '3 label 2')
p64 = new_with_vtable(ConstClass(W_IntObject))
+508: setfield_gc(p64, i53, descr=<FieldS pyrlang.interpreter.datatypes.number.W_IntObject.inst_intval 8>)
+519: jump(21, i62, 1, p4, p3, p24, p64, p64, p6, p7, p8, p9, p10, p11, p12, p13, p14, p15, p16, p17, p18, p19, descr=TargetToken(4302430240))
+592: --end of the loop--
[157c2ede5308dc] jit-log-opt-bridge}
[157c2ede8044bb] {jit-log-opt-bridge
# bridge out of Guard 0x100713258 with 39 ops
[i0, i1, p2, p3, p4, p5, p6, p7, p8, p9, p10, p11, p12, p13, p14, p15, p16, p17, p18, p19, i20, i21]
+59: guard_value(i1, 15, descr=<Guard0x100779678>) [i0, i1, p2, p3, p4, p5, p6, p7, p8, p9, p10, p11, p12, p13, p14, p15, p16, p17, p18, p19, i21, i20]
+69: guard_value(p5, ConstPtr(ptr23), descr=<Guard0x100779990>) [i0, p2, p3, p4, p5, p6, p7, p8, p9, p10, p11, p12, p13, p14, p15, p16, p17, p18, p19, i21, i20]
debug_merge_point(0, 0, '15 line 2')
+88: p24 = getfield_gc(p4, descr=<FieldP pyrlang.interpreter.interp.Process.inst_y_reg 80>)
debug_merge_point(0, 0, '16 gc_bif2 L0. 1. 0. y(0). #0. x(1)')
+99: i25 = getfield_gc(p24, descr=<FieldS pyrlang.interpreter.register.Y_Register.inst_val_top 40>)
+103: p26 = getfield_gc(p24, descr=<FieldP pyrlang.interpreter.register.Y_Register.inst_vals 48>)
+107: p27 = getarrayitem_gc(p26, i25, descr=<ArrayP 8>)
+112: guard_class(p27, ConstClass(W_IntObject), descr=<Guard0x100779938>) [i0, p3, p4, p27, p6, p7, p8, p9, p10, p11, p12, p13, p14, p15, p16, p17, p18, p19, i21, i20]
+125: i29 = getfield_gc_pure(p27, descr=<FieldS pyrlang.interpreter.datatypes.number.W_IntObject.inst_intval 8>)
+129: i31 = int_sub_ovf(i29, 2)
guard_no_overflow(descr=<Guard0x1007798e0>) [i0, p3, p4, i31, p27, p6, p7, p8, p9, p10, p11, p12, p13, p14, p15, p16, p17, p18, p19, i21, i20]
+139: p32 = getfield_gc(p4, descr=<FieldP pyrlang.interpreter.interp.Process.inst_x_reg 72>)
+143: i33 = ptr_eq(p32, p3)
guard_true(i33, descr=<Guard0x100779888>) [i0, p3, p4, p32, p6, p7, p8, p9, p10, p11, p12, p13, p14, p15, p16, p17, p18, p19, i31, i21, i20]
debug_merge_point(0, 0, '17 move x(0). y(0)')
+156: i35 = int_lt(i25, 0)
guard_false(i35, descr=<Guard0x100779830>) [i0, p3, p4, i25, p26, p6, p7, p8, p9, p10, p11, p12, p13, p14, p15, p16, p17, p18, p19, i31, None, i20]
p38 = new_with_vtable(ConstClass(W_IntObject))
+252: setfield_gc(p38, i20, descr=<FieldS pyrlang.interpreter.datatypes.number.W_IntObject.inst_intval 8>)
+297: setarrayitem_gc(p26, i25, p38, descr=<ArrayP 8>)
debug_merge_point(0, 0, '18 move x(1). x(0)')
debug_merge_point(0, 0, '19 line 2')
debug_merge_point(0, 0, '20 call 1. L2')
+302: i39 = getfield_gc(p24, descr=<FieldS pyrlang.interpreter.register.Y_Register.inst_addr_top 16>)
+306: i41 = int_add(i39, 1)
+310: i42 = getfield_gc(p24, descr=<FieldS pyrlang.interpreter.register.Y_Register.inst_addr_size 8>)
+314: setfield_gc(p24, i41, descr=<FieldS pyrlang.interpreter.register.Y_Register.inst_addr_top 16>)
+318: i43 = int_ge(i41, i42)
guard_false(i43, descr=<Guard0x1007797d8>) [i0, p3, p4, i42, p24, p6, p7, p8, p9, p10, p11, p12, p13, p14, p15, p16, p17, p18, p19, i31]
+327: p44 = getfield_gc(p24, descr=<FieldP pyrlang.interpreter.register.Y_Register.inst_addrs 24>)
+331: i46 = int_lt(i41, 0)
guard_false(i46, descr=<Guard0x100779780>) [i0, p3, p4, i41, p44, p6, p7, p8, p9, p10, p11, p12, p13, p14, p15, p16, p17, p18, p19, i31]
+382: setarrayitem_gc(p44, i41, ConstPtr(ptr47), descr=<ArrayP 8>)
+397: i49 = int_sub(i0, 1)
debug_merge_point(0, 0, '3 label 2')
p51 = new_with_vtable(ConstClass(W_IntObject))
+419: setfield_gc(p51, i31, descr=<FieldS pyrlang.interpreter.datatypes.number.W_IntObject.inst_intval 8>)
+423: jump(21, i49, 1, p4, p3, p24, p51, p51, p6, p7, p8, p9, p10, p11, p12, p13, p14, p15, p16, p17, p18, p19, descr=TargetToken(4302430240))
+496: --end of the loop--
[157c2ede848f61] jit-log-opt-bridge}
[157c2edeaae5ab] {jit-log-opt-bridge
# bridge out of Guard 0x100779308 with 58 ops
[i0, i1, p2, p3, p4, p5, p6, p7, p8, p9, p10, p11, p12, p13, p14, p15, p16, p17, p18, p19, i20, i21]
+59: guard_value(i1, 21, descr=<Guard0x100779b48>) [i0, i1, p2, p3, p4, p5, p6, p7, p8, p9, p10, p11, p12, p13, p14, p15, p16, p17, p18, p19, i21, i20]
+69: guard_value(p5, ConstPtr(ptr23), descr=<Guard0x1018ac128>) [i0, p2, p3, p4, p5, p6, p7, p8, p9, p10, p11, p12, p13, p14, p15, p16, p17, p18, p19, i21, i20]
debug_merge_point(0, 0, '21 line 2')
+88: p24 = getfield_gc(p4, descr=<FieldP pyrlang.interpreter.interp.Process.inst_y_reg 80>)
debug_merge_point(0, 0, '22 gc_bif2 L0. 1. 1. y(0). x(0). x(0)')
+92: i25 = getfield_gc(p24, descr=<FieldS pyrlang.interpreter.register.Y_Register.inst_val_top 40>)
+96: p26 = getfield_gc(p24, descr=<FieldP pyrlang.interpreter.register.Y_Register.inst_vals 48>)
+100: p27 = getarrayitem_gc(p26, i25, descr=<ArrayP 8>)
+105: p28 = getfield_gc(p4, descr=<FieldP pyrlang.interpreter.interp.Process.inst_x_reg 72>)
+109: i29 = ptr_eq(p28, p3)
guard_true(i29, descr=<Guard0x1018ac0d0>) [i0, p3, p4, p28, p6, p7, p8, p9, p10, p11, p12, p13, p14, p15, p16, p17, p18, p19, p27, i21, i20]
+122: guard_class(p27, ConstClass(W_IntObject), descr=<Guard0x1018ac078>) [i0, p3, p4, p27, p6, p7, p8, p9, p10, p11, p12, p13, p14, p15, p16, p17, p18, p19, None, i21, i20]
+135: i32 = getfield_gc_pure(p27, descr=<FieldS pyrlang.interpreter.datatypes.number.W_IntObject.inst_intval 8>)
+139: i33 = int_add_ovf(i32, i20)
guard_no_overflow(descr=<Guard0x1018ac020>) [i0, p3, p4, i33, p27, p6, p7, p8, p9, p10, p11, p12, p13, p14, p15, p16, p17, p18, p19, None, i21, i20]
debug_merge_point(0, 0, '23 deallocate 1')
+148: i35 = int_sub(i25, 1)
debug_merge_point(0, 0, '24 return ')
+152: i36 = getfield_gc(p24, descr=<FieldS pyrlang.interpreter.register.Y_Register.inst_addr_top 16>)
+156: setfield_gc(p24, i35, descr=<FieldS pyrlang.interpreter.register.Y_Register.inst_val_top 40>)
+160: i38 = int_eq(i36, -1)
guard_false(i38, descr=<Guard0x100779f68>) [i0, p24, p3, p4, p6, p7, p8, p9, p10, p11, p12, p13, p14, p15, p16, p17, p18, p19, i33, None, i21, None]
+170: p39 = getfield_gc(p24, descr=<FieldP pyrlang.interpreter.register.Y_Register.inst_addrs 24>)
+174: i41 = int_lt(i36, 0)
guard_false(i41, descr=<Guard0x100779f10>) [i36, i0, p24, p39, p3, p4, p6, p7, p8, p9, p10, p11, p12, p13, p14, p15, p16, p17, p18, p19, i33, None, i21, None]
+184: p42 = getarrayitem_gc(p39, i36, descr=<ArrayP 8>)
+189: i44 = int_sub(i36, 1)
+193: p45 = getfield_gc_pure(p42, descr=<FieldP tuple2.item0 8>)
+197: i46 = getfield_gc_pure(p42, descr=<FieldS tuple2.item1 16>)
+201: setfield_gc(p24, i44, descr=<FieldS pyrlang.interpreter.register.Y_Register.inst_addr_top 16>)
+205: guard_value(i46, 15, descr=<Guard0x100779eb8>) [i0, i46, p24, p3, p4, p45, p6, p7, p8, p9, p10, p11, p12, p13, p14, p15, p16, p17, p18, p19, i33, None, i21, None]
+215: guard_value(p45, ConstPtr(ptr48), descr=<Guard0x100779e60>) [i0, p24, p3, p4, p45, p6, p7, p8, p9, p10, p11, p12, p13, p14, p15, p16, p17, p18, p19, i33, None, i21, None]
debug_merge_point(0, 0, '15 line 2')
debug_merge_point(0, 0, '16 gc_bif2 L0. 1. 0. y(0). #0. x(1)')
+234: p49 = getarrayitem_gc(p26, i35, descr=<ArrayP 8>)
+239: guard_class(p49, ConstClass(W_IntObject), descr=<Guard0x100779e08>) [i0, p3, p4, p49, p6, p7, p8, p9, p10, p11, p12, p13, p14, p15, p16, p17, p18, p19, i33, None, i21, None]
+251: i51 = getfield_gc_pure(p49, descr=<FieldS pyrlang.interpreter.datatypes.number.W_IntObject.inst_intval 8>)
+255: i53 = int_sub_ovf(i51, 2)
guard_no_overflow(descr=<Guard0x100779db0>) [i0, p3, p4, i53, p49, p6, p7, p8, p9, p10, p11, p12, p13, p14, p15, p16, p17, p18, p19, i33, None, i21, None]
debug_merge_point(0, 0, '17 move x(0). y(0)')
+265: i55 = int_lt(i35, 0)
guard_false(i55, descr=<Guard0x100779d58>) [i0, p3, p4, i35, p26, p6, p7, p8, p9, p10, p11, p12, p13, p14, p15, p16, p17, p18, p19, i53, i33, None, None, None]
p57 = new_with_vtable(ConstClass(W_IntObject))
+361: setfield_gc(p57, i33, descr=<FieldS pyrlang.interpreter.datatypes.number.W_IntObject.inst_intval 8>)
+414: setarrayitem_gc(p26, i35, p57, descr=<ArrayP 8>)
debug_merge_point(0, 0, '18 move x(1). x(0)')
debug_merge_point(0, 0, '19 line 2')
debug_merge_point(0, 0, '20 call 1. L2')
+419: i58 = getfield_gc(p24, descr=<FieldS pyrlang.interpreter.register.Y_Register.inst_addr_size 8>)
+423: setfield_gc(p24, i36, descr=<FieldS pyrlang.interpreter.register.Y_Register.inst_addr_top 16>)
+427: i59 = int_ge(i36, i58)
guard_false(i59, descr=<Guard0x100779d00>) [i0, p3, p4, i58, p24, p6, p7, p8, p9, p10, p11, p12, p13, p14, p15, p16, p17, p18, p19, i53]
+477: setarrayitem_gc(p39, i36, ConstPtr(ptr60), descr=<ArrayP 8>)
+492: i62 = int_sub(i0, 1)
debug_merge_point(0, 0, '3 label 2')
p64 = new_with_vtable(ConstClass(W_IntObject))
+507: setfield_gc(p64, i53, descr=<FieldS pyrlang.interpreter.datatypes.number.W_IntObject.inst_intval 8>)
+511: jump(21, i62, 1, p4, p3, p24, p64, p64, p6, p7, p8, p9, p10, p11, p12, p13, p14, p15, p16, p17, p18, p19, descr=TargetToken(4302430240))
+592: --end of the loop--
[157c2edeb06c4e] jit-log-opt-bridge}
[157c2edee9ce6a] {jit-log-opt-loop
# Loop 2 (21 line 2) : entry bridge with 78 ops
[i0, i1, i2, p3, p4, p5]
+134: p6 = getfield_gc(p4, descr=<FieldP pyrlang.interpreter.register.X_Register.inst_regs 16>)
+145: p8 = getarrayitem_gc(p6, 0, descr=<ArrayP 8>)
+149: p10 = getarrayitem_gc(p6, 1, descr=<ArrayP 8>)
+153: p12 = getarrayitem_gc(p6, 2, descr=<ArrayP 8>)
+157: p14 = getarrayitem_gc(p6, 3, descr=<ArrayP 8>)
+161: p16 = getarrayitem_gc(p6, 4, descr=<ArrayP 8>)
+165: p18 = getarrayitem_gc(p6, 5, descr=<ArrayP 8>)
+169: p20 = getarrayitem_gc(p6, 6, descr=<ArrayP 8>)
+173: p22 = getarrayitem_gc(p6, 7, descr=<ArrayP 8>)
+177: p24 = getarrayitem_gc(p6, 8, descr=<ArrayP 8>)
+181: p26 = getarrayitem_gc(p6, 9, descr=<ArrayP 8>)
+185: p28 = getarrayitem_gc(p6, 10, descr=<ArrayP 8>)
+189: p30 = getarrayitem_gc(p6, 11, descr=<ArrayP 8>)
+193: p32 = getarrayitem_gc(p6, 12, descr=<ArrayP 8>)
+204: p34 = getarrayitem_gc(p6, 13, descr=<ArrayP 8>)
+215: p36 = getarrayitem_gc(p6, 14, descr=<ArrayP 8>)
+229: p38 = getarrayitem_gc(p6, 15, descr=<ArrayP 8>)
debug_merge_point(0, 0, '21 line 2')
+243: p39 = getfield_gc(p3, descr=<FieldP pyrlang.interpreter.interp.Process.inst_y_reg 80>)
debug_merge_point(0, 0, '22 gc_bif2 L0. 1. 1. y(0). x(0). x(0)')
+261: i40 = getfield_gc(p39, descr=<FieldS pyrlang.interpreter.register.Y_Register.inst_val_top 40>)
+272: p41 = getfield_gc(p39, descr=<FieldP pyrlang.interpreter.register.Y_Register.inst_vals 48>)
+283: p42 = getarrayitem_gc(p41, i40, descr=<ArrayP 8>)
+295: p43 = getfield_gc(p3, descr=<FieldP pyrlang.interpreter.interp.Process.inst_x_reg 72>)
+306: i44 = ptr_eq(p43, p4)
guard_true(i44, descr=<Guard0x1018ac288>) [i2, i1, i0, p4, p3, p43, p8, p10, p12, p14, p16, p18, p20, p22, p24, p26, p28, p30, p32, p34, p36, p38, p42]
+319: guard_class(p42, ConstClass(W_IntObject), descr=<Guard0x1018ac860>) [i2, i1, i0, p4, p3, p8, p42, p10, p12, p14, p16, p18, p20, p22, p24, p26, p28, p30, p32, p34, p36, p38, None]
+332: guard_nonnull_class(p8, ConstClass(W_IntObject), descr=<Guard0x1018ac808>) [i2, i1, i0, p4, p3, p8, p42, p10, p12, p14, p16, p18, p20, p22, p24, p26, p28, p30, p32, p34, p36, p38, None]
+350: i48 = getfield_gc_pure(p42, descr=<FieldS pyrlang.interpreter.datatypes.number.W_IntObject.inst_intval 8>)
+354: i49 = getfield_gc_pure(p8, descr=<FieldS pyrlang.interpreter.datatypes.number.W_IntObject.inst_intval 8>)
+365: i50 = int_add_ovf(i48, i49)
guard_no_overflow(descr=<Guard0x1018ac7b0>) [i2, i1, i0, p4, p3, i50, p8, p42, p10, p12, p14, p16, p18, p20, p22, p24, p26, p28, p30, p32, p34, p36, p38, None]
debug_merge_point(0, 0, '23 deallocate 1')
+374: i52 = int_sub(i40, 1)
debug_merge_point(0, 0, '24 return ')
+379: i53 = getfield_gc(p39, descr=<FieldS pyrlang.interpreter.register.Y_Register.inst_addr_top 16>)
+383: setfield_gc(p39, i52, descr=<FieldS pyrlang.interpreter.register.Y_Register.inst_val_top 40>)
+387: i55 = int_eq(i53, -1)
guard_false(i55, descr=<Guard0x1018ac758>) [i0, i2, i1, p39, p4, p3, p10, p12, p14, p16, p18, p20, p22, p24, p26, p28, p30, p32, p34, p36, p38, i50, None]
+397: p56 = getfield_gc(p39, descr=<FieldP pyrlang.interpreter.register.Y_Register.inst_addrs 24>)
+401: i58 = int_lt(i53, 0)
guard_false(i58, descr=<Guard0x1018ac700>) [i53, i0, i2, i1, p39, p56, p4, p3, p10, p12, p14, p16, p18, p20, p22, p24, p26, p28, p30, p32, p34, p36, p38, i50, None]
+411: p59 = getarrayitem_gc(p56, i53, descr=<ArrayP 8>)
+416: i61 = int_sub(i53, 1)
+428: p62 = getfield_gc_pure(p59, descr=<FieldP tuple2.item0 8>)
+439: i63 = getfield_gc_pure(p59, descr=<FieldS tuple2.item1 16>)
+450: setfield_gc(p39, i61, descr=<FieldS pyrlang.interpreter.register.Y_Register.inst_addr_top 16>)
+454: i65 = int_eq(25, i0)
guard_true(i65, descr=<Guard0x1018ac6a8>) [i0, i2, i1, i63, p4, p3, p62, p10, p12, p14, p16, p18, p20, p22, p24, p26, p28, p30, p32, p34, p36, p38, i50, None]
+468: guard_value(i63, 15, descr=<Guard0x1018ac650>) [i2, i1, i63, p39, p4, p3, p62, p10, p12, p14, p16, p18, p20, p22, p24, p26, p28, p30, p32, p34, p36, p38, i50, None]
+478: guard_value(p62, ConstPtr(ptr67), descr=<Guard0x1018ac5f8>) [i2, i1, p39, p4, p3, p62, p10, p12, p14, p16, p18, p20, p22, p24, p26, p28, p30, p32, p34, p36, p38, i50, None]
debug_merge_point(0, 0, '15 line 2')
debug_merge_point(0, 0, '16 gc_bif2 L0. 1. 0. y(0). #0. x(1)')
+497: p68 = getarrayitem_gc(p41, i52, descr=<ArrayP 8>)
+502: guard_class(p68, ConstClass(W_IntObject), descr=<Guard0x1018ac5a0>) [i2, i1, p4, p3, p68, p10, p12, p14, p16, p18, p20, p22, p24, p26, p28, p30, p32, p34, p36, p38, i50, None]
+514: i70 = getfield_gc_pure(p68, descr=<FieldS pyrlang.interpreter.datatypes.number.W_IntObject.inst_intval 8>)
+518: i72 = int_sub_ovf(i70, 2)
guard_no_overflow(descr=<Guard0x1018ac548>) [i2, i1, p4, p3, i72, p68, p10, p12, p14, p16, p18, p20, p22, p24, p26, p28, p30, p32, p34, p36, p38, i50, None]
debug_merge_point(0, 0, '17 move x(0). y(0)')
+528: i74 = int_lt(i52, 0)
guard_false(i74, descr=<Guard0x1018ac4f0>) [i2, i1, p4, p3, i52, p41, p12, p14, p16, p18, p20, p22, p24, p26, p28, p30, p32, p34, p36, p38, i72, i50, None]
p76 = new_with_vtable(ConstClass(W_IntObject))
+617: setfield_gc(p76, i50, descr=<FieldS pyrlang.interpreter.datatypes.number.W_IntObject.inst_intval 8>)
+663: setarrayitem_gc(p41, i52, p76, descr=<ArrayP 8>)
debug_merge_point(0, 0, '18 move x(1). x(0)')
debug_merge_point(0, 0, '19 line 2')
debug_merge_point(0, 0, '20 call 1. L2')
+668: i77 = getfield_gc(p39, descr=<FieldS pyrlang.interpreter.register.Y_Register.inst_addr_size 8>)
+672: setfield_gc(p39, i53, descr=<FieldS pyrlang.interpreter.register.Y_Register.inst_addr_top 16>)
+676: i78 = int_ge(i53, i77)
guard_false(i78, descr=<Guard0x1018ac498>) [i2, i1, p4, p3, i77, p39, p12, p14, p16, p18, p20, p22, p24, p26, p28, p30, p32, p34, p36, p38, i72]
+726: setarrayitem_gc(p56, i53, ConstPtr(ptr79), descr=<ArrayP 8>)
+741: i81 = int_sub(i1, 1)
+752: guard_true(i2, descr=<Guard0x1018ac440>) [i81, p4, p3, p12, p14, p16, p18, p20, p22, p24, p26, p28, p30, p32, p34, p36, p38, i72]
debug_merge_point(0, 0, '3 label 2')
p83 = new_with_vtable(ConstClass(W_IntObject))
+779: setfield_gc(p83, i72, descr=<FieldS pyrlang.interpreter.datatypes.number.W_IntObject.inst_intval 8>)
+783: jump(21, i81, 1, p3, p4, p39, p83, p83, p12, p14, p16, p18, p20, p22, p24, p26, p28, p30, p32, p34, p36, p38, descr=TargetToken(4302430240))
+1040: --end of the loop--
[157c2edef10931] jit-log-opt-loop}
[157c2edf211fdc] {jit-log-opt-loop
# Loop 3 (21 line 2) : loop with 77 ops
[i0, i1, i2, p3, p4, p5]
+134: p6 = getfield_gc(p4, descr=<FieldP pyrlang.interpreter.register.X_Register.inst_regs 16>)
+145: p8 = getarrayitem_gc(p6, 0, descr=<ArrayP 8>)
+149: p10 = getarrayitem_gc(p6, 1, descr=<ArrayP 8>)
+153: p12 = getarrayitem_gc(p6, 2, descr=<ArrayP 8>)
+157: p14 = getarrayitem_gc(p6, 3, descr=<ArrayP 8>)
+161: p16 = getarrayitem_gc(p6, 4, descr=<ArrayP 8>)
+165: p18 = getarrayitem_gc(p6, 5, descr=<ArrayP 8>)
+169: p20 = getarrayitem_gc(p6, 6, descr=<ArrayP 8>)
+173: p22 = getarrayitem_gc(p6, 7, descr=<ArrayP 8>)
+177: p24 = getarrayitem_gc(p6, 8, descr=<ArrayP 8>)
+181: p26 = getarrayitem_gc(p6, 9, descr=<ArrayP 8>)
+185: p28 = getarrayitem_gc(p6, 10, descr=<ArrayP 8>)
+189: p30 = getarrayitem_gc(p6, 11, descr=<ArrayP 8>)
+193: p32 = getarrayitem_gc(p6, 12, descr=<ArrayP 8>)
+204: p34 = getarrayitem_gc(p6, 13, descr=<ArrayP 8>)
+215: p36 = getarrayitem_gc(p6, 14, descr=<ArrayP 8>)
+229: p38 = getarrayitem_gc(p6, 15, descr=<ArrayP 8>)
+243: label(i0, i1, i2, p3, p4, p5, p8, p10, p12, p14, p16, p18, p20, p22, p24, p26, p28, p30, p32, p34, p36, p38, descr=TargetToken(4302434992))
+333: p39 = getfield_gc(p3, descr=<FieldP pyrlang.interpreter.interp.Process.inst_y_reg 80>)
debug_merge_point(0, 0, '22 gc_bif2 L0. 1. 1. y(0). x(0). x(0)')
+344: i40 = getfield_gc(p39, descr=<FieldS pyrlang.interpreter.register.Y_Register.inst_val_top 40>)
+348: p41 = getfield_gc(p39, descr=<FieldP pyrlang.interpreter.register.Y_Register.inst_vals 48>)
+352: p42 = getarrayitem_gc(p41, i40, descr=<ArrayP 8>)
+357: p43 = getfield_gc(p3, descr=<FieldP pyrlang.interpreter.interp.Process.inst_x_reg 72>)
+361: i44 = ptr_eq(p43, p4)
guard_true(i44, descr=<Guard0x1018aca18>) [i2, i1, i0, p4, p3, p43, p8, p10, p12, p14, p16, p18, p20, p22, p24, p26, p28, p30, p32, p34, p36, p38, p42]
+374: guard_class(p42, ConstClass(W_IntObject), descr=<Guard0x1018ad0a0>) [i2, i1, i0, p4, p3, p8, p42, p10, p12, p14, p16, p18, p20, p22, p24, p26, p28, p30, p32, p34, p36, p38, None]
+386: guard_nonnull_class(p8, ConstClass(W_IntObject), descr=<Guard0x1018ad048>) [i2, i1, i0, p4, p3, p8, p42, p10, p12, p14, p16, p18, p20, p22, p24, p26, p28, p30, p32, p34, p36, p38, None]
+404: i48 = getfield_gc_pure(p42, descr=<FieldS pyrlang.interpreter.datatypes.number.W_IntObject.inst_intval 8>)
+408: i49 = getfield_gc_pure(p8, descr=<FieldS pyrlang.interpreter.datatypes.number.W_IntObject.inst_intval 8>)
+412: i50 = int_add_ovf(i48, i49)
guard_no_overflow(descr=<Guard0x1018acff0>) [i2, i1, i0, p4, p3, i50, p8, p42, p10, p12, p14, p16, p18, p20, p22, p24, p26, p28, p30, p32, p34, p36, p38, None]
debug_merge_point(0, 0, '23 deallocate 1')
+421: i52 = int_sub(i40, 1)
debug_merge_point(0, 0, '24 return ')
+425: i53 = getfield_gc(p39, descr=<FieldS pyrlang.interpreter.register.Y_Register.inst_addr_top 16>)
+429: setfield_gc(p39, i52, descr=<FieldS pyrlang.interpreter.register.Y_Register.inst_val_top 40>)
+433: i55 = int_eq(i53, -1)
guard_false(i55, descr=<Guard0x1018acf98>) [i0, i2, i1, p39, p4, p3, p10, p12, p14, p16, p18, p20, p22, p24, p26, p28, p30, p32, p34, p36, p38, i50, None]
+443: p56 = getfield_gc(p39, descr=<FieldP pyrlang.interpreter.register.Y_Register.inst_addrs 24>)
+447: i58 = int_lt(i53, 0)
guard_false(i58, descr=<Guard0x1018acf40>) [i53, i0, i2, i1, p39, p56, p4, p3, p10, p12, p14, p16, p18, p20, p22, p24, p26, p28, p30, p32, p34, p36, p38, i50, None]
+457: p59 = getarrayitem_gc(p56, i53, descr=<ArrayP 8>)
+462: i61 = int_sub(i53, 1)
+466: p62 = getfield_gc_pure(p59, descr=<FieldP tuple2.item0 8>)
+470: i63 = getfield_gc_pure(p59, descr=<FieldS tuple2.item1 16>)
+474: setfield_gc(p39, i61, descr=<FieldS pyrlang.interpreter.register.Y_Register.inst_addr_top 16>)
+478: i65 = int_eq(25, i0)
guard_true(i65, descr=<Guard0x1018acee8>) [i0, i2, i1, i63, p4, p3, p62, p10, p12, p14, p16, p18, p20, p22, p24, p26, p28, p30, p32, p34, p36, p38, i50, None]
+492: guard_value(i63, 21, descr=<Guard0x1018ace90>) [i2, i1, i63, p39, p4, p3, p62, p10, p12, p14, p16, p18, p20, p22, p24, p26, p28, p30, p32, p34, p36, p38, i50, None]
+502: guard_value(p62, ConstPtr(ptr67), descr=<Guard0x1018ace38>) [i2, i1, p39, p4, p3, p62, p10, p12, p14, p16, p18, p20, p22, p24, p26, p28, p30, p32, p34, p36, p38, i50, None]
debug_merge_point(0, 0, '21 line 2')
+521: p68 = same_as(p39)
+524: label(i1, i2, p3, p4, p39, i50, p10, p12, p14, p16, p18, p20, p22, p24, p26, p28, p30, p32, p34, p36, p38, p41, i52, p68, i61, p56, descr=TargetToken(4302435064))
debug_merge_point(0, 0, '22 gc_bif2 L0. 1. 1. y(0). x(0). x(0)')
+557: p69 = getarrayitem_gc(p41, i52, descr=<ArrayP 8>)
+562: guard_class(p69, ConstClass(W_IntObject), descr=<Guard0x1018acde0>) [i2, i1, p4, p3, p69, p10, p12, p14, p16, p18, p20, p22, p24, p26, p28, p30, p32, p34, p36, p38, i50]
+574: i70 = getfield_gc_pure(p69, descr=<FieldS pyrlang.interpreter.datatypes.number.W_IntObject.inst_intval 8>)
+578: i71 = int_add_ovf(i70, i50)
guard_no_overflow(descr=<Guard0x1018acd88>) [i2, i1, p4, p3, i71, p69, p10, p12, p14, p16, p18, p20, p22, p24, p26, p28, p30, p32, p34, p36, p38, i50]
debug_merge_point(0, 0, '23 deallocate 1')
+587: i72 = int_sub(i52, 1)
debug_merge_point(0, 0, '24 return ')
+591: setfield_gc(p68, i72, descr=<FieldS pyrlang.interpreter.register.Y_Register.inst_val_top 40>)
+595: i73 = int_eq(i61, -1)
guard_false(i73, descr=<Guard0x1018acd30>) [i2, i1, p68, p4, p3, p10, p12, p14, p16, p18, p20, p22, p24, p26, p28, p30, p32, p34, p36, p38, i71, None]
+605: i74 = int_lt(i61, 0)
guard_false(i74, descr=<Guard0x1018accd8>) [i61, i2, i1, p68, p56, p4, p3, p10, p12, p14, p16, p18, p20, p22, p24, p26, p28, p30, p32, p34, p36, p38, i71, None]
+615: p75 = getarrayitem_gc(p56, i61, descr=<ArrayP 8>)
+620: i76 = int_sub(i61, 1)
+624: p77 = getfield_gc_pure(p75, descr=<FieldP tuple2.item0 8>)
+628: i78 = getfield_gc_pure(p75, descr=<FieldS tuple2.item1 16>)
+632: setfield_gc(p68, i76, descr=<FieldS pyrlang.interpreter.register.Y_Register.inst_addr_top 16>)
+636: guard_value(i78, 21, descr=<Guard0x1018acc80>) [i2, i1, i78, p68, p4, p3, p77, p10, p12, p14, p16, p18, p20, p22, p24, p26, p28, p30, p32, p34, p36, p38, i71, None]
+646: guard_value(p77, ConstPtr(ptr67), descr=<Guard0x1018acc28>) [i2, i1, p68, p4, p3, p77, p10, p12, p14, p16, p18, p20, p22, p24, p26, p28, p30, p32, p34, p36, p38, i71, None]
debug_merge_point(0, 0, '21 line 2')
+665: jump(i1, i2, p3, p4, p68, i71, p10, p12, p14, p16, p18, p20, p22, p24, p26, p28, p30, p32, p34, p36, p38, p41, i72, p68, i76, p56, descr=TargetToken(4302435064))
+688: --end of the loop--
[157c2edf27b7e9] jit-log-opt-loop}
[157c2edf9ca983] {jit-log-opt-bridge
# bridge out of Guard 0x100713048 with 35 ops
[i0, i1, p2, p3, p4, p5, p6, p7, p8, p9, p10, p11, p12, p13, p14, p15, p16, p17, p18, p19, i20, i21]
+59: guard_value(i1, 21, descr=<Guard0x1018ad410>) [i0, i1, p2, p3, p4, p5, p6, p7, p8, p9, p10, p11, p12, p13, p14, p15, p16, p17, p18, p19, i21, i20]
+69: guard_value(p5, ConstPtr(ptr23), descr=<Guard0x1018ad830>) [i0, p2, p3, p4, p5, p6, p7, p8, p9, p10, p11, p12, p13, p14, p15, p16, p17, p18, p19, i21, i20]
debug_merge_point(0, 0, '21 line 2')
+88: label(i0, p4, p3, p2, i20, i21, p6, p7, p8, p9, p10, p11, p12, p13, p14, p15, p16, p17, p18, p19, descr=TargetToken(4302435496))
+125: p24 = getfield_gc(p4, descr=<FieldP pyrlang.interpreter.interp.Process.inst_y_reg 80>)
debug_merge_point(0, 0, '22 gc_bif2 L0. 1. 1. y(0). x(0). x(0)')
+136: i25 = getfield_gc(p24, descr=<FieldS pyrlang.interpreter.register.Y_Register.inst_val_top 40>)
+140: p26 = getfield_gc(p24, descr=<FieldP pyrlang.interpreter.register.Y_Register.inst_vals 48>)
+144: p27 = getarrayitem_gc(p26, i25, descr=<ArrayP 8>)
+149: p28 = getfield_gc(p4, descr=<FieldP pyrlang.interpreter.interp.Process.inst_x_reg 72>)
+153: i29 = ptr_eq(p28, p3)
guard_true(i29, descr=<Guard0x1018ad7d8>) [i0, p3, p4, p28, p6, p7, p8, p9, p10, p11, p12, p13, p14, p15, p16, p17, p18, p19, i21, i20, p27]
+166: guard_class(p27, ConstClass(W_IntObject), descr=<Guard0x1018ad780>) [i0, p3, p4, p27, p6, p7, p8, p9, p10, p11, p12, p13, p14, p15, p16, p17, p18, p19, i21, i20, None]
+179: i32 = getfield_gc_pure(p27, descr=<FieldS pyrlang.interpreter.datatypes.number.W_IntObject.inst_intval 8>)
+183: i33 = int_add_ovf(i32, i20)
guard_no_overflow(descr=<Guard0x1018ad728>) [i0, p3, p4, i33, p27, p6, p7, p8, p9, p10, p11, p12, p13, p14, p15, p16, p17, p18, p19, i21, i20, None]
debug_merge_point(0, 0, '23 deallocate 1')
+192: i35 = int_sub(i25, 1)
debug_merge_point(0, 0, '24 return ')
+196: i36 = getfield_gc(p24, descr=<FieldS pyrlang.interpreter.register.Y_Register.inst_addr_top 16>)
+200: setfield_gc(p24, i35, descr=<FieldS pyrlang.interpreter.register.Y_Register.inst_val_top 40>)
+204: i38 = int_eq(i36, -1)
guard_false(i38, descr=<Guard0x1018ad6d0>) [i0, p24, p3, p4, p6, p7, p8, p9, p10, p11, p12, p13, p14, p15, p16, p17, p18, p19, i33, i21, None, None]
+214: p39 = getfield_gc(p24, descr=<FieldP pyrlang.interpreter.register.Y_Register.inst_addrs 24>)
+218: i41 = int_lt(i36, 0)
guard_false(i41, descr=<Guard0x1018ad678>) [i36, i0, p24, p39, p3, p4, p6, p7, p8, p9, p10, p11, p12, p13, p14, p15, p16, p17, p18, p19, i33, i21, None, None]
+228: p42 = getarrayitem_gc(p39, i36, descr=<ArrayP 8>)
+233: i44 = int_sub(i36, 1)
+237: p45 = getfield_gc_pure(p42, descr=<FieldP tuple2.item0 8>)
+241: i46 = getfield_gc_pure(p42, descr=<FieldS tuple2.item1 16>)
+245: setfield_gc(p24, i44, descr=<FieldS pyrlang.interpreter.register.Y_Register.inst_addr_top 16>)
+249: guard_value(i46, 21, descr=<Guard0x1018ad620>) [i0, i46, p24, p3, p4, p45, p6, p7, p8, p9, p10, p11, p12, p13, p14, p15, p16, p17, p18, p19, i33, i21, None, None]
+259: guard_value(p45, ConstPtr(ptr48), descr=<Guard0x1018ad5c8>) [i0, p24, p3, p4, p45, p6, p7, p8, p9, p10, p11, p12, p13, p14, p15, p16, p17, p18, p19, i33, i21, None, None]
debug_merge_point(0, 0, '21 line 2')
+278: jump(i0, p4, p3, p24, i33, i21, p6, p7, p8, p9, p10, p11, p12, p13, p14, p15, p16, p17, p18, p19, descr=TargetToken(4302435496))
+304: --end of the loop--
[157c2edfa0ebf8] jit-log-opt-bridge}
[157c2edfb1ff7d] {jit-log-opt-bridge
# bridge out of Guard 0x100779eb8 with 4 ops
[i0, i1, p2, p3, p4, p5, p6, p7, p8, p9, p10, p11, p12, p13, p14, p15, p16, p17, p18, p19, i20, i21]
+59: guard_value(i1, 21, descr=<Guard0x1018ad938>) [i0, i1, p2, p3, p4, p5, p6, p7, p8, p9, p10, p11, p12, p13, p14, p15, p16, p17, p18, p19, i21, i20]
+69: guard_value(p5, ConstPtr(ptr23), descr=<Guard0x1018ad9e8>) [i0, p2, p3, p4, p5, p6, p7, p8, p9, p10, p11, p12, p13, p14, p15, p16, p17, p18, p19, i21, i20]
debug_merge_point(0, 0, '21 line 2')
+88: jump(i0, p4, p3, p2, i20, i21, p6, p7, p8, p9, p10, p11, p12, p13, p14, p15, p16, p17, p18, p19, descr=TargetToken(4302435496))
+144: --end of the loop--
[157c2edfb2d9f6] jit-log-opt-bridge}
[157c2edfd96428] {jit-log-opt-bridge
# bridge out of Guard 0x1018ad620 with 39 ops
[i0, i1, p2, p3, p4, p5, p6, p7, p8, p9, p10, p11, p12, p13, p14, p15, p16, p17, p18, p19, i20, i21]
+59: guard_value(i1, 15, descr=<Guard0x1018adb48>) [i0, i1, p2, p3, p4, p5, p6, p7, p8, p9, p10, p11, p12, p13, p14, p15, p16, p17, p18, p19, i21, i20]
+69: guard_value(p5, ConstPtr(ptr23), descr=<Guard0x1018ade60>) [i0, p2, p3, p4, p5, p6, p7, p8, p9, p10, p11, p12, p13, p14, p15, p16, p17, p18, p19, i21, i20]
debug_merge_point(0, 0, '15 line 2')
+88: p24 = getfield_gc(p4, descr=<FieldP pyrlang.interpreter.interp.Process.inst_y_reg 80>)
debug_merge_point(0, 0, '16 gc_bif2 L0. 1. 0. y(0). #0. x(1)')
+92: i25 = getfield_gc(p24, descr=<FieldS pyrlang.interpreter.register.Y_Register.inst_val_top 40>)
+96: p26 = getfield_gc(p24, descr=<FieldP pyrlang.interpreter.register.Y_Register.inst_vals 48>)
+100: p27 = getarrayitem_gc(p26, i25, descr=<ArrayP 8>)
+105: guard_class(p27, ConstClass(W_IntObject), descr=<Guard0x1018ade08>) [i0, p3, p4, p27, p6, p7, p8, p9, p10, p11, p12, p13, p14, p15, p16, p17, p18, p19, i21, i20]
+118: i29 = getfield_gc_pure(p27, descr=<FieldS pyrlang.interpreter.datatypes.number.W_IntObject.inst_intval 8>)
+122: i31 = int_sub_ovf(i29, 2)
guard_no_overflow(descr=<Guard0x1018addb0>) [i0, p3, p4, i31, p27, p6, p7, p8, p9, p10, p11, p12, p13, p14, p15, p16, p17, p18, p19, i21, i20]
+132: p32 = getfield_gc(p4, descr=<FieldP pyrlang.interpreter.interp.Process.inst_x_reg 72>)
+136: i33 = ptr_eq(p32, p3)
guard_true(i33, descr=<Guard0x1018add58>) [i0, p3, p4, p32, p6, p7, p8, p9, p10, p11, p12, p13, p14, p15, p16, p17, p18, p19, i31, i21, i20]
debug_merge_point(0, 0, '17 move x(0). y(0)')
+149: i35 = int_lt(i25, 0)
guard_false(i35, descr=<Guard0x1018add00>) [i0, p3, p4, i25, p26, p6, p7, p8, p9, p10, p11, p12, p13, p14, p15, p16, p17, p18, p19, i31, None, i20]
p38 = new_with_vtable(ConstClass(W_IntObject))
+245: setfield_gc(p38, i20, descr=<FieldS pyrlang.interpreter.datatypes.number.W_IntObject.inst_intval 8>)
+290: setarrayitem_gc(p26, i25, p38, descr=<ArrayP 8>)
debug_merge_point(0, 0, '18 move x(1). x(0)')
debug_merge_point(0, 0, '19 line 2')
debug_merge_point(0, 0, '20 call 1. L2')
+295: i39 = getfield_gc(p24, descr=<FieldS pyrlang.interpreter.register.Y_Register.inst_addr_top 16>)
+306: i41 = int_add(i39, 1)
+310: i42 = getfield_gc(p24, descr=<FieldS pyrlang.interpreter.register.Y_Register.inst_addr_size 8>)
+314: setfield_gc(p24, i41, descr=<FieldS pyrlang.interpreter.register.Y_Register.inst_addr_top 16>)
+318: i43 = int_ge(i41, i42)
guard_false(i43, descr=<Guard0x1018adca8>) [i0, p3, p4, i42, p24, p6, p7, p8, p9, p10, p11, p12, p13, p14, p15, p16, p17, p18, p19, i31]
+327: p44 = getfield_gc(p24, descr=<FieldP pyrlang.interpreter.register.Y_Register.inst_addrs 24>)
+331: i46 = int_lt(i41, 0)
guard_false(i46, descr=<Guard0x1018adc50>) [i0, p3, p4, i41, p44, p6, p7, p8, p9, p10, p11, p12, p13, p14, p15, p16, p17, p18, p19, i31]
+382: setarrayitem_gc(p44, i41, ConstPtr(ptr47), descr=<ArrayP 8>)
+397: i49 = int_sub(i0, 1)
debug_merge_point(0, 0, '3 label 2')
p51 = new_with_vtable(ConstClass(W_IntObject))
+419: setfield_gc(p51, i31, descr=<FieldS pyrlang.interpreter.datatypes.number.W_IntObject.inst_intval 8>)
+423: jump(21, i49, 1, p4, p3, p24, p51, p51, p6, p7, p8, p9, p10, p11, p12, p13, p14, p15, p16, p17, p18, p19, descr=TargetToken(4302430240))
+496: --end of the loop--
[157c2edfddb26c] jit-log-opt-bridge}
[157cc8da54d956] {jit-backend-counts
entry 0:1930
TargetToken(4302430240):4539612140
TargetToken(4302430312):12318349085
bridge 4302622264:4539611388
bridge 4302387952:7510823637
bridge 4302386280:1836311297
bridge 4302619008:37
bridge 4302623496:4539610010
entry 1:1103
bridge 4302387072:1836310907
bridge 4302385752:701408206
bridge 4302803720:701408153
entry 2:19
entry 3:237
TargetToken(4302434992):237
TargetToken(4302435064):145
bridge 4302385224:165579657
TargetToken(4302435496):701406611
bridge 4302806712:267913467
bridge 4320843296:433492923
[157cc8da559fce] jit-backend-counts}
