[157b6a24748dda] {jit-backend-counts
[157b6a2474dea3] jit-backend-counts}
[157b6a24ea9d25] {jit-log-opt-loop
# Loop 0 (21 line 2) : loop with 77 ops
[i0, i1, i2, p3, p4, p5]
+134: p6 = getfield_gc(p4, descr=<FieldP pyrlang.interpreter.register.X_Register.inst_regs 16>)
+145: p8 = getarrayitem_gc(p6, 0, descr=<ArrayP 8>)
+149: p10 = getarrayitem_gc(p6, 1, descr=<ArrayP 8>)
+153: p12 = getarrayitem_gc(p6, 2, descr=<ArrayP 8>)
+157: p14 = getarrayitem_gc(p6, 3, descr=<ArrayP 8>)
+161: p16 = getarrayitem_gc(p6, 4, descr=<ArrayP 8>)
+165: p18 = getarrayitem_gc(p6, 5, descr=<ArrayP 8>)
+169: p20 = getarrayitem_gc(p6, 6, descr=<ArrayP 8>)
+173: p22 = getarrayitem_gc(p6, 7, descr=<ArrayP 8>)
+177: p24 = getarrayitem_gc(p6, 8, descr=<ArrayP 8>)
+181: p26 = getarrayitem_gc(p6, 9, descr=<ArrayP 8>)
+185: p28 = getarrayitem_gc(p6, 10, descr=<ArrayP 8>)
+189: p30 = getarrayitem_gc(p6, 11, descr=<ArrayP 8>)
+193: p32 = getarrayitem_gc(p6, 12, descr=<ArrayP 8>)
+204: p34 = getarrayitem_gc(p6, 13, descr=<ArrayP 8>)
+215: p36 = getarrayitem_gc(p6, 14, descr=<ArrayP 8>)
+229: p38 = getarrayitem_gc(p6, 15, descr=<ArrayP 8>)
+243: label(i0, i1, i2, p3, p4, p5, p8, p10, p12, p14, p16, p18, p20, p22, p24, p26, p28, p30, p32, p34, p36, p38, descr=TargetToken(4302413856))
+333: p39 = getfield_gc(p3, descr=<FieldP pyrlang.interpreter.interp.Process.inst_y_reg 80>)
debug_merge_point(0, 0, '22 gc_bif2 L0. 1. 1. y(0). x(0). x(0)')
+344: i40 = getfield_gc(p39, descr=<FieldS pyrlang.interpreter.register.Y_Register.inst_val_top 40>)
+348: p41 = getfield_gc(p39, descr=<FieldP pyrlang.interpreter.register.Y_Register.inst_vals 48>)
+352: p42 = getarrayitem_gc(p41, i40, descr=<ArrayP 8>)
+357: p43 = getfield_gc(p3, descr=<FieldP pyrlang.interpreter.interp.Process.inst_x_reg 72>)
+361: i44 = ptr_eq(p43, p4)
guard_true(i44, descr=<Guard0x100716180>) [i2, i1, i0, p4, p3, p43, p8, p10, p12, p14, p16, p18, p20, p22, p24, p26, p28, p30, p32, p34, p36, p38, p42]
+374: guard_class(p42, ConstClass(W_IntObject), descr=<Guard0x100716cd8>) [i2, i1, i0, p4, p3, p8, p42, p10, p12, p14, p16, p18, p20, p22, p24, p26, p28, p30, p32, p34, p36, p38, None]
+386: guard_nonnull_class(p8, ConstClass(W_IntObject), descr=<Guard0x100716c80>) [i2, i1, i0, p4, p3, p8, p42, p10, p12, p14, p16, p18, p20, p22, p24, p26, p28, p30, p32, p34, p36, p38, None]
+404: i48 = getfield_gc_pure(p42, descr=<FieldS pyrlang.interpreter.datatypes.number.W_IntObject.inst_intval 8>)
+408: i49 = getfield_gc_pure(p8, descr=<FieldS pyrlang.interpreter.datatypes.number.W_IntObject.inst_intval 8>)
+412: i50 = int_add_ovf(i48, i49)
guard_no_overflow(descr=<Guard0x100716c28>) [i2, i1, i0, p4, p3, i50, p8, p42, p10, p12, p14, p16, p18, p20, p22, p24, p26, p28, p30, p32, p34, p36, p38, None]
debug_merge_point(0, 0, '23 deallocate 1')
+421: i52 = int_sub(i40, 1)
debug_merge_point(0, 0, '24 return ')
+425: i53 = getfield_gc(p39, descr=<FieldS pyrlang.interpreter.register.Y_Register.inst_addr_top 16>)
+429: setfield_gc(p39, i52, descr=<FieldS pyrlang.interpreter.register.Y_Register.inst_val_top 40>)
+433: i55 = int_eq(i53, -1)
guard_false(i55, descr=<Guard0x100716bd0>) [i0, i2, i1, p39, p4, p3, p10, p12, p14, p16, p18, p20, p22, p24, p26, p28, p30, p32, p34, p36, p38, i50, None]
+443: p56 = getfield_gc(p39, descr=<FieldP pyrlang.interpreter.register.Y_Register.inst_addrs 24>)
+447: i58 = int_lt(i53, 0)
guard_false(i58, descr=<Guard0x100716b78>) [i53, i0, i2, i1, p39, p56, p4, p3, p10, p12, p14, p16, p18, p20, p22, p24, p26, p28, p30, p32, p34, p36, p38, i50, None]
+457: p59 = getarrayitem_gc(p56, i53, descr=<ArrayP 8>)
+462: i61 = int_sub(i53, 1)
+466: p62 = getfield_gc_pure(p59, descr=<FieldP tuple2.item0 8>)
+470: i63 = getfield_gc_pure(p59, descr=<FieldS tuple2.item1 16>)
+474: setfield_gc(p39, i61, descr=<FieldS pyrlang.interpreter.register.Y_Register.inst_addr_top 16>)
+478: i65 = int_eq(25, i0)
guard_true(i65, descr=<Guard0x100716b20>) [i0, i2, i1, i63, p4, p3, p62, p10, p12, p14, p16, p18, p20, p22, p24, p26, p28, p30, p32, p34, p36, p38, i50, None]
+492: guard_value(i63, 21, descr=<Guard0x100716ac8>) [i2, i1, i63, p39, p4, p3, p62, p10, p12, p14, p16, p18, p20, p22, p24, p26, p28, p30, p32, p34, p36, p38, i50, None]
+502: guard_value(p62, ConstPtr(ptr67), descr=<Guard0x100716a70>) [i2, i1, p39, p4, p3, p62, p10, p12, p14, p16, p18, p20, p22, p24, p26, p28, p30, p32, p34, p36, p38, i50, None]
debug_merge_point(0, 0, '21 line 2')
+521: p68 = same_as(p39)
+524: label(i1, i2, p3, p4, p39, i50, p10, p12, p14, p16, p18, p20, p22, p24, p26, p28, p30, p32, p34, p36, p38, p41, i52, p68, i61, p56, descr=TargetToken(4302413928))
debug_merge_point(0, 0, '22 gc_bif2 L0. 1. 1. y(0). x(0). x(0)')
+557: p69 = getarrayitem_gc(p41, i52, descr=<ArrayP 8>)
+562: guard_class(p69, ConstClass(W_IntObject), descr=<Guard0x100716a18>) [i2, i1, p4, p3, p69, p10, p12, p14, p16, p18, p20, p22, p24, p26, p28, p30, p32, p34, p36, p38, i50]
+574: i70 = getfield_gc_pure(p69, descr=<FieldS pyrlang.interpreter.datatypes.number.W_IntObject.inst_intval 8>)
+578: i71 = int_add_ovf(i70, i50)
guard_no_overflow(descr=<Guard0x1007169c0>) [i2, i1, p4, p3, i71, p69, p10, p12, p14, p16, p18, p20, p22, p24, p26, p28, p30, p32, p34, p36, p38, i50]
debug_merge_point(0, 0, '23 deallocate 1')
+587: i72 = int_sub(i52, 1)
debug_merge_point(0, 0, '24 return ')
+591: setfield_gc(p68, i72, descr=<FieldS pyrlang.interpreter.register.Y_Register.inst_val_top 40>)
+595: i73 = int_eq(i61, -1)
guard_false(i73, descr=<Guard0x100716968>) [i2, i1, p68, p4, p3, p10, p12, p14, p16, p18, p20, p22, p24, p26, p28, p30, p32, p34, p36, p38, i71, None]
+605: i74 = int_lt(i61, 0)
guard_false(i74, descr=<Guard0x100716910>) [i61, i2, i1, p68, p56, p4, p3, p10, p12, p14, p16, p18, p20, p22, p24, p26, p28, p30, p32, p34, p36, p38, i71, None]
+615: p75 = getarrayitem_gc(p56, i61, descr=<ArrayP 8>)
+620: i76 = int_sub(i61, 1)
+624: p77 = getfield_gc_pure(p75, descr=<FieldP tuple2.item0 8>)
+628: i78 = getfield_gc_pure(p75, descr=<FieldS tuple2.item1 16>)
+632: setfield_gc(p68, i76, descr=<FieldS pyrlang.interpreter.register.Y_Register.inst_addr_top 16>)
+636: guard_value(i78, 21, descr=<Guard0x1007168b8>) [i2, i1, i78, p68, p4, p3, p77, p10, p12, p14, p16, p18, p20, p22, p24, p26, p28, p30, p32, p34, p36, p38, i71, None]
+646: guard_value(p77, ConstPtr(ptr67), descr=<Guard0x100716860>) [i2, i1, p68, p4, p3, p77, p10, p12, p14, p16, p18, p20, p22, p24, p26, p28, p30, p32, p34, p36, p38, i71, None]
debug_merge_point(0, 0, '21 line 2')
+665: jump(i1, i2, p3, p4, p68, i71, p10, p12, p14, p16, p18, p20, p22, p24, p26, p28, p30, p32, p34, p36, p38, p41, i72, p68, i76, p56, descr=TargetToken(4302413928))
+688: --end of the loop--
[157b6a24f2b64a] jit-log-opt-loop}
[157b6a254a6cd9] {jit-log-opt-loop
# Loop 1 (3 label 2) : loop with 98 ops
[i0, i1, i2, p3, p4, p5]
+134: p6 = getfield_gc(p4, descr=<FieldP pyrlang.interpreter.register.X_Register.inst_regs 16>)
+145: p8 = getarrayitem_gc(p6, 0, descr=<ArrayP 8>)
+149: p10 = getarrayitem_gc(p6, 1, descr=<ArrayP 8>)
+153: p12 = getarrayitem_gc(p6, 2, descr=<ArrayP 8>)
+157: p14 = getarrayitem_gc(p6, 3, descr=<ArrayP 8>)
+161: p16 = getarrayitem_gc(p6, 4, descr=<ArrayP 8>)
+165: p18 = getarrayitem_gc(p6, 5, descr=<ArrayP 8>)
+169: p20 = getarrayitem_gc(p6, 6, descr=<ArrayP 8>)
+173: p22 = getarrayitem_gc(p6, 7, descr=<ArrayP 8>)
+177: p24 = getarrayitem_gc(p6, 8, descr=<ArrayP 8>)
+181: p26 = getarrayitem_gc(p6, 9, descr=<ArrayP 8>)
+185: p28 = getarrayitem_gc(p6, 10, descr=<ArrayP 8>)
+189: p30 = getarrayitem_gc(p6, 11, descr=<ArrayP 8>)
+193: p32 = getarrayitem_gc(p6, 12, descr=<ArrayP 8>)
+204: p34 = getarrayitem_gc(p6, 13, descr=<ArrayP 8>)
+215: p36 = getarrayitem_gc(p6, 14, descr=<ArrayP 8>)
+229: p38 = getarrayitem_gc(p6, 15, descr=<ArrayP 8>)
+243: label(i0, i1, i2, p3, p4, p5, p8, p10, p12, p14, p16, p18, p20, p22, p24, p26, p28, p30, p32, p34, p36, p38, descr=TargetToken(4302415584))
debug_merge_point(0, 0, '3 label 2')
+333: p39 = getfield_gc(p3, descr=<FieldP pyrlang.interpreter.interp.Process.inst_y_reg 80>)
debug_merge_point(0, 0, '4 is_lt L3. x(0). #0')
+344: p40 = getfield_gc(p3, descr=<FieldP pyrlang.interpreter.interp.Process.inst_x_reg 72>)
+348: i41 = ptr_eq(p40, p4)
guard_true(i41, descr=<Guard0x100716e90>) [i2, i1, i0, p4, p3, p40, p8, p10, p12, p14, p16, p18, p20, p22, p24, p26, p28, p30, p32, p34, p36, p38]
+361: guard_class(p8, ConstClass(W_IntObject), descr=<Guard0x1007173b8>) [i2, i1, i0, p4, p3, p8, p10, p12, p14, p16, p18, p20, p22, p24, p26, p28, p30, p32, p34, p36, p38]
+373: i43 = getfield_gc_pure(p8, descr=<FieldS pyrlang.interpreter.datatypes.number.W_IntObject.inst_intval 8>)
+377: i45 = int_lt(i43, 2)
guard_false(i45, descr=<Guard0x100717360>) [i2, i1, i0, p4, p3, p8, p10, p12, p14, p16, p18, p20, p22, p24, p26, p28, p30, p32, p34, p36, p38]
debug_merge_point(0, 0, '7 label 3')
debug_merge_point(0, 0, '8 allocate_zero 1. 1')
+387: i46 = getfield_gc(p39, descr=<FieldS pyrlang.interpreter.register.Y_Register.inst_val_top 40>)
+391: i48 = int_add(i46, 1)
+395: i49 = getfield_gc(p39, descr=<FieldS pyrlang.interpreter.register.Y_Register.inst_val_size 32>)
+399: setfield_gc(p39, i48, descr=<FieldS pyrlang.interpreter.register.Y_Register.inst_val_top 40>)
+403: i50 = int_ge(i48, i49)
guard_false(i50, descr=<Guard0x100717308>) [i2, i1, i0, p4, p3, i48, i49, p39, p8, p10, p12, p14, p16, p18, p20, p22, p24, p26, p28, p30, p32, p34, p36, p38]
+412: p51 = getfield_gc(p39, descr=<FieldP pyrlang.interpreter.register.Y_Register.inst_vals 48>)
+416: i53 = int_lt(i48, 0)
guard_false(i53, descr=<Guard0x1007172b0>) [i2, i1, i0, p4, p3, i48, p51, p39, p8, p10, p12, p14, p16, p18, p20, p22, p24, p26, p28, p30, p32, p34, p36, p38]
+426: setarrayitem_gc(p51, i48, ConstPtr(ptr54), descr=<ArrayP 8>)
debug_merge_point(0, 0, '9 line 2')
debug_merge_point(0, 0, '10 gc_bif2 L0. 1. 0. x(0). #1. x(1)')
+441: i56 = int_sub(i43, 1)
debug_merge_point(0, 0, '11 move x(0). y(0)')
+486: setarrayitem_gc(p51, i48, p8, descr=<ArrayP 8>)
debug_merge_point(0, 0, '12 move x(1). x(0)')
debug_merge_point(0, 0, '13 line 2')
debug_merge_point(0, 0, '14 call 1. L2')
+491: i58 = int_eq(15, i0)
+507: i59 = getfield_gc(p39, descr=<FieldS pyrlang.interpreter.register.Y_Register.inst_addr_top 16>)
+511: i61 = int_add(i59, 1)
+515: i62 = getfield_gc(p39, descr=<FieldS pyrlang.interpreter.register.Y_Register.inst_addr_size 8>)
+519: setfield_gc(p39, i61, descr=<FieldS pyrlang.interpreter.register.Y_Register.inst_addr_top 16>)
+523: i63 = int_ge(i61, i62)
guard_false(i63, descr=<Guard0x100717258>) [i58, i0, i2, i1, p4, p3, i62, p39, p12, p14, p16, p18, p20, p22, p24, p26, p28, p30, p32, p34, p36, p38, i56]
+532: p64 = getfield_gc(p39, descr=<FieldP pyrlang.interpreter.register.Y_Register.inst_addrs 24>)
+536: i66 = int_lt(i61, 0)
guard_false(i66, descr=<Guard0x100717200>) [i58, i0, i2, i1, p4, p3, i61, p64, p12, p14, p16, p18, p20, p22, p24, p26, p28, p30, p32, p34, p36, p38, i56]
+589: setarrayitem_gc(p64, i61, ConstPtr(ptr67), descr=<ArrayP 8>)
+604: i69 = int_sub(i1, 1)
+615: guard_true(i2, descr=<Guard0x1007171a8>) [i58, i0, i69, p4, p3, p12, p14, p16, p18, p20, p22, p24, p26, p28, p30, p32, p34, p36, p38, i56]
+631: guard_true(i58, descr=<Guard0x100717150>) [i0, i69, p4, p3, p12, p14, p16, p18, p20, p22, p24, p26, p28, p30, p32, p34, p36, p38, i56]
debug_merge_point(0, 0, '3 label 2')
+640: p70 = same_as(p39)
+643: label(i69, p3, p4, p39, i56, p12, p14, p16, p18, p20, p22, p24, p26, p28, p30, p32, p34, p36, p38, i48, p70, i49, p51, i61, i62, p64, descr=TargetToken(4302415656))
debug_merge_point(0, 0, '3 label 2')
debug_merge_point(0, 0, '4 is_lt L3. x(0). #0')
+669: i71 = int_lt(i56, 2)
guard_false(i71, descr=<Guard0x1007170f8>) [i69, p4, p3, p12, p14, p16, p18, p20, p22, p24, p26, p28, p30, p32, p34, p36, p38, i56]
debug_merge_point(0, 0, '7 label 3')
debug_merge_point(0, 0, '8 allocate_zero 1. 1')
+679: i72 = int_add(i48, 1)
+683: setfield_gc(p70, i72, descr=<FieldS pyrlang.interpreter.register.Y_Register.inst_val_top 40>)
+687: i73 = int_ge(i72, i49)
guard_false(i73, descr=<Guard0x1007170a0>) [i69, p4, p3, i72, i49, p70, p12, p14, p16, p18, p20, p22, p24, p26, p28, p30, p32, p34, p36, p38, i56]
+696: i74 = int_lt(i72, 0)
guard_false(i74, descr=<Guard0x100717048>) [i69, p4, p3, i72, p51, p70, p12, p14, p16, p18, p20, p22, p24, p26, p28, p30, p32, p34, p36, p38, i56]
+706: setarrayitem_gc(p51, i72, ConstPtr(ptr54), descr=<ArrayP 8>)
debug_merge_point(0, 0, '9 line 2')
debug_merge_point(0, 0, '10 gc_bif2 L0. 1. 0. x(0). #1. x(1)')
+721: i75 = int_sub(i56, 1)
debug_merge_point(0, 0, '11 move x(0). y(0)')
p77 = new_with_vtable(ConstClass(W_IntObject))
+811: setfield_gc(p77, i56, descr=<FieldS pyrlang.interpreter.datatypes.number.W_IntObject.inst_intval 8>)
+856: setarrayitem_gc(p51, i72, p77, descr=<ArrayP 8>)
debug_merge_point(0, 0, '12 move x(1). x(0)')
debug_merge_point(0, 0, '13 line 2')
debug_merge_point(0, 0, '14 call 1. L2')
+861: i78 = int_add(i61, 1)
+865: setfield_gc(p70, i78, descr=<FieldS pyrlang.interpreter.register.Y_Register.inst_addr_top 16>)
+869: i79 = int_ge(i78, i62)
guard_false(i79, descr=<Guard0x100716ff0>) [i69, p4, p3, i62, p70, p12, p14, p16, p18, p20, p22, p24, p26, p28, p30, p32, p34, p36, p38, i75]
+882: i80 = int_lt(i78, 0)
guard_false(i80, descr=<Guard0x100716f98>) [i69, p4, p3, i78, p64, p12, p14, p16, p18, p20, p22, p24, p26, p28, p30, p32, p34, p36, p38, i75]
+935: setarrayitem_gc(p64, i78, ConstPtr(ptr81), descr=<ArrayP 8>)
+950: i82 = int_sub(i69, 1)
debug_merge_point(0, 0, '3 label 2')
+954: jump(i82, p3, p4, p70, i75, p12, p14, p16, p18, p20, p22, p24, p26, p28, p30, p32, p34, p36, p38, i72, p70, i49, p51, i78, i62, p64, descr=TargetToken(4302415656))
+992: --end of the loop--
[157b6a2552e368] jit-log-opt-loop}
[157b6a25ccf7a3] {jit-log-opt-bridge
# bridge out of Guard 0x1007170f8 with 100 ops
[i0, p1, p2, p3, p4, p5, p6, p7, p8, p9, p10, p11, p12, p13, p14, p15, p16, i17]
+59: p18 = getfield_gc(p2, descr=<FieldP pyrlang.interpreter.interp.Process.inst_y_reg 80>)
debug_merge_point(0, 0, '5 move #1. x(0)')
+70: p19 = getfield_gc(p2, descr=<FieldP pyrlang.interpreter.interp.Process.inst_x_reg 72>)
+74: i20 = ptr_eq(p19, p1)
guard_true(i20, descr=<Guard0x1007175c8>) [i0, p1, p2, p19, p3, p4, p5, p6, p7, p8, p9, p10, p11, p12, p13, p14, p15, p16, i17]
debug_merge_point(0, 0, '6 return ')
+87: i21 = getfield_gc(p18, descr=<FieldS pyrlang.interpreter.register.Y_Register.inst_addr_top 16>)
+91: i23 = int_eq(i21, -1)
guard_false(i23, descr=<Guard0x10076a020>) [i0, p18, p1, p2, p3, p4, p5, p6, p7, p8, p9, p10, p11, p12, p13, p14, p15, p16, i17]
+101: p24 = getfield_gc(p18, descr=<FieldP pyrlang.interpreter.register.Y_Register.inst_addrs 24>)
+105: i26 = int_lt(i21, 0)
guard_false(i26, descr=<Guard0x100717f68>) [i21, i0, p18, p24, p1, p2, p3, p4, p5, p6, p7, p8, p9, p10, p11, p12, p13, p14, p15, p16, i17]
+115: p27 = getarrayitem_gc(p24, i21, descr=<ArrayP 8>)
+120: i29 = int_sub(i21, 1)
+125: p30 = getfield_gc_pure(p27, descr=<FieldP tuple2.item0 8>)
+129: i31 = getfield_gc_pure(p27, descr=<FieldS tuple2.item1 16>)
+133: setfield_gc(p18, i29, descr=<FieldS pyrlang.interpreter.register.Y_Register.inst_addr_top 16>)
+137: guard_value(i31, 15, descr=<Guard0x100717f10>) [i0, i31, p18, p1, p2, p30, p3, p4, p5, p6, p7, p8, p9, p10, p11, p12, p13, p14, p15, p16, i17]
+147: guard_value(p30, ConstPtr(ptr33), descr=<Guard0x100717eb8>) [i0, p18, p1, p2, p30, p3, p4, p5, p6, p7, p8, p9, p10, p11, p12, p13, p14, p15, p16, i17]
debug_merge_point(0, 0, '15 line 2')
debug_merge_point(0, 0, '16 gc_bif2 L0. 1. 0. y(0). #0. x(1)')
+166: i34 = getfield_gc(p18, descr=<FieldS pyrlang.interpreter.register.Y_Register.inst_val_top 40>)
+170: p35 = getfield_gc(p18, descr=<FieldP pyrlang.interpreter.register.Y_Register.inst_vals 48>)
+174: p36 = getarrayitem_gc(p35, i34, descr=<ArrayP 8>)
+179: guard_class(p36, ConstClass(W_IntObject), descr=<Guard0x100717e60>) [i0, p1, p2, p36, p3, p4, p5, p6, p7, p8, p9, p10, p11, p12, p13, p14, p15, p16, i17]
+192: i38 = getfield_gc_pure(p36, descr=<FieldS pyrlang.interpreter.datatypes.number.W_IntObject.inst_intval 8>)
+196: i40 = int_sub_ovf(i38, 2)
guard_no_overflow(descr=<Guard0x100717e08>) [i0, p1, p2, i40, p36, p3, p4, p5, p6, p7, p8, p9, p10, p11, p12, p13, p14, p15, p16, i17]
debug_merge_point(0, 0, '17 move x(0). y(0)')
+206: i42 = int_lt(i34, 0)
guard_false(i42, descr=<Guard0x100717db0>) [i0, p1, p2, i34, p35, p3, p4, p5, p6, p7, p8, p9, p10, p11, p12, p13, p14, p15, p16, i40, None]
+216: setarrayitem_gc(p35, i34, ConstPtr(ptr44), descr=<ArrayP 8>)
debug_merge_point(0, 0, '18 move x(1). x(0)')
debug_merge_point(0, 0, '19 line 2')
debug_merge_point(0, 0, '20 call 1. L2')
+231: i45 = getfield_gc(p18, descr=<FieldS pyrlang.interpreter.register.Y_Register.inst_addr_size 8>)
+235: setfield_gc(p18, i21, descr=<FieldS pyrlang.interpreter.register.Y_Register.inst_addr_top 16>)
+239: i46 = int_ge(i21, i45)
guard_false(i46, descr=<Guard0x100717d58>) [i0, p1, p2, i45, p18, p3, p4, p5, p6, p7, p8, p9, p10, p11, p12, p13, p14, p15, p16, i40, None]
+289: setarrayitem_gc(p24, i21, ConstPtr(ptr47), descr=<ArrayP 8>)
+304: i49 = int_sub(i0, 1)
debug_merge_point(0, 0, '3 label 2')
+308: p50 = same_as(p18)
+311: label(i49, p2, p1, p18, i40, p3, p4, p5, p6, p7, p8, p9, p10, p11, p12, p13, p14, p15, p16, p24, i21, p50, i29, p35, i34, i45, descr=TargetToken(4302416232))
debug_merge_point(0, 0, '4 is_lt L3. x(0). #0')
+333: i52 = int_lt(i40, 2)
guard_true(i52, descr=<Guard0x100717d00>) [i49, p1, p2, p3, p4, p5, p6, p7, p8, p9, p10, p11, p12, p13, p14, p15, p16, i40]
debug_merge_point(0, 0, '5 move #1. x(0)')
debug_merge_point(0, 0, '6 return ')
+343: p53 = getarrayitem_gc(p24, i21, descr=<ArrayP 8>)
+348: p54 = getfield_gc_pure(p53, descr=<FieldP tuple2.item0 8>)
+352: i55 = getfield_gc_pure(p53, descr=<FieldS tuple2.item1 16>)
+356: setfield_gc(p50, i29, descr=<FieldS pyrlang.interpreter.register.Y_Register.inst_addr_top 16>)
+360: guard_value(i55, 21, descr=<Guard0x100717ca8>) [i49, i55, p50, p1, p2, p54, p3, p4, p5, p6, p7, p8, p9, p10, p11, p12, p13, p14, p15, p16, i40]
+370: guard_value(p54, ConstPtr(ptr57), descr=<Guard0x100717c50>) [i49, p50, p1, p2, p54, p3, p4, p5, p6, p7, p8, p9, p10, p11, p12, p13, p14, p15, p16, i40]
debug_merge_point(0, 0, '21 line 2')
debug_merge_point(0, 0, '22 gc_bif2 L0. 1. 1. y(0). x(0). x(0)')
+389: p58 = getarrayitem_gc(p35, i34, descr=<ArrayP 8>)
+394: guard_class(p58, ConstClass(W_IntObject), descr=<Guard0x100717bf8>) [i49, p1, p2, p58, p3, p4, p5, p6, p7, p8, p9, p10, p11, p12, p13, p14, p15, p16, i40]
+408: i60 = getfield_gc_pure(p58, descr=<FieldS pyrlang.interpreter.datatypes.number.W_IntObject.inst_intval 8>)
+413: i62 = int_add_ovf(i60, 1)
guard_no_overflow(descr=<Guard0x100717ba0>) [i49, p1, p2, i62, p58, p3, p4, p5, p6, p7, p8, p9, p10, p11, p12, p13, p14, p15, p16, i40]
debug_merge_point(0, 0, '23 deallocate 1')
+423: i64 = int_sub(i34, 1)
debug_merge_point(0, 0, '24 return ')
+427: setfield_gc(p50, i64, descr=<FieldS pyrlang.interpreter.register.Y_Register.inst_val_top 40>)
+431: i66 = int_eq(i29, -1)
guard_false(i66, descr=<Guard0x100717b48>) [i49, p50, p1, p2, p3, p4, p5, p6, p7, p8, p9, p10, p11, p12, p13, p14, p15, p16, i62, i40]
+441: i68 = int_lt(i29, 0)
guard_false(i68, descr=<Guard0x100717af0>) [i29, i49, p50, p24, p1, p2, p3, p4, p5, p6, p7, p8, p9, p10, p11, p12, p13, p14, p15, p16, i62, i40]
+451: p69 = getarrayitem_gc(p24, i29, descr=<ArrayP 8>)
+456: i71 = int_sub(i29, 1)
+460: p72 = getfield_gc_pure(p69, descr=<FieldP tuple2.item0 8>)
+464: i73 = getfield_gc_pure(p69, descr=<FieldS tuple2.item1 16>)
+468: setfield_gc(p50, i71, descr=<FieldS pyrlang.interpreter.register.Y_Register.inst_addr_top 16>)
+472: guard_value(i73, 15, descr=<Guard0x100717a98>) [i49, i73, p50, p1, p2, p72, p3, p4, p5, p6, p7, p8, p9, p10, p11, p12, p13, p14, p15, p16, i62, i40]
+482: guard_value(p72, ConstPtr(ptr75), descr=<Guard0x100717a40>) [i49, p50, p1, p2, p72, p3, p4, p5, p6, p7, p8, p9, p10, p11, p12, p13, p14, p15, p16, i62, i40]
debug_merge_point(0, 0, '15 line 2')
debug_merge_point(0, 0, '16 gc_bif2 L0. 1. 0. y(0). #0. x(1)')
+501: p76 = getarrayitem_gc(p35, i64, descr=<ArrayP 8>)
+506: guard_class(p76, ConstClass(W_IntObject), descr=<Guard0x1007179e8>) [i49, p1, p2, p76, p3, p4, p5, p6, p7, p8, p9, p10, p11, p12, p13, p14, p15, p16, i62, i40]
+518: i78 = getfield_gc_pure(p76, descr=<FieldS pyrlang.interpreter.datatypes.number.W_IntObject.inst_intval 8>)
+522: i80 = int_sub_ovf(i78, 2)
guard_no_overflow(descr=<Guard0x100717990>) [i49, p1, p2, i80, p76, p3, p4, p5, p6, p7, p8, p9, p10, p11, p12, p13, p14, p15, p16, i62, i40]
debug_merge_point(0, 0, '17 move x(0). y(0)')
+532: i82 = int_lt(i64, 0)
guard_false(i82, descr=<Guard0x100717938>) [i49, p1, p2, i64, p35, p3, p4, p5, p6, p7, p8, p9, p10, p11, p12, p13, p14, p15, p16, i80, i62, None]
p84 = new_with_vtable(ConstClass(W_IntObject))
+628: setfield_gc(p84, i62, descr=<FieldS pyrlang.interpreter.datatypes.number.W_IntObject.inst_intval 8>)
+671: setarrayitem_gc(p35, i64, p84, descr=<ArrayP 8>)
debug_merge_point(0, 0, '18 move x(1). x(0)')
debug_merge_point(0, 0, '19 line 2')
debug_merge_point(0, 0, '20 call 1. L2')
+676: setfield_gc(p50, i29, descr=<FieldS pyrlang.interpreter.register.Y_Register.inst_addr_top 16>)
+687: i85 = int_ge(i29, i45)
guard_false(i85, descr=<Guard0x1007178e0>) [i49, p1, p2, i45, p50, p3, p4, p5, p6, p7, p8, p9, p10, p11, p12, p13, p14, p15, p16, i80]
+737: setarrayitem_gc(p24, i29, ConstPtr(ptr86), descr=<ArrayP 8>)
+752: i88 = int_sub(i49, 1)
debug_merge_point(0, 0, '3 label 2')
+756: jump(i88, p2, p1, p50, i80, p3, p4, p5, p6, p7, p8, p9, p10, p11, p12, p13, p14, p15, p16, p24, i29, p50, i71, p35, i64, i45, descr=TargetToken(4302416232))
+784: --end of the loop--
[157b6a25d69734] jit-log-opt-bridge}
[157b6a2607022f] {jit-log-opt-bridge
# bridge out of Guard 0x100716ac8 with 40 ops
[i0, i1, i2, p3, p4, p5, p6, p7, p8, p9, p10, p11, p12, p13, p14, p15, p16, p17, p18, p19, p20, p21, i22]
+59: guard_value(i2, 15, descr=<Guard0x10076a128>) [i0, i1, i2, p3, p4, p5, p6, p7, p8, p9, p10, p11, p12, p13, p14, p15, p16, p17, p18, p19, p20, p21, i22]
+69: guard_value(p6, ConstPtr(ptr24), descr=<Guard0x10076a4f0>) [i0, i1, p3, p4, p5, p6, p7, p8, p9, p10, p11, p12, p13, p14, p15, p16, p17, p18, p19, p20, p21, i22]
debug_merge_point(0, 0, '15 line 2')
+88: p25 = getfield_gc(p5, descr=<FieldP pyrlang.interpreter.interp.Process.inst_y_reg 80>)
debug_merge_point(0, 0, '16 gc_bif2 L0. 1. 0. y(0). #0. x(1)')
+92: i26 = getfield_gc(p25, descr=<FieldS pyrlang.interpreter.register.Y_Register.inst_val_top 40>)
+96: p27 = getfield_gc(p25, descr=<FieldP pyrlang.interpreter.register.Y_Register.inst_vals 48>)
+100: p28 = getarrayitem_gc(p27, i26, descr=<ArrayP 8>)
+105: guard_class(p28, ConstClass(W_IntObject), descr=<Guard0x10076a498>) [i0, i1, p4, p5, p28, p7, p8, p9, p10, p11, p12, p13, p14, p15, p16, p17, p18, p19, p20, p21, i22]
+118: i30 = getfield_gc_pure(p28, descr=<FieldS pyrlang.interpreter.datatypes.number.W_IntObject.inst_intval 8>)
+122: i32 = int_sub_ovf(i30, 2)
guard_no_overflow(descr=<Guard0x10076a440>) [i0, i1, p4, p5, i32, p28, p7, p8, p9, p10, p11, p12, p13, p14, p15, p16, p17, p18, p19, p20, p21, i22]
+132: p33 = getfield_gc(p5, descr=<FieldP pyrlang.interpreter.interp.Process.inst_x_reg 72>)
+136: i34 = ptr_eq(p33, p4)
guard_true(i34, descr=<Guard0x10076a3e8>) [i0, i1, p4, p5, p33, p7, p8, p9, p10, p11, p12, p13, p14, p15, p16, p17, p18, p19, p20, p21, i32, i22]
debug_merge_point(0, 0, '17 move x(0). y(0)')
+149: i36 = int_lt(i26, 0)
guard_false(i36, descr=<Guard0x10076a390>) [i0, i1, p4, p5, i26, p27, p8, p9, p10, p11, p12, p13, p14, p15, p16, p17, p18, p19, p20, p21, i32, i22]
p38 = new_with_vtable(ConstClass(W_IntObject))
+245: setfield_gc(p38, i22, descr=<FieldS pyrlang.interpreter.datatypes.number.W_IntObject.inst_intval 8>)
+299: setarrayitem_gc(p27, i26, p38, descr=<ArrayP 8>)
debug_merge_point(0, 0, '18 move x(1). x(0)')
debug_merge_point(0, 0, '19 line 2')
debug_merge_point(0, 0, '20 call 1. L2')
+304: i39 = getfield_gc(p25, descr=<FieldS pyrlang.interpreter.register.Y_Register.inst_addr_top 16>)
+308: i41 = int_add(i39, 1)
+312: i42 = getfield_gc(p25, descr=<FieldS pyrlang.interpreter.register.Y_Register.inst_addr_size 8>)
+316: setfield_gc(p25, i41, descr=<FieldS pyrlang.interpreter.register.Y_Register.inst_addr_top 16>)
+320: i43 = int_ge(i41, i42)
guard_false(i43, descr=<Guard0x10076a338>) [i0, i1, p4, p5, i42, p25, p8, p9, p10, p11, p12, p13, p14, p15, p16, p17, p18, p19, p20, p21, i32]
+329: p44 = getfield_gc(p25, descr=<FieldP pyrlang.interpreter.register.Y_Register.inst_addrs 24>)
+333: i46 = int_lt(i41, 0)
guard_false(i46, descr=<Guard0x10076a2e0>) [i0, i1, p4, p5, i41, p44, p8, p9, p10, p11, p12, p13, p14, p15, p16, p17, p18, p19, p20, p21, i32]
+384: setarrayitem_gc(p44, i41, ConstPtr(ptr47), descr=<ArrayP 8>)
+399: i49 = int_sub(i1, 1)
+410: guard_true(i0, descr=<Guard0x10076a288>) [i49, p4, p5, p8, p9, p10, p11, p12, p13, p14, p15, p16, p17, p18, p19, p20, p21, i32]
debug_merge_point(0, 0, '3 label 2')
+426: i51 = int_ge(i42, 1)
guard_true(i51, descr=<Guard0x10076a230>) [i49, p25, p4, p5, p8, p9, p10, p11, p12, p13, p14, p15, p16, p17, p18, p19, p20, p21, i32]
+436: jump(i49, p5, p4, p25, i32, p8, p9, p10, p11, p12, p13, p14, p15, p16, p17, p18, p19, p20, p21, p44, i41, p25, i39, p27, i26, i42, descr=TargetToken(4302416232))
+560: --end of the loop--
[157b6a260bbd68] jit-log-opt-bridge}
[157b6a262f850a] {jit-log-opt-bridge
# bridge out of Guard 0x100717360 with 46 ops
[i0, i1, i2, p3, p4, p5, p6, p7, p8, p9, p10, p11, p12, p13, p14, p15, p16, p17, p18, p19, p20]
+59: p21 = getfield_gc(p4, descr=<FieldP pyrlang.interpreter.interp.Process.inst_y_reg 80>)
debug_merge_point(0, 0, '5 move #1. x(0)')
+63: p22 = getfield_gc(p4, descr=<FieldP pyrlang.interpreter.interp.Process.inst_x_reg 72>)
+67: i23 = ptr_eq(p22, p3)
guard_true(i23, descr=<Guard0x10076a5a0>) [i0, i1, i2, p3, p4, p22, p5, p6, p7, p8, p9, p10, p11, p12, p13, p14, p15, p16, p17, p18, p19, p20]
debug_merge_point(0, 0, '6 return ')
+80: i24 = getfield_gc(p21, descr=<FieldS pyrlang.interpreter.register.Y_Register.inst_addr_top 16>)
+84: i26 = int_eq(i24, -1)
guard_false(i26, descr=<Guard0x10076aa18>) [i2, i0, i1, p21, p3, p4, p6, p7, p8, p9, p10, p11, p12, p13, p14, p15, p16, p17, p18, p19, p20]
+94: p27 = getfield_gc(p21, descr=<FieldP pyrlang.interpreter.register.Y_Register.inst_addrs 24>)
+98: i29 = int_lt(i24, 0)
guard_false(i29, descr=<Guard0x10076a9c0>) [i24, i2, i0, i1, p21, p27, p3, p4, p6, p7, p8, p9, p10, p11, p12, p13, p14, p15, p16, p17, p18, p19, p20]
+108: p30 = getarrayitem_gc(p27, i24, descr=<ArrayP 8>)
+113: i32 = int_sub(i24, 1)
+117: p33 = getfield_gc_pure(p30, descr=<FieldP tuple2.item0 8>)
+121: i34 = getfield_gc_pure(p30, descr=<FieldS tuple2.item1 16>)
+125: setfield_gc(p21, i32, descr=<FieldS pyrlang.interpreter.register.Y_Register.inst_addr_top 16>)
+129: i36 = int_eq(7, i2)
guard_false(i36, descr=<Guard0x10076a968>) [i2, i0, i1, i34, p3, p4, p33, p6, p7, p8, p9, p10, p11, p12, p13, p14, p15, p16, p17, p18, p19, p20]
+143: guard_value(i34, 15, descr=<Guard0x10076a910>) [i0, i1, i34, p21, p3, p4, p33, p6, p7, p8, p9, p10, p11, p12, p13, p14, p15, p16, p17, p18, p19, p20]
+153: guard_value(p33, ConstPtr(ptr38), descr=<Guard0x10076a8b8>) [i0, i1, p21, p3, p4, p33, p6, p7, p8, p9, p10, p11, p12, p13, p14, p15, p16, p17, p18, p19, p20]
debug_merge_point(0, 0, '15 line 2')
debug_merge_point(0, 0, '16 gc_bif2 L0. 1. 0. y(0). #0. x(1)')
+172: i39 = getfield_gc(p21, descr=<FieldS pyrlang.interpreter.register.Y_Register.inst_val_top 40>)
+176: p40 = getfield_gc(p21, descr=<FieldP pyrlang.interpreter.register.Y_Register.inst_vals 48>)
+180: p41 = getarrayitem_gc(p40, i39, descr=<ArrayP 8>)
+185: guard_class(p41, ConstClass(W_IntObject), descr=<Guard0x10076a860>) [i0, i1, p3, p4, p41, p6, p7, p8, p9, p10, p11, p12, p13, p14, p15, p16, p17, p18, p19, p20]
+199: i43 = getfield_gc_pure(p41, descr=<FieldS pyrlang.interpreter.datatypes.number.W_IntObject.inst_intval 8>)
+203: i45 = int_sub_ovf(i43, 2)
guard_no_overflow(descr=<Guard0x10076a808>) [i0, i1, p3, p4, i45, p41, p6, p7, p8, p9, p10, p11, p12, p13, p14, p15, p16, p17, p18, p19, p20]
debug_merge_point(0, 0, '17 move x(0). y(0)')
+213: i47 = int_lt(i39, 0)
guard_false(i47, descr=<Guard0x10076a7b0>) [i0, i1, p3, p4, i39, p40, p7, p8, p9, p10, p11, p12, p13, p14, p15, p16, p17, p18, p19, p20, i45]
+223: setarrayitem_gc(p40, i39, ConstPtr(ptr48), descr=<ArrayP 8>)
debug_merge_point(0, 0, '18 move x(1). x(0)')
debug_merge_point(0, 0, '19 line 2')
debug_merge_point(0, 0, '20 call 1. L2')
+238: i49 = getfield_gc(p21, descr=<FieldS pyrlang.interpreter.register.Y_Register.inst_addr_size 8>)
+242: setfield_gc(p21, i24, descr=<FieldS pyrlang.interpreter.register.Y_Register.inst_addr_top 16>)
+246: i50 = int_ge(i24, i49)
guard_false(i50, descr=<Guard0x10076a758>) [i0, i1, p3, p4, i49, p21, p7, p8, p9, p10, p11, p12, p13, p14, p15, p16, p17, p18, p19, p20, i45]
+296: setarrayitem_gc(p27, i24, ConstPtr(ptr51), descr=<ArrayP 8>)
+311: i53 = int_sub(i1, 1)
+322: guard_true(i0, descr=<Guard0x10076a700>) [i53, p3, p4, p7, p8, p9, p10, p11, p12, p13, p14, p15, p16, p17, p18, p19, p20, i45]
debug_merge_point(0, 0, '3 label 2')
+338: jump(i53, p4, p3, p21, i45, p7, p8, p9, p10, p11, p12, p13, p14, p15, p16, p17, p18, p19, p20, p27, i24, p21, i32, p40, i39, i49, descr=TargetToken(4302416232))
+400: --end of the loop--
[157b6a2635ec80] jit-log-opt-bridge}
[157b6a265aefd8] {jit-log-opt-bridge
# bridge out of Guard 0x100717d00 with 42 ops
[i0, p1, p2, p3, p4, p5, p6, p7, p8, p9, p10, p11, p12, p13, p14, p15, p16, i17]
+59: p18 = getfield_gc(p2, descr=<FieldP pyrlang.interpreter.interp.Process.inst_y_reg 80>)
debug_merge_point(0, 0, '7 label 3')
debug_merge_point(0, 0, '8 allocate_zero 1. 1')
+70: i19 = getfield_gc(p18, descr=<FieldS pyrlang.interpreter.register.Y_Register.inst_val_top 40>)
+74: i21 = int_add(i19, 1)
+78: i22 = getfield_gc(p18, descr=<FieldS pyrlang.interpreter.register.Y_Register.inst_val_size 32>)
+82: setfield_gc(p18, i21, descr=<FieldS pyrlang.interpreter.register.Y_Register.inst_val_top 40>)
+86: i23 = int_ge(i21, i22)
guard_false(i23, descr=<Guard0x10076ab20>) [i0, p1, p2, i21, i22, p18, p3, p4, p5, p6, p7, p8, p9, p10, p11, p12, p13, p14, p15, p16, i17]
+95: p24 = getfield_gc(p18, descr=<FieldP pyrlang.interpreter.register.Y_Register.inst_vals 48>)
+99: i26 = int_lt(i21, 0)
guard_false(i26, descr=<Guard0x10076ae38>) [i0, p1, p2, i21, p24, p18, p3, p4, p5, p6, p7, p8, p9, p10, p11, p12, p13, p14, p15, p16, i17]
+109: setarrayitem_gc(p24, i21, ConstPtr(ptr27), descr=<ArrayP 8>)
debug_merge_point(0, 0, '9 line 2')
debug_merge_point(0, 0, '10 gc_bif2 L0. 1. 0. x(0). #1. x(1)')
+124: p28 = getfield_gc(p2, descr=<FieldP pyrlang.interpreter.interp.Process.inst_x_reg 72>)
+128: i29 = ptr_eq(p28, p1)
guard_true(i29, descr=<Guard0x10076ade0>) [i0, p1, p2, p28, p3, p4, p5, p6, p7, p8, p9, p10, p11, p12, p13, p14, p15, p16, i17]
+141: i31 = int_sub_ovf(i17, 1)
guard_no_overflow(descr=<Guard0x10076ad88>) [i0, p1, p2, i31, p3, p4, p5, p6, p7, p8, p9, p10, p11, p12, p13, p14, p15, p16, i17]
debug_merge_point(0, 0, '11 move x(0). y(0)')
p33 = new_with_vtable(ConstClass(W_IntObject))
+233: setfield_gc(p33, i17, descr=<FieldS pyrlang.interpreter.datatypes.number.W_IntObject.inst_intval 8>)
+278: setarrayitem_gc(p24, i21, p33, descr=<ArrayP 8>)
debug_merge_point(0, 0, '12 move x(1). x(0)')
debug_merge_point(0, 0, '13 line 2')
debug_merge_point(0, 0, '14 call 1. L2')
+283: i34 = getfield_gc(p18, descr=<FieldS pyrlang.interpreter.register.Y_Register.inst_addr_top 16>)
+287: i36 = int_add(i34, 1)
+291: i37 = getfield_gc(p18, descr=<FieldS pyrlang.interpreter.register.Y_Register.inst_addr_size 8>)
+295: setfield_gc(p18, i36, descr=<FieldS pyrlang.interpreter.register.Y_Register.inst_addr_top 16>)
+299: i38 = int_ge(i36, i37)
guard_false(i38, descr=<Guard0x10076ad30>) [i0, p1, p2, i37, p18, p3, p4, p5, p6, p7, p8, p9, p10, p11, p12, p13, p14, p15, p16, i31]
+308: p39 = getfield_gc(p18, descr=<FieldP pyrlang.interpreter.register.Y_Register.inst_addrs 24>)
+312: i41 = int_lt(i36, 0)
guard_false(i41, descr=<Guard0x10076acd8>) [i0, p1, p2, i36, p39, p3, p4, p5, p6, p7, p8, p9, p10, p11, p12, p13, p14, p15, p16, i31]
+361: setarrayitem_gc(p39, i36, ConstPtr(ptr42), descr=<ArrayP 8>)
+376: i44 = int_sub(i0, 1)
debug_merge_point(0, 0, '3 label 2')
+380: i46 = int_ge(i31, 1)
guard_true(i46, descr=<Guard0x10076ac80>) [i44, p18, p1, p2, p3, p4, p5, p6, p7, p8, p9, p10, p11, p12, p13, p14, p15, p16, i31]
+390: jump(i44, p2, p1, p18, i31, p3, p4, p5, p6, p7, p8, p9, p10, p11, p12, p13, p14, p15, p16, i21, p18, i22, p24, i36, i37, p39, descr=TargetToken(4302415656))
+448: --end of the loop--
[157b6a265f14b6] jit-log-opt-bridge}
[157b6a26845add] {jit-log-opt-loop
# Loop 2 (15 line 2) : entry bridge with 55 ops
[i0, i1, i2, p3, p4, p5]
+134: p6 = getfield_gc(p4, descr=<FieldP pyrlang.interpreter.register.X_Register.inst_regs 16>)
+145: p8 = getarrayitem_gc(p6, 0, descr=<ArrayP 8>)
+149: p10 = getarrayitem_gc(p6, 1, descr=<ArrayP 8>)
+153: p12 = getarrayitem_gc(p6, 2, descr=<ArrayP 8>)
+157: p14 = getarrayitem_gc(p6, 3, descr=<ArrayP 8>)
+161: p16 = getarrayitem_gc(p6, 4, descr=<ArrayP 8>)
+165: p18 = getarrayitem_gc(p6, 5, descr=<ArrayP 8>)
+169: p20 = getarrayitem_gc(p6, 6, descr=<ArrayP 8>)
+173: p22 = getarrayitem_gc(p6, 7, descr=<ArrayP 8>)
+177: p24 = getarrayitem_gc(p6, 8, descr=<ArrayP 8>)
+181: p26 = getarrayitem_gc(p6, 9, descr=<ArrayP 8>)
+185: p28 = getarrayitem_gc(p6, 10, descr=<ArrayP 8>)
+189: p30 = getarrayitem_gc(p6, 11, descr=<ArrayP 8>)
+193: p32 = getarrayitem_gc(p6, 12, descr=<ArrayP 8>)
+204: p34 = getarrayitem_gc(p6, 13, descr=<ArrayP 8>)
+215: p36 = getarrayitem_gc(p6, 14, descr=<ArrayP 8>)
+229: p38 = getarrayitem_gc(p6, 15, descr=<ArrayP 8>)
debug_merge_point(0, 0, '15 line 2')
+243: p39 = getfield_gc(p3, descr=<FieldP pyrlang.interpreter.interp.Process.inst_y_reg 80>)
debug_merge_point(0, 0, '16 gc_bif2 L0. 1. 0. y(0). #0. x(1)')
+261: i40 = getfield_gc(p39, descr=<FieldS pyrlang.interpreter.register.Y_Register.inst_val_top 40>)
+272: p41 = getfield_gc(p39, descr=<FieldP pyrlang.interpreter.register.Y_Register.inst_vals 48>)
+283: p42 = getarrayitem_gc(p41, i40, descr=<ArrayP 8>)
+295: guard_class(p42, ConstClass(W_IntObject), descr=<Guard0x10076af40>) [i2, i1, i0, p4, p3, p42, p8, p10, p12, p14, p16, p18, p20, p22, p24, p26, p28, p30, p32, p34, p36, p38]
+308: i44 = getfield_gc_pure(p42, descr=<FieldS pyrlang.interpreter.datatypes.number.W_IntObject.inst_intval 8>)
+319: i46 = int_sub_ovf(i44, 2)
guard_no_overflow(descr=<Guard0x10076b2b0>) [i2, i1, i0, p4, p3, i46, p42, p8, p10, p12, p14, p16, p18, p20, p22, p24, p26, p28, p30, p32, p34, p36, p38]
+329: p47 = getfield_gc(p3, descr=<FieldP pyrlang.interpreter.interp.Process.inst_x_reg 72>)
+333: i48 = ptr_eq(p47, p4)
guard_true(i48, descr=<Guard0x10076b258>) [i2, i1, i0, p4, p3, p47, p8, p10, p12, p14, p16, p18, p20, p22, p24, p26, p28, p30, p32, p34, p36, p38, i46]
debug_merge_point(0, 0, '17 move x(0). y(0)')
+346: i50 = int_lt(i40, 0)
guard_false(i50, descr=<Guard0x10076b200>) [i2, i1, i0, p4, p3, i40, p8, p41, p12, p14, p16, p18, p20, p22, p24, p26, p28, p30, p32, p34, p36, p38, i46]
+398: setarrayitem_gc(p41, i40, p8, descr=<ArrayP 8>)
debug_merge_point(0, 0, '18 move x(1). x(0)')
debug_merge_point(0, 0, '19 line 2')
debug_merge_point(0, 0, '20 call 1. L2')
+403: i52 = int_eq(21, i0)
+419: i53 = getfield_gc(p39, descr=<FieldS pyrlang.interpreter.register.Y_Register.inst_addr_top 16>)
+423: i55 = int_add(i53, 1)
+427: i56 = getfield_gc(p39, descr=<FieldS pyrlang.interpreter.register.Y_Register.inst_addr_size 8>)
+438: setfield_gc(p39, i55, descr=<FieldS pyrlang.interpreter.register.Y_Register.inst_addr_top 16>)
+442: i57 = int_ge(i55, i56)
guard_false(i57, descr=<Guard0x10076b1a8>) [i52, i0, i2, i1, p4, p3, i56, p39, p12, p14, p16, p18, p20, p22, p24, p26, p28, p30, p32, p34, p36, p38, i46]
+451: p58 = getfield_gc(p39, descr=<FieldP pyrlang.interpreter.register.Y_Register.inst_addrs 24>)
+462: i60 = int_lt(i55, 0)
guard_false(i60, descr=<Guard0x10076b150>) [i52, i0, i2, i1, p4, p3, i55, p58, p12, p14, p16, p18, p20, p22, p24, p26, p28, p30, p32, p34, p36, p38, i46]
+511: setarrayitem_gc(p58, i55, ConstPtr(ptr61), descr=<ArrayP 8>)
+526: i63 = int_sub(i1, 1)
+544: guard_true(i2, descr=<Guard0x10076b0f8>) [i52, i0, i63, p4, p3, p12, p14, p16, p18, p20, p22, p24, p26, p28, p30, p32, p34, p36, p38, i46]
+567: guard_false(i52, descr=<Guard0x10076b0a0>) [i0, i63, p4, p3, p12, p14, p16, p18, p20, p22, p24, p26, p28, p30, p32, p34, p36, p38, i46]
debug_merge_point(0, 0, '3 label 2')
+576: i65 = int_ge(i56, 1)
guard_true(i65, descr=<Guard0x10076b048>) [i63, p39, p4, p3, p12, p14, p16, p18, p20, p22, p24, p26, p28, p30, p32, p34, p36, p38, i46]
+586: jump(i63, p3, p4, p39, i46, p12, p14, p16, p18, p20, p22, p24, p26, p28, p30, p32, p34, p36, p38, p58, i55, p39, i53, p41, i40, i56, descr=TargetToken(4302416232))
+832: --end of the loop--
[157b6a26891fc2] jit-log-opt-loop}
[157b6a26ca76d9] {jit-log-opt-bridge
# bridge out of Guard 0x100717a98 with 35 ops
[i0, i1, p2, p3, p4, p5, p6, p7, p8, p9, p10, p11, p12, p13, p14, p15, p16, p17, p18, p19, i20, i21]
+59: guard_value(i1, 21, descr=<Guard0x10076b570>) [i0, i1, p2, p3, p4, p5, p6, p7, p8, p9, p10, p11, p12, p13, p14, p15, p16, p17, p18, p19, i21, i20]
+69: guard_value(p5, ConstPtr(ptr23), descr=<Guard0x10076b990>) [i0, p2, p3, p4, p5, p6, p7, p8, p9, p10, p11, p12, p13, p14, p15, p16, p17, p18, p19, i21, i20]
debug_merge_point(0, 0, '21 line 2')
+88: label(i0, p4, p3, p2, i20, i21, p6, p7, p8, p9, p10, p11, p12, p13, p14, p15, p16, p17, p18, p19, descr=TargetToken(4302418320))
+125: p24 = getfield_gc(p4, descr=<FieldP pyrlang.interpreter.interp.Process.inst_y_reg 80>)
debug_merge_point(0, 0, '22 gc_bif2 L0. 1. 1. y(0). x(0). x(0)')
+136: i25 = getfield_gc(p24, descr=<FieldS pyrlang.interpreter.register.Y_Register.inst_val_top 40>)
+140: p26 = getfield_gc(p24, descr=<FieldP pyrlang.interpreter.register.Y_Register.inst_vals 48>)
+144: p27 = getarrayitem_gc(p26, i25, descr=<ArrayP 8>)
+149: p28 = getfield_gc(p4, descr=<FieldP pyrlang.interpreter.interp.Process.inst_x_reg 72>)
+153: i29 = ptr_eq(p28, p3)
guard_true(i29, descr=<Guard0x10076b938>) [i0, p3, p4, p28, p6, p7, p8, p9, p10, p11, p12, p13, p14, p15, p16, p17, p18, p19, i21, i20, p27]
+166: guard_class(p27, ConstClass(W_IntObject), descr=<Guard0x10076b8e0>) [i0, p3, p4, p27, p6, p7, p8, p9, p10, p11, p12, p13, p14, p15, p16, p17, p18, p19, i21, i20, None]
+178: i32 = getfield_gc_pure(p27, descr=<FieldS pyrlang.interpreter.datatypes.number.W_IntObject.inst_intval 8>)
+182: i33 = int_add_ovf(i32, i20)
guard_no_overflow(descr=<Guard0x10076b888>) [i0, p3, p4, i33, p27, p6, p7, p8, p9, p10, p11, p12, p13, p14, p15, p16, p17, p18, p19, i21, i20, None]
debug_merge_point(0, 0, '23 deallocate 1')
+191: i35 = int_sub(i25, 1)
debug_merge_point(0, 0, '24 return ')
+195: i36 = getfield_gc(p24, descr=<FieldS pyrlang.interpreter.register.Y_Register.inst_addr_top 16>)
+199: setfield_gc(p24, i35, descr=<FieldS pyrlang.interpreter.register.Y_Register.inst_val_top 40>)
+203: i38 = int_eq(i36, -1)
guard_false(i38, descr=<Guard0x10076b830>) [i0, p24, p3, p4, p6, p7, p8, p9, p10, p11, p12, p13, p14, p15, p16, p17, p18, p19, i33, i21, None, None]
+213: p39 = getfield_gc(p24, descr=<FieldP pyrlang.interpreter.register.Y_Register.inst_addrs 24>)
+217: i41 = int_lt(i36, 0)
guard_false(i41, descr=<Guard0x10076b7d8>) [i36, i0, p24, p39, p3, p4, p6, p7, p8, p9, p10, p11, p12, p13, p14, p15, p16, p17, p18, p19, i33, i21, None, None]
+227: p42 = getarrayitem_gc(p39, i36, descr=<ArrayP 8>)
+232: i44 = int_sub(i36, 1)
+236: p45 = getfield_gc_pure(p42, descr=<FieldP tuple2.item0 8>)
+240: i46 = getfield_gc_pure(p42, descr=<FieldS tuple2.item1 16>)
+244: setfield_gc(p24, i44, descr=<FieldS pyrlang.interpreter.register.Y_Register.inst_addr_top 16>)
+248: guard_value(i46, 21, descr=<Guard0x10076b780>) [i0, i46, p24, p3, p4, p45, p6, p7, p8, p9, p10, p11, p12, p13, p14, p15, p16, p17, p18, p19, i33, i21, None, None]
+258: guard_value(p45, ConstPtr(ptr48), descr=<Guard0x10076b728>) [i0, p24, p3, p4, p45, p6, p7, p8, p9, p10, p11, p12, p13, p14, p15, p16, p17, p18, p19, i33, i21, None, None]
debug_merge_point(0, 0, '21 line 2')
+277: jump(i0, p4, p3, p24, i33, i21, p6, p7, p8, p9, p10, p11, p12, p13, p14, p15, p16, p17, p18, p19, descr=TargetToken(4302418320))
+304: --end of the loop--
[157b6a26cdd2b3] jit-log-opt-bridge}
[157b6a26f79406] {jit-log-opt-bridge
# bridge out of Guard 0x10076b780 with 39 ops
[i0, i1, p2, p3, p4, p5, p6, p7, p8, p9, p10, p11, p12, p13, p14, p15, p16, p17, p18, p19, i20, i21]
+59: guard_value(i1, 15, descr=<Guard0x10076baf0>) [i0, i1, p2, p3, p4, p5, p6, p7, p8, p9, p10, p11, p12, p13, p14, p15, p16, p17, p18, p19, i21, i20]
+69: guard_value(p5, ConstPtr(ptr23), descr=<Guard0x10076be60>) [i0, p2, p3, p4, p5, p6, p7, p8, p9, p10, p11, p12, p13, p14, p15, p16, p17, p18, p19, i21, i20]
debug_merge_point(0, 0, '15 line 2')
+88: p24 = getfield_gc(p4, descr=<FieldP pyrlang.interpreter.interp.Process.inst_y_reg 80>)
debug_merge_point(0, 0, '16 gc_bif2 L0. 1. 0. y(0). #0. x(1)')
+92: i25 = getfield_gc(p24, descr=<FieldS pyrlang.interpreter.register.Y_Register.inst_val_top 40>)
+96: p26 = getfield_gc(p24, descr=<FieldP pyrlang.interpreter.register.Y_Register.inst_vals 48>)
+100: p27 = getarrayitem_gc(p26, i25, descr=<ArrayP 8>)
+105: guard_class(p27, ConstClass(W_IntObject), descr=<Guard0x10076be08>) [i0, p3, p4, p27, p6, p7, p8, p9, p10, p11, p12, p13, p14, p15, p16, p17, p18, p19, i21, i20]
+118: i29 = getfield_gc_pure(p27, descr=<FieldS pyrlang.interpreter.datatypes.number.W_IntObject.inst_intval 8>)
+122: i31 = int_sub_ovf(i29, 2)
guard_no_overflow(descr=<Guard0x10076bdb0>) [i0, p3, p4, i31, p27, p6, p7, p8, p9, p10, p11, p12, p13, p14, p15, p16, p17, p18, p19, i21, i20]
+132: p32 = getfield_gc(p4, descr=<FieldP pyrlang.interpreter.interp.Process.inst_x_reg 72>)
+136: i33 = ptr_eq(p32, p3)
guard_true(i33, descr=<Guard0x10076bd58>) [i0, p3, p4, p32, p6, p7, p8, p9, p10, p11, p12, p13, p14, p15, p16, p17, p18, p19, i31, i21, i20]
debug_merge_point(0, 0, '17 move x(0). y(0)')
+149: i35 = int_lt(i25, 0)
guard_false(i35, descr=<Guard0x10076bd00>) [i0, p3, p4, i25, p26, p6, p7, p8, p9, p10, p11, p12, p13, p14, p15, p16, p17, p18, p19, i31, None, i20]
p38 = new_with_vtable(ConstClass(W_IntObject))
+245: setfield_gc(p38, i20, descr=<FieldS pyrlang.interpreter.datatypes.number.W_IntObject.inst_intval 8>)
+297: setarrayitem_gc(p26, i25, p38, descr=<ArrayP 8>)
debug_merge_point(0, 0, '18 move x(1). x(0)')
debug_merge_point(0, 0, '19 line 2')
debug_merge_point(0, 0, '20 call 1. L2')
+302: i39 = getfield_gc(p24, descr=<FieldS pyrlang.interpreter.register.Y_Register.inst_addr_top 16>)
+306: i41 = int_add(i39, 1)
+310: i42 = getfield_gc(p24, descr=<FieldS pyrlang.interpreter.register.Y_Register.inst_addr_size 8>)
+314: setfield_gc(p24, i41, descr=<FieldS pyrlang.interpreter.register.Y_Register.inst_addr_top 16>)
+318: i43 = int_ge(i41, i42)
guard_false(i43, descr=<Guard0x10076bca8>) [i0, p3, p4, i42, p24, p6, p7, p8, p9, p10, p11, p12, p13, p14, p15, p16, p17, p18, p19, i31]
+327: p44 = getfield_gc(p24, descr=<FieldP pyrlang.interpreter.register.Y_Register.inst_addrs 24>)
+331: i46 = int_lt(i41, 0)
guard_false(i46, descr=<Guard0x10076bc50>) [i0, p3, p4, i41, p44, p6, p7, p8, p9, p10, p11, p12, p13, p14, p15, p16, p17, p18, p19, i31]
+384: setarrayitem_gc(p44, i41, ConstPtr(ptr47), descr=<ArrayP 8>)
+399: i49 = int_sub(i0, 1)
debug_merge_point(0, 0, '3 label 2')
+410: i51 = int_ge(i42, 1)
guard_true(i51, descr=<Guard0x10076bbf8>) [i49, p24, p3, p4, p6, p7, p8, p9, p10, p11, p12, p13, p14, p15, p16, p17, p18, p19, i31]
+420: jump(i49, p4, p3, p24, i31, p6, p7, p8, p9, p10, p11, p12, p13, p14, p15, p16, p17, p18, p19, p44, i41, p24, i39, p26, i25, i42, descr=TargetToken(4302416232))
+480: --end of the loop--
[157b6a26fbefcc] jit-log-opt-bridge}
[157b6edc807d96] {jit-backend-counts
entry 0:524
TargetToken(4302413856):524
TargetToken(4302413928):322
entry 1:934
TargetToken(4302415584):934
TargetToken(4302415656):433488850
bridge 4302401784:165577947
TargetToken(4302416232):433488846
bridge 4302400200:120
bridge 4302402400:157
bridge 4302404864:165577570
entry 2:154
bridge 4302404248:102332396
TargetToken(4302418320):165577298
bridge 4302747520:102332195
[157b6edc813173] jit-backend-counts}
