[157b75bb484344] {jit-backend-counts
[157b75bb489d03] jit-backend-counts}
[157b75bc47523c] {jit-log-opt-loop
# Loop 0 (3 label 2) : loop with 441 ops
[i0, i1, i2, p3, p4, p5]
+134: p6 = getfield_gc(p4, descr=<FieldP pyrlang.interpreter.register.X_Register.inst_regs 16>)
+145: p8 = getarrayitem_gc(p6, 0, descr=<ArrayP 8>)
+149: p10 = getarrayitem_gc(p6, 1, descr=<ArrayP 8>)
+153: p12 = getarrayitem_gc(p6, 2, descr=<ArrayP 8>)
+157: p14 = getarrayitem_gc(p6, 3, descr=<ArrayP 8>)
+161: p16 = getarrayitem_gc(p6, 4, descr=<ArrayP 8>)
+165: p18 = getarrayitem_gc(p6, 5, descr=<ArrayP 8>)
+169: p20 = getarrayitem_gc(p6, 6, descr=<ArrayP 8>)
+173: p22 = getarrayitem_gc(p6, 7, descr=<ArrayP 8>)
+177: p24 = getarrayitem_gc(p6, 8, descr=<ArrayP 8>)
+181: p26 = getarrayitem_gc(p6, 9, descr=<ArrayP 8>)
+185: p28 = getarrayitem_gc(p6, 10, descr=<ArrayP 8>)
+189: p30 = getarrayitem_gc(p6, 11, descr=<ArrayP 8>)
+193: p32 = getarrayitem_gc(p6, 12, descr=<ArrayP 8>)
+204: p34 = getarrayitem_gc(p6, 13, descr=<ArrayP 8>)
+215: p36 = getarrayitem_gc(p6, 14, descr=<ArrayP 8>)
+229: p38 = getarrayitem_gc(p6, 15, descr=<ArrayP 8>)
+243: label(i0, i1, i2, p3, p4, p5, p8, p10, p12, p14, p16, p18, p20, p22, p24, p26, p28, p30, p32, p34, p36, p38, descr=TargetToken(4302413856))
debug_merge_point(0, 0, '3 label 2')
+333: p39 = getfield_gc(p3, descr=<FieldP pyrlang.interpreter.interp.Process.inst_y_reg 80>)
debug_merge_point(0, 0, '4 is_lt L3. x(0). #0')
+344: p40 = getfield_gc(p3, descr=<FieldP pyrlang.interpreter.interp.Process.inst_x_reg 72>)
+348: i41 = ptr_eq(p40, p4)
guard_true(i41, descr=<Guard0x100712650>) [i2, i1, i0, p4, p3, p40, p8, p10, p12, p14, p16, p18, p20, p22, p24, p26, p28, p30, p32, p34, p36, p38]
+361: guard_class(p8, ConstClass(W_IntObject), descr=<Guard0x10074a808>) [i2, i1, i0, p4, p3, p8, p10, p12, p14, p16, p18, p20, p22, p24, p26, p28, p30, p32, p34, p36, p38]
+373: i43 = getfield_gc_pure(p8, descr=<FieldS pyrlang.interpreter.datatypes.number.W_IntObject.inst_intval 8>)
+377: i45 = int_lt(i43, 2)
guard_true(i45, descr=<Guard0x10074a7b0>) [i2, i1, i0, p4, p3, p8, p10, p12, p14, p16, p18, p20, p22, p24, p26, p28, p30, p32, p34, p36, p38]
debug_merge_point(0, 0, '5 move #1. x(0)')
debug_merge_point(0, 0, '6 return ')
+387: i46 = getfield_gc(p39, descr=<FieldS pyrlang.interpreter.register.Y_Register.inst_addr_top 16>)
+391: i48 = int_eq(i46, -1)
guard_false(i48, descr=<Guard0x10074a758>) [i0, i2, i1, p39, p4, p3, p10, p12, p14, p16, p18, p20, p22, p24, p26, p28, p30, p32, p34, p36, p38]
+401: p49 = getfield_gc(p39, descr=<FieldP pyrlang.interpreter.register.Y_Register.inst_addrs 24>)
+405: i51 = int_lt(i46, 0)
guard_false(i51, descr=<Guard0x10074a700>) [i46, i0, i2, i1, p39, p49, p4, p3, p10, p12, p14, p16, p18, p20, p22, p24, p26, p28, p30, p32, p34, p36, p38]
+415: p52 = getarrayitem_gc(p49, i46, descr=<ArrayP 8>)
+420: i54 = int_sub(i46, 1)
+424: p55 = getfield_gc_pure(p52, descr=<FieldP tuple2.item0 8>)
+428: i56 = getfield_gc_pure(p52, descr=<FieldS tuple2.item1 16>)
+432: setfield_gc(p39, i54, descr=<FieldS pyrlang.interpreter.register.Y_Register.inst_addr_top 16>)
+436: i58 = int_eq(7, i0)
guard_false(i58, descr=<Guard0x10074a6a8>) [i0, i2, i1, i56, p4, p3, p55, p10, p12, p14, p16, p18, p20, p22, p24, p26, p28, p30, p32, p34, p36, p38]
+450: guard_value(i56, 15, descr=<Guard0x10074a650>) [i2, i1, i56, p39, p4, p3, p55, p10, p12, p14, p16, p18, p20, p22, p24, p26, p28, p30, p32, p34, p36, p38]
+460: guard_value(p55, ConstPtr(ptr60), descr=<Guard0x10074a5f8>) [i2, i1, p39, p4, p3, p55, p10, p12, p14, p16, p18, p20, p22, p24, p26, p28, p30, p32, p34, p36, p38]
debug_merge_point(0, 0, '15 line 2')
debug_merge_point(0, 0, '16 gc_bif2 L0. 1. 0. y(0). #0. x(1)')
+479: i61 = getfield_gc(p39, descr=<FieldS pyrlang.interpreter.register.Y_Register.inst_val_top 40>)
+483: p62 = getfield_gc(p39, descr=<FieldP pyrlang.interpreter.register.Y_Register.inst_vals 48>)
+487: p63 = getarrayitem_gc(p62, i61, descr=<ArrayP 8>)
+492: guard_class(p63, ConstClass(W_IntObject), descr=<Guard0x10074a5a0>) [i2, i1, p4, p3, p63, p10, p12, p14, p16, p18, p20, p22, p24, p26, p28, p30, p32, p34, p36, p38]
+504: i65 = getfield_gc_pure(p63, descr=<FieldS pyrlang.interpreter.datatypes.number.W_IntObject.inst_intval 8>)
+508: i67 = int_sub_ovf(i65, 2)
guard_no_overflow(descr=<Guard0x10074a548>) [i2, i1, p4, p3, i67, p63, p10, p12, p14, p16, p18, p20, p22, p24, p26, p28, p30, p32, p34, p36, p38]
debug_merge_point(0, 0, '17 move x(0). y(0)')
+518: i69 = int_lt(i61, 0)
guard_false(i69, descr=<Guard0x10074a4f0>) [i2, i1, p4, p3, i61, p62, p12, p14, p16, p18, p20, p22, p24, p26, p28, p30, p32, p34, p36, p38, i67]
+569: setarrayitem_gc(p62, i61, ConstPtr(ptr70), descr=<ArrayP 8>)
debug_merge_point(0, 0, '18 move x(1). x(0)')
debug_merge_point(0, 0, '19 line 2')
debug_merge_point(0, 0, '20 call 1. L2')
+584: i71 = getfield_gc(p39, descr=<FieldS pyrlang.interpreter.register.Y_Register.inst_addr_size 8>)
+588: setfield_gc(p39, i46, descr=<FieldS pyrlang.interpreter.register.Y_Register.inst_addr_top 16>)
+592: i72 = int_ge(i46, i71)
guard_false(i72, descr=<Guard0x10074a498>) [i2, i1, p4, p3, i71, p39, p12, p14, p16, p18, p20, p22, p24, p26, p28, p30, p32, p34, p36, p38, i67]
+640: setarrayitem_gc(p49, i46, ConstPtr(ptr73), descr=<ArrayP 8>)
+655: i75 = int_sub(i1, 1)
+666: guard_true(i2, descr=<Guard0x10074a440>) [i75, p4, p3, p12, p14, p16, p18, p20, p22, p24, p26, p28, p30, p32, p34, p36, p38, i67]
debug_merge_point(0, 0, '3 label 2')
debug_merge_point(0, 0, '4 is_lt L3. x(0). #0')
+682: i77 = int_lt(i67, 2)
guard_true(i77, descr=<Guard0x10074a3e8>) [i75, p4, p3, p12, p14, p16, p18, p20, p22, p24, p26, p28, p30, p32, p34, p36, p38, i67]
debug_merge_point(0, 0, '5 move #1. x(0)')
debug_merge_point(0, 0, '6 return ')
+692: p78 = getarrayitem_gc(p49, i46, descr=<ArrayP 8>)
+697: p79 = getfield_gc_pure(p78, descr=<FieldP tuple2.item0 8>)
+701: i80 = getfield_gc_pure(p78, descr=<FieldS tuple2.item1 16>)
+705: setfield_gc(p39, i54, descr=<FieldS pyrlang.interpreter.register.Y_Register.inst_addr_top 16>)
+709: guard_value(i80, 21, descr=<Guard0x10074a390>) [i75, i80, p39, p4, p3, p79, p12, p14, p16, p18, p20, p22, p24, p26, p28, p30, p32, p34, p36, p38, i67]
+719: guard_value(p79, ConstPtr(ptr82), descr=<Guard0x10074a338>) [i75, p39, p4, p3, p79, p12, p14, p16, p18, p20, p22, p24, p26, p28, p30, p32, p34, p36, p38, i67]
debug_merge_point(0, 0, '21 line 2')
debug_merge_point(0, 0, '22 gc_bif2 L0. 1. 1. y(0). x(0). x(0)')
+738: p83 = getarrayitem_gc(p62, i61, descr=<ArrayP 8>)
+743: guard_class(p83, ConstClass(W_IntObject), descr=<Guard0x10074a2e0>) [i75, p4, p3, p83, p12, p14, p16, p18, p20, p22, p24, p26, p28, p30, p32, p34, p36, p38, i67]
+755: i85 = getfield_gc_pure(p83, descr=<FieldS pyrlang.interpreter.datatypes.number.W_IntObject.inst_intval 8>)
+759: i87 = int_add_ovf(i85, 1)
guard_no_overflow(descr=<Guard0x10074a288>) [i75, p4, p3, i87, p83, p12, p14, p16, p18, p20, p22, p24, p26, p28, p30, p32, p34, p36, p38, i67]
debug_merge_point(0, 0, '23 deallocate 1')
+769: i89 = int_sub(i61, 1)
debug_merge_point(0, 0, '24 return ')
+773: setfield_gc(p39, i89, descr=<FieldS pyrlang.interpreter.register.Y_Register.inst_val_top 40>)
+777: i91 = int_eq(i54, -1)
guard_false(i91, descr=<Guard0x10074a230>) [i75, p39, p4, p3, p12, p14, p16, p18, p20, p22, p24, p26, p28, p30, p32, p34, p36, p38, i87, i67]
+787: i93 = int_lt(i54, 0)
guard_false(i93, descr=<Guard0x10074a1d8>) [i54, i75, p39, p49, p4, p3, p12, p14, p16, p18, p20, p22, p24, p26, p28, p30, p32, p34, p36, p38, i87, i67]
+797: p94 = getarrayitem_gc(p49, i54, descr=<ArrayP 8>)
+802: i96 = int_sub(i54, 1)
+806: p97 = getfield_gc_pure(p94, descr=<FieldP tuple2.item0 8>)
+810: i98 = getfield_gc_pure(p94, descr=<FieldS tuple2.item1 16>)
+814: setfield_gc(p39, i96, descr=<FieldS pyrlang.interpreter.register.Y_Register.inst_addr_top 16>)
+818: guard_value(i98, 15, descr=<Guard0x10074a180>) [i75, i98, p39, p4, p3, p97, p12, p14, p16, p18, p20, p22, p24, p26, p28, p30, p32, p34, p36, p38, i87, i67]
+828: guard_value(p97, ConstPtr(ptr100), descr=<Guard0x10074a128>) [i75, p39, p4, p3, p97, p12, p14, p16, p18, p20, p22, p24, p26, p28, p30, p32, p34, p36, p38, i87, i67]
debug_merge_point(0, 0, '15 line 2')
debug_merge_point(0, 0, '16 gc_bif2 L0. 1. 0. y(0). #0. x(1)')
+847: p101 = getarrayitem_gc(p62, i89, descr=<ArrayP 8>)
+852: guard_class(p101, ConstClass(W_IntObject), descr=<Guard0x10074a0d0>) [i75, p4, p3, p101, p12, p14, p16, p18, p20, p22, p24, p26, p28, p30, p32, p34, p36, p38, i87, i67]
+864: i103 = getfield_gc_pure(p101, descr=<FieldS pyrlang.interpreter.datatypes.number.W_IntObject.inst_intval 8>)
+868: i105 = int_sub_ovf(i103, 2)
guard_no_overflow(descr=<Guard0x10074a078>) [i75, p4, p3, i105, p101, p12, p14, p16, p18, p20, p22, p24, p26, p28, p30, p32, p34, p36, p38, i87, i67]
debug_merge_point(0, 0, '17 move x(0). y(0)')
+878: i107 = int_lt(i89, 0)
guard_false(i107, descr=<Guard0x10074a020>) [i75, p4, p3, i89, p62, p12, p14, p16, p18, p20, p22, p24, p26, p28, p30, p32, p34, p36, p38, i105, i87, None]
p110 = new_with_vtable(ConstClass(W_IntObject))
+974: setfield_gc(p110, i87, descr=<FieldS pyrlang.interpreter.datatypes.number.W_IntObject.inst_intval 8>)
+1026: setarrayitem_gc(p62, i89, p110, descr=<ArrayP 8>)
debug_merge_point(0, 0, '18 move x(1). x(0)')
debug_merge_point(0, 0, '19 line 2')
debug_merge_point(0, 0, '20 call 1. L2')
+1031: setfield_gc(p39, i54, descr=<FieldS pyrlang.interpreter.register.Y_Register.inst_addr_top 16>)
+1035: i111 = int_ge(i54, i71)
guard_false(i111, descr=<Guard0x100713f68>) [i75, p4, p3, i71, p39, p12, p14, p16, p18, p20, p22, p24, p26, p28, p30, p32, p34, p36, p38, i105]
+1083: setarrayitem_gc(p49, i54, ConstPtr(ptr112), descr=<ArrayP 8>)
+1098: i114 = int_sub(i75, 1)
debug_merge_point(0, 0, '3 label 2')
debug_merge_point(0, 0, '4 is_lt L3. x(0). #0')
+1103: i116 = int_lt(i105, 2)
guard_true(i116, descr=<Guard0x100713f10>) [i114, p4, p3, p12, p14, p16, p18, p20, p22, p24, p26, p28, p30, p32, p34, p36, p38, i105]
debug_merge_point(0, 0, '5 move #1. x(0)')
debug_merge_point(0, 0, '6 return ')
+1113: p117 = getarrayitem_gc(p49, i54, descr=<ArrayP 8>)
+1118: p118 = getfield_gc_pure(p117, descr=<FieldP tuple2.item0 8>)
+1123: i119 = getfield_gc_pure(p117, descr=<FieldS tuple2.item1 16>)
+1128: setfield_gc(p39, i96, descr=<FieldS pyrlang.interpreter.register.Y_Register.inst_addr_top 16>)
+1132: guard_value(i119, 21, descr=<Guard0x100713eb8>) [i114, i119, p39, p4, p3, p118, p12, p14, p16, p18, p20, p22, p24, p26, p28, p30, p32, p34, p36, p38, i105]
+1142: guard_value(p118, ConstPtr(ptr121), descr=<Guard0x100713e60>) [i114, p39, p4, p3, p118, p12, p14, p16, p18, p20, p22, p24, p26, p28, p30, p32, p34, p36, p38, i105]
debug_merge_point(0, 0, '21 line 2')
debug_merge_point(0, 0, '22 gc_bif2 L0. 1. 1. y(0). x(0). x(0)')
+1161: p122 = getarrayitem_gc(p62, i89, descr=<ArrayP 8>)
+1166: guard_class(p122, ConstClass(W_IntObject), descr=<Guard0x100713e08>) [i114, p4, p3, p122, p12, p14, p16, p18, p20, p22, p24, p26, p28, p30, p32, p34, p36, p38, i105]
+1180: i124 = getfield_gc_pure(p122, descr=<FieldS pyrlang.interpreter.datatypes.number.W_IntObject.inst_intval 8>)
+1184: i126 = int_add_ovf(i124, 1)
guard_no_overflow(descr=<Guard0x100713db0>) [i114, p4, p3, i126, p122, p12, p14, p16, p18, p20, p22, p24, p26, p28, p30, p32, p34, p36, p38, i105]
debug_merge_point(0, 0, '23 deallocate 1')
+1194: i128 = int_sub(i89, 1)
debug_merge_point(0, 0, '24 return ')
+1198: setfield_gc(p39, i128, descr=<FieldS pyrlang.interpreter.register.Y_Register.inst_val_top 40>)
+1202: i130 = int_eq(i96, -1)
guard_false(i130, descr=<Guard0x100713d58>) [i114, p39, p4, p3, p12, p14, p16, p18, p20, p22, p24, p26, p28, p30, p32, p34, p36, p38, i126, i105]
+1212: i132 = int_lt(i96, 0)
guard_false(i132, descr=<Guard0x100713d00>) [i96, i114, p39, p49, p4, p3, p12, p14, p16, p18, p20, p22, p24, p26, p28, p30, p32, p34, p36, p38, i126, i105]
+1222: p133 = getarrayitem_gc(p49, i96, descr=<ArrayP 8>)
+1227: i135 = int_sub(i96, 1)
+1238: p136 = getfield_gc_pure(p133, descr=<FieldP tuple2.item0 8>)
+1250: i137 = getfield_gc_pure(p133, descr=<FieldS tuple2.item1 16>)
+1262: setfield_gc(p39, i135, descr=<FieldS pyrlang.interpreter.register.Y_Register.inst_addr_top 16>)
+1266: guard_value(i137, 21, descr=<Guard0x100713ca8>) [i114, i137, p39, p4, p3, p136, p12, p14, p16, p18, p20, p22, p24, p26, p28, p30, p32, p34, p36, p38, i126, i105]
+1276: guard_value(p136, ConstPtr(ptr139), descr=<Guard0x100713c50>) [i114, p39, p4, p3, p136, p12, p14, p16, p18, p20, p22, p24, p26, p28, p30, p32, p34, p36, p38, i126, i105]
debug_merge_point(0, 0, '21 line 2')
debug_merge_point(0, 0, '22 gc_bif2 L0. 1. 1. y(0). x(0). x(0)')
+1295: p140 = getarrayitem_gc(p62, i128, descr=<ArrayP 8>)
+1307: guard_class(p140, ConstClass(W_IntObject), descr=<Guard0x100713bf8>) [i114, p4, p3, p140, p12, p14, p16, p18, p20, p22, p24, p26, p28, p30, p32, p34, p36, p38, i126, i105]
+1319: i142 = getfield_gc_pure(p140, descr=<FieldS pyrlang.interpreter.datatypes.number.W_IntObject.inst_intval 8>)
+1323: i143 = int_add_ovf(i142, i126)
guard_no_overflow(descr=<Guard0x100713ba0>) [i114, p4, p3, i143, p140, p12, p14, p16, p18, p20, p22, p24, p26, p28, p30, p32, p34, p36, p38, i126, i105]
debug_merge_point(0, 0, '23 deallocate 1')
+1332: i145 = int_sub(i128, 1)
debug_merge_point(0, 0, '24 return ')
+1336: setfield_gc(p39, i145, descr=<FieldS pyrlang.interpreter.register.Y_Register.inst_val_top 40>)
+1340: i147 = int_eq(i135, -1)
guard_false(i147, descr=<Guard0x100713b48>) [i114, p39, p4, p3, p12, p14, p16, p18, p20, p22, p24, p26, p28, p30, p32, p34, p36, p38, i143, None, i105]
+1350: i149 = int_lt(i135, 0)
guard_false(i149, descr=<Guard0x100713af0>) [i135, i114, p39, p49, p4, p3, p12, p14, p16, p18, p20, p22, p24, p26, p28, p30, p32, p34, p36, p38, i143, None, i105]
+1360: p150 = getarrayitem_gc(p49, i135, descr=<ArrayP 8>)
+1379: i152 = int_sub(i135, 1)
+1390: p153 = getfield_gc_pure(p150, descr=<FieldP tuple2.item0 8>)
+1401: i154 = getfield_gc_pure(p150, descr=<FieldS tuple2.item1 16>)
+1405: setfield_gc(p39, i152, descr=<FieldS pyrlang.interpreter.register.Y_Register.inst_addr_top 16>)
+1409: guard_value(i154, 15, descr=<Guard0x100713a98>) [i114, i154, p39, p4, p3, p153, p12, p14, p16, p18, p20, p22, p24, p26, p28, p30, p32, p34, p36, p38, i143, None, i105]
+1419: guard_value(p153, ConstPtr(ptr156), descr=<Guard0x100713a40>) [i114, p39, p4, p3, p153, p12, p14, p16, p18, p20, p22, p24, p26, p28, p30, p32, p34, p36, p38, i143, None, i105]
debug_merge_point(0, 0, '15 line 2')
debug_merge_point(0, 0, '16 gc_bif2 L0. 1. 0. y(0). #0. x(1)')
+1438: p157 = getarrayitem_gc(p62, i145, descr=<ArrayP 8>)
+1450: guard_class(p157, ConstClass(W_IntObject), descr=<Guard0x1007139e8>) [i114, p4, p3, p157, p12, p14, p16, p18, p20, p22, p24, p26, p28, p30, p32, p34, p36, p38, i143, None, i105]
+1463: i159 = getfield_gc_pure(p157, descr=<FieldS pyrlang.interpreter.datatypes.number.W_IntObject.inst_intval 8>)
+1467: i161 = int_sub_ovf(i159, 2)
guard_no_overflow(descr=<Guard0x100713990>) [i114, p4, p3, i161, p157, p12, p14, p16, p18, p20, p22, p24, p26, p28, p30, p32, p34, p36, p38, i143, None, i105]
debug_merge_point(0, 0, '17 move x(0). y(0)')
+1477: i163 = int_lt(i145, 0)
guard_false(i163, descr=<Guard0x100713938>) [i114, p4, p3, i145, p62, p12, p14, p16, p18, p20, p22, p24, p26, p28, p30, p32, p34, p36, p38, i161, i143, None, None]
p165 = new_with_vtable(ConstClass(W_IntObject))
+1498: setfield_gc(p165, i143, descr=<FieldS pyrlang.interpreter.datatypes.number.W_IntObject.inst_intval 8>)
+1541: setarrayitem_gc(p62, i145, p165, descr=<ArrayP 8>)
debug_merge_point(0, 0, '18 move x(1). x(0)')
debug_merge_point(0, 0, '19 line 2')
debug_merge_point(0, 0, '20 call 1. L2')
+1546: setfield_gc(p39, i135, descr=<FieldS pyrlang.interpreter.register.Y_Register.inst_addr_top 16>)
+1557: i166 = int_ge(i135, i71)
guard_false(i166, descr=<Guard0x1007138e0>) [i114, p4, p3, i71, p39, p12, p14, p16, p18, p20, p22, p24, p26, p28, p30, p32, p34, p36, p38, i161]
+1609: setarrayitem_gc(p49, i135, ConstPtr(ptr167), descr=<ArrayP 8>)
+1624: i169 = int_sub(i114, 1)
debug_merge_point(0, 0, '3 label 2')
debug_merge_point(0, 0, '4 is_lt L3. x(0). #0')
+1628: i171 = int_lt(i161, 2)
guard_false(i171, descr=<Guard0x100713888>) [i169, p4, p3, p12, p14, p16, p18, p20, p22, p24, p26, p28, p30, p32, p34, p36, p38, i161]
debug_merge_point(0, 0, '7 label 3')
debug_merge_point(0, 0, '8 allocate_zero 1. 1')
+1638: i172 = getfield_gc(p39, descr=<FieldS pyrlang.interpreter.register.Y_Register.inst_val_size 32>)
+1642: setfield_gc(p39, i128, descr=<FieldS pyrlang.interpreter.register.Y_Register.inst_val_top 40>)
+1653: i173 = int_ge(i128, i172)
guard_false(i173, descr=<Guard0x100713830>) [i169, p4, p3, i128, i172, p39, p12, p14, p16, p18, p20, p22, p24, p26, p28, p30, p32, p34, p36, p38, i161]
+1662: setarrayitem_gc(p62, i128, ConstPtr(ptr174), descr=<ArrayP 8>)
debug_merge_point(0, 0, '9 line 2')
debug_merge_point(0, 0, '10 gc_bif2 L0. 1. 0. x(0). #1. x(1)')
+1677: i176 = int_sub(i161, 1)
debug_merge_point(0, 0, '11 move x(0). y(0)')
p178 = new_with_vtable(ConstClass(W_IntObject))
+1699: setfield_gc(p178, i161, descr=<FieldS pyrlang.interpreter.datatypes.number.W_IntObject.inst_intval 8>)
+1742: setarrayitem_gc(p62, i128, p178, descr=<ArrayP 8>)
debug_merge_point(0, 0, '12 move x(1). x(0)')
debug_merge_point(0, 0, '13 line 2')
debug_merge_point(0, 0, '14 call 1. L2')
+1747: setfield_gc(p39, i96, descr=<FieldS pyrlang.interpreter.register.Y_Register.inst_addr_top 16>)
+1758: i179 = int_ge(i96, i71)
guard_false(i179, descr=<Guard0x1007137d8>) [i169, p4, p3, i71, p39, p12, p14, p16, p18, p20, p22, p24, p26, p28, p30, p32, p34, p36, p38, i176]
+1819: setarrayitem_gc(p49, i96, ConstPtr(ptr180), descr=<ArrayP 8>)
+1834: i182 = int_sub(i169, 1)
debug_merge_point(0, 0, '3 label 2')
debug_merge_point(0, 0, '4 is_lt L3. x(0). #0')
+1845: i184 = int_lt(i176, 2)
guard_false(i184, descr=<Guard0x100713780>) [i182, p4, p3, p12, p14, p16, p18, p20, p22, p24, p26, p28, p30, p32, p34, p36, p38, i176]
debug_merge_point(0, 0, '7 label 3')
debug_merge_point(0, 0, '8 allocate_zero 1. 1')
+1855: setfield_gc(p39, i89, descr=<FieldS pyrlang.interpreter.register.Y_Register.inst_val_top 40>)
+1859: i185 = int_ge(i89, i172)
guard_false(i185, descr=<Guard0x100713728>) [i182, p4, p3, i89, i172, p39, p12, p14, p16, p18, p20, p22, p24, p26, p28, p30, p32, p34, p36, p38, i176]
+1868: setarrayitem_gc(p62, i89, ConstPtr(ptr174), descr=<ArrayP 8>)
debug_merge_point(0, 0, '9 line 2')
debug_merge_point(0, 0, '10 gc_bif2 L0. 1. 0. x(0). #1. x(1)')
+1883: i187 = int_sub(i176, 1)
debug_merge_point(0, 0, '11 move x(0). y(0)')
p189 = new_with_vtable(ConstClass(W_IntObject))
+1898: setfield_gc(p189, i176, descr=<FieldS pyrlang.interpreter.datatypes.number.W_IntObject.inst_intval 8>)
+1950: setarrayitem_gc(p62, i89, p189, descr=<ArrayP 8>)
debug_merge_point(0, 0, '12 move x(1). x(0)')
debug_merge_point(0, 0, '13 line 2')
debug_merge_point(0, 0, '14 call 1. L2')
+1996: setarrayitem_gc(p49, i54, ConstPtr(ptr190), descr=<ArrayP 8>)
+2011: i192 = int_sub(i182, 1)
debug_merge_point(0, 0, '3 label 2')
+2015: setfield_gc(p39, i54, descr=<FieldS pyrlang.interpreter.register.Y_Register.inst_addr_top 16>)
+2019: p193 = same_as(p39)
+2022: label(i192, p3, p4, p39, i187, p12, p14, p16, p18, p20, p22, p24, p26, p28, p30, p32, p34, p36, p38, p49, i54, p193, i96, p62, i89, i135, i128, i152, i145, i71, i172, descr=TargetToken(4302413928))
debug_merge_point(0, 0, '3 label 2')
debug_merge_point(0, 0, '4 is_lt L3. x(0). #0')
+2045: i194 = int_lt(i187, 2)
guard_true(i194, descr=<Guard0x1007136d0>) [i192, p4, p3, p12, p14, p16, p18, p20, p22, p24, p26, p28, p30, p32, p34, p36, p38, i187]
debug_merge_point(0, 0, '5 move #1. x(0)')
debug_merge_point(0, 0, '6 return ')
+2055: p195 = getarrayitem_gc(p49, i54, descr=<ArrayP 8>)
+2060: p196 = getfield_gc_pure(p195, descr=<FieldP tuple2.item0 8>)
+2064: i197 = getfield_gc_pure(p195, descr=<FieldS tuple2.item1 16>)
+2068: setfield_gc(p193, i96, descr=<FieldS pyrlang.interpreter.register.Y_Register.inst_addr_top 16>)
+2072: guard_value(i197, 15, descr=<Guard0x100713678>) [i192, i197, p193, p4, p3, p196, p12, p14, p16, p18, p20, p22, p24, p26, p28, p30, p32, p34, p36, p38, None]
+2082: guard_value(p196, ConstPtr(ptr60), descr=<Guard0x100713620>) [i192, p193, p4, p3, p196, p12, p14, p16, p18, p20, p22, p24, p26, p28, p30, p32, p34, p36, p38, None]
debug_merge_point(0, 0, '15 line 2')
debug_merge_point(0, 0, '16 gc_bif2 L0. 1. 0. y(0). #0. x(1)')
+2101: p198 = getarrayitem_gc(p62, i89, descr=<ArrayP 8>)
+2106: guard_class(p198, ConstClass(W_IntObject), descr=<Guard0x1007135c8>) [i192, p4, p3, p198, p12, p14, p16, p18, p20, p22, p24, p26, p28, p30, p32, p34, p36, p38, None]
+2119: i199 = getfield_gc_pure(p198, descr=<FieldS pyrlang.interpreter.datatypes.number.W_IntObject.inst_intval 8>)
+2123: i200 = int_sub_ovf(i199, 2)
guard_no_overflow(descr=<Guard0x100713570>) [i192, p4, p3, i200, p198, p12, p14, p16, p18, p20, p22, p24, p26, p28, p30, p32, p34, p36, p38, None]
debug_merge_point(0, 0, '17 move x(0). y(0)')
+2174: setarrayitem_gc(p62, i89, ConstPtr(ptr70), descr=<ArrayP 8>)
debug_merge_point(0, 0, '18 move x(1). x(0)')
debug_merge_point(0, 0, '19 line 2')
debug_merge_point(0, 0, '20 call 1. L2')
+2230: setarrayitem_gc(p49, i54, ConstPtr(ptr201), descr=<ArrayP 8>)
+2245: i202 = int_sub(i192, 1)
debug_merge_point(0, 0, '3 label 2')
debug_merge_point(0, 0, '4 is_lt L3. x(0). #0')
+2249: setfield_gc(p193, i54, descr=<FieldS pyrlang.interpreter.register.Y_Register.inst_addr_top 16>)
+2253: i203 = int_lt(i200, 2)
guard_true(i203, descr=<Guard0x100713518>) [i202, p4, p3, p12, p14, p16, p18, p20, p22, p24, p26, p28, p30, p32, p34, p36, p38, i200]
debug_merge_point(0, 0, '5 move #1. x(0)')
debug_merge_point(0, 0, '6 return ')
+2263: p204 = getarrayitem_gc(p49, i54, descr=<ArrayP 8>)
+2268: p205 = getfield_gc_pure(p204, descr=<FieldP tuple2.item0 8>)
+2272: i206 = getfield_gc_pure(p204, descr=<FieldS tuple2.item1 16>)
+2276: setfield_gc(p193, i96, descr=<FieldS pyrlang.interpreter.register.Y_Register.inst_addr_top 16>)
+2280: guard_value(i206, 21, descr=<Guard0x1007134c0>) [i202, i206, p193, p4, p3, p205, p12, p14, p16, p18, p20, p22, p24, p26, p28, p30, p32, p34, p36, p38, i200]
+2290: guard_value(p205, ConstPtr(ptr82), descr=<Guard0x100713468>) [i202, p193, p4, p3, p205, p12, p14, p16, p18, p20, p22, p24, p26, p28, p30, p32, p34, p36, p38, i200]
debug_merge_point(0, 0, '21 line 2')
debug_merge_point(0, 0, '22 gc_bif2 L0. 1. 1. y(0). x(0). x(0)')
+2309: p207 = getarrayitem_gc(p62, i89, descr=<ArrayP 8>)
+2314: guard_class(p207, ConstClass(W_IntObject), descr=<Guard0x100713410>) [i202, p4, p3, p207, p12, p14, p16, p18, p20, p22, p24, p26, p28, p30, p32, p34, p36, p38, i200]
+2326: i208 = getfield_gc_pure(p207, descr=<FieldS pyrlang.interpreter.datatypes.number.W_IntObject.inst_intval 8>)
+2330: i209 = int_add_ovf(i208, 1)
guard_no_overflow(descr=<Guard0x1007133b8>) [i202, p4, p3, i209, p207, p12, p14, p16, p18, p20, p22, p24, p26, p28, p30, p32, p34, p36, p38, i200]
debug_merge_point(0, 0, '23 deallocate 1')
debug_merge_point(0, 0, '24 return ')
+2340: p210 = getarrayitem_gc(p49, i96, descr=<ArrayP 8>)
+2345: p211 = getfield_gc_pure(p210, descr=<FieldP tuple2.item0 8>)
+2349: i212 = getfield_gc_pure(p210, descr=<FieldS tuple2.item1 16>)
+2353: setfield_gc(p193, i135, descr=<FieldS pyrlang.interpreter.register.Y_Register.inst_addr_top 16>)
+2357: setfield_gc(p193, i128, descr=<FieldS pyrlang.interpreter.register.Y_Register.inst_val_top 40>)
+2361: guard_value(i212, 15, descr=<Guard0x100713360>) [i202, i212, p193, p4, p3, p211, p12, p14, p16, p18, p20, p22, p24, p26, p28, p30, p32, p34, p36, p38, i209, i200]
+2371: guard_value(p211, ConstPtr(ptr100), descr=<Guard0x100713308>) [i202, p193, p4, p3, p211, p12, p14, p16, p18, p20, p22, p24, p26, p28, p30, p32, p34, p36, p38, i209, i200]
debug_merge_point(0, 0, '15 line 2')
debug_merge_point(0, 0, '16 gc_bif2 L0. 1. 0. y(0). #0. x(1)')
+2390: p213 = getarrayitem_gc(p62, i128, descr=<ArrayP 8>)
+2395: guard_class(p213, ConstClass(W_IntObject), descr=<Guard0x1007132b0>) [i202, p4, p3, p213, p12, p14, p16, p18, p20, p22, p24, p26, p28, p30, p32, p34, p36, p38, i209, i200]
+2407: i214 = getfield_gc_pure(p213, descr=<FieldS pyrlang.interpreter.datatypes.number.W_IntObject.inst_intval 8>)
+2411: i215 = int_sub_ovf(i214, 2)
guard_no_overflow(descr=<Guard0x100713258>) [i202, p4, p3, i215, p213, p12, p14, p16, p18, p20, p22, p24, p26, p28, p30, p32, p34, p36, p38, i209, i200]
debug_merge_point(0, 0, '17 move x(0). y(0)')
p216 = new_with_vtable(ConstClass(W_IntObject))
+2507: setfield_gc(p216, i209, descr=<FieldS pyrlang.interpreter.datatypes.number.W_IntObject.inst_intval 8>)
+2552: setarrayitem_gc(p62, i128, p216, descr=<ArrayP 8>)
debug_merge_point(0, 0, '18 move x(1). x(0)')
debug_merge_point(0, 0, '19 line 2')
debug_merge_point(0, 0, '20 call 1. L2')
+2598: setarrayitem_gc(p49, i96, ConstPtr(ptr217), descr=<ArrayP 8>)
+2613: i218 = int_sub(i202, 1)
debug_merge_point(0, 0, '3 label 2')
debug_merge_point(0, 0, '4 is_lt L3. x(0). #0')
+2617: setfield_gc(p193, i96, descr=<FieldS pyrlang.interpreter.register.Y_Register.inst_addr_top 16>)
+2621: i219 = int_lt(i215, 2)
guard_true(i219, descr=<Guard0x100713200>) [i218, p4, p3, p12, p14, p16, p18, p20, p22, p24, p26, p28, p30, p32, p34, p36, p38, i215]
debug_merge_point(0, 0, '5 move #1. x(0)')
debug_merge_point(0, 0, '6 return ')
+2631: p220 = getarrayitem_gc(p49, i96, descr=<ArrayP 8>)
+2636: p221 = getfield_gc_pure(p220, descr=<FieldP tuple2.item0 8>)
+2640: i222 = getfield_gc_pure(p220, descr=<FieldS tuple2.item1 16>)
+2644: setfield_gc(p193, i135, descr=<FieldS pyrlang.interpreter.register.Y_Register.inst_addr_top 16>)
+2648: guard_value(i222, 21, descr=<Guard0x1007131a8>) [i218, i222, p193, p4, p3, p221, p12, p14, p16, p18, p20, p22, p24, p26, p28, p30, p32, p34, p36, p38, i215]
+2658: guard_value(p221, ConstPtr(ptr121), descr=<Guard0x100713150>) [i218, p193, p4, p3, p221, p12, p14, p16, p18, p20, p22, p24, p26, p28, p30, p32, p34, p36, p38, i215]
debug_merge_point(0, 0, '21 line 2')
debug_merge_point(0, 0, '22 gc_bif2 L0. 1. 1. y(0). x(0). x(0)')
+2677: p223 = getarrayitem_gc(p62, i128, descr=<ArrayP 8>)
+2682: guard_class(p223, ConstClass(W_IntObject), descr=<Guard0x1007130f8>) [i218, p4, p3, p223, p12, p14, p16, p18, p20, p22, p24, p26, p28, p30, p32, p34, p36, p38, i215]
+2694: i224 = getfield_gc_pure(p223, descr=<FieldS pyrlang.interpreter.datatypes.number.W_IntObject.inst_intval 8>)
+2698: i225 = int_add_ovf(i224, 1)
guard_no_overflow(descr=<Guard0x1007130a0>) [i218, p4, p3, i225, p223, p12, p14, p16, p18, p20, p22, p24, p26, p28, p30, p32, p34, p36, p38, i215]
debug_merge_point(0, 0, '23 deallocate 1')
debug_merge_point(0, 0, '24 return ')
+2708: p226 = getarrayitem_gc(p49, i135, descr=<ArrayP 8>)
+2713: p227 = getfield_gc_pure(p226, descr=<FieldP tuple2.item0 8>)
+2717: i228 = getfield_gc_pure(p226, descr=<FieldS tuple2.item1 16>)
+2721: setfield_gc(p193, i152, descr=<FieldS pyrlang.interpreter.register.Y_Register.inst_addr_top 16>)
+2732: setfield_gc(p193, i145, descr=<FieldS pyrlang.interpreter.register.Y_Register.inst_val_top 40>)
+2750: guard_value(i228, 21, descr=<Guard0x100713048>) [i218, i228, p193, p4, p3, p227, p12, p14, p16, p18, p20, p22, p24, p26, p28, p30, p32, p34, p36, p38, i225, i215]
+2760: guard_value(p227, ConstPtr(ptr139), descr=<Guard0x100712ff0>) [i218, p193, p4, p3, p227, p12, p14, p16, p18, p20, p22, p24, p26, p28, p30, p32, p34, p36, p38, i225, i215]
debug_merge_point(0, 0, '21 line 2')
debug_merge_point(0, 0, '22 gc_bif2 L0. 1. 1. y(0). x(0). x(0)')
+2779: p229 = getarrayitem_gc(p62, i145, descr=<ArrayP 8>)
+2784: guard_class(p229, ConstClass(W_IntObject), descr=<Guard0x100712f98>) [i218, p4, p3, p229, p12, p14, p16, p18, p20, p22, p24, p26, p28, p30, p32, p34, p36, p38, i225, i215]
+2797: i230 = getfield_gc_pure(p229, descr=<FieldS pyrlang.interpreter.datatypes.number.W_IntObject.inst_intval 8>)
+2801: i231 = int_add_ovf(i230, i225)
guard_no_overflow(descr=<Guard0x100712f40>) [i218, p4, p3, i231, p229, p12, p14, p16, p18, p20, p22, p24, p26, p28, p30, p32, p34, p36, p38, i225, i215]
debug_merge_point(0, 0, '23 deallocate 1')
+2810: i232 = int_sub(i145, 1)
debug_merge_point(0, 0, '24 return ')
+2815: setfield_gc(p193, i232, descr=<FieldS pyrlang.interpreter.register.Y_Register.inst_val_top 40>)
+2819: i233 = int_eq(i152, -1)
guard_false(i233, descr=<Guard0x100712ee8>) [i218, p193, p4, p3, p12, p14, p16, p18, p20, p22, p24, p26, p28, p30, p32, p34, p36, p38, i231, None, i215]
+2829: i234 = int_lt(i152, 0)
guard_false(i234, descr=<Guard0x100712e90>) [i152, i218, p193, p49, p4, p3, p12, p14, p16, p18, p20, p22, p24, p26, p28, p30, p32, p34, p36, p38, i231, None, i215]
+2839: p235 = getarrayitem_gc(p49, i152, descr=<ArrayP 8>)
+2844: i236 = int_sub(i152, 1)
+2855: p237 = getfield_gc_pure(p235, descr=<FieldP tuple2.item0 8>)
+2866: i238 = getfield_gc_pure(p235, descr=<FieldS tuple2.item1 16>)
+2877: setfield_gc(p193, i236, descr=<FieldS pyrlang.interpreter.register.Y_Register.inst_addr_top 16>)
+2881: guard_value(i238, 15, descr=<Guard0x100712e38>) [i218, i238, p193, p4, p3, p237, p12, p14, p16, p18, p20, p22, p24, p26, p28, p30, p32, p34, p36, p38, i231, None, i215]
+2891: guard_value(p237, ConstPtr(ptr156), descr=<Guard0x100712de0>) [i218, p193, p4, p3, p237, p12, p14, p16, p18, p20, p22, p24, p26, p28, p30, p32, p34, p36, p38, i231, None, i215]
debug_merge_point(0, 0, '15 line 2')
debug_merge_point(0, 0, '16 gc_bif2 L0. 1. 0. y(0). #0. x(1)')
+2910: p239 = getarrayitem_gc(p62, i232, descr=<ArrayP 8>)
+2915: guard_class(p239, ConstClass(W_IntObject), descr=<Guard0x100712d88>) [i218, p4, p3, p239, p12, p14, p16, p18, p20, p22, p24, p26, p28, p30, p32, p34, p36, p38, i231, None, i215]
+2928: i240 = getfield_gc_pure(p239, descr=<FieldS pyrlang.interpreter.datatypes.number.W_IntObject.inst_intval 8>)
+2932: i241 = int_sub_ovf(i240, 2)
guard_no_overflow(descr=<Guard0x100712d30>) [i218, p4, p3, i241, p239, p12, p14, p16, p18, p20, p22, p24, p26, p28, p30, p32, p34, p36, p38, i231, None, i215]
debug_merge_point(0, 0, '17 move x(0). y(0)')
+2942: i242 = int_lt(i232, 0)
guard_false(i242, descr=<Guard0x100712cd8>) [i218, p4, p3, i232, p62, p12, p14, p16, p18, p20, p22, p24, p26, p28, p30, p32, p34, p36, p38, i241, i231, None, None]
p243 = new_with_vtable(ConstClass(W_IntObject))
+2963: setfield_gc(p243, i231, descr=<FieldS pyrlang.interpreter.datatypes.number.W_IntObject.inst_intval 8>)
+3008: setarrayitem_gc(p62, i232, p243, descr=<ArrayP 8>)
debug_merge_point(0, 0, '18 move x(1). x(0)')
debug_merge_point(0, 0, '19 line 2')
debug_merge_point(0, 0, '20 call 1. L2')
+3013: setfield_gc(p193, i152, descr=<FieldS pyrlang.interpreter.register.Y_Register.inst_addr_top 16>)
+3017: i244 = int_ge(i152, i71)
guard_false(i244, descr=<Guard0x100712c80>) [i218, p4, p3, i71, p193, p12, p14, p16, p18, p20, p22, p24, p26, p28, p30, p32, p34, p36, p38, i241]
+3076: setarrayitem_gc(p49, i152, ConstPtr(ptr245), descr=<ArrayP 8>)
+3091: i246 = int_sub(i218, 1)
debug_merge_point(0, 0, '3 label 2')
debug_merge_point(0, 0, '4 is_lt L3. x(0). #0')
+3095: i247 = int_lt(i241, 2)
guard_false(i247, descr=<Guard0x100712c28>) [i246, p4, p3, p12, p14, p16, p18, p20, p22, p24, p26, p28, p30, p32, p34, p36, p38, i241]
debug_merge_point(0, 0, '7 label 3')
debug_merge_point(0, 0, '8 allocate_zero 1. 1')
+3105: setfield_gc(p193, i145, descr=<FieldS pyrlang.interpreter.register.Y_Register.inst_val_top 40>)
+3109: i248 = int_ge(i145, i172)
guard_false(i248, descr=<Guard0x100712bd0>) [i246, p4, p3, i145, i172, p193, p12, p14, p16, p18, p20, p22, p24, p26, p28, p30, p32, p34, p36, p38, i241]
+3122: setarrayitem_gc(p62, i145, ConstPtr(ptr174), descr=<ArrayP 8>)
debug_merge_point(0, 0, '9 line 2')
debug_merge_point(0, 0, '10 gc_bif2 L0. 1. 0. x(0). #1. x(1)')
+3137: i249 = int_sub(i241, 1)
debug_merge_point(0, 0, '11 move x(0). y(0)')
p250 = new_with_vtable(ConstClass(W_IntObject))
+3152: setfield_gc(p250, i241, descr=<FieldS pyrlang.interpreter.datatypes.number.W_IntObject.inst_intval 8>)
+3197: setarrayitem_gc(p62, i145, p250, descr=<ArrayP 8>)
debug_merge_point(0, 0, '12 move x(1). x(0)')
debug_merge_point(0, 0, '13 line 2')
debug_merge_point(0, 0, '14 call 1. L2')
+3248: setarrayitem_gc(p49, i135, ConstPtr(ptr251), descr=<ArrayP 8>)
+3263: i252 = int_sub(i246, 1)
debug_merge_point(0, 0, '3 label 2')
debug_merge_point(0, 0, '4 is_lt L3. x(0). #0')
+3267: setfield_gc(p193, i135, descr=<FieldS pyrlang.interpreter.register.Y_Register.inst_addr_top 16>)
+3271: i253 = int_lt(i249, 2)
guard_false(i253, descr=<Guard0x100712b78>) [i252, p4, p3, p12, p14, p16, p18, p20, p22, p24, p26, p28, p30, p32, p34, p36, p38, i249]
debug_merge_point(0, 0, '7 label 3')
debug_merge_point(0, 0, '8 allocate_zero 1. 1')
+3281: setarrayitem_gc(p62, i128, ConstPtr(ptr174), descr=<ArrayP 8>)
debug_merge_point(0, 0, '9 line 2')
debug_merge_point(0, 0, '10 gc_bif2 L0. 1. 0. x(0). #1. x(1)')
+3303: i254 = int_sub(i249, 1)
debug_merge_point(0, 0, '11 move x(0). y(0)')
p255 = new_with_vtable(ConstClass(W_IntObject))
+3325: setfield_gc(p255, i249, descr=<FieldS pyrlang.interpreter.datatypes.number.W_IntObject.inst_intval 8>)
+3375: setarrayitem_gc(p62, i128, p255, descr=<ArrayP 8>)
debug_merge_point(0, 0, '12 move x(1). x(0)')
debug_merge_point(0, 0, '13 line 2')
debug_merge_point(0, 0, '14 call 1. L2')
+3426: setarrayitem_gc(p49, i96, ConstPtr(ptr256), descr=<ArrayP 8>)
+3441: i257 = int_sub(i252, 1)
debug_merge_point(0, 0, '3 label 2')
+3445: setfield_gc(p193, i96, descr=<FieldS pyrlang.interpreter.register.Y_Register.inst_addr_top 16>)
+3449: setfield_gc(p193, i128, descr=<FieldS pyrlang.interpreter.register.Y_Register.inst_val_top 40>)
+3453: jump(i257, p3, p4, p193, i254, p12, p14, p16, p18, p20, p22, p24, p26, p28, p30, p32, p34, p36, p38, p49, i96, p193, i135, p62, i128, i152, i145, i236, i232, i71, i172, descr=TargetToken(4302413928))
+3520: --end of the loop--
[157b75bc712cf0] jit-log-opt-loop}
[157b75bcb22a45] {jit-log-opt-bridge
# bridge out of Guard 0x10074a7b0 with 62 ops
[i0, i1, i2, p3, p4, p5, p6, p7, p8, p9, p10, p11, p12, p13, p14, p15, p16, p17, p18, p19, p20]
+59: p21 = getfield_gc(p4, descr=<FieldP pyrlang.interpreter.interp.Process.inst_y_reg 80>)
debug_merge_point(0, 0, '7 label 3')
debug_merge_point(0, 0, '8 allocate_zero 1. 1')
+63: i22 = getfield_gc(p21, descr=<FieldS pyrlang.interpreter.register.Y_Register.inst_val_top 40>)
+67: i24 = int_add(i22, 1)
+71: i25 = getfield_gc(p21, descr=<FieldS pyrlang.interpreter.register.Y_Register.inst_val_size 32>)
+75: setfield_gc(p21, i24, descr=<FieldS pyrlang.interpreter.register.Y_Register.inst_val_top 40>)
+79: i26 = int_ge(i24, i25)
guard_false(i26, descr=<Guard0x10074a8b8>) [i0, i1, i2, p3, p4, i24, i25, p21, p5, p6, p7, p8, p9, p10, p11, p12, p13, p14, p15, p16, p17, p18, p19, p20]
+88: p27 = getfield_gc(p21, descr=<FieldP pyrlang.interpreter.register.Y_Register.inst_vals 48>)
+92: i29 = int_lt(i24, 0)
guard_false(i29, descr=<Guard0x10074af40>) [i0, i1, i2, p3, p4, i24, p27, p21, p5, p6, p7, p8, p9, p10, p11, p12, p13, p14, p15, p16, p17, p18, p19, p20]
+102: setarrayitem_gc(p27, i24, ConstPtr(ptr30), descr=<ArrayP 8>)
debug_merge_point(0, 0, '9 line 2')
debug_merge_point(0, 0, '10 gc_bif2 L0. 1. 0. x(0). #1. x(1)')
+117: p31 = getfield_gc(p4, descr=<FieldP pyrlang.interpreter.interp.Process.inst_x_reg 72>)
+121: i32 = ptr_eq(p31, p3)
guard_true(i32, descr=<Guard0x10074aee8>) [i0, i1, i2, p3, p4, p31, p5, p6, p7, p8, p9, p10, p11, p12, p13, p14, p15, p16, p17, p18, p19, p20]
+134: guard_class(p5, ConstClass(W_IntObject), descr=<Guard0x10074ae90>) [i0, i1, i2, p3, p4, p5, p6, p7, p8, p9, p10, p11, p12, p13, p14, p15, p16, p17, p18, p19, p20]
+146: i34 = getfield_gc_pure(p5, descr=<FieldS pyrlang.interpreter.datatypes.number.W_IntObject.inst_intval 8>)
+150: i36 = int_sub_ovf(i34, 1)
guard_no_overflow(descr=<Guard0x10074ae38>) [i0, i1, i2, p3, p4, i36, p5, p6, p7, p8, p9, p10, p11, p12, p13, p14, p15, p16, p17, p18, p19, p20]
debug_merge_point(0, 0, '11 move x(0). y(0)')
+201: setarrayitem_gc(p27, i24, p5, descr=<ArrayP 8>)
debug_merge_point(0, 0, '12 move x(1). x(0)')
debug_merge_point(0, 0, '13 line 2')
debug_merge_point(0, 0, '14 call 1. L2')
+206: i38 = int_eq(15, i2)
+222: i39 = getfield_gc(p21, descr=<FieldS pyrlang.interpreter.register.Y_Register.inst_addr_top 16>)
+226: i41 = int_add(i39, 1)
+230: i42 = getfield_gc(p21, descr=<FieldS pyrlang.interpreter.register.Y_Register.inst_addr_size 8>)
+234: setfield_gc(p21, i41, descr=<FieldS pyrlang.interpreter.register.Y_Register.inst_addr_top 16>)
+238: i43 = int_ge(i41, i42)
guard_false(i43, descr=<Guard0x10074ade0>) [i38, i2, i0, i1, p3, p4, i42, p21, p7, p8, p9, p10, p11, p12, p13, p14, p15, p16, p17, p18, p19, p20, i36]
+247: p44 = getfield_gc(p21, descr=<FieldP pyrlang.interpreter.register.Y_Register.inst_addrs 24>)
+251: i46 = int_lt(i41, 0)
guard_false(i46, descr=<Guard0x10074ad88>) [i38, i2, i0, i1, p3, p4, i41, p44, p7, p8, p9, p10, p11, p12, p13, p14, p15, p16, p17, p18, p19, p20, i36]
+300: setarrayitem_gc(p44, i41, ConstPtr(ptr47), descr=<ArrayP 8>)
+315: i49 = int_sub(i1, 1)
+326: guard_true(i0, descr=<Guard0x10074ad30>) [i38, i2, i49, p3, p4, p7, p8, p9, p10, p11, p12, p13, p14, p15, p16, p17, p18, p19, p20, i36]
+349: guard_true(i38, descr=<Guard0x10074acd8>) [i2, i49, p3, p4, p7, p8, p9, p10, p11, p12, p13, p14, p15, p16, p17, p18, p19, p20, i36]
debug_merge_point(0, 0, '3 label 2')
+358: i51 = int_ge(i36, 1)
guard_true(i51, descr=<Guard0x10074ac80>) [i49, p21, p3, p4, p7, p8, p9, p10, p11, p12, p13, p14, p15, p16, p17, p18, p19, p20, i36]
+368: i53 = int_ge(i41, 2)
guard_true(i53, descr=<Guard0x10074ac28>) [i49, p21, p3, p4, p7, p8, p9, p10, p11, p12, p13, p14, p15, p16, p17, p18, p19, p20, i36]
+378: i55 = int_ge(i24, 2)
guard_true(i55, descr=<Guard0x10074abd0>) [i49, p21, p3, p4, p7, p8, p9, p10, p11, p12, p13, p14, p15, p16, p17, p18, p19, p20, i36]
+388: i57 = int_ge(i42, 2)
guard_true(i57, descr=<Guard0x10074ab78>) [i49, p21, p3, p4, p7, p8, p9, p10, p11, p12, p13, p14, p15, p16, p17, p18, p19, p20, i36]
+398: i59 = int_sub(i39, 1)
+402: i60 = int_ge(i39, i42)
guard_false(i60, descr=<Guard0x10074ab20>) [i49, p21, p3, p4, p7, p8, p9, p10, p11, p12, p13, p14, p15, p16, p17, p18, p19, p20, i36]
+411: i62 = int_sub(i22, 1)
+415: i64 = int_sub(i59, 1)
+426: i66 = int_ge(i25, 3)
guard_true(i66, descr=<Guard0x10074aac8>) [i49, p21, p3, p4, p7, p8, p9, p10, p11, p12, p13, p14, p15, p16, p17, p18, p19, p20, i36]
+436: i67 = int_ge(i59, i42)
guard_false(i67, descr=<Guard0x10074aa70>) [i49, p21, p3, p4, p7, p8, p9, p10, p11, p12, p13, p14, p15, p16, p17, p18, p19, p20, i36]
+445: i68 = int_ge(i22, i25)
guard_false(i68, descr=<Guard0x10074aa18>) [i49, p21, p3, p4, p7, p8, p9, p10, p11, p12, p13, p14, p15, p16, p17, p18, p19, p20, i36]
+454: jump(i49, p4, p3, p21, i36, p7, p8, p9, p10, p11, p12, p13, p14, p15, p16, p17, p18, p19, p20, p44, i41, p21, i39, p27, i24, i59, i22, i64, i62, i42, i25, descr=TargetToken(4302413928))
+544: --end of the loop--
[157b75bcb7fae6] jit-log-opt-bridge}
[157b75bcf18cc9] {jit-log-opt-bridge
# bridge out of Guard 0x1007136d0 with 59 ops
[i0, p1, p2, p3, p4, p5, p6, p7, p8, p9, p10, p11, p12, p13, p14, p15, p16, i17]
+59: p18 = getfield_gc(p2, descr=<FieldP pyrlang.interpreter.interp.Process.inst_y_reg 80>)
debug_merge_point(0, 0, '7 label 3')
debug_merge_point(0, 0, '8 allocate_zero 1. 1')
+70: i19 = getfield_gc(p18, descr=<FieldS pyrlang.interpreter.register.Y_Register.inst_val_top 40>)
+74: i21 = int_add(i19, 1)
+78: i22 = getfield_gc(p18, descr=<FieldS pyrlang.interpreter.register.Y_Register.inst_val_size 32>)
+82: setfield_gc(p18, i21, descr=<FieldS pyrlang.interpreter.register.Y_Register.inst_val_top 40>)
+86: i23 = int_ge(i21, i22)
guard_false(i23, descr=<Guard0x10074b048>) [i0, p1, p2, i21, i22, p18, p3, p4, p5, p6, p7, p8, p9, p10, p11, p12, p13, p14, p15, p16, i17]
+95: p24 = getfield_gc(p18, descr=<FieldP pyrlang.interpreter.register.Y_Register.inst_vals 48>)
+99: i26 = int_lt(i21, 0)
guard_false(i26, descr=<Guard0x10074b5c8>) [i0, p1, p2, i21, p24, p18, p3, p4, p5, p6, p7, p8, p9, p10, p11, p12, p13, p14, p15, p16, i17]
+109: setarrayitem_gc(p24, i21, ConstPtr(ptr27), descr=<ArrayP 8>)
debug_merge_point(0, 0, '9 line 2')
debug_merge_point(0, 0, '10 gc_bif2 L0. 1. 0. x(0). #1. x(1)')
+124: p28 = getfield_gc(p2, descr=<FieldP pyrlang.interpreter.interp.Process.inst_x_reg 72>)
+128: i29 = ptr_eq(p28, p1)
guard_true(i29, descr=<Guard0x10074b570>) [i0, p1, p2, p28, p3, p4, p5, p6, p7, p8, p9, p10, p11, p12, p13, p14, p15, p16, i17]
+141: i31 = int_sub_ovf(i17, 1)
guard_no_overflow(descr=<Guard0x10074b518>) [i0, p1, p2, i31, p3, p4, p5, p6, p7, p8, p9, p10, p11, p12, p13, p14, p15, p16, i17]
debug_merge_point(0, 0, '11 move x(0). y(0)')
p33 = new_with_vtable(ConstClass(W_IntObject))
+240: setfield_gc(p33, i17, descr=<FieldS pyrlang.interpreter.datatypes.number.W_IntObject.inst_intval 8>)
+285: setarrayitem_gc(p24, i21, p33, descr=<ArrayP 8>)
debug_merge_point(0, 0, '12 move x(1). x(0)')
debug_merge_point(0, 0, '13 line 2')
debug_merge_point(0, 0, '14 call 1. L2')
+290: i34 = getfield_gc(p18, descr=<FieldS pyrlang.interpreter.register.Y_Register.inst_addr_top 16>)
+294: i36 = int_add(i34, 1)
+298: i37 = getfield_gc(p18, descr=<FieldS pyrlang.interpreter.register.Y_Register.inst_addr_size 8>)
+302: setfield_gc(p18, i36, descr=<FieldS pyrlang.interpreter.register.Y_Register.inst_addr_top 16>)
+306: i38 = int_ge(i36, i37)
guard_false(i38, descr=<Guard0x10074b4c0>) [i0, p1, p2, i37, p18, p3, p4, p5, p6, p7, p8, p9, p10, p11, p12, p13, p14, p15, p16, i31]
+315: p39 = getfield_gc(p18, descr=<FieldP pyrlang.interpreter.register.Y_Register.inst_addrs 24>)
+319: i41 = int_lt(i36, 0)
guard_false(i41, descr=<Guard0x10074b468>) [i0, p1, p2, i36, p39, p3, p4, p5, p6, p7, p8, p9, p10, p11, p12, p13, p14, p15, p16, i31]
+368: setarrayitem_gc(p39, i36, ConstPtr(ptr42), descr=<ArrayP 8>)
+383: i44 = int_sub(i0, 1)
debug_merge_point(0, 0, '3 label 2')
+387: i46 = int_ge(i31, 1)
guard_true(i46, descr=<Guard0x10074b410>) [i44, p18, p1, p2, p3, p4, p5, p6, p7, p8, p9, p10, p11, p12, p13, p14, p15, p16, i31]
+401: i48 = int_ge(i36, 2)
guard_true(i48, descr=<Guard0x10074b3b8>) [i44, p18, p1, p2, p3, p4, p5, p6, p7, p8, p9, p10, p11, p12, p13, p14, p15, p16, i31]
+411: i50 = int_ge(i21, 2)
guard_true(i50, descr=<Guard0x10074b360>) [i44, p18, p1, p2, p3, p4, p5, p6, p7, p8, p9, p10, p11, p12, p13, p14, p15, p16, i31]
+421: i52 = int_ge(i37, 2)
guard_true(i52, descr=<Guard0x10074b308>) [i44, p18, p1, p2, p3, p4, p5, p6, p7, p8, p9, p10, p11, p12, p13, p14, p15, p16, i31]
+431: i54 = int_sub(i34, 1)
+435: i55 = int_ge(i34, i37)
guard_false(i55, descr=<Guard0x10074b2b0>) [i44, p18, p1, p2, p3, p4, p5, p6, p7, p8, p9, p10, p11, p12, p13, p14, p15, p16, i31]
+444: i57 = int_sub(i19, 1)
+448: i59 = int_sub(i54, 1)
+452: i61 = int_ge(i22, 3)
guard_true(i61, descr=<Guard0x10074b258>) [i44, p18, p1, p2, p3, p4, p5, p6, p7, p8, p9, p10, p11, p12, p13, p14, p15, p16, i31]
+462: i62 = int_ge(i54, i37)
guard_false(i62, descr=<Guard0x10074b200>) [i44, p18, p1, p2, p3, p4, p5, p6, p7, p8, p9, p10, p11, p12, p13, p14, p15, p16, i31]
+471: i63 = int_ge(i19, i22)
guard_false(i63, descr=<Guard0x10074b1a8>) [i44, p18, p1, p2, p3, p4, p5, p6, p7, p8, p9, p10, p11, p12, p13, p14, p15, p16, i31]
+480: jump(i44, p2, p1, p18, i31, p3, p4, p5, p6, p7, p8, p9, p10, p11, p12, p13, p14, p15, p16, p39, i36, p18, i34, p24, i21, i54, i19, i59, i57, i37, i22, descr=TargetToken(4302413928))
+560: --end of the loop--
[157b75bcf6e55e] jit-log-opt-bridge}
[157b75bd22b396] {jit-log-opt-bridge
# bridge out of Guard 0x100713048 with 39 ops
[i0, i1, p2, p3, p4, p5, p6, p7, p8, p9, p10, p11, p12, p13, p14, p15, p16, p17, p18, p19, i20, i21]
+59: guard_value(i1, 15, descr=<Guard0x10074b728>) [i0, i1, p2, p3, p4, p5, p6, p7, p8, p9, p10, p11, p12, p13, p14, p15, p16, p17, p18, p19, i21, i20]
+69: guard_value(p5, ConstPtr(ptr23), descr=<Guard0x10074ba40>) [i0, p2, p3, p4, p5, p6, p7, p8, p9, p10, p11, p12, p13, p14, p15, p16, p17, p18, p19, i21, i20]
debug_merge_point(0, 0, '15 line 2')
+88: p24 = getfield_gc(p4, descr=<FieldP pyrlang.interpreter.interp.Process.inst_y_reg 80>)
debug_merge_point(0, 0, '16 gc_bif2 L0. 1. 0. y(0). #0. x(1)')
+99: i25 = getfield_gc(p24, descr=<FieldS pyrlang.interpreter.register.Y_Register.inst_val_top 40>)
+103: p26 = getfield_gc(p24, descr=<FieldP pyrlang.interpreter.register.Y_Register.inst_vals 48>)
+107: p27 = getarrayitem_gc(p26, i25, descr=<ArrayP 8>)
+112: guard_class(p27, ConstClass(W_IntObject), descr=<Guard0x10074b9e8>) [i0, p3, p4, p27, p6, p7, p8, p9, p10, p11, p12, p13, p14, p15, p16, p17, p18, p19, i21, i20]
+125: i29 = getfield_gc_pure(p27, descr=<FieldS pyrlang.interpreter.datatypes.number.W_IntObject.inst_intval 8>)
+129: i31 = int_sub_ovf(i29, 2)
guard_no_overflow(descr=<Guard0x10074b990>) [i0, p3, p4, i31, p27, p6, p7, p8, p9, p10, p11, p12, p13, p14, p15, p16, p17, p18, p19, i21, i20]
+139: p32 = getfield_gc(p4, descr=<FieldP pyrlang.interpreter.interp.Process.inst_x_reg 72>)
+143: i33 = ptr_eq(p32, p3)
guard_true(i33, descr=<Guard0x10074b938>) [i0, p3, p4, p32, p6, p7, p8, p9, p10, p11, p12, p13, p14, p15, p16, p17, p18, p19, i31, i21, i20]
debug_merge_point(0, 0, '17 move x(0). y(0)')
+156: i35 = int_lt(i25, 0)
guard_false(i35, descr=<Guard0x10074b8e0>) [i0, p3, p4, i25, p26, p6, p7, p8, p9, p10, p11, p12, p13, p14, p15, p16, p17, p18, p19, i31, None, i20]
p38 = new_with_vtable(ConstClass(W_IntObject))
+245: setfield_gc(p38, i20, descr=<FieldS pyrlang.interpreter.datatypes.number.W_IntObject.inst_intval 8>)
+290: setarrayitem_gc(p26, i25, p38, descr=<ArrayP 8>)
debug_merge_point(0, 0, '18 move x(1). x(0)')
debug_merge_point(0, 0, '19 line 2')
debug_merge_point(0, 0, '20 call 1. L2')
+295: i39 = getfield_gc(p24, descr=<FieldS pyrlang.interpreter.register.Y_Register.inst_addr_top 16>)
+299: i41 = int_add(i39, 1)
+303: i42 = getfield_gc(p24, descr=<FieldS pyrlang.interpreter.register.Y_Register.inst_addr_size 8>)
+307: setfield_gc(p24, i41, descr=<FieldS pyrlang.interpreter.register.Y_Register.inst_addr_top 16>)
+311: i43 = int_ge(i41, i42)
guard_false(i43, descr=<Guard0x10074b888>) [i0, p3, p4, i42, p24, p6, p7, p8, p9, p10, p11, p12, p13, p14, p15, p16, p17, p18, p19, i31]
+320: p44 = getfield_gc(p24, descr=<FieldP pyrlang.interpreter.register.Y_Register.inst_addrs 24>)
+324: i46 = int_lt(i41, 0)
guard_false(i46, descr=<Guard0x10074b830>) [i0, p3, p4, i41, p44, p6, p7, p8, p9, p10, p11, p12, p13, p14, p15, p16, p17, p18, p19, i31]
+373: setarrayitem_gc(p44, i41, ConstPtr(ptr47), descr=<ArrayP 8>)
+388: i49 = int_sub(i0, 1)
debug_merge_point(0, 0, '3 label 2')
p51 = new_with_vtable(ConstClass(W_IntObject))
+403: setfield_gc(p51, i31, descr=<FieldS pyrlang.interpreter.datatypes.number.W_IntObject.inst_intval 8>)
+407: jump(21, i49, 1, p4, p3, p24, p51, p51, p6, p7, p8, p9, p10, p11, p12, p13, p14, p15, p16, p17, p18, p19, descr=TargetToken(4302413856))
+480: --end of the loop--
[157b75bd270e18] jit-log-opt-bridge}
[157b75bd526931] {jit-log-opt-loop
# Loop 1 (15 line 2) : entry bridge with 55 ops
[i0, i1, i2, p3, p4, p5]
+134: p6 = getfield_gc(p4, descr=<FieldP pyrlang.interpreter.register.X_Register.inst_regs 16>)
+145: p8 = getarrayitem_gc(p6, 0, descr=<ArrayP 8>)
+149: p10 = getarrayitem_gc(p6, 1, descr=<ArrayP 8>)
+153: p12 = getarrayitem_gc(p6, 2, descr=<ArrayP 8>)
+157: p14 = getarrayitem_gc(p6, 3, descr=<ArrayP 8>)
+161: p16 = getarrayitem_gc(p6, 4, descr=<ArrayP 8>)
+165: p18 = getarrayitem_gc(p6, 5, descr=<ArrayP 8>)
+169: p20 = getarrayitem_gc(p6, 6, descr=<ArrayP 8>)
+173: p22 = getarrayitem_gc(p6, 7, descr=<ArrayP 8>)
+177: p24 = getarrayitem_gc(p6, 8, descr=<ArrayP 8>)
+181: p26 = getarrayitem_gc(p6, 9, descr=<ArrayP 8>)
+185: p28 = getarrayitem_gc(p6, 10, descr=<ArrayP 8>)
+189: p30 = getarrayitem_gc(p6, 11, descr=<ArrayP 8>)
+193: p32 = getarrayitem_gc(p6, 12, descr=<ArrayP 8>)
+204: p34 = getarrayitem_gc(p6, 13, descr=<ArrayP 8>)
+215: p36 = getarrayitem_gc(p6, 14, descr=<ArrayP 8>)
+229: p38 = getarrayitem_gc(p6, 15, descr=<ArrayP 8>)
debug_merge_point(0, 0, '15 line 2')
+243: p39 = getfield_gc(p3, descr=<FieldP pyrlang.interpreter.interp.Process.inst_y_reg 80>)
debug_merge_point(0, 0, '16 gc_bif2 L0. 1. 0. y(0). #0. x(1)')
+261: i40 = getfield_gc(p39, descr=<FieldS pyrlang.interpreter.register.Y_Register.inst_val_top 40>)
+272: p41 = getfield_gc(p39, descr=<FieldP pyrlang.interpreter.register.Y_Register.inst_vals 48>)
+283: p42 = getarrayitem_gc(p41, i40, descr=<ArrayP 8>)
+295: guard_class(p42, ConstClass(W_IntObject), descr=<Guard0x10074bb48>) [i2, i1, i0, p4, p3, p42, p8, p10, p12, p14, p16, p18, p20, p22, p24, p26, p28, p30, p32, p34, p36, p38]
+308: i44 = getfield_gc_pure(p42, descr=<FieldS pyrlang.interpreter.datatypes.number.W_IntObject.inst_intval 8>)
+319: i46 = int_sub_ovf(i44, 2)
guard_no_overflow(descr=<Guard0x10074be60>) [i2, i1, i0, p4, p3, i46, p42, p8, p10, p12, p14, p16, p18, p20, p22, p24, p26, p28, p30, p32, p34, p36, p38]
+329: p47 = getfield_gc(p3, descr=<FieldP pyrlang.interpreter.interp.Process.inst_x_reg 72>)
+333: i48 = ptr_eq(p47, p4)
guard_true(i48, descr=<Guard0x10074be08>) [i2, i1, i0, p4, p3, p47, p8, p10, p12, p14, p16, p18, p20, p22, p24, p26, p28, p30, p32, p34, p36, p38, i46]
debug_merge_point(0, 0, '17 move x(0). y(0)')
+346: i50 = int_lt(i40, 0)
guard_false(i50, descr=<Guard0x10074bdb0>) [i2, i1, i0, p4, p3, i40, p8, p41, p12, p14, p16, p18, p20, p22, p24, p26, p28, p30, p32, p34, p36, p38, i46]
+398: setarrayitem_gc(p41, i40, p8, descr=<ArrayP 8>)
debug_merge_point(0, 0, '18 move x(1). x(0)')
debug_merge_point(0, 0, '19 line 2')
debug_merge_point(0, 0, '20 call 1. L2')
+403: i52 = int_eq(21, i0)
+419: i53 = getfield_gc(p39, descr=<FieldS pyrlang.interpreter.register.Y_Register.inst_addr_top 16>)
+423: i55 = int_add(i53, 1)
+428: i56 = getfield_gc(p39, descr=<FieldS pyrlang.interpreter.register.Y_Register.inst_addr_size 8>)
+432: setfield_gc(p39, i55, descr=<FieldS pyrlang.interpreter.register.Y_Register.inst_addr_top 16>)
+436: i57 = int_ge(i55, i56)
guard_false(i57, descr=<Guard0x10074bd58>) [i52, i0, i2, i1, p4, p3, i56, p39, p12, p14, p16, p18, p20, p22, p24, p26, p28, p30, p32, p34, p36, p38, i46]
+445: p58 = getfield_gc(p39, descr=<FieldP pyrlang.interpreter.register.Y_Register.inst_addrs 24>)
+449: i60 = int_lt(i55, 0)
guard_false(i60, descr=<Guard0x10074bd00>) [i52, i0, i2, i1, p4, p3, i55, p58, p12, p14, p16, p18, p20, p22, p24, p26, p28, p30, p32, p34, p36, p38, i46]
+502: setarrayitem_gc(p58, i55, ConstPtr(ptr61), descr=<ArrayP 8>)
+517: i63 = int_sub(i1, 1)
+528: guard_true(i2, descr=<Guard0x10074bca8>) [i52, i0, i63, p4, p3, p12, p14, p16, p18, p20, p22, p24, p26, p28, p30, p32, p34, p36, p38, i46]
+544: guard_false(i52, descr=<Guard0x10074bc50>) [i0, i63, p4, p3, p12, p14, p16, p18, p20, p22, p24, p26, p28, p30, p32, p34, p36, p38, i46]
debug_merge_point(0, 0, '3 label 2')
p65 = new_with_vtable(ConstClass(W_IntObject))
+639: setfield_gc(p65, i46, descr=<FieldS pyrlang.interpreter.datatypes.number.W_IntObject.inst_intval 8>)
+643: jump(21, i63, 1, p3, p4, p39, p65, p65, p12, p14, p16, p18, p20, p22, p24, p26, p28, p30, p32, p34, p36, p38, descr=TargetToken(4302413856))
+880: --end of the loop--
[157b75bd574d56] jit-log-opt-loop}
[157b75bd73adb6] {jit-log-opt-bridge
# bridge out of Guard 0x10074acd8 with 38 ops
[i0, i1, p2, p3, p4, p5, p6, p7, p8, p9, p10, p11, p12, p13, p14, p15, p16, p17, i18]
+59: p19 = getfield_gc(p3, descr=<FieldP pyrlang.interpreter.interp.Process.inst_y_reg 80>)
debug_merge_point(0, 0, '3 label 2')
+70: guard_nonnull(p19, descr=<Guard0x10074bf10>) [i1, p19, p2, p3, p4, p5, p6, p7, p8, p9, p10, p11, p12, p13, p14, p15, p16, p17, i18]
+79: i21 = int_ge(i18, 1)
guard_true(i21, descr=<Guard0x101a003e8>) [i1, p19, p2, p3, p4, p5, p6, p7, p8, p9, p10, p11, p12, p13, p14, p15, p16, p17, i18]
+89: p22 = getfield_gc(p3, descr=<FieldP pyrlang.interpreter.interp.Process.inst_x_reg 72>)
+93: i23 = ptr_eq(p22, p2)
guard_true(i23, descr=<Guard0x101a00390>) [i1, p19, p2, p3, p4, p5, p6, p7, p8, p9, p10, p11, p12, p13, p14, p15, p16, p17, i18]
+106: i24 = getfield_gc(p19, descr=<FieldS pyrlang.interpreter.register.Y_Register.inst_addr_top 16>)
+110: i26 = int_ge(i24, 2)
guard_true(i26, descr=<Guard0x101a00338>) [i1, p19, p2, p3, p4, p5, p6, p7, p8, p9, p10, p11, p12, p13, p14, p15, p16, p17, i18]
+120: p27 = getfield_gc(p19, descr=<FieldP pyrlang.interpreter.register.Y_Register.inst_addrs 24>)
+124: guard_nonnull(p27, descr=<Guard0x101a002e0>) [i1, p19, p2, p3, p4, p5, p6, p7, p8, p9, p10, p11, p12, p13, p14, p15, p16, p17, i18]
+133: i29 = int_sub(i24, 1)
+137: i30 = getfield_gc(p19, descr=<FieldS pyrlang.interpreter.register.Y_Register.inst_val_top 40>)
+141: i32 = int_ge(i30, 2)
guard_true(i32, descr=<Guard0x101a00288>) [i1, p19, p2, p3, p4, p5, p6, p7, p8, p9, p10, p11, p12, p13, p14, p15, p16, p17, i18]
+151: p33 = getfield_gc(p19, descr=<FieldP pyrlang.interpreter.register.Y_Register.inst_vals 48>)
+155: guard_nonnull(p33, descr=<Guard0x101a00230>) [i1, p19, p2, p3, p4, p5, p6, p7, p8, p9, p10, p11, p12, p13, p14, p15, p16, p17, i18]
+164: i34 = getfield_gc(p19, descr=<FieldS pyrlang.interpreter.register.Y_Register.inst_addr_size 8>)
+168: i36 = int_ge(i34, 2)
guard_true(i36, descr=<Guard0x101a001d8>) [i1, p19, p2, p3, p4, p5, p6, p7, p8, p9, p10, p11, p12, p13, p14, p15, p16, p17, i18]
+178: i37 = int_ge(i24, i34)
guard_false(i37, descr=<Guard0x101a00180>) [i1, p19, p2, p3, p4, p5, p6, p7, p8, p9, p10, p11, p12, p13, p14, p15, p16, p17, i18]
+187: i39 = int_sub(i30, 1)
+191: i41 = int_sub(i29, 1)
+195: i42 = int_ge(i29, i34)
guard_false(i42, descr=<Guard0x101a00128>) [i1, p19, p2, p3, p4, p5, p6, p7, p8, p9, p10, p11, p12, p13, p14, p15, p16, p17, i18]
+204: i44 = int_sub(i39, 1)
+208: i46 = int_sub(i41, 1)
+219: i47 = getfield_gc(p19, descr=<FieldS pyrlang.interpreter.register.Y_Register.inst_val_size 32>)
+230: i49 = int_ge(i47, 3)
guard_true(i49, descr=<Guard0x101a000d0>) [i1, p19, p2, p3, p4, p5, p6, p7, p8, p9, p10, p11, p12, p13, p14, p15, p16, p17, i18]
+240: i50 = int_ge(i41, i34)
guard_false(i50, descr=<Guard0x101a00078>) [i1, p19, p2, p3, p4, p5, p6, p7, p8, p9, p10, p11, p12, p13, p14, p15, p16, p17, i18]
+249: i51 = int_ge(i39, i47)
guard_false(i51, descr=<Guard0x101a00020>) [i1, p19, p2, p3, p4, p5, p6, p7, p8, p9, p10, p11, p12, p13, p14, p15, p16, p17, i18]
+258: jump(i1, p3, p2, p19, i18, p4, p5, p6, p7, p8, p9, p10, p11, p12, p13, p14, p15, p16, p17, p27, i24, p19, i29, p33, i30, i41, i39, i46, i44, i34, i47, descr=TargetToken(4302413928))
+352: --end of the loop--
[157b75bd784b8e] jit-log-opt-bridge}
[157b75bdb122ce] {jit-log-opt-bridge
# bridge out of Guard 0x100713360 with 80 ops
[i0, i1, p2, p3, p4, p5, p6, p7, p8, p9, p10, p11, p12, p13, p14, p15, p16, p17, p18, p19, i20, i21]
+59: guard_value(i1, 21, descr=<Guard0x101a005f8>) [i0, i1, p2, p3, p4, p5, p6, p7, p8, p9, p10, p11, p12, p13, p14, p15, p16, p17, p18, p19, i21, i20]
+69: guard_value(p5, ConstPtr(ptr23), descr=<Guard0x101a00e38>) [i0, p2, p3, p4, p5, p6, p7, p8, p9, p10, p11, p12, p13, p14, p15, p16, p17, p18, p19, i21, i20]
debug_merge_point(0, 0, '21 line 2')
+88: p24 = getfield_gc(p4, descr=<FieldP pyrlang.interpreter.interp.Process.inst_y_reg 80>)
debug_merge_point(0, 0, '22 gc_bif2 L0. 1. 1. y(0). x(0). x(0)')
+99: i25 = getfield_gc(p24, descr=<FieldS pyrlang.interpreter.register.Y_Register.inst_val_top 40>)
+103: p26 = getfield_gc(p24, descr=<FieldP pyrlang.interpreter.register.Y_Register.inst_vals 48>)
+107: p27 = getarrayitem_gc(p26, i25, descr=<ArrayP 8>)
+112: p28 = getfield_gc(p4, descr=<FieldP pyrlang.interpreter.interp.Process.inst_x_reg 72>)
+116: i29 = ptr_eq(p28, p3)
guard_true(i29, descr=<Guard0x101a00de0>) [i0, p3, p4, p28, p6, p7, p8, p9, p10, p11, p12, p13, p14, p15, p16, p17, p18, p19, p27, i21, i20]
+129: guard_class(p27, ConstClass(W_IntObject), descr=<Guard0x101a00d88>) [i0, p3, p4, p27, p6, p7, p8, p9, p10, p11, p12, p13, p14, p15, p16, p17, p18, p19, None, i21, i20]
+142: i32 = getfield_gc_pure(p27, descr=<FieldS pyrlang.interpreter.datatypes.number.W_IntObject.inst_intval 8>)
+146: i33 = int_add_ovf(i32, i20)
guard_no_overflow(descr=<Guard0x101a00d30>) [i0, p3, p4, i33, p27, p6, p7, p8, p9, p10, p11, p12, p13, p14, p15, p16, p17, p18, p19, None, i21, i20]
debug_merge_point(0, 0, '23 deallocate 1')
+155: i35 = int_sub(i25, 1)
debug_merge_point(0, 0, '24 return ')
+159: i36 = getfield_gc(p24, descr=<FieldS pyrlang.interpreter.register.Y_Register.inst_addr_top 16>)
+163: setfield_gc(p24, i35, descr=<FieldS pyrlang.interpreter.register.Y_Register.inst_val_top 40>)
+167: i38 = int_eq(i36, -1)
guard_false(i38, descr=<Guard0x101a00cd8>) [i0, p24, p3, p4, p6, p7, p8, p9, p10, p11, p12, p13, p14, p15, p16, p17, p18, p19, i33, None, i21, None]
+177: p39 = getfield_gc(p24, descr=<FieldP pyrlang.interpreter.register.Y_Register.inst_addrs 24>)
+181: i41 = int_lt(i36, 0)
guard_false(i41, descr=<Guard0x101a00c80>) [i36, i0, p24, p39, p3, p4, p6, p7, p8, p9, p10, p11, p12, p13, p14, p15, p16, p17, p18, p19, i33, None, i21, None]
+191: p42 = getarrayitem_gc(p39, i36, descr=<ArrayP 8>)
+196: i44 = int_sub(i36, 1)
+200: p45 = getfield_gc_pure(p42, descr=<FieldP tuple2.item0 8>)
+204: i46 = getfield_gc_pure(p42, descr=<FieldS tuple2.item1 16>)
+208: setfield_gc(p24, i44, descr=<FieldS pyrlang.interpreter.register.Y_Register.inst_addr_top 16>)
+212: guard_value(i46, 21, descr=<Guard0x101a00c28>) [i0, i46, p24, p3, p4, p45, p6, p7, p8, p9, p10, p11, p12, p13, p14, p15, p16, p17, p18, p19, i33, None, i21, None]
+222: guard_value(p45, ConstPtr(ptr48), descr=<Guard0x101a00bd0>) [i0, p24, p3, p4, p45, p6, p7, p8, p9, p10, p11, p12, p13, p14, p15, p16, p17, p18, p19, i33, None, i21, None]
debug_merge_point(0, 0, '21 line 2')
debug_merge_point(0, 0, '22 gc_bif2 L0. 1. 1. y(0). x(0). x(0)')
+241: p49 = getarrayitem_gc(p26, i35, descr=<ArrayP 8>)
+246: guard_class(p49, ConstClass(W_IntObject), descr=<Guard0x101a00b78>) [i0, p3, p4, p49, p6, p7, p8, p9, p10, p11, p12, p13, p14, p15, p16, p17, p18, p19, i33, None, i21, None]
+258: i51 = getfield_gc_pure(p49, descr=<FieldS pyrlang.interpreter.datatypes.number.W_IntObject.inst_intval 8>)
+262: i52 = int_add_ovf(i51, i33)
guard_no_overflow(descr=<Guard0x101a00b20>) [i0, p3, p4, i52, p49, p6, p7, p8, p9, p10, p11, p12, p13, p14, p15, p16, p17, p18, p19, i33, None, i21, None]
debug_merge_point(0, 0, '23 deallocate 1')
+271: i54 = int_sub(i35, 1)
debug_merge_point(0, 0, '24 return ')
+275: setfield_gc(p24, i54, descr=<FieldS pyrlang.interpreter.register.Y_Register.inst_val_top 40>)
+279: i56 = int_eq(i44, -1)
guard_false(i56, descr=<Guard0x101a00ac8>) [i0, p24, p3, p4, p6, p7, p8, p9, p10, p11, p12, p13, p14, p15, p16, p17, p18, p19, i52, None, None, i21, None]
+289: i58 = int_lt(i44, 0)
guard_false(i58, descr=<Guard0x101a00a70>) [i44, i0, p24, p39, p3, p4, p6, p7, p8, p9, p10, p11, p12, p13, p14, p15, p16, p17, p18, p19, i52, None, None, i21, None]
+299: p59 = getarrayitem_gc(p39, i44, descr=<ArrayP 8>)
+304: i61 = int_sub(i44, 1)
+308: p62 = getfield_gc_pure(p59, descr=<FieldP tuple2.item0 8>)
+312: i63 = getfield_gc_pure(p59, descr=<FieldS tuple2.item1 16>)
+316: setfield_gc(p24, i61, descr=<FieldS pyrlang.interpreter.register.Y_Register.inst_addr_top 16>)
+320: guard_value(i63, 15, descr=<Guard0x101a00a18>) [i0, i63, p24, p3, p4, p62, p6, p7, p8, p9, p10, p11, p12, p13, p14, p15, p16, p17, p18, p19, i52, None, None, i21, None]
+330: guard_value(p62, ConstPtr(ptr65), descr=<Guard0x101a009c0>) [i0, p24, p3, p4, p62, p6, p7, p8, p9, p10, p11, p12, p13, p14, p15, p16, p17, p18, p19, i52, None, None, i21, None]
debug_merge_point(0, 0, '15 line 2')
debug_merge_point(0, 0, '16 gc_bif2 L0. 1. 0. y(0). #0. x(1)')
+349: p66 = getarrayitem_gc(p26, i54, descr=<ArrayP 8>)
+354: guard_class(p66, ConstClass(W_IntObject), descr=<Guard0x101a00968>) [i0, p3, p4, p66, p6, p7, p8, p9, p10, p11, p12, p13, p14, p15, p16, p17, p18, p19, i52, None, None, i21, None]
+367: i68 = getfield_gc_pure(p66, descr=<FieldS pyrlang.interpreter.datatypes.number.W_IntObject.inst_intval 8>)
+371: i70 = int_sub_ovf(i68, 2)
guard_no_overflow(descr=<Guard0x101a00910>) [i0, p3, p4, i70, p66, p6, p7, p8, p9, p10, p11, p12, p13, p14, p15, p16, p17, p18, p19, i52, None, None, i21, None]
debug_merge_point(0, 0, '17 move x(0). y(0)')
+381: i72 = int_lt(i54, 0)
guard_false(i72, descr=<Guard0x101a008b8>) [i0, p3, p4, i54, p26, p6, p7, p8, p9, p10, p11, p12, p13, p14, p15, p16, p17, p18, p19, i70, i52, None, None, None, None]
p74 = new_with_vtable(ConstClass(W_IntObject))
+477: setfield_gc(p74, i52, descr=<FieldS pyrlang.interpreter.datatypes.number.W_IntObject.inst_intval 8>)
+529: setarrayitem_gc(p26, i54, p74, descr=<ArrayP 8>)
debug_merge_point(0, 0, '18 move x(1). x(0)')
debug_merge_point(0, 0, '19 line 2')
debug_merge_point(0, 0, '20 call 1. L2')
+534: i75 = getfield_gc(p24, descr=<FieldS pyrlang.interpreter.register.Y_Register.inst_addr_size 8>)
+538: setfield_gc(p24, i44, descr=<FieldS pyrlang.interpreter.register.Y_Register.inst_addr_top 16>)
+542: i76 = int_ge(i44, i75)
guard_false(i76, descr=<Guard0x101a00860>) [i0, p3, p4, i75, p24, p6, p7, p8, p9, p10, p11, p12, p13, p14, p15, p16, p17, p18, p19, i70]
+592: setarrayitem_gc(p39, i44, ConstPtr(ptr77), descr=<ArrayP 8>)
+607: i79 = int_sub(i0, 1)
debug_merge_point(0, 0, '3 label 2')
p81 = new_with_vtable(ConstClass(W_IntObject))
+622: setfield_gc(p81, i70, descr=<FieldS pyrlang.interpreter.datatypes.number.W_IntObject.inst_intval 8>)
+626: jump(21, i79, 1, p4, p3, p24, p81, p81, p6, p7, p8, p9, p10, p11, p12, p13, p14, p15, p16, p17, p18, p19, descr=TargetToken(4302413856))
+688: --end of the loop--
[157b75bdb8d623] jit-log-opt-bridge}
[157b75bdef6bbc] {jit-log-opt-bridge
# bridge out of Guard 0x100713a98 with 58 ops
[i0, i1, p2, p3, p4, p5, p6, p7, p8, p9, p10, p11, p12, p13, p14, p15, p16, p17, p18, p19, i20, i21]
+59: guard_value(i1, 21, descr=<Guard0x101a00ff0>) [i0, i1, p2, p3, p4, p5, p6, p7, p8, p9, p10, p11, p12, p13, p14, p15, p16, p17, p18, p19, i21, i20]
+69: guard_value(p5, ConstPtr(ptr23), descr=<Guard0x101a01570>) [i0, p2, p3, p4, p5, p6, p7, p8, p9, p10, p11, p12, p13, p14, p15, p16, p17, p18, p19, i21, i20]
debug_merge_point(0, 0, '21 line 2')
+88: p24 = getfield_gc(p4, descr=<FieldP pyrlang.interpreter.interp.Process.inst_y_reg 80>)
debug_merge_point(0, 0, '22 gc_bif2 L0. 1. 1. y(0). x(0). x(0)')
+99: i25 = getfield_gc(p24, descr=<FieldS pyrlang.interpreter.register.Y_Register.inst_val_top 40>)
+103: p26 = getfield_gc(p24, descr=<FieldP pyrlang.interpreter.register.Y_Register.inst_vals 48>)
+107: p27 = getarrayitem_gc(p26, i25, descr=<ArrayP 8>)
+112: p28 = getfield_gc(p4, descr=<FieldP pyrlang.interpreter.interp.Process.inst_x_reg 72>)
+116: i29 = ptr_eq(p28, p3)
guard_true(i29, descr=<Guard0x101a01518>) [i0, p3, p4, p28, p6, p7, p8, p9, p10, p11, p12, p13, p14, p15, p16, p17, p18, p19, p27, i21, i20]
+129: guard_class(p27, ConstClass(W_IntObject), descr=<Guard0x101a014c0>) [i0, p3, p4, p27, p6, p7, p8, p9, p10, p11, p12, p13, p14, p15, p16, p17, p18, p19, None, i21, i20]
+143: i32 = getfield_gc_pure(p27, descr=<FieldS pyrlang.interpreter.datatypes.number.W_IntObject.inst_intval 8>)
+147: i33 = int_add_ovf(i32, i20)
guard_no_overflow(descr=<Guard0x101a01468>) [i0, p3, p4, i33, p27, p6, p7, p8, p9, p10, p11, p12, p13, p14, p15, p16, p17, p18, p19, None, i21, i20]
debug_merge_point(0, 0, '23 deallocate 1')
+156: i35 = int_sub(i25, 1)
debug_merge_point(0, 0, '24 return ')
+160: i36 = getfield_gc(p24, descr=<FieldS pyrlang.interpreter.register.Y_Register.inst_addr_top 16>)
+164: setfield_gc(p24, i35, descr=<FieldS pyrlang.interpreter.register.Y_Register.inst_val_top 40>)
+168: i38 = int_eq(i36, -1)
guard_false(i38, descr=<Guard0x101a01410>) [i0, p24, p3, p4, p6, p7, p8, p9, p10, p11, p12, p13, p14, p15, p16, p17, p18, p19, i33, None, i21, None]
+178: p39 = getfield_gc(p24, descr=<FieldP pyrlang.interpreter.register.Y_Register.inst_addrs 24>)
+182: i41 = int_lt(i36, 0)
guard_false(i41, descr=<Guard0x101a013b8>) [i36, i0, p24, p39, p3, p4, p6, p7, p8, p9, p10, p11, p12, p13, p14, p15, p16, p17, p18, p19, i33, None, i21, None]
+192: p42 = getarrayitem_gc(p39, i36, descr=<ArrayP 8>)
+197: i44 = int_sub(i36, 1)
+201: p45 = getfield_gc_pure(p42, descr=<FieldP tuple2.item0 8>)
+205: i46 = getfield_gc_pure(p42, descr=<FieldS tuple2.item1 16>)
+209: setfield_gc(p24, i44, descr=<FieldS pyrlang.interpreter.register.Y_Register.inst_addr_top 16>)
+213: guard_value(i46, 15, descr=<Guard0x101a01360>) [i0, i46, p24, p3, p4, p45, p6, p7, p8, p9, p10, p11, p12, p13, p14, p15, p16, p17, p18, p19, i33, None, i21, None]
+223: guard_value(p45, ConstPtr(ptr48), descr=<Guard0x101a01308>) [i0, p24, p3, p4, p45, p6, p7, p8, p9, p10, p11, p12, p13, p14, p15, p16, p17, p18, p19, i33, None, i21, None]
debug_merge_point(0, 0, '15 line 2')
debug_merge_point(0, 0, '16 gc_bif2 L0. 1. 0. y(0). #0. x(1)')
+242: p49 = getarrayitem_gc(p26, i35, descr=<ArrayP 8>)
+247: guard_class(p49, ConstClass(W_IntObject), descr=<Guard0x101a012b0>) [i0, p3, p4, p49, p6, p7, p8, p9, p10, p11, p12, p13, p14, p15, p16, p17, p18, p19, i33, None, i21, None]
+259: i51 = getfield_gc_pure(p49, descr=<FieldS pyrlang.interpreter.datatypes.number.W_IntObject.inst_intval 8>)
+263: i53 = int_sub_ovf(i51, 2)
guard_no_overflow(descr=<Guard0x101a01258>) [i0, p3, p4, i53, p49, p6, p7, p8, p9, p10, p11, p12, p13, p14, p15, p16, p17, p18, p19, i33, None, i21, None]
debug_merge_point(0, 0, '17 move x(0). y(0)')
+273: i55 = int_lt(i35, 0)
guard_false(i55, descr=<Guard0x101a01200>) [i0, p3, p4, i35, p26, p6, p7, p8, p9, p10, p11, p12, p13, p14, p15, p16, p17, p18, p19, i53, i33, None, None, None]
p57 = new_with_vtable(ConstClass(W_IntObject))
+369: setfield_gc(p57, i33, descr=<FieldS pyrlang.interpreter.datatypes.number.W_IntObject.inst_intval 8>)
+414: setarrayitem_gc(p26, i35, p57, descr=<ArrayP 8>)
debug_merge_point(0, 0, '18 move x(1). x(0)')
debug_merge_point(0, 0, '19 line 2')
debug_merge_point(0, 0, '20 call 1. L2')
+419: i58 = getfield_gc(p24, descr=<FieldS pyrlang.interpreter.register.Y_Register.inst_addr_size 8>)
+423: setfield_gc(p24, i36, descr=<FieldS pyrlang.interpreter.register.Y_Register.inst_addr_top 16>)
+427: i59 = int_ge(i36, i58)
guard_false(i59, descr=<Guard0x101a011a8>) [i0, p3, p4, i58, p24, p6, p7, p8, p9, p10, p11, p12, p13, p14, p15, p16, p17, p18, p19, i53]
+478: setarrayitem_gc(p39, i36, ConstPtr(ptr60), descr=<ArrayP 8>)
+493: i62 = int_sub(i0, 1)
debug_merge_point(0, 0, '3 label 2')
p64 = new_with_vtable(ConstClass(W_IntObject))
+516: setfield_gc(p64, i53, descr=<FieldS pyrlang.interpreter.datatypes.number.W_IntObject.inst_intval 8>)
+520: jump(21, i62, 1, p4, p3, p24, p64, p64, p6, p7, p8, p9, p10, p11, p12, p13, p14, p15, p16, p17, p18, p19, descr=TargetToken(4302413856))
+592: --end of the loop--
[157b75bdf52fe4] jit-log-opt-bridge}
[157b75be0db2f8] {jit-log-opt-bridge
# bridge out of Guard 0x101a00c28 with 39 ops
[i0, i1, p2, p3, p4, p5, p6, p7, p8, p9, p10, p11, p12, p13, p14, p15, p16, p17, p18, p19, i20, i21]
+59: guard_value(i1, 15, descr=<Guard0x101a016d0>) [i0, i1, p2, p3, p4, p5, p6, p7, p8, p9, p10, p11, p12, p13, p14, p15, p16, p17, p18, p19, i21, i20]
+69: guard_value(p5, ConstPtr(ptr23), descr=<Guard0x101a019e8>) [i0, p2, p3, p4, p5, p6, p7, p8, p9, p10, p11, p12, p13, p14, p15, p16, p17, p18, p19, i21, i20]
debug_merge_point(0, 0, '15 line 2')
+88: p24 = getfield_gc(p4, descr=<FieldP pyrlang.interpreter.interp.Process.inst_y_reg 80>)
debug_merge_point(0, 0, '16 gc_bif2 L0. 1. 0. y(0). #0. x(1)')
+92: i25 = getfield_gc(p24, descr=<FieldS pyrlang.interpreter.register.Y_Register.inst_val_top 40>)
+96: p26 = getfield_gc(p24, descr=<FieldP pyrlang.interpreter.register.Y_Register.inst_vals 48>)
+100: p27 = getarrayitem_gc(p26, i25, descr=<ArrayP 8>)
+105: guard_class(p27, ConstClass(W_IntObject), descr=<Guard0x101a01990>) [i0, p3, p4, p27, p6, p7, p8, p9, p10, p11, p12, p13, p14, p15, p16, p17, p18, p19, i21, i20]
+118: i29 = getfield_gc_pure(p27, descr=<FieldS pyrlang.interpreter.datatypes.number.W_IntObject.inst_intval 8>)
+122: i31 = int_sub_ovf(i29, 2)
guard_no_overflow(descr=<Guard0x101a01938>) [i0, p3, p4, i31, p27, p6, p7, p8, p9, p10, p11, p12, p13, p14, p15, p16, p17, p18, p19, i21, i20]
+132: p32 = getfield_gc(p4, descr=<FieldP pyrlang.interpreter.interp.Process.inst_x_reg 72>)
+136: i33 = ptr_eq(p32, p3)
guard_true(i33, descr=<Guard0x101a018e0>) [i0, p3, p4, p32, p6, p7, p8, p9, p10, p11, p12, p13, p14, p15, p16, p17, p18, p19, i31, i21, i20]
debug_merge_point(0, 0, '17 move x(0). y(0)')
+149: i35 = int_lt(i25, 0)
guard_false(i35, descr=<Guard0x101a01888>) [i0, p3, p4, i25, p26, p6, p7, p8, p9, p10, p11, p12, p13, p14, p15, p16, p17, p18, p19, i31, None, i20]
p38 = new_with_vtable(ConstClass(W_IntObject))
+252: setfield_gc(p38, i20, descr=<FieldS pyrlang.interpreter.datatypes.number.W_IntObject.inst_intval 8>)
+306: setarrayitem_gc(p26, i25, p38, descr=<ArrayP 8>)
debug_merge_point(0, 0, '18 move x(1). x(0)')
debug_merge_point(0, 0, '19 line 2')
debug_merge_point(0, 0, '20 call 1. L2')
+311: i39 = getfield_gc(p24, descr=<FieldS pyrlang.interpreter.register.Y_Register.inst_addr_top 16>)
+315: i41 = int_add(i39, 1)
+319: i42 = getfield_gc(p24, descr=<FieldS pyrlang.interpreter.register.Y_Register.inst_addr_size 8>)
+323: setfield_gc(p24, i41, descr=<FieldS pyrlang.interpreter.register.Y_Register.inst_addr_top 16>)
+327: i43 = int_ge(i41, i42)
guard_false(i43, descr=<Guard0x101a01830>) [i0, p3, p4, i42, p24, p6, p7, p8, p9, p10, p11, p12, p13, p14, p15, p16, p17, p18, p19, i31]
+336: p44 = getfield_gc(p24, descr=<FieldP pyrlang.interpreter.register.Y_Register.inst_addrs 24>)
+340: i46 = int_lt(i41, 0)
guard_false(i46, descr=<Guard0x101a017d8>) [i0, p3, p4, i41, p44, p6, p7, p8, p9, p10, p11, p12, p13, p14, p15, p16, p17, p18, p19, i31]
+392: setarrayitem_gc(p44, i41, ConstPtr(ptr47), descr=<ArrayP 8>)
+407: i49 = int_sub(i0, 1)
debug_merge_point(0, 0, '3 label 2')
p51 = new_with_vtable(ConstClass(W_IntObject))
+422: setfield_gc(p51, i31, descr=<FieldS pyrlang.interpreter.datatypes.number.W_IntObject.inst_intval 8>)
+426: jump(21, i49, 1, p4, p3, p24, p51, p51, p6, p7, p8, p9, p10, p11, p12, p13, p14, p15, p16, p17, p18, p19, descr=TargetToken(4302413856))
+496: --end of the loop--
[157b75be11f0c8] jit-log-opt-bridge}
[157b75be524da3] {jit-log-opt-loop
# Loop 2 (21 line 2) : loop with 77 ops
[i0, i1, i2, p3, p4, p5]
+134: p6 = getfield_gc(p4, descr=<FieldP pyrlang.interpreter.register.X_Register.inst_regs 16>)
+145: p8 = getarrayitem_gc(p6, 0, descr=<ArrayP 8>)
+149: p10 = getarrayitem_gc(p6, 1, descr=<ArrayP 8>)
+153: p12 = getarrayitem_gc(p6, 2, descr=<ArrayP 8>)
+157: p14 = getarrayitem_gc(p6, 3, descr=<ArrayP 8>)
+161: p16 = getarrayitem_gc(p6, 4, descr=<ArrayP 8>)
+165: p18 = getarrayitem_gc(p6, 5, descr=<ArrayP 8>)
+169: p20 = getarrayitem_gc(p6, 6, descr=<ArrayP 8>)
+173: p22 = getarrayitem_gc(p6, 7, descr=<ArrayP 8>)
+177: p24 = getarrayitem_gc(p6, 8, descr=<ArrayP 8>)
+181: p26 = getarrayitem_gc(p6, 9, descr=<ArrayP 8>)
+185: p28 = getarrayitem_gc(p6, 10, descr=<ArrayP 8>)
+189: p30 = getarrayitem_gc(p6, 11, descr=<ArrayP 8>)
+193: p32 = getarrayitem_gc(p6, 12, descr=<ArrayP 8>)
+204: p34 = getarrayitem_gc(p6, 13, descr=<ArrayP 8>)
+215: p36 = getarrayitem_gc(p6, 14, descr=<ArrayP 8>)
+229: p38 = getarrayitem_gc(p6, 15, descr=<ArrayP 8>)
+243: label(i0, i1, i2, p3, p4, p5, p8, p10, p12, p14, p16, p18, p20, p22, p24, p26, p28, p30, p32, p34, p36, p38, descr=TargetToken(4302418176))
+333: p39 = getfield_gc(p3, descr=<FieldP pyrlang.interpreter.interp.Process.inst_y_reg 80>)
debug_merge_point(0, 0, '22 gc_bif2 L0. 1. 1. y(0). x(0). x(0)')
+344: i40 = getfield_gc(p39, descr=<FieldS pyrlang.interpreter.register.Y_Register.inst_val_top 40>)
+348: p41 = getfield_gc(p39, descr=<FieldP pyrlang.interpreter.register.Y_Register.inst_vals 48>)
+352: p42 = getarrayitem_gc(p41, i40, descr=<ArrayP 8>)
+357: p43 = getfield_gc(p3, descr=<FieldP pyrlang.interpreter.interp.Process.inst_x_reg 72>)
+361: i44 = ptr_eq(p43, p4)
guard_true(i44, descr=<Guard0x101a01ba0>) [i2, i1, i0, p4, p3, p43, p8, p10, p12, p14, p16, p18, p20, p22, p24, p26, p28, p30, p32, p34, p36, p38, p42]
+374: guard_class(p42, ConstClass(W_IntObject), descr=<Guard0x101a30288>) [i2, i1, i0, p4, p3, p8, p42, p10, p12, p14, p16, p18, p20, p22, p24, p26, p28, p30, p32, p34, p36, p38, None]
+386: guard_nonnull_class(p8, ConstClass(W_IntObject), descr=<Guard0x101a30230>) [i2, i1, i0, p4, p3, p8, p42, p10, p12, p14, p16, p18, p20, p22, p24, p26, p28, p30, p32, p34, p36, p38, None]
+404: i48 = getfield_gc_pure(p42, descr=<FieldS pyrlang.interpreter.datatypes.number.W_IntObject.inst_intval 8>)
+408: i49 = getfield_gc_pure(p8, descr=<FieldS pyrlang.interpreter.datatypes.number.W_IntObject.inst_intval 8>)
+412: i50 = int_add_ovf(i48, i49)
guard_no_overflow(descr=<Guard0x101a301d8>) [i2, i1, i0, p4, p3, i50, p8, p42, p10, p12, p14, p16, p18, p20, p22, p24, p26, p28, p30, p32, p34, p36, p38, None]
debug_merge_point(0, 0, '23 deallocate 1')
+421: i52 = int_sub(i40, 1)
debug_merge_point(0, 0, '24 return ')
+425: i53 = getfield_gc(p39, descr=<FieldS pyrlang.interpreter.register.Y_Register.inst_addr_top 16>)
+429: setfield_gc(p39, i52, descr=<FieldS pyrlang.interpreter.register.Y_Register.inst_val_top 40>)
+433: i55 = int_eq(i53, -1)
guard_false(i55, descr=<Guard0x101a30180>) [i0, i2, i1, p39, p4, p3, p10, p12, p14, p16, p18, p20, p22, p24, p26, p28, p30, p32, p34, p36, p38, i50, None]
+443: p56 = getfield_gc(p39, descr=<FieldP pyrlang.interpreter.register.Y_Register.inst_addrs 24>)
+447: i58 = int_lt(i53, 0)
guard_false(i58, descr=<Guard0x101a30128>) [i53, i0, i2, i1, p39, p56, p4, p3, p10, p12, p14, p16, p18, p20, p22, p24, p26, p28, p30, p32, p34, p36, p38, i50, None]
+457: p59 = getarrayitem_gc(p56, i53, descr=<ArrayP 8>)
+462: i61 = int_sub(i53, 1)
+466: p62 = getfield_gc_pure(p59, descr=<FieldP tuple2.item0 8>)
+470: i63 = getfield_gc_pure(p59, descr=<FieldS tuple2.item1 16>)
+474: setfield_gc(p39, i61, descr=<FieldS pyrlang.interpreter.register.Y_Register.inst_addr_top 16>)
+478: i65 = int_eq(25, i0)
guard_true(i65, descr=<Guard0x101a300d0>) [i0, i2, i1, i63, p4, p3, p62, p10, p12, p14, p16, p18, p20, p22, p24, p26, p28, p30, p32, p34, p36, p38, i50, None]
+492: guard_value(i63, 21, descr=<Guard0x101a30078>) [i2, i1, i63, p39, p4, p3, p62, p10, p12, p14, p16, p18, p20, p22, p24, p26, p28, p30, p32, p34, p36, p38, i50, None]
+502: guard_value(p62, ConstPtr(ptr67), descr=<Guard0x101a30020>) [i2, i1, p39, p4, p3, p62, p10, p12, p14, p16, p18, p20, p22, p24, p26, p28, p30, p32, p34, p36, p38, i50, None]
debug_merge_point(0, 0, '21 line 2')
+521: p68 = same_as(p39)
+524: label(i1, i2, p3, p4, p39, i50, p10, p12, p14, p16, p18, p20, p22, p24, p26, p28, p30, p32, p34, p36, p38, p41, i52, p68, i61, p56, descr=TargetToken(4302418248))
debug_merge_point(0, 0, '22 gc_bif2 L0. 1. 1. y(0). x(0). x(0)')
+557: p69 = getarrayitem_gc(p41, i52, descr=<ArrayP 8>)
+562: guard_class(p69, ConstClass(W_IntObject), descr=<Guard0x101a01f68>) [i2, i1, p4, p3, p69, p10, p12, p14, p16, p18, p20, p22, p24, p26, p28, p30, p32, p34, p36, p38, i50]
+574: i70 = getfield_gc_pure(p69, descr=<FieldS pyrlang.interpreter.datatypes.number.W_IntObject.inst_intval 8>)
+578: i71 = int_add_ovf(i70, i50)
guard_no_overflow(descr=<Guard0x101a01f10>) [i2, i1, p4, p3, i71, p69, p10, p12, p14, p16, p18, p20, p22, p24, p26, p28, p30, p32, p34, p36, p38, i50]
debug_merge_point(0, 0, '23 deallocate 1')
+587: i72 = int_sub(i52, 1)
debug_merge_point(0, 0, '24 return ')
+591: setfield_gc(p68, i72, descr=<FieldS pyrlang.interpreter.register.Y_Register.inst_val_top 40>)
+595: i73 = int_eq(i61, -1)
guard_false(i73, descr=<Guard0x101a01eb8>) [i2, i1, p68, p4, p3, p10, p12, p14, p16, p18, p20, p22, p24, p26, p28, p30, p32, p34, p36, p38, i71, None]
+605: i74 = int_lt(i61, 0)
guard_false(i74, descr=<Guard0x101a01e60>) [i61, i2, i1, p68, p56, p4, p3, p10, p12, p14, p16, p18, p20, p22, p24, p26, p28, p30, p32, p34, p36, p38, i71, None]
+615: p75 = getarrayitem_gc(p56, i61, descr=<ArrayP 8>)
+620: i76 = int_sub(i61, 1)
+624: p77 = getfield_gc_pure(p75, descr=<FieldP tuple2.item0 8>)
+628: i78 = getfield_gc_pure(p75, descr=<FieldS tuple2.item1 16>)
+632: setfield_gc(p68, i76, descr=<FieldS pyrlang.interpreter.register.Y_Register.inst_addr_top 16>)
+636: guard_value(i78, 21, descr=<Guard0x101a01e08>) [i2, i1, i78, p68, p4, p3, p77, p10, p12, p14, p16, p18, p20, p22, p24, p26, p28, p30, p32, p34, p36, p38, i71, None]
+646: guard_value(p77, ConstPtr(ptr67), descr=<Guard0x101a01db0>) [i2, i1, p68, p4, p3, p77, p10, p12, p14, p16, p18, p20, p22, p24, p26, p28, p30, p32, p34, p36, p38, i71, None]
debug_merge_point(0, 0, '21 line 2')
+665: jump(i1, i2, p3, p4, p68, i71, p10, p12, p14, p16, p18, p20, p22, p24, p26, p28, p30, p32, p34, p36, p38, p41, i72, p68, i76, p56, descr=TargetToken(4302418248))
+688: --end of the loop--
[157b75be58f350] jit-log-opt-loop}
[157b75bed9ed23] {jit-log-opt-bridge
# bridge out of Guard 0x100712e38 with 35 ops
[i0, i1, p2, p3, p4, p5, p6, p7, p8, p9, p10, p11, p12, p13, p14, p15, p16, p17, p18, p19, i20, i21]
+59: guard_value(i1, 21, descr=<Guard0x101a305f8>) [i0, i1, p2, p3, p4, p5, p6, p7, p8, p9, p10, p11, p12, p13, p14, p15, p16, p17, p18, p19, i21, i20]
+69: guard_value(p5, ConstPtr(ptr23), descr=<Guard0x101a30a18>) [i0, p2, p3, p4, p5, p6, p7, p8, p9, p10, p11, p12, p13, p14, p15, p16, p17, p18, p19, i21, i20]
debug_merge_point(0, 0, '21 line 2')
+88: label(i0, p4, p3, p2, i20, i21, p6, p7, p8, p9, p10, p11, p12, p13, p14, p15, p16, p17, p18, p19, descr=TargetToken(4302418608))
+125: p24 = getfield_gc(p4, descr=<FieldP pyrlang.interpreter.interp.Process.inst_y_reg 80>)
debug_merge_point(0, 0, '22 gc_bif2 L0. 1. 1. y(0). x(0). x(0)')
+136: i25 = getfield_gc(p24, descr=<FieldS pyrlang.interpreter.register.Y_Register.inst_val_top 40>)
+140: p26 = getfield_gc(p24, descr=<FieldP pyrlang.interpreter.register.Y_Register.inst_vals 48>)
+144: p27 = getarrayitem_gc(p26, i25, descr=<ArrayP 8>)
+149: p28 = getfield_gc(p4, descr=<FieldP pyrlang.interpreter.interp.Process.inst_x_reg 72>)
+153: i29 = ptr_eq(p28, p3)
guard_true(i29, descr=<Guard0x101a309c0>) [i0, p3, p4, p28, p6, p7, p8, p9, p10, p11, p12, p13, p14, p15, p16, p17, p18, p19, i21, i20, p27]
+166: guard_class(p27, ConstClass(W_IntObject), descr=<Guard0x101a30968>) [i0, p3, p4, p27, p6, p7, p8, p9, p10, p11, p12, p13, p14, p15, p16, p17, p18, p19, i21, i20, None]
+179: i32 = getfield_gc_pure(p27, descr=<FieldS pyrlang.interpreter.datatypes.number.W_IntObject.inst_intval 8>)
+183: i33 = int_add_ovf(i32, i20)
guard_no_overflow(descr=<Guard0x101a30910>) [i0, p3, p4, i33, p27, p6, p7, p8, p9, p10, p11, p12, p13, p14, p15, p16, p17, p18, p19, i21, i20, None]
debug_merge_point(0, 0, '23 deallocate 1')
+192: i35 = int_sub(i25, 1)
debug_merge_point(0, 0, '24 return ')
+196: i36 = getfield_gc(p24, descr=<FieldS pyrlang.interpreter.register.Y_Register.inst_addr_top 16>)
+200: setfield_gc(p24, i35, descr=<FieldS pyrlang.interpreter.register.Y_Register.inst_val_top 40>)
+204: i38 = int_eq(i36, -1)
guard_false(i38, descr=<Guard0x101a308b8>) [i0, p24, p3, p4, p6, p7, p8, p9, p10, p11, p12, p13, p14, p15, p16, p17, p18, p19, i33, i21, None, None]
+214: p39 = getfield_gc(p24, descr=<FieldP pyrlang.interpreter.register.Y_Register.inst_addrs 24>)
+218: i41 = int_lt(i36, 0)
guard_false(i41, descr=<Guard0x101a30860>) [i36, i0, p24, p39, p3, p4, p6, p7, p8, p9, p10, p11, p12, p13, p14, p15, p16, p17, p18, p19, i33, i21, None, None]
+228: p42 = getarrayitem_gc(p39, i36, descr=<ArrayP 8>)
+233: i44 = int_sub(i36, 1)
+237: p45 = getfield_gc_pure(p42, descr=<FieldP tuple2.item0 8>)
+241: i46 = getfield_gc_pure(p42, descr=<FieldS tuple2.item1 16>)
+245: setfield_gc(p24, i44, descr=<FieldS pyrlang.interpreter.register.Y_Register.inst_addr_top 16>)
+249: guard_value(i46, 21, descr=<Guard0x101a30808>) [i0, i46, p24, p3, p4, p45, p6, p7, p8, p9, p10, p11, p12, p13, p14, p15, p16, p17, p18, p19, i33, i21, None, None]
+259: guard_value(p45, ConstPtr(ptr48), descr=<Guard0x101a307b0>) [i0, p24, p3, p4, p45, p6, p7, p8, p9, p10, p11, p12, p13, p14, p15, p16, p17, p18, p19, i33, i21, None, None]
debug_merge_point(0, 0, '21 line 2')
+278: jump(i0, p4, p3, p24, i33, i21, p6, p7, p8, p9, p10, p11, p12, p13, p14, p15, p16, p17, p18, p19, descr=TargetToken(4302418608))
+304: --end of the loop--
[157b75bede602c] jit-log-opt-bridge}
[157b75beeb9bcc] {jit-log-opt-bridge
# bridge out of Guard 0x101a00a18 with 4 ops
[i0, i1, p2, p3, p4, p5, p6, p7, p8, p9, p10, p11, p12, p13, p14, p15, p16, p17, p18, p19, i20, i21]
+59: guard_value(i1, 21, descr=<Guard0x101a30b20>) [i0, i1, p2, p3, p4, p5, p6, p7, p8, p9, p10, p11, p12, p13, p14, p15, p16, p17, p18, p19, i21, i20]
+69: guard_value(p5, ConstPtr(ptr23), descr=<Guard0x101a30bd0>) [i0, p2, p3, p4, p5, p6, p7, p8, p9, p10, p11, p12, p13, p14, p15, p16, p17, p18, p19, i21, i20]
debug_merge_point(0, 0, '21 line 2')
+88: jump(i0, p4, p3, p2, i20, i21, p6, p7, p8, p9, p10, p11, p12, p13, p14, p15, p16, p17, p18, p19, descr=TargetToken(4302418608))
+144: --end of the loop--
[157b75beec78fa] jit-log-opt-bridge}
[157b75bf1715cc] {jit-log-opt-bridge
# bridge out of Guard 0x101a30808 with 39 ops
[i0, i1, p2, p3, p4, p5, p6, p7, p8, p9, p10, p11, p12, p13, p14, p15, p16, p17, p18, p19, i20, i21]
+59: guard_value(i1, 15, descr=<Guard0x101a30d30>) [i0, i1, p2, p3, p4, p5, p6, p7, p8, p9, p10, p11, p12, p13, p14, p15, p16, p17, p18, p19, i21, i20]
+69: guard_value(p5, ConstPtr(ptr23), descr=<Guard0x101a31048>) [i0, p2, p3, p4, p5, p6, p7, p8, p9, p10, p11, p12, p13, p14, p15, p16, p17, p18, p19, i21, i20]
debug_merge_point(0, 0, '15 line 2')
+88: p24 = getfield_gc(p4, descr=<FieldP pyrlang.interpreter.interp.Process.inst_y_reg 80>)
debug_merge_point(0, 0, '16 gc_bif2 L0. 1. 0. y(0). #0. x(1)')
+92: i25 = getfield_gc(p24, descr=<FieldS pyrlang.interpreter.register.Y_Register.inst_val_top 40>)
+96: p26 = getfield_gc(p24, descr=<FieldP pyrlang.interpreter.register.Y_Register.inst_vals 48>)
+100: p27 = getarrayitem_gc(p26, i25, descr=<ArrayP 8>)
+105: guard_class(p27, ConstClass(W_IntObject), descr=<Guard0x101a30ff0>) [i0, p3, p4, p27, p6, p7, p8, p9, p10, p11, p12, p13, p14, p15, p16, p17, p18, p19, i21, i20]
+118: i29 = getfield_gc_pure(p27, descr=<FieldS pyrlang.interpreter.datatypes.number.W_IntObject.inst_intval 8>)
+122: i31 = int_sub_ovf(i29, 2)
guard_no_overflow(descr=<Guard0x101a30f98>) [i0, p3, p4, i31, p27, p6, p7, p8, p9, p10, p11, p12, p13, p14, p15, p16, p17, p18, p19, i21, i20]
+132: p32 = getfield_gc(p4, descr=<FieldP pyrlang.interpreter.interp.Process.inst_x_reg 72>)
+136: i33 = ptr_eq(p32, p3)
guard_true(i33, descr=<Guard0x101a30f40>) [i0, p3, p4, p32, p6, p7, p8, p9, p10, p11, p12, p13, p14, p15, p16, p17, p18, p19, i31, i21, i20]
debug_merge_point(0, 0, '17 move x(0). y(0)')
+149: i35 = int_lt(i25, 0)
guard_false(i35, descr=<Guard0x101a30ee8>) [i0, p3, p4, i25, p26, p6, p7, p8, p9, p10, p11, p12, p13, p14, p15, p16, p17, p18, p19, i31, None, i20]
p38 = new_with_vtable(ConstClass(W_IntObject))
+238: setfield_gc(p38, i20, descr=<FieldS pyrlang.interpreter.datatypes.number.W_IntObject.inst_intval 8>)
+283: setarrayitem_gc(p26, i25, p38, descr=<ArrayP 8>)
debug_merge_point(0, 0, '18 move x(1). x(0)')
debug_merge_point(0, 0, '19 line 2')
debug_merge_point(0, 0, '20 call 1. L2')
+288: i39 = getfield_gc(p24, descr=<FieldS pyrlang.interpreter.register.Y_Register.inst_addr_top 16>)
+292: i41 = int_add(i39, 1)
+296: i42 = getfield_gc(p24, descr=<FieldS pyrlang.interpreter.register.Y_Register.inst_addr_size 8>)
+300: setfield_gc(p24, i41, descr=<FieldS pyrlang.interpreter.register.Y_Register.inst_addr_top 16>)
+304: i43 = int_ge(i41, i42)
guard_false(i43, descr=<Guard0x101a30e90>) [i0, p3, p4, i42, p24, p6, p7, p8, p9, p10, p11, p12, p13, p14, p15, p16, p17, p18, p19, i31]
+313: p44 = getfield_gc(p24, descr=<FieldP pyrlang.interpreter.register.Y_Register.inst_addrs 24>)
+317: i46 = int_lt(i41, 0)
guard_false(i46, descr=<Guard0x101a30e38>) [i0, p3, p4, i41, p44, p6, p7, p8, p9, p10, p11, p12, p13, p14, p15, p16, p17, p18, p19, i31]
+369: setarrayitem_gc(p44, i41, ConstPtr(ptr47), descr=<ArrayP 8>)
+384: i49 = int_sub(i0, 1)
debug_merge_point(0, 0, '3 label 2')
p51 = new_with_vtable(ConstClass(W_IntObject))
+407: setfield_gc(p51, i31, descr=<FieldS pyrlang.interpreter.datatypes.number.W_IntObject.inst_intval 8>)
+411: jump(21, i49, 1, p4, p3, p24, p51, p51, p6, p7, p8, p9, p10, p11, p12, p13, p14, p15, p16, p17, p18, p19, descr=TargetToken(4302413856))
+480: --end of the loop--
[157b75bf1ba244] jit-log-opt-bridge}
[157b83627017e6] {jit-backend-counts
entry 0:1755
TargetToken(4302413856):370247964
TargetToken(4302413928):1071651936
bridge 4302612400:370247031
bridge 4302386896:638159218
bridge 4302385224:165579520
entry 1:1045
bridge 4302613720:370246002
bridge 4302386016:165579139
bridge 4302387864:4
bridge 4322233384:102333336
entry 2:251
TargetToken(4302418176):251
TargetToken(4302418248):154
bridge 4302384696:39087303
TargetToken(4302418608):102331875
bridge 4322232856:24157271
bridge 4322428936:63244373
[157b836270e9c8] jit-backend-counts}
