[157cc8dbe5ad5b] {jit-backend-counts
[157cc8dbe6077c] jit-backend-counts}
[157cc8dd33aee4] {jit-log-opt-loop
# Loop 0 (3 label 2) : loop with 629 ops
[i0, i1, i2, p3, p4, p5]
+134: p6 = getfield_gc(p4, descr=<FieldP pyrlang.interpreter.register.X_Register.inst_regs 16>)
+145: p8 = getarrayitem_gc(p6, 0, descr=<ArrayP 8>)
+149: p10 = getarrayitem_gc(p6, 1, descr=<ArrayP 8>)
+153: p12 = getarrayitem_gc(p6, 2, descr=<ArrayP 8>)
+157: p14 = getarrayitem_gc(p6, 3, descr=<ArrayP 8>)
+161: p16 = getarrayitem_gc(p6, 4, descr=<ArrayP 8>)
+165: p18 = getarrayitem_gc(p6, 5, descr=<ArrayP 8>)
+169: p20 = getarrayitem_gc(p6, 6, descr=<ArrayP 8>)
+173: p22 = getarrayitem_gc(p6, 7, descr=<ArrayP 8>)
+177: p24 = getarrayitem_gc(p6, 8, descr=<ArrayP 8>)
+181: p26 = getarrayitem_gc(p6, 9, descr=<ArrayP 8>)
+185: p28 = getarrayitem_gc(p6, 10, descr=<ArrayP 8>)
+189: p30 = getarrayitem_gc(p6, 11, descr=<ArrayP 8>)
+193: p32 = getarrayitem_gc(p6, 12, descr=<ArrayP 8>)
+204: p34 = getarrayitem_gc(p6, 13, descr=<ArrayP 8>)
+215: p36 = getarrayitem_gc(p6, 14, descr=<ArrayP 8>)
+229: p38 = getarrayitem_gc(p6, 15, descr=<ArrayP 8>)
+243: label(i0, i1, i2, p3, p4, p5, p8, p10, p12, p14, p16, p18, p20, p22, p24, p26, p28, p30, p32, p34, p36, p38, descr=TargetToken(4302430240))
debug_merge_point(0, 0, '3 label 2')
+333: p39 = getfield_gc(p3, descr=<FieldP pyrlang.interpreter.interp.Process.inst_y_reg 80>)
debug_merge_point(0, 0, '4 is_lt L3. x(0). #0')
+344: p40 = getfield_gc(p3, descr=<FieldP pyrlang.interpreter.interp.Process.inst_x_reg 72>)
+348: i41 = ptr_eq(p40, p4)
guard_true(i41, descr=<Guard0x100714910>) [i2, i1, i0, p4, p3, p40, p8, p10, p12, p14, p16, p18, p20, p22, p24, p26, p28, p30, p32, p34, p36, p38]
+361: guard_class(p8, ConstClass(W_IntObject), descr=<Guard0x100753780>) [i2, i1, i0, p4, p3, p8, p10, p12, p14, p16, p18, p20, p22, p24, p26, p28, p30, p32, p34, p36, p38]
+373: i43 = getfield_gc_pure(p8, descr=<FieldS pyrlang.interpreter.datatypes.number.W_IntObject.inst_intval 8>)
+377: i45 = int_lt(i43, 2)
guard_true(i45, descr=<Guard0x100753728>) [i2, i1, i0, p4, p3, p8, p10, p12, p14, p16, p18, p20, p22, p24, p26, p28, p30, p32, p34, p36, p38]
debug_merge_point(0, 0, '5 move #1. x(0)')
debug_merge_point(0, 0, '6 return ')
+387: i46 = getfield_gc(p39, descr=<FieldS pyrlang.interpreter.register.Y_Register.inst_addr_top 16>)
+391: i48 = int_eq(i46, -1)
guard_false(i48, descr=<Guard0x1007536d0>) [i0, i2, i1, p39, p4, p3, p10, p12, p14, p16, p18, p20, p22, p24, p26, p28, p30, p32, p34, p36, p38]
+401: p49 = getfield_gc(p39, descr=<FieldP pyrlang.interpreter.register.Y_Register.inst_addrs 24>)
+405: i51 = int_lt(i46, 0)
guard_false(i51, descr=<Guard0x100753678>) [i46, i0, i2, i1, p39, p49, p4, p3, p10, p12, p14, p16, p18, p20, p22, p24, p26, p28, p30, p32, p34, p36, p38]
+415: p52 = getarrayitem_gc(p49, i46, descr=<ArrayP 8>)
+420: i54 = int_sub(i46, 1)
+424: p55 = getfield_gc_pure(p52, descr=<FieldP tuple2.item0 8>)
+428: i56 = getfield_gc_pure(p52, descr=<FieldS tuple2.item1 16>)
+432: setfield_gc(p39, i54, descr=<FieldS pyrlang.interpreter.register.Y_Register.inst_addr_top 16>)
+436: i58 = int_eq(7, i0)
guard_false(i58, descr=<Guard0x100753620>) [i0, i2, i1, i56, p4, p3, p55, p10, p12, p14, p16, p18, p20, p22, p24, p26, p28, p30, p32, p34, p36, p38]
+450: guard_value(i56, 15, descr=<Guard0x1007535c8>) [i2, i1, i56, p39, p4, p3, p55, p10, p12, p14, p16, p18, p20, p22, p24, p26, p28, p30, p32, p34, p36, p38]
+460: guard_value(p55, ConstPtr(ptr60), descr=<Guard0x100753570>) [i2, i1, p39, p4, p3, p55, p10, p12, p14, p16, p18, p20, p22, p24, p26, p28, p30, p32, p34, p36, p38]
debug_merge_point(0, 0, '15 line 2')
debug_merge_point(0, 0, '16 gc_bif2 L0. 1. 0. y(0). #0. x(1)')
+479: i61 = getfield_gc(p39, descr=<FieldS pyrlang.interpreter.register.Y_Register.inst_val_top 40>)
+483: p62 = getfield_gc(p39, descr=<FieldP pyrlang.interpreter.register.Y_Register.inst_vals 48>)
+487: p63 = getarrayitem_gc(p62, i61, descr=<ArrayP 8>)
+492: guard_class(p63, ConstClass(W_IntObject), descr=<Guard0x100753518>) [i2, i1, p4, p3, p63, p10, p12, p14, p16, p18, p20, p22, p24, p26, p28, p30, p32, p34, p36, p38]
+504: i65 = getfield_gc_pure(p63, descr=<FieldS pyrlang.interpreter.datatypes.number.W_IntObject.inst_intval 8>)
+508: i67 = int_sub_ovf(i65, 2)
guard_no_overflow(descr=<Guard0x1007534c0>) [i2, i1, p4, p3, i67, p63, p10, p12, p14, p16, p18, p20, p22, p24, p26, p28, p30, p32, p34, p36, p38]
debug_merge_point(0, 0, '17 move x(0). y(0)')
+518: i69 = int_lt(i61, 0)
guard_false(i69, descr=<Guard0x100753468>) [i2, i1, p4, p3, i61, p62, p12, p14, p16, p18, p20, p22, p24, p26, p28, p30, p32, p34, p36, p38, i67]
+569: setarrayitem_gc(p62, i61, ConstPtr(ptr70), descr=<ArrayP 8>)
debug_merge_point(0, 0, '18 move x(1). x(0)')
debug_merge_point(0, 0, '19 line 2')
debug_merge_point(0, 0, '20 call 1. L2')
+584: i71 = getfield_gc(p39, descr=<FieldS pyrlang.interpreter.register.Y_Register.inst_addr_size 8>)
+588: setfield_gc(p39, i46, descr=<FieldS pyrlang.interpreter.register.Y_Register.inst_addr_top 16>)
+592: i72 = int_ge(i46, i71)
guard_false(i72, descr=<Guard0x100753410>) [i2, i1, p4, p3, i71, p39, p12, p14, p16, p18, p20, p22, p24, p26, p28, p30, p32, p34, p36, p38, i67]
+640: setarrayitem_gc(p49, i46, ConstPtr(ptr73), descr=<ArrayP 8>)
+655: i75 = int_sub(i1, 1)
+666: guard_true(i2, descr=<Guard0x1007533b8>) [i75, p4, p3, p12, p14, p16, p18, p20, p22, p24, p26, p28, p30, p32, p34, p36, p38, i67]
debug_merge_point(0, 0, '3 label 2')
debug_merge_point(0, 0, '4 is_lt L3. x(0). #0')
+682: i77 = int_lt(i67, 2)
guard_true(i77, descr=<Guard0x100753360>) [i75, p4, p3, p12, p14, p16, p18, p20, p22, p24, p26, p28, p30, p32, p34, p36, p38, i67]
debug_merge_point(0, 0, '5 move #1. x(0)')
debug_merge_point(0, 0, '6 return ')
+692: p78 = getarrayitem_gc(p49, i46, descr=<ArrayP 8>)
+697: p79 = getfield_gc_pure(p78, descr=<FieldP tuple2.item0 8>)
+701: i80 = getfield_gc_pure(p78, descr=<FieldS tuple2.item1 16>)
+705: setfield_gc(p39, i54, descr=<FieldS pyrlang.interpreter.register.Y_Register.inst_addr_top 16>)
+709: guard_value(i80, 21, descr=<Guard0x100753308>) [i75, i80, p39, p4, p3, p79, p12, p14, p16, p18, p20, p22, p24, p26, p28, p30, p32, p34, p36, p38, i67]
+719: guard_value(p79, ConstPtr(ptr82), descr=<Guard0x1007532b0>) [i75, p39, p4, p3, p79, p12, p14, p16, p18, p20, p22, p24, p26, p28, p30, p32, p34, p36, p38, i67]
debug_merge_point(0, 0, '21 line 2')
debug_merge_point(0, 0, '22 gc_bif2 L0. 1. 1. y(0). x(0). x(0)')
+738: p83 = getarrayitem_gc(p62, i61, descr=<ArrayP 8>)
+743: guard_class(p83, ConstClass(W_IntObject), descr=<Guard0x100753258>) [i75, p4, p3, p83, p12, p14, p16, p18, p20, p22, p24, p26, p28, p30, p32, p34, p36, p38, i67]
+755: i85 = getfield_gc_pure(p83, descr=<FieldS pyrlang.interpreter.datatypes.number.W_IntObject.inst_intval 8>)
+759: i87 = int_add_ovf(i85, 1)
guard_no_overflow(descr=<Guard0x100753200>) [i75, p4, p3, i87, p83, p12, p14, p16, p18, p20, p22, p24, p26, p28, p30, p32, p34, p36, p38, i67]
debug_merge_point(0, 0, '23 deallocate 1')
+769: i89 = int_sub(i61, 1)
debug_merge_point(0, 0, '24 return ')
+773: setfield_gc(p39, i89, descr=<FieldS pyrlang.interpreter.register.Y_Register.inst_val_top 40>)
+777: i91 = int_eq(i54, -1)
guard_false(i91, descr=<Guard0x1007531a8>) [i75, p39, p4, p3, p12, p14, p16, p18, p20, p22, p24, p26, p28, p30, p32, p34, p36, p38, i87, i67]
+787: i93 = int_lt(i54, 0)
guard_false(i93, descr=<Guard0x100753150>) [i54, i75, p39, p49, p4, p3, p12, p14, p16, p18, p20, p22, p24, p26, p28, p30, p32, p34, p36, p38, i87, i67]
+797: p94 = getarrayitem_gc(p49, i54, descr=<ArrayP 8>)
+802: i96 = int_sub(i54, 1)
+806: p97 = getfield_gc_pure(p94, descr=<FieldP tuple2.item0 8>)
+810: i98 = getfield_gc_pure(p94, descr=<FieldS tuple2.item1 16>)
+814: setfield_gc(p39, i96, descr=<FieldS pyrlang.interpreter.register.Y_Register.inst_addr_top 16>)
+818: guard_value(i98, 15, descr=<Guard0x1007530f8>) [i75, i98, p39, p4, p3, p97, p12, p14, p16, p18, p20, p22, p24, p26, p28, p30, p32, p34, p36, p38, i87, i67]
+828: guard_value(p97, ConstPtr(ptr100), descr=<Guard0x1007530a0>) [i75, p39, p4, p3, p97, p12, p14, p16, p18, p20, p22, p24, p26, p28, p30, p32, p34, p36, p38, i87, i67]
debug_merge_point(0, 0, '15 line 2')
debug_merge_point(0, 0, '16 gc_bif2 L0. 1. 0. y(0). #0. x(1)')
+847: p101 = getarrayitem_gc(p62, i89, descr=<ArrayP 8>)
+852: guard_class(p101, ConstClass(W_IntObject), descr=<Guard0x100753048>) [i75, p4, p3, p101, p12, p14, p16, p18, p20, p22, p24, p26, p28, p30, p32, p34, p36, p38, i87, i67]
+864: i103 = getfield_gc_pure(p101, descr=<FieldS pyrlang.interpreter.datatypes.number.W_IntObject.inst_intval 8>)
+868: i105 = int_sub_ovf(i103, 2)
guard_no_overflow(descr=<Guard0x100752ff0>) [i75, p4, p3, i105, p101, p12, p14, p16, p18, p20, p22, p24, p26, p28, p30, p32, p34, p36, p38, i87, i67]
debug_merge_point(0, 0, '17 move x(0). y(0)')
+878: i107 = int_lt(i89, 0)
guard_false(i107, descr=<Guard0x100752f98>) [i75, p4, p3, i89, p62, p12, p14, p16, p18, p20, p22, p24, p26, p28, p30, p32, p34, p36, p38, i105, i87, None]
p110 = new_with_vtable(ConstClass(W_IntObject))
+974: setfield_gc(p110, i87, descr=<FieldS pyrlang.interpreter.datatypes.number.W_IntObject.inst_intval 8>)
+1026: setarrayitem_gc(p62, i89, p110, descr=<ArrayP 8>)
debug_merge_point(0, 0, '18 move x(1). x(0)')
debug_merge_point(0, 0, '19 line 2')
debug_merge_point(0, 0, '20 call 1. L2')
+1031: setfield_gc(p39, i54, descr=<FieldS pyrlang.interpreter.register.Y_Register.inst_addr_top 16>)
+1035: i111 = int_ge(i54, i71)
guard_false(i111, descr=<Guard0x100752f40>) [i75, p4, p3, i71, p39, p12, p14, p16, p18, p20, p22, p24, p26, p28, p30, p32, p34, p36, p38, i105]
+1083: setarrayitem_gc(p49, i54, ConstPtr(ptr112), descr=<ArrayP 8>)
+1098: i114 = int_sub(i75, 1)
debug_merge_point(0, 0, '3 label 2')
debug_merge_point(0, 0, '4 is_lt L3. x(0). #0')
+1103: i116 = int_lt(i105, 2)
guard_true(i116, descr=<Guard0x100752ee8>) [i114, p4, p3, p12, p14, p16, p18, p20, p22, p24, p26, p28, p30, p32, p34, p36, p38, i105]
debug_merge_point(0, 0, '5 move #1. x(0)')
debug_merge_point(0, 0, '6 return ')
+1113: p117 = getarrayitem_gc(p49, i54, descr=<ArrayP 8>)
+1118: p118 = getfield_gc_pure(p117, descr=<FieldP tuple2.item0 8>)
+1123: i119 = getfield_gc_pure(p117, descr=<FieldS tuple2.item1 16>)
+1128: setfield_gc(p39, i96, descr=<FieldS pyrlang.interpreter.register.Y_Register.inst_addr_top 16>)
+1132: guard_value(i119, 21, descr=<Guard0x100752e90>) [i114, i119, p39, p4, p3, p118, p12, p14, p16, p18, p20, p22, p24, p26, p28, p30, p32, p34, p36, p38, i105]
+1142: guard_value(p118, ConstPtr(ptr121), descr=<Guard0x100752e38>) [i114, p39, p4, p3, p118, p12, p14, p16, p18, p20, p22, p24, p26, p28, p30, p32, p34, p36, p38, i105]
debug_merge_point(0, 0, '21 line 2')
debug_merge_point(0, 0, '22 gc_bif2 L0. 1. 1. y(0). x(0). x(0)')
+1161: p122 = getarrayitem_gc(p62, i89, descr=<ArrayP 8>)
+1166: guard_class(p122, ConstClass(W_IntObject), descr=<Guard0x100752de0>) [i114, p4, p3, p122, p12, p14, p16, p18, p20, p22, p24, p26, p28, p30, p32, p34, p36, p38, i105]
+1180: i124 = getfield_gc_pure(p122, descr=<FieldS pyrlang.interpreter.datatypes.number.W_IntObject.inst_intval 8>)
+1184: i126 = int_add_ovf(i124, 1)
guard_no_overflow(descr=<Guard0x100752d88>) [i114, p4, p3, i126, p122, p12, p14, p16, p18, p20, p22, p24, p26, p28, p30, p32, p34, p36, p38, i105]
debug_merge_point(0, 0, '23 deallocate 1')
+1194: i128 = int_sub(i89, 1)
debug_merge_point(0, 0, '24 return ')
+1198: setfield_gc(p39, i128, descr=<FieldS pyrlang.interpreter.register.Y_Register.inst_val_top 40>)
+1202: i130 = int_eq(i96, -1)
guard_false(i130, descr=<Guard0x100752d30>) [i114, p39, p4, p3, p12, p14, p16, p18, p20, p22, p24, p26, p28, p30, p32, p34, p36, p38, i126, i105]
+1212: i132 = int_lt(i96, 0)
guard_false(i132, descr=<Guard0x100752cd8>) [i96, i114, p39, p49, p4, p3, p12, p14, p16, p18, p20, p22, p24, p26, p28, p30, p32, p34, p36, p38, i126, i105]
+1222: p133 = getarrayitem_gc(p49, i96, descr=<ArrayP 8>)
+1227: i135 = int_sub(i96, 1)
+1238: p136 = getfield_gc_pure(p133, descr=<FieldP tuple2.item0 8>)
+1250: i137 = getfield_gc_pure(p133, descr=<FieldS tuple2.item1 16>)
+1262: setfield_gc(p39, i135, descr=<FieldS pyrlang.interpreter.register.Y_Register.inst_addr_top 16>)
+1266: guard_value(i137, 15, descr=<Guard0x100752c80>) [i114, i137, p39, p4, p3, p136, p12, p14, p16, p18, p20, p22, p24, p26, p28, p30, p32, p34, p36, p38, i126, i105]
+1276: guard_value(p136, ConstPtr(ptr139), descr=<Guard0x100752c28>) [i114, p39, p4, p3, p136, p12, p14, p16, p18, p20, p22, p24, p26, p28, p30, p32, p34, p36, p38, i126, i105]
debug_merge_point(0, 0, '15 line 2')
debug_merge_point(0, 0, '16 gc_bif2 L0. 1. 0. y(0). #0. x(1)')
+1295: p140 = getarrayitem_gc(p62, i128, descr=<ArrayP 8>)
+1307: guard_class(p140, ConstClass(W_IntObject), descr=<Guard0x100752bd0>) [i114, p4, p3, p140, p12, p14, p16, p18, p20, p22, p24, p26, p28, p30, p32, p34, p36, p38, i126, i105]
+1319: i142 = getfield_gc_pure(p140, descr=<FieldS pyrlang.interpreter.datatypes.number.W_IntObject.inst_intval 8>)
+1323: i144 = int_sub_ovf(i142, 2)
guard_no_overflow(descr=<Guard0x100752b78>) [i114, p4, p3, i144, p140, p12, p14, p16, p18, p20, p22, p24, p26, p28, p30, p32, p34, p36, p38, i126, i105]
debug_merge_point(0, 0, '17 move x(0). y(0)')
+1333: i146 = int_lt(i128, 0)
guard_false(i146, descr=<Guard0x100752b20>) [i114, p4, p3, i128, p62, p12, p14, p16, p18, p20, p22, p24, p26, p28, p30, p32, p34, p36, p38, i144, i126, None]
p148 = new_with_vtable(ConstClass(W_IntObject))
+1354: setfield_gc(p148, i126, descr=<FieldS pyrlang.interpreter.datatypes.number.W_IntObject.inst_intval 8>)
+1399: setarrayitem_gc(p62, i128, p148, descr=<ArrayP 8>)
debug_merge_point(0, 0, '18 move x(1). x(0)')
debug_merge_point(0, 0, '19 line 2')
debug_merge_point(0, 0, '20 call 1. L2')
+1404: setfield_gc(p39, i96, descr=<FieldS pyrlang.interpreter.register.Y_Register.inst_addr_top 16>)
+1408: i149 = int_ge(i96, i71)
guard_false(i149, descr=<Guard0x100752ac8>) [i114, p4, p3, i71, p39, p12, p14, p16, p18, p20, p22, p24, p26, p28, p30, p32, p34, p36, p38, i144]
+1469: setarrayitem_gc(p49, i96, ConstPtr(ptr150), descr=<ArrayP 8>)
+1484: i152 = int_sub(i114, 1)
debug_merge_point(0, 0, '3 label 2')
debug_merge_point(0, 0, '4 is_lt L3. x(0). #0')
+1488: i154 = int_lt(i144, 2)
guard_false(i154, descr=<Guard0x100752a70>) [i152, p4, p3, p12, p14, p16, p18, p20, p22, p24, p26, p28, p30, p32, p34, p36, p38, i144]
debug_merge_point(0, 0, '7 label 3')
debug_merge_point(0, 0, '8 allocate_zero 1. 1')
+1498: i155 = getfield_gc(p39, descr=<FieldS pyrlang.interpreter.register.Y_Register.inst_val_size 32>)
+1502: setfield_gc(p39, i89, descr=<FieldS pyrlang.interpreter.register.Y_Register.inst_val_top 40>)
+1506: i156 = int_ge(i89, i155)
guard_false(i156, descr=<Guard0x100752a18>) [i152, p4, p3, i89, i155, p39, p12, p14, p16, p18, p20, p22, p24, p26, p28, p30, p32, p34, p36, p38, i144]
+1515: setarrayitem_gc(p62, i89, ConstPtr(ptr157), descr=<ArrayP 8>)
debug_merge_point(0, 0, '9 line 2')
debug_merge_point(0, 0, '10 gc_bif2 L0. 1. 0. x(0). #1. x(1)')
+1530: i159 = int_sub(i144, 1)
debug_merge_point(0, 0, '11 move x(0). y(0)')
p161 = new_with_vtable(ConstClass(W_IntObject))
+1553: setfield_gc(p161, i144, descr=<FieldS pyrlang.interpreter.datatypes.number.W_IntObject.inst_intval 8>)
+1598: setarrayitem_gc(p62, i89, p161, descr=<ArrayP 8>)
debug_merge_point(0, 0, '12 move x(1). x(0)')
debug_merge_point(0, 0, '13 line 2')
debug_merge_point(0, 0, '14 call 1. L2')
+1644: setarrayitem_gc(p49, i54, ConstPtr(ptr162), descr=<ArrayP 8>)
+1659: i164 = int_sub(i152, 1)
debug_merge_point(0, 0, '3 label 2')
debug_merge_point(0, 0, '4 is_lt L3. x(0). #0')
+1663: setfield_gc(p39, i54, descr=<FieldS pyrlang.interpreter.register.Y_Register.inst_addr_top 16>)
+1667: i166 = int_lt(i159, 2)
guard_true(i166, descr=<Guard0x1007529c0>) [i164, p4, p3, p12, p14, p16, p18, p20, p22, p24, p26, p28, p30, p32, p34, p36, p38, i159]
debug_merge_point(0, 0, '5 move #1. x(0)')
debug_merge_point(0, 0, '6 return ')
+1677: p167 = getarrayitem_gc(p49, i54, descr=<ArrayP 8>)
+1682: p168 = getfield_gc_pure(p167, descr=<FieldP tuple2.item0 8>)
+1686: i169 = getfield_gc_pure(p167, descr=<FieldS tuple2.item1 16>)
+1690: setfield_gc(p39, i96, descr=<FieldS pyrlang.interpreter.register.Y_Register.inst_addr_top 16>)
+1701: guard_value(i169, 15, descr=<Guard0x100752968>) [i164, i169, p39, p4, p3, p168, p12, p14, p16, p18, p20, p22, p24, p26, p28, p30, p32, p34, p36, p38, None]
+1711: guard_value(p168, ConstPtr(ptr171), descr=<Guard0x100752910>) [i164, p39, p4, p3, p168, p12, p14, p16, p18, p20, p22, p24, p26, p28, p30, p32, p34, p36, p38, None]
debug_merge_point(0, 0, '15 line 2')
debug_merge_point(0, 0, '16 gc_bif2 L0. 1. 0. y(0). #0. x(1)')
+1730: p172 = getarrayitem_gc(p62, i89, descr=<ArrayP 8>)
+1735: guard_class(p172, ConstClass(W_IntObject), descr=<Guard0x1007528b8>) [i164, p4, p3, p172, p12, p14, p16, p18, p20, p22, p24, p26, p28, p30, p32, p34, p36, p38, None]
+1747: i174 = getfield_gc_pure(p172, descr=<FieldS pyrlang.interpreter.datatypes.number.W_IntObject.inst_intval 8>)
+1751: i176 = int_sub_ovf(i174, 2)
guard_no_overflow(descr=<Guard0x100752860>) [i164, p4, p3, i176, p172, p12, p14, p16, p18, p20, p22, p24, p26, p28, p30, p32, p34, p36, p38, None]
debug_merge_point(0, 0, '17 move x(0). y(0)')
+1802: setarrayitem_gc(p62, i89, ConstPtr(ptr177), descr=<ArrayP 8>)
debug_merge_point(0, 0, '18 move x(1). x(0)')
debug_merge_point(0, 0, '19 line 2')
debug_merge_point(0, 0, '20 call 1. L2')
+1858: setarrayitem_gc(p49, i54, ConstPtr(ptr178), descr=<ArrayP 8>)
+1873: i180 = int_sub(i164, 1)
debug_merge_point(0, 0, '3 label 2')
debug_merge_point(0, 0, '4 is_lt L3. x(0). #0')
+1878: setfield_gc(p39, i54, descr=<FieldS pyrlang.interpreter.register.Y_Register.inst_addr_top 16>)
+1882: i182 = int_lt(i176, 2)
guard_true(i182, descr=<Guard0x100752808>) [i180, p4, p3, p12, p14, p16, p18, p20, p22, p24, p26, p28, p30, p32, p34, p36, p38, i176]
debug_merge_point(0, 0, '5 move #1. x(0)')
debug_merge_point(0, 0, '6 return ')
+1892: p183 = getarrayitem_gc(p49, i54, descr=<ArrayP 8>)
+1897: p184 = getfield_gc_pure(p183, descr=<FieldP tuple2.item0 8>)
+1909: i185 = getfield_gc_pure(p183, descr=<FieldS tuple2.item1 16>)
+1921: setfield_gc(p39, i96, descr=<FieldS pyrlang.interpreter.register.Y_Register.inst_addr_top 16>)
+1925: guard_value(i185, 21, descr=<Guard0x1007527b0>) [i180, i185, p39, p4, p3, p184, p12, p14, p16, p18, p20, p22, p24, p26, p28, p30, p32, p34, p36, p38, i176]
+1935: guard_value(p184, ConstPtr(ptr187), descr=<Guard0x100752758>) [i180, p39, p4, p3, p184, p12, p14, p16, p18, p20, p22, p24, p26, p28, p30, p32, p34, p36, p38, i176]
debug_merge_point(0, 0, '21 line 2')
debug_merge_point(0, 0, '22 gc_bif2 L0. 1. 1. y(0). x(0). x(0)')
+1954: p188 = getarrayitem_gc(p62, i89, descr=<ArrayP 8>)
+1959: guard_class(p188, ConstClass(W_IntObject), descr=<Guard0x100752700>) [i180, p4, p3, p188, p12, p14, p16, p18, p20, p22, p24, p26, p28, p30, p32, p34, p36, p38, i176]
+1973: i190 = getfield_gc_pure(p188, descr=<FieldS pyrlang.interpreter.datatypes.number.W_IntObject.inst_intval 8>)
+1977: i192 = int_add_ovf(i190, 1)
guard_no_overflow(descr=<Guard0x1007526a8>) [i180, p4, p3, i192, p188, p12, p14, p16, p18, p20, p22, p24, p26, p28, p30, p32, p34, p36, p38, i176]
debug_merge_point(0, 0, '23 deallocate 1')
debug_merge_point(0, 0, '24 return ')
+1987: p193 = getarrayitem_gc(p49, i96, descr=<ArrayP 8>)
+1992: p194 = getfield_gc_pure(p193, descr=<FieldP tuple2.item0 8>)
+1996: i195 = getfield_gc_pure(p193, descr=<FieldS tuple2.item1 16>)
+2000: setfield_gc(p39, i135, descr=<FieldS pyrlang.interpreter.register.Y_Register.inst_addr_top 16>)
+2011: setfield_gc(p39, i128, descr=<FieldS pyrlang.interpreter.register.Y_Register.inst_val_top 40>)
+2022: guard_value(i195, 21, descr=<Guard0x100752650>) [i180, i195, p39, p4, p3, p194, p12, p14, p16, p18, p20, p22, p24, p26, p28, p30, p32, p34, p36, p38, i192, i176]
+2032: guard_value(p194, ConstPtr(ptr197), descr=<Guard0x1007525f8>) [i180, p39, p4, p3, p194, p12, p14, p16, p18, p20, p22, p24, p26, p28, p30, p32, p34, p36, p38, i192, i176]
debug_merge_point(0, 0, '21 line 2')
debug_merge_point(0, 0, '22 gc_bif2 L0. 1. 1. y(0). x(0). x(0)')
+2051: p198 = getarrayitem_gc(p62, i128, descr=<ArrayP 8>)
+2063: guard_class(p198, ConstClass(W_IntObject), descr=<Guard0x1007525a0>) [i180, p4, p3, p198, p12, p14, p16, p18, p20, p22, p24, p26, p28, p30, p32, p34, p36, p38, i192, i176]
+2076: i200 = getfield_gc_pure(p198, descr=<FieldS pyrlang.interpreter.datatypes.number.W_IntObject.inst_intval 8>)
+2087: i201 = int_add_ovf(i200, i192)
guard_no_overflow(descr=<Guard0x100752548>) [i180, p4, p3, i201, p198, p12, p14, p16, p18, p20, p22, p24, p26, p28, p30, p32, p34, p36, p38, i192, i176]
debug_merge_point(0, 0, '23 deallocate 1')
+2096: i203 = int_sub(i128, 1)
debug_merge_point(0, 0, '24 return ')
+2100: setfield_gc(p39, i203, descr=<FieldS pyrlang.interpreter.register.Y_Register.inst_val_top 40>)
+2104: i205 = int_eq(i135, -1)
guard_false(i205, descr=<Guard0x1007524f0>) [i180, p39, p4, p3, p12, p14, p16, p18, p20, p22, p24, p26, p28, p30, p32, p34, p36, p38, i201, None, i176]
+2114: i207 = int_lt(i135, 0)
guard_false(i207, descr=<Guard0x100752498>) [i135, i180, p39, p49, p4, p3, p12, p14, p16, p18, p20, p22, p24, p26, p28, p30, p32, p34, p36, p38, i201, None, i176]
+2124: p208 = getarrayitem_gc(p49, i135, descr=<ArrayP 8>)
+2136: i210 = int_sub(i135, 1)
+2140: p211 = getfield_gc_pure(p208, descr=<FieldP tuple2.item0 8>)
+2144: i212 = getfield_gc_pure(p208, descr=<FieldS tuple2.item1 16>)
+2148: setfield_gc(p39, i210, descr=<FieldS pyrlang.interpreter.register.Y_Register.inst_addr_top 16>)
+2152: guard_value(i212, 15, descr=<Guard0x100752440>) [i180, i212, p39, p4, p3, p211, p12, p14, p16, p18, p20, p22, p24, p26, p28, p30, p32, p34, p36, p38, i201, None, i176]
+2162: guard_value(p211, ConstPtr(ptr214), descr=<Guard0x1007523e8>) [i180, p39, p4, p3, p211, p12, p14, p16, p18, p20, p22, p24, p26, p28, p30, p32, p34, p36, p38, i201, None, i176]
debug_merge_point(0, 0, '15 line 2')
debug_merge_point(0, 0, '16 gc_bif2 L0. 1. 0. y(0). #0. x(1)')
+2181: p215 = getarrayitem_gc(p62, i203, descr=<ArrayP 8>)
+2193: guard_class(p215, ConstClass(W_IntObject), descr=<Guard0x100752390>) [i180, p4, p3, p215, p12, p14, p16, p18, p20, p22, p24, p26, p28, p30, p32, p34, p36, p38, i201, None, i176]
+2207: i217 = getfield_gc_pure(p215, descr=<FieldS pyrlang.interpreter.datatypes.number.W_IntObject.inst_intval 8>)
+2212: i219 = int_sub_ovf(i217, 2)
guard_no_overflow(descr=<Guard0x100752338>) [i180, p4, p3, i219, p215, p12, p14, p16, p18, p20, p22, p24, p26, p28, p30, p32, p34, p36, p38, i201, None, i176]
debug_merge_point(0, 0, '17 move x(0). y(0)')
+2222: i221 = int_lt(i203, 0)
guard_false(i221, descr=<Guard0x1007522e0>) [i180, p4, p3, i203, p62, p12, p14, p16, p18, p20, p22, p24, p26, p28, p30, p32, p34, p36, p38, i219, i201, None, None]
p223 = new_with_vtable(ConstClass(W_IntObject))
+2243: setfield_gc(p223, i201, descr=<FieldS pyrlang.interpreter.datatypes.number.W_IntObject.inst_intval 8>)
+2288: setarrayitem_gc(p62, i203, p223, descr=<ArrayP 8>)
debug_merge_point(0, 0, '18 move x(1). x(0)')
debug_merge_point(0, 0, '19 line 2')
debug_merge_point(0, 0, '20 call 1. L2')
+2293: setfield_gc(p39, i135, descr=<FieldS pyrlang.interpreter.register.Y_Register.inst_addr_top 16>)
+2304: i224 = int_ge(i135, i71)
guard_false(i224, descr=<Guard0x100752288>) [i180, p4, p3, i71, p39, p12, p14, p16, p18, p20, p22, p24, p26, p28, p30, p32, p34, p36, p38, i219]
+2358: setarrayitem_gc(p49, i135, ConstPtr(ptr225), descr=<ArrayP 8>)
+2373: i227 = int_sub(i180, 1)
debug_merge_point(0, 0, '3 label 2')
debug_merge_point(0, 0, '4 is_lt L3. x(0). #0')
+2377: i229 = int_lt(i219, 2)
guard_false(i229, descr=<Guard0x100752230>) [i227, p4, p3, p12, p14, p16, p18, p20, p22, p24, p26, p28, p30, p32, p34, p36, p38, i219]
debug_merge_point(0, 0, '7 label 3')
debug_merge_point(0, 0, '8 allocate_zero 1. 1')
+2387: setfield_gc(p39, i128, descr=<FieldS pyrlang.interpreter.register.Y_Register.inst_val_top 40>)
+2398: i230 = int_ge(i128, i155)
guard_false(i230, descr=<Guard0x1007521d8>) [i227, p4, p3, i128, i155, p39, p12, p14, p16, p18, p20, p22, p24, p26, p28, p30, p32, p34, p36, p38, i219]
+2411: setarrayitem_gc(p62, i128, ConstPtr(ptr157), descr=<ArrayP 8>)
debug_merge_point(0, 0, '9 line 2')
debug_merge_point(0, 0, '10 gc_bif2 L0. 1. 0. x(0). #1. x(1)')
+2426: i232 = int_sub(i219, 1)
debug_merge_point(0, 0, '11 move x(0). y(0)')
p234 = new_with_vtable(ConstClass(W_IntObject))
+2448: setfield_gc(p234, i219, descr=<FieldS pyrlang.interpreter.datatypes.number.W_IntObject.inst_intval 8>)
+2493: setarrayitem_gc(p62, i128, p234, descr=<ArrayP 8>)
debug_merge_point(0, 0, '12 move x(1). x(0)')
debug_merge_point(0, 0, '13 line 2')
debug_merge_point(0, 0, '14 call 1. L2')
+2546: setarrayitem_gc(p49, i96, ConstPtr(ptr235), descr=<ArrayP 8>)
+2561: i237 = int_sub(i227, 1)
debug_merge_point(0, 0, '3 label 2')
debug_merge_point(0, 0, '4 is_lt L3. x(0). #0')
+2565: setfield_gc(p39, i96, descr=<FieldS pyrlang.interpreter.register.Y_Register.inst_addr_top 16>)
+2569: i239 = int_lt(i232, 2)
guard_false(i239, descr=<Guard0x100752180>) [i237, p4, p3, p12, p14, p16, p18, p20, p22, p24, p26, p28, p30, p32, p34, p36, p38, i232]
debug_merge_point(0, 0, '7 label 3')
debug_merge_point(0, 0, '8 allocate_zero 1. 1')
+2579: setarrayitem_gc(p62, i89, ConstPtr(ptr157), descr=<ArrayP 8>)
debug_merge_point(0, 0, '9 line 2')
debug_merge_point(0, 0, '10 gc_bif2 L0. 1. 0. x(0). #1. x(1)')
+2594: i241 = int_sub(i232, 1)
debug_merge_point(0, 0, '11 move x(0). y(0)')
p243 = new_with_vtable(ConstClass(W_IntObject))
+2610: setfield_gc(p243, i232, descr=<FieldS pyrlang.interpreter.datatypes.number.W_IntObject.inst_intval 8>)
+2655: setarrayitem_gc(p62, i89, p243, descr=<ArrayP 8>)
debug_merge_point(0, 0, '12 move x(1). x(0)')
debug_merge_point(0, 0, '13 line 2')
debug_merge_point(0, 0, '14 call 1. L2')
+2708: setarrayitem_gc(p49, i54, ConstPtr(ptr244), descr=<ArrayP 8>)
+2723: i246 = int_sub(i237, 1)
debug_merge_point(0, 0, '3 label 2')
+2727: setfield_gc(p39, i54, descr=<FieldS pyrlang.interpreter.register.Y_Register.inst_addr_top 16>)
+2731: setfield_gc(p39, i89, descr=<FieldS pyrlang.interpreter.register.Y_Register.inst_val_top 40>)
+2735: p247 = same_as(p39)
+2738: label(i246, p3, p4, p39, i241, p12, p14, p16, p18, p20, p22, p24, p26, p28, p30, p32, p34, p36, p38, p49, i54, p247, i96, p62, i89, i135, i128, i210, i203, i71, i155, descr=TargetToken(4302430312))
debug_merge_point(0, 0, '3 label 2')
debug_merge_point(0, 0, '4 is_lt L3. x(0). #0')
+2765: i248 = int_lt(i241, 2)
guard_true(i248, descr=<Guard0x100752128>) [i246, p4, p3, p12, p14, p16, p18, p20, p22, p24, p26, p28, p30, p32, p34, p36, p38, i241]
debug_merge_point(0, 0, '5 move #1. x(0)')
debug_merge_point(0, 0, '6 return ')
+2775: p249 = getarrayitem_gc(p49, i54, descr=<ArrayP 8>)
+2780: p250 = getfield_gc_pure(p249, descr=<FieldP tuple2.item0 8>)
+2784: i251 = getfield_gc_pure(p249, descr=<FieldS tuple2.item1 16>)
+2788: setfield_gc(p247, i96, descr=<FieldS pyrlang.interpreter.register.Y_Register.inst_addr_top 16>)
+2792: guard_value(i251, 15, descr=<Guard0x1007520d0>) [i246, i251, p247, p4, p3, p250, p12, p14, p16, p18, p20, p22, p24, p26, p28, p30, p32, p34, p36, p38, None]
+2802: guard_value(p250, ConstPtr(ptr60), descr=<Guard0x100752078>) [i246, p247, p4, p3, p250, p12, p14, p16, p18, p20, p22, p24, p26, p28, p30, p32, p34, p36, p38, None]
debug_merge_point(0, 0, '15 line 2')
debug_merge_point(0, 0, '16 gc_bif2 L0. 1. 0. y(0). #0. x(1)')
+2821: p252 = getarrayitem_gc(p62, i89, descr=<ArrayP 8>)
+2826: guard_class(p252, ConstClass(W_IntObject), descr=<Guard0x100752020>) [i246, p4, p3, p252, p12, p14, p16, p18, p20, p22, p24, p26, p28, p30, p32, p34, p36, p38, None]
+2839: i253 = getfield_gc_pure(p252, descr=<FieldS pyrlang.interpreter.datatypes.number.W_IntObject.inst_intval 8>)
+2843: i254 = int_sub_ovf(i253, 2)
guard_no_overflow(descr=<Guard0x100715f68>) [i246, p4, p3, i254, p252, p12, p14, p16, p18, p20, p22, p24, p26, p28, p30, p32, p34, p36, p38, None]
debug_merge_point(0, 0, '17 move x(0). y(0)')
+2894: setarrayitem_gc(p62, i89, ConstPtr(ptr70), descr=<ArrayP 8>)
debug_merge_point(0, 0, '18 move x(1). x(0)')
debug_merge_point(0, 0, '19 line 2')
debug_merge_point(0, 0, '20 call 1. L2')
+2950: setarrayitem_gc(p49, i54, ConstPtr(ptr255), descr=<ArrayP 8>)
+2965: i256 = int_sub(i246, 1)
debug_merge_point(0, 0, '3 label 2')
debug_merge_point(0, 0, '4 is_lt L3. x(0). #0')
+2970: setfield_gc(p247, i54, descr=<FieldS pyrlang.interpreter.register.Y_Register.inst_addr_top 16>)
+2974: i257 = int_lt(i254, 2)
guard_true(i257, descr=<Guard0x100715f10>) [i256, p4, p3, p12, p14, p16, p18, p20, p22, p24, p26, p28, p30, p32, p34, p36, p38, i254]
debug_merge_point(0, 0, '5 move #1. x(0)')
debug_merge_point(0, 0, '6 return ')
+2984: p258 = getarrayitem_gc(p49, i54, descr=<ArrayP 8>)
+2989: p259 = getfield_gc_pure(p258, descr=<FieldP tuple2.item0 8>)
+2994: i260 = getfield_gc_pure(p258, descr=<FieldS tuple2.item1 16>)
+2999: setfield_gc(p247, i96, descr=<FieldS pyrlang.interpreter.register.Y_Register.inst_addr_top 16>)
+3003: guard_value(i260, 21, descr=<Guard0x100715eb8>) [i256, i260, p247, p4, p3, p259, p12, p14, p16, p18, p20, p22, p24, p26, p28, p30, p32, p34, p36, p38, i254]
+3013: guard_value(p259, ConstPtr(ptr82), descr=<Guard0x100715e60>) [i256, p247, p4, p3, p259, p12, p14, p16, p18, p20, p22, p24, p26, p28, p30, p32, p34, p36, p38, i254]
debug_merge_point(0, 0, '21 line 2')
debug_merge_point(0, 0, '22 gc_bif2 L0. 1. 1. y(0). x(0). x(0)')
+3032: p261 = getarrayitem_gc(p62, i89, descr=<ArrayP 8>)
+3037: guard_class(p261, ConstClass(W_IntObject), descr=<Guard0x100715e08>) [i256, p4, p3, p261, p12, p14, p16, p18, p20, p22, p24, p26, p28, p30, p32, p34, p36, p38, i254]
+3049: i262 = getfield_gc_pure(p261, descr=<FieldS pyrlang.interpreter.datatypes.number.W_IntObject.inst_intval 8>)
+3053: i263 = int_add_ovf(i262, 1)
guard_no_overflow(descr=<Guard0x100715db0>) [i256, p4, p3, i263, p261, p12, p14, p16, p18, p20, p22, p24, p26, p28, p30, p32, p34, p36, p38, i254]
debug_merge_point(0, 0, '23 deallocate 1')
debug_merge_point(0, 0, '24 return ')
+3063: p264 = getarrayitem_gc(p49, i96, descr=<ArrayP 8>)
+3068: p265 = getfield_gc_pure(p264, descr=<FieldP tuple2.item0 8>)
+3072: i266 = getfield_gc_pure(p264, descr=<FieldS tuple2.item1 16>)
+3076: setfield_gc(p247, i135, descr=<FieldS pyrlang.interpreter.register.Y_Register.inst_addr_top 16>)
+3080: setfield_gc(p247, i128, descr=<FieldS pyrlang.interpreter.register.Y_Register.inst_val_top 40>)
+3084: guard_value(i266, 15, descr=<Guard0x100715d58>) [i256, i266, p247, p4, p3, p265, p12, p14, p16, p18, p20, p22, p24, p26, p28, p30, p32, p34, p36, p38, i263, i254]
+3094: guard_value(p265, ConstPtr(ptr100), descr=<Guard0x100715d00>) [i256, p247, p4, p3, p265, p12, p14, p16, p18, p20, p22, p24, p26, p28, p30, p32, p34, p36, p38, i263, i254]
debug_merge_point(0, 0, '15 line 2')
debug_merge_point(0, 0, '16 gc_bif2 L0. 1. 0. y(0). #0. x(1)')
+3113: p267 = getarrayitem_gc(p62, i128, descr=<ArrayP 8>)
+3118: guard_class(p267, ConstClass(W_IntObject), descr=<Guard0x100715ca8>) [i256, p4, p3, p267, p12, p14, p16, p18, p20, p22, p24, p26, p28, p30, p32, p34, p36, p38, i263, i254]
+3131: i268 = getfield_gc_pure(p267, descr=<FieldS pyrlang.interpreter.datatypes.number.W_IntObject.inst_intval 8>)
+3135: i269 = int_sub_ovf(i268, 2)
guard_no_overflow(descr=<Guard0x100715c50>) [i256, p4, p3, i269, p267, p12, p14, p16, p18, p20, p22, p24, p26, p28, p30, p32, p34, p36, p38, i263, i254]
debug_merge_point(0, 0, '17 move x(0). y(0)')
p270 = new_with_vtable(ConstClass(W_IntObject))
+3238: setfield_gc(p270, i263, descr=<FieldS pyrlang.interpreter.datatypes.number.W_IntObject.inst_intval 8>)
+3290: setarrayitem_gc(p62, i128, p270, descr=<ArrayP 8>)
debug_merge_point(0, 0, '18 move x(1). x(0)')
debug_merge_point(0, 0, '19 line 2')
debug_merge_point(0, 0, '20 call 1. L2')
+3336: setarrayitem_gc(p49, i96, ConstPtr(ptr271), descr=<ArrayP 8>)
+3351: i272 = int_sub(i256, 1)
debug_merge_point(0, 0, '3 label 2')
debug_merge_point(0, 0, '4 is_lt L3. x(0). #0')
+3355: setfield_gc(p247, i96, descr=<FieldS pyrlang.interpreter.register.Y_Register.inst_addr_top 16>)
+3359: i273 = int_lt(i269, 2)
guard_true(i273, descr=<Guard0x100715bf8>) [i272, p4, p3, p12, p14, p16, p18, p20, p22, p24, p26, p28, p30, p32, p34, p36, p38, i269]
debug_merge_point(0, 0, '5 move #1. x(0)')
debug_merge_point(0, 0, '6 return ')
+3369: p274 = getarrayitem_gc(p49, i96, descr=<ArrayP 8>)
+3374: p275 = getfield_gc_pure(p274, descr=<FieldP tuple2.item0 8>)
+3378: i276 = getfield_gc_pure(p274, descr=<FieldS tuple2.item1 16>)
+3382: setfield_gc(p247, i135, descr=<FieldS pyrlang.interpreter.register.Y_Register.inst_addr_top 16>)
+3393: guard_value(i276, 21, descr=<Guard0x100715ba0>) [i272, i276, p247, p4, p3, p275, p12, p14, p16, p18, p20, p22, p24, p26, p28, p30, p32, p34, p36, p38, i269]
+3403: guard_value(p275, ConstPtr(ptr121), descr=<Guard0x100715b48>) [i272, p247, p4, p3, p275, p12, p14, p16, p18, p20, p22, p24, p26, p28, p30, p32, p34, p36, p38, i269]
debug_merge_point(0, 0, '21 line 2')
debug_merge_point(0, 0, '22 gc_bif2 L0. 1. 1. y(0). x(0). x(0)')
+3422: p277 = getarrayitem_gc(p62, i128, descr=<ArrayP 8>)
+3427: guard_class(p277, ConstClass(W_IntObject), descr=<Guard0x100715af0>) [i272, p4, p3, p277, p12, p14, p16, p18, p20, p22, p24, p26, p28, p30, p32, p34, p36, p38, i269]
+3439: i278 = getfield_gc_pure(p277, descr=<FieldS pyrlang.interpreter.datatypes.number.W_IntObject.inst_intval 8>)
+3443: i279 = int_add_ovf(i278, 1)
guard_no_overflow(descr=<Guard0x100715a98>) [i272, p4, p3, i279, p277, p12, p14, p16, p18, p20, p22, p24, p26, p28, p30, p32, p34, p36, p38, i269]
debug_merge_point(0, 0, '23 deallocate 1')
debug_merge_point(0, 0, '24 return ')
+3453: p280 = getarrayitem_gc(p49, i135, descr=<ArrayP 8>)
+3458: p281 = getfield_gc_pure(p280, descr=<FieldP tuple2.item0 8>)
+3462: i282 = getfield_gc_pure(p280, descr=<FieldS tuple2.item1 16>)
+3473: setfield_gc(p247, i210, descr=<FieldS pyrlang.interpreter.register.Y_Register.inst_addr_top 16>)
+3484: setfield_gc(p247, i203, descr=<FieldS pyrlang.interpreter.register.Y_Register.inst_val_top 40>)
+3502: guard_value(i282, 15, descr=<Guard0x100715a40>) [i272, i282, p247, p4, p3, p281, p12, p14, p16, p18, p20, p22, p24, p26, p28, p30, p32, p34, p36, p38, i279, i269]
+3512: guard_value(p281, ConstPtr(ptr139), descr=<Guard0x1007159e8>) [i272, p247, p4, p3, p281, p12, p14, p16, p18, p20, p22, p24, p26, p28, p30, p32, p34, p36, p38, i279, i269]
debug_merge_point(0, 0, '15 line 2')
debug_merge_point(0, 0, '16 gc_bif2 L0. 1. 0. y(0). #0. x(1)')
+3531: p283 = getarrayitem_gc(p62, i203, descr=<ArrayP 8>)
+3543: guard_class(p283, ConstClass(W_IntObject), descr=<Guard0x100715990>) [i272, p4, p3, p283, p12, p14, p16, p18, p20, p22, p24, p26, p28, p30, p32, p34, p36, p38, i279, i269]
+3557: i284 = getfield_gc_pure(p283, descr=<FieldS pyrlang.interpreter.datatypes.number.W_IntObject.inst_intval 8>)
+3568: i285 = int_sub_ovf(i284, 2)
guard_no_overflow(descr=<Guard0x100715938>) [i272, p4, p3, i285, p283, p12, p14, p16, p18, p20, p22, p24, p26, p28, p30, p32, p34, p36, p38, i279, i269]
debug_merge_point(0, 0, '17 move x(0). y(0)')
p286 = new_with_vtable(ConstClass(W_IntObject))
+3590: setfield_gc(p286, i279, descr=<FieldS pyrlang.interpreter.datatypes.number.W_IntObject.inst_intval 8>)
+3634: setarrayitem_gc(p62, i203, p286, descr=<ArrayP 8>)
debug_merge_point(0, 0, '18 move x(1). x(0)')
debug_merge_point(0, 0, '19 line 2')
debug_merge_point(0, 0, '20 call 1. L2')
+3680: setarrayitem_gc(p49, i135, ConstPtr(ptr287), descr=<ArrayP 8>)
+3695: i288 = int_sub(i272, 1)
debug_merge_point(0, 0, '3 label 2')
debug_merge_point(0, 0, '4 is_lt L3. x(0). #0')
+3699: setfield_gc(p247, i135, descr=<FieldS pyrlang.interpreter.register.Y_Register.inst_addr_top 16>)
+3703: i289 = int_lt(i285, 2)
guard_false(i289, descr=<Guard0x1007158e0>) [i288, p4, p3, p12, p14, p16, p18, p20, p22, p24, p26, p28, p30, p32, p34, p36, p38, i285]
debug_merge_point(0, 0, '7 label 3')
debug_merge_point(0, 0, '8 allocate_zero 1. 1')
+3713: setarrayitem_gc(p62, i128, ConstPtr(ptr157), descr=<ArrayP 8>)
debug_merge_point(0, 0, '9 line 2')
debug_merge_point(0, 0, '10 gc_bif2 L0. 1. 0. x(0). #1. x(1)')
+3728: i290 = int_sub(i285, 1)
debug_merge_point(0, 0, '11 move x(0). y(0)')
p291 = new_with_vtable(ConstClass(W_IntObject))
+3744: setfield_gc(p291, i285, descr=<FieldS pyrlang.interpreter.datatypes.number.W_IntObject.inst_intval 8>)
+3787: setarrayitem_gc(p62, i128, p291, descr=<ArrayP 8>)
debug_merge_point(0, 0, '12 move x(1). x(0)')
debug_merge_point(0, 0, '13 line 2')
debug_merge_point(0, 0, '14 call 1. L2')
+3840: setarrayitem_gc(p49, i96, ConstPtr(ptr292), descr=<ArrayP 8>)
+3855: i293 = int_sub(i288, 1)
debug_merge_point(0, 0, '3 label 2')
debug_merge_point(0, 0, '4 is_lt L3. x(0). #0')
+3859: setfield_gc(p247, i96, descr=<FieldS pyrlang.interpreter.register.Y_Register.inst_addr_top 16>)
+3863: setfield_gc(p247, i128, descr=<FieldS pyrlang.interpreter.register.Y_Register.inst_val_top 40>)
+3867: i294 = int_lt(i290, 2)
guard_true(i294, descr=<Guard0x100715888>) [i293, p4, p3, p12, p14, p16, p18, p20, p22, p24, p26, p28, p30, p32, p34, p36, p38, i290]
debug_merge_point(0, 0, '5 move #1. x(0)')
debug_merge_point(0, 0, '6 return ')
+3877: p295 = getarrayitem_gc(p49, i96, descr=<ArrayP 8>)
+3882: p296 = getfield_gc_pure(p295, descr=<FieldP tuple2.item0 8>)
+3886: i297 = getfield_gc_pure(p295, descr=<FieldS tuple2.item1 16>)
+3890: setfield_gc(p247, i135, descr=<FieldS pyrlang.interpreter.register.Y_Register.inst_addr_top 16>)
+3894: guard_value(i297, 15, descr=<Guard0x100715830>) [i293, i297, p247, p4, p3, p296, p12, p14, p16, p18, p20, p22, p24, p26, p28, p30, p32, p34, p36, p38, None]
+3904: guard_value(p296, ConstPtr(ptr171), descr=<Guard0x1007157d8>) [i293, p247, p4, p3, p296, p12, p14, p16, p18, p20, p22, p24, p26, p28, p30, p32, p34, p36, p38, None]
debug_merge_point(0, 0, '15 line 2')
debug_merge_point(0, 0, '16 gc_bif2 L0. 1. 0. y(0). #0. x(1)')
+3923: p298 = getarrayitem_gc(p62, i128, descr=<ArrayP 8>)
+3928: guard_class(p298, ConstClass(W_IntObject), descr=<Guard0x100715780>) [i293, p4, p3, p298, p12, p14, p16, p18, p20, p22, p24, p26, p28, p30, p32, p34, p36, p38, None]
+3941: i299 = getfield_gc_pure(p298, descr=<FieldS pyrlang.interpreter.datatypes.number.W_IntObject.inst_intval 8>)
+3945: i300 = int_sub_ovf(i299, 2)
guard_no_overflow(descr=<Guard0x100715728>) [i293, p4, p3, i300, p298, p12, p14, p16, p18, p20, p22, p24, p26, p28, p30, p32, p34, p36, p38, None]
debug_merge_point(0, 0, '17 move x(0). y(0)')
+3994: setarrayitem_gc(p62, i128, ConstPtr(ptr177), descr=<ArrayP 8>)
debug_merge_point(0, 0, '18 move x(1). x(0)')
debug_merge_point(0, 0, '19 line 2')
debug_merge_point(0, 0, '20 call 1. L2')
+4050: setarrayitem_gc(p49, i96, ConstPtr(ptr301), descr=<ArrayP 8>)
+4065: i302 = int_sub(i293, 1)
debug_merge_point(0, 0, '3 label 2')
debug_merge_point(0, 0, '4 is_lt L3. x(0). #0')
+4070: setfield_gc(p247, i96, descr=<FieldS pyrlang.interpreter.register.Y_Register.inst_addr_top 16>)
+4074: i303 = int_lt(i300, 2)
guard_true(i303, descr=<Guard0x1007156d0>) [i302, p4, p3, p12, p14, p16, p18, p20, p22, p24, p26, p28, p30, p32, p34, p36, p38, i300]
debug_merge_point(0, 0, '5 move #1. x(0)')
debug_merge_point(0, 0, '6 return ')
+4084: p304 = getarrayitem_gc(p49, i96, descr=<ArrayP 8>)
+4089: p305 = getfield_gc_pure(p304, descr=<FieldP tuple2.item0 8>)
+4094: i306 = getfield_gc_pure(p304, descr=<FieldS tuple2.item1 16>)
+4106: setfield_gc(p247, i135, descr=<FieldS pyrlang.interpreter.register.Y_Register.inst_addr_top 16>)
+4110: guard_value(i306, 21, descr=<Guard0x100715678>) [i302, i306, p247, p4, p3, p305, p12, p14, p16, p18, p20, p22, p24, p26, p28, p30, p32, p34, p36, p38, i300]
+4120: guard_value(p305, ConstPtr(ptr187), descr=<Guard0x100715620>) [i302, p247, p4, p3, p305, p12, p14, p16, p18, p20, p22, p24, p26, p28, p30, p32, p34, p36, p38, i300]
debug_merge_point(0, 0, '21 line 2')
debug_merge_point(0, 0, '22 gc_bif2 L0. 1. 1. y(0). x(0). x(0)')
+4139: p307 = getarrayitem_gc(p62, i128, descr=<ArrayP 8>)
+4144: guard_class(p307, ConstClass(W_IntObject), descr=<Guard0x1007155c8>) [i302, p4, p3, p307, p12, p14, p16, p18, p20, p22, p24, p26, p28, p30, p32, p34, p36, p38, i300]
+4156: i308 = getfield_gc_pure(p307, descr=<FieldS pyrlang.interpreter.datatypes.number.W_IntObject.inst_intval 8>)
+4160: i309 = int_add_ovf(i308, 1)
guard_no_overflow(descr=<Guard0x100715570>) [i302, p4, p3, i309, p307, p12, p14, p16, p18, p20, p22, p24, p26, p28, p30, p32, p34, p36, p38, i300]
debug_merge_point(0, 0, '23 deallocate 1')
debug_merge_point(0, 0, '24 return ')
+4170: p310 = getarrayitem_gc(p49, i135, descr=<ArrayP 8>)
+4182: p311 = getfield_gc_pure(p310, descr=<FieldP tuple2.item0 8>)
+4194: i312 = getfield_gc_pure(p310, descr=<FieldS tuple2.item1 16>)
+4199: setfield_gc(p247, i210, descr=<FieldS pyrlang.interpreter.register.Y_Register.inst_addr_top 16>)
+4211: setfield_gc(p247, i203, descr=<FieldS pyrlang.interpreter.register.Y_Register.inst_val_top 40>)
+4216: guard_value(i312, 21, descr=<Guard0x100715518>) [i302, i312, p247, p4, p3, p311, p12, p14, p16, p18, p20, p22, p24, p26, p28, p30, p32, p34, p36, p38, i309, i300]
+4226: guard_value(p311, ConstPtr(ptr197), descr=<Guard0x1007154c0>) [i302, p247, p4, p3, p311, p12, p14, p16, p18, p20, p22, p24, p26, p28, p30, p32, p34, p36, p38, i309, i300]
debug_merge_point(0, 0, '21 line 2')
debug_merge_point(0, 0, '22 gc_bif2 L0. 1. 1. y(0). x(0). x(0)')
+4245: p313 = getarrayitem_gc(p62, i203, descr=<ArrayP 8>)
+4250: guard_class(p313, ConstClass(W_IntObject), descr=<Guard0x100715468>) [i302, p4, p3, p313, p12, p14, p16, p18, p20, p22, p24, p26, p28, p30, p32, p34, p36, p38, i309, i300]
+4263: i314 = getfield_gc_pure(p313, descr=<FieldS pyrlang.interpreter.datatypes.number.W_IntObject.inst_intval 8>)
+4267: i315 = int_add_ovf(i314, i309)
guard_no_overflow(descr=<Guard0x100715410>) [i302, p4, p3, i315, p313, p12, p14, p16, p18, p20, p22, p24, p26, p28, p30, p32, p34, p36, p38, i309, i300]
debug_merge_point(0, 0, '23 deallocate 1')
+4276: i316 = int_sub(i203, 1)
debug_merge_point(0, 0, '24 return ')
+4280: setfield_gc(p247, i316, descr=<FieldS pyrlang.interpreter.register.Y_Register.inst_val_top 40>)
+4285: i317 = int_eq(i210, -1)
guard_false(i317, descr=<Guard0x1007153b8>) [i302, p247, p4, p3, p12, p14, p16, p18, p20, p22, p24, p26, p28, p30, p32, p34, p36, p38, i315, None, i300]
+4295: i318 = int_lt(i210, 0)
guard_false(i318, descr=<Guard0x100715360>) [i210, i302, p247, p49, p4, p3, p12, p14, p16, p18, p20, p22, p24, p26, p28, p30, p32, p34, p36, p38, i315, None, i300]
+4305: p319 = getarrayitem_gc(p49, i210, descr=<ArrayP 8>)
+4310: i320 = int_sub(i210, 1)
+4314: p321 = getfield_gc_pure(p319, descr=<FieldP tuple2.item0 8>)
+4318: i322 = getfield_gc_pure(p319, descr=<FieldS tuple2.item1 16>)
+4322: setfield_gc(p247, i320, descr=<FieldS pyrlang.interpreter.register.Y_Register.inst_addr_top 16>)
+4327: guard_value(i322, 15, descr=<Guard0x100715308>) [i302, i322, p247, p4, p3, p321, p12, p14, p16, p18, p20, p22, p24, p26, p28, p30, p32, p34, p36, p38, i315, None, i300]
+4337: guard_value(p321, ConstPtr(ptr214), descr=<Guard0x1007152b0>) [i302, p247, p4, p3, p321, p12, p14, p16, p18, p20, p22, p24, p26, p28, p30, p32, p34, p36, p38, i315, None, i300]
debug_merge_point(0, 0, '15 line 2')
debug_merge_point(0, 0, '16 gc_bif2 L0. 1. 0. y(0). #0. x(1)')
+4356: p323 = getarrayitem_gc(p62, i316, descr=<ArrayP 8>)
+4361: guard_class(p323, ConstClass(W_IntObject), descr=<Guard0x100715258>) [i302, p4, p3, p323, p12, p14, p16, p18, p20, p22, p24, p26, p28, p30, p32, p34, p36, p38, i315, None, i300]
+4373: i324 = getfield_gc_pure(p323, descr=<FieldS pyrlang.interpreter.datatypes.number.W_IntObject.inst_intval 8>)
+4377: i325 = int_sub_ovf(i324, 2)
guard_no_overflow(descr=<Guard0x100715200>) [i302, p4, p3, i325, p323, p12, p14, p16, p18, p20, p22, p24, p26, p28, p30, p32, p34, p36, p38, i315, None, i300]
debug_merge_point(0, 0, '17 move x(0). y(0)')
+4387: i326 = int_lt(i316, 0)
guard_false(i326, descr=<Guard0x1007151a8>) [i302, p4, p3, i316, p62, p12, p14, p16, p18, p20, p22, p24, p26, p28, p30, p32, p34, p36, p38, i325, i315, None, None]
p327 = new_with_vtable(ConstClass(W_IntObject))
+4409: setfield_gc(p327, i315, descr=<FieldS pyrlang.interpreter.datatypes.number.W_IntObject.inst_intval 8>)
+4452: setarrayitem_gc(p62, i316, p327, descr=<ArrayP 8>)
debug_merge_point(0, 0, '18 move x(1). x(0)')
debug_merge_point(0, 0, '19 line 2')
debug_merge_point(0, 0, '20 call 1. L2')
+4457: setfield_gc(p247, i210, descr=<FieldS pyrlang.interpreter.register.Y_Register.inst_addr_top 16>)
+4469: i328 = int_ge(i210, i71)
guard_false(i328, descr=<Guard0x100715150>) [i302, p4, p3, i71, p247, p12, p14, p16, p18, p20, p22, p24, p26, p28, p30, p32, p34, p36, p38, i325]
+4521: setarrayitem_gc(p49, i210, ConstPtr(ptr329), descr=<ArrayP 8>)
+4536: i330 = int_sub(i302, 1)
debug_merge_point(0, 0, '3 label 2')
debug_merge_point(0, 0, '4 is_lt L3. x(0). #0')
+4540: i331 = int_lt(i325, 2)
guard_false(i331, descr=<Guard0x1007150f8>) [i330, p4, p3, p12, p14, p16, p18, p20, p22, p24, p26, p28, p30, p32, p34, p36, p38, i325]
debug_merge_point(0, 0, '7 label 3')
debug_merge_point(0, 0, '8 allocate_zero 1. 1')
+4550: setfield_gc(p247, i203, descr=<FieldS pyrlang.interpreter.register.Y_Register.inst_val_top 40>)
+4562: i332 = int_ge(i203, i155)
guard_false(i332, descr=<Guard0x1007150a0>) [i330, p4, p3, i203, i155, p247, p12, p14, p16, p18, p20, p22, p24, p26, p28, p30, p32, p34, p36, p38, i325]
+4575: setarrayitem_gc(p62, i203, ConstPtr(ptr157), descr=<ArrayP 8>)
debug_merge_point(0, 0, '9 line 2')
debug_merge_point(0, 0, '10 gc_bif2 L0. 1. 0. x(0). #1. x(1)')
+4590: i333 = int_sub(i325, 1)
debug_merge_point(0, 0, '11 move x(0). y(0)')
p334 = new_with_vtable(ConstClass(W_IntObject))
+4605: setfield_gc(p334, i325, descr=<FieldS pyrlang.interpreter.datatypes.number.W_IntObject.inst_intval 8>)
+4648: setarrayitem_gc(p62, i203, p334, descr=<ArrayP 8>)
debug_merge_point(0, 0, '12 move x(1). x(0)')
debug_merge_point(0, 0, '13 line 2')
debug_merge_point(0, 0, '14 call 1. L2')
+4699: setarrayitem_gc(p49, i135, ConstPtr(ptr335), descr=<ArrayP 8>)
+4714: i336 = int_sub(i330, 1)
debug_merge_point(0, 0, '3 label 2')
debug_merge_point(0, 0, '4 is_lt L3. x(0). #0')
+4718: setfield_gc(p247, i135, descr=<FieldS pyrlang.interpreter.register.Y_Register.inst_addr_top 16>)
+4723: i337 = int_lt(i333, 2)
guard_false(i337, descr=<Guard0x100715048>) [i336, p4, p3, p12, p14, p16, p18, p20, p22, p24, p26, p28, p30, p32, p34, p36, p38, i333]
debug_merge_point(0, 0, '7 label 3')
debug_merge_point(0, 0, '8 allocate_zero 1. 1')
+4733: setarrayitem_gc(p62, i128, ConstPtr(ptr157), descr=<ArrayP 8>)
debug_merge_point(0, 0, '9 line 2')
debug_merge_point(0, 0, '10 gc_bif2 L0. 1. 0. x(0). #1. x(1)')
+4755: i338 = int_sub(i333, 1)
debug_merge_point(0, 0, '11 move x(0). y(0)')
p339 = new_with_vtable(ConstClass(W_IntObject))
+4770: setfield_gc(p339, i333, descr=<FieldS pyrlang.interpreter.datatypes.number.W_IntObject.inst_intval 8>)
+4820: setarrayitem_gc(p62, i128, p339, descr=<ArrayP 8>)
debug_merge_point(0, 0, '12 move x(1). x(0)')
debug_merge_point(0, 0, '13 line 2')
debug_merge_point(0, 0, '14 call 1. L2')
+4871: setarrayitem_gc(p49, i96, ConstPtr(ptr340), descr=<ArrayP 8>)
+4886: i341 = int_sub(i336, 1)
debug_merge_point(0, 0, '3 label 2')
+4890: setfield_gc(p247, i96, descr=<FieldS pyrlang.interpreter.register.Y_Register.inst_addr_top 16>)
+4895: setfield_gc(p247, i128, descr=<FieldS pyrlang.interpreter.register.Y_Register.inst_val_top 40>)
+4900: jump(i341, p3, p4, p247, i338, p12, p14, p16, p18, p20, p22, p24, p26, p28, p30, p32, p34, p36, p38, p49, i96, p247, i135, p62, i128, i210, i203, i320, i316, i71, i155, descr=TargetToken(4302430312))
+4960: --end of the loop--
[157cc8dd6448f0] jit-log-opt-loop}
[157cc8dda27751] {jit-log-opt-bridge
# bridge out of Guard 0x100753728 with 62 ops
[i0, i1, i2, p3, p4, p5, p6, p7, p8, p9, p10, p11, p12, p13, p14, p15, p16, p17, p18, p19, p20]
+59: p21 = getfield_gc(p4, descr=<FieldP pyrlang.interpreter.interp.Process.inst_y_reg 80>)
debug_merge_point(0, 0, '7 label 3')
debug_merge_point(0, 0, '8 allocate_zero 1. 1')
+63: i22 = getfield_gc(p21, descr=<FieldS pyrlang.interpreter.register.Y_Register.inst_val_top 40>)
+67: i24 = int_add(i22, 1)
+71: i25 = getfield_gc(p21, descr=<FieldS pyrlang.interpreter.register.Y_Register.inst_val_size 32>)
+75: setfield_gc(p21, i24, descr=<FieldS pyrlang.interpreter.register.Y_Register.inst_val_top 40>)
+79: i26 = int_ge(i24, i25)
guard_false(i26, descr=<Guard0x100753830>) [i0, i1, i2, p3, p4, i24, i25, p21, p5, p6, p7, p8, p9, p10, p11, p12, p13, p14, p15, p16, p17, p18, p19, p20]
+88: p27 = getfield_gc(p21, descr=<FieldP pyrlang.interpreter.register.Y_Register.inst_vals 48>)
+92: i29 = int_lt(i24, 0)
guard_false(i29, descr=<Guard0x100753eb8>) [i0, i1, i2, p3, p4, i24, p27, p21, p5, p6, p7, p8, p9, p10, p11, p12, p13, p14, p15, p16, p17, p18, p19, p20]
+102: setarrayitem_gc(p27, i24, ConstPtr(ptr30), descr=<ArrayP 8>)
debug_merge_point(0, 0, '9 line 2')
debug_merge_point(0, 0, '10 gc_bif2 L0. 1. 0. x(0). #1. x(1)')
+117: p31 = getfield_gc(p4, descr=<FieldP pyrlang.interpreter.interp.Process.inst_x_reg 72>)
+121: i32 = ptr_eq(p31, p3)
guard_true(i32, descr=<Guard0x100753e60>) [i0, i1, i2, p3, p4, p31, p5, p6, p7, p8, p9, p10, p11, p12, p13, p14, p15, p16, p17, p18, p19, p20]
+134: guard_class(p5, ConstClass(W_IntObject), descr=<Guard0x100753e08>) [i0, i1, i2, p3, p4, p5, p6, p7, p8, p9, p10, p11, p12, p13, p14, p15, p16, p17, p18, p19, p20]
+146: i34 = getfield_gc_pure(p5, descr=<FieldS pyrlang.interpreter.datatypes.number.W_IntObject.inst_intval 8>)
+150: i36 = int_sub_ovf(i34, 1)
guard_no_overflow(descr=<Guard0x100753db0>) [i0, i1, i2, p3, p4, i36, p5, p6, p7, p8, p9, p10, p11, p12, p13, p14, p15, p16, p17, p18, p19, p20]
debug_merge_point(0, 0, '11 move x(0). y(0)')
+201: setarrayitem_gc(p27, i24, p5, descr=<ArrayP 8>)
debug_merge_point(0, 0, '12 move x(1). x(0)')
debug_merge_point(0, 0, '13 line 2')
debug_merge_point(0, 0, '14 call 1. L2')
+206: i38 = int_eq(15, i2)
+222: i39 = getfield_gc(p21, descr=<FieldS pyrlang.interpreter.register.Y_Register.inst_addr_top 16>)
+226: i41 = int_add(i39, 1)
+230: i42 = getfield_gc(p21, descr=<FieldS pyrlang.interpreter.register.Y_Register.inst_addr_size 8>)
+234: setfield_gc(p21, i41, descr=<FieldS pyrlang.interpreter.register.Y_Register.inst_addr_top 16>)
+238: i43 = int_ge(i41, i42)
guard_false(i43, descr=<Guard0x100753d58>) [i38, i2, i0, i1, p3, p4, i42, p21, p7, p8, p9, p10, p11, p12, p13, p14, p15, p16, p17, p18, p19, p20, i36]
+247: p44 = getfield_gc(p21, descr=<FieldP pyrlang.interpreter.register.Y_Register.inst_addrs 24>)
+251: i46 = int_lt(i41, 0)
guard_false(i46, descr=<Guard0x100753d00>) [i38, i2, i0, i1, p3, p4, i41, p44, p7, p8, p9, p10, p11, p12, p13, p14, p15, p16, p17, p18, p19, p20, i36]
+300: setarrayitem_gc(p44, i41, ConstPtr(ptr47), descr=<ArrayP 8>)
+315: i49 = int_sub(i1, 1)
+326: guard_true(i0, descr=<Guard0x100753ca8>) [i38, i2, i49, p3, p4, p7, p8, p9, p10, p11, p12, p13, p14, p15, p16, p17, p18, p19, p20, i36]
+349: guard_true(i38, descr=<Guard0x100753c50>) [i2, i49, p3, p4, p7, p8, p9, p10, p11, p12, p13, p14, p15, p16, p17, p18, p19, p20, i36]
debug_merge_point(0, 0, '3 label 2')
+358: i51 = int_ge(i36, 1)
guard_true(i51, descr=<Guard0x100753bf8>) [i49, p21, p3, p4, p7, p8, p9, p10, p11, p12, p13, p14, p15, p16, p17, p18, p19, p20, i36]
+368: i53 = int_ge(i41, 2)
guard_true(i53, descr=<Guard0x100753ba0>) [i49, p21, p3, p4, p7, p8, p9, p10, p11, p12, p13, p14, p15, p16, p17, p18, p19, p20, i36]
+378: i55 = int_ge(i24, 2)
guard_true(i55, descr=<Guard0x100753b48>) [i49, p21, p3, p4, p7, p8, p9, p10, p11, p12, p13, p14, p15, p16, p17, p18, p19, p20, i36]
+388: i57 = int_ge(i42, 1)
guard_true(i57, descr=<Guard0x100753af0>) [i49, p21, p3, p4, p7, p8, p9, p10, p11, p12, p13, p14, p15, p16, p17, p18, p19, p20, i36]
+398: i59 = int_sub(i39, 1)
+402: i60 = int_ge(i39, i42)
guard_false(i60, descr=<Guard0x100753a98>) [i49, p21, p3, p4, p7, p8, p9, p10, p11, p12, p13, p14, p15, p16, p17, p18, p19, p20, i36]
+411: i62 = int_sub(i22, 1)
+415: i64 = int_sub(i59, 1)
+426: i65 = int_ge(i59, i42)
guard_false(i65, descr=<Guard0x100753a40>) [i49, p21, p3, p4, p7, p8, p9, p10, p11, p12, p13, p14, p15, p16, p17, p18, p19, p20, i36]
+435: i67 = int_ge(i25, 2)
guard_true(i67, descr=<Guard0x1007539e8>) [i49, p21, p3, p4, p7, p8, p9, p10, p11, p12, p13, p14, p15, p16, p17, p18, p19, p20, i36]
+445: i68 = int_ge(i22, i25)
guard_false(i68, descr=<Guard0x100753990>) [i49, p21, p3, p4, p7, p8, p9, p10, p11, p12, p13, p14, p15, p16, p17, p18, p19, p20, i36]
+454: jump(i49, p4, p3, p21, i36, p7, p8, p9, p10, p11, p12, p13, p14, p15, p16, p17, p18, p19, p20, p44, i41, p21, i39, p27, i24, i59, i22, i64, i62, i42, i25, descr=TargetToken(4302430312))
+544: --end of the loop--
[157cc8dda82fb2] jit-log-opt-bridge}
[157cc8dde57bc3] {jit-log-opt-bridge
# bridge out of Guard 0x100752128 with 59 ops
[i0, p1, p2, p3, p4, p5, p6, p7, p8, p9, p10, p11, p12, p13, p14, p15, p16, i17]
+59: p18 = getfield_gc(p2, descr=<FieldP pyrlang.interpreter.interp.Process.inst_y_reg 80>)
debug_merge_point(0, 0, '7 label 3')
debug_merge_point(0, 0, '8 allocate_zero 1. 1')
+70: i19 = getfield_gc(p18, descr=<FieldS pyrlang.interpreter.register.Y_Register.inst_val_top 40>)
+74: i21 = int_add(i19, 1)
+78: i22 = getfield_gc(p18, descr=<FieldS pyrlang.interpreter.register.Y_Register.inst_val_size 32>)
+82: setfield_gc(p18, i21, descr=<FieldS pyrlang.interpreter.register.Y_Register.inst_val_top 40>)
+86: i23 = int_ge(i21, i22)
guard_false(i23, descr=<Guard0x10077a020>) [i0, p1, p2, i21, i22, p18, p3, p4, p5, p6, p7, p8, p9, p10, p11, p12, p13, p14, p15, p16, i17]
+95: p24 = getfield_gc(p18, descr=<FieldP pyrlang.interpreter.register.Y_Register.inst_vals 48>)
+99: i26 = int_lt(i21, 0)
guard_false(i26, descr=<Guard0x10077a5a0>) [i0, p1, p2, i21, p24, p18, p3, p4, p5, p6, p7, p8, p9, p10, p11, p12, p13, p14, p15, p16, i17]
+109: setarrayitem_gc(p24, i21, ConstPtr(ptr27), descr=<ArrayP 8>)
debug_merge_point(0, 0, '9 line 2')
debug_merge_point(0, 0, '10 gc_bif2 L0. 1. 0. x(0). #1. x(1)')
+124: p28 = getfield_gc(p2, descr=<FieldP pyrlang.interpreter.interp.Process.inst_x_reg 72>)
+128: i29 = ptr_eq(p28, p1)
guard_true(i29, descr=<Guard0x10077a548>) [i0, p1, p2, p28, p3, p4, p5, p6, p7, p8, p9, p10, p11, p12, p13, p14, p15, p16, i17]
+141: i31 = int_sub_ovf(i17, 1)
guard_no_overflow(descr=<Guard0x10077a4f0>) [i0, p1, p2, i31, p3, p4, p5, p6, p7, p8, p9, p10, p11, p12, p13, p14, p15, p16, i17]
debug_merge_point(0, 0, '11 move x(0). y(0)')
p33 = new_with_vtable(ConstClass(W_IntObject))
+240: setfield_gc(p33, i17, descr=<FieldS pyrlang.interpreter.datatypes.number.W_IntObject.inst_intval 8>)
+290: setarrayitem_gc(p24, i21, p33, descr=<ArrayP 8>)
debug_merge_point(0, 0, '12 move x(1). x(0)')
debug_merge_point(0, 0, '13 line 2')
debug_merge_point(0, 0, '14 call 1. L2')
+295: i34 = getfield_gc(p18, descr=<FieldS pyrlang.interpreter.register.Y_Register.inst_addr_top 16>)
+299: i36 = int_add(i34, 1)
+303: i37 = getfield_gc(p18, descr=<FieldS pyrlang.interpreter.register.Y_Register.inst_addr_size 8>)
+307: setfield_gc(p18, i36, descr=<FieldS pyrlang.interpreter.register.Y_Register.inst_addr_top 16>)
+311: i38 = int_ge(i36, i37)
guard_false(i38, descr=<Guard0x10077a498>) [i0, p1, p2, i37, p18, p3, p4, p5, p6, p7, p8, p9, p10, p11, p12, p13, p14, p15, p16, i31]
+320: p39 = getfield_gc(p18, descr=<FieldP pyrlang.interpreter.register.Y_Register.inst_addrs 24>)
+324: i41 = int_lt(i36, 0)
guard_false(i41, descr=<Guard0x10077a440>) [i0, p1, p2, i36, p39, p3, p4, p5, p6, p7, p8, p9, p10, p11, p12, p13, p14, p15, p16, i31]
+373: setarrayitem_gc(p39, i36, ConstPtr(ptr42), descr=<ArrayP 8>)
+388: i44 = int_sub(i0, 1)
debug_merge_point(0, 0, '3 label 2')
+393: i46 = int_ge(i31, 1)
guard_true(i46, descr=<Guard0x10077a3e8>) [i44, p18, p1, p2, p3, p4, p5, p6, p7, p8, p9, p10, p11, p12, p13, p14, p15, p16, i31]
+403: i48 = int_ge(i36, 2)
guard_true(i48, descr=<Guard0x10077a390>) [i44, p18, p1, p2, p3, p4, p5, p6, p7, p8, p9, p10, p11, p12, p13, p14, p15, p16, i31]
+413: i50 = int_ge(i21, 2)
guard_true(i50, descr=<Guard0x10077a338>) [i44, p18, p1, p2, p3, p4, p5, p6, p7, p8, p9, p10, p11, p12, p13, p14, p15, p16, i31]
+423: i52 = int_ge(i37, 1)
guard_true(i52, descr=<Guard0x10077a2e0>) [i44, p18, p1, p2, p3, p4, p5, p6, p7, p8, p9, p10, p11, p12, p13, p14, p15, p16, i31]
+433: i54 = int_sub(i34, 1)
+437: i55 = int_ge(i34, i37)
guard_false(i55, descr=<Guard0x10077a288>) [i44, p18, p1, p2, p3, p4, p5, p6, p7, p8, p9, p10, p11, p12, p13, p14, p15, p16, i31]
+446: i57 = int_sub(i19, 1)
+450: i59 = int_sub(i54, 1)
+462: i60 = int_ge(i54, i37)
guard_false(i60, descr=<Guard0x10077a230>) [i44, p18, p1, p2, p3, p4, p5, p6, p7, p8, p9, p10, p11, p12, p13, p14, p15, p16, i31]
+471: i62 = int_ge(i22, 2)
guard_true(i62, descr=<Guard0x10077a1d8>) [i44, p18, p1, p2, p3, p4, p5, p6, p7, p8, p9, p10, p11, p12, p13, p14, p15, p16, i31]
+481: i63 = int_ge(i19, i22)
guard_false(i63, descr=<Guard0x10077a180>) [i44, p18, p1, p2, p3, p4, p5, p6, p7, p8, p9, p10, p11, p12, p13, p14, p15, p16, i31]
+490: jump(i44, p2, p1, p18, i31, p3, p4, p5, p6, p7, p8, p9, p10, p11, p12, p13, p14, p15, p16, p39, i36, p18, i34, p24, i21, i54, i19, i59, i57, i37, i22, descr=TargetToken(4302430312))
+576: --end of the loop--
[157cc8ddeace25] jit-log-opt-bridge}
[157cc8de14c33c] {jit-log-opt-bridge
# bridge out of Guard 0x100715a40 with 58 ops
[i0, i1, p2, p3, p4, p5, p6, p7, p8, p9, p10, p11, p12, p13, p14, p15, p16, p17, p18, p19, i20, i21]
+59: guard_value(i1, 21, descr=<Guard0x10077a758>) [i0, i1, p2, p3, p4, p5, p6, p7, p8, p9, p10, p11, p12, p13, p14, p15, p16, p17, p18, p19, i21, i20]
+69: guard_value(p5, ConstPtr(ptr23), descr=<Guard0x10077acd8>) [i0, p2, p3, p4, p5, p6, p7, p8, p9, p10, p11, p12, p13, p14, p15, p16, p17, p18, p19, i21, i20]
debug_merge_point(0, 0, '21 line 2')
+88: p24 = getfield_gc(p4, descr=<FieldP pyrlang.interpreter.interp.Process.inst_y_reg 80>)
debug_merge_point(0, 0, '22 gc_bif2 L0. 1. 1. y(0). x(0). x(0)')
+99: i25 = getfield_gc(p24, descr=<FieldS pyrlang.interpreter.register.Y_Register.inst_val_top 40>)
+103: p26 = getfield_gc(p24, descr=<FieldP pyrlang.interpreter.register.Y_Register.inst_vals 48>)
+107: p27 = getarrayitem_gc(p26, i25, descr=<ArrayP 8>)
+112: p28 = getfield_gc(p4, descr=<FieldP pyrlang.interpreter.interp.Process.inst_x_reg 72>)
+116: i29 = ptr_eq(p28, p3)
guard_true(i29, descr=<Guard0x10077ac80>) [i0, p3, p4, p28, p6, p7, p8, p9, p10, p11, p12, p13, p14, p15, p16, p17, p18, p19, p27, i21, i20]
+129: guard_class(p27, ConstClass(W_IntObject), descr=<Guard0x10077ac28>) [i0, p3, p4, p27, p6, p7, p8, p9, p10, p11, p12, p13, p14, p15, p16, p17, p18, p19, None, i21, i20]
+142: i32 = getfield_gc_pure(p27, descr=<FieldS pyrlang.interpreter.datatypes.number.W_IntObject.inst_intval 8>)
+146: i33 = int_add_ovf(i32, i20)
guard_no_overflow(descr=<Guard0x10077abd0>) [i0, p3, p4, i33, p27, p6, p7, p8, p9, p10, p11, p12, p13, p14, p15, p16, p17, p18, p19, None, i21, i20]
debug_merge_point(0, 0, '23 deallocate 1')
+155: i35 = int_sub(i25, 1)
debug_merge_point(0, 0, '24 return ')
+159: i36 = getfield_gc(p24, descr=<FieldS pyrlang.interpreter.register.Y_Register.inst_addr_top 16>)
+163: setfield_gc(p24, i35, descr=<FieldS pyrlang.interpreter.register.Y_Register.inst_val_top 40>)
+167: i38 = int_eq(i36, -1)
guard_false(i38, descr=<Guard0x10077ab78>) [i0, p24, p3, p4, p6, p7, p8, p9, p10, p11, p12, p13, p14, p15, p16, p17, p18, p19, i33, None, i21, None]
+177: p39 = getfield_gc(p24, descr=<FieldP pyrlang.interpreter.register.Y_Register.inst_addrs 24>)
+181: i41 = int_lt(i36, 0)
guard_false(i41, descr=<Guard0x10077ab20>) [i36, i0, p24, p39, p3, p4, p6, p7, p8, p9, p10, p11, p12, p13, p14, p15, p16, p17, p18, p19, i33, None, i21, None]
+191: p42 = getarrayitem_gc(p39, i36, descr=<ArrayP 8>)
+196: i44 = int_sub(i36, 1)
+200: p45 = getfield_gc_pure(p42, descr=<FieldP tuple2.item0 8>)
+204: i46 = getfield_gc_pure(p42, descr=<FieldS tuple2.item1 16>)
+208: setfield_gc(p24, i44, descr=<FieldS pyrlang.interpreter.register.Y_Register.inst_addr_top 16>)
+212: guard_value(i46, 15, descr=<Guard0x10077aac8>) [i0, i46, p24, p3, p4, p45, p6, p7, p8, p9, p10, p11, p12, p13, p14, p15, p16, p17, p18, p19, i33, None, i21, None]
+222: guard_value(p45, ConstPtr(ptr48), descr=<Guard0x10077aa70>) [i0, p24, p3, p4, p45, p6, p7, p8, p9, p10, p11, p12, p13, p14, p15, p16, p17, p18, p19, i33, None, i21, None]
debug_merge_point(0, 0, '15 line 2')
debug_merge_point(0, 0, '16 gc_bif2 L0. 1. 0. y(0). #0. x(1)')
+241: p49 = getarrayitem_gc(p26, i35, descr=<ArrayP 8>)
+246: guard_class(p49, ConstClass(W_IntObject), descr=<Guard0x10077aa18>) [i0, p3, p4, p49, p6, p7, p8, p9, p10, p11, p12, p13, p14, p15, p16, p17, p18, p19, i33, None, i21, None]
+258: i51 = getfield_gc_pure(p49, descr=<FieldS pyrlang.interpreter.datatypes.number.W_IntObject.inst_intval 8>)
+262: i53 = int_sub_ovf(i51, 2)
guard_no_overflow(descr=<Guard0x10077a9c0>) [i0, p3, p4, i53, p49, p6, p7, p8, p9, p10, p11, p12, p13, p14, p15, p16, p17, p18, p19, i33, None, i21, None]
debug_merge_point(0, 0, '17 move x(0). y(0)')
+272: i55 = int_lt(i35, 0)
guard_false(i55, descr=<Guard0x10077a968>) [i0, p3, p4, i35, p26, p6, p7, p8, p9, p10, p11, p12, p13, p14, p15, p16, p17, p18, p19, i53, i33, None, None, None]
p57 = new_with_vtable(ConstClass(W_IntObject))
+375: setfield_gc(p57, i33, descr=<FieldS pyrlang.interpreter.datatypes.number.W_IntObject.inst_intval 8>)
+420: setarrayitem_gc(p26, i35, p57, descr=<ArrayP 8>)
debug_merge_point(0, 0, '18 move x(1). x(0)')
debug_merge_point(0, 0, '19 line 2')
debug_merge_point(0, 0, '20 call 1. L2')
+425: i58 = getfield_gc(p24, descr=<FieldS pyrlang.interpreter.register.Y_Register.inst_addr_size 8>)
+429: setfield_gc(p24, i36, descr=<FieldS pyrlang.interpreter.register.Y_Register.inst_addr_top 16>)
+433: i59 = int_ge(i36, i58)
guard_false(i59, descr=<Guard0x10077a910>) [i0, p3, p4, i58, p24, p6, p7, p8, p9, p10, p11, p12, p13, p14, p15, p16, p17, p18, p19, i53]
+483: setarrayitem_gc(p39, i36, ConstPtr(ptr60), descr=<ArrayP 8>)
+498: i62 = int_sub(i0, 1)
debug_merge_point(0, 0, '3 label 2')
p64 = new_with_vtable(ConstClass(W_IntObject))
+520: setfield_gc(p64, i53, descr=<FieldS pyrlang.interpreter.datatypes.number.W_IntObject.inst_intval 8>)
+531: jump(21, i62, 1, p4, p3, p24, p64, p64, p6, p7, p8, p9, p10, p11, p12, p13, p14, p15, p16, p17, p18, p19, descr=TargetToken(4302430240))
+608: --end of the loop--
[157cc8de1a5e9e] jit-log-opt-bridge}
[157cc8de4f1145] {jit-log-opt-bridge
# bridge out of Guard 0x100715308 with 58 ops
[i0, i1, p2, p3, p4, p5, p6, p7, p8, p9, p10, p11, p12, p13, p14, p15, p16, p17, p18, p19, i20, i21]
+59: guard_value(i1, 21, descr=<Guard0x10077ae90>) [i0, i1, p2, p3, p4, p5, p6, p7, p8, p9, p10, p11, p12, p13, p14, p15, p16, p17, p18, p19, i21, i20]
+69: guard_value(p5, ConstPtr(ptr23), descr=<Guard0x10077b410>) [i0, p2, p3, p4, p5, p6, p7, p8, p9, p10, p11, p12, p13, p14, p15, p16, p17, p18, p19, i21, i20]
debug_merge_point(0, 0, '21 line 2')
+88: p24 = getfield_gc(p4, descr=<FieldP pyrlang.interpreter.interp.Process.inst_y_reg 80>)
debug_merge_point(0, 0, '22 gc_bif2 L0. 1. 1. y(0). x(0). x(0)')
+99: i25 = getfield_gc(p24, descr=<FieldS pyrlang.interpreter.register.Y_Register.inst_val_top 40>)
+104: p26 = getfield_gc(p24, descr=<FieldP pyrlang.interpreter.register.Y_Register.inst_vals 48>)
+109: p27 = getarrayitem_gc(p26, i25, descr=<ArrayP 8>)
+114: p28 = getfield_gc(p4, descr=<FieldP pyrlang.interpreter.interp.Process.inst_x_reg 72>)
+118: i29 = ptr_eq(p28, p3)
guard_true(i29, descr=<Guard0x10077b3b8>) [i0, p3, p4, p28, p6, p7, p8, p9, p10, p11, p12, p13, p14, p15, p16, p17, p18, p19, p27, i21, i20]
+131: guard_class(p27, ConstClass(W_IntObject), descr=<Guard0x10077b360>) [i0, p3, p4, p27, p6, p7, p8, p9, p10, p11, p12, p13, p14, p15, p16, p17, p18, p19, None, i21, i20]
+144: i32 = getfield_gc_pure(p27, descr=<FieldS pyrlang.interpreter.datatypes.number.W_IntObject.inst_intval 8>)
+148: i33 = int_add_ovf(i32, i20)
guard_no_overflow(descr=<Guard0x10077b308>) [i0, p3, p4, i33, p27, p6, p7, p8, p9, p10, p11, p12, p13, p14, p15, p16, p17, p18, p19, None, i21, i20]
debug_merge_point(0, 0, '23 deallocate 1')
+157: i35 = int_sub(i25, 1)
debug_merge_point(0, 0, '24 return ')
+161: i36 = getfield_gc(p24, descr=<FieldS pyrlang.interpreter.register.Y_Register.inst_addr_top 16>)
+166: setfield_gc(p24, i35, descr=<FieldS pyrlang.interpreter.register.Y_Register.inst_val_top 40>)
+171: i38 = int_eq(i36, -1)
guard_false(i38, descr=<Guard0x10077b2b0>) [i0, p24, p3, p4, p6, p7, p8, p9, p10, p11, p12, p13, p14, p15, p16, p17, p18, p19, i33, None, i21, None]
+181: p39 = getfield_gc(p24, descr=<FieldP pyrlang.interpreter.register.Y_Register.inst_addrs 24>)
+186: i41 = int_lt(i36, 0)
guard_false(i41, descr=<Guard0x10077b258>) [i36, i0, p24, p39, p3, p4, p6, p7, p8, p9, p10, p11, p12, p13, p14, p15, p16, p17, p18, p19, i33, None, i21, None]
+196: p42 = getarrayitem_gc(p39, i36, descr=<ArrayP 8>)
+201: i44 = int_sub(i36, 1)
+205: p45 = getfield_gc_pure(p42, descr=<FieldP tuple2.item0 8>)
+209: i46 = getfield_gc_pure(p42, descr=<FieldS tuple2.item1 16>)
+213: setfield_gc(p24, i44, descr=<FieldS pyrlang.interpreter.register.Y_Register.inst_addr_top 16>)
+218: guard_value(i46, 15, descr=<Guard0x10077b200>) [i0, i46, p24, p3, p4, p45, p6, p7, p8, p9, p10, p11, p12, p13, p14, p15, p16, p17, p18, p19, i33, None, i21, None]
+228: guard_value(p45, ConstPtr(ptr48), descr=<Guard0x10077b1a8>) [i0, p24, p3, p4, p45, p6, p7, p8, p9, p10, p11, p12, p13, p14, p15, p16, p17, p18, p19, i33, None, i21, None]
debug_merge_point(0, 0, '15 line 2')
debug_merge_point(0, 0, '16 gc_bif2 L0. 1. 0. y(0). #0. x(1)')
+247: p49 = getarrayitem_gc(p26, i35, descr=<ArrayP 8>)
+252: guard_class(p49, ConstClass(W_IntObject), descr=<Guard0x10077b150>) [i0, p3, p4, p49, p6, p7, p8, p9, p10, p11, p12, p13, p14, p15, p16, p17, p18, p19, i33, None, i21, None]
+264: i51 = getfield_gc_pure(p49, descr=<FieldS pyrlang.interpreter.datatypes.number.W_IntObject.inst_intval 8>)
+268: i53 = int_sub_ovf(i51, 2)
guard_no_overflow(descr=<Guard0x10077b0f8>) [i0, p3, p4, i53, p49, p6, p7, p8, p9, p10, p11, p12, p13, p14, p15, p16, p17, p18, p19, i33, None, i21, None]
debug_merge_point(0, 0, '17 move x(0). y(0)')
+278: i55 = int_lt(i35, 0)
guard_false(i55, descr=<Guard0x10077b0a0>) [i0, p3, p4, i35, p26, p6, p7, p8, p9, p10, p11, p12, p13, p14, p15, p16, p17, p18, p19, i53, i33, None, None, None]
p57 = new_with_vtable(ConstClass(W_IntObject))
+367: setfield_gc(p57, i33, descr=<FieldS pyrlang.interpreter.datatypes.number.W_IntObject.inst_intval 8>)
+412: setarrayitem_gc(p26, i35, p57, descr=<ArrayP 8>)
debug_merge_point(0, 0, '18 move x(1). x(0)')
debug_merge_point(0, 0, '19 line 2')
debug_merge_point(0, 0, '20 call 1. L2')
+417: i58 = getfield_gc(p24, descr=<FieldS pyrlang.interpreter.register.Y_Register.inst_addr_size 8>)
+422: setfield_gc(p24, i36, descr=<FieldS pyrlang.interpreter.register.Y_Register.inst_addr_top 16>)
+427: i59 = int_ge(i36, i58)
guard_false(i59, descr=<Guard0x10077b048>) [i0, p3, p4, i58, p24, p6, p7, p8, p9, p10, p11, p12, p13, p14, p15, p16, p17, p18, p19, i53]
+477: setarrayitem_gc(p39, i36, ConstPtr(ptr60), descr=<ArrayP 8>)
+492: i62 = int_sub(i0, 1)
debug_merge_point(0, 0, '3 label 2')
p64 = new_with_vtable(ConstClass(W_IntObject))
+507: setfield_gc(p64, i53, descr=<FieldS pyrlang.interpreter.datatypes.number.W_IntObject.inst_intval 8>)
+511: jump(21, i62, 1, p4, p3, p24, p64, p64, p6, p7, p8, p9, p10, p11, p12, p13, p14, p15, p16, p17, p18, p19, descr=TargetToken(4302430240))
+592: --end of the loop--
[157cc8de54ca1d] jit-log-opt-bridge}
[157cc8de73535b] {jit-log-opt-bridge
# bridge out of Guard 0x100753c50 with 38 ops
[i0, i1, p2, p3, p4, p5, p6, p7, p8, p9, p10, p11, p12, p13, p14, p15, p16, p17, i18]
+59: p19 = getfield_gc(p3, descr=<FieldP pyrlang.interpreter.interp.Process.inst_y_reg 80>)
debug_merge_point(0, 0, '3 label 2')
+70: guard_nonnull(p19, descr=<Guard0x10077b4c0>) [i1, p19, p2, p3, p4, p5, p6, p7, p8, p9, p10, p11, p12, p13, p14, p15, p16, p17, i18]
+79: i21 = int_ge(i18, 1)
guard_true(i21, descr=<Guard0x10077b938>) [i1, p19, p2, p3, p4, p5, p6, p7, p8, p9, p10, p11, p12, p13, p14, p15, p16, p17, i18]
+89: p22 = getfield_gc(p3, descr=<FieldP pyrlang.interpreter.interp.Process.inst_x_reg 72>)
+93: i23 = ptr_eq(p22, p2)
guard_true(i23, descr=<Guard0x10077b8e0>) [i1, p19, p2, p3, p4, p5, p6, p7, p8, p9, p10, p11, p12, p13, p14, p15, p16, p17, i18]
+106: i24 = getfield_gc(p19, descr=<FieldS pyrlang.interpreter.register.Y_Register.inst_addr_top 16>)
+110: i26 = int_ge(i24, 2)
guard_true(i26, descr=<Guard0x10077b888>) [i1, p19, p2, p3, p4, p5, p6, p7, p8, p9, p10, p11, p12, p13, p14, p15, p16, p17, i18]
+120: p27 = getfield_gc(p19, descr=<FieldP pyrlang.interpreter.register.Y_Register.inst_addrs 24>)
+124: guard_nonnull(p27, descr=<Guard0x10077b830>) [i1, p19, p2, p3, p4, p5, p6, p7, p8, p9, p10, p11, p12, p13, p14, p15, p16, p17, i18]
+133: i29 = int_sub(i24, 1)
+137: i30 = getfield_gc(p19, descr=<FieldS pyrlang.interpreter.register.Y_Register.inst_val_top 40>)
+141: i32 = int_ge(i30, 2)
guard_true(i32, descr=<Guard0x10077b7d8>) [i1, p19, p2, p3, p4, p5, p6, p7, p8, p9, p10, p11, p12, p13, p14, p15, p16, p17, i18]
+151: p33 = getfield_gc(p19, descr=<FieldP pyrlang.interpreter.register.Y_Register.inst_vals 48>)
+155: guard_nonnull(p33, descr=<Guard0x10077b780>) [i1, p19, p2, p3, p4, p5, p6, p7, p8, p9, p10, p11, p12, p13, p14, p15, p16, p17, i18]
+164: i34 = getfield_gc(p19, descr=<FieldS pyrlang.interpreter.register.Y_Register.inst_addr_size 8>)
+168: i36 = int_ge(i34, 1)
guard_true(i36, descr=<Guard0x10077b728>) [i1, p19, p2, p3, p4, p5, p6, p7, p8, p9, p10, p11, p12, p13, p14, p15, p16, p17, i18]
+178: i37 = int_ge(i24, i34)
guard_false(i37, descr=<Guard0x10077b6d0>) [i1, p19, p2, p3, p4, p5, p6, p7, p8, p9, p10, p11, p12, p13, p14, p15, p16, p17, i18]
+187: i39 = int_sub(i30, 1)
+191: i41 = int_sub(i29, 1)
+195: i42 = int_ge(i29, i34)
guard_false(i42, descr=<Guard0x10077b678>) [i1, p19, p2, p3, p4, p5, p6, p7, p8, p9, p10, p11, p12, p13, p14, p15, p16, p17, i18]
+204: i44 = int_sub(i39, 1)
+208: i46 = int_sub(i41, 1)
+219: i47 = int_ge(i41, i34)
guard_false(i47, descr=<Guard0x10077b620>) [i1, p19, p2, p3, p4, p5, p6, p7, p8, p9, p10, p11, p12, p13, p14, p15, p16, p17, i18]
+228: i48 = getfield_gc(p19, descr=<FieldS pyrlang.interpreter.register.Y_Register.inst_val_size 32>)
+239: i50 = int_ge(i48, 2)
guard_true(i50, descr=<Guard0x10077b5c8>) [i1, p19, p2, p3, p4, p5, p6, p7, p8, p9, p10, p11, p12, p13, p14, p15, p16, p17, i18]
+249: i51 = int_ge(i39, i48)
guard_false(i51, descr=<Guard0x10077b570>) [i1, p19, p2, p3, p4, p5, p6, p7, p8, p9, p10, p11, p12, p13, p14, p15, p16, p17, i18]
+258: jump(i1, p3, p2, p19, i18, p4, p5, p6, p7, p8, p9, p10, p11, p12, p13, p14, p15, p16, p17, p27, i24, p19, i29, p33, i30, i41, i39, i46, i44, i34, i48, descr=TargetToken(4302430312))
+352: --end of the loop--
[157cc8de773bcf] jit-log-opt-bridge}
[157cc8de9a7462] {jit-log-opt-loop
# Loop 1 (15 line 2) : entry bridge with 55 ops
[i0, i1, i2, p3, p4, p5]
+134: p6 = getfield_gc(p4, descr=<FieldP pyrlang.interpreter.register.X_Register.inst_regs 16>)
+145: p8 = getarrayitem_gc(p6, 0, descr=<ArrayP 8>)
+149: p10 = getarrayitem_gc(p6, 1, descr=<ArrayP 8>)
+153: p12 = getarrayitem_gc(p6, 2, descr=<ArrayP 8>)
+157: p14 = getarrayitem_gc(p6, 3, descr=<ArrayP 8>)
+161: p16 = getarrayitem_gc(p6, 4, descr=<ArrayP 8>)
+165: p18 = getarrayitem_gc(p6, 5, descr=<ArrayP 8>)
+169: p20 = getarrayitem_gc(p6, 6, descr=<ArrayP 8>)
+173: p22 = getarrayitem_gc(p6, 7, descr=<ArrayP 8>)
+177: p24 = getarrayitem_gc(p6, 8, descr=<ArrayP 8>)
+181: p26 = getarrayitem_gc(p6, 9, descr=<ArrayP 8>)
+185: p28 = getarrayitem_gc(p6, 10, descr=<ArrayP 8>)
+189: p30 = getarrayitem_gc(p6, 11, descr=<ArrayP 8>)
+193: p32 = getarrayitem_gc(p6, 12, descr=<ArrayP 8>)
+204: p34 = getarrayitem_gc(p6, 13, descr=<ArrayP 8>)
+215: p36 = getarrayitem_gc(p6, 14, descr=<ArrayP 8>)
+229: p38 = getarrayitem_gc(p6, 15, descr=<ArrayP 8>)
debug_merge_point(0, 0, '15 line 2')
+243: p39 = getfield_gc(p3, descr=<FieldP pyrlang.interpreter.interp.Process.inst_y_reg 80>)
debug_merge_point(0, 0, '16 gc_bif2 L0. 1. 0. y(0). #0. x(1)')
+261: i40 = getfield_gc(p39, descr=<FieldS pyrlang.interpreter.register.Y_Register.inst_val_top 40>)
+272: p41 = getfield_gc(p39, descr=<FieldP pyrlang.interpreter.register.Y_Register.inst_vals 48>)
+283: p42 = getarrayitem_gc(p41, i40, descr=<ArrayP 8>)
+295: guard_class(p42, ConstClass(W_IntObject), descr=<Guard0x10077ba40>) [i2, i1, i0, p4, p3, p42, p8, p10, p12, p14, p16, p18, p20, p22, p24, p26, p28, p30, p32, p34, p36, p38]
+308: i44 = getfield_gc_pure(p42, descr=<FieldS pyrlang.interpreter.datatypes.number.W_IntObject.inst_intval 8>)
+319: i46 = int_sub_ovf(i44, 2)
guard_no_overflow(descr=<Guard0x10077bd58>) [i2, i1, i0, p4, p3, i46, p42, p8, p10, p12, p14, p16, p18, p20, p22, p24, p26, p28, p30, p32, p34, p36, p38]
+329: p47 = getfield_gc(p3, descr=<FieldP pyrlang.interpreter.interp.Process.inst_x_reg 72>)
+333: i48 = ptr_eq(p47, p4)
guard_true(i48, descr=<Guard0x10077bd00>) [i2, i1, i0, p4, p3, p47, p8, p10, p12, p14, p16, p18, p20, p22, p24, p26, p28, p30, p32, p34, p36, p38, i46]
debug_merge_point(0, 0, '17 move x(0). y(0)')
+346: i50 = int_lt(i40, 0)
guard_false(i50, descr=<Guard0x10077bca8>) [i2, i1, i0, p4, p3, i40, p8, p41, p12, p14, p16, p18, p20, p22, p24, p26, p28, p30, p32, p34, p36, p38, i46]
+398: setarrayitem_gc(p41, i40, p8, descr=<ArrayP 8>)
debug_merge_point(0, 0, '18 move x(1). x(0)')
debug_merge_point(0, 0, '19 line 2')
debug_merge_point(0, 0, '20 call 1. L2')
+403: i52 = int_eq(21, i0)
+419: i53 = getfield_gc(p39, descr=<FieldS pyrlang.interpreter.register.Y_Register.inst_addr_top 16>)
+423: i55 = int_add(i53, 1)
+428: i56 = getfield_gc(p39, descr=<FieldS pyrlang.interpreter.register.Y_Register.inst_addr_size 8>)
+432: setfield_gc(p39, i55, descr=<FieldS pyrlang.interpreter.register.Y_Register.inst_addr_top 16>)
+436: i57 = int_ge(i55, i56)
guard_false(i57, descr=<Guard0x10077bc50>) [i52, i0, i2, i1, p4, p3, i56, p39, p12, p14, p16, p18, p20, p22, p24, p26, p28, p30, p32, p34, p36, p38, i46]
+445: p58 = getfield_gc(p39, descr=<FieldP pyrlang.interpreter.register.Y_Register.inst_addrs 24>)
+449: i60 = int_lt(i55, 0)
guard_false(i60, descr=<Guard0x10077bbf8>) [i52, i0, i2, i1, p4, p3, i55, p58, p12, p14, p16, p18, p20, p22, p24, p26, p28, p30, p32, p34, p36, p38, i46]
+502: setarrayitem_gc(p58, i55, ConstPtr(ptr61), descr=<ArrayP 8>)
+517: i63 = int_sub(i1, 1)
+528: guard_true(i2, descr=<Guard0x10077bba0>) [i52, i0, i63, p4, p3, p12, p14, p16, p18, p20, p22, p24, p26, p28, p30, p32, p34, p36, p38, i46]
+544: guard_false(i52, descr=<Guard0x10077bb48>) [i0, i63, p4, p3, p12, p14, p16, p18, p20, p22, p24, p26, p28, p30, p32, p34, p36, p38, i46]
debug_merge_point(0, 0, '3 label 2')
p65 = new_with_vtable(ConstClass(W_IntObject))
+639: setfield_gc(p65, i46, descr=<FieldS pyrlang.interpreter.datatypes.number.W_IntObject.inst_intval 8>)
+643: jump(21, i63, 1, p3, p4, p39, p65, p65, p12, p14, p16, p18, p20, p22, p24, p26, p28, p30, p32, p34, p36, p38, descr=TargetToken(4302430240))
+880: --end of the loop--
[157cc8de9f5524] jit-log-opt-loop}
[157cc8decd3c3b] {jit-log-opt-loop
# Loop 2 (21 line 2) : loop with 77 ops
[i0, i1, i2, p3, p4, p5]
+134: p6 = getfield_gc(p4, descr=<FieldP pyrlang.interpreter.register.X_Register.inst_regs 16>)
+145: p8 = getarrayitem_gc(p6, 0, descr=<ArrayP 8>)
+149: p10 = getarrayitem_gc(p6, 1, descr=<ArrayP 8>)
+153: p12 = getarrayitem_gc(p6, 2, descr=<ArrayP 8>)
+157: p14 = getarrayitem_gc(p6, 3, descr=<ArrayP 8>)
+161: p16 = getarrayitem_gc(p6, 4, descr=<ArrayP 8>)
+165: p18 = getarrayitem_gc(p6, 5, descr=<ArrayP 8>)
+169: p20 = getarrayitem_gc(p6, 6, descr=<ArrayP 8>)
+173: p22 = getarrayitem_gc(p6, 7, descr=<ArrayP 8>)
+177: p24 = getarrayitem_gc(p6, 8, descr=<ArrayP 8>)
+181: p26 = getarrayitem_gc(p6, 9, descr=<ArrayP 8>)
+185: p28 = getarrayitem_gc(p6, 10, descr=<ArrayP 8>)
+189: p30 = getarrayitem_gc(p6, 11, descr=<ArrayP 8>)
+193: p32 = getarrayitem_gc(p6, 12, descr=<ArrayP 8>)
+204: p34 = getarrayitem_gc(p6, 13, descr=<ArrayP 8>)
+215: p36 = getarrayitem_gc(p6, 14, descr=<ArrayP 8>)
+229: p38 = getarrayitem_gc(p6, 15, descr=<ArrayP 8>)
+243: label(i0, i1, i2, p3, p4, p5, p8, p10, p12, p14, p16, p18, p20, p22, p24, p26, p28, p30, p32, p34, p36, p38, descr=TargetToken(4302434488))
+333: p39 = getfield_gc(p3, descr=<FieldP pyrlang.interpreter.interp.Process.inst_y_reg 80>)
debug_merge_point(0, 0, '22 gc_bif2 L0. 1. 1. y(0). x(0). x(0)')
+344: i40 = getfield_gc(p39, descr=<FieldS pyrlang.interpreter.register.Y_Register.inst_val_top 40>)
+348: p41 = getfield_gc(p39, descr=<FieldP pyrlang.interpreter.register.Y_Register.inst_vals 48>)
+352: p42 = getarrayitem_gc(p41, i40, descr=<ArrayP 8>)
+357: p43 = getfield_gc(p3, descr=<FieldP pyrlang.interpreter.interp.Process.inst_x_reg 72>)
+361: i44 = ptr_eq(p43, p4)
guard_true(i44, descr=<Guard0x10077bf10>) [i2, i1, i0, p4, p3, p43, p8, p10, p12, p14, p16, p18, p20, p22, p24, p26, p28, p30, p32, p34, p36, p38, p42]
+374: guard_class(p42, ConstClass(W_IntObject), descr=<Guard0x1018ac5f8>) [i2, i1, i0, p4, p3, p8, p42, p10, p12, p14, p16, p18, p20, p22, p24, p26, p28, p30, p32, p34, p36, p38, None]
+386: guard_nonnull_class(p8, ConstClass(W_IntObject), descr=<Guard0x1018ac5a0>) [i2, i1, i0, p4, p3, p8, p42, p10, p12, p14, p16, p18, p20, p22, p24, p26, p28, p30, p32, p34, p36, p38, None]
+404: i48 = getfield_gc_pure(p42, descr=<FieldS pyrlang.interpreter.datatypes.number.W_IntObject.inst_intval 8>)
+408: i49 = getfield_gc_pure(p8, descr=<FieldS pyrlang.interpreter.datatypes.number.W_IntObject.inst_intval 8>)
+412: i50 = int_add_ovf(i48, i49)
guard_no_overflow(descr=<Guard0x1018ac548>) [i2, i1, i0, p4, p3, i50, p8, p42, p10, p12, p14, p16, p18, p20, p22, p24, p26, p28, p30, p32, p34, p36, p38, None]
debug_merge_point(0, 0, '23 deallocate 1')
+421: i52 = int_sub(i40, 1)
debug_merge_point(0, 0, '24 return ')
+425: i53 = getfield_gc(p39, descr=<FieldS pyrlang.interpreter.register.Y_Register.inst_addr_top 16>)
+429: setfield_gc(p39, i52, descr=<FieldS pyrlang.interpreter.register.Y_Register.inst_val_top 40>)
+433: i55 = int_eq(i53, -1)
guard_false(i55, descr=<Guard0x1018ac4f0>) [i0, i2, i1, p39, p4, p3, p10, p12, p14, p16, p18, p20, p22, p24, p26, p28, p30, p32, p34, p36, p38, i50, None]
+443: p56 = getfield_gc(p39, descr=<FieldP pyrlang.interpreter.register.Y_Register.inst_addrs 24>)
+447: i58 = int_lt(i53, 0)
guard_false(i58, descr=<Guard0x1018ac498>) [i53, i0, i2, i1, p39, p56, p4, p3, p10, p12, p14, p16, p18, p20, p22, p24, p26, p28, p30, p32, p34, p36, p38, i50, None]
+457: p59 = getarrayitem_gc(p56, i53, descr=<ArrayP 8>)
+462: i61 = int_sub(i53, 1)
+466: p62 = getfield_gc_pure(p59, descr=<FieldP tuple2.item0 8>)
+470: i63 = getfield_gc_pure(p59, descr=<FieldS tuple2.item1 16>)
+474: setfield_gc(p39, i61, descr=<FieldS pyrlang.interpreter.register.Y_Register.inst_addr_top 16>)
+478: i65 = int_eq(25, i0)
guard_true(i65, descr=<Guard0x1018ac440>) [i0, i2, i1, i63, p4, p3, p62, p10, p12, p14, p16, p18, p20, p22, p24, p26, p28, p30, p32, p34, p36, p38, i50, None]
+492: guard_value(i63, 21, descr=<Guard0x1018ac3e8>) [i2, i1, i63, p39, p4, p3, p62, p10, p12, p14, p16, p18, p20, p22, p24, p26, p28, p30, p32, p34, p36, p38, i50, None]
+502: guard_value(p62, ConstPtr(ptr67), descr=<Guard0x1018ac390>) [i2, i1, p39, p4, p3, p62, p10, p12, p14, p16, p18, p20, p22, p24, p26, p28, p30, p32, p34, p36, p38, i50, None]
debug_merge_point(0, 0, '21 line 2')
+521: p68 = same_as(p39)
+524: label(i1, i2, p3, p4, p39, i50, p10, p12, p14, p16, p18, p20, p22, p24, p26, p28, p30, p32, p34, p36, p38, p41, i52, p68, i61, p56, descr=TargetToken(4302434560))
debug_merge_point(0, 0, '22 gc_bif2 L0. 1. 1. y(0). x(0). x(0)')
+557: p69 = getarrayitem_gc(p41, i52, descr=<ArrayP 8>)
+562: guard_class(p69, ConstClass(W_IntObject), descr=<Guard0x1018ac338>) [i2, i1, p4, p3, p69, p10, p12, p14, p16, p18, p20, p22, p24, p26, p28, p30, p32, p34, p36, p38, i50]
+574: i70 = getfield_gc_pure(p69, descr=<FieldS pyrlang.interpreter.datatypes.number.W_IntObject.inst_intval 8>)
+578: i71 = int_add_ovf(i70, i50)
guard_no_overflow(descr=<Guard0x1018ac2e0>) [i2, i1, p4, p3, i71, p69, p10, p12, p14, p16, p18, p20, p22, p24, p26, p28, p30, p32, p34, p36, p38, i50]
debug_merge_point(0, 0, '23 deallocate 1')
+587: i72 = int_sub(i52, 1)
debug_merge_point(0, 0, '24 return ')
+591: setfield_gc(p68, i72, descr=<FieldS pyrlang.interpreter.register.Y_Register.inst_val_top 40>)
+595: i73 = int_eq(i61, -1)
guard_false(i73, descr=<Guard0x1018ac288>) [i2, i1, p68, p4, p3, p10, p12, p14, p16, p18, p20, p22, p24, p26, p28, p30, p32, p34, p36, p38, i71, None]
+605: i74 = int_lt(i61, 0)
guard_false(i74, descr=<Guard0x1018ac230>) [i61, i2, i1, p68, p56, p4, p3, p10, p12, p14, p16, p18, p20, p22, p24, p26, p28, p30, p32, p34, p36, p38, i71, None]
+615: p75 = getarrayitem_gc(p56, i61, descr=<ArrayP 8>)
+620: i76 = int_sub(i61, 1)
+624: p77 = getfield_gc_pure(p75, descr=<FieldP tuple2.item0 8>)
+628: i78 = getfield_gc_pure(p75, descr=<FieldS tuple2.item1 16>)
+632: setfield_gc(p68, i76, descr=<FieldS pyrlang.interpreter.register.Y_Register.inst_addr_top 16>)
+636: guard_value(i78, 21, descr=<Guard0x1018ac1d8>) [i2, i1, i78, p68, p4, p3, p77, p10, p12, p14, p16, p18, p20, p22, p24, p26, p28, p30, p32, p34, p36, p38, i71, None]
+646: guard_value(p77, ConstPtr(ptr67), descr=<Guard0x1018ac180>) [i2, i1, p68, p4, p3, p77, p10, p12, p14, p16, p18, p20, p22, p24, p26, p28, p30, p32, p34, p36, p38, i71, None]
debug_merge_point(0, 0, '21 line 2')
+665: jump(i1, i2, p3, p4, p68, i71, p10, p12, p14, p16, p18, p20, p22, p24, p26, p28, p30, p32, p34, p36, p38, p41, i72, p68, i76, p56, descr=TargetToken(4302434560))
+688: --end of the loop--
[157cc8ded49a43] jit-log-opt-loop}
[157cc8df4abd0e] {jit-log-opt-bridge
# bridge out of Guard 0x10077aac8 with 35 ops
[i0, i1, p2, p3, p4, p5, p6, p7, p8, p9, p10, p11, p12, p13, p14, p15, p16, p17, p18, p19, i20, i21]
+59: guard_value(i1, 21, descr=<Guard0x1018ac968>) [i0, i1, p2, p3, p4, p5, p6, p7, p8, p9, p10, p11, p12, p13, p14, p15, p16, p17, p18, p19, i21, i20]
+69: guard_value(p5, ConstPtr(ptr23), descr=<Guard0x1018acd88>) [i0, p2, p3, p4, p5, p6, p7, p8, p9, p10, p11, p12, p13, p14, p15, p16, p17, p18, p19, i21, i20]
debug_merge_point(0, 0, '21 line 2')
+88: label(i0, p4, p3, p2, i20, i21, p6, p7, p8, p9, p10, p11, p12, p13, p14, p15, p16, p17, p18, p19, descr=TargetToken(4302434920))
+125: p24 = getfield_gc(p4, descr=<FieldP pyrlang.interpreter.interp.Process.inst_y_reg 80>)
debug_merge_point(0, 0, '22 gc_bif2 L0. 1. 1. y(0). x(0). x(0)')
+129: i25 = getfield_gc(p24, descr=<FieldS pyrlang.interpreter.register.Y_Register.inst_val_top 40>)
+134: p26 = getfield_gc(p24, descr=<FieldP pyrlang.interpreter.register.Y_Register.inst_vals 48>)
+139: p27 = getarrayitem_gc(p26, i25, descr=<ArrayP 8>)
+144: p28 = getfield_gc(p4, descr=<FieldP pyrlang.interpreter.interp.Process.inst_x_reg 72>)
+148: i29 = ptr_eq(p28, p3)
guard_true(i29, descr=<Guard0x1018acd30>) [i0, p3, p4, p28, p6, p7, p8, p9, p10, p11, p12, p13, p14, p15, p16, p17, p18, p19, i21, i20, p27]
+161: guard_class(p27, ConstClass(W_IntObject), descr=<Guard0x1018accd8>) [i0, p3, p4, p27, p6, p7, p8, p9, p10, p11, p12, p13, p14, p15, p16, p17, p18, p19, i21, i20, None]
+173: i32 = getfield_gc_pure(p27, descr=<FieldS pyrlang.interpreter.datatypes.number.W_IntObject.inst_intval 8>)
+177: i33 = int_add_ovf(i32, i20)
guard_no_overflow(descr=<Guard0x1018acc80>) [i0, p3, p4, i33, p27, p6, p7, p8, p9, p10, p11, p12, p13, p14, p15, p16, p17, p18, p19, i21, i20, None]
debug_merge_point(0, 0, '23 deallocate 1')
+186: i35 = int_sub(i25, 1)
debug_merge_point(0, 0, '24 return ')
+190: i36 = getfield_gc(p24, descr=<FieldS pyrlang.interpreter.register.Y_Register.inst_addr_top 16>)
+195: setfield_gc(p24, i35, descr=<FieldS pyrlang.interpreter.register.Y_Register.inst_val_top 40>)
+200: i38 = int_eq(i36, -1)
guard_false(i38, descr=<Guard0x1018acc28>) [i0, p24, p3, p4, p6, p7, p8, p9, p10, p11, p12, p13, p14, p15, p16, p17, p18, p19, i33, i21, None, None]
+210: p39 = getfield_gc(p24, descr=<FieldP pyrlang.interpreter.register.Y_Register.inst_addrs 24>)
+215: i41 = int_lt(i36, 0)
guard_false(i41, descr=<Guard0x1018acbd0>) [i36, i0, p24, p39, p3, p4, p6, p7, p8, p9, p10, p11, p12, p13, p14, p15, p16, p17, p18, p19, i33, i21, None, None]
+225: p42 = getarrayitem_gc(p39, i36, descr=<ArrayP 8>)
+230: i44 = int_sub(i36, 1)
+234: p45 = getfield_gc_pure(p42, descr=<FieldP tuple2.item0 8>)
+238: i46 = getfield_gc_pure(p42, descr=<FieldS tuple2.item1 16>)
+242: setfield_gc(p24, i44, descr=<FieldS pyrlang.interpreter.register.Y_Register.inst_addr_top 16>)
+247: guard_value(i46, 21, descr=<Guard0x1018acb78>) [i0, i46, p24, p3, p4, p45, p6, p7, p8, p9, p10, p11, p12, p13, p14, p15, p16, p17, p18, p19, i33, i21, None, None]
+257: guard_value(p45, ConstPtr(ptr48), descr=<Guard0x1018acb20>) [i0, p24, p3, p4, p45, p6, p7, p8, p9, p10, p11, p12, p13, p14, p15, p16, p17, p18, p19, i33, i21, None, None]
debug_merge_point(0, 0, '21 line 2')
+276: jump(i0, p4, p3, p24, i33, i21, p6, p7, p8, p9, p10, p11, p12, p13, p14, p15, p16, p17, p18, p19, descr=TargetToken(4302434920))
+304: --end of the loop--
[157cc8df4e1cf4] jit-log-opt-bridge}
[157cc8df684c86] {jit-log-opt-bridge
# bridge out of Guard 0x10077b200 with 4 ops
[i0, i1, p2, p3, p4, p5, p6, p7, p8, p9, p10, p11, p12, p13, p14, p15, p16, p17, p18, p19, i20, i21]
+59: guard_value(i1, 21, descr=<Guard0x1018ace90>) [i0, i1, p2, p3, p4, p5, p6, p7, p8, p9, p10, p11, p12, p13, p14, p15, p16, p17, p18, p19, i21, i20]
+69: guard_value(p5, ConstPtr(ptr23), descr=<Guard0x1018acf40>) [i0, p2, p3, p4, p5, p6, p7, p8, p9, p10, p11, p12, p13, p14, p15, p16, p17, p18, p19, i21, i20]
debug_merge_point(0, 0, '21 line 2')
+88: jump(i0, p4, p3, p2, i20, i21, p6, p7, p8, p9, p10, p11, p12, p13, p14, p15, p16, p17, p18, p19, descr=TargetToken(4302434920))
+128: --end of the loop--
[157cc8df6a03d1] jit-log-opt-bridge}
[157cc8df8998f5] {jit-log-opt-bridge
# bridge out of Guard 0x1018acb78 with 39 ops
[i0, i1, p2, p3, p4, p5, p6, p7, p8, p9, p10, p11, p12, p13, p14, p15, p16, p17, p18, p19, i20, i21]
+59: guard_value(i1, 15, descr=<Guard0x1018ad0a0>) [i0, i1, p2, p3, p4, p5, p6, p7, p8, p9, p10, p11, p12, p13, p14, p15, p16, p17, p18, p19, i21, i20]
+69: guard_value(p5, ConstPtr(ptr23), descr=<Guard0x1018ad3b8>) [i0, p2, p3, p4, p5, p6, p7, p8, p9, p10, p11, p12, p13, p14, p15, p16, p17, p18, p19, i21, i20]
debug_merge_point(0, 0, '15 line 2')
+88: p24 = getfield_gc(p4, descr=<FieldP pyrlang.interpreter.interp.Process.inst_y_reg 80>)
debug_merge_point(0, 0, '16 gc_bif2 L0. 1. 0. y(0). #0. x(1)')
+92: i25 = getfield_gc(p24, descr=<FieldS pyrlang.interpreter.register.Y_Register.inst_val_top 40>)
+96: p26 = getfield_gc(p24, descr=<FieldP pyrlang.interpreter.register.Y_Register.inst_vals 48>)
+100: p27 = getarrayitem_gc(p26, i25, descr=<ArrayP 8>)
+105: guard_class(p27, ConstClass(W_IntObject), descr=<Guard0x1018ad360>) [i0, p3, p4, p27, p6, p7, p8, p9, p10, p11, p12, p13, p14, p15, p16, p17, p18, p19, i21, i20]
+118: i29 = getfield_gc_pure(p27, descr=<FieldS pyrlang.interpreter.datatypes.number.W_IntObject.inst_intval 8>)
+122: i31 = int_sub_ovf(i29, 2)
guard_no_overflow(descr=<Guard0x1018ad308>) [i0, p3, p4, i31, p27, p6, p7, p8, p9, p10, p11, p12, p13, p14, p15, p16, p17, p18, p19, i21, i20]
+132: p32 = getfield_gc(p4, descr=<FieldP pyrlang.interpreter.interp.Process.inst_x_reg 72>)
+136: i33 = ptr_eq(p32, p3)
guard_true(i33, descr=<Guard0x1018ad2b0>) [i0, p3, p4, p32, p6, p7, p8, p9, p10, p11, p12, p13, p14, p15, p16, p17, p18, p19, i31, i21, i20]
debug_merge_point(0, 0, '17 move x(0). y(0)')
+149: i35 = int_lt(i25, 0)
guard_false(i35, descr=<Guard0x1018ad258>) [i0, p3, p4, i25, p26, p6, p7, p8, p9, p10, p11, p12, p13, p14, p15, p16, p17, p18, p19, i31, None, i20]
p38 = new_with_vtable(ConstClass(W_IntObject))
+252: setfield_gc(p38, i20, descr=<FieldS pyrlang.interpreter.datatypes.number.W_IntObject.inst_intval 8>)
+309: setarrayitem_gc(p26, i25, p38, descr=<ArrayP 8>)
debug_merge_point(0, 0, '18 move x(1). x(0)')
debug_merge_point(0, 0, '19 line 2')
debug_merge_point(0, 0, '20 call 1. L2')
+314: i39 = getfield_gc(p24, descr=<FieldS pyrlang.interpreter.register.Y_Register.inst_addr_top 16>)
+318: i41 = int_add(i39, 1)
+323: i42 = getfield_gc(p24, descr=<FieldS pyrlang.interpreter.register.Y_Register.inst_addr_size 8>)
+327: setfield_gc(p24, i41, descr=<FieldS pyrlang.interpreter.register.Y_Register.inst_addr_top 16>)
+331: i43 = int_ge(i41, i42)
guard_false(i43, descr=<Guard0x1018ad200>) [i0, p3, p4, i42, p24, p6, p7, p8, p9, p10, p11, p12, p13, p14, p15, p16, p17, p18, p19, i31]
+340: p44 = getfield_gc(p24, descr=<FieldP pyrlang.interpreter.register.Y_Register.inst_addrs 24>)
+344: i46 = int_lt(i41, 0)
guard_false(i46, descr=<Guard0x1018ad1a8>) [i0, p3, p4, i41, p44, p6, p7, p8, p9, p10, p11, p12, p13, p14, p15, p16, p17, p18, p19, i31]
+397: setarrayitem_gc(p44, i41, ConstPtr(ptr47), descr=<ArrayP 8>)
+412: i49 = int_sub(i0, 1)
debug_merge_point(0, 0, '3 label 2')
p51 = new_with_vtable(ConstClass(W_IntObject))
+435: setfield_gc(p51, i31, descr=<FieldS pyrlang.interpreter.datatypes.number.W_IntObject.inst_intval 8>)
+440: jump(21, i49, 1, p4, p3, p24, p51, p51, p6, p7, p8, p9, p10, p11, p12, p13, p14, p15, p16, p17, p18, p19, descr=TargetToken(4302430240))
+512: --end of the loop--
[157cc8df8d0ce4] jit-log-opt-bridge}
[157d8d0332a67e] {jit-backend-counts
entry 0:1751
TargetToken(4302430240):2971215438
TargetToken(4302430312):15557479717
bridge 4302649128:2971215083
bridge 4302643496:10749953079
bridge 4302395968:1836311556
bridge 4302394120:1134902850
bridge 4302650448:2971213487
entry 1:493
entry 2:272
TargetToken(4302434488):272
TargetToken(4302434560):169
bridge 4302809800:701407993
TargetToken(4302434920):1836309859
bridge 4302811648:433493912
bridge 4320840568:1134901704
[157d8d03352241] jit-backend-counts}
